4.7.0-copy-plus-strict:Total_tx_packets:363982.2
4.7.0-copy-plus-strict:cpu_27:100
4.7.0-copy-plus-strict:enp130s0f0_tx_bytes_phy:4573234334.2
4.7.0-copy-plus-strict:enp4s0f0_rx_bytes_phy:0
4.7.0-copy-plus-strict:enp130s0f1_rx_bytes_phy:4388036968
4.7.0-copy-plus-strict:enp4s0f1_rx_packets:0
4.7.0-copy-plus-strict:enp4s0f0_rx_packets:0
4.7.0-copy-plus-strict:cpu_10:0
4.7.0-copy-plus-strict:cpu_2:0
4.7.0-copy-plus-strict:enp130s0f0_tx_packets_phy:3525466.6
4.7.0-copy-plus-strict:cpu_8:0
4.7.0-copy-plus-strict:Total_tx_bytes_phy:8770109065.8
4.7.0-copy-plus-strict:enp4s0f1_rx_bytes_phy:0
4.7.0-copy-plus-strict:enp4s0f1_rx_packets_phy:0
4.7.0-copy-plus-strict:enp130s0f0_rx_packets_phy:3005290.8
4.7.0-copy-plus-strict:enp130s0f1_tx_packets_phy:2906163.8
4.7.0-copy-plus-strict:cycles:168214473488.2
4.7.0-copy-plus-strict:cpu_14:0
4.7.0-copy-plus-strict:enp4s0f0_rx_bytes:0
4.7.0-copy-plus-strict:enp4s0f1_tx_bytes:0
4.7.0-copy-plus-strict:enp4s0f0_rx_packets_phy:0
4.7.0-copy-plus-strict:16384:87380
4.7.0-copy-plus-strict:cpu_3:97.116
4.7.0-copy-plus-strict:cpu_0:0.76
4.7.0-copy-plus-strict:LLC-store-misses:138375474
4.7.0-copy-plus-strict:cpu_26:0.572
4.7.0-copy-plus-strict:enp130s0f0_rx_bytes:4231944683.6
4.7.0-copy-plus-strict:Total_tx_packets_phy:6431630.4
4.7.0-copy-plus-strict:enp130s0f0_rx_packets:380513.2
4.7.0-copy-plus-strict:Total_rx_packets_phy:5964888.4
4.7.0-copy-plus-strict:cpu_6:0.19
4.7.0-copy-plus-strict:enp4s0f1_rx_bytes:0
4.7.0-copy-plus-strict:cpu_16:0.572
4.7.0-copy-plus-strict:cpu_19:100
4.7.0-copy-plus-strict:enp130s0f1_rx_packets:374207
4.7.0-copy-plus-strict:cpu_22:1.526
4.7.0-copy-plus-strict:enp130s0f1_rx_packets_phy:2959597.6
4.7.0-copy-plus-strict:LLC-load:1782572710.6
4.7.0-copy-plus-strict:cpu_9:100
4.7.0-copy-plus-strict:cpu_23:99.616
4.7.0-copy-plus-strict:Total_tx_bytes:8716158483.4
4.7.0-copy-plus-strict:cpu_25:100
4.7.0-copy-plus-strict:enp130s0f1_tx_bytes_phy:4196874731.6
4.7.0-copy-plus-strict:instructions:27494723698.2
4.7.0-copy-plus-strict:enp4s0f1_tx_packets:0
4.7.0-copy-plus-strict:LLC-load-misses:574138137.2
4.7.0-copy-plus-strict:Total_rx_bytes_phy:8818612169.8
4.7.0-copy-plus-strict:cpu_4:0.384
4.7.0-copy-plus-strict:enp130s0f0_tx_bytes:4532469458.6
4.7.0-copy-plus-strict:cpu_17:100
4.7.0-copy-plus-strict:cpu_7:100
4.7.0-copy-plus-strict:cpu_1:100
4.7.0-copy-plus-strict:cache-references:7320416141.8
4.7.0-copy-plus-strict:cpu_12:0
4.7.0-copy-plus-strict:cpu_18:0.38
4.7.0-copy-plus-strict:cpu_5:100
4.7.0-copy-plus-strict:cpu_24:0.758
4.7.0-copy-plus-strict:enp4s0f1_tx_packets_phy:0
4.7.0-copy-plus-strict:cpu_15:100
4.7.0-copy-plus-strict:cpu_21:100
4.7.0-copy-plus-strict:cpu_20:0.954
4.7.0-copy-plus-strict:cpu_total:50.026
4.7.0-copy-plus-strict:cache-misses:1253350247
4.7.0-copy-plus-strict:enp130s0f1_rx_bytes:4203718060.4
4.7.0-copy-plus-strict:cpu_13:100
4.7.0-copy-plus-strict:enp4s0f0_tx_packets:0
4.7.0-copy-plus-strict:enp130s0f1_tx_packets:178829.4
4.7.0-copy-plus-strict:cpu_11:100
4.7.0-copy-plus-strict:enp4s0f0_tx_bytes_phy:0
4.7.0-copy-plus-strict:enp4s0f1_tx_bytes_phy:0
4.7.0-copy-plus-strict:Total_rx_packets:754720.2
4.7.0-copy-plus-strict:enp130s0f0_rx_bytes_phy:4430575201.8
4.7.0-copy-plus-strict:enp4s0f0_tx_bytes:0
4.7.0-copy-plus-strict:enp130s0f1_tx_bytes:4183689024.8
4.7.0-copy-plus-strict:LLC-store:2697714923.4
4.7.0-copy-plus-strict:enp130s0f0_tx_packets:185152.8
4.7.0-copy-plus-strict:enp4s0f0_tx_packets_phy:0
4.7.0-copy-plus-strict:Total_rx_bytes:8435662744
4.7.0-damn-strict:TOTAL_l3hit:0.262
4.7.0-damn-strict:Memory:46874.06
4.7.0-damn-strict:16384:87380
4.7.0-damn-strict:enp4s0f0_rx_bytes:0
4.7.0-damn-strict:cycles:115472808299
4.7.0-damn-strict:cpu_14:0
4.7.0-damn-strict:TOTAL_l2miss:1420600000
4.7.0-damn-strict:enp4s0f0_rx_packets_phy:0
4.7.0-damn-strict:enp4s0f1_tx_bytes:0
4.7.0-damn-strict:TOTAL_ipc:0.342
4.7.0-damn-strict:enp4s0f1_rx_bytes_phy:0
4.7.0-damn-strict:enp4s0f1_rx_packets_phy:0
4.7.0-damn-strict:Total_tx_bytes_phy:9493499665
4.7.0-damn-strict:cpu_8:0.194
4.7.0-damn-strict:enp130s0f0_rx_packets_phy:2968336.8
4.7.0-damn-strict:enp130s0f1_tx_packets_phy:3164843.8
4.7.0-damn-strict:enp130s0f0_tx_packets_phy:3960247.4
4.7.0-damn-strict:cpu_2:0.194
4.7.0-damn-strict:cpu_10:0.388
4.7.0-damn-strict:enp4s0f0_rx_packets:0
4.7.0-damn-strict:enp4s0f0_rx_bytes_phy:0
4.7.0-damn-strict:enp130s0f1_rx_bytes_phy:4284185841.2
4.7.0-damn-strict:enp4s0f1_rx_packets:0
4.7.0-damn-strict:Total_tx_packets:530793.6
4.7.0-damn-strict:enp130s0f0_tx_bytes_phy:5041143439.2
4.7.0-damn-strict:TOTAL_l2mpi:0.034
4.7.0-damn-strict:cpu_27:68.952
4.7.0-damn-strict:LLC-load:1180673869
4.7.0-damn-strict:enp130s0f1_rx_packets_phy:2910814.6
4.7.0-damn-strict:cpu_22:0.388
4.7.0-damn-strict:TOTAL_l3mpi:0.028
4.7.0-damn-strict:SKT0_l2mpi:0.028
4.7.0-damn-strict:enp130s0f1_rx_packets:834363.6
4.7.0-damn-strict:cpu_19:54.688
4.7.0-damn-strict:enp130s0f0_rx_packets:815934.6
4.7.0-damn-strict:Total_rx_packets_phy:5879151.4
4.7.0-damn-strict:Total_tx_packets_phy:7125091.2
4.7.0-damn-strict:cpu_16:0.194
4.7.0-damn-strict:enp4s0f1_rx_bytes:0
4.7.0-damn-strict:SKT0_l2hit:0.098
4.7.0-damn-strict:cpu_6:0
4.7.0-damn-strict:cpu_26:0
4.7.0-damn-strict:enp130s0f0_rx_bytes:4127607218.6
4.7.0-damn-strict:SKT1_ipc:0.342
4.7.0-damn-strict:LLC-store-misses:126010983.8
4.7.0-damn-strict:SKT0_l3hit:0.842
4.7.0-damn-strict:cpu_0:0.388
4.7.0-damn-strict:cpu_3:53.314
4.7.0-damn-strict:cache-misses:1014345485.2
4.7.0-damn-strict:Read:27945.55
4.7.0-damn-strict:enp130s0f1_rx_bytes:4134456493
4.7.0-damn-strict:enp4s0f0_tx_packets:0
4.7.0-damn-strict:cpu_13:57.798
4.7.0-damn-strict:cpu_20:0.972
4.7.0-damn-strict:cpu_total:32.702
4.7.0-damn-strict:cpu_21:65.478
4.7.0-damn-strict:Write:18928.51
4.7.0-damn-strict:cpu_18:0
4.7.0-damn-strict:SKT1_l3hit:0.26
4.7.0-damn-strict:SKT1_l2hit:0.308
4.7.0-damn-strict:cpu_15:75.976
4.7.0-damn-strict:enp4s0f1_tx_packets_phy:0
4.7.0-damn-strict:cpu_24:0.194
4.7.0-damn-strict:TOTAL_l2hit:0.308
4.7.0-damn-strict:cpu_5:67.208
4.7.0-damn-strict:cache-references:4478195156.2
4.7.0-damn-strict:cpu_1:72.294
4.7.0-damn-strict:cpu_12:0.194
4.7.0-damn-strict:SKT0_l3miss:942400
4.7.0-damn-strict:cpu_4:0
4.7.0-damn-strict:Total_rx_bytes_phy:8565788744.6
4.7.0-damn-strict:enp130s0f0_tx_bytes:4996710253.2
4.7.0-damn-strict:cpu_7:64.612
4.7.0-damn-strict:cpu_17:56.86
4.7.0-damn-strict:LLC-load-misses:491742796.2
4.7.0-damn-strict:SKT0_l2miss:5634400
4.7.0-damn-strict:Total_tx_bytes:9433449921.2
4.7.0-damn-strict:SKT1_l3mpi:0.028
4.7.0-damn-strict:enp4s0f1_tx_packets:0
4.7.0-damn-strict:instructions:39359688476.4
4.7.0-damn-strict:enp130s0f1_tx_bytes_phy:4452356225.8
4.7.0-damn-strict:cpu_25:76.552
4.7.0-damn-strict:cpu_9:75.622
4.7.0-damn-strict:cpu_23:60.748
4.7.0-damn-strict:Total_rx_bytes:8262063711.6
4.7.0-damn-strict:enp4s0f0_tx_packets_phy:0
4.7.0-damn-strict:SKT1_l2miss:1415000000
4.7.0-damn-strict:enp130s0f0_tx_packets:265521.4
4.7.0-damn-strict:TOTAL_l3miss:1048600000
4.7.0-damn-strict:SKT0_ipc:0.532
4.7.0-damn-strict:enp130s0f1_tx_bytes:4436739668
4.7.0-damn-strict:LLC-store:1472103202.8
4.7.0-damn-strict:SKT1_l2mpi:0.034
4.7.0-damn-strict:enp4s0f0_tx_bytes:0
4.7.0-damn-strict:enp4s0f1_tx_bytes_phy:0
4.7.0-damn-strict:SKT1_l3miss:1047400000
4.7.0-damn-strict:Total_rx_packets:1650298.2
4.7.0-damn-strict:enp130s0f0_rx_bytes_phy:4281602903.4
4.7.0-damn-strict:cpu_11:65.21
4.7.0-damn-strict:enp4s0f0_tx_bytes_phy:0
4.7.0-damn-strict:SKT0_l3mpi:0
4.7.0-damn-strict:enp130s0f1_tx_packets:265272.2
4.7.0-deff:cpu_21:76.448
4.7.0-deff:Write:20911.542
4.7.0-deff:cpu_total:36.948
4.7.0-deff:cpu_20:0
4.7.0-deff:enp130s0f1_rx_bytes:4528633270.4
4.7.0-deff:Read:29027.376
4.7.0-deff:cache-misses:1119201182.2
4.7.0-deff:cpu_13:62.63
4.7.0-deff:enp4s0f0_tx_packets:0
4.7.0-deff:cpu_1:86.776
4.7.0-deff:cache-references:4965932663.6
4.7.0-deff:cpu_12:0.194
4.7.0-deff:SKT0_l3miss:1026200
4.7.0-deff:SKT1_l3hit:0.276
4.7.0-deff:SKT1_l2hit:0.31
4.7.0-deff:cpu_18:0.388
4.7.0-deff:TOTAL_l2hit:0.31
4.7.0-deff:cpu_5:74.118
4.7.0-deff:cpu_24:0
4.7.0-deff:cpu_15:77.048
4.7.0-deff:enp4s0f1_tx_packets_phy:0
4.7.0-deff:SKT0_l2miss:6539400
4.7.0-deff:LLC-load-misses:511172532.6
4.7.0-deff:Total_rx_bytes_phy:9785799695.2
4.7.0-deff:cpu_4:0.194
4.7.0-deff:cpu_17:73.152
4.7.0-deff:enp130s0f0_tx_bytes:5253898330
4.7.0-deff:cpu_7:73.142
4.7.0-deff:cpu_9:78.056
4.7.0-deff:cpu_23:68.058
4.7.0-deff:Total_tx_bytes:9731845971.6
4.7.0-deff:enp130s0f1_tx_bytes_phy:4491204279.6
4.7.0-deff:cpu_25:79.932
4.7.0-deff:SKT1_l3mpi:0.02
4.7.0-deff:instructions:56136545740.4
4.7.0-deff:enp4s0f1_tx_packets:0
4.7.0-deff:enp4s0f0_tx_packets_phy:0
4.7.0-deff:SKT1_l2miss:1546000000
4.7.0-deff:Total_rx_bytes:9395801695.8
4.7.0-deff:enp130s0f1_tx_bytes:4477947641.6
4.7.0-deff:SKT1_l2mpi:0.03
4.7.0-deff:LLC-store:1605521220.2
4.7.0-deff:enp130s0f0_tx_packets:233842.4
4.7.0-deff:TOTAL_l3miss:1122400000
4.7.0-deff:SKT0_ipc:0.546
4.7.0-deff:enp4s0f1_tx_bytes_phy:0
4.7.0-deff:SKT1_l3miss:1121200000
4.7.0-deff:enp130s0f0_rx_bytes_phy:5079532753.4
4.7.0-deff:Total_rx_packets:1370162
4.7.0-deff:enp4s0f0_tx_bytes:0
4.7.0-deff:enp130s0f1_tx_packets:243872.6
4.7.0-deff:SKT0_l3mpi:0
4.7.0-deff:cpu_11:73.394
4.7.0-deff:enp4s0f0_tx_bytes_phy:0
4.7.0-deff:16384:87380
4.7.0-deff:TOTAL_l3hit:0.278
4.7.0-deff:Memory:49938.918
4.7.0-deff:cpu_8:0.194
4.7.0-deff:Total_tx_bytes_phy:9783028766.6
4.7.0-deff:enp4s0f1_rx_packets_phy:0
4.7.0-deff:enp4s0f1_rx_bytes_phy:0
4.7.0-deff:enp130s0f0_rx_packets_phy:3482711.2
4.7.0-deff:enp130s0f1_tx_packets_phy:3142302.8
4.7.0-deff:TOTAL_l2miss:1552200000
4.7.0-deff:cycles:128293982736.4
4.7.0-deff:enp4s0f0_rx_bytes:0
4.7.0-deff:cpu_14:0.582
4.7.0-deff:enp4s0f1_tx_bytes:0
4.7.0-deff:TOTAL_ipc:0.438
4.7.0-deff:enp4s0f0_rx_packets_phy:0
4.7.0-deff:enp4s0f0_rx_packets:0
4.7.0-deff:cpu_2:0
4.7.0-deff:cpu_10:0.388
4.7.0-deff:enp130s0f0_tx_packets_phy:4008250.4
4.7.0-deff:Total_tx_packets:477715
4.7.0-deff:cpu_27:63.232
4.7.0-deff:enp130s0f0_tx_bytes_phy:5291824487
4.7.0-deff:TOTAL_l2mpi:0.03
4.7.0-deff:enp4s0f0_rx_bytes_phy:0
4.7.0-deff:enp130s0f1_rx_bytes_phy:4706266941.8
4.7.0-deff:enp4s0f1_rx_packets:0
4.7.0-deff:cpu_22:0.194
4.7.0-deff:TOTAL_l3mpi:0.02
4.7.0-deff:enp130s0f1_rx_packets_phy:3194759
4.7.0-deff:LLC-load:1299658429.8
4.7.0-deff:cpu_19:66.152
4.7.0-deff:SKT0_l2mpi:0.028
4.7.0-deff:enp130s0f1_rx_packets:733927.4
4.7.0-deff:cpu_26:0
4.7.0-deff:SKT1_ipc:0.438
4.7.0-deff:enp130s0f0_rx_bytes:4867168425.4
4.7.0-deff:Total_tx_packets_phy:7150553.2
4.7.0-deff:enp130s0f0_rx_packets:636234.6
4.7.0-deff:Total_rx_packets_phy:6677470.2
4.7.0-deff:SKT0_l2hit:0.07
4.7.0-deff:cpu_6:0.194
4.7.0-deff:cpu_16:0.776
4.7.0-deff:enp4s0f1_rx_bytes:0
4.7.0-deff:SKT0_l3hit:0.85
4.7.0-deff:cpu_3:82.426
4.7.0-deff:cpu_0:0
4.7.0-deff:LLC-store-misses:125949300.4
4.7.0-strict:cpu_23:100
4.7.0-strict:cpu_9:100
4.7.0-strict:SKT1_l3mpi:0.012
4.7.0-strict:enp4s0f1_tx_packets:0
4.7.0-strict:instructions:50866630357.6
4.7.0-strict:enp130s0f1_tx_bytes_phy:3509718905.8
4.7.0-strict:cpu_25:100
4.7.0-strict:Total_tx_bytes:6322110711.6
4.7.0-strict:LLC-load-misses:384834656.6
4.7.0-strict:SKT0_l2miss:8008600
4.7.0-strict:enp130s0f0_tx_bytes:2838727021.8
4.7.0-strict:cpu_7:100
4.7.0-strict:cpu_17:100
4.7.0-strict:cpu_4:0.564
4.7.0-strict:Total_rx_bytes_phy:7402860808.8
4.7.0-strict:cpu_12:0.754
4.7.0-strict:SKT0_l3miss:811800
4.7.0-strict:cpu_1:100
4.7.0-strict:cache-references:3151773244
4.7.0-strict:enp4s0f1_tx_packets_phy:0
4.7.0-strict:cpu_15:100
4.7.0-strict:TOTAL_l2hit:0.272
4.7.0-strict:cpu_5:100
4.7.0-strict:cpu_24:0
4.7.0-strict:cpu_18:0.374
4.7.0-strict:SKT1_l2hit:0.272
4.7.0-strict:SKT1_l3hit:0.25
4.7.0-strict:cpu_20:0.378
4.7.0-strict:cpu_total:50.12
4.7.0-strict:cpu_21:100
4.7.0-strict:Write:10717.49
4.7.0-strict:enp4s0f0_tx_packets:0
4.7.0-strict:cpu_13:100
4.7.0-strict:cache-misses:725459404.8
4.7.0-strict:Read:13757.996
4.7.0-strict:enp130s0f1_rx_bytes:3906603084.2
4.7.0-strict:SKT0_l3mpi:0
4.7.0-strict:enp130s0f1_tx_packets:121546
4.7.0-strict:enp4s0f0_tx_bytes_phy:0
4.7.0-strict:cpu_11:100
4.7.0-strict:SKT1_l3miss:736600000
4.7.0-strict:enp130s0f0_rx_bytes_phy:3300522431.4
4.7.0-strict:Total_rx_packets:414098
4.7.0-strict:enp4s0f1_tx_bytes_phy:0
4.7.0-strict:enp4s0f0_tx_bytes:0
4.7.0-strict:LLC-store:1110166103
4.7.0-strict:SKT1_l2mpi:0.02
4.7.0-strict:enp130s0f1_tx_bytes:3483383689.8
4.7.0-strict:TOTAL_l3miss:737400000
4.7.0-strict:SKT0_ipc:0.594
4.7.0-strict:enp130s0f0_tx_packets:95399.4
4.7.0-strict:SKT1_l2miss:982200000
4.7.0-strict:enp4s0f0_tx_packets_phy:0
4.7.0-strict:Total_rx_bytes:7069888400.4
4.7.0-strict:TOTAL_l2mpi:0.02
4.7.0-strict:enp130s0f0_tx_bytes_phy:2841622096.6
4.7.0-strict:cpu_27:100
4.7.0-strict:Total_tx_packets:216945.4
4.7.0-strict:enp4s0f1_rx_packets:0
4.7.0-strict:enp130s0f1_rx_bytes_phy:4102338377.4
4.7.0-strict:enp4s0f0_rx_bytes_phy:0
4.7.0-strict:cpu_10:0.19
4.7.0-strict:cpu_2:0.176
4.7.0-strict:enp4s0f0_rx_packets:0
4.7.0-strict:enp130s0f0_tx_packets_phy:2147081.4
4.7.0-strict:enp130s0f1_tx_packets_phy:2399402
4.7.0-strict:enp130s0f0_rx_packets_phy:2228059.8
4.7.0-strict:enp4s0f1_rx_bytes_phy:0
4.7.0-strict:enp4s0f1_rx_packets_phy:0
4.7.0-strict:cpu_8:0.186
4.7.0-strict:Total_tx_bytes_phy:6351341002.4
4.7.0-strict:enp4s0f0_rx_packets_phy:0
4.7.0-strict:enp4s0f1_tx_bytes:0
4.7.0-strict:TOTAL_ipc:0.3
4.7.0-strict:enp4s0f0_rx_bytes:0
4.7.0-strict:cycles:168531780457.4
4.7.0-strict:cpu_14:0.55
4.7.0-strict:TOTAL_l2miss:989800000
4.7.0-strict:16384:87380
4.7.0-strict:TOTAL_l3hit:0.256
4.7.0-strict:Memory:24475.49
4.7.0-strict:cpu_0:0.912
4.7.0-strict:cpu_3:100
4.7.0-strict:SKT0_l3hit:0.898
4.7.0-strict:LLC-store-misses:39945913.4
4.7.0-strict:SKT1_ipc:0.3
4.7.0-strict:enp130s0f0_rx_bytes:3163285316.2
4.7.0-strict:cpu_26:0
4.7.0-strict:enp4s0f1_rx_bytes:0
4.7.0-strict:cpu_16:0
4.7.0-strict:cpu_6:0.364
4.7.0-strict:SKT0_l2hit:0.056
4.7.0-strict:enp130s0f0_rx_packets:192169.8
4.7.0-strict:Total_rx_packets_phy:4985351.8
4.7.0-strict:Total_tx_packets_phy:4546483.4
4.7.0-strict:cpu_19:100
4.7.0-strict:enp130s0f1_rx_packets:221928.2
4.7.0-strict:SKT0_l2mpi:0.028
4.7.0-strict:cpu_22:0.188
4.7.0-strict:TOTAL_l3mpi:0.012
4.7.0-strict:LLC-load:840219730.2
4.7.0-strict:enp130s0f1_rx_packets_phy:2757292
4.7.0-unsafe:16384:87380
4.7.0-unsafe:TOTAL_l3hit:0.274
4.7.0-unsafe:Memory:51675.12
4.7.0-unsafe:enp4s0f1_rx_packets_phy:0
4.7.0-unsafe:enp4s0f1_rx_bytes_phy:0
4.7.0-unsafe:Total_tx_bytes_phy:10131973294.6
4.7.0-unsafe:cpu_8:0.388
4.7.0-unsafe:enp130s0f1_tx_packets_phy:3237338.8
4.7.0-unsafe:enp130s0f0_rx_packets_phy:4226870.8
4.7.0-unsafe:cpu_14:0.386
4.7.0-unsafe:cycles:122790330811.8
4.7.0-unsafe:enp4s0f0_rx_bytes:0
4.7.0-unsafe:TOTAL_l2miss:1550600000
4.7.0-unsafe:enp4s0f0_rx_packets_phy:0
4.7.0-unsafe:TOTAL_ipc:0.34
4.7.0-unsafe:enp4s0f1_tx_bytes:0
4.7.0-unsafe:cpu_10:0.388
4.7.0-unsafe:cpu_2:0
4.7.0-unsafe:enp4s0f0_rx_packets:0
4.7.0-unsafe:enp130s0f0_tx_packets_phy:4099286.8
4.7.0-unsafe:Total_tx_packets:501709.6
4.7.0-unsafe:enp130s0f0_tx_bytes_phy:5478845362.4
4.7.0-unsafe:TOTAL_l2mpi:0.04
4.7.0-unsafe:cpu_27:77.142
4.7.0-unsafe:enp130s0f1_rx_bytes_phy:4852761934.4
4.7.0-unsafe:enp4s0f0_rx_bytes_phy:0
4.7.0-unsafe:enp4s0f1_rx_packets:0
4.7.0-unsafe:cpu_22:0
4.7.0-unsafe:TOTAL_l3mpi:0.03
4.7.0-unsafe:LLC-load:1333850608
4.7.0-unsafe:enp130s0f1_rx_packets_phy:3283636.6
4.7.0-unsafe:cpu_19:68.62
4.7.0-unsafe:SKT0_l2mpi:0.028
4.7.0-unsafe:enp130s0f1_rx_packets:966153.6
4.7.0-unsafe:cpu_26:0
4.7.0-unsafe:SKT1_ipc:0.34
4.7.0-unsafe:enp130s0f0_rx_bytes:5946924566.2
4.7.0-unsafe:enp130s0f0_rx_packets:773700.6
4.7.0-unsafe:Total_rx_packets_phy:7510507.4
4.7.0-unsafe:Total_tx_packets_phy:7336625.6
4.7.0-unsafe:cpu_16:0.58
4.7.0-unsafe:enp4s0f1_rx_bytes:0
4.7.0-unsafe:SKT0_l2hit:0.082
4.7.0-unsafe:cpu_6:0
4.7.0-unsafe:SKT0_l3hit:0.834
4.7.0-unsafe:cpu_0:0.388
4.7.0-unsafe:cpu_3:63.796
4.7.0-unsafe:LLC-store-misses:129237622.8
4.7.0-unsafe:cpu_20:0.386
4.7.0-unsafe:cpu_total:35.43
4.7.0-unsafe:Write:22193.034
4.7.0-unsafe:cpu_21:71.342
4.7.0-unsafe:enp130s0f1_rx_bytes:4685050710
4.7.0-unsafe:Read:29482.084
4.7.0-unsafe:cache-misses:1119039815.2
4.7.0-unsafe:enp4s0f0_tx_packets:0
4.7.0-unsafe:cpu_13:74.23
4.7.0-unsafe:cpu_1:74.952
4.7.0-unsafe:cache-references:5202764732.6
4.7.0-unsafe:SKT0_l3miss:897400
4.7.0-unsafe:cpu_12:0.388
4.7.0-unsafe:cpu_18:0.194
4.7.0-unsafe:SKT1_l2hit:0.312
4.7.0-unsafe:SKT1_l3hit:0.27
4.7.0-unsafe:enp4s0f1_tx_packets_phy:0
4.7.0-unsafe:cpu_15:68.04
4.7.0-unsafe:TOTAL_l2hit:0.312
4.7.0-unsafe:cpu_5:66.626
4.7.0-unsafe:cpu_24:0
4.7.0-unsafe:LLC-load-misses:524463630.8
4.7.0-unsafe:SKT0_l2miss:5084000
4.7.0-unsafe:cpu_4:0.194
4.7.0-unsafe:Total_rx_bytes_phy:11044307999.8
4.7.0-unsafe:cpu_17:68.606
4.7.0-unsafe:enp130s0f0_tx_bytes:5442682398.2
4.7.0-unsafe:cpu_7:76.964
4.7.0-unsafe:cpu_9:74.44
4.7.0-unsafe:cpu_23:71.508
4.7.0-unsafe:Total_tx_bytes:10081482400.6
4.7.0-unsafe:SKT1_l3mpi:0.03
4.7.0-unsafe:enp4s0f1_tx_packets:0
4.7.0-unsafe:instructions:42115007227
4.7.0-unsafe:cpu_25:66.454
4.7.0-unsafe:enp130s0f1_tx_bytes_phy:4653127932.2
4.7.0-unsafe:enp4s0f0_tx_packets_phy:0
4.7.0-unsafe:SKT1_l2miss:1545400000
4.7.0-unsafe:Total_rx_bytes:10631975276.2
4.7.0-unsafe:enp130s0f1_tx_bytes:4638800002.4
4.7.0-unsafe:LLC-store:1715802170
4.7.0-unsafe:SKT1_l2mpi:0.04
4.7.0-unsafe:enp130s0f0_tx_packets:258402.8
4.7.0-unsafe:SKT0_ipc:0.53
4.7.0-unsafe:TOTAL_l3miss:1128400000
4.7.0-unsafe:enp4s0f1_tx_bytes_phy:0
4.7.0-unsafe:SKT1_l3miss:1127400000
4.7.0-unsafe:enp130s0f0_rx_bytes_phy:6191546065.4
4.7.0-unsafe:Total_rx_packets:1739854.2
4.7.0-unsafe:enp4s0f0_tx_bytes:0
4.7.0-unsafe:SKT0_l3mpi:0.004
4.7.0-unsafe:enp130s0f1_tx_packets:243306.8
4.7.0-unsafe:cpu_11:67.46
4.7.0-unsafe:enp4s0f0_tx_bytes_phy:0
4.8.0-unsafe:enp130s0f1_tx_bytes:4651048111
4.8.0-unsafe:SKT1_l2mpi:0.04
4.8.0-unsafe:LLC-store:1713095998.4
4.8.0-unsafe:enp130s0f0_tx_packets:248093.4
4.8.0-unsafe:SKT0_ipc:0.57
4.8.0-unsafe:TOTAL_l3miss:1122200000
4.8.0-unsafe:enp4s0f0_tx_packets_phy:0
4.8.0-unsafe:SKT1_l2miss:1527800000
4.8.0-unsafe:Total_rx_bytes:10576422783
4.8.0-unsafe:enp130s0f1_tx_packets:233677.6
4.8.0-unsafe:SKT0_l3mpi:0
4.8.0-unsafe:cpu_11:73.146
4.8.0-unsafe:enp4s0f0_tx_bytes_phy:0
4.8.0-unsafe:enp4s0f1_tx_bytes_phy:0
4.8.0-unsafe:Total_rx_packets:1425775
4.8.0-unsafe:SKT1_l3miss:1121000000
4.8.0-unsafe:enp130s0f0_rx_bytes_phy:6145564850.8
4.8.0-unsafe:enp4s0f0_tx_bytes:0
4.8.0-unsafe:cpu_1:63.796
4.8.0-unsafe:cache-references:5159279120
4.8.0-unsafe:SKT0_l3miss:1161600
4.8.0-unsafe:cpu_12:0.388
4.8.0-unsafe:SKT1_l3hit:0.264
4.8.0-unsafe:SKT1_l2hit:0.306
4.8.0-unsafe:cpu_18:0.388
4.8.0-unsafe:TOTAL_l2hit:0.306
4.8.0-unsafe:cpu_5:66.322
4.8.0-unsafe:cpu_24:0.194
4.8.0-unsafe:enp4s0f1_tx_packets_phy:0
4.8.0-unsafe:cpu_15:79.546
4.8.0-unsafe:Write:22316.216
4.8.0-unsafe:cpu_21:61.486
4.8.0-unsafe:cpu_20:0.194
4.8.0-unsafe:cpu_total:34.1
4.8.0-unsafe:cache-misses:1115217293
4.8.0-unsafe:Read:29602.242
4.8.0-unsafe:enp130s0f1_rx_bytes:4680335960.8
4.8.0-unsafe:cpu_13:64.786
4.8.0-unsafe:enp4s0f0_tx_packets:0
4.8.0-unsafe:cpu_9:71.204
4.8.0-unsafe:cpu_23:68.286
4.8.0-unsafe:Total_tx_bytes:10236009482.4
4.8.0-unsafe:cpu_25:69.076
4.8.0-unsafe:enp130s0f1_tx_bytes_phy:4664202040.4
4.8.0-unsafe:SKT1_l3mpi:0.03
4.8.0-unsafe:enp4s0f1_tx_packets:0
4.8.0-unsafe:instructions:41690093421.6
4.8.0-unsafe:SKT0_l2miss:6592600
4.8.0-unsafe:LLC-load-misses:521429582.2
4.8.0-unsafe:Total_rx_bytes_phy:11009285048.4
4.8.0-unsafe:cpu_4:0.194
4.8.0-unsafe:cpu_17:73.162
4.8.0-unsafe:enp130s0f0_tx_bytes:5584961371.4
4.8.0-unsafe:cpu_7:66.16
4.8.0-unsafe:cpu_19:59.52
4.8.0-unsafe:SKT0_l2mpi:0.03
4.8.0-unsafe:enp130s0f1_rx_packets:714910.8
4.8.0-unsafe:TOTAL_l3mpi:0.03
4.8.0-unsafe:cpu_22:0.388
4.8.0-unsafe:enp130s0f1_rx_packets_phy:3292878.2
4.8.0-unsafe:LLC-load:1334214770.6
4.8.0-unsafe:SKT0_l3hit:0.824
4.8.0-unsafe:cpu_3:70.408
4.8.0-unsafe:cpu_0:0.388
4.8.0-unsafe:LLC-store-misses:129302116.8
4.8.0-unsafe:cpu_26:0.194
4.8.0-unsafe:SKT1_ipc:0.342
4.8.0-unsafe:enp130s0f0_rx_bytes:5896086822.2
4.8.0-unsafe:Total_tx_packets_phy:7354528
4.8.0-unsafe:enp130s0f0_rx_packets:710864.2
4.8.0-unsafe:Total_rx_packets_phy:7510625.6
4.8.0-unsafe:cpu_6:0
4.8.0-unsafe:SKT0_l2hit:0.086
4.8.0-unsafe:enp4s0f1_rx_bytes:0
4.8.0-unsafe:cpu_16:0.388
4.8.0-unsafe:cpu_8:0.388
4.8.0-unsafe:Total_tx_bytes_phy:10282112950.4
4.8.0-unsafe:enp4s0f1_rx_packets_phy:0
4.8.0-unsafe:enp4s0f1_rx_bytes_phy:0
4.8.0-unsafe:enp130s0f0_rx_packets_phy:4217747.4
4.8.0-unsafe:enp130s0f1_tx_packets_phy:3234282.6
4.8.0-unsafe:TOTAL_l2miss:1534600000
4.8.0-unsafe:cpu_14:0.388
4.8.0-unsafe:cycles:121842376740.6
4.8.0-unsafe:enp4s0f0_rx_bytes:0
4.8.0-unsafe:TOTAL_ipc:0.342
4.8.0-unsafe:enp4s0f1_tx_bytes:0
4.8.0-unsafe:enp4s0f0_rx_packets_phy:0
4.8.0-unsafe:16384:87380
4.8.0-unsafe:Memory:51918.46
4.8.0-unsafe:TOTAL_l3hit:0.268
4.8.0-unsafe:Total_tx_packets:481771
4.8.0-unsafe:cpu_27:64.384
4.8.0-unsafe:enp130s0f0_tx_bytes_phy:5617910910
4.8.0-unsafe:TOTAL_l2mpi:0.04
4.8.0-unsafe:enp4s0f0_rx_bytes_phy:0
4.8.0-unsafe:enp130s0f1_rx_bytes_phy:4863720197.6
4.8.0-unsafe:enp4s0f1_rx_packets:0
4.8.0-unsafe:enp4s0f0_rx_packets:0
4.8.0-unsafe:cpu_2:0.194
4.8.0-unsafe:cpu_10:0.97
4.8.0-unsafe:enp130s0f0_tx_packets_phy:4120245.4
