4.7.0-copy-plus-strict:Total_tx_queue_stopped:0
4.7.0-copy-plus-strict:TOTAL_l2mpi:0.184
4.7.0-copy-plus-strict:cpu_1:0
4.7.0-copy-plus-strict:SKT0_l3mpi:0.128
4.7.0-copy-plus-strict:enp130s0f0_tx_packets:11302.2
4.7.0-copy-plus-strict:16384:87380
4.7.0-copy-plus-strict:TOTAL_l3hit:0.34
4.7.0-copy-plus-strict:cpu_20:0
4.7.0-copy-plus-strict:enp130s0f1_tx_queue_stopped:0
4.7.0-copy-plus-strict:cpu_11:0.196
4.7.0-copy-plus-strict:Write:5940.44
4.7.0-copy-plus-strict:cpu_12:0
4.7.0-copy-plus-strict:enp4s0f0_tx_packets:0
4.7.0-copy-plus-strict:SKT1_l2miss:1023000
4.7.0-copy-plus-strict:enp4s0f1_rx_bytes:0
4.7.0-copy-plus-strict:SKT1_l3hit:0.822
4.7.0-copy-plus-strict:cpu_15:0
4.7.0-copy-plus-strict:Read:3450.49
4.7.0-copy-plus-strict:cpu_27:0
4.7.0-copy-plus-strict:cpu_25:0
4.7.0-copy-plus-strict:TOTAL_l3mpi:0.122
4.7.0-copy-plus-strict:enp130s0f1_tx_packets:0
4.7.0-copy-plus-strict:enp130s0f0_rx_bytes_phy:3017246018.6
4.7.0-copy-plus-strict:enp130s0f0_tx_queue_stopped:0
4.7.0-copy-plus-strict:SKT0_l2mpi:0.19
4.7.0-copy-plus-strict:enp4s0f1_tx_bytes_phy:0
4.7.0-copy-plus-strict:cpu_2:100
4.7.0-copy-plus-strict:cpu_3:0
4.7.0-copy-plus-strict:enp4s0f1_rx_packets:0
4.7.0-copy-plus-strict:cpu_24:0
4.7.0-copy-plus-strict:Total_tx_packets:11302.2
4.7.0-copy-plus-strict:Total_rx_packets_phy:334721.6
4.7.0-copy-plus-strict:cpu_14:0
4.7.0-copy-plus-strict:enp130s0f0_rx_packets:50211.2
4.7.0-copy-plus-strict:enp4s0f1_rx_packets_phy:0
4.7.0-copy-plus-strict:cpu_21:0
4.7.0-copy-plus-strict:SKT0_l2miss:288000000
4.7.0-copy-plus-strict:enp4s0f0_tx_packets_phy:0
4.7.0-copy-plus-strict:Total_rx_bytes:2997185118.2
4.7.0-copy-plus-strict:SKT0_l3miss:190600000
4.7.0-copy-plus-strict:enp130s0f1_tx_bytes:0
4.7.0-copy-plus-strict:TOTAL_l2hit:0.374
4.7.0-copy-plus-strict:enp4s0f1_tx_bytes:0
4.7.0-copy-plus-strict:SKT1_l2hit:0.172
4.7.0-copy-plus-strict:Memory:9390.926
4.7.0-copy-plus-strict:cpu_16:0
4.7.0-copy-plus-strict:cpu_5:0
4.7.0-copy-plus-strict:enp4s0f0_rx_bytes_phy:0
4.7.0-copy-plus-strict:SKT0_l3hit:0.338
4.7.0-copy-plus-strict:SKT1_ipc:0.424
4.7.0-copy-plus-strict:cpu_26:0
4.7.0-copy-plus-strict:SKT0_ipc:0.092
4.7.0-copy-plus-strict:cpu_total:3.144
4.7.0-copy-plus-strict:cpu_23:0
4.7.0-copy-plus-strict:cpu_10:0
4.7.0-copy-plus-strict:SKT1_l3mpi:0
4.7.0-copy-plus-strict:Total_rx_bytes_phy:3017246018.6
4.7.0-copy-plus-strict:Total_tx_bytes_phy:793290.8
4.7.0-copy-plus-strict:cpu_4:0
4.7.0-copy-plus-strict:SKT1_l2mpi:0.02
4.7.0-copy-plus-strict:cpu_8:0
4.7.0-copy-plus-strict:cpu_9:0
4.7.0-copy-plus-strict:cpu_17:0.196
4.7.0-copy-plus-strict:cpu_19:0
4.7.0-copy-plus-strict:Total_tx_bytes:748012
4.7.0-copy-plus-strict:Total_tx_packets_phy:11302.8
4.7.0-copy-plus-strict:TOTAL_l3miss:190800000
4.7.0-copy-plus-strict:cpu_7:0
4.7.0-copy-plus-strict:enp130s0f0_tx_bytes_phy:793290.8
4.7.0-copy-plus-strict:enp130s0f0_rx_packets_phy:334721.6
4.7.0-copy-plus-strict:enp4s0f0_rx_bytes:0
4.7.0-copy-plus-strict:TOTAL_ipc:0.098
4.7.0-copy-plus-strict:enp4s0f0_tx_bytes:0
4.7.0-copy-plus-strict:TOTAL_l2miss:289000000
4.7.0-copy-plus-strict:cpu_22:0
4.7.0-copy-plus-strict:enp4s0f0_rx_packets_phy:0
4.7.0-copy-plus-strict:SKT1_l3miss:183600
4.7.0-copy-plus-strict:Total_rx_packets:50211.2
4.7.0-copy-plus-strict:SKT0_l2hit:0.374
4.7.0-copy-plus-strict:enp4s0f0_tx_queue_stopped:0
4.7.0-copy-plus-strict:enp130s0f0_rx_bytes:2997185118.2
4.7.0-copy-plus-strict:enp130s0f1_rx_packets:0
4.7.0-copy-plus-strict:enp130s0f0_tx_packets_phy:11302.8
4.7.0-copy-plus-strict:enp130s0f1_rx_bytes_phy:0
4.7.0-copy-plus-strict:cpu_13:0
4.7.0-copy-plus-strict:enp4s0f1_tx_packets_phy:0
4.7.0-copy-plus-strict:enp4s0f1_tx_packets:0
4.7.0-copy-plus-strict:cpu_18:0
4.7.0-copy-plus-strict:enp4s0f1_tx_queue_stopped:0
4.7.0-copy-plus-strict:enp130s0f0_tx_bytes:748012
4.7.0-copy-plus-strict:enp4s0f0_rx_packets:0
4.7.0-copy-plus-strict:enp4s0f0_tx_bytes_phy:0
4.7.0-copy-plus-strict:enp130s0f1_tx_packets_phy:0
4.7.0-copy-plus-strict:enp130s0f1_rx_packets_phy:0
4.7.0-copy-plus-strict:cpu_0:0
4.7.0-copy-plus-strict:cpu_6:0
4.7.0-copy-plus-strict:enp130s0f1_rx_bytes:0
4.7.0-copy-plus-strict:enp4s0f1_rx_bytes_phy:0
4.7.0-copy-plus-strict:enp130s0f1_tx_bytes_phy:0
4.7.0-damn-strict:Total_rx_packets_phy:565904.8
4.7.0-damn-strict:cpu_14:0
4.7.0-damn-strict:cpu_24:0
4.7.0-damn-strict:enp4s0f1_rx_packets:0
4.7.0-damn-strict:cpu_3:0
4.7.0-damn-strict:Total_tx_packets:42980
4.7.0-damn-strict:SKT0_l2mpi:0.106
4.7.0-damn-strict:enp4s0f1_tx_bytes_phy:0
4.7.0-damn-strict:cpu_2:95.1
4.7.0-damn-strict:TOTAL_l3mpi:0.088
4.7.0-damn-strict:enp130s0f1_tx_packets:0
4.7.0-damn-strict:enp130s0f0_tx_queue_stopped:0
4.7.0-damn-strict:enp130s0f0_rx_bytes_phy:5100186149.4
4.7.0-damn-strict:cpu_25:0
4.7.0-damn-strict:cpu_27:0.784
4.7.0-damn-strict:cpu_15:0
4.7.0-damn-strict:Read:5172.482
4.7.0-damn-strict:SKT1_l2miss:1978200
4.7.0-damn-strict:enp4s0f1_rx_bytes:0
4.7.0-damn-strict:SKT1_l3hit:0.856
4.7.0-damn-strict:enp4s0f0_tx_packets:0
4.7.0-damn-strict:Write:5069.148
4.7.0-damn-strict:cpu_12:0
4.7.0-damn-strict:cpu_11:0
4.7.0-damn-strict:enp130s0f1_tx_queue_stopped:0
4.7.0-damn-strict:cpu_1:0
4.7.0-damn-strict:TOTAL_l2mpi:0.106
4.7.0-damn-strict:SKT0_l3mpi:0.09
4.7.0-damn-strict:enp130s0f0_tx_packets:42980
4.7.0-damn-strict:TOTAL_l3hit:0.158
4.7.0-damn-strict:cpu_20:0
4.7.0-damn-strict:16384:87380
4.7.0-damn-strict:Total_tx_queue_stopped:0
4.7.0-damn-strict:cpu_17:0
4.7.0-damn-strict:cpu_9:0.196
4.7.0-damn-strict:Total_tx_bytes_phy:3021443.4
4.7.0-damn-strict:SKT1_l2mpi:0.02
4.7.0-damn-strict:cpu_4:0
4.7.0-damn-strict:cpu_8:0
4.7.0-damn-strict:cpu_10:0
4.7.0-damn-strict:SKT1_l3mpi:0
4.7.0-damn-strict:Total_rx_bytes_phy:5100186149.4
4.7.0-damn-strict:cpu_total:2.964
4.7.0-damn-strict:cpu_23:0
4.7.0-damn-strict:SKT1_ipc:0.422
4.7.0-damn-strict:cpu_26:0
4.7.0-damn-strict:SKT0_l3hit:0.152
4.7.0-damn-strict:SKT0_ipc:0.206
4.7.0-damn-strict:enp4s0f0_rx_bytes_phy:0
4.7.0-damn-strict:cpu_16:0
4.7.0-damn-strict:cpu_5:0.392
4.7.0-damn-strict:Memory:10241.626
4.7.0-damn-strict:enp4s0f1_tx_bytes:0
4.7.0-damn-strict:SKT1_l2hit:0.13
4.7.0-damn-strict:TOTAL_l2hit:0.194
4.7.0-damn-strict:enp4s0f0_tx_packets_phy:0
4.7.0-damn-strict:SKT0_l2miss:337200000
4.7.0-damn-strict:Total_rx_bytes:5065893782.2
4.7.0-damn-strict:SKT0_l3miss:285800000
4.7.0-damn-strict:enp130s0f1_tx_bytes:0
4.7.0-damn-strict:enp4s0f1_rx_packets_phy:0
4.7.0-damn-strict:cpu_21:0
4.7.0-damn-strict:enp130s0f0_rx_packets:90510.4
4.7.0-damn-strict:SKT1_l3miss:285600
4.7.0-damn-strict:enp4s0f0_rx_packets_phy:0
4.7.0-damn-strict:cpu_22:0
4.7.0-damn-strict:TOTAL_l2miss:339200000
4.7.0-damn-strict:enp4s0f0_tx_bytes:0
4.7.0-damn-strict:TOTAL_ipc:0.21
4.7.0-damn-strict:enp4s0f0_rx_bytes:0
4.7.0-damn-strict:enp130s0f0_rx_packets_phy:565904.8
4.7.0-damn-strict:enp130s0f0_tx_bytes_phy:3021443.4
4.7.0-damn-strict:cpu_7:0
4.7.0-damn-strict:Total_tx_packets_phy:42972.4
4.7.0-damn-strict:TOTAL_l3miss:286000000
4.7.0-damn-strict:Total_tx_bytes:2850075
4.7.0-damn-strict:cpu_19:0
4.7.0-damn-strict:enp130s0f1_rx_bytes:0
4.7.0-damn-strict:enp130s0f1_tx_bytes_phy:0
4.7.0-damn-strict:enp4s0f1_rx_bytes_phy:0
4.7.0-damn-strict:cpu_6:0
4.7.0-damn-strict:cpu_0:0
4.7.0-damn-strict:enp4s0f0_rx_packets:0
4.7.0-damn-strict:enp4s0f0_tx_bytes_phy:0
4.7.0-damn-strict:enp130s0f1_tx_packets_phy:0
4.7.0-damn-strict:enp130s0f1_rx_packets_phy:0
4.7.0-damn-strict:enp130s0f0_tx_bytes:2850075
4.7.0-damn-strict:enp4s0f1_tx_queue_stopped:0
4.7.0-damn-strict:enp4s0f1_tx_packets_phy:0
4.7.0-damn-strict:enp4s0f1_tx_packets:0
4.7.0-damn-strict:cpu_18:0
4.7.0-damn-strict:cpu_13:0
4.7.0-damn-strict:enp130s0f1_rx_bytes_phy:0
4.7.0-damn-strict:enp130s0f0_tx_packets_phy:42972.4
4.7.0-damn-strict:enp130s0f1_rx_packets:0
4.7.0-damn-strict:enp4s0f0_tx_queue_stopped:0
4.7.0-damn-strict:enp130s0f0_rx_bytes:5065893782.2
4.7.0-damn-strict:Total_rx_packets:90510.4
4.7.0-damn-strict:SKT0_l2hit:0.194
4.7.0-damn-unsafe:enp130s0f1_rx_bytes_phy:0
4.7.0-damn-unsafe:cpu_13:0
4.7.0-damn-unsafe:enp130s0f0_rx_bytes:4833328300.6
4.7.0-damn-unsafe:enp4s0f0_tx_queue_stopped:0
4.7.0-damn-unsafe:SKT0_l2hit:0.198
4.7.0-damn-unsafe:Total_rx_packets:87777.8
4.7.0-damn-unsafe:enp130s0f0_tx_packets_phy:44735.4
4.7.0-damn-unsafe:enp130s0f1_rx_packets:0
4.7.0-damn-unsafe:cpu_0:0.194
4.7.0-damn-unsafe:enp130s0f1_tx_bytes_phy:0
4.7.0-damn-unsafe:enp4s0f1_rx_bytes_phy:0
4.7.0-damn-unsafe:enp130s0f1_rx_bytes:0
4.7.0-damn-unsafe:cpu_6:0
4.7.0-damn-unsafe:enp4s0f1_tx_queue_stopped:0
4.7.0-damn-unsafe:enp4s0f1_tx_packets:0
4.7.0-damn-unsafe:cpu_18:0
4.7.0-damn-unsafe:enp4s0f1_tx_packets_phy:0
4.7.0-damn-unsafe:enp130s0f1_tx_packets_phy:0
4.7.0-damn-unsafe:enp130s0f1_rx_packets_phy:0
4.7.0-damn-unsafe:enp4s0f0_rx_packets:0
4.7.0-damn-unsafe:enp4s0f0_tx_bytes_phy:0
4.7.0-damn-unsafe:enp130s0f0_tx_bytes:2969192.8
4.7.0-damn-unsafe:cpu_7:0.388
4.7.0-damn-unsafe:enp130s0f0_rx_packets_phy:539635
4.7.0-damn-unsafe:enp130s0f0_tx_bytes_phy:3147894.4
4.7.0-damn-unsafe:cpu_19:0
4.7.0-damn-unsafe:Total_tx_bytes:2969192.8
4.7.0-damn-unsafe:TOTAL_l3miss:279800000
4.7.0-damn-unsafe:Total_tx_packets_phy:44735.4
4.7.0-damn-unsafe:cpu_22:0
4.7.0-damn-unsafe:SKT1_l3miss:304000
4.7.0-damn-unsafe:enp4s0f0_rx_packets_phy:0
4.7.0-damn-unsafe:enp4s0f0_rx_bytes:0
4.7.0-damn-unsafe:enp4s0f0_tx_bytes:0
4.7.0-damn-unsafe:TOTAL_l2miss:332800000
4.7.0-damn-unsafe:TOTAL_ipc:0.218
4.7.0-damn-unsafe:SKT1_l2hit:0.122
4.7.0-damn-unsafe:enp4s0f1_tx_bytes:0
4.7.0-damn-unsafe:TOTAL_l2hit:0.198
4.7.0-damn-unsafe:Memory:9869.978
4.7.0-damn-unsafe:cpu_21:0
4.7.0-damn-unsafe:enp4s0f1_rx_packets_phy:0
4.7.0-damn-unsafe:enp130s0f0_rx_packets:87777.8
4.7.0-damn-unsafe:enp130s0f1_tx_bytes:0
4.7.0-damn-unsafe:SKT0_l3miss:279200000
4.7.0-damn-unsafe:Total_rx_bytes:4833328300.6
4.7.0-damn-unsafe:SKT0_l2miss:330800000
4.7.0-damn-unsafe:enp4s0f0_tx_packets_phy:0
4.7.0-damn-unsafe:SKT1_l2mpi:0.02
4.7.0-damn-unsafe:cpu_4:0
4.7.0-damn-unsafe:cpu_8:0.194
4.7.0-damn-unsafe:Total_tx_bytes_phy:3147894.4
4.7.0-damn-unsafe:Total_rx_bytes_phy:4864362815.2
4.7.0-damn-unsafe:SKT1_l3mpi:0
4.7.0-damn-unsafe:cpu_10:0
4.7.0-damn-unsafe:cpu_17:0.196
4.7.0-damn-unsafe:cpu_9:0.194
4.7.0-damn-unsafe:enp4s0f0_rx_bytes_phy:0
4.7.0-damn-unsafe:cpu_16:0
4.7.0-damn-unsafe:cpu_5:0.194
4.7.0-damn-unsafe:cpu_23:0
4.7.0-damn-unsafe:cpu_total:2.996
4.7.0-damn-unsafe:SKT0_ipc:0.216
4.7.0-damn-unsafe:SKT1_ipc:0.384
4.7.0-damn-unsafe:SKT0_l3hit:0.158
4.7.0-damn-unsafe:cpu_26:0.194
4.7.0-damn-unsafe:cpu_11:0.39
4.7.0-damn-unsafe:enp4s0f0_tx_packets:0
4.7.0-damn-unsafe:cpu_12:0
4.7.0-damn-unsafe:Write:4934.198
4.7.0-damn-unsafe:TOTAL_l3hit:0.16
4.7.0-damn-unsafe:cpu_20:0.194
4.7.0-damn-unsafe:16384:87380
4.7.0-damn-unsafe:cpu_1:0.194
4.7.0-damn-unsafe:TOTAL_l2mpi:0.1
4.7.0-damn-unsafe:SKT0_l3mpi:0.086
4.7.0-damn-unsafe:enp130s0f0_tx_packets:44739
4.7.0-damn-unsafe:Total_tx_queue_stopped:0
4.7.0-damn-unsafe:enp130s0f1_tx_queue_stopped:0
4.7.0-damn-unsafe:SKT0_l2mpi:0.104
4.7.0-damn-unsafe:cpu_2:91.38
4.7.0-damn-unsafe:enp4s0f1_tx_bytes_phy:0
4.7.0-damn-unsafe:TOTAL_l3mpi:0.086
4.7.0-damn-unsafe:enp130s0f0_tx_queue_stopped:0
4.7.0-damn-unsafe:enp130s0f0_rx_bytes_phy:4864362815.2
4.7.0-damn-unsafe:enp130s0f1_tx_packets:0
4.7.0-damn-unsafe:cpu_14:0
4.7.0-damn-unsafe:Total_rx_packets_phy:539635
4.7.0-damn-unsafe:Total_tx_packets:44739
4.7.0-damn-unsafe:cpu_24:0
4.7.0-damn-unsafe:enp4s0f1_rx_packets:0
4.7.0-damn-unsafe:cpu_3:0
4.7.0-damn-unsafe:Read:4935.784
4.7.0-damn-unsafe:cpu_15:0
4.7.0-damn-unsafe:enp4s0f1_rx_bytes:0
4.7.0-damn-unsafe:SKT1_l3hit:0.854
4.7.0-damn-unsafe:SKT1_l2miss:2108800
4.7.0-damn-unsafe:cpu_25:0
4.7.0-damn-unsafe:cpu_27:0.39
4.7.0-deff:cpu_9:0
4.7.0-deff:cpu_17:0
4.7.0-deff:Total_rx_bytes_phy:4915938508.4
4.7.0-deff:SKT1_l3mpi:0
4.7.0-deff:cpu_10:0
4.7.0-deff:cpu_8:0
4.7.0-deff:SKT1_l2mpi:0.018
4.7.0-deff:cpu_4:0
4.7.0-deff:Total_tx_bytes_phy:2697169.8
4.7.0-deff:SKT0_ipc:0.248
4.7.0-deff:SKT1_ipc:0.484
4.7.0-deff:cpu_26:0
4.7.0-deff:SKT0_l3hit:0.166
4.7.0-deff:cpu_23:0
4.7.0-deff:cpu_total:3.11
4.7.0-deff:cpu_16:0
4.7.0-deff:cpu_5:0.196
4.7.0-deff:enp4s0f0_rx_bytes_phy:0
4.7.0-deff:Memory:9984.952
4.7.0-deff:TOTAL_l2hit:0.202
4.7.0-deff:SKT1_l2hit:0.182
4.7.0-deff:enp4s0f1_tx_bytes:0
4.7.0-deff:SKT0_l3miss:279000000
4.7.0-deff:enp130s0f1_tx_bytes:0
4.7.0-deff:Total_rx_bytes:4882451850.4
4.7.0-deff:enp4s0f0_tx_packets_phy:0
4.7.0-deff:SKT0_l2miss:334200000
4.7.0-deff:enp130s0f0_rx_packets:83184.8
4.7.0-deff:enp4s0f1_rx_packets_phy:0
4.7.0-deff:cpu_21:0
4.7.0-deff:Total_tx_packets:38499
4.7.0-deff:enp4s0f1_rx_packets:0
4.7.0-deff:cpu_3:0.392
4.7.0-deff:cpu_24:0
4.7.0-deff:cpu_14:0
4.7.0-deff:Total_rx_packets_phy:545581.6
4.7.0-deff:TOTAL_l3mpi:0.068
4.7.0-deff:enp130s0f1_tx_packets:0
4.7.0-deff:enp130s0f0_tx_queue_stopped:0
4.7.0-deff:enp130s0f0_rx_bytes_phy:4915938508.4
4.7.0-deff:enp4s0f1_tx_bytes_phy:0
4.7.0-deff:SKT0_l2mpi:0.086
4.7.0-deff:cpu_2:95.492
4.7.0-deff:cpu_27:0.196
4.7.0-deff:cpu_25:2.744
4.7.0-deff:SKT1_l3hit:0.77
4.7.0-deff:enp4s0f1_rx_bytes:0
4.7.0-deff:SKT1_l2miss:3101400
4.7.0-deff:Read:5039.018
4.7.0-deff:cpu_15:0
4.7.0-deff:cpu_12:0
4.7.0-deff:Write:4945.93
4.7.0-deff:enp4s0f0_tx_packets:0
4.7.0-deff:cpu_11:0
4.7.0-deff:enp130s0f1_tx_queue_stopped:0
4.7.0-deff:Total_tx_queue_stopped:0
4.7.0-deff:cpu_20:0
4.7.0-deff:TOTAL_l3hit:0.168
4.7.0-deff:16384:87380
4.7.0-deff:TOTAL_l2mpi:0.08
4.7.0-deff:cpu_1:0
4.7.0-deff:SKT0_l3mpi:0.074
4.7.0-deff:enp130s0f0_tx_packets:38499
4.7.0-deff:cpu_6:0
4.7.0-deff:enp130s0f1_tx_bytes_phy:0
4.7.0-deff:enp4s0f1_rx_bytes_phy:0
4.7.0-deff:enp130s0f1_rx_bytes:0
4.7.0-deff:cpu_0:0
4.7.0-deff:enp130s0f0_tx_bytes:2542914.8
4.7.0-deff:enp130s0f1_tx_packets_phy:0
4.7.0-deff:enp130s0f1_rx_packets_phy:0
4.7.0-deff:enp4s0f0_tx_bytes_phy:0
4.7.0-deff:enp4s0f0_rx_packets:0
4.7.0-deff:enp4s0f1_tx_packets:0
4.7.0-deff:cpu_18:0
4.7.0-deff:enp4s0f1_tx_packets_phy:0
4.7.0-deff:enp4s0f1_tx_queue_stopped:0
4.7.0-deff:cpu_13:0
4.7.0-deff:enp130s0f1_rx_bytes_phy:0
4.7.0-deff:enp130s0f1_rx_packets:0
4.7.0-deff:enp130s0f0_tx_packets_phy:38502.8
4.7.0-deff:SKT0_l2hit:0.202
4.7.0-deff:Total_rx_packets:83184.8
4.7.0-deff:enp4s0f0_tx_queue_stopped:0
4.7.0-deff:enp130s0f0_rx_bytes:4882451850.4
4.7.0-deff:enp4s0f0_rx_packets_phy:0
4.7.0-deff:SKT1_l3miss:1070200
4.7.0-deff:cpu_22:0
4.7.0-deff:TOTAL_ipc:0.262
4.7.0-deff:TOTAL_l2miss:337200000
4.7.0-deff:enp4s0f0_tx_bytes:0
4.7.0-deff:enp4s0f0_rx_bytes:0
4.7.0-deff:enp130s0f0_tx_bytes_phy:2697169.8
4.7.0-deff:enp130s0f0_rx_packets_phy:545581.6
4.7.0-deff:cpu_7:0
4.7.0-deff:TOTAL_l3miss:280000000
4.7.0-deff:Total_tx_packets_phy:38502.8
4.7.0-deff:cpu_19:0
4.7.0-deff:Total_tx_bytes:2542914.8
4.7.0-strict:SKT1_l3miss:1094600
4.7.0-strict:enp4s0f0_rx_packets_phy:0
4.7.0-strict:cpu_22:0
4.7.0-strict:enp4s0f0_tx_bytes:0
4.7.0-strict:TOTAL_l2miss:309000000
4.7.0-strict:TOTAL_ipc:0.236
4.7.0-strict:enp4s0f0_rx_bytes:0
4.7.0-strict:enp130s0f0_rx_packets_phy:510502.4
4.7.0-strict:enp130s0f0_tx_bytes_phy:2368577.6
4.7.0-strict:cpu_7:0
4.7.0-strict:Total_tx_packets_phy:33799.4
4.7.0-strict:TOTAL_l3miss:259600000
4.7.0-strict:Total_tx_bytes:2233636.6
4.7.0-strict:cpu_19:0
4.7.0-strict:enp130s0f1_rx_bytes:0
4.7.0-strict:enp4s0f1_rx_bytes_phy:0
4.7.0-strict:enp130s0f1_tx_bytes_phy:0
4.7.0-strict:cpu_6:0
4.7.0-strict:cpu_0:0
4.7.0-strict:enp4s0f0_rx_packets:0
4.7.0-strict:enp4s0f0_tx_bytes_phy:0
4.7.0-strict:enp130s0f1_rx_packets_phy:0
4.7.0-strict:enp130s0f1_tx_packets_phy:0
4.7.0-strict:enp130s0f0_tx_bytes:2233636.6
4.7.0-strict:enp4s0f1_tx_queue_stopped:0
4.7.0-strict:enp4s0f1_tx_packets_phy:0
4.7.0-strict:enp4s0f1_tx_packets:0
4.7.0-strict:cpu_18:0
4.7.0-strict:cpu_13:0
4.7.0-strict:enp130s0f1_rx_bytes_phy:0
4.7.0-strict:enp130s0f0_tx_packets_phy:33799.4
4.7.0-strict:enp130s0f1_rx_packets:0
4.7.0-strict:enp130s0f0_rx_bytes:4567466573.8
4.7.0-strict:enp4s0f0_tx_queue_stopped:0
4.7.0-strict:Total_rx_packets:78409.4
4.7.0-strict:SKT0_l2hit:0.198
4.7.0-strict:Total_rx_packets_phy:510502.4
4.7.0-strict:cpu_14:0
4.7.0-strict:cpu_24:0
4.7.0-strict:enp4s0f1_rx_packets:0
4.7.0-strict:cpu_3:0
4.7.0-strict:Total_tx_packets:33803.2
4.7.0-strict:enp4s0f1_tx_bytes_phy:0
4.7.0-strict:SKT0_l2mpi:0.088
4.7.0-strict:cpu_2:98.04
4.7.0-strict:TOTAL_l3mpi:0.07
4.7.0-strict:enp130s0f1_tx_packets:0
4.7.0-strict:enp130s0f0_rx_bytes_phy:4597914276.8
4.7.0-strict:enp130s0f0_tx_queue_stopped:0
4.7.0-strict:cpu_25:0
4.7.0-strict:cpu_27:3.53
4.7.0-strict:cpu_15:0
4.7.0-strict:Read:4707.598
4.7.0-strict:SKT1_l2miss:2892600
4.7.0-strict:SKT1_l3hit:0.754
4.7.0-strict:enp4s0f1_rx_bytes:0
4.7.0-strict:enp4s0f0_tx_packets:0
4.7.0-strict:Write:4598.048
4.7.0-strict:cpu_12:0
4.7.0-strict:cpu_11:0
4.7.0-strict:enp130s0f1_tx_queue_stopped:0
4.7.0-strict:cpu_1:0.196
4.7.0-strict:TOTAL_l2mpi:0.08
4.7.0-strict:SKT0_l3mpi:0.074
4.7.0-strict:enp130s0f0_tx_packets:33803.2
4.7.0-strict:cpu_20:0
4.7.0-strict:TOTAL_l3hit:0.16
4.7.0-strict:16384:87380
4.7.0-strict:Total_tx_queue_stopped:0
4.7.0-strict:cpu_17:0
4.7.0-strict:cpu_9:0
4.7.0-strict:Total_tx_bytes_phy:2368577.6
4.7.0-strict:SKT1_l2mpi:0.018
4.7.0-strict:cpu_4:0
4.7.0-strict:cpu_8:0
4.7.0-strict:cpu_10:0
4.7.0-strict:SKT1_l3mpi:0
4.7.0-strict:Total_rx_bytes_phy:4597914276.8
4.7.0-strict:cpu_total:3.242
4.7.0-strict:cpu_23:0
4.7.0-strict:SKT0_l3hit:0.156
4.7.0-strict:SKT1_ipc:0.446
4.7.0-strict:cpu_26:0
4.7.0-strict:SKT0_ipc:0.222
4.7.0-strict:enp4s0f0_rx_bytes_phy:0
4.7.0-strict:cpu_16:0
4.7.0-strict:cpu_5:0
4.7.0-strict:Memory:9305.64
4.7.0-strict:enp4s0f1_tx_bytes:0
4.7.0-strict:SKT1_l2hit:0.172
4.7.0-strict:TOTAL_l2hit:0.2
4.7.0-strict:enp4s0f0_tx_packets_phy:0
4.7.0-strict:SKT0_l2miss:306200000
4.7.0-strict:SKT0_l3miss:258200000
4.7.0-strict:Total_rx_bytes:4567466573.8
4.7.0-strict:enp130s0f1_tx_bytes:0
4.7.0-strict:cpu_21:0
4.7.0-strict:enp4s0f1_rx_packets_phy:0
4.7.0-strict:enp130s0f0_rx_packets:78409.4
4.7.0-unsafe:enp4s0f0_rx_packets_phy:0
4.7.0-unsafe:SKT1_l3miss:302600
4.7.0-unsafe:cpu_22:0
4.7.0-unsafe:TOTAL_ipc:0.216
4.7.0-unsafe:TOTAL_l2miss:332400000
4.7.0-unsafe:enp4s0f0_tx_bytes:0
4.7.0-unsafe:enp4s0f0_rx_bytes:0
4.7.0-unsafe:enp130s0f0_tx_bytes_phy:3130514
4.7.0-unsafe:enp130s0f0_rx_packets_phy:541110.8
4.7.0-unsafe:cpu_7:0
4.7.0-unsafe:Total_tx_packets_phy:44461
4.7.0-unsafe:TOTAL_l3miss:279400000
4.7.0-unsafe:cpu_19:0
4.7.0-unsafe:Total_tx_bytes:2953300
4.7.0-unsafe:cpu_6:0
4.7.0-unsafe:enp130s0f1_rx_bytes:0
4.7.0-unsafe:enp4s0f1_rx_bytes_phy:0
4.7.0-unsafe:enp130s0f1_tx_bytes_phy:0
4.7.0-unsafe:cpu_0:0
4.7.0-unsafe:enp130s0f0_tx_bytes:2953300
4.7.0-unsafe:enp4s0f0_tx_bytes_phy:0
4.7.0-unsafe:enp4s0f0_rx_packets:0
4.7.0-unsafe:enp130s0f1_tx_packets_phy:0
4.7.0-unsafe:enp130s0f1_rx_packets_phy:0
4.7.0-unsafe:enp4s0f1_tx_packets_phy:0
4.7.0-unsafe:cpu_18:0
4.7.0-unsafe:enp4s0f1_tx_packets:0
4.7.0-unsafe:enp4s0f1_tx_queue_stopped:0
4.7.0-unsafe:cpu_13:0
4.7.0-unsafe:enp130s0f1_rx_bytes_phy:0
4.7.0-unsafe:enp130s0f1_rx_packets:0
4.7.0-unsafe:enp130s0f0_tx_packets_phy:44461
4.7.0-unsafe:Total_rx_packets:88848
4.7.0-unsafe:SKT0_l2hit:0.202
4.7.0-unsafe:enp130s0f0_rx_bytes:4843880185.6
4.7.0-unsafe:enp4s0f0_tx_queue_stopped:0
4.7.0-unsafe:cpu_24:0
4.7.0-unsafe:enp4s0f1_rx_packets:0
4.7.0-unsafe:cpu_3:0
4.7.0-unsafe:Total_tx_packets:44469.8
4.7.0-unsafe:Total_rx_packets_phy:541110.8
4.7.0-unsafe:cpu_14:0
4.7.0-unsafe:TOTAL_l3mpi:0.086
4.7.0-unsafe:enp130s0f0_rx_bytes_phy:4876162177.8
4.7.0-unsafe:enp130s0f0_tx_queue_stopped:0
4.7.0-unsafe:enp130s0f1_tx_packets:0
4.7.0-unsafe:SKT0_l2mpi:0.104
4.7.0-unsafe:enp4s0f1_tx_bytes_phy:0
4.7.0-unsafe:cpu_2:91.766
4.7.0-unsafe:cpu_27:0.392
4.7.0-unsafe:cpu_25:0
4.7.0-unsafe:SKT1_l2miss:1914800
4.7.0-unsafe:enp4s0f1_rx_bytes:0
4.7.0-unsafe:SKT1_l3hit:0.842
4.7.0-unsafe:cpu_15:0
4.7.0-unsafe:Read:4888.282
4.7.0-unsafe:Write:4888.52
4.7.0-unsafe:cpu_12:0
4.7.0-unsafe:enp4s0f0_tx_packets:0
4.7.0-unsafe:cpu_11:0
4.7.0-unsafe:enp130s0f1_tx_queue_stopped:0
4.7.0-unsafe:Total_tx_queue_stopped:0
4.7.0-unsafe:TOTAL_l2mpi:0.104
4.7.0-unsafe:enp130s0f0_tx_packets:44469.8
4.7.0-unsafe:SKT0_l3mpi:0.088
4.7.0-unsafe:cpu_1:0
4.7.0-unsafe:16384:87380
4.7.0-unsafe:TOTAL_l3hit:0.16
4.7.0-unsafe:cpu_20:0
4.7.0-unsafe:cpu_9:0
4.7.0-unsafe:cpu_17:0.784
4.7.0-unsafe:cpu_10:0
4.7.0-unsafe:SKT1_l3mpi:0
4.7.0-unsafe:Total_rx_bytes_phy:4876162177.8
4.7.0-unsafe:Total_tx_bytes_phy:3130514
4.7.0-unsafe:cpu_4:0
4.7.0-unsafe:SKT1_l2mpi:0.02
4.7.0-unsafe:cpu_8:0
4.7.0-unsafe:SKT1_ipc:0.422
4.7.0-unsafe:cpu_26:0
4.7.0-unsafe:SKT0_l3hit:0.156
4.7.0-unsafe:SKT0_ipc:0.214
4.7.0-unsafe:cpu_total:2.914
4.7.0-unsafe:cpu_23:0
4.7.0-unsafe:cpu_16:0
4.7.0-unsafe:cpu_5:0
4.7.0-unsafe:enp4s0f0_rx_bytes_phy:0
4.7.0-unsafe:Memory:9776.798
4.7.0-unsafe:TOTAL_l2hit:0.2
4.7.0-unsafe:enp4s0f1_tx_bytes:0
4.7.0-unsafe:SKT1_l2hit:0.14
4.7.0-unsafe:enp4s0f0_tx_packets_phy:0
4.7.0-unsafe:SKT0_l2miss:330400000
4.7.0-unsafe:SKT0_l3miss:278800000
4.7.0-unsafe:enp130s0f1_tx_bytes:0
4.7.0-unsafe:Total_rx_bytes:4843880185.6
4.7.0-unsafe:enp130s0f0_rx_packets:88848
4.7.0-unsafe:enp4s0f1_rx_packets_phy:0
4.7.0-unsafe:cpu_21:0
