4.7.0-copy-plus-strict:cpu_20:0
4.7.0-copy-plus-strict:instructions:4960286989.2
4.7.0-copy-plus-strict:SKT1_l3mpi:0
4.7.0-copy-plus-strict:SKT0_l2miss:167600000
4.7.0-copy-plus-strict:cpu_8:0
4.7.0-copy-plus-strict:cpu_24:0
4.7.0-copy-plus-strict:TOTAL_ipc:0.304
4.7.0-copy-plus-strict:cpu_22:0
4.7.0-copy-plus-strict:cpu_12:0
4.7.0-copy-plus-strict:Memory:5283.512
4.7.0-copy-plus-strict:cpu_17:0
4.7.0-copy-plus-strict:enp130s0f0_tx_bytes_phy:5283339234
4.7.0-copy-plus-strict:cache-references:1904513593.2
4.7.0-copy-plus-strict:cpu_11:0
4.7.0-copy-plus-strict:cpu_0:0
4.7.0-copy-plus-strict:SKT1_l3miss:132800
4.7.0-copy-plus-strict:enp4s0f1_tx_bytes_phy:0
4.7.0-copy-plus-strict:Read:5218.356
4.7.0-copy-plus-strict:Total_rx_packets:24127.4
4.7.0-copy-plus-strict:enp4s0f1_tx_packets:0
4.7.0-copy-plus-strict:TOTAL_l3hit:0.97
4.7.0-copy-plus-strict:TOTAL_l2miss:167800000
4.7.0-copy-plus-strict:SKT1_l2mpi:0.01
4.7.0-copy-plus-strict:SKT0_ipc:0.304
4.7.0-copy-plus-strict:enp130s0f0_tx_packets_phy:587460.2
4.7.0-copy-plus-strict:enp4s0f1_rx_bytes:0
4.7.0-copy-plus-strict:enp130s0f0_rx_bytes_phy:1712239.6
4.7.0-copy-plus-strict:enp130s0f1_rx_packets:0
4.7.0-copy-plus-strict:enp130s0f0_rx_bytes:1615454.8
4.7.0-copy-plus-strict:enp130s0f1_rx_packets_phy:0
4.7.0-copy-plus-strict:cpu_4:0
4.7.0-copy-plus-strict:enp4s0f1_rx_packets:0
4.7.0-copy-plus-strict:TOTAL_l3miss:4899800
4.7.0-copy-plus-strict:enp130s0f1_tx_packets_phy:0
4.7.0-copy-plus-strict:cpu_26:0
4.7.0-copy-plus-strict:enp4s0f1_tx_bytes:0
4.7.0-copy-plus-strict:cache-misses:4794184.6
4.7.0-copy-plus-strict:enp4s0f0_tx_queue_stopped:0
4.7.0-copy-plus-strict:Total_rx_bytes_phy:1712239.6
4.7.0-copy-plus-strict:Total_tx_packets_phy:587460.2
4.7.0-copy-plus-strict:TOTAL_l2hit:0.72
4.7.0-copy-plus-strict:cycles:16153139965.6
4.7.0-copy-plus-strict:LLC-load:290839818.4
4.7.0-copy-plus-strict:cpu_27:0
4.7.0-copy-plus-strict:cpu_5:0.196
4.7.0-copy-plus-strict:cpu_19:0
4.7.0-copy-plus-strict:TOTAL_l3mpi:0
4.7.0-copy-plus-strict:SKT1_ipc:0.352
4.7.0-copy-plus-strict:Total_rx_packets_phy:24131.6
4.7.0-copy-plus-strict:enp4s0f0_rx_bytes_phy:0
4.7.0-copy-plus-strict:Total_tx_queue_stopped:0
4.7.0-copy-plus-strict:enp4s0f0_rx_packets_phy:0
4.7.0-copy-plus-strict:LLC-store:826878475.8
4.7.0-copy-plus-strict:LLC-store-misses:375786.6
4.7.0-copy-plus-strict:enp130s0f1_tx_packets:0
4.7.0-copy-plus-strict:enp130s0f1_tx_bytes:0
4.7.0-copy-plus-strict:enp130s0f1_rx_bytes_phy:0
4.7.0-copy-plus-strict:enp4s0f0_tx_bytes_phy:0
4.7.0-copy-plus-strict:enp130s0f1_tx_bytes_phy:0
4.7.0-copy-plus-strict:cpu_9:0.196
4.7.0-copy-plus-strict:enp130s0f0_tx_packets:85455.4
4.7.0-copy-plus-strict:Total_tx_packets:85455.4
4.7.0-copy-plus-strict:cpu_6:0
4.7.0-copy-plus-strict:Total_tx_bytes:5281113665.4
4.7.0-copy-plus-strict:SKT1_l2hit:0.272
4.7.0-copy-plus-strict:enp4s0f0_rx_bytes:0
4.7.0-copy-plus-strict:16384:87380
4.7.0-copy-plus-strict:cpu_14:0
4.7.0-copy-plus-strict:cpu_7:0
4.7.0-copy-plus-strict:Total_rx_bytes:1615454.8
4.7.0-copy-plus-strict:enp4s0f1_tx_queue_stopped:0
4.7.0-copy-plus-strict:enp130s0f1_rx_bytes:0
4.7.0-copy-plus-strict:SKT0_l2mpi:0.03
4.7.0-copy-plus-strict:cpu_2:100
4.7.0-copy-plus-strict:cpu_13:0
4.7.0-copy-plus-strict:enp4s0f1_rx_bytes_phy:0
4.7.0-copy-plus-strict:enp4s0f0_rx_packets:0
4.7.0-copy-plus-strict:cpu_15:0
4.7.0-copy-plus-strict:enp4s0f0_tx_packets:0
4.7.0-copy-plus-strict:SKT0_l3miss:4766200
4.7.0-copy-plus-strict:SKT0_l2hit:0.72
4.7.0-copy-plus-strict:cpu_18:0
4.7.0-copy-plus-strict:enp130s0f0_tx_queue_stopped:0
4.7.0-copy-plus-strict:enp130s0f1_tx_queue_stopped:0
4.7.0-copy-plus-strict:cpu_21:0.196
4.7.0-copy-plus-strict:SKT0_l3mpi:0
4.7.0-copy-plus-strict:enp4s0f1_tx_packets_phy:0
4.7.0-copy-plus-strict:enp4s0f0_tx_bytes:0
4.7.0-copy-plus-strict:enp130s0f0_tx_bytes:5281113665.4
4.7.0-copy-plus-strict:Total_tx_bytes_phy:5283339234
4.7.0-copy-plus-strict:cpu_16:0
4.7.0-copy-plus-strict:enp4s0f1_rx_packets_phy:0
4.7.0-copy-plus-strict:cpu_23:0
4.7.0-copy-plus-strict:enp130s0f0_rx_packets_phy:24131.6
4.7.0-copy-plus-strict:cpu_3:0
4.7.0-copy-plus-strict:cpu_25:0
4.7.0-copy-plus-strict:cpu_10:0
4.7.0-copy-plus-strict:SKT0_l3hit:0.97
4.7.0-copy-plus-strict:Write:65.152
4.7.0-copy-plus-strict:TOTAL_l2mpi:0.03
4.7.0-copy-plus-strict:SKT1_l2miss:457000
4.7.0-copy-plus-strict:SKT1_l3hit:0.706
4.7.0-copy-plus-strict:cpu_total:3.132
4.7.0-copy-plus-strict:enp130s0f0_rx_packets:24127.4
4.7.0-copy-plus-strict:cpu_1:0
4.7.0-copy-plus-strict:LLC-load-misses:2561153.8
4.7.0-copy-plus-strict:enp4s0f0_tx_packets_phy:0
4.7.0-damn-strict:SKT1_ipc:1.074
4.7.0-damn-strict:TOTAL_l3mpi:0.006
4.7.0-damn-strict:Total_rx_packets_phy:34597
4.7.0-damn-strict:enp4s0f0_rx_bytes_phy:0
4.7.0-damn-strict:Total_tx_queue_stopped:0
4.7.0-damn-strict:enp4s0f0_rx_packets_phy:0
4.7.0-damn-strict:LLC-store:630679919.4
4.7.0-damn-strict:enp4s0f0_tx_queue_stopped:0
4.7.0-damn-strict:Total_rx_bytes_phy:2492713.6
4.7.0-damn-strict:cycles:16703248433.4
4.7.0-damn-strict:TOTAL_l2hit:0.67
4.7.0-damn-strict:Total_tx_packets_phy:893316.4
4.7.0-damn-strict:LLC-load:230389601.8
4.7.0-damn-strict:cpu_27:0.784
4.7.0-damn-strict:cpu_5:0.98
4.7.0-damn-strict:cpu_19:0
4.7.0-damn-strict:enp130s0f1_rx_packets_phy:0
4.7.0-damn-strict:cpu_4:0
4.7.0-damn-strict:enp4s0f1_rx_packets:0
4.7.0-damn-strict:TOTAL_l3miss:27600000
4.7.0-damn-strict:enp130s0f1_tx_packets_phy:0
4.7.0-damn-strict:cpu_26:0
4.7.0-damn-strict:enp4s0f1_tx_bytes:0
4.7.0-damn-strict:cache-misses:27915582.8
4.7.0-damn-strict:enp4s0f1_rx_bytes:0
4.7.0-damn-strict:enp130s0f0_rx_bytes_phy:2492713.6
4.7.0-damn-strict:enp130s0f1_rx_packets:0
4.7.0-damn-strict:enp130s0f0_rx_bytes:2354316.6
4.7.0-damn-strict:cpu_0:0
4.7.0-damn-strict:Read:8187.858
4.7.0-damn-strict:SKT1_l3miss:366400
4.7.0-damn-strict:enp4s0f1_tx_bytes_phy:0
4.7.0-damn-strict:Total_rx_packets:34597.4
4.7.0-damn-strict:enp4s0f1_tx_packets:0
4.7.0-damn-strict:TOTAL_l3hit:0.772
4.7.0-damn-strict:TOTAL_l2miss:122400000
4.7.0-damn-strict:SKT1_l2mpi:0
4.7.0-damn-strict:SKT0_ipc:0.318
4.7.0-damn-strict:enp130s0f0_tx_packets_phy:893316.4
4.7.0-damn-strict:Memory:9181.336
4.7.0-damn-strict:cpu_17:0
4.7.0-damn-strict:enp130s0f0_tx_bytes_phy:8051929798
4.7.0-damn-strict:cache-references:1497804154.2
4.7.0-damn-strict:cpu_11:0
4.7.0-damn-strict:SKT0_l2miss:121000000
4.7.0-damn-strict:SKT1_l3mpi:0
4.7.0-damn-strict:cpu_24:0
4.7.0-damn-strict:cpu_8:0
4.7.0-damn-strict:TOTAL_ipc:0.336
4.7.0-damn-strict:cpu_22:0
4.7.0-damn-strict:cpu_12:0
4.7.0-damn-strict:cpu_20:0
4.7.0-damn-strict:instructions:5655744898.4
4.7.0-damn-strict:SKT0_l3hit:0.772
4.7.0-damn-strict:SKT1_l2miss:1311800
4.7.0-damn-strict:TOTAL_l2mpi:0.02
4.7.0-damn-strict:Write:993.474
4.7.0-damn-strict:cpu_total:3.51
4.7.0-damn-strict:SKT1_l3hit:0.72
4.7.0-damn-strict:enp130s0f0_rx_packets:34597.4
4.7.0-damn-strict:cpu_1:0.196
4.7.0-damn-strict:LLC-load-misses:9797780.2
4.7.0-damn-strict:enp4s0f0_tx_packets_phy:0
4.7.0-damn-strict:enp4s0f1_rx_packets_phy:0
4.7.0-damn-strict:cpu_23:0
4.7.0-damn-strict:enp130s0f0_rx_packets_phy:34597
4.7.0-damn-strict:cpu_25:0
4.7.0-damn-strict:cpu_3:0
4.7.0-damn-strict:cpu_10:0.392
4.7.0-damn-strict:enp4s0f0_tx_bytes:0
4.7.0-damn-strict:enp130s0f0_tx_bytes:8049180168.4
4.7.0-damn-strict:Total_tx_bytes_phy:8051929798
4.7.0-damn-strict:cpu_16:0
4.7.0-damn-strict:enp4s0f0_rx_packets:0
4.7.0-damn-strict:cpu_15:0
4.7.0-damn-strict:enp4s0f0_tx_packets:0
4.7.0-damn-strict:SKT0_l3miss:27200000
4.7.0-damn-strict:SKT0_l2hit:0.674
4.7.0-damn-strict:cpu_18:0
4.7.0-damn-strict:enp130s0f1_tx_queue_stopped:0
4.7.0-damn-strict:enp130s0f0_tx_queue_stopped:0
4.7.0-damn-strict:SKT0_l3mpi:0.006
4.7.0-damn-strict:cpu_21:0
4.7.0-damn-strict:enp4s0f1_tx_packets_phy:0
4.7.0-damn-strict:Total_rx_bytes:2354316.6
4.7.0-damn-strict:enp4s0f1_tx_queue_stopped:0
4.7.0-damn-strict:enp130s0f1_rx_bytes:0
4.7.0-damn-strict:SKT0_l2mpi:0.02
4.7.0-damn-strict:cpu_2:100
4.7.0-damn-strict:cpu_13:0.392
4.7.0-damn-strict:enp4s0f1_rx_bytes_phy:0
4.7.0-damn-strict:cpu_7:0
4.7.0-damn-strict:enp130s0f0_tx_packets:128132.4
4.7.0-damn-strict:cpu_9:0.392
4.7.0-damn-strict:Total_tx_packets:128132.4
4.7.0-damn-strict:Total_tx_bytes:8049180168.4
4.7.0-damn-strict:cpu_6:0
4.7.0-damn-strict:16384:87380
4.7.0-damn-strict:SKT1_l2hit:0.318
4.7.0-damn-strict:enp4s0f0_rx_bytes:0
4.7.0-damn-strict:cpu_14:4.508
4.7.0-damn-strict:enp130s0f1_rx_bytes_phy:0
4.7.0-damn-strict:LLC-store-misses:9995767.4
4.7.0-damn-strict:enp130s0f1_tx_bytes:0
4.7.0-damn-strict:enp130s0f1_tx_packets:0
4.7.0-damn-strict:enp4s0f0_tx_bytes_phy:0
4.7.0-damn-strict:enp130s0f1_tx_bytes_phy:0
4.7.0-deff:TOTAL_l2miss:116200000
4.7.0-deff:TOTAL_l3hit:0.978
4.7.0-deff:enp4s0f1_tx_packets:0
4.7.0-deff:SKT1_l3miss:159800
4.7.0-deff:Total_rx_packets:31980.6
4.7.0-deff:Read:7582.434
4.7.0-deff:enp4s0f1_tx_bytes_phy:0
4.7.0-deff:cpu_0:0
4.7.0-deff:enp130s0f0_tx_packets_phy:854875
4.7.0-deff:SKT0_ipc:0.602
4.7.0-deff:SKT1_l2mpi:0.01
4.7.0-deff:cpu_17:0.196
4.7.0-deff:Memory:7634.43
4.7.0-deff:cpu_11:0.196
4.7.0-deff:cache-references:1472887569.8
4.7.0-deff:enp130s0f0_tx_bytes_phy:7705405525.8
4.7.0-deff:TOTAL_ipc:0.6
4.7.0-deff:SKT1_l3mpi:0
4.7.0-deff:cpu_24:0
4.7.0-deff:SKT0_l2miss:115400000
4.7.0-deff:cpu_8:0
4.7.0-deff:cpu_12:0
4.7.0-deff:cpu_22:0
4.7.0-deff:cpu_20:0
4.7.0-deff:instructions:9738665974.2
4.7.0-deff:Total_rx_packets_phy:31975.8
4.7.0-deff:enp4s0f0_rx_bytes_phy:0
4.7.0-deff:SKT1_ipc:0.3
4.7.0-deff:TOTAL_l3mpi:0
4.7.0-deff:LLC-store:610072559.6
4.7.0-deff:enp4s0f0_rx_packets_phy:0
4.7.0-deff:Total_tx_queue_stopped:0
4.7.0-deff:LLC-load:241170828.6
4.7.0-deff:TOTAL_l2hit:0.7
4.7.0-deff:cycles:16167428515.8
4.7.0-deff:Total_tx_packets_phy:854875
4.7.0-deff:Total_rx_bytes_phy:2307161.6
4.7.0-deff:enp4s0f0_tx_queue_stopped:0
4.7.0-deff:cpu_19:0
4.7.0-deff:cpu_5:0.196
4.7.0-deff:cpu_27:0
4.7.0-deff:enp4s0f1_rx_packets:0
4.7.0-deff:cpu_4:0
4.7.0-deff:enp130s0f1_rx_packets_phy:0
4.7.0-deff:cache-misses:2826628.8
4.7.0-deff:cpu_26:0
4.7.0-deff:enp4s0f1_tx_bytes:0
4.7.0-deff:enp130s0f1_tx_packets_phy:0
4.7.0-deff:TOTAL_l3miss:2832600
4.7.0-deff:enp130s0f1_rx_packets:0
4.7.0-deff:enp130s0f0_rx_bytes_phy:2307161.6
4.7.0-deff:enp4s0f1_rx_bytes:0
4.7.0-deff:enp130s0f0_rx_bytes:2179574.8
4.7.0-deff:enp130s0f1_rx_bytes:0
4.7.0-deff:SKT0_l2mpi:0.01
4.7.0-deff:enp4s0f1_tx_queue_stopped:0
4.7.0-deff:Total_rx_bytes:2179574.8
4.7.0-deff:enp4s0f1_rx_bytes_phy:0
4.7.0-deff:cpu_13:0
4.7.0-deff:cpu_2:100
4.7.0-deff:cpu_7:0.196
4.7.0-deff:cpu_6:0
4.7.0-deff:Total_tx_bytes:7701937208.8
4.7.0-deff:Total_tx_packets:122663.4
4.7.0-deff:enp130s0f0_tx_packets:122663.4
4.7.0-deff:cpu_9:0
4.7.0-deff:cpu_14:0
4.7.0-deff:SKT1_l2hit:0.246
4.7.0-deff:16384:87380
4.7.0-deff:enp4s0f0_rx_bytes:0
4.7.0-deff:LLC-store-misses:356292.8
4.7.0-deff:enp130s0f1_tx_bytes:0
4.7.0-deff:enp130s0f1_rx_bytes_phy:0
4.7.0-deff:enp130s0f1_tx_packets:0
4.7.0-deff:enp130s0f1_tx_bytes_phy:0
4.7.0-deff:enp4s0f0_tx_bytes_phy:0
4.7.0-deff:TOTAL_l2mpi:0.01
4.7.0-deff:SKT1_l2miss:555600
4.7.0-deff:Write:52
4.7.0-deff:SKT0_l3hit:0.98
4.7.0-deff:LLC-load-misses:1396454.6
4.7.0-deff:enp4s0f0_tx_packets_phy:0
4.7.0-deff:cpu_1:0
4.7.0-deff:enp130s0f0_rx_packets:31980.6
4.7.0-deff:cpu_total:3.182
4.7.0-deff:SKT1_l3hit:0.714
4.7.0-deff:enp130s0f0_rx_packets_phy:31975.8
4.7.0-deff:cpu_23:0
4.7.0-deff:enp4s0f1_rx_packets_phy:0
4.7.0-deff:cpu_10:0
4.7.0-deff:cpu_3:0
4.7.0-deff:cpu_25:0
4.7.0-deff:cpu_16:0
4.7.0-deff:Total_tx_bytes_phy:7705405525.8
4.7.0-deff:enp130s0f0_tx_bytes:7701937208.8
4.7.0-deff:enp4s0f0_tx_bytes:0
4.7.0-deff:SKT0_l3miss:2672400
4.7.0-deff:cpu_15:0
4.7.0-deff:enp4s0f0_tx_packets:0
4.7.0-deff:enp4s0f0_rx_packets:0
4.7.0-deff:enp4s0f1_tx_packets_phy:0
4.7.0-deff:cpu_21:0
4.7.0-deff:SKT0_l3mpi:0
4.7.0-deff:enp130s0f0_tx_queue_stopped:0
4.7.0-deff:enp130s0f1_tx_queue_stopped:0
4.7.0-deff:SKT0_l2hit:0.7
4.7.0-deff:cpu_18:0
4.7.0-strict:Total_rx_bytes_phy:2048686.6
4.7.0-strict:enp4s0f0_tx_queue_stopped:0
4.7.0-strict:LLC-load:149072107.8
4.7.0-strict:Total_tx_packets_phy:567967.6
4.7.0-strict:TOTAL_l2hit:0.73
4.7.0-strict:cycles:16146531128.8
4.7.0-strict:cpu_5:0
4.7.0-strict:cpu_27:0
4.7.0-strict:cpu_19:0
4.7.0-strict:TOTAL_l3mpi:0
4.7.0-strict:SKT1_ipc:0.312
4.7.0-strict:enp4s0f0_rx_bytes_phy:0
4.7.0-strict:Total_rx_packets_phy:27982.6
4.7.0-strict:Total_tx_queue_stopped:0
4.7.0-strict:LLC-store:401484611.8
4.7.0-strict:enp4s0f0_rx_packets_phy:0
4.7.0-strict:enp4s0f1_rx_bytes:0
4.7.0-strict:enp130s0f0_rx_bytes_phy:2048686.6
4.7.0-strict:enp130s0f1_rx_packets:0
4.7.0-strict:enp130s0f0_rx_bytes:1936246.6
4.7.0-strict:cpu_4:0
4.7.0-strict:enp130s0f1_rx_packets_phy:0
4.7.0-strict:enp4s0f1_rx_packets:0
4.7.0-strict:enp130s0f1_tx_packets_phy:0
4.7.0-strict:TOTAL_l3miss:4777400
4.7.0-strict:cache-misses:4732999
4.7.0-strict:cpu_26:0
4.7.0-strict:enp4s0f1_tx_bytes:0
4.7.0-strict:Memory:5190.06
4.7.0-strict:cpu_17:0.196
4.7.0-strict:enp130s0f0_tx_bytes_phy:5114729865.8
4.7.0-strict:cache-references:964678187.6
4.7.0-strict:cpu_11:0
4.7.0-strict:cpu_0:0
4.7.0-strict:TOTAL_l2miss:71400000
4.7.0-strict:TOTAL_l3hit:0.932
4.7.0-strict:enp4s0f1_tx_packets:0
4.7.0-strict:Read:5130.364
4.7.0-strict:SKT1_l3miss:135000
4.7.0-strict:Total_rx_packets:27975
4.7.0-strict:enp4s0f1_tx_bytes_phy:0
4.7.0-strict:SKT0_ipc:0.43
4.7.0-strict:SKT1_l2mpi:0.01
4.7.0-strict:enp130s0f0_tx_packets_phy:567967.6
4.7.0-strict:cpu_20:0
4.7.0-strict:instructions:6932182391.2
4.7.0-strict:TOTAL_ipc:0.43
4.7.0-strict:SKT0_l2miss:71200000
4.7.0-strict:SKT1_l3mpi:0
4.7.0-strict:cpu_24:0
4.7.0-strict:cpu_8:0
4.7.0-strict:cpu_22:0
4.7.0-strict:cpu_12:0
4.7.0-strict:cpu_23:0
4.7.0-strict:enp4s0f1_rx_packets_phy:0
4.7.0-strict:enp130s0f0_rx_packets_phy:27982.6
4.7.0-strict:cpu_3:0
4.7.0-strict:cpu_25:0
4.7.0-strict:cpu_10:0
4.7.0-strict:SKT0_l3hit:0.934
4.7.0-strict:Write:59.7
4.7.0-strict:TOTAL_l2mpi:0.01
4.7.0-strict:SKT1_l2miss:483600
4.7.0-strict:SKT1_l3hit:0.72
4.7.0-strict:cpu_total:3.11
4.7.0-strict:enp4s0f0_tx_packets_phy:0
4.7.0-strict:LLC-load-misses:3581265.4
4.7.0-strict:enp130s0f0_rx_packets:27975
4.7.0-strict:cpu_1:0
4.7.0-strict:cpu_15:0
4.7.0-strict:enp4s0f0_tx_packets:0
4.7.0-strict:enp4s0f0_rx_packets:0
4.7.0-strict:SKT0_l3miss:4642200
4.7.0-strict:enp130s0f0_tx_queue_stopped:0
4.7.0-strict:enp130s0f1_tx_queue_stopped:0
4.7.0-strict:cpu_18:0
4.7.0-strict:SKT0_l2hit:0.73
4.7.0-strict:enp4s0f1_tx_packets_phy:0
4.7.0-strict:cpu_21:0
4.7.0-strict:SKT0_l3mpi:0
4.7.0-strict:enp130s0f0_tx_bytes:5112906530.6
4.7.0-strict:enp4s0f0_tx_bytes:0
4.7.0-strict:Total_tx_bytes_phy:5114729865.8
4.7.0-strict:cpu_16:0
4.7.0-strict:cpu_7:0
4.7.0-strict:enp4s0f1_tx_queue_stopped:0
4.7.0-strict:Total_rx_bytes:1936246.6
4.7.0-strict:SKT0_l2mpi:0.01
4.7.0-strict:enp130s0f1_rx_bytes:0
4.7.0-strict:cpu_2:100
4.7.0-strict:cpu_13:0.196
4.7.0-strict:enp4s0f1_rx_bytes_phy:0
4.7.0-strict:enp130s0f1_rx_bytes_phy:0
4.7.0-strict:LLC-store-misses:324311.8
4.7.0-strict:enp130s0f1_tx_bytes:0
4.7.0-strict:enp130s0f1_tx_packets:0
4.7.0-strict:enp4s0f0_tx_bytes_phy:0
4.7.0-strict:enp130s0f1_tx_bytes_phy:0
4.7.0-strict:enp130s0f0_tx_packets:82317.6
4.7.0-strict:cpu_9:0
4.7.0-strict:Total_tx_bytes:5112906530.6
4.7.0-strict:cpu_6:0
4.7.0-strict:Total_tx_packets:82317.6
4.7.0-strict:SKT1_l2hit:0.264
4.7.0-strict:16384:87380
4.7.0-strict:enp4s0f0_rx_bytes:0
4.7.0-strict:cpu_14:0
4.7.0-unsafe:cpu_3:0.196
4.7.0-unsafe:cpu_25:0
4.7.0-unsafe:cpu_10:0
4.7.0-unsafe:cpu_23:0
4.7.0-unsafe:enp4s0f1_rx_packets_phy:0
4.7.0-unsafe:enp130s0f0_rx_packets_phy:37871.4
4.7.0-unsafe:cpu_total:3.172
4.7.0-unsafe:SKT1_l3hit:0.718
4.7.0-unsafe:enp4s0f0_tx_packets_phy:0
4.7.0-unsafe:LLC-load-misses:1485917.6
4.7.0-unsafe:cpu_1:0
4.7.0-unsafe:enp130s0f0_rx_packets:37913
4.7.0-unsafe:SKT0_l3hit:0.97
4.7.0-unsafe:SKT1_l2miss:587400
4.7.0-unsafe:TOTAL_l2mpi:0.02
4.7.0-unsafe:Write:60.048
4.7.0-unsafe:enp130s0f1_tx_queue_stopped:0
4.7.0-unsafe:enp130s0f0_tx_queue_stopped:0
4.7.0-unsafe:cpu_18:0
4.7.0-unsafe:SKT0_l2hit:0.71
4.7.0-unsafe:enp4s0f1_tx_packets_phy:0
4.7.0-unsafe:cpu_21:0
4.7.0-unsafe:SKT0_l3mpi:0
4.7.0-unsafe:cpu_15:0
4.7.0-unsafe:enp4s0f0_tx_packets:0
4.7.0-unsafe:enp4s0f0_rx_packets:0
4.7.0-unsafe:SKT0_l3miss:3269400
4.7.0-unsafe:enp130s0f0_tx_bytes:9024572051
4.7.0-unsafe:enp4s0f0_tx_bytes:0
4.7.0-unsafe:Total_tx_bytes_phy:9028782110.4
4.7.0-unsafe:cpu_16:0
4.7.0-unsafe:cpu_7:0
4.7.0-unsafe:cpu_2:100
4.7.0-unsafe:cpu_13:0
4.7.0-unsafe:enp4s0f1_rx_bytes_phy:0
4.7.0-unsafe:enp4s0f1_tx_queue_stopped:0
4.7.0-unsafe:Total_rx_bytes:2607133
4.7.0-unsafe:enp130s0f1_rx_bytes:0
4.7.0-unsafe:SKT0_l2mpi:0.02
4.7.0-unsafe:enp4s0f0_tx_bytes_phy:0
4.7.0-unsafe:enp130s0f1_tx_bytes_phy:0
4.7.0-unsafe:enp130s0f1_tx_bytes:0
4.7.0-unsafe:LLC-store-misses:456400.6
4.7.0-unsafe:enp130s0f1_tx_packets:0
4.7.0-unsafe:enp130s0f1_rx_bytes_phy:0
4.7.0-unsafe:enp4s0f0_rx_bytes:0
4.7.0-unsafe:SKT1_l2hit:0.246
4.7.0-unsafe:16384:87380
4.7.0-unsafe:cpu_14:0
4.7.0-unsafe:enp130s0f0_tx_packets:143580.8
4.7.0-unsafe:cpu_9:0.392
4.7.0-unsafe:cpu_6:0
4.7.0-unsafe:Total_tx_bytes:9024572051
4.7.0-unsafe:Total_tx_packets:143580.8
4.7.0-unsafe:cpu_5:0.196
4.7.0-unsafe:cpu_27:0.196
4.7.0-unsafe:cpu_19:0
4.7.0-unsafe:Total_rx_bytes_phy:2755499.8
4.7.0-unsafe:enp4s0f0_tx_queue_stopped:0
4.7.0-unsafe:LLC-load:264177223.2
4.7.0-unsafe:Total_tx_packets_phy:1001529
4.7.0-unsafe:TOTAL_l2hit:0.71
4.7.0-unsafe:cycles:16168977766.2
4.7.0-unsafe:Total_tx_queue_stopped:0
4.7.0-unsafe:LLC-store:708908545
4.7.0-unsafe:enp4s0f0_rx_packets_phy:0
4.7.0-unsafe:TOTAL_l3mpi:0
4.7.0-unsafe:SKT1_ipc:0.312
4.7.0-unsafe:enp4s0f0_rx_bytes_phy:0
4.7.0-unsafe:Total_rx_packets_phy:37871.4
4.7.0-unsafe:enp130s0f0_rx_bytes:2607133
4.7.0-unsafe:enp4s0f1_rx_bytes:0
4.7.0-unsafe:enp130s0f0_rx_bytes_phy:2755499.8
4.7.0-unsafe:enp130s0f1_rx_packets:0
4.7.0-unsafe:enp130s0f1_tx_packets_phy:0
4.7.0-unsafe:TOTAL_l3miss:3436200
4.7.0-unsafe:cache-misses:3311223.4
4.7.0-unsafe:enp4s0f1_tx_bytes:0
4.7.0-unsafe:cpu_26:0
4.7.0-unsafe:cpu_4:0
4.7.0-unsafe:enp130s0f1_rx_packets_phy:0
4.7.0-unsafe:enp4s0f1_rx_packets:0
4.7.0-unsafe:enp130s0f0_tx_bytes_phy:9028782110.4
4.7.0-unsafe:cpu_11:0
4.7.0-unsafe:cache-references:1698665399.6
4.7.0-unsafe:Memory:8737.436
4.7.0-unsafe:cpu_17:0
4.7.0-unsafe:SKT0_ipc:0.43
4.7.0-unsafe:SKT1_l2mpi:0.01
4.7.0-unsafe:enp130s0f0_tx_packets_phy:1001529
4.7.0-unsafe:cpu_0:0
4.7.0-unsafe:TOTAL_l2miss:123000000
4.7.0-unsafe:TOTAL_l3hit:0.97
4.7.0-unsafe:enp4s0f1_tx_packets:0
4.7.0-unsafe:Read:8677.386
4.7.0-unsafe:SKT1_l3miss:166600
4.7.0-unsafe:enp4s0f1_tx_bytes_phy:0
4.7.0-unsafe:Total_rx_packets:37913
4.7.0-unsafe:instructions:6968433303.6
4.7.0-unsafe:cpu_20:0
4.7.0-unsafe:cpu_22:0
4.7.0-unsafe:cpu_12:0
4.7.0-unsafe:TOTAL_ipc:0.43
4.7.0-unsafe:SKT1_l3mpi:0
4.7.0-unsafe:cpu_8:0
4.7.0-unsafe:SKT0_l2miss:122800000
4.7.0-unsafe:cpu_24:0
