4.7.0-copy-plus-hp-strict:enp4s0f0_rx_packets:0
4.7.0-copy-plus-hp-strict:enp130s0f0_tx_queue_stopped:0
4.7.0-copy-plus-hp-strict:enp4s0f1_rx_packets_phy:1381508.4
4.7.0-copy-plus-hp-strict:enp130s0f0_tx_bytes:0
4.7.0-copy-plus-hp-strict:enp130s0f1_tx_packets:0
4.7.0-copy-plus-hp-strict:cpu_21:15.624
4.7.0-copy-plus-hp-strict:enp4s0f0_tx_packets:0
4.7.0-copy-plus-hp-strict:cpu_4:43.651
4.7.0-copy-plus-hp-strict:TOTAL_l3hit:0.396
4.7.0-copy-plus-hp-strict:cpu_26:39.806
4.7.0-copy-plus-hp-strict:SKT0_l2mpi:0.043
4.7.0-copy-plus-hp-strict:cpu_17:16.504
4.7.0-copy-plus-hp-strict:Total_rx_packets_phy:1381508.4
4.7.0-copy-plus-hp-strict:enp4s0f0_rx_packets_phy:0
4.7.0-copy-plus-hp-strict:cpu_20:33.9
4.7.0-copy-plus-hp-strict:SKT1_l3hit:0.121
4.7.0-copy-plus-hp-strict:cpu_9:16.893
4.7.0-copy-plus-hp-strict:Total_rx_packets:631797
4.7.0-copy-plus-hp-strict:Total_tx_queue_stopped:0
4.7.0-copy-plus-hp-strict:enp130s0f1_tx_queue_stopped:0
4.7.0-copy-plus-hp-strict:cpu_15:14.08
4.7.0-copy-plus-hp-strict:enp4s0f1_rx_bytes_phy:12458418428.2
4.7.0-copy-plus-hp-strict:enp4s0f1_tx_packets:299433.8
4.7.0-copy-plus-hp-strict:cpu_13:15.636
4.7.0-copy-plus-hp-strict:enp130s0f1_rx_bytes_phy:0
4.7.0-copy-plus-hp-strict:enp130s0f1_tx_packets_phy:0
4.7.0-copy-plus-hp-strict:cache-misses:847962356.7
4.7.0-copy-plus-hp-strict:enp130s0f1_tx_bytes:0
4.7.0-copy-plus-hp-strict:LLC-load:1316802540.6
4.7.0-copy-plus-hp-strict:SKT0_ipc:0.267
4.7.0-copy-plus-hp-strict:cpu_8:46.446
4.7.0-copy-plus-hp-strict:enp4s0f1_rx_bytes:12401997843.3
4.7.0-copy-plus-hp-strict:enp4s0f1_tx_packets_phy:303439
4.7.0-copy-plus-hp-strict:enp130s0f1_rx_bytes:0
4.7.0-copy-plus-hp-strict:cpu_18:53.911
4.7.0-copy-plus-hp-strict:enp4s0f1_tx_queue_stopped:0
4.7.0-copy-plus-hp-strict:cpu_16:40.102
4.7.0-copy-plus-hp-strict:enp4s0f0_tx_bytes_phy:0
4.7.0-copy-plus-hp-strict:enp130s0f0_rx_bytes_phy:0
4.7.0-copy-plus-hp-strict:enp130s0f0_tx_packets_phy:0
4.7.0-copy-plus-hp-strict:Read:12633.61
4.7.0-copy-plus-hp-strict:Memory:38326.072
4.7.0-copy-plus-hp-strict:SKT0_l3mpi:0.02
4.7.0-copy-plus-hp-strict:LLC-store-misses:83835507.3
4.7.0-copy-plus-hp-strict:Total_tx_packets:299433.8
4.7.0-copy-plus-hp-strict:cpu_24:60.81
4.7.0-copy-plus-hp-strict:TOTAL_l2mpi:0.048
4.7.0-copy-plus-hp-strict:TOTAL_l2miss:1415100000
4.7.0-copy-plus-hp-strict:TOTAL_ipc:0.282
4.7.0-copy-plus-hp-strict:SKT1_l2hit:0.3
4.7.0-copy-plus-hp-strict:enp4s0f0_tx_packets_phy:0
4.7.0-copy-plus-hp-strict:enp4s0f0_rx_bytes_phy:0
4.7.0-copy-plus-hp-strict:Total_rx_bytes_phy:12458418428.2
4.7.0-copy-plus-hp-strict:cpu_7:14.071
4.7.0-copy-plus-hp-strict:enp130s0f0_rx_packets_phy:0
4.7.0-copy-plus-hp-strict:SKT1_l2miss:499900000
4.7.0-copy-plus-hp-strict:Total_tx_bytes_phy:21684003.2
4.7.0-copy-plus-hp-strict:enp130s0f0_tx_bytes_phy:0
4.7.0-copy-plus-hp-strict:SKT0_l2miss:914800000
4.7.0-copy-plus-hp-strict:enp130s0f1_tx_bytes_phy:0
4.7.0-copy-plus-hp-strict:Total_tx_packets_phy:303439
4.7.0-copy-plus-hp-strict:LLC-load-misses:421034478.6
4.7.0-copy-plus-hp-strict:cpu_23:19.115
4.7.0-copy-plus-hp-strict:cpu_10:48.641
4.7.0-copy-plus-hp-strict:cpu_14:53.495
4.7.0-copy-plus-hp-strict:Write:25692.464
4.7.0-copy-plus-hp-strict:SKT1_l3mpi:0.044
4.7.0-copy-plus-hp-strict:enp4s0f1_tx_bytes_phy:21684003.2
4.7.0-copy-plus-hp-strict:enp130s0f0_tx_packets:0
4.7.0-copy-plus-hp-strict:cpu_total:30.148
4.7.0-copy-plus-hp-strict:SKT0_l2hit:0.518
4.7.0-copy-plus-hp-strict:cpu_22:52.241
4.7.0-copy-plus-hp-strict:cpu_11:16.031
4.7.0-copy-plus-hp-strict:enp130s0f0_rx_bytes:0
4.7.0-copy-plus-hp-strict:cpu_27:13.589
4.7.0-copy-plus-hp-strict:cache-references:5332278596
4.7.0-copy-plus-hp-strict:TOTAL_l3miss:852800000
4.7.0-copy-plus-hp-strict:SKT0_l3hit:0.55
4.7.0-copy-plus-hp-strict:instructions:30757903663.3
4.7.0-copy-plus-hp-strict:enp4s0f1_tx_bytes:20229660.9
4.7.0-copy-plus-hp-strict:enp4s0f0_rx_bytes:0
4.7.0-copy-plus-hp-strict:SKT1_ipc:0.313
4.7.0-copy-plus-hp-strict:SKT1_l3miss:440200000
4.7.0-copy-plus-hp-strict:cycles:109249774367.7
4.7.0-copy-plus-hp-strict:Total_rx_bytes:12401997843.3
4.7.0-copy-plus-hp-strict:enp4s0f0_tx_queue_stopped:0
4.7.0-copy-plus-hp-strict:cpu_6:47.076
4.7.0-copy-plus-hp-strict:cpu_1:15.235
4.7.0-copy-plus-hp-strict:cpu_5:18.631
4.7.0-copy-plus-hp-strict:SKT1_l2mpi:0.05
4.7.0-copy-plus-hp-strict:enp130s0f0_rx_packets:0
4.7.0-copy-plus-hp-strict:cpu_12:35.823
4.7.0-copy-plus-hp-strict:cpu_0:16.696
4.7.0-copy-plus-hp-strict:SKT0_l3miss:411900000
4.7.0-copy-plus-hp-strict:LLC-store:1933348899.6
4.7.0-copy-plus-hp-strict:TOTAL_l2hit:0.458
4.7.0-copy-plus-hp-strict:TOTAL_l3mpi:0.029
4.7.0-copy-plus-hp-strict:cpu_3:22.305
4.7.0-copy-plus-hp-strict:cpu_25:16.599
4.7.0-copy-plus-hp-strict:enp130s0f1_rx_packets:0
4.7.0-copy-plus-hp-strict:cpu_19:15.442
4.7.0-copy-plus-hp-strict:Total_tx_bytes:20229660.9
4.7.0-copy-plus-hp-strict:enp4s0f1_rx_packets:631797
4.7.0-copy-plus-hp-strict:enp130s0f1_rx_packets_phy:0
4.7.0-copy-plus-hp-strict:16384:87380
4.7.0-copy-plus-hp-strict:cpu_2:41.862
4.7.0-copy-plus-hp-strict:enp4s0f0_tx_bytes:0
4.7.0-damn-strict:cpu_5:16.146
4.7.0-damn-strict:SKT1_l2mpi:0.063
4.7.0-damn-strict:enp130s0f0_rx_packets:0
4.7.0-damn-strict:cpu_12:29.071
4.7.0-damn-strict:enp4s0f0_rx_bytes:0
4.7.0-damn-strict:SKT1_ipc:0.32
4.7.0-damn-strict:cycles:73608254079
4.7.0-damn-strict:SKT1_l3miss:459200000
4.7.0-damn-strict:enp4s0f0_tx_queue_stopped:0
4.7.0-damn-strict:Total_rx_bytes:12326805814.3
4.7.0-damn-strict:cpu_6:22.91
4.7.0-damn-strict:cpu_1:17.321
4.7.0-damn-strict:cpu_22:25.333
4.7.0-damn-strict:cpu_11:20.141
4.7.0-damn-strict:cpu_27:14.489
4.7.0-damn-strict:enp130s0f0_rx_bytes:0
4.7.0-damn-strict:cache-references:2910533965.6
4.7.0-damn-strict:instructions:34326802097.9
4.7.0-damn-strict:TOTAL_l3miss:654500000
4.7.0-damn-strict:SKT0_l3hit:0.534
4.7.0-damn-strict:enp4s0f1_tx_bytes:23799030.8
4.7.0-damn-strict:cpu_14:21.029
4.7.0-damn-strict:SKT1_l3mpi:0.048
4.7.0-damn-strict:Write:12290.064
4.7.0-damn-strict:enp4s0f1_tx_bytes_phy:27253535.6
4.7.0-damn-strict:enp130s0f0_tx_packets:0
4.7.0-damn-strict:cpu_total:19.081
4.7.0-damn-strict:SKT0_l2hit:0.541
4.7.0-damn-strict:16384:87380
4.7.0-damn-strict:cpu_2:24.053
4.7.0-damn-strict:enp4s0f0_tx_bytes:0
4.7.0-damn-strict:cpu_3:12.129
4.7.0-damn-strict:cpu_25:16.347
4.7.0-damn-strict:enp130s0f1_rx_packets:0
4.7.0-damn-strict:enp4s0f1_rx_packets:623140
4.7.0-damn-strict:cpu_19:17.126
4.7.0-damn-strict:Total_tx_bytes:23799030.8
4.7.0-damn-strict:enp130s0f1_rx_packets_phy:0
4.7.0-damn-strict:TOTAL_l3mpi:0.02
4.7.0-damn-strict:cpu_0:17.618
4.7.0-damn-strict:SKT0_l3miss:194800000
4.7.0-damn-strict:LLC-store:926413323.2
4.7.0-damn-strict:TOTAL_l2hit:0.433
4.7.0-damn-strict:enp130s0f1_tx_bytes:0
4.7.0-damn-strict:SKT0_ipc:0.565
4.7.0-damn-strict:LLC-load:824420265.7
4.7.0-damn-strict:enp4s0f1_tx_packets_phy:392029.2
4.7.0-damn-strict:enp4s0f1_rx_bytes:12326805814.3
4.7.0-damn-strict:cpu_8:20.754
4.7.0-damn-strict:enp130s0f1_rx_bytes:0
4.7.0-damn-strict:cpu_18:25.259
4.7.0-damn-strict:cpu_16:24.957
4.7.0-damn-strict:enp4s0f1_tx_queue_stopped:0
4.7.0-damn-strict:enp4s0f0_tx_bytes_phy:0
4.7.0-damn-strict:enp130s0f1_tx_queue_stopped:0
4.7.0-damn-strict:Total_tx_queue_stopped:0
4.7.0-damn-strict:cpu_15:13.9
4.7.0-damn-strict:enp4s0f1_rx_bytes_phy:12381774949.2
4.7.0-damn-strict:enp4s0f1_tx_packets:360586
4.7.0-damn-strict:cpu_13:13.505
4.7.0-damn-strict:enp130s0f1_tx_packets_phy:0
4.7.0-damn-strict:enp130s0f1_rx_bytes_phy:0
4.7.0-damn-strict:cache-misses:659562969.3
4.7.0-damn-strict:Total_rx_packets_phy:1373006.1
4.7.0-damn-strict:enp4s0f0_rx_packets_phy:0
4.7.0-damn-strict:SKT1_l3hit:0.21
4.7.0-damn-strict:cpu_20:21.997
4.7.0-damn-strict:cpu_9:13.196
4.7.0-damn-strict:Total_rx_packets:623140
4.7.0-damn-strict:enp4s0f0_rx_packets:0
4.7.0-damn-strict:enp4s0f1_rx_packets_phy:1373006.1
4.7.0-damn-strict:enp130s0f0_tx_queue_stopped:0
4.7.0-damn-strict:enp130s0f0_tx_bytes:0
4.7.0-damn-strict:enp130s0f1_tx_packets:0
4.7.0-damn-strict:cpu_4:18.771
4.7.0-damn-strict:enp4s0f0_tx_packets:0
4.7.0-damn-strict:cpu_21:13.985
4.7.0-damn-strict:TOTAL_l3hit:0.346
4.7.0-damn-strict:cpu_26:22.113
4.7.0-damn-strict:SKT0_l2mpi:0.02
4.7.0-damn-strict:cpu_17:14.289
4.7.0-damn-strict:enp130s0f0_tx_bytes_phy:0
4.7.0-damn-strict:SKT0_l2miss:418700000
4.7.0-damn-strict:enp130s0f1_tx_bytes_phy:0
4.7.0-damn-strict:Total_tx_packets_phy:392029.2
4.7.0-damn-strict:LLC-load-misses:383235288.1
4.7.0-damn-strict:cpu_23:17.324
4.7.0-damn-strict:cpu_10:22.99
4.7.0-damn-strict:enp4s0f0_rx_bytes_phy:0
4.7.0-damn-strict:Total_rx_bytes_phy:12381774949.2
4.7.0-damn-strict:cpu_7:16.839
4.7.0-damn-strict:enp130s0f0_rx_packets_phy:0
4.7.0-damn-strict:Total_tx_bytes_phy:27253535.6
4.7.0-damn-strict:SKT1_l2miss:581700000
4.7.0-damn-strict:Total_tx_packets:360586
4.7.0-damn-strict:cpu_24:21.027
4.7.0-damn-strict:TOTAL_l2mpi:0.03
4.7.0-damn-strict:TOTAL_l2miss:1000900000
4.7.0-damn-strict:TOTAL_ipc:0.464
4.7.0-damn-strict:SKT1_l2hit:0.323
4.7.0-damn-strict:enp4s0f0_tx_packets_phy:0
4.7.0-damn-strict:enp130s0f0_rx_bytes_phy:0
4.7.0-damn-strict:enp130s0f0_tx_packets_phy:0
4.7.0-damn-strict:Memory:22108.163
4.7.0-damn-strict:Read:9818.102
4.7.0-damn-strict:SKT0_l3mpi:0.01
4.7.0-damn-strict:LLC-store-misses:33973113.3
4.7.0-defer:enp4s0f0_tx_packets_phy:0
4.7.0-defer:TOTAL_ipc:0.519
4.7.0-defer:SKT1_l2hit:0.286
4.7.0-defer:TOTAL_l2mpi:0.02
4.7.0-defer:TOTAL_l2miss:846600000
4.7.0-defer:Total_tx_packets:317942.2
4.7.0-defer:cpu_24:26.417
4.7.0-defer:SKT0_l3mpi:0.01
4.7.0-defer:LLC-store-misses:28248557.7
4.7.0-defer:Memory:21898.057
4.7.0-defer:Read:9366.641
4.7.0-defer:enp130s0f0_rx_bytes_phy:0
4.7.0-defer:enp130s0f0_tx_packets_phy:0
4.7.0-defer:cpu_10:25.648
4.7.0-defer:LLC-load-misses:391359587.1
4.7.0-defer:cpu_23:16.184
4.7.0-defer:SKT0_l2miss:351200000
4.7.0-defer:enp130s0f1_tx_bytes_phy:0
4.7.0-defer:Total_tx_packets_phy:331638.1
4.7.0-defer:enp130s0f0_tx_bytes_phy:0
4.7.0-defer:enp130s0f0_rx_packets_phy:0
4.7.0-defer:Total_tx_bytes_phy:23536189
4.7.0-defer:SKT1_l2miss:494800000
4.7.0-defer:cpu_7:11.994
4.7.0-defer:enp4s0f0_rx_bytes_phy:0
4.7.0-defer:Total_rx_bytes_phy:12433902983.2
4.7.0-defer:Total_rx_packets:638441.4
4.7.0-defer:SKT1_l3hit:0.121
4.7.0-defer:cpu_20:22.725
4.7.0-defer:cpu_9:13.564
4.7.0-defer:enp4s0f0_rx_packets_phy:0
4.7.0-defer:Total_rx_packets_phy:1378786.8
4.7.0-defer:cpu_17:14.924
4.7.0-defer:SKT0_l2mpi:0.01
4.7.0-defer:TOTAL_l3hit:0.257
4.7.0-defer:cpu_26:29.273
4.7.0-defer:cpu_4:23.988
4.7.0-defer:enp4s0f0_tx_packets:0
4.7.0-defer:cpu_21:13.175
4.7.0-defer:enp130s0f0_tx_queue_stopped:0
4.7.0-defer:enp4s0f0_rx_packets:0
4.7.0-defer:enp4s0f1_rx_packets_phy:1378786.8
4.7.0-defer:enp130s0f0_tx_bytes:0
4.7.0-defer:enp130s0f1_tx_packets:0
4.7.0-defer:cpu_16:21.373
4.7.0-defer:enp4s0f1_tx_queue_stopped:0
4.7.0-defer:enp4s0f0_tx_bytes_phy:0
4.7.0-defer:enp130s0f1_rx_bytes:0
4.7.0-defer:cpu_18:22.451
4.7.0-defer:LLC-load:830952212.8
4.7.0-defer:SKT0_ipc:0.645
4.7.0-defer:enp4s0f1_tx_packets_phy:331638.1
4.7.0-defer:enp4s0f1_rx_bytes:12379277825.2
4.7.0-defer:cpu_8:22.068
4.7.0-defer:enp130s0f1_tx_bytes:0
4.7.0-defer:cache-misses:626097144.9
4.7.0-defer:cpu_13:14.717
4.7.0-defer:enp130s0f1_rx_bytes_phy:0
4.7.0-defer:enp130s0f1_tx_packets_phy:0
4.7.0-defer:enp4s0f1_rx_bytes_phy:12433902983.2
4.7.0-defer:enp4s0f1_tx_packets:317942.2
4.7.0-defer:Total_tx_queue_stopped:0
4.7.0-defer:enp130s0f1_tx_queue_stopped:0
4.7.0-defer:cpu_15:12.392
4.7.0-defer:TOTAL_l3mpi:0.02
4.7.0-defer:TOTAL_l2hit:0.395
4.7.0-defer:SKT0_l3miss:192000000
4.7.0-defer:LLC-store:946935969.8
4.7.0-defer:cpu_0:13.929
4.7.0-defer:enp4s0f0_tx_bytes:0
4.7.0-defer:16384:87380
4.7.0-defer:cpu_2:20.392
4.7.0-defer:enp130s0f1_rx_packets_phy:0
4.7.0-defer:enp130s0f1_rx_packets:0
4.7.0-defer:enp4s0f1_rx_packets:638441.4
4.7.0-defer:Total_tx_bytes:21388214.7
4.7.0-defer:cpu_19:15.906
4.7.0-defer:cpu_3:15.315
4.7.0-defer:cpu_25:15.909
4.7.0-defer:enp4s0f1_tx_bytes:21388214.7
4.7.0-defer:TOTAL_l3miss:628500000
4.7.0-defer:SKT0_l3hit:0.453
4.7.0-defer:instructions:37491049539.9
4.7.0-defer:cache-references:2908123044.2
4.7.0-defer:cpu_27:13.454
4.7.0-defer:enp130s0f0_rx_bytes:0
4.7.0-defer:cpu_11:12.961
4.7.0-defer:cpu_22:22.619
4.7.0-defer:SKT0_l2hit:0.505
4.7.0-defer:enp130s0f0_tx_packets:0
4.7.0-defer:cpu_total:19.079
4.7.0-defer:cpu_14:29.56
4.7.0-defer:SKT1_l3mpi:0.05
4.7.0-defer:enp4s0f1_tx_bytes_phy:23536189
4.7.0-defer:Write:12531.414
4.7.0-defer:enp130s0f0_rx_packets:0
4.7.0-defer:SKT1_l2mpi:0.057
4.7.0-defer:cpu_12:28.597
4.7.0-defer:cpu_5:14.75
4.7.0-defer:cpu_6:25.397
4.7.0-defer:cpu_1:14.548
4.7.0-defer:SKT1_l3miss:435800000
4.7.0-defer:cycles:72096254019.2
4.7.0-defer:Total_rx_bytes:12379277825.2
4.7.0-defer:enp4s0f0_tx_queue_stopped:0
4.7.0-defer:enp4s0f0_rx_bytes:0
4.7.0-defer:SKT1_ipc:0.32
4.7.0-strict:cpu_25:12.94
4.7.0-strict:cpu_3:18.112
4.7.0-strict:cpu_19:11.374
4.7.0-strict:enp4s0f1_rx_packets:529207.4
4.7.0-strict:Total_tx_bytes:18303347
4.7.0-strict:enp130s0f1_rx_packets:0
4.7.0-strict:enp130s0f1_rx_packets_phy:0
4.7.0-strict:cpu_2:41.954
4.7.0-strict:16384:87380
4.7.0-strict:enp4s0f0_tx_bytes:0
4.7.0-strict:cpu_0:24.691
4.7.0-strict:LLC-store:817649881.8
4.7.0-strict:SKT0_l3miss:184400000
4.7.0-strict:TOTAL_l2hit:0.385
4.7.0-strict:TOTAL_l3mpi:0.012
4.7.0-strict:enp4s0f0_rx_bytes:0
4.7.0-strict:SKT1_ipc:0.346
4.7.0-strict:enp4s0f0_tx_queue_stopped:0
4.7.0-strict:Total_rx_bytes:10106541292.5
4.7.0-strict:SKT1_l3miss:382200000
4.7.0-strict:cycles:99353961123.5
4.7.0-strict:cpu_1:10.602
4.7.0-strict:cpu_6:53.251
4.7.0-strict:cpu_5:15.584
4.7.0-strict:cpu_12:44.873
4.7.0-strict:SKT1_l2mpi:0.046
4.7.0-strict:enp130s0f0_rx_packets:0
4.7.0-strict:SKT1_l3mpi:0.039
4.7.0-strict:enp4s0f1_tx_bytes_phy:70933295.6
4.7.0-strict:Write:10330.893
4.7.0-strict:cpu_14:40.026
4.7.0-strict:cpu_total:28.063
4.7.0-strict:enp130s0f0_tx_packets:0
4.7.0-strict:SKT0_l2hit:0.461
4.7.0-strict:cpu_11:13.252
4.7.0-strict:cpu_22:35.736
4.7.0-strict:enp130s0f0_rx_bytes:0
4.7.0-strict:cpu_27:14.291
4.7.0-strict:cache-references:2505294397.4
4.7.0-strict:SKT0_l3hit:0.465
4.7.0-strict:TOTAL_l3miss:567200000
4.7.0-strict:instructions:39459934408
4.7.0-strict:enp4s0f1_tx_bytes:18303347
4.7.0-strict:Total_rx_bytes_phy:10148599374.1
4.7.0-strict:enp4s0f0_rx_bytes_phy:0
4.7.0-strict:cpu_7:17.988
4.7.0-strict:Total_tx_bytes_phy:70933295.6
4.7.0-strict:SKT1_l2miss:434500000
4.7.0-strict:enp130s0f0_rx_packets_phy:0
4.7.0-strict:enp130s0f0_tx_bytes_phy:0
4.7.0-strict:Total_tx_packets_phy:1074366.2
4.7.0-strict:enp130s0f1_tx_bytes_phy:0
4.7.0-strict:SKT0_l2miss:343600000
4.7.0-strict:cpu_23:18.108
4.7.0-strict:LLC-load-misses:355892042.3
4.7.0-strict:cpu_10:43.112
4.7.0-strict:enp130s0f0_tx_packets_phy:0
4.7.0-strict:enp130s0f0_rx_bytes_phy:0
4.7.0-strict:Read:8502.878
4.7.0-strict:Memory:18833.772
4.7.0-strict:LLC-store-misses:28519989.1
4.7.0-strict:SKT0_l3mpi:0.01
4.7.0-strict:cpu_24:37.429
4.7.0-strict:Total_tx_packets:268821.5
4.7.0-strict:TOTAL_l2miss:778800000
4.7.0-strict:TOTAL_l2mpi:0.02
4.7.0-strict:SKT1_l2hit:0.306
4.7.0-strict:TOTAL_ipc:0.401
4.7.0-strict:enp4s0f0_tx_packets_phy:0
4.7.0-strict:Total_tx_queue_stopped:0
4.7.0-strict:cpu_15:19.642
4.7.0-strict:enp130s0f1_tx_queue_stopped:0
4.7.0-strict:enp4s0f1_tx_packets:268821.5
4.7.0-strict:enp4s0f1_rx_bytes_phy:10148599374.1
4.7.0-strict:enp130s0f1_rx_bytes_phy:0
4.7.0-strict:enp130s0f1_tx_packets_phy:0
4.7.0-strict:cpu_13:17.035
4.7.0-strict:cache-misses:570673879.1
4.7.0-strict:enp130s0f1_tx_bytes:0
4.7.0-strict:enp4s0f1_tx_packets_phy:1074366.2
4.7.0-strict:cpu_8:43.946
4.7.0-strict:enp4s0f1_rx_bytes:10106541292.5
4.7.0-strict:SKT0_ipc:0.422
4.7.0-strict:LLC-load:744616593
4.7.0-strict:cpu_18:29.548
4.7.0-strict:enp130s0f1_rx_bytes:0
4.7.0-strict:enp4s0f0_tx_bytes_phy:0
4.7.0-strict:cpu_16:41.709
4.7.0-strict:enp4s0f1_tx_queue_stopped:0
4.7.0-strict:enp130s0f1_tx_packets:0
4.7.0-strict:enp130s0f0_tx_bytes:0
4.7.0-strict:enp130s0f0_tx_queue_stopped:0
4.7.0-strict:enp4s0f0_rx_packets:0
4.7.0-strict:enp4s0f1_rx_packets_phy:1125371.2
4.7.0-strict:cpu_4:42.004
4.7.0-strict:enp4s0f0_tx_packets:0
4.7.0-strict:cpu_21:14.389
4.7.0-strict:cpu_26:44.186
4.7.0-strict:TOTAL_l3hit:0.272
4.7.0-strict:cpu_17:14.587
4.7.0-strict:SKT0_l2mpi:0.01
4.7.0-strict:Total_rx_packets_phy:1125371.2
4.7.0-strict:enp4s0f0_rx_packets_phy:0
4.7.0-strict:cpu_9:12.256
4.7.0-strict:SKT1_l3hit:0.121
4.7.0-strict:cpu_20:53.425
4.7.0-strict:Total_rx_packets:529207.4
4.7.0-unsafe:LLC-store-misses:25696489.5
4.7.0-unsafe:SKT0_l3mpi:0.01
4.7.0-unsafe:Memory:21912.619
4.7.0-unsafe:Read:9374.729
4.7.0-unsafe:enp130s0f0_rx_bytes_phy:0
4.7.0-unsafe:enp130s0f0_tx_packets_phy:0
4.7.0-unsafe:enp4s0f0_tx_packets_phy:0
4.7.0-unsafe:SKT1_l2hit:0.258
4.7.0-unsafe:TOTAL_ipc:0.443
4.7.0-unsafe:TOTAL_l2miss:820200000
4.7.0-unsafe:TOTAL_l2mpi:0.03
4.7.0-unsafe:cpu_24:22.548
4.7.0-unsafe:Total_tx_packets:309571.9
4.7.0-unsafe:Total_tx_bytes_phy:22822467
4.7.0-unsafe:SKT1_l2miss:477000000
4.7.0-unsafe:enp130s0f0_rx_packets_phy:0
4.7.0-unsafe:cpu_7:15.216
4.7.0-unsafe:Total_rx_bytes_phy:12437529588.5
4.7.0-unsafe:enp4s0f0_rx_bytes_phy:0
4.7.0-unsafe:cpu_10:23.019
4.7.0-unsafe:cpu_23:12.478
4.7.0-unsafe:LLC-load-misses:387326920.4
4.7.0-unsafe:Total_tx_packets_phy:321775.8
4.7.0-unsafe:enp130s0f1_tx_bytes_phy:0
4.7.0-unsafe:SKT0_l2miss:342800000
4.7.0-unsafe:enp130s0f0_tx_bytes_phy:0
4.7.0-unsafe:cpu_17:11.899
4.7.0-unsafe:SKT0_l2mpi:0.02
4.7.0-unsafe:cpu_26:19.047
4.7.0-unsafe:TOTAL_l3hit:0.244
4.7.0-unsafe:enp4s0f0_tx_packets:0
4.7.0-unsafe:cpu_21:13.171
4.7.0-unsafe:cpu_4:18.949
4.7.0-unsafe:enp130s0f1_tx_packets:0
4.7.0-unsafe:enp130s0f0_tx_bytes:0
4.7.0-unsafe:enp4s0f0_rx_packets:0
4.7.0-unsafe:enp130s0f0_tx_queue_stopped:0
4.7.0-unsafe:enp4s0f1_rx_packets_phy:1379188.6
4.7.0-unsafe:Total_rx_packets:730116
4.7.0-unsafe:cpu_9:10.346
4.7.0-unsafe:cpu_20:19.633
4.7.0-unsafe:SKT1_l3hit:0.122
4.7.0-unsafe:enp4s0f0_rx_packets_phy:0
4.7.0-unsafe:Total_rx_packets_phy:1379188.6
4.7.0-unsafe:cache-misses:625897952.9
4.7.0-unsafe:enp130s0f1_rx_bytes_phy:0
4.7.0-unsafe:enp130s0f1_tx_packets_phy:0
4.7.0-unsafe:cpu_13:11.517
4.7.0-unsafe:enp4s0f1_tx_packets:309571.9
4.7.0-unsafe:enp4s0f1_rx_bytes_phy:12437529588.5
4.7.0-unsafe:cpu_15:14.251
4.7.0-unsafe:Total_tx_queue_stopped:0
4.7.0-unsafe:enp130s0f1_tx_queue_stopped:0
4.7.0-unsafe:enp4s0f0_tx_bytes_phy:0
4.7.0-unsafe:enp4s0f1_tx_queue_stopped:0
4.7.0-unsafe:cpu_16:24.815
4.7.0-unsafe:cpu_18:20.601
4.7.0-unsafe:enp130s0f1_rx_bytes:0
4.7.0-unsafe:enp4s0f1_tx_packets_phy:321775.8
4.7.0-unsafe:enp4s0f1_rx_bytes:12389222612.1
4.7.0-unsafe:cpu_8:21.772
4.7.0-unsafe:LLC-load:810833301.2
4.7.0-unsafe:SKT0_ipc:0.554
4.7.0-unsafe:enp130s0f1_tx_bytes:0
4.7.0-unsafe:TOTAL_l2hit:0.377
4.7.0-unsafe:LLC-store:919621313.7
4.7.0-unsafe:SKT0_l3miss:200900000
4.7.0-unsafe:cpu_0:11.621
4.7.0-unsafe:TOTAL_l3mpi:0.02
4.7.0-unsafe:enp130s0f1_rx_packets_phy:0
4.7.0-unsafe:cpu_19:13.863
4.7.0-unsafe:enp4s0f1_rx_packets:730116
4.7.0-unsafe:Total_tx_bytes:20803193.5
4.7.0-unsafe:enp130s0f1_rx_packets:0
4.7.0-unsafe:cpu_25:15.626
4.7.0-unsafe:cpu_3:16.986
4.7.0-unsafe:enp4s0f0_tx_bytes:0
4.7.0-unsafe:cpu_2:17.39
4.7.0-unsafe:16384:87380
4.7.0-unsafe:SKT0_l2hit:0.493
4.7.0-unsafe:cpu_total:16.856
4.7.0-unsafe:enp130s0f0_tx_packets:0
4.7.0-unsafe:SKT1_l3mpi:0.057
4.7.0-unsafe:enp4s0f1_tx_bytes_phy:22822467
4.7.0-unsafe:Write:12537.891
4.7.0-unsafe:cpu_14:20.22
4.7.0-unsafe:TOTAL_l3miss:620000000
4.7.0-unsafe:SKT0_l3hit:0.413
4.7.0-unsafe:instructions:28171810709.8
4.7.0-unsafe:enp4s0f1_tx_bytes:20803193.5
4.7.0-unsafe:cache-references:2838427977.3
4.7.0-unsafe:cpu_27:11.429
4.7.0-unsafe:enp130s0f0_rx_bytes:0
4.7.0-unsafe:cpu_11:15.828
4.7.0-unsafe:cpu_22:24.829
4.7.0-unsafe:cpu_1:12.69
4.7.0-unsafe:cpu_6:19.437
4.7.0-unsafe:enp4s0f0_tx_queue_stopped:0
4.7.0-unsafe:Total_rx_bytes:12389222612.1
4.7.0-unsafe:SKT1_l3miss:418700000
4.7.0-unsafe:cycles:63212003305.6
4.7.0-unsafe:SKT1_ipc:0.288
4.7.0-unsafe:enp4s0f0_rx_bytes:0
4.7.0-unsafe:cpu_12:18.831
4.7.0-unsafe:SKT1_l2mpi:0.062
4.7.0-unsafe:enp130s0f0_rx_packets:0
4.7.0-unsafe:cpu_5:13.764
