4.7.0-copy-plus-hp-strict:SKT0_l3mpi:0.024
4.7.0-copy-plus-hp-strict:cpu_8:45.236
4.7.0-copy-plus-hp-strict:cpu_2:48.91
4.7.0-copy-plus-hp-strict:enp130s0f1_tx_bytes:13834044.4
4.7.0-copy-plus-hp-strict:enp4s0f1_tx_bytes:19762339
4.7.0-copy-plus-hp-strict:cpu_6:58.302
4.7.0-copy-plus-hp-strict:enp130s0f1_rx_packets:414282
4.7.0-copy-plus-hp-strict:SKT1_l2mpi:0.048
4.7.0-copy-plus-hp-strict:SKT0_l3miss:588800000
4.7.0-copy-plus-hp-strict:TOTAL_l3mpi:0.03
4.7.0-copy-plus-hp-strict:SKT1_l3miss:764600000
4.7.0-copy-plus-hp-strict:enp4s0f0_tx_packets:0
4.7.0-copy-plus-hp-strict:Total_tx_queue_stopped:0
4.7.0-copy-plus-hp-strict:enp130s0f0_rx_bytes:0
4.7.0-copy-plus-hp-strict:cpu_14:45.314
4.7.0-copy-plus-hp-strict:SKT0_l2mpi:0.05
4.7.0-copy-plus-hp-strict:cpu_17:41.496
4.7.0-copy-plus-hp-strict:cpu_21:30.266
4.7.0-copy-plus-hp-strict:LLC-store-misses:126262914.2
4.7.0-copy-plus-hp-strict:TOTAL_l2hit:0.432
4.7.0-copy-plus-hp-strict:enp4s0f1_tx_packets_phy:294885.6
4.7.0-copy-plus-hp-strict:enp130s0f0_tx_packets_phy:0
4.7.0-copy-plus-hp-strict:Write:36873.358
4.7.0-copy-plus-hp-strict:SKT1_l3mpi:0.036
4.7.0-copy-plus-hp-strict:TOTAL_l3hit:0.382
4.7.0-copy-plus-hp-strict:Read:20717.522
4.7.0-copy-plus-hp-strict:Total_rx_bytes_phy:17464843027.4
4.7.0-copy-plus-hp-strict:enp4s0f1_tx_packets:291249
4.7.0-copy-plus-hp-strict:enp130s0f0_tx_bytes_phy:0
4.7.0-copy-plus-hp-strict:TOTAL_l3miss:1354200000
4.7.0-copy-plus-hp-strict:SKT0_ipc:0.258
4.7.0-copy-plus-hp-strict:cpu_25:32.944
4.7.0-copy-plus-hp-strict:LLC-load:1987147513.8
4.7.0-copy-plus-hp-strict:SKT1_ipc:0.308
4.7.0-copy-plus-hp-strict:cpu_total:44.956
4.7.0-copy-plus-hp-strict:TOTAL_l2mpi:0.05
4.7.0-copy-plus-hp-strict:enp4s0f1_rx_bytes:12405441915.2
4.7.0-copy-plus-hp-strict:SKT1_l3hit:0.286
4.7.0-copy-plus-hp-strict:cpu_22:39.306
4.7.0-copy-plus-hp-strict:enp130s0f0_tx_packets:0
4.7.0-copy-plus-hp-strict:SKT0_l2hit:0.478
4.7.0-copy-plus-hp-strict:Total_tx_packets:494322.2
4.7.0-copy-plus-hp-strict:cpu_16:63.55
4.7.0-copy-plus-hp-strict:cpu_24:55.36
4.7.0-copy-plus-hp-strict:cycles:163025522338.6
4.7.0-copy-plus-hp-strict:cpu_1:41.818
4.7.0-copy-plus-hp-strict:enp4s0f0_rx_packets_phy:0
4.7.0-copy-plus-hp-strict:enp4s0f0_tx_packets_phy:0
4.7.0-copy-plus-hp-strict:cache-misses:1353849681
4.7.0-copy-plus-hp-strict:enp130s0f1_tx_queue_stopped:0
4.7.0-copy-plus-hp-strict:enp4s0f1_rx_bytes_phy:12458694102.8
4.7.0-copy-plus-hp-strict:Total_rx_packets:1072439.8
4.7.0-copy-plus-hp-strict:SKT0_l3hit:0.476
4.7.0-copy-plus-hp-strict:enp4s0f0_tx_queue_stopped:0
4.7.0-copy-plus-hp-strict:Memory:57590.88
4.7.0-copy-plus-hp-strict:cpu_18:60.998
4.7.0-copy-plus-hp-strict:Total_rx_bytes:17399736127.6
4.7.0-copy-plus-hp-strict:SKT1_l2hit:0.374
4.7.0-copy-plus-hp-strict:enp4s0f1_rx_packets_phy:1381554.8
4.7.0-copy-plus-hp-strict:cpu_23:43.506
4.7.0-copy-plus-hp-strict:TOTAL_ipc:0.28
4.7.0-copy-plus-hp-strict:cache-references:7923689964.4
4.7.0-copy-plus-hp-strict:enp130s0f0_rx_bytes_phy:0
4.7.0-copy-plus-hp-strict:16384:87380
4.7.0-copy-plus-hp-strict:cpu_0:43.284
4.7.0-copy-plus-hp-strict:instructions:45415153626.4
4.7.0-copy-plus-hp-strict:enp4s0f1_tx_bytes_phy:21160023.8
4.7.0-copy-plus-hp-strict:enp130s0f1_rx_packets_phy:555130.6
4.7.0-copy-plus-hp-strict:enp130s0f0_tx_queue_stopped:0
4.7.0-copy-plus-hp-strict:enp130s0f1_tx_packets:203073.2
4.7.0-copy-plus-hp-strict:SKT1_l2miss:1072800000
4.7.0-copy-plus-hp-strict:LLC-load-misses:646204108
4.7.0-copy-plus-hp-strict:enp130s0f1_tx_bytes_phy:14645713.8
4.7.0-copy-plus-hp-strict:enp4s0f0_tx_bytes_phy:0
4.7.0-copy-plus-hp-strict:cpu_4:43.38
4.7.0-copy-plus-hp-strict:cpu_9:38.99
4.7.0-copy-plus-hp-strict:enp4s0f0_tx_bytes:0
4.7.0-copy-plus-hp-strict:cpu_3:39.47
4.7.0-copy-plus-hp-strict:Total_tx_bytes_phy:35805737.6
4.7.0-copy-plus-hp-strict:Total_rx_packets_phy:1936685.4
4.7.0-copy-plus-hp-strict:enp130s0f0_rx_packets_phy:0
4.7.0-copy-plus-hp-strict:LLC-store:2821372037.6
4.7.0-copy-plus-hp-strict:enp130s0f1_rx_bytes:4994294212.4
4.7.0-copy-plus-hp-strict:cpu_12:52.67
4.7.0-copy-plus-hp-strict:enp4s0f0_rx_packets:0
4.7.0-copy-plus-hp-strict:SKT0_l2miss:1119800000
4.7.0-copy-plus-hp-strict:cpu_20:61.33
4.7.0-copy-plus-hp-strict:cpu_27:34.812
4.7.0-copy-plus-hp-strict:cpu_11:44.128
4.7.0-copy-plus-hp-strict:Total_tx_bytes:33596383.4
4.7.0-copy-plus-hp-strict:enp130s0f1_tx_packets_phy:203064.4
4.7.0-copy-plus-hp-strict:Total_tx_packets_phy:497950
4.7.0-copy-plus-hp-strict:enp130s0f0_rx_packets:0
4.7.0-copy-plus-hp-strict:enp130s0f0_tx_bytes:0
4.7.0-copy-plus-hp-strict:enp4s0f1_tx_queue_stopped:0
4.7.0-copy-plus-hp-strict:enp4s0f0_rx_bytes_phy:0
4.7.0-copy-plus-hp-strict:enp130s0f1_rx_bytes_phy:5006148924.6
4.7.0-copy-plus-hp-strict:cpu_15:37.186
4.7.0-copy-plus-hp-strict:enp4s0f1_rx_packets:658157.8
4.7.0-copy-plus-hp-strict:enp4s0f0_rx_bytes:0
4.7.0-copy-plus-hp-strict:cpu_13:38.32
4.7.0-copy-plus-hp-strict:cpu_26:52.582
4.7.0-copy-plus-hp-strict:cpu_19:40.842
4.7.0-copy-plus-hp-strict:TOTAL_l2miss:2193000000
4.7.0-copy-plus-hp-strict:cpu_10:43.298
4.7.0-copy-plus-hp-strict:cpu_5:35.688
4.7.0-copy-plus-hp-strict:cpu_7:44.598
4.7.0-damn-strict:cpu_total:29.898
4.7.0-damn-strict:enp4s0f1_rx_bytes:12418981781.4
4.7.0-damn-strict:TOTAL_l2mpi:0.03
4.7.0-damn-strict:enp130s0f0_tx_packets:0
4.7.0-damn-strict:SKT0_l2hit:0.46
4.7.0-damn-strict:cpu_22:33.978
4.7.0-damn-strict:SKT1_l3hit:0.27
4.7.0-damn-strict:cycles:113203113662
4.7.0-damn-strict:cpu_16:28.544
4.7.0-damn-strict:Total_tx_packets:573132.6
4.7.0-damn-strict:cpu_24:31.068
4.7.0-damn-strict:enp4s0f0_tx_packets_phy:0
4.7.0-damn-strict:enp4s0f0_rx_packets_phy:0
4.7.0-damn-strict:cpu_1:32.232
4.7.0-damn-strict:Total_rx_packets:1117510.4
4.7.0-damn-strict:SKT0_l3hit:0.41
4.7.0-damn-strict:enp130s0f1_tx_queue_stopped:0
4.7.0-damn-strict:cache-misses:1051213840.8
4.7.0-damn-strict:enp4s0f1_rx_bytes_phy:12471795267.4
4.7.0-damn-strict:enp4s0f0_tx_queue_stopped:0
4.7.0-damn-strict:enp130s0f1_tx_bytes:14106500.8
4.7.0-damn-strict:cpu_2:39.03
4.7.0-damn-strict:SKT0_l3mpi:0.012
4.7.0-damn-strict:cpu_8:32.816
4.7.0-damn-strict:enp130s0f1_rx_packets:448931.8
4.7.0-damn-strict:cpu_6:27.766
4.7.0-damn-strict:enp4s0f1_tx_bytes:23720311.2
4.7.0-damn-strict:SKT0_l3miss:405800000
4.7.0-damn-strict:SKT1_l2mpi:0.04
4.7.0-damn-strict:Total_tx_queue_stopped:0
4.7.0-damn-strict:enp130s0f0_rx_bytes:0
4.7.0-damn-strict:cpu_21:35.146
4.7.0-damn-strict:SKT0_l2mpi:0.024
4.7.0-damn-strict:cpu_17:28.156
4.7.0-damn-strict:cpu_14:28.348
4.7.0-damn-strict:SKT1_l3miss:638400000
4.7.0-damn-strict:TOTAL_l3mpi:0.02
4.7.0-damn-strict:enp4s0f0_tx_packets:0
4.7.0-damn-strict:TOTAL_l2hit:0.404
4.7.0-damn-strict:enp130s0f0_tx_packets_phy:0
4.7.0-damn-strict:enp4s0f1_tx_packets_phy:359394.4
4.7.0-damn-strict:LLC-store-misses:53923621.8
4.7.0-damn-strict:TOTAL_l3hit:0.332
4.7.0-damn-strict:Read:16110.382
4.7.0-damn-strict:SKT1_l3mpi:0.03
4.7.0-damn-strict:Total_rx_bytes_phy:17459402651.8
4.7.0-damn-strict:Write:18042.136
4.7.0-damn-strict:enp4s0f1_tx_packets:359398.2
4.7.0-damn-strict:enp130s0f0_tx_bytes_phy:0
4.7.0-damn-strict:SKT1_ipc:0.408
4.7.0-damn-strict:SKT0_ipc:0.47
4.7.0-damn-strict:TOTAL_l3miss:1044600000
4.7.0-damn-strict:cpu_25:29.32
4.7.0-damn-strict:LLC-load:1275926309.4
4.7.0-damn-strict:LLC-store:1427328566.6
4.7.0-damn-strict:cpu_12:28.542
4.7.0-damn-strict:enp130s0f1_rx_bytes:4978958217
4.7.0-damn-strict:cpu_20:31.65
4.7.0-damn-strict:SKT0_l2miss:686800000
4.7.0-damn-strict:cpu_27:29.128
4.7.0-damn-strict:enp4s0f0_rx_packets:0
4.7.0-damn-strict:Total_tx_bytes:37826812
4.7.0-damn-strict:enp130s0f1_tx_packets_phy:213736.8
4.7.0-damn-strict:cpu_11:25.632
4.7.0-damn-strict:enp130s0f0_rx_packets:0
4.7.0-damn-strict:Total_tx_packets_phy:573131.2
4.7.0-damn-strict:enp4s0f1_tx_queue_stopped:0
4.7.0-damn-strict:enp130s0f0_tx_bytes:0
4.7.0-damn-strict:enp4s0f0_rx_bytes_phy:0
4.7.0-damn-strict:enp130s0f1_rx_bytes_phy:4987607384.4
4.7.0-damn-strict:cpu_15:26.6
4.7.0-damn-strict:cpu_13:28.544
4.7.0-damn-strict:enp4s0f1_rx_packets:668578.6
4.7.0-damn-strict:enp4s0f0_rx_bytes:0
4.7.0-damn-strict:cpu_7:30.292
4.7.0-damn-strict:cpu_5:26.408
4.7.0-damn-strict:cpu_26:28.738
4.7.0-damn-strict:TOTAL_l2miss:1564800000
4.7.0-damn-strict:cpu_19:26.604
4.7.0-damn-strict:cpu_10:26.604
4.7.0-damn-strict:Memory:34152.52
4.7.0-damn-strict:Total_rx_bytes:17397939998.4
4.7.0-damn-strict:cpu_18:27.574
4.7.0-damn-strict:enp4s0f1_rx_packets_phy:1382988.8
4.7.0-damn-strict:SKT1_l2hit:0.35
4.7.0-damn-strict:cache-references:4487440838.8
4.7.0-damn-strict:enp130s0f0_rx_bytes_phy:0
4.7.0-damn-strict:16384:87380
4.7.0-damn-strict:cpu_23:31.456
4.7.0-damn-strict:TOTAL_ipc:0.442
4.7.0-damn-strict:enp130s0f0_tx_queue_stopped:0
4.7.0-damn-strict:enp130s0f1_rx_packets_phy:553072
4.7.0-damn-strict:enp4s0f1_tx_bytes_phy:25157498.8
4.7.0-damn-strict:instructions:50104415628.6
4.7.0-damn-strict:cpu_0:27.766
4.7.0-damn-strict:SKT1_l2miss:877600000
4.7.0-damn-strict:enp130s0f1_tx_bytes_phy:14961453.8
4.7.0-damn-strict:LLC-load-misses:595809868.4
4.7.0-damn-strict:enp130s0f1_tx_packets:213734.4
4.7.0-damn-strict:enp4s0f0_tx_bytes_phy:0
4.7.0-damn-strict:cpu_9:34.756
4.7.0-damn-strict:cpu_4:28.738
4.7.0-damn-strict:enp4s0f0_tx_bytes:0
4.7.0-damn-strict:cpu_3:31.264
4.7.0-damn-strict:Total_tx_bytes_phy:40118952.6
4.7.0-damn-strict:enp130s0f0_rx_packets_phy:0
4.7.0-damn-strict:Total_rx_packets_phy:1936060.8
4.7.0-unsafe:enp4s0f0_tx_bytes_phy:0
4.7.0-unsafe:cpu_9:31.676
4.7.0-unsafe:cpu_4:22.512
4.7.0-unsafe:SKT1_l2miss:746200000
4.7.0-unsafe:LLC-load-misses:572992326.8
4.7.0-unsafe:enp130s0f1_tx_bytes_phy:13947540
4.7.0-unsafe:enp130s0f1_tx_packets:193469.4
4.7.0-unsafe:Total_rx_packets_phy:1936254
4.7.0-unsafe:enp130s0f0_rx_packets_phy:0
4.7.0-unsafe:enp4s0f0_tx_bytes:0
4.7.0-unsafe:Total_tx_bytes_phy:36679821.8
4.7.0-unsafe:cpu_3:30.552
4.7.0-unsafe:enp4s0f1_rx_packets_phy:1383096
4.7.0-unsafe:SKT1_l2hit:0.302
4.7.0-unsafe:Memory:32250.606
4.7.0-unsafe:cpu_18:28.374
4.7.0-unsafe:Total_rx_bytes:17396432745.2
4.7.0-unsafe:enp4s0f1_tx_bytes_phy:22732281.8
4.7.0-unsafe:enp130s0f0_tx_queue_stopped:0
4.7.0-unsafe:enp130s0f1_rx_packets_phy:553158
4.7.0-unsafe:cpu_0:13.496
4.7.0-unsafe:instructions:42102830970.8
4.7.0-unsafe:cache-references:4231440300
4.7.0-unsafe:16384:87380
4.7.0-unsafe:enp130s0f0_rx_bytes_phy:0
4.7.0-unsafe:TOTAL_ipc:0.438
4.7.0-unsafe:cpu_23:23.084
4.7.0-unsafe:enp130s0f1_rx_bytes_phy:4988385991.2
4.7.0-unsafe:enp4s0f0_rx_bytes_phy:0
4.7.0-unsafe:cpu_15:23.104
4.7.0-unsafe:enp4s0f1_tx_queue_stopped:0
4.7.0-unsafe:enp130s0f0_tx_bytes:0
4.7.0-unsafe:cpu_5:22.898
4.7.0-unsafe:cpu_7:26.222
4.7.0-unsafe:cpu_26:29.376
4.7.0-unsafe:TOTAL_l2miss:1246400000
4.7.0-unsafe:cpu_10:21.93
4.7.0-unsafe:cpu_19:28.57
4.7.0-unsafe:cpu_13:23.296
4.7.0-unsafe:enp4s0f1_rx_packets:620661.6
4.7.0-unsafe:enp4s0f0_rx_bytes:0
4.7.0-unsafe:cpu_20:22.306
4.7.0-unsafe:SKT0_l2miss:500000000
4.7.0-unsafe:cpu_27:23.502
4.7.0-unsafe:enp4s0f0_rx_packets:0
4.7.0-unsafe:LLC-store:1400029287.2
4.7.0-unsafe:enp130s0f1_rx_bytes:4979537620.6
4.7.0-unsafe:cpu_12:24.044
4.7.0-unsafe:enp130s0f0_rx_packets:0
4.7.0-unsafe:Total_tx_packets_phy:512692.6
4.7.0-unsafe:Total_tx_bytes:34631727.8
4.7.0-unsafe:enp130s0f1_tx_packets_phy:193448.2
4.7.0-unsafe:cpu_11:23.874
4.7.0-unsafe:TOTAL_l3hit:0.248
4.7.0-unsafe:Read:14224.398
4.7.0-unsafe:SKT1_l3mpi:0.03
4.7.0-unsafe:Total_rx_bytes_phy:17461151448.6
4.7.0-unsafe:Write:18026.208
4.7.0-unsafe:TOTAL_l2hit:0.37
4.7.0-unsafe:enp4s0f1_tx_packets_phy:319244.4
4.7.0-unsafe:enp130s0f0_tx_packets_phy:0
4.7.0-unsafe:LLC-store-misses:41556676.4
4.7.0-unsafe:SKT1_ipc:0.404
4.7.0-unsafe:TOTAL_l3miss:936000000
4.7.0-unsafe:SKT0_ipc:0.478
4.7.0-unsafe:cpu_25:17.812
4.7.0-unsafe:LLC-load:1212322466.4
4.7.0-unsafe:enp130s0f0_tx_bytes_phy:0
4.7.0-unsafe:enp4s0f1_tx_packets:319263.6
4.7.0-unsafe:enp130s0f1_rx_packets:444824.4
4.7.0-unsafe:cpu_6:24.042
4.7.0-unsafe:enp4s0f1_tx_bytes:21456582.2
4.7.0-unsafe:enp130s0f1_tx_bytes:13175145.6
4.7.0-unsafe:cpu_2:25.028
4.7.0-unsafe:SKT0_l3mpi:0.012
4.7.0-unsafe:cpu_8:23.878
4.7.0-unsafe:Total_tx_queue_stopped:0
4.7.0-unsafe:enp130s0f0_rx_bytes:0
4.7.0-unsafe:cpu_21:19.562
4.7.0-unsafe:SKT0_l2mpi:0.02
4.7.0-unsafe:cpu_17:21.514
4.7.0-unsafe:cpu_14:21.534
4.7.0-unsafe:enp4s0f0_tx_packets:0
4.7.0-unsafe:TOTAL_l3mpi:0.02
4.7.0-unsafe:SKT1_l3miss:605000000
4.7.0-unsafe:SKT0_l3miss:330400000
4.7.0-unsafe:SKT1_l2mpi:0.038
4.7.0-unsafe:enp4s0f0_rx_packets_phy:0
4.7.0-unsafe:enp4s0f0_tx_packets_phy:0
4.7.0-unsafe:cpu_1:29.77
4.7.0-unsafe:enp4s0f0_tx_queue_stopped:0
4.7.0-unsafe:Total_rx_packets:1065486
4.7.0-unsafe:SKT0_l3hit:0.338
4.7.0-unsafe:cache-misses:922381644.6
4.7.0-unsafe:enp130s0f1_tx_queue_stopped:0
4.7.0-unsafe:enp4s0f1_rx_bytes_phy:12472765457.4
4.7.0-unsafe:enp4s0f1_rx_bytes:12416895124.6
4.7.0-unsafe:TOTAL_l2mpi:0.03
4.7.0-unsafe:cpu_total:24.32
4.7.0-unsafe:cycles:95063593388.6
4.7.0-unsafe:Total_tx_packets:512733
4.7.0-unsafe:cpu_16:25.44
4.7.0-unsafe:cpu_24:23.278
4.7.0-unsafe:enp130s0f0_tx_packets:0
4.7.0-unsafe:SKT0_l2hit:0.45
4.7.0-unsafe:SKT1_l3hit:0.19
4.7.0-unsafe:cpu_22:29.956
