4.7.0-copy-plus-hp-strict:enp130s0f0_tx_bytes_phy:8261932472.5
4.7.0-copy-plus-hp-strict:enp130s0f1_tx_packets:561943
4.7.0-copy-plus-hp-strict:cpu_11:0.49
4.7.0-copy-plus-hp-strict:enp130s0f0_rx_packets_phy:1488799.5
4.7.0-copy-plus-hp-strict:cpu_24:0
4.7.0-copy-plus-hp-strict:cache-misses:756195757
4.7.0-copy-plus-hp-strict:cpu_12:0
4.7.0-copy-plus-hp-strict:enp4s0f1_tx_packets_phy:0
4.7.0-copy-plus-hp-strict:Total_tx_packets_phy:1581537
4.7.0-copy-plus-hp-strict:enp4s0f0_tx_bytes_phy:0
4.7.0-copy-plus-hp-strict:enp4s0f1_tx_queue_stopped:0
4.7.0-copy-plus-hp-strict:LLC-load:938249177
4.7.0-copy-plus-hp-strict:cpu_22:0
4.7.0-copy-plus-hp-strict:Write:12197.445
4.7.0-copy-plus-hp-strict:SKT0_l3mpi:0
4.7.0-copy-plus-hp-strict:Total_tx_queue_stopped:0
4.7.0-copy-plus-hp-strict:enp4s0f0_rx_packets:0
4.7.0-copy-plus-hp-strict:enp130s0f0_rx_bytes_phy:12063747130.5
4.7.0-copy-plus-hp-strict:enp130s0f1_rx_bytes_phy:4988067728.5
4.7.0-copy-plus-hp-strict:SKT1_l3miss:592000000
4.7.0-copy-plus-hp-strict:Read:18684.37
4.7.0-copy-plus-hp-strict:cpu_16:0.49
4.7.0-copy-plus-hp-strict:Total_rx_bytes:5306171636
4.7.0-copy-plus-hp-strict:70:212992
4.7.0-copy-plus-hp-strict:cpu_3:100
4.7.0-copy-plus-hp-strict:cpu_total:37.27
4.7.0-copy-plus-hp-strict:cpu_19:64.22
4.7.0-copy-plus-hp-strict:cpu_20:0
4.7.0-copy-plus-hp-strict:cpu_23:0
4.7.0-copy-plus-hp-strict:cpu_0:98.53
4.7.0-copy-plus-hp-strict:cpu_13:100
4.7.0-copy-plus-hp-strict:cpu_10:0
4.7.0-copy-plus-hp-strict:cpu_21:0
4.7.0-copy-plus-hp-strict:enp4s0f0_tx_packets:0
4.7.0-copy-plus-hp-strict:TOTAL_l2mpi:0.01
4.7.0-copy-plus-hp-strict:TOTAL_l3mpi:0.01
4.7.0-copy-plus-hp-strict:enp4s0f0_tx_bytes:0
4.7.0-copy-plus-hp-strict:Total_tx_bytes:12809198412
4.7.0-copy-plus-hp-strict:enp130s0f1_rx_bytes:2650598691
4.7.0-copy-plus-hp-strict:Total_tx_bytes_phy:12815177021
4.7.0-copy-plus-hp-strict:cpu_4:98.53
4.7.0-copy-plus-hp-strict:enp4s0f1_rx_bytes_phy:0
4.7.0-copy-plus-hp-strict:instructions:78627433214
4.7.0-copy-plus-hp-strict:enp4s0f0_rx_packets_phy:0
4.7.0-copy-plus-hp-strict:TOTAL_l2miss:1050000000
4.7.0-copy-plus-hp-strict:enp130s0f1_tx_bytes_phy:4553244548.5
4.7.0-copy-plus-hp-strict:SKT0_l2hit:0.595
4.7.0-copy-plus-hp-strict:SKT0_l3miss:162000000
4.7.0-copy-plus-hp-strict:enp4s0f0_tx_packets_phy:0
4.7.0-copy-plus-hp-strict:SKT1_ipc:0.57
4.7.0-copy-plus-hp-strict:Memory:30881.81
4.7.0-copy-plus-hp-strict:cpu_6:0
4.7.0-copy-plus-hp-strict:TOTAL_l3hit:0.28
4.7.0-copy-plus-hp-strict:enp130s0f1_tx_bytes:4551176364.5
4.7.0-copy-plus-hp-strict:SKT0_l3hit:0.295
4.7.0-copy-plus-hp-strict:TOTAL_l2hit:0.48
4.7.0-copy-plus-hp-strict:cpu_2:98.53
4.7.0-copy-plus-hp-strict:cpu_26:0
4.7.0-copy-plus-hp-strict:enp4s0f0_tx_queue_stopped:0
4.7.0-copy-plus-hp-strict:SKT1_l2mpi:0.02
4.7.0-copy-plus-hp-strict:enp4s0f1_tx_bytes:0
4.7.0-copy-plus-hp-strict:cpu_8:0
4.7.0-copy-plus-hp-strict:SKT1_l3hit:0.28
4.7.0-copy-plus-hp-strict:cache-references:5578382443
4.7.0-copy-plus-hp-strict:enp130s0f1_rx_packets_phy:615582
4.7.0-copy-plus-hp-strict:cpu_18:91.18
4.7.0-copy-plus-hp-strict:enp130s0f0_tx_queue_stopped:0
4.7.0-copy-plus-hp-strict:cpu_1:100
4.7.0-copy-plus-hp-strict:enp4s0f0_rx_bytes:0
4.7.0-copy-plus-hp-strict:cycles:133601020428
4.7.0-copy-plus-hp-strict:SKT0_l2miss:231000000
4.7.0-copy-plus-hp-strict:enp4s0f1_tx_packets:0
4.7.0-copy-plus-hp-strict:Total_rx_bytes_phy:17051814859
4.7.0-copy-plus-hp-strict:SKT0_ipc:0.625
4.7.0-copy-plus-hp-strict:cpu_14:0
4.7.0-copy-plus-hp-strict:SKT1_l3mpi:0.01
4.7.0-copy-plus-hp-strict:cpu_15:100
4.7.0-copy-plus-hp-strict:enp4s0f1_rx_bytes:0
4.7.0-copy-plus-hp-strict:cpu_25:0
4.7.0-copy-plus-hp-strict:TOTAL_l3miss:754500000
4.7.0-copy-plus-hp-strict:LLC-store-misses:105688652.5
4.7.0-copy-plus-hp-strict:SKT1_l2hit:0.44
4.7.0-copy-plus-hp-strict:cpu_17:97.06
4.7.0-copy-plus-hp-strict:cpu_9:0
4.7.0-copy-plus-hp-strict:enp130s0f0_rx_packets:327515
4.7.0-copy-plus-hp-strict:LLC-store:2021088265
4.7.0-copy-plus-hp-strict:enp4s0f0_rx_bytes_phy:0
4.7.0-copy-plus-hp-strict:enp130s0f1_tx_packets_phy:561921.5
4.7.0-copy-plus-hp-strict:enp4s0f1_rx_packets_phy:0
4.7.0-copy-plus-hp-strict:enp4s0f1_rx_packets:0
4.7.0-copy-plus-hp-strict:TOTAL_ipc:0.59
4.7.0-copy-plus-hp-strict:SKT1_l2miss:819000000
4.7.0-copy-plus-hp-strict:cpu_27:0
4.7.0-copy-plus-hp-strict:cpu_7:0
4.7.0-copy-plus-hp-strict:enp130s0f1_rx_packets:327071
4.7.0-copy-plus-hp-strict:enp130s0f1_tx_queue_stopped:0
4.7.0-copy-plus-hp-strict:LLC-load-misses:271284632.5
4.7.0-copy-plus-hp-strict:SKT0_l2mpi:0.01
4.7.0-copy-plus-hp-strict:enp130s0f0_rx_bytes:2655572945
4.7.0-copy-plus-hp-strict:Total_rx_packets_phy:2104381.5
4.7.0-copy-plus-hp-strict:64512:212992
4.7.0-copy-plus-hp-strict:enp130s0f0_tx_bytes:8258022047.5
4.7.0-copy-plus-hp-strict:cpu_5:100
4.7.0-copy-plus-hp-strict:enp130s0f0_tx_packets_phy:1019615.5
4.7.0-copy-plus-hp-strict:enp4s0f1_tx_bytes_phy:0
4.7.0-copy-plus-hp-strict:enp130s0f0_tx_packets:1019634
4.7.0-copy-plus-hp-strict:Total_rx_packets:654586
4.7.0-copy-plus-hp-strict:Total_tx_packets:1581577
4.7.0-copy-plus-strict:TOTAL_l2hit:0.495
4.7.0-copy-plus-strict:SKT0_l3hit:0.36
4.7.0-copy-plus-strict:cpu_2:85.365
4.7.0-copy-plus-strict:enp130s0f1_tx_bytes:4789535310.5
4.7.0-copy-plus-strict:cpu_6:0
4.7.0-copy-plus-strict:TOTAL_l3hit:0.325
4.7.0-copy-plus-strict:SKT1_ipc:0.615
4.7.0-copy-plus-strict:enp4s0f0_tx_packets_phy:0
4.7.0-copy-plus-strict:Memory:28462.8
4.7.0-copy-plus-strict:SKT0_l2miss:209000000
4.7.0-copy-plus-strict:enp4s0f1_tx_packets:0
4.7.0-copy-plus-strict:cpu_14:0
4.7.0-copy-plus-strict:SKT1_l3mpi:0.01
4.7.0-copy-plus-strict:SKT0_ipc:0.685
4.7.0-copy-plus-strict:Total_rx_bytes_phy:17130292433
4.7.0-copy-plus-strict:cycles:120547334442.5
4.7.0-copy-plus-strict:enp4s0f0_rx_bytes:0
4.7.0-copy-plus-strict:enp130s0f0_tx_queue_stopped:0
4.7.0-copy-plus-strict:cpu_18:59.015
4.7.0-copy-plus-strict:cpu_1:92.68
4.7.0-copy-plus-strict:SKT1_l2mpi:0.02
4.7.0-copy-plus-strict:cpu_8:0.485
4.7.0-copy-plus-strict:enp4s0f1_tx_bytes:0
4.7.0-copy-plus-strict:enp4s0f0_tx_queue_stopped:0
4.7.0-copy-plus-strict:cpu_26:0
4.7.0-copy-plus-strict:SKT1_l3hit:0.315
4.7.0-copy-plus-strict:cache-references:5585761300.5
4.7.0-copy-plus-strict:enp130s0f1_rx_packets_phy:615479.5
4.7.0-copy-plus-strict:enp130s0f1_tx_queue_stopped:0
4.7.0-copy-plus-strict:enp130s0f1_rx_packets:314919.5
4.7.0-copy-plus-strict:enp4s0f1_rx_packets:0
4.7.0-copy-plus-strict:TOTAL_ipc:0.645
4.7.0-copy-plus-strict:enp4s0f1_rx_packets_phy:0
4.7.0-copy-plus-strict:cpu_7:0
4.7.0-copy-plus-strict:cpu_27:0
4.7.0-copy-plus-strict:SKT1_l2miss:796500000
4.7.0-copy-plus-strict:cpu_17:75.605
4.7.0-copy-plus-strict:cpu_9:0.485
4.7.0-copy-plus-strict:enp130s0f1_tx_packets_phy:591350
4.7.0-copy-plus-strict:enp4s0f0_rx_bytes_phy:0
4.7.0-copy-plus-strict:enp130s0f0_rx_packets:312762
4.7.0-copy-plus-strict:LLC-store:1990264002
4.7.0-copy-plus-strict:enp4s0f1_rx_bytes:0
4.7.0-copy-plus-strict:cpu_15:50.49
4.7.0-copy-plus-strict:LLC-store-misses:79979721.5
4.7.0-copy-plus-strict:TOTAL_l3miss:677500000
4.7.0-copy-plus-strict:SKT1_l2hit:0.46
4.7.0-copy-plus-strict:cpu_25:0
4.7.0-copy-plus-strict:Total_rx_packets:627681.5
4.7.0-copy-plus-strict:Total_tx_packets:1541764
4.7.0-copy-plus-strict:enp4s0f1_tx_bytes_phy:0
4.7.0-copy-plus-strict:enp130s0f0_tx_packets_phy:950339
4.7.0-copy-plus-strict:enp130s0f0_tx_packets:950390
4.7.0-copy-plus-strict:Total_rx_packets_phy:2114066
4.7.0-copy-plus-strict:enp130s0f0_rx_bytes:2535697593
4.7.0-copy-plus-strict:cpu_5:93.17
4.7.0-copy-plus-strict:64512:212992
4.7.0-copy-plus-strict:enp130s0f0_tx_bytes:7697215201
4.7.0-copy-plus-strict:LLC-load-misses:267005977
4.7.0-copy-plus-strict:SKT0_l2mpi:0.01
4.7.0-copy-plus-strict:Write:11006.545
4.7.0-copy-plus-strict:enp4s0f1_tx_queue_stopped:0
4.7.0-copy-plus-strict:enp4s0f0_tx_bytes_phy:0
4.7.0-copy-plus-strict:Total_tx_packets_phy:1541689
4.7.0-copy-plus-strict:cpu_22:0
4.7.0-copy-plus-strict:LLC-load:1026797346
4.7.0-copy-plus-strict:cpu_24:0.485
4.7.0-copy-plus-strict:enp130s0f0_rx_packets_phy:1498586.5
4.7.0-copy-plus-strict:cpu_12:0
4.7.0-copy-plus-strict:enp4s0f1_tx_packets_phy:0
4.7.0-copy-plus-strict:cache-misses:658752243
4.7.0-copy-plus-strict:enp130s0f0_tx_bytes_phy:7700594820
4.7.0-copy-plus-strict:enp130s0f1_tx_packets:591374
4.7.0-copy-plus-strict:cpu_11:0.485
4.7.0-copy-plus-strict:enp130s0f1_rx_bytes_phy:4987236559
4.7.0-copy-plus-strict:SKT1_l3miss:543500000
4.7.0-copy-plus-strict:Read:17456.25
4.7.0-copy-plus-strict:enp130s0f0_rx_bytes_phy:12143055874
4.7.0-copy-plus-strict:enp4s0f0_rx_packets:0
4.7.0-copy-plus-strict:SKT0_l3mpi:0
4.7.0-copy-plus-strict:Total_tx_queue_stopped:0
4.7.0-copy-plus-strict:cpu_21:50
4.7.0-copy-plus-strict:cpu_10:0
4.7.0-copy-plus-strict:enp4s0f0_tx_packets:0
4.7.0-copy-plus-strict:TOTAL_l2mpi:0.01
4.7.0-copy-plus-strict:cpu_0:85.85
4.7.0-copy-plus-strict:cpu_23:0
4.7.0-copy-plus-strict:cpu_13:100
4.7.0-copy-plus-strict:cpu_20:0.485
4.7.0-copy-plus-strict:cpu_19:40
4.7.0-copy-plus-strict:70:212992
4.7.0-copy-plus-strict:cpu_16:0.485
4.7.0-copy-plus-strict:Total_rx_bytes:5082445012
4.7.0-copy-plus-strict:cpu_total:32.545
4.7.0-copy-plus-strict:cpu_3:92.68
4.7.0-copy-plus-strict:SKT0_l3miss:133000000
4.7.0-copy-plus-strict:instructions:76954924061.5
4.7.0-copy-plus-strict:enp4s0f1_rx_bytes_phy:0
4.7.0-copy-plus-strict:SKT0_l2hit:0.605
4.7.0-copy-plus-strict:TOTAL_l2miss:1006000000
4.7.0-copy-plus-strict:enp130s0f1_tx_bytes_phy:4791712326
4.7.0-copy-plus-strict:enp4s0f0_rx_packets_phy:0
4.7.0-copy-plus-strict:Total_tx_bytes:12486750511.5
4.7.0-copy-plus-strict:enp130s0f1_rx_bytes:2546747419
4.7.0-copy-plus-strict:cpu_4:86.34
4.7.0-copy-plus-strict:Total_tx_bytes_phy:12492307146
4.7.0-copy-plus-strict:TOTAL_l3mpi:0.01
4.7.0-copy-plus-strict:enp4s0f0_tx_bytes:0
4.7.0-damn-strict:enp130s0f0_rx_bytes:5872497142.5
4.7.0-damn-strict:Total_rx_packets_phy:2127516
4.7.0-damn-strict:enp130s0f0_tx_bytes:7047345416
4.7.0-damn-strict:64512:212992
4.7.0-damn-strict:cpu_5:51.47
4.7.0-damn-strict:LLC-load-misses:105850280.5
4.7.0-damn-strict:SKT0_l2mpi:0.01
4.7.0-damn-strict:Total_rx_packets:1339708
4.7.0-damn-strict:Total_tx_packets:1461030
4.7.0-damn-strict:enp130s0f0_tx_packets_phy:870154
4.7.0-damn-strict:enp4s0f1_tx_bytes_phy:0
4.7.0-damn-strict:enp130s0f0_tx_packets:870149.5
4.7.0-damn-strict:cpu_9:12.75
4.7.0-damn-strict:cpu_17:42.65
4.7.0-damn-strict:LLC-store:772702610.5
4.7.0-damn-strict:enp130s0f0_rx_packets:724185.5
4.7.0-damn-strict:enp130s0f1_tx_packets_phy:590849
4.7.0-damn-strict:enp4s0f0_rx_bytes_phy:0
4.7.0-damn-strict:cpu_15:73.53
4.7.0-damn-strict:enp4s0f1_rx_bytes:0
4.7.0-damn-strict:cpu_25:0
4.7.0-damn-strict:LLC-store-misses:35064350.5
4.7.0-damn-strict:TOTAL_l3miss:209500000
4.7.0-damn-strict:SKT1_l2hit:0.455
4.7.0-damn-strict:enp130s0f1_rx_packets:615522.5
4.7.0-damn-strict:enp130s0f1_tx_queue_stopped:0
4.7.0-damn-strict:enp4s0f1_rx_packets_phy:0
4.7.0-damn-strict:TOTAL_ipc:1.045
4.7.0-damn-strict:enp4s0f1_rx_packets:0
4.7.0-damn-strict:SKT1_l2miss:288500000
4.7.0-damn-strict:cpu_7:0
4.7.0-damn-strict:cpu_27:0.49
4.7.0-damn-strict:cpu_18:24.02
4.7.0-damn-strict:enp130s0f0_tx_queue_stopped:0
4.7.0-damn-strict:cpu_1:54.41
4.7.0-damn-strict:enp4s0f0_tx_queue_stopped:0
4.7.0-damn-strict:cpu_26:0
4.7.0-damn-strict:SKT1_l2mpi:0.01
4.7.0-damn-strict:enp4s0f1_tx_bytes:0
4.7.0-damn-strict:cpu_8:0
4.7.0-damn-strict:SKT1_l3hit:0.62
4.7.0-damn-strict:enp130s0f1_rx_packets_phy:615600.5
4.7.0-damn-strict:cache-references:3448958451.5
4.7.0-damn-strict:SKT0_l2miss:146500000
4.7.0-damn-strict:enp4s0f1_tx_packets:0
4.7.0-damn-strict:Total_rx_bytes_phy:17239269345.5
4.7.0-damn-strict:SKT0_ipc:1.095
4.7.0-damn-strict:SKT1_l3mpi:0
4.7.0-damn-strict:cpu_14:0
4.7.0-damn-strict:enp4s0f0_rx_bytes:0
4.7.0-damn-strict:cycles:75015182419
4.7.0-damn-strict:cpu_6:0
4.7.0-damn-strict:TOTAL_l3hit:0.52
4.7.0-damn-strict:enp4s0f0_tx_packets_phy:0
4.7.0-damn-strict:SKT1_ipc:1.025
4.7.0-damn-strict:Memory:17323.385
4.7.0-damn-strict:TOTAL_l2hit:0.43
4.7.0-damn-strict:SKT0_l3hit:0.325
4.7.0-damn-strict:cpu_2:38.24
4.7.0-damn-strict:enp130s0f1_tx_bytes:4785541619.5
4.7.0-damn-strict:Total_tx_bytes:11832887035.5
4.7.0-damn-strict:enp130s0f1_rx_bytes:4985116585
4.7.0-damn-strict:Total_tx_bytes_phy:11838525798
4.7.0-damn-strict:cpu_4:38.24
4.7.0-damn-strict:TOTAL_l3mpi:0
4.7.0-damn-strict:enp4s0f0_tx_bytes:0
4.7.0-damn-strict:SKT0_l3miss:98500000
4.7.0-damn-strict:enp4s0f1_rx_bytes_phy:0
4.7.0-damn-strict:instructions:78584310006.5
4.7.0-damn-strict:TOTAL_l2miss:435500000
4.7.0-damn-strict:enp4s0f0_rx_packets_phy:0
4.7.0-damn-strict:enp130s0f1_tx_bytes_phy:4787660001
4.7.0-damn-strict:SKT0_l2hit:0.365
4.7.0-damn-strict:cpu_19:19.12
4.7.0-damn-strict:cpu_20:0
4.7.0-damn-strict:Total_rx_bytes:10857613727.5
4.7.0-damn-strict:cpu_16:17.16
4.7.0-damn-strict:70:212992
4.7.0-damn-strict:cpu_3:51.96
4.7.0-damn-strict:cpu_total:19.275
4.7.0-damn-strict:cpu_21:0
4.7.0-damn-strict:cpu_10:0
4.7.0-damn-strict:enp4s0f0_tx_packets:0
4.7.0-damn-strict:TOTAL_l2mpi:0.01
4.7.0-damn-strict:cpu_23:0
4.7.0-damn-strict:cpu_0:39.22
4.7.0-damn-strict:cpu_13:65.69
4.7.0-damn-strict:SKT0_l3mpi:0
4.7.0-damn-strict:Total_tx_queue_stopped:0
4.7.0-damn-strict:SKT1_l3miss:110500000
4.7.0-damn-strict:enp130s0f1_rx_bytes_phy:4988227930.5
4.7.0-damn-strict:Read:9669.51
4.7.0-damn-strict:enp4s0f0_rx_packets:0
4.7.0-damn-strict:enp130s0f0_rx_bytes_phy:12251041415
4.7.0-damn-strict:enp130s0f0_rx_packets_phy:1511915.5
4.7.0-damn-strict:cpu_24:0
4.7.0-damn-strict:cache-misses:209931117.5
4.7.0-damn-strict:cpu_12:0
4.7.0-damn-strict:enp4s0f1_tx_packets_phy:0
4.7.0-damn-strict:enp130s0f1_tx_packets:590880.5
4.7.0-damn-strict:enp130s0f0_tx_bytes_phy:7050865797
4.7.0-damn-strict:cpu_11:12.255
4.7.0-damn-strict:Write:7653.875
4.7.0-damn-strict:Total_tx_packets_phy:1461003
4.7.0-damn-strict:enp4s0f0_tx_bytes_phy:0
4.7.0-damn-strict:enp4s0f1_tx_queue_stopped:0
4.7.0-damn-strict:LLC-load:795572246.5
4.7.0-damn-strict:cpu_22:0
4.7.0-damnn-hp-strict:cpu_24:0
4.7.0-damnn-hp-strict:enp130s0f0_rx_packets_phy:1497636
4.7.0-damnn-hp-strict:cpu_12:0.98
4.7.0-damnn-hp-strict:enp4s0f1_tx_packets_phy:0
4.7.0-damnn-hp-strict:cache-misses:329201165
4.7.0-damnn-hp-strict:enp130s0f0_tx_bytes_phy:7441418331
4.7.0-damnn-hp-strict:enp130s0f1_tx_packets:579316
4.7.0-damnn-hp-strict:cpu_11:13.725
4.7.0-damnn-hp-strict:Write:11279.245
4.7.0-damnn-hp-strict:enp4s0f1_tx_queue_stopped:0
4.7.0-damnn-hp-strict:enp4s0f0_tx_bytes_phy:0
4.7.0-damnn-hp-strict:Total_tx_packets_phy:1497627
4.7.0-damnn-hp-strict:cpu_22:0
4.7.0-damnn-hp-strict:LLC-load:769112016
4.7.0-damnn-hp-strict:SKT0_l3mpi:0
4.7.0-damnn-hp-strict:Total_tx_queue_stopped:0
4.7.0-damnn-hp-strict:enp130s0f1_rx_bytes_phy:4982639780.5
4.7.0-damnn-hp-strict:SKT1_l3miss:198000000
4.7.0-damnn-hp-strict:Read:11064.2
4.7.0-damnn-hp-strict:enp130s0f0_rx_bytes_phy:12135349587
4.7.0-damnn-hp-strict:enp4s0f0_rx_packets:0
4.7.0-damnn-hp-strict:cpu_20:0
4.7.0-damnn-hp-strict:cpu_19:19.61
4.7.0-damnn-hp-strict:70:212992
4.7.0-damnn-hp-strict:Total_rx_bytes:11814003361.5
4.7.0-damnn-hp-strict:cpu_16:17.65
4.7.0-damnn-hp-strict:cpu_total:20.71
4.7.0-damnn-hp-strict:cpu_3:53.92
4.7.0-damnn-hp-strict:cpu_10:0.49
4.7.0-damnn-hp-strict:cpu_21:0
4.7.0-damnn-hp-strict:enp4s0f0_tx_packets:0
4.7.0-damnn-hp-strict:TOTAL_l2mpi:0.01
4.7.0-damnn-hp-strict:cpu_23:0.49
4.7.0-damnn-hp-strict:cpu_0:41.18
4.7.0-damnn-hp-strict:cpu_13:66.175
4.7.0-damnn-hp-strict:enp130s0f1_rx_bytes:4979637258.5
4.7.0-damnn-hp-strict:Total_tx_bytes:12129375294
4.7.0-damnn-hp-strict:cpu_4:40.2
4.7.0-damnn-hp-strict:Total_tx_bytes_phy:12135276754
4.7.0-damnn-hp-strict:TOTAL_l3mpi:0
4.7.0-damnn-hp-strict:enp4s0f0_tx_bytes:0
4.7.0-damnn-hp-strict:SKT0_l3miss:91500000
4.7.0-damnn-hp-strict:instructions:89260234402
4.7.0-damnn-hp-strict:enp4s0f1_rx_bytes_phy:0
4.7.0-damnn-hp-strict:SKT0_l2hit:0.37
4.7.0-damnn-hp-strict:TOTAL_l2miss:489000000
4.7.0-damnn-hp-strict:enp130s0f1_tx_bytes_phy:4693858423
4.7.0-damnn-hp-strict:enp4s0f0_rx_packets_phy:0
4.7.0-damnn-hp-strict:cpu_6:0.98
4.7.0-damnn-hp-strict:TOTAL_l3hit:0.405
4.7.0-damnn-hp-strict:SKT1_ipc:1.11
4.7.0-damnn-hp-strict:enp4s0f0_tx_packets_phy:0
4.7.0-damnn-hp-strict:Memory:22343.445
4.7.0-damnn-hp-strict:TOTAL_l2hit:0.355
4.7.0-damnn-hp-strict:SKT0_l3hit:0.33
4.7.0-damnn-hp-strict:cpu_2:39.71
4.7.0-damnn-hp-strict:enp130s0f1_tx_bytes:4691883121
4.7.0-damnn-hp-strict:enp130s0f0_tx_queue_stopped:0
4.7.0-damnn-hp-strict:cpu_18:25
4.7.0-damnn-hp-strict:cpu_1:55.88
4.7.0-damnn-hp-strict:SKT1_l2mpi:0.01
4.7.0-damnn-hp-strict:cpu_8:0.98
4.7.0-damnn-hp-strict:enp4s0f1_tx_bytes:0
4.7.0-damnn-hp-strict:enp4s0f0_tx_queue_stopped:0
4.7.0-damnn-hp-strict:cpu_26:0
4.7.0-damnn-hp-strict:SKT1_l3hit:0.435
4.7.0-damnn-hp-strict:cache-references:3546556584
4.7.0-damnn-hp-strict:enp130s0f1_rx_packets_phy:614913
4.7.0-damnn-hp-strict:SKT0_l2miss:137000000
4.7.0-damnn-hp-strict:enp4s0f1_tx_packets:0
4.7.0-damnn-hp-strict:SKT1_l3mpi:0
4.7.0-damnn-hp-strict:cpu_14:0
4.7.0-damnn-hp-strict:SKT0_ipc:1.165
4.7.0-damnn-hp-strict:Total_rx_bytes_phy:17117989367.5
4.7.0-damnn-hp-strict:cycles:79453475301
4.7.0-damnn-hp-strict:enp4s0f0_rx_bytes:0
4.7.0-damnn-hp-strict:cpu_17:43.63
4.7.0-damnn-hp-strict:cpu_9:14.71
4.7.0-damnn-hp-strict:enp130s0f1_tx_packets_phy:579273
4.7.0-damnn-hp-strict:enp4s0f0_rx_bytes_phy:0
4.7.0-damnn-hp-strict:enp130s0f0_rx_packets:842523.5
4.7.0-damnn-hp-strict:LLC-store:651358046
4.7.0-damnn-hp-strict:enp4s0f1_rx_bytes:0
4.7.0-damnn-hp-strict:cpu_15:84.315
4.7.0-damnn-hp-strict:TOTAL_l3miss:290000000
4.7.0-damnn-hp-strict:LLC-store-misses:62443264
4.7.0-damnn-hp-strict:SKT1_l2hit:0.35
4.7.0-damnn-hp-strict:cpu_25:0
4.7.0-damnn-hp-strict:enp130s0f1_tx_queue_stopped:0
4.7.0-damnn-hp-strict:enp130s0f1_rx_packets:614845
4.7.0-damnn-hp-strict:TOTAL_ipc:1.12
4.7.0-damnn-hp-strict:enp4s0f1_rx_packets:0
4.7.0-damnn-hp-strict:enp4s0f1_rx_packets_phy:0
4.7.0-damnn-hp-strict:cpu_7:10.295
4.7.0-damnn-hp-strict:cpu_27:0
4.7.0-damnn-hp-strict:SKT1_l2miss:351500000
4.7.0-damnn-hp-strict:Total_rx_packets_phy:2112549
4.7.0-damnn-hp-strict:enp130s0f0_rx_bytes:6834366103
4.7.0-damnn-hp-strict:cpu_5:52.45
4.7.0-damnn-hp-strict:enp130s0f0_tx_bytes:7437492173
4.7.0-damnn-hp-strict:64512:212992
4.7.0-damnn-hp-strict:LLC-load-misses:127249678.5
4.7.0-damnn-hp-strict:SKT0_l2mpi:0.005
4.7.0-damnn-hp-strict:Total_rx_packets:1457368.5
4.7.0-damnn-hp-strict:Total_tx_packets:1497638
4.7.0-damnn-hp-strict:enp4s0f1_tx_bytes_phy:0
4.7.0-damnn-hp-strict:enp130s0f0_tx_packets_phy:918354
4.7.0-damnn-hp-strict:enp130s0f0_tx_packets:918322
4.7.0-unsafe:enp4s0f0_tx_packets_phy:0
4.7.0-unsafe:SKT1_ipc:0.87
4.7.0-unsafe:Memory:24833.955
4.7.0-unsafe:cpu_6:1.46
4.7.0-unsafe:TOTAL_l3hit:0.375
4.7.0-unsafe:enp130s0f1_tx_bytes:4593138731
4.7.0-unsafe:TOTAL_l2hit:0.32
4.7.0-unsafe:SKT0_l3hit:0.31
4.7.0-unsafe:cpu_2:71.705
4.7.0-unsafe:cpu_26:0
4.7.0-unsafe:enp4s0f0_tx_queue_stopped:0
4.7.0-unsafe:enp4s0f1_tx_bytes:0
4.7.0-unsafe:SKT1_l2mpi:0.01
4.7.0-unsafe:cpu_8:0.975
4.7.0-unsafe:SKT1_l3hit:0.41
4.7.0-unsafe:enp130s0f1_rx_packets_phy:615470
4.7.0-unsafe:cache-references:3764748718
4.7.0-unsafe:cpu_18:51.7
4.7.0-unsafe:enp130s0f0_tx_queue_stopped:0
4.7.0-unsafe:cpu_1:84.875
4.7.0-unsafe:enp4s0f0_rx_bytes:0
4.7.0-unsafe:cycles:104380247278
4.7.0-unsafe:SKT0_l2miss:230500000
4.7.0-unsafe:enp4s0f1_tx_packets:0
4.7.0-unsafe:SKT0_ipc:0.8
4.7.0-unsafe:Total_rx_bytes_phy:17102762327.5
4.7.0-unsafe:cpu_14:0
4.7.0-unsafe:SKT1_l3mpi:0
4.7.0-unsafe:cpu_15:24.32
4.7.0-unsafe:enp4s0f1_rx_bytes:0
4.7.0-unsafe:cpu_25:0
4.7.0-unsafe:TOTAL_l3miss:418000000
4.7.0-unsafe:SKT1_l2hit:0.335
4.7.0-unsafe:LLC-store-misses:57515237.5
4.7.0-unsafe:cpu_9:19.055
4.7.0-unsafe:cpu_17:61.465
4.7.0-unsafe:LLC-store:715581244.5
4.7.0-unsafe:enp130s0f0_rx_packets:875065.5
4.7.0-unsafe:enp4s0f0_rx_bytes_phy:0
4.7.0-unsafe:enp130s0f1_tx_packets_phy:567081
4.7.0-unsafe:enp4s0f1_rx_packets_phy:0
4.7.0-unsafe:TOTAL_ipc:0.845
4.7.0-unsafe:enp4s0f1_rx_packets:0
4.7.0-unsafe:SKT1_l2miss:438500000
4.7.0-unsafe:cpu_7:61.52
4.7.0-unsafe:cpu_27:0
4.7.0-unsafe:enp130s0f1_rx_packets:615349
4.7.0-unsafe:enp130s0f1_tx_queue_stopped:0
4.7.0-unsafe:LLC-load-misses:202511702
4.7.0-unsafe:SKT0_l2mpi:0.01
4.7.0-unsafe:enp130s0f0_rx_bytes:7094898062
4.7.0-unsafe:Total_rx_packets_phy:2110670
4.7.0-unsafe:enp130s0f0_tx_bytes:7396024829
4.7.0-unsafe:64512:212992
4.7.0-unsafe:cpu_5:79.975
4.7.0-unsafe:enp130s0f0_tx_packets_phy:913192.5
4.7.0-unsafe:enp4s0f1_tx_bytes_phy:0
4.7.0-unsafe:enp130s0f0_tx_packets:913202
4.7.0-unsafe:Total_tx_packets:1480325
4.7.0-unsafe:Total_rx_packets:1490414.5
4.7.0-unsafe:enp130s0f0_tx_bytes_phy:7399610445.5
4.7.0-unsafe:enp130s0f1_tx_packets:567123
4.7.0-unsafe:cpu_11:27.39
4.7.0-unsafe:enp130s0f0_rx_packets_phy:1495200
4.7.0-unsafe:cpu_24:0
4.7.0-unsafe:cache-misses:417248503
4.7.0-unsafe:cpu_12:1.46
4.7.0-unsafe:enp4s0f1_tx_packets_phy:0
4.7.0-unsafe:Total_tx_packets_phy:1480273.5
4.7.0-unsafe:enp4s0f0_tx_bytes_phy:0
4.7.0-unsafe:enp4s0f1_tx_queue_stopped:0
4.7.0-unsafe:LLC-load:853988124
4.7.0-unsafe:cpu_22:0
4.7.0-unsafe:Write:12550.965
4.7.0-unsafe:SKT0_l3mpi:0.005
4.7.0-unsafe:Total_tx_queue_stopped:0
4.7.0-unsafe:enp4s0f0_rx_packets:0
4.7.0-unsafe:enp130s0f0_rx_bytes_phy:12115606434.5
4.7.0-unsafe:enp130s0f1_rx_bytes_phy:4987155893
4.7.0-unsafe:SKT1_l3miss:259000000
4.7.0-unsafe:Read:12282.985
4.7.0-unsafe:Total_rx_bytes:12078652782.5
4.7.0-unsafe:cpu_16:13.16
4.7.0-unsafe:70:212992
4.7.0-unsafe:cpu_3:84.385
4.7.0-unsafe:cpu_total:28.795
4.7.0-unsafe:cpu_19:20.39
4.7.0-unsafe:cpu_20:0
4.7.0-unsafe:cpu_0:71.215
4.7.0-unsafe:cpu_23:0
4.7.0-unsafe:cpu_13:61.45
4.7.0-unsafe:cpu_10:1.46
4.7.0-unsafe:cpu_21:0
4.7.0-unsafe:enp4s0f0_tx_packets:0
4.7.0-unsafe:TOTAL_l2mpi:0.01
4.7.0-unsafe:TOTAL_l3mpi:0.005
4.7.0-unsafe:enp4s0f0_tx_bytes:0
4.7.0-unsafe:enp130s0f1_rx_bytes:4983754720.5
4.7.0-unsafe:Total_tx_bytes:11989163560
4.7.0-unsafe:Total_tx_bytes_phy:11994666498.5
4.7.0-unsafe:cpu_4:71.705
4.7.0-unsafe:enp4s0f1_rx_bytes_phy:0
4.7.0-unsafe:instructions:88513634546.5
4.7.0-unsafe:TOTAL_l2miss:669500000
4.7.0-unsafe:enp4s0f0_rx_packets_phy:0
4.7.0-unsafe:enp130s0f1_tx_bytes_phy:4595056053
4.7.0-unsafe:SKT0_l2hit:0.285
4.7.0-unsafe:SKT0_l3miss:158500000
