4.7.0-damn-ne-strict:Total_rx_packets_phy:1394655
4.7.0-damn-ne-strict:SKT0_l2hit:0.213333333333333
4.7.0-damn-ne-strict:enp130s0f1_tx_packets:600355.333333333
4.7.0-damn-ne-strict:SKT1_l3miss:265666666.666667
4.7.0-damn-ne-strict:enp4s0f0_tx_bytes:0
4.7.0-damn-ne-strict:cpu_3:52.2866666666667
4.7.0-damn-ne-strict:enp4s0f1_tx_packets:0
4.7.0-damn-ne-strict:LLC-load-misses:385945352.666667
4.7.0-damn-ne-strict:cycles:111649816469.667
4.7.0-damn-ne-strict:Total_rx_packets:1394617.66666667
4.7.0-damn-ne-strict:TOTAL_l2mpi:0.01
4.7.0-damn-ne-strict:Read:17385.2666666667
4.7.0-damn-ne-strict:cpu_7:36.6033333333333
4.7.0-damn-ne-strict:cpu_4:41.8333333333333
4.7.0-damn-ne-strict:enp130s0f0_tx_packets_phy:1294632.33333333
4.7.0-damn-ne-strict:cpu_5:52.2866666666667
4.7.0-damn-ne-strict:TOTAL_l3miss:739333333.333333
4.7.0-damn-ne-strict:SKT1_ipc:1.02666666666667
4.7.0-damn-ne-strict:LLC-store:841031922.666667
4.7.0-damn-ne-strict:enp130s0f1_rx_packets:615436.666666667
4.7.0-damn-ne-strict:enp130s0f1_tx_queue_stopped:0
4.7.0-damn-ne-strict:SKT1_l3mpi:0
4.7.0-damn-ne-strict:TOTAL_l3hit:0.256666666666667
4.7.0-damn-ne-strict:enp4s0f1_rx_packets_phy:0
4.7.0-damn-ne-strict:SKT1_l2hit:0.363333333333333
4.7.0-damn-ne-strict:Total_tx_packets_phy:1894987.66666667
4.7.0-damn-ne-strict:Write:8661.04666666667
4.7.0-damn-ne-strict:enp130s0f1_tx_packets_phy:600355.333333333
4.7.0-damn-ne-strict:enp4s0f1_rx_bytes_phy:0
4.7.0-damn-ne-strict:cpu_11:74.1833333333333
4.7.0-damn-ne-strict:enp4s0f1_rx_packets:0
4.7.0-damn-ne-strict:Total_tx_packets:1509256.33333333
4.7.0-damn-ne-strict:cpu_19:6.53666666666667
4.7.0-damn-ne-strict:cpu_total:30.38
4.7.0-damn-ne-strict:cpu_9:23.2033333333333
4.7.0-damn-ne-strict:enp4s0f0_rx_packets:0
4.7.0-damn-ne-strict:enp4s0f1_tx_queue_stopped:0
4.7.0-damn-ne-strict:Total_tx_queue_stopped:0
4.7.0-damn-ne-strict:enp4s0f0_rx_bytes_phy:0
4.7.0-damn-ne-strict:enp130s0f0_rx_bytes_phy:6313616767.66667
4.7.0-damn-ne-strict:enp130s0f0_tx_bytes:7361198798
4.7.0-damn-ne-strict:cpu_17:74.1833333333333
4.7.0-damn-ne-strict:cpu_16:35.6166666666667
4.7.0-damn-ne-strict:cpu_22:0
4.7.0-damn-ne-strict:enp130s0f1_rx_bytes_phy:4987263152.33333
4.7.0-damn-ne-strict:SKT0_l3hit:0.14
4.7.0-damn-ne-strict:TOTAL_ipc:1.00666666666667
4.7.0-damn-ne-strict:cache-misses:738460810.333333
4.7.0-damn-ne-strict:64512:212992
4.7.0-damn-ne-strict:enp130s0f1_tx_bytes_phy:4864655798.66667
4.7.0-damn-ne-strict:instructions:112644193734.667
4.7.0-damn-ne-strict:cpu_20:0
4.7.0-damn-ne-strict:cpu_12:33.6566666666667
4.7.0-damn-ne-strict:enp4s0f1_tx_bytes_phy:0
4.7.0-damn-ne-strict:SKT0_l2mpi:0.01
4.7.0-damn-ne-strict:cpu_8:34.31
4.7.0-damn-ne-strict:TOTAL_l2hit:0.29
4.7.0-damn-ne-strict:enp4s0f0_rx_packets_phy:0
4.7.0-damn-ne-strict:cpu_10:33.9833333333333
4.7.0-damn-ne-strict:cpu_18:50.98
4.7.0-damn-ne-strict:SKT1_l3hit:0.406666666666667
4.7.0-damn-ne-strict:enp130s0f0_tx_bytes_phy:7389395279.33333
4.7.0-damn-ne-strict:enp4s0f0_tx_bytes_phy:0
4.7.0-damn-ne-strict:Total_rx_bytes_phy:11300879920
4.7.0-damn-ne-strict:cpu_14:15.3633333333333
4.7.0-damn-ne-strict:cpu_15:99.3466666666666
4.7.0-damn-ne-strict:enp4s0f0_tx_packets:0
4.7.0-damn-ne-strict:cpu_21:0.98
4.7.0-damn-ne-strict:enp4s0f0_tx_queue_stopped:0
4.7.0-damn-ne-strict:70:212992
4.7.0-damn-ne-strict:cpu_6:21.57
4.7.0-damn-ne-strict:TOTAL_l3mpi:0.01
4.7.0-damn-ne-strict:cpu_0:42.4866666666667
4.7.0-damn-ne-strict:cpu_23:0
4.7.0-damn-ne-strict:enp4s0f1_rx_bytes:0
4.7.0-damn-ne-strict:enp130s0f1_tx_bytes:4862286660
4.7.0-damn-ne-strict:enp4s0f1_tx_bytes:0
4.7.0-damn-ne-strict:Total_tx_bytes_phy:12254051078
4.7.0-damn-ne-strict:Memory:26046.3166666667
4.7.0-damn-ne-strict:cpu_1:55.2266666666667
4.7.0-damn-ne-strict:enp130s0f1_rx_packets_phy:615483.333333333
4.7.0-damn-ne-strict:enp4s0f1_tx_packets_phy:0
4.7.0-damn-ne-strict:SKT0_l2miss:550333333.333333
4.7.0-damn-ne-strict:SKT0_ipc:0.98
4.7.0-damn-ne-strict:enp130s0f0_tx_queue_stopped:0
4.7.0-damn-ne-strict:enp130s0f0_rx_packets:779181
4.7.0-damn-ne-strict:SKT1_l2miss:448666666.666667
4.7.0-damn-ne-strict:cpu_13:23.2033333333333
4.7.0-damn-ne-strict:enp130s0f0_rx_packets_phy:779171.666666667
4.7.0-damn-ne-strict:cpu_27:0
4.7.0-damn-ne-strict:SKT1_l2mpi:0.01
4.7.0-damn-ne-strict:cpu_25:0
4.7.0-damn-ne-strict:enp130s0f0_tx_packets:908901
4.7.0-damn-ne-strict:Total_tx_bytes:12223485458
4.7.0-damn-ne-strict:cpu_2:42.16
4.7.0-damn-ne-strict:SKT0_l3miss:472666666.666667
4.7.0-damn-ne-strict:Total_rx_bytes:11295015632.6667
4.7.0-damn-ne-strict:cache-references:4932435388
4.7.0-damn-ne-strict:enp4s0f0_rx_bytes:0
4.7.0-damn-ne-strict:enp130s0f0_rx_bytes:6310588732.66667
4.7.0-damn-ne-strict:TOTAL_l2miss:999000000
4.7.0-damn-ne-strict:LLC-load:1238739510.33333
4.7.0-damn-ne-strict:cpu_26:0
4.7.0-damn-ne-strict:enp130s0f1_rx_bytes:4984426900
4.7.0-damn-ne-strict:SKT0_l3mpi:0.01
4.7.0-damn-ne-strict:cpu_24:0
4.7.0-damn-ne-strict:enp4s0f0_tx_packets_phy:0
4.7.0-damn-ne-strict:LLC-store-misses:58730122.6666667
4.7.0-damn-ne-unsafe:SKT1_l3hit:0.413333333333333
4.7.0-damn-ne-unsafe:cpu_18:49.3466666666667
4.7.0-damn-ne-unsafe:cpu_10:25.49
4.7.0-damn-ne-unsafe:enp130s0f0_tx_bytes_phy:7977605278
4.7.0-damn-ne-unsafe:cpu_14:9.8
4.7.0-damn-ne-unsafe:Total_rx_bytes_phy:12495258547.6667
4.7.0-damn-ne-unsafe:enp4s0f0_tx_bytes_phy:0
4.7.0-damn-ne-unsafe:enp4s0f0_tx_queue_stopped:0
4.7.0-damn-ne-unsafe:cpu_21:0
4.7.0-damn-ne-unsafe:cpu_15:99.02
4.7.0-damn-ne-unsafe:enp4s0f0_tx_packets:0
4.7.0-damn-ne-unsafe:cpu_12:25.49
4.7.0-damn-ne-unsafe:enp4s0f1_tx_bytes_phy:0
4.7.0-damn-ne-unsafe:SKT0_l2mpi:0.01
4.7.0-damn-ne-unsafe:cpu_8:25.49
4.7.0-damn-ne-unsafe:TOTAL_l2hit:0.303333333333333
4.7.0-damn-ne-unsafe:enp4s0f0_rx_packets_phy:0
4.7.0-damn-ne-unsafe:SKT0_l2miss:437333333.333333
4.7.0-damn-ne-unsafe:enp130s0f0_tx_queue_stopped:0
4.7.0-damn-ne-unsafe:SKT0_ipc:1.02666666666667
4.7.0-damn-ne-unsafe:cpu_0:46.08
4.7.0-damn-ne-unsafe:TOTAL_l3mpi:0.01
4.7.0-damn-ne-unsafe:cpu_23:0
4.7.0-damn-ne-unsafe:70:212992
4.7.0-damn-ne-unsafe:cpu_6:20.9166666666667
4.7.0-damn-ne-unsafe:enp4s0f1_tx_bytes:0
4.7.0-damn-ne-unsafe:enp130s0f1_tx_bytes:4837657788
4.7.0-damn-ne-unsafe:enp4s0f1_rx_bytes:0
4.7.0-damn-ne-unsafe:Total_tx_bytes_phy:12817517970.3333
4.7.0-damn-ne-unsafe:enp130s0f1_rx_packets_phy:615285.333333333
4.7.0-damn-ne-unsafe:enp4s0f1_tx_packets_phy:0
4.7.0-damn-ne-unsafe:Memory:24881.54
4.7.0-damn-ne-unsafe:cpu_1:54.5733333333333
4.7.0-damn-ne-unsafe:SKT1_l2mpi:0.01
4.7.0-damn-ne-unsafe:cpu_25:0
4.7.0-damn-ne-unsafe:SKT1_l2miss:399000000
4.7.0-damn-ne-unsafe:cpu_13:74.51
4.7.0-damn-ne-unsafe:enp130s0f0_rx_packets:907684.333333333
4.7.0-damn-ne-unsafe:enp130s0f0_rx_packets_phy:926767.333333333
4.7.0-damn-ne-unsafe:cpu_27:0
4.7.0-damn-ne-unsafe:cpu_26:0
4.7.0-damn-ne-unsafe:TOTAL_l2miss:836666666.666667
4.7.0-damn-ne-unsafe:LLC-load:1113264855.66667
4.7.0-damn-ne-unsafe:SKT0_l3mpi:0.01
4.7.0-damn-ne-unsafe:enp130s0f1_rx_bytes:4983003506
4.7.0-damn-ne-unsafe:LLC-store-misses:51512452.6666667
4.7.0-damn-ne-unsafe:enp4s0f0_tx_packets_phy:0
4.7.0-damn-ne-unsafe:cpu_24:0
4.7.0-damn-ne-unsafe:Total_tx_bytes:12791744179.6667
4.7.0-damn-ne-unsafe:enp130s0f0_tx_packets:982106.333333333
4.7.0-damn-ne-unsafe:SKT0_l3miss:367000000
4.7.0-damn-ne-unsafe:cpu_2:46.08
4.7.0-damn-ne-unsafe:Total_rx_bytes:12334120469.3333
4.7.0-damn-ne-unsafe:enp130s0f0_rx_bytes:7351116963.33333
4.7.0-damn-ne-unsafe:enp4s0f0_rx_bytes:0
4.7.0-damn-ne-unsafe:cache-references:4620932759
4.7.0-damn-ne-unsafe:enp4s0f0_tx_bytes:0
4.7.0-damn-ne-unsafe:cpu_3:52.2866666666667
4.7.0-damn-ne-unsafe:enp4s0f1_tx_packets:0
4.7.0-damn-ne-unsafe:SKT0_l2hit:0.233333333333333
4.7.0-damn-ne-unsafe:Total_rx_packets_phy:1542052.66666667
4.7.0-damn-ne-unsafe:enp130s0f1_tx_packets:597314.666666667
4.7.0-damn-ne-unsafe:SKT1_l3miss:233333333.333333
4.7.0-damn-ne-unsafe:enp130s0f1_tx_queue_stopped:0
4.7.0-damn-ne-unsafe:SKT1_l3mpi:0
4.7.0-damn-ne-unsafe:SKT1_ipc:1.07333333333333
4.7.0-damn-ne-unsafe:LLC-store:807315781
4.7.0-damn-ne-unsafe:enp130s0f1_rx_packets:615261.666666667
4.7.0-damn-ne-unsafe:SKT1_l2hit:0.366666666666667
4.7.0-damn-ne-unsafe:Total_tx_packets_phy:1889969
4.7.0-damn-ne-unsafe:enp4s0f1_rx_packets_phy:0
4.7.0-damn-ne-unsafe:TOTAL_l3hit:0.283333333333333
4.7.0-damn-ne-unsafe:enp130s0f1_tx_packets_phy:597344.666666667
4.7.0-damn-ne-unsafe:Write:9354.71666666667
4.7.0-damn-ne-unsafe:Total_rx_packets:1522946
4.7.0-damn-ne-unsafe:cycles:104218082802.333
4.7.0-damn-ne-unsafe:LLC-load-misses:313784347.333333
4.7.0-damn-ne-unsafe:TOTAL_l2mpi:0.01
4.7.0-damn-ne-unsafe:Read:15526.8266666667
4.7.0-damn-ne-unsafe:cpu_5:32.35
4.7.0-damn-ne-unsafe:enp130s0f0_tx_packets_phy:1292624.33333333
4.7.0-damn-ne-unsafe:cpu_4:46.08
4.7.0-damn-ne-unsafe:cpu_7:20.2633333333333
4.7.0-damn-ne-unsafe:TOTAL_l3miss:600666666.666667
4.7.0-damn-ne-unsafe:Total_tx_packets:1579421
4.7.0-damn-ne-unsafe:cpu_total:28.3633333333333
4.7.0-damn-ne-unsafe:cpu_19:19.9366666666667
4.7.0-damn-ne-unsafe:cpu_11:37.9066666666667
4.7.0-damn-ne-unsafe:enp4s0f1_rx_packets:0
4.7.0-damn-ne-unsafe:enp4s0f1_rx_bytes_phy:0
4.7.0-damn-ne-unsafe:enp130s0f0_tx_bytes:7954086391.66667
4.7.0-damn-ne-unsafe:cpu_17:62.7433333333333
4.7.0-damn-ne-unsafe:enp4s0f0_rx_bytes_phy:0
4.7.0-damn-ne-unsafe:enp130s0f0_rx_bytes_phy:7509601322.66667
4.7.0-damn-ne-unsafe:cpu_16:27.7766666666667
4.7.0-damn-ne-unsafe:cpu_22:0
4.7.0-damn-ne-unsafe:TOTAL_ipc:1.05666666666667
4.7.0-damn-ne-unsafe:64512:212992
4.7.0-damn-ne-unsafe:enp130s0f1_tx_bytes_phy:4839912692.33333
4.7.0-damn-ne-unsafe:cache-misses:617316635
4.7.0-damn-ne-unsafe:SKT0_l3hit:0.16
4.7.0-damn-ne-unsafe:enp130s0f1_rx_bytes_phy:4985657225
4.7.0-damn-ne-unsafe:cpu_20:0
4.7.0-damn-ne-unsafe:instructions:109442929413.667
4.7.0-damn-ne-unsafe:cpu_9:18.9566666666667
4.7.0-damn-ne-unsafe:enp4s0f0_rx_packets:0
4.7.0-damn-ne-unsafe:enp4s0f1_tx_queue_stopped:0
4.7.0-damn-ne-unsafe:Total_tx_queue_stopped:0
4.7.0-damn-strict:enp130s0f0_rx_bytes:6261203999.66667
4.7.0-damn-strict:cache-references:4841611262.66667
4.7.0-damn-strict:enp4s0f0_rx_bytes:0
4.7.0-damn-strict:Total_rx_bytes:11245737295.6667
4.7.0-damn-strict:SKT0_l3miss:491000000
4.7.0-damn-strict:cpu_2:42.4866666666667
4.7.0-damn-strict:Total_tx_bytes:12247147120
4.7.0-damn-strict:enp130s0f0_tx_packets:911918.666666667
4.7.0-damn-strict:LLC-store-misses:60520919.3333333
4.7.0-damn-strict:cpu_24:0
4.7.0-damn-strict:enp4s0f0_tx_packets_phy:0
4.7.0-damn-strict:SKT0_l3mpi:0.01
4.7.0-damn-strict:enp130s0f1_rx_bytes:4984533296
4.7.0-damn-strict:cpu_26:0
4.7.0-damn-strict:TOTAL_l2miss:995333333.333333
4.7.0-damn-strict:LLC-load:1227894138.33333
4.7.0-damn-strict:cpu_27:0
4.7.0-damn-strict:enp130s0f0_rx_packets_phy:773103
4.7.0-damn-strict:cpu_13:74.1833333333333
4.7.0-damn-strict:SKT1_l2miss:426000000
4.7.0-damn-strict:enp130s0f0_rx_packets:773083
4.7.0-damn-strict:cpu_25:0
4.7.0-damn-strict:SKT1_l2mpi:0.01
4.7.0-damn-strict:enp130s0f1_rx_packets_phy:615500
4.7.0-damn-strict:enp4s0f1_tx_packets_phy:0
4.7.0-damn-strict:cpu_1:55.2266666666667
4.7.0-damn-strict:Memory:26184.8
4.7.0-damn-strict:Total_tx_bytes_phy:12278072526
4.7.0-damn-strict:enp4s0f1_rx_bytes:0
4.7.0-damn-strict:enp130s0f1_tx_bytes:4861509168.33333
4.7.0-damn-strict:enp4s0f1_tx_bytes:0
4.7.0-damn-strict:TOTAL_l3mpi:0.01
4.7.0-damn-strict:cpu_0:43.7933333333333
4.7.0-damn-strict:cpu_23:0.326666666666667
4.7.0-damn-strict:cpu_6:40.5233333333333
4.7.0-damn-strict:70:212992
4.7.0-damn-strict:enp130s0f0_tx_queue_stopped:0
4.7.0-damn-strict:SKT0_ipc:0.966666666666667
4.7.0-damn-strict:SKT0_l2miss:569000000
4.7.0-damn-strict:TOTAL_l2hit:0.29
4.7.0-damn-strict:enp4s0f0_rx_packets_phy:0
4.7.0-damn-strict:SKT0_l2mpi:0.01
4.7.0-damn-strict:cpu_8:40.1966666666667
4.7.0-damn-strict:cpu_12:40.5233333333333
4.7.0-damn-strict:enp4s0f1_tx_bytes_phy:0
4.7.0-damn-strict:cpu_21:0.653333333333333
4.7.0-damn-strict:enp4s0f0_tx_queue_stopped:0
4.7.0-damn-strict:enp4s0f0_tx_packets:0
4.7.0-damn-strict:cpu_15:48.6933333333333
4.7.0-damn-strict:cpu_14:16.3433333333333
4.7.0-damn-strict:enp4s0f0_tx_bytes_phy:0
4.7.0-damn-strict:Total_rx_bytes_phy:11251859435.6667
4.7.0-damn-strict:enp130s0f0_tx_bytes_phy:7414161190.66667
4.7.0-damn-strict:cpu_18:46.4066666666667
4.7.0-damn-strict:SKT1_l3hit:0.41
4.7.0-damn-strict:cpu_10:27.1266666666667
4.7.0-damn-strict:Total_tx_queue_stopped:0
4.7.0-damn-strict:enp4s0f0_rx_packets:0
4.7.0-damn-strict:enp4s0f1_tx_queue_stopped:0
4.7.0-damn-strict:cpu_9:23.2033333333333
4.7.0-damn-strict:cpu_20:0
4.7.0-damn-strict:instructions:112484310640.667
4.7.0-damn-strict:enp130s0f1_tx_bytes_phy:4863911335.33333
4.7.0-damn-strict:TOTAL_ipc:1.01
4.7.0-damn-strict:64512:212992
4.7.0-damn-strict:cache-misses:751374666.333333
4.7.0-damn-strict:enp130s0f1_rx_bytes_phy:4987402140.66667
4.7.0-damn-strict:SKT0_l3hit:0.136666666666667
4.7.0-damn-strict:cpu_16:35.9433333333333
4.7.0-damn-strict:cpu_22:0.326666666666667
4.7.0-damn-strict:enp130s0f0_tx_bytes:7385637951.66667
4.7.0-damn-strict:cpu_17:66.0133333333333
4.7.0-damn-strict:enp130s0f0_rx_bytes_phy:6264457295
4.7.0-damn-strict:enp4s0f0_rx_bytes_phy:0
4.7.0-damn-strict:cpu_11:73.2033333333333
4.7.0-damn-strict:enp4s0f1_rx_packets:0
4.7.0-damn-strict:enp4s0f1_rx_bytes_phy:0
4.7.0-damn-strict:cpu_total:30.73
4.7.0-damn-strict:cpu_19:20.59
4.7.0-damn-strict:Total_tx_packets:1512178
4.7.0-damn-strict:TOTAL_l3miss:742333333.333333
4.7.0-damn-strict:cpu_5:52.6133333333333
4.7.0-damn-strict:enp130s0f0_tx_packets_phy:1300303
4.7.0-damn-strict:cpu_4:42.16
4.7.0-damn-strict:cpu_7:18.63
4.7.0-damn-strict:Read:17540.08
4.7.0-damn-strict:TOTAL_l2mpi:0.01
4.7.0-damn-strict:Total_rx_packets:1388532.66666667
4.7.0-damn-strict:cycles:111882531477.667
4.7.0-damn-strict:LLC-load-misses:389007112.333333
4.7.0-damn-strict:enp130s0f1_tx_packets_phy:600262
4.7.0-damn-strict:Write:8644.72333333333
4.7.0-damn-strict:Total_tx_packets_phy:1900565
4.7.0-damn-strict:SKT1_l2hit:0.37
4.7.0-damn-strict:enp4s0f1_rx_packets_phy:0
4.7.0-damn-strict:TOTAL_l3hit:0.253333333333333
4.7.0-damn-strict:enp130s0f1_tx_queue_stopped:0
4.7.0-damn-strict:SKT1_l3mpi:0
4.7.0-damn-strict:LLC-store:827323459.666667
4.7.0-damn-strict:SKT1_ipc:1.03666666666667
4.7.0-damn-strict:enp130s0f1_rx_packets:615449.666666667
4.7.0-damn-strict:SKT1_l3miss:251333333.333333
4.7.0-damn-strict:enp130s0f1_tx_packets:600259.333333333
4.7.0-damn-strict:SKT0_l2hit:0.21
4.7.0-damn-strict:Total_rx_packets_phy:1388603
4.7.0-damn-strict:enp4s0f1_tx_packets:0
4.7.0-damn-strict:enp4s0f0_tx_bytes:0
4.7.0-damn-strict:cpu_3:52.6133333333333
4.7.0-damnn-hp-strict:cpu_9:23.53
4.7.0-damnn-hp-strict:Total_tx_queue_stopped:0
4.7.0-damnn-hp-strict:enp4s0f0_rx_packets:0
4.7.0-damnn-hp-strict:enp4s0f1_tx_queue_stopped:0
4.7.0-damnn-hp-strict:cpu_22:0
4.7.0-damnn-hp-strict:cpu_16:34.6366666666667
4.7.0-damnn-hp-strict:enp130s0f0_tx_bytes:7674092115.33333
4.7.0-damnn-hp-strict:cpu_17:73.53
4.7.0-damnn-hp-strict:enp4s0f0_rx_bytes_phy:0
4.7.0-damnn-hp-strict:enp130s0f0_rx_bytes_phy:7386382166.66667
4.7.0-damnn-hp-strict:cpu_20:0
4.7.0-damnn-hp-strict:instructions:117949781722.667
4.7.0-damnn-hp-strict:TOTAL_ipc:1.01333333333333
4.7.0-damnn-hp-strict:64512:212992
4.7.0-damnn-hp-strict:cache-misses:927315989.333333
4.7.0-damnn-hp-strict:enp130s0f1_tx_bytes_phy:4865391863.66667
4.7.0-damnn-hp-strict:enp130s0f1_rx_bytes_phy:4988666164.33333
4.7.0-damnn-hp-strict:SKT0_l3hit:0.13
4.7.0-damnn-hp-strict:enp4s0f1_rx_bytes_phy:0
4.7.0-damnn-hp-strict:enp4s0f1_rx_packets:0
4.7.0-damnn-hp-strict:cpu_11:24.1833333333333
4.7.0-damnn-hp-strict:Total_tx_packets:1547955.66666667
4.7.0-damnn-hp-strict:cpu_19:19.61
4.7.0-damnn-hp-strict:cpu_total:32.0166666666667
4.7.0-damnn-hp-strict:Read:20546.5
4.7.0-damnn-hp-strict:TOTAL_l2mpi:0.01
4.7.0-damnn-hp-strict:Total_rx_packets:1526941
4.7.0-damnn-hp-strict:LLC-load-misses:428876727
4.7.0-damnn-hp-strict:cycles:116278657410
4.7.0-damnn-hp-strict:TOTAL_l3miss:927333333.333333
4.7.0-damnn-hp-strict:cpu_5:54.2466666666667
4.7.0-damnn-hp-strict:enp130s0f0_tx_packets_phy:1271517.33333333
4.7.0-damnn-hp-strict:cpu_4:45.1
4.7.0-damnn-hp-strict:cpu_7:77.45
4.7.0-damnn-hp-strict:Total_tx_packets_phy:1871960
4.7.0-damnn-hp-strict:SKT1_l2hit:0.326666666666667
4.7.0-damnn-hp-strict:enp4s0f1_rx_packets_phy:0
4.7.0-damnn-hp-strict:TOTAL_l3hit:0.22
4.7.0-damnn-hp-strict:enp130s0f1_tx_queue_stopped:0
4.7.0-damnn-hp-strict:SKT1_l3mpi:0.00333333333333333
4.7.0-damnn-hp-strict:LLC-store:861832073
4.7.0-damnn-hp-strict:SKT1_ipc:1.05666666666667
4.7.0-damnn-hp-strict:enp130s0f1_rx_packets:615639.333333333
4.7.0-damnn-hp-strict:enp130s0f1_tx_packets_phy:600442.666666667
4.7.0-damnn-hp-strict:Write:11787.0533333333
4.7.0-damnn-hp-strict:enp130s0f1_tx_packets:600420.333333333
4.7.0-damnn-hp-strict:SKT0_l2hit:0.196666666666667
4.7.0-damnn-hp-strict:Total_rx_packets_phy:1527217
4.7.0-damnn-hp-strict:SKT1_l3miss:355000000
4.7.0-damnn-hp-strict:enp4s0f0_tx_bytes:0
4.7.0-damnn-hp-strict:cpu_3:54.2466666666667
4.7.0-damnn-hp-strict:enp4s0f1_tx_packets:0
4.7.0-damnn-hp-strict:SKT0_l3miss:571666666.666667
4.7.0-damnn-hp-strict:cpu_2:44.7733333333333
4.7.0-damnn-hp-strict:Total_tx_bytes:12536898274.6667
4.7.0-damnn-hp-strict:enp130s0f0_tx_packets:947535.333333333
4.7.0-damnn-hp-strict:enp130s0f0_rx_bytes:7380642256
4.7.0-damnn-hp-strict:enp4s0f0_rx_bytes:0
4.7.0-damnn-hp-strict:cache-references:5127447349.66667
4.7.0-damnn-hp-strict:Total_rx_bytes:12366715309.6667
4.7.0-damnn-hp-strict:cpu_26:0
4.7.0-damnn-hp-strict:LLC-load:1270571777.33333
4.7.0-damnn-hp-strict:TOTAL_l2miss:1184666666.66667
4.7.0-damnn-hp-strict:LLC-store-misses:125393776.333333
4.7.0-damnn-hp-strict:enp4s0f0_tx_packets_phy:0
4.7.0-damnn-hp-strict:cpu_24:0
4.7.0-damnn-hp-strict:SKT0_l3mpi:0.01
4.7.0-damnn-hp-strict:enp130s0f1_rx_bytes:4986073053.66667
4.7.0-damnn-hp-strict:cpu_13:77.45
4.7.0-damnn-hp-strict:SKT1_l2miss:528000000
4.7.0-damnn-hp-strict:enp130s0f0_rx_packets:911301.666666667
4.7.0-damnn-hp-strict:cpu_27:0.98
4.7.0-damnn-hp-strict:enp130s0f0_rx_packets_phy:911560.333333333
4.7.0-damnn-hp-strict:cpu_25:0
4.7.0-damnn-hp-strict:SKT1_l2mpi:0.01
4.7.0-damnn-hp-strict:enp4s0f1_rx_bytes:0
4.7.0-damnn-hp-strict:enp4s0f1_tx_bytes:0
4.7.0-damnn-hp-strict:enp130s0f1_tx_bytes:4862806159.33333
4.7.0-damnn-hp-strict:TOTAL_l3mpi:0.01
4.7.0-damnn-hp-strict:cpu_0:46.08
4.7.0-damnn-hp-strict:cpu_23:0
4.7.0-damnn-hp-strict:70:212992
4.7.0-damnn-hp-strict:cpu_6:33.99
4.7.0-damnn-hp-strict:enp4s0f1_tx_packets_phy:0
4.7.0-damnn-hp-strict:enp130s0f1_rx_packets_phy:615656.666666667
4.7.0-damnn-hp-strict:Memory:32333.5533333333
4.7.0-damnn-hp-strict:cpu_1:54.5733333333333
4.7.0-damnn-hp-strict:Total_tx_bytes_phy:12564221497.6667
4.7.0-damnn-hp-strict:enp130s0f0_tx_queue_stopped:0
4.7.0-damnn-hp-strict:SKT0_ipc:0.956666666666667
4.7.0-damnn-hp-strict:SKT0_l2miss:656000000
4.7.0-damnn-hp-strict:SKT0_l2mpi:0.01
4.7.0-damnn-hp-strict:cpu_8:33.99
4.7.0-damnn-hp-strict:cpu_12:40.5266666666667
4.7.0-damnn-hp-strict:enp4s0f1_tx_bytes_phy:0
4.7.0-damnn-hp-strict:TOTAL_l2hit:0.26
4.7.0-damnn-hp-strict:enp4s0f0_rx_packets_phy:0
4.7.0-damnn-hp-strict:enp130s0f0_tx_bytes_phy:7698829634
4.7.0-damnn-hp-strict:SKT1_l3hit:0.326666666666667
4.7.0-damnn-hp-strict:cpu_18:64.0533333333333
4.7.0-damnn-hp-strict:cpu_10:33.6633333333333
4.7.0-damnn-hp-strict:enp4s0f0_tx_queue_stopped:0
4.7.0-damnn-hp-strict:cpu_21:0
4.7.0-damnn-hp-strict:enp4s0f0_tx_packets:0
4.7.0-damnn-hp-strict:cpu_15:48.3666666666667
4.7.0-damnn-hp-strict:cpu_14:15.0366666666667
4.7.0-damnn-hp-strict:Total_rx_bytes_phy:12375048331
4.7.0-damnn-hp-strict:enp4s0f0_tx_bytes_phy:0
4.7.0-damnn-hpne-strict:enp130s0f1_tx_packets:600366.666666667
4.7.0-damnn-hpne-strict:Total_rx_packets_phy:1529761.33333333
4.7.0-damnn-hpne-strict:SKT0_l2hit:0.2
4.7.0-damnn-hpne-strict:SKT1_l3miss:381333333.333333
4.7.0-damnn-hpne-strict:enp4s0f0_tx_bytes:0
4.7.0-damnn-hpne-strict:cpu_3:53.2666666666667
4.7.0-damnn-hpne-strict:enp4s0f1_tx_packets:0
4.7.0-damnn-hpne-strict:Read:20914.1433333333
4.7.0-damnn-hpne-strict:TOTAL_l2mpi:0.01
4.7.0-damnn-hpne-strict:cycles:119160429652.333
4.7.0-damnn-hpne-strict:LLC-load-misses:461579454.333333
4.7.0-damnn-hpne-strict:Total_rx_packets:1529826.66666667
4.7.0-damnn-hpne-strict:TOTAL_l3miss:968000000
4.7.0-damnn-hpne-strict:cpu_7:41.1766666666667
4.7.0-damnn-hpne-strict:cpu_4:46.08
4.7.0-damnn-hpne-strict:enp130s0f0_tx_packets_phy:1292646
4.7.0-damnn-hpne-strict:cpu_5:53.92
4.7.0-damnn-hpne-strict:TOTAL_l3hit:0.21
4.7.0-damnn-hpne-strict:enp4s0f1_rx_packets_phy:0
4.7.0-damnn-hpne-strict:Total_tx_packets_phy:1893011.66666667
4.7.0-damnn-hpne-strict:SKT1_l2hit:0.313333333333333
4.7.0-damnn-hpne-strict:enp130s0f1_rx_packets:615554.666666667
4.7.0-damnn-hpne-strict:SKT1_ipc:1.04
4.7.0-damnn-hpne-strict:LLC-store:876809785
4.7.0-damnn-hpne-strict:SKT1_l3mpi:0.01
4.7.0-damnn-hpne-strict:enp130s0f1_tx_queue_stopped:0
4.7.0-damnn-hpne-strict:Write:11971.37
4.7.0-damnn-hpne-strict:enp130s0f1_tx_packets_phy:600365.666666667
4.7.0-damnn-hpne-strict:enp4s0f1_rx_packets:0
4.7.0-damnn-hpne-strict:enp4s0f1_rx_bytes_phy:0
4.7.0-damnn-hpne-strict:cpu_11:23.2033333333333
4.7.0-damnn-hpne-strict:Total_tx_packets:1576661
4.7.0-damnn-hpne-strict:cpu_19:19.61
4.7.0-damnn-hpne-strict:cpu_total:32.5266666666667
4.7.0-damnn-hpne-strict:cpu_9:74.51
4.7.0-damnn-hpne-strict:Total_tx_queue_stopped:0
4.7.0-damnn-hpne-strict:enp4s0f0_rx_packets:0
4.7.0-damnn-hpne-strict:enp4s0f1_tx_queue_stopped:0
4.7.0-damnn-hpne-strict:cpu_16:33.9833333333333
4.7.0-damnn-hpne-strict:cpu_22:0
4.7.0-damnn-hpne-strict:enp4s0f0_rx_bytes_phy:0
4.7.0-damnn-hpne-strict:enp130s0f0_rx_bytes_phy:7408076776
4.7.0-damnn-hpne-strict:enp130s0f0_tx_bytes:7907016794.66667
4.7.0-damnn-hpne-strict:cpu_17:58.4933333333333
4.7.0-damnn-hpne-strict:instructions:119489483031.667
4.7.0-damnn-hpne-strict:cpu_20:0
4.7.0-damnn-hpne-strict:SKT0_l3hit:0.13
4.7.0-damnn-hpne-strict:enp130s0f1_rx_bytes_phy:4987590007.66667
4.7.0-damnn-hpne-strict:cache-misses:971455024.666667
4.7.0-damnn-hpne-strict:TOTAL_ipc:1.00333333333333
4.7.0-damnn-hpne-strict:64512:212992
4.7.0-damnn-hpne-strict:enp130s0f1_tx_bytes_phy:4864763003
4.7.0-damnn-hpne-strict:cpu_8:33.99
4.7.0-damnn-hpne-strict:SKT0_l2mpi:0.01
4.7.0-damnn-hpne-strict:enp4s0f1_tx_bytes_phy:0
4.7.0-damnn-hpne-strict:cpu_12:33.99
4.7.0-damnn-hpne-strict:enp4s0f0_rx_packets_phy:0
4.7.0-damnn-hpne-strict:TOTAL_l2hit:0.26
4.7.0-damnn-hpne-strict:enp130s0f0_tx_bytes_phy:7930753477
4.7.0-damnn-hpne-strict:cpu_10:40.5266666666667
4.7.0-damnn-hpne-strict:cpu_18:69.9366666666667
4.7.0-damnn-hpne-strict:SKT1_l3hit:0.306666666666667
4.7.0-damnn-hpne-strict:cpu_15:49.02
4.7.0-damnn-hpne-strict:enp4s0f0_tx_packets:0
4.7.0-damnn-hpne-strict:cpu_21:0
4.7.0-damnn-hpne-strict:enp4s0f0_tx_queue_stopped:0
4.7.0-damnn-hpne-strict:Total_rx_bytes_phy:12395666783.6667
4.7.0-damnn-hpne-strict:enp4s0f0_tx_bytes_phy:0
4.7.0-damnn-hpne-strict:cpu_14:15.0366666666667
4.7.0-damnn-hpne-strict:enp4s0f1_tx_bytes:0
4.7.0-damnn-hpne-strict:enp4s0f1_rx_bytes:0
4.7.0-damnn-hpne-strict:enp130s0f1_tx_bytes:4862376400.66667
4.7.0-damnn-hpne-strict:70:212992
4.7.0-damnn-hpne-strict:cpu_6:40.8533333333333
4.7.0-damnn-hpne-strict:TOTAL_l3mpi:0.01
4.7.0-damnn-hpne-strict:cpu_0:46.7333333333333
4.7.0-damnn-hpne-strict:cpu_23:0
4.7.0-damnn-hpne-strict:Memory:32885.5133333333
4.7.0-damnn-hpne-strict:cpu_1:55.5533333333333
4.7.0-damnn-hpne-strict:enp4s0f1_tx_packets_phy:0
4.7.0-damnn-hpne-strict:enp130s0f1_rx_packets_phy:615523.333333333
4.7.0-damnn-hpne-strict:Total_tx_bytes_phy:12795516480
4.7.0-damnn-hpne-strict:SKT0_ipc:0.956666666666667
4.7.0-damnn-hpne-strict:enp130s0f0_tx_queue_stopped:0
4.7.0-damnn-hpne-strict:SKT0_l2miss:671333333.333333
4.7.0-damnn-hpne-strict:enp130s0f0_rx_packets:914272
4.7.0-damnn-hpne-strict:SKT1_l2miss:550000000
4.7.0-damnn-hpne-strict:cpu_13:74.8366666666667
4.7.0-damnn-hpne-strict:cpu_27:0.653333333333333
4.7.0-damnn-hpne-strict:enp130s0f0_rx_packets_phy:914238
4.7.0-damnn-hpne-strict:cpu_25:0.326666666666667
4.7.0-damnn-hpne-strict:SKT1_l2mpi:0.01
4.7.0-damnn-hpne-strict:SKT0_l3miss:586333333.333333
4.7.0-damnn-hpne-strict:cpu_2:46.08
4.7.0-damnn-hpne-strict:enp130s0f0_tx_packets:976294.333333333
4.7.0-damnn-hpne-strict:Total_tx_bytes:12769393195.3333
4.7.0-damnn-hpne-strict:cache-references:5216511251.66667
4.7.0-damnn-hpne-strict:enp4s0f0_rx_bytes:0
4.7.0-damnn-hpne-strict:enp130s0f0_rx_bytes:7404685713.33333
4.7.0-damnn-hpne-strict:Total_rx_bytes:12390070861.6667
4.7.0-damnn-hpne-strict:TOTAL_l2miss:1222000000
4.7.0-damnn-hpne-strict:LLC-load:1301913386
4.7.0-damnn-hpne-strict:cpu_26:0
4.7.0-damnn-hpne-strict:cpu_24:0
4.7.0-damnn-hpne-strict:enp4s0f0_tx_packets_phy:0
4.7.0-damnn-hpne-strict:LLC-store-misses:118559072.666667
4.7.0-damnn-hpne-strict:enp130s0f1_rx_bytes:4985385148.33333
4.7.0-damnn-hpne-strict:SKT0_l3mpi:0.01
4.7.0-defer:instructions:105240788669.667
4.7.0-defer:cpu_20:0
4.7.0-defer:SKT0_l3hit:0.31
4.7.0-defer:enp130s0f1_rx_bytes_phy:4964137621.33333
4.7.0-defer:cache-misses:377148067.666667
4.7.0-defer:TOTAL_ipc:0.983333333333333
4.7.0-defer:64512:212992
4.7.0-defer:enp130s0f1_tx_bytes_phy:4662167558.66667
4.7.0-defer:cpu_22:0.323333333333333
4.7.0-defer:cpu_16:7.16333333333333
4.7.0-defer:enp130s0f0_rx_bytes_phy:6288742330
4.7.0-defer:enp4s0f0_rx_bytes_phy:0
4.7.0-defer:enp130s0f0_tx_bytes:7127525489
4.7.0-defer:cpu_17:69.0566666666667
4.7.0-defer:Total_tx_queue_stopped:0
4.7.0-defer:enp4s0f1_tx_queue_stopped:0
4.7.0-defer:enp4s0f0_rx_packets:0
4.7.0-defer:cpu_9:6.51333333333333
4.7.0-defer:cpu_total:31.4466666666667
4.7.0-defer:cpu_19:44.3
4.7.0-defer:Total_tx_packets:1455386.66666667
4.7.0-defer:enp4s0f1_rx_packets:0
4.7.0-defer:enp4s0f1_rx_bytes_phy:0
4.7.0-defer:cpu_11:6.18666666666667
4.7.0-defer:Write:11318.2966666667
4.7.0-defer:enp130s0f1_tx_packets_phy:576893.333333333
4.7.0-defer:enp4s0f1_rx_packets_phy:0
4.7.0-defer:TOTAL_l3hit:0.406666666666667
4.7.0-defer:SKT1_l2hit:0.436666666666667
4.7.0-defer:Total_tx_packets_phy:1838149.33333333
4.7.0-defer:SKT1_ipc:1.05666666666667
4.7.0-defer:enp130s0f1_rx_packets:612505
4.7.0-defer:LLC-store:677342234.333333
4.7.0-defer:enp130s0f1_tx_queue_stopped:0
4.7.0-defer:SKT1_l3mpi:0
4.7.0-defer:TOTAL_l3miss:377666666.666667
4.7.0-defer:cpu_7:4.55666666666667
4.7.0-defer:cpu_4:71.6633333333333
4.7.0-defer:enp130s0f0_tx_packets_phy:1261256
4.7.0-defer:cpu_5:90.5566666666667
4.7.0-defer:Read:11432.1133333333
4.7.0-defer:TOTAL_l2mpi:0.01
4.7.0-defer:cycles:107788624569
4.7.0-defer:LLC-load-misses:173854634.666667
4.7.0-defer:Total_rx_packets:1365651.33333333
4.7.0-defer:enp4s0f1_tx_packets:0
4.7.0-defer:enp4s0f0_tx_bytes:0
4.7.0-defer:cpu_3:89.9066666666667
4.7.0-defer:SKT1_l3miss:193000000
4.7.0-defer:enp130s0f1_tx_packets:575337
4.7.0-defer:Total_rx_packets_phy:1388726
4.7.0-defer:SKT0_l2hit:0.303333333333333
4.7.0-defer:cpu_24:0
4.7.0-defer:enp4s0f0_tx_packets_phy:0
4.7.0-defer:LLC-store-misses:58781374
4.7.0-defer:enp130s0f1_rx_bytes:4960684508.66667
4.7.0-defer:SKT0_l3mpi:0.01
4.7.0-defer:TOTAL_l2miss:633666666.666667
4.7.0-defer:LLC-load:812021505.333333
4.7.0-defer:cpu_26:0
4.7.0-defer:cache-references:3630406564.66667
4.7.0-defer:enp4s0f0_rx_bytes:0
4.7.0-defer:enp130s0f0_rx_bytes:6099464361.66667
4.7.0-defer:Total_rx_bytes:11060148870.3333
4.7.0-defer:cpu_2:71.9866666666667
4.7.0-defer:SKT0_l3miss:184000000
4.7.0-defer:enp130s0f0_tx_packets:880049.666666667
4.7.0-defer:Total_tx_bytes:11787181639
4.7.0-defer:cpu_25:0.323333333333333
4.7.0-defer:SKT1_l2mpi:0.01
4.7.0-defer:cpu_27:0
4.7.0-defer:enp130s0f0_rx_packets_phy:776097.333333333
4.7.0-defer:enp130s0f0_rx_packets:753146.333333333
4.7.0-defer:cpu_13:75.57
4.7.0-defer:SKT1_l2miss:366000000
4.7.0-defer:SKT0_ipc:0.85
4.7.0-defer:enp130s0f0_tx_queue_stopped:0
4.7.0-defer:SKT0_l2miss:266666666.666667
4.7.0-defer:Memory:22750.41
4.7.0-defer:cpu_1:90.88
4.7.0-defer:enp130s0f1_rx_packets_phy:612628.666666667
4.7.0-defer:enp4s0f1_tx_packets_phy:0
4.7.0-defer:Total_tx_bytes_phy:11817197933
4.7.0-defer:enp130s0f1_tx_bytes:4659656150
4.7.0-defer:enp4s0f1_rx_bytes:0
4.7.0-defer:enp4s0f1_tx_bytes:0
4.7.0-defer:cpu_6:4.55666666666667
4.7.0-defer:70:212992
4.7.0-defer:cpu_23:0
4.7.0-defer:TOTAL_l3mpi:0
4.7.0-defer:cpu_0:71.6633333333333
4.7.0-defer:cpu_15:100
4.7.0-defer:enp4s0f0_tx_packets:0
4.7.0-defer:cpu_21:0
4.7.0-defer:enp4s0f0_tx_queue_stopped:0
4.7.0-defer:enp4s0f0_tx_bytes_phy:0
4.7.0-defer:Total_rx_bytes_phy:11252879951.3333
4.7.0-defer:cpu_14:2.60333333333333
4.7.0-defer:enp130s0f0_tx_bytes_phy:7155030374.33333
4.7.0-defer:cpu_10:4.55666666666667
4.7.0-defer:cpu_18:58.9533333333333
4.7.0-defer:SKT1_l3hit:0.473333333333333
4.7.0-defer:enp4s0f0_rx_packets_phy:0
4.7.0-defer:TOTAL_l2hit:0.386666666666667
4.7.0-defer:SKT0_l2mpi:0.01
4.7.0-defer:cpu_8:4.88333333333333
4.7.0-defer:cpu_12:4.23
4.7.0-defer:enp4s0f1_tx_bytes_phy:0
4.7.0-strict:Total_tx_packets:1547463.33333333
4.7.0-strict:cpu_19:41.18
4.7.0-strict:cpu_total:41.0266666666667
4.7.0-strict:enp4s0f1_rx_packets:0
4.7.0-strict:enp4s0f1_rx_bytes_phy:0
4.7.0-strict:cpu_11:23.53
4.7.0-strict:cpu_22:0.326666666666667
4.7.0-strict:cpu_16:30.7166666666667
4.7.0-strict:enp130s0f0_rx_bytes_phy:7607998305.66667
4.7.0-strict:enp4s0f0_rx_bytes_phy:0
4.7.0-strict:enp130s0f0_tx_bytes:7666248102
4.7.0-strict:cpu_17:83.3333333333333
4.7.0-strict:instructions:103621154920
4.7.0-strict:cpu_20:0
4.7.0-strict:enp130s0f1_rx_bytes_phy:4988404086.33333
4.7.0-strict:SKT0_l3hit:0.16
4.7.0-strict:64512:212992
4.7.0-strict:TOTAL_ipc:0.73
4.7.0-strict:enp130s0f1_tx_bytes_phy:4869053108
4.7.0-strict:cache-misses:1133045485.66667
4.7.0-strict:cpu_9:74.51
4.7.0-strict:Total_tx_queue_stopped:0
4.7.0-strict:enp4s0f0_rx_packets:0
4.7.0-strict:enp4s0f1_tx_queue_stopped:0
4.7.0-strict:cpu_3:88.24
4.7.0-strict:enp4s0f0_tx_bytes:0
4.7.0-strict:enp4s0f1_tx_packets:0
4.7.0-strict:enp130s0f1_tx_packets:600897
4.7.0-strict:Total_rx_packets_phy:1554533
4.7.0-strict:SKT0_l2hit:0.21
4.7.0-strict:SKT1_l3miss:486000000
4.7.0-strict:TOTAL_l3hit:0.23
4.7.0-strict:enp4s0f1_rx_packets_phy:0
4.7.0-strict:Total_tx_packets_phy:1854887.66666667
4.7.0-strict:SKT1_l2hit:0.3
4.7.0-strict:SKT1_ipc:0.826666666666667
4.7.0-strict:LLC-store:1121060383
4.7.0-strict:enp130s0f1_rx_packets:615654.333333333
4.7.0-strict:SKT1_l3mpi:0.01
4.7.0-strict:enp130s0f1_tx_queue_stopped:0
4.7.0-strict:Write:13161.9633333333
4.7.0-strict:enp130s0f1_tx_packets_phy:600894.666666667
4.7.0-strict:Read:23376.9166666667
4.7.0-strict:TOTAL_l2mpi:0.01
4.7.0-strict:cycles:143393420159
4.7.0-strict:LLC-load-misses:664900766.333333
4.7.0-strict:Total_rx_packets:1553954.33333333
4.7.0-strict:TOTAL_l3miss:1111666666.66667
4.7.0-strict:cpu_7:29.41
4.7.0-strict:enp130s0f0_tx_packets_phy:1253993
4.7.0-strict:cpu_4:77.1233333333333
4.7.0-strict:cpu_5:88.8933333333333
4.7.0-strict:cpu_25:0
4.7.0-strict:SKT1_l2mpi:0.01
4.7.0-strict:enp130s0f0_rx_packets:938300
4.7.0-strict:cpu_13:78.1033333333333
4.7.0-strict:SKT1_l2miss:691666666.666667
4.7.0-strict:cpu_27:0.326666666666667
4.7.0-strict:enp130s0f0_rx_packets_phy:938910
4.7.0-strict:TOTAL_l2miss:1440000000
4.7.0-strict:LLC-load:1523649712.33333
4.7.0-strict:cpu_26:0
4.7.0-strict:enp4s0f0_tx_packets_phy:0
4.7.0-strict:cpu_24:0.326666666666667
4.7.0-strict:LLC-store-misses:79994650.6666667
4.7.0-strict:enp130s0f1_rx_bytes:4986191169
4.7.0-strict:SKT0_l3mpi:0.02
4.7.0-strict:SKT0_l3miss:625000000
4.7.0-strict:cpu_2:76.47
4.7.0-strict:enp130s0f0_tx_packets:946566.333333333
4.7.0-strict:Total_tx_bytes:12532918338.3333
4.7.0-strict:cache-references:5467747600
4.7.0-strict:enp4s0f0_rx_bytes:0
4.7.0-strict:enp130s0f0_rx_bytes:7599292730.33333
4.7.0-strict:Total_rx_bytes:12585483899.3333
4.7.0-strict:enp130s0f0_tx_bytes_phy:7689658900
4.7.0-strict:cpu_10:34.9633333333333
4.7.0-strict:SKT1_l3hit:0.3
4.7.0-strict:cpu_18:79.0866666666667
4.7.0-strict:enp4s0f0_tx_packets:0
4.7.0-strict:cpu_15:100
4.7.0-strict:enp4s0f0_tx_queue_stopped:0
4.7.0-strict:cpu_21:0
4.7.0-strict:Total_rx_bytes_phy:12596402392
4.7.0-strict:enp4s0f0_tx_bytes_phy:0
4.7.0-strict:cpu_14:13.4033333333333
4.7.0-strict:cpu_8:35.9466666666667
4.7.0-strict:SKT0_l2mpi:0.02
4.7.0-strict:enp4s0f1_tx_bytes_phy:0
4.7.0-strict:cpu_12:35.9466666666667
4.7.0-strict:enp4s0f0_rx_packets_phy:0
4.7.0-strict:TOTAL_l2hit:0.256666666666667
4.7.0-strict:SKT0_ipc:0.6
4.7.0-strict:enp130s0f0_tx_queue_stopped:0
4.7.0-strict:SKT0_l2miss:747333333.333333
4.7.0-strict:enp4s0f1_rx_bytes:0
4.7.0-strict:enp4s0f1_tx_bytes:0
4.7.0-strict:enp130s0f1_tx_bytes:4866670236.33333
4.7.0-strict:70:212992
4.7.0-strict:cpu_6:35.9466666666667
4.7.0-strict:cpu_0:77.45
4.7.0-strict:TOTAL_l3mpi:0.01
4.7.0-strict:cpu_23:0
4.7.0-strict:cpu_1:46.4066666666667
4.7.0-strict:Memory:36538.8766666667
4.7.0-strict:enp4s0f1_tx_packets_phy:0
4.7.0-strict:enp130s0f1_rx_packets_phy:615623
4.7.0-strict:Total_tx_bytes_phy:12558712008
4.7.0-unsafe:LLC-store:1119096172.33333
4.7.0-unsafe:SKT1_ipc:0.806666666666667
4.7.0-unsafe:enp130s0f1_rx_packets:615489.666666667
4.7.0-unsafe:SKT1_l3mpi:0.01
4.7.0-unsafe:enp130s0f1_tx_queue_stopped:0
4.7.0-unsafe:TOTAL_l3hit:0.22
4.7.0-unsafe:enp4s0f1_rx_packets_phy:0
4.7.0-unsafe:SKT1_l2hit:0.3
4.7.0-unsafe:Total_tx_packets_phy:1824426
4.7.0-unsafe:Write:13641.9066666667
4.7.0-unsafe:enp130s0f1_tx_packets_phy:598619
4.7.0-unsafe:cycles:141305361811.667
4.7.0-unsafe:LLC-load-misses:670141364.333333
4.7.0-unsafe:Total_rx_packets:1607943.33333333
4.7.0-unsafe:TOTAL_l2mpi:0.01
4.7.0-unsafe:Read:23721.26
4.7.0-unsafe:cpu_7:22.9733333333333
4.7.0-unsafe:cpu_5:85.7633333333333
4.7.0-unsafe:enp130s0f0_tx_packets_phy:1225807
4.7.0-unsafe:cpu_4:76.3766666666667
4.7.0-unsafe:TOTAL_l3miss:1138333333.33333
4.7.0-unsafe:enp4s0f0_tx_bytes:0
4.7.0-unsafe:cpu_3:85.44
4.7.0-unsafe:enp4s0f1_tx_packets:0
4.7.0-unsafe:Total_rx_packets_phy:1609569
4.7.0-unsafe:SKT0_l2hit:0.206666666666667
4.7.0-unsafe:enp130s0f1_tx_packets:598626
4.7.0-unsafe:SKT1_l3miss:485000000
4.7.0-unsafe:enp130s0f0_rx_bytes_phy:8055148894.66667
4.7.0-unsafe:enp4s0f0_rx_bytes_phy:0
4.7.0-unsafe:cpu_17:86.73
4.7.0-unsafe:enp130s0f0_tx_bytes:7633934949
4.7.0-unsafe:cpu_16:31.7166666666667
4.7.0-unsafe:cpu_22:0.323333333333333
4.7.0-unsafe:SKT0_l3hit:0.16
4.7.0-unsafe:enp130s0f1_rx_bytes_phy:4987181158.33333
4.7.0-unsafe:enp130s0f1_tx_bytes_phy:4850530988.33333
4.7.0-unsafe:TOTAL_ipc:0.7
4.7.0-unsafe:64512:212992
4.7.0-unsafe:cache-misses:1142894790.33333
4.7.0-unsafe:instructions:98952829198.6667
4.7.0-unsafe:cpu_20:0.97
4.7.0-unsafe:cpu_9:24.27
4.7.0-unsafe:enp4s0f0_rx_packets:0
4.7.0-unsafe:enp4s0f1_tx_queue_stopped:0
4.7.0-unsafe:Total_tx_queue_stopped:0
4.7.0-unsafe:Total_tx_packets:1541202.66666667
4.7.0-unsafe:cpu_total:40.5
4.7.0-unsafe:cpu_19:39.81
4.7.0-unsafe:enp4s0f1_rx_bytes_phy:0
4.7.0-unsafe:cpu_11:24.27
4.7.0-unsafe:enp4s0f1_rx_packets:0
4.7.0-unsafe:SKT0_l2miss:774000000
4.7.0-unsafe:SKT0_ipc:0.573333333333333
4.7.0-unsafe:enp130s0f0_tx_queue_stopped:0
4.7.0-unsafe:70:212992
4.7.0-unsafe:cpu_6:35.9233333333333
4.7.0-unsafe:cpu_0:76.3766666666667
4.7.0-unsafe:TOTAL_l3mpi:0.01
4.7.0-unsafe:cpu_23:0.97
4.7.0-unsafe:enp4s0f1_tx_bytes:0
4.7.0-unsafe:enp4s0f1_rx_bytes:0
4.7.0-unsafe:enp130s0f1_tx_bytes:4848274312.33333
4.7.0-unsafe:Total_tx_bytes_phy:12506463351.3333
4.7.0-unsafe:cpu_1:86.0866666666667
4.7.0-unsafe:Memory:37363.1666666667
4.7.0-unsafe:enp4s0f1_tx_packets_phy:0
4.7.0-unsafe:enp130s0f1_rx_packets_phy:615473.666666667
4.7.0-unsafe:cpu_10:35.5966666666667
4.7.0-unsafe:cpu_18:90.6133333333333
4.7.0-unsafe:SKT1_l3hit:0.293333333333333
4.7.0-unsafe:enp130s0f0_tx_bytes_phy:7655932363
4.7.0-unsafe:Total_rx_bytes_phy:13042330053
4.7.0-unsafe:enp4s0f0_tx_bytes_phy:0
4.7.0-unsafe:cpu_14:13.59
4.7.0-unsafe:enp4s0f0_tx_packets:0
4.7.0-unsafe:cpu_15:100
4.7.0-unsafe:cpu_21:0.323333333333333
4.7.0-unsafe:enp4s0f0_tx_queue_stopped:0
4.7.0-unsafe:enp4s0f1_tx_bytes_phy:0
4.7.0-unsafe:cpu_12:35.92
4.7.0-unsafe:cpu_8:35.6
4.7.0-unsafe:SKT0_l2mpi:0.02
4.7.0-unsafe:enp4s0f0_rx_packets_phy:0
4.7.0-unsafe:TOTAL_l2hit:0.25
4.7.0-unsafe:LLC-load:1528376476
4.7.0-unsafe:TOTAL_l2miss:1462000000
4.7.0-unsafe:cpu_26:0
4.7.0-unsafe:enp130s0f1_rx_bytes:4984850790.33333
4.7.0-unsafe:SKT0_l3mpi:0.02
4.7.0-unsafe:enp4s0f0_tx_packets_phy:0
4.7.0-unsafe:cpu_24:0.646666666666667
4.7.0-unsafe:LLC-store-misses:83168700.6666667
4.7.0-unsafe:enp130s0f0_tx_packets:942576.666666667
4.7.0-unsafe:Total_tx_bytes:12482209261.3333
4.7.0-unsafe:SKT0_l3miss:652666666.666667
4.7.0-unsafe:cpu_2:75.73
4.7.0-unsafe:Total_rx_bytes:13022748607.3333
4.7.0-unsafe:cache-references:5455374538
4.7.0-unsafe:enp4s0f0_rx_bytes:0
4.7.0-unsafe:enp130s0f0_rx_bytes:8037897817
4.7.0-unsafe:SKT1_l2mpi:0.01
4.7.0-unsafe:cpu_25:0.323333333333333
4.7.0-unsafe:enp130s0f0_rx_packets:992453.666666667
4.7.0-unsafe:SKT1_l2miss:687333333.333333
4.7.0-unsafe:cpu_13:69.2533333333333
4.7.0-unsafe:enp130s0f0_rx_packets_phy:994095.333333333
4.7.0-unsafe:cpu_27:0
