4.7.0-copy-plus-strict:16384:87380
4.7.0-copy-plus-strict:enp130s0f0_rx_packets_phy:2876251.8
4.7.0-copy-plus-strict:enp130s0f1_tx_packets_phy:2971986.4
4.7.0-copy-plus-strict:enp4s0f1_rx_bytes_phy:0
4.7.0-copy-plus-strict:enp4s0f1_rx_packets_phy:0
4.7.0-copy-plus-strict:Total_tx_bytes_phy:8637139604.6
4.7.0-copy-plus-strict:cpu_8:96.31
4.7.0-copy-plus-strict:enp4s0f0_rx_packets_phy:0
4.7.0-copy-plus-strict:enp4s0f1_tx_bytes:0
4.7.0-copy-plus-strict:cpu_14:99.612
4.7.0-copy-plus-strict:cycles:182498549236.2
4.7.0-copy-plus-strict:enp4s0f0_rx_bytes:0
4.7.0-copy-plus-strict:cpu_10:97.282
4.7.0-copy-plus-strict:cpu_2:94.758
4.7.0-copy-plus-strict:enp4s0f0_rx_packets:0
4.7.0-copy-plus-strict:enp130s0f0_tx_packets_phy:3416521
4.7.0-copy-plus-strict:enp130s0f0_tx_bytes_phy:4403810786.2
4.7.0-copy-plus-strict:cpu_27:35.534
4.7.0-copy-plus-strict:Total_tx_packets:411765
4.7.0-copy-plus-strict:enp4s0f1_rx_packets:0
4.7.0-copy-plus-strict:enp130s0f1_rx_bytes_phy:4327866067
4.7.0-copy-plus-strict:enp4s0f0_rx_bytes_phy:0
4.7.0-copy-plus-strict:cpu_22:79.222
4.7.0-copy-plus-strict:LLC-load:2018716635.8
4.7.0-copy-plus-strict:enp130s0f1_rx_packets_phy:2967066.4
4.7.0-copy-plus-strict:cpu_19:12.428
4.7.0-copy-plus-strict:enp130s0f1_rx_packets:592556.6
4.7.0-copy-plus-strict:enp130s0f0_rx_bytes:3925192430.6
4.7.0-copy-plus-strict:cpu_26:77.282
4.7.0-copy-plus-strict:cpu_16:74.756
4.7.0-copy-plus-strict:enp4s0f1_rx_bytes:0
4.7.0-copy-plus-strict:cpu_6:95.146
4.7.0-copy-plus-strict:enp130s0f0_rx_packets:582180.6
4.7.0-copy-plus-strict:Total_rx_packets_phy:5843318.2
4.7.0-copy-plus-strict:Total_tx_packets_phy:6388507.4
4.7.0-copy-plus-strict:cpu_0:85.048
4.7.0-copy-plus-strict:cpu_3:26.002
4.7.0-copy-plus-strict:LLC-store-misses:174426693.2
4.7.0-copy-plus-strict:cpu_20:89.126
4.7.0-copy-plus-strict:cpu_total:54.852
4.7.0-copy-plus-strict:cpu_21:10.098
4.7.0-copy-plus-strict:enp4s0f0_tx_packets:0
4.7.0-copy-plus-strict:cpu_13:24.464
4.7.0-copy-plus-strict:cache-misses:1907053328.8
4.7.0-copy-plus-strict:enp130s0f1_rx_bytes:4157440262.2
4.7.0-copy-plus-strict:cpu_12:97.282
4.7.0-copy-plus-strict:cpu_1:18.048
4.7.0-copy-plus-strict:cache-references:7536762886.8
4.7.0-copy-plus-strict:enp4s0f1_tx_packets_phy:0
4.7.0-copy-plus-strict:cpu_15:25.048
4.7.0-copy-plus-strict:cpu_5:15.34
4.7.0-copy-plus-strict:cpu_24:83.494
4.7.0-copy-plus-strict:cpu_18:92.814
4.7.0-copy-plus-strict:LLC-load-misses:912758938.4
4.7.0-copy-plus-strict:enp130s0f0_tx_bytes:4365967598.8
4.7.0-copy-plus-strict:cpu_7:22.91
4.7.0-copy-plus-strict:cpu_17:26.602
4.7.0-copy-plus-strict:cpu_4:89.708
4.7.0-copy-plus-strict:Total_rx_bytes_phy:8426696293.4
4.7.0-copy-plus-strict:cpu_23:20.194
4.7.0-copy-plus-strict:cpu_9:16.7
4.7.0-copy-plus-strict:instructions:39267092004
4.7.0-copy-plus-strict:enp4s0f1_tx_packets:0
4.7.0-copy-plus-strict:enp130s0f1_tx_bytes_phy:4233328818.4
4.7.0-copy-plus-strict:cpu_25:21.914
4.7.0-copy-plus-strict:Total_tx_bytes:8585482901.6
4.7.0-copy-plus-strict:enp4s0f0_tx_packets_phy:0
4.7.0-copy-plus-strict:Total_rx_bytes:8082632692.8
4.7.0-copy-plus-strict:LLC-store:2685815849.4
4.7.0-copy-plus-strict:enp130s0f1_tx_bytes:4219515302.8
4.7.0-copy-plus-strict:enp130s0f0_tx_packets:194854.2
4.7.0-copy-plus-strict:Total_rx_packets:1174737.2
4.7.0-copy-plus-strict:enp130s0f0_rx_bytes_phy:4098830226.4
4.7.0-copy-plus-strict:enp4s0f1_tx_bytes_phy:0
4.7.0-copy-plus-strict:enp4s0f0_tx_bytes:0
4.7.0-copy-plus-strict:enp130s0f1_tx_packets:216910.8
4.7.0-copy-plus-strict:enp4s0f0_tx_bytes_phy:0
4.7.0-copy-plus-strict:cpu_11:10.674
4.7.0-damn-strict:SKT0_l3hit:0.19
4.7.0-damn-strict:cpu_0:64.15
4.7.0-damn-strict:cpu_3:4.902
4.7.0-damn-strict:LLC-store-misses:134089303.6
4.7.0-damn-strict:cpu_26:58.14
4.7.0-damn-strict:SKT1_ipc:0.698
4.7.0-damn-strict:enp130s0f0_rx_bytes:3992808952
4.7.0-damn-strict:Total_tx_packets_phy:6733059.4
4.7.0-damn-strict:Total_rx_packets_phy:5747439.2
4.7.0-damn-strict:enp130s0f0_rx_packets:702390
4.7.0-damn-strict:SKT0_l2hit:0.252
4.7.0-damn-strict:cpu_6:65.182
4.7.0-damn-strict:cpu_16:65.362
4.7.0-damn-strict:enp4s0f1_rx_bytes:0
4.7.0-damn-strict:cpu_19:2.546
4.7.0-damn-strict:SKT0_l2mpi:0.044
4.7.0-damn-strict:enp130s0f1_rx_packets:1005256
4.7.0-damn-strict:TOTAL_l3mpi:0.03
4.7.0-damn-strict:cpu_22:74.576
4.7.0-damn-strict:enp130s0f1_rx_packets_phy:2853098
4.7.0-damn-strict:LLC-load:1209544770.6
4.7.0-damn-strict:Total_tx_packets:534499.6
4.7.0-damn-strict:cpu_27:5.29
4.7.0-damn-strict:enp130s0f0_tx_bytes_phy:4630184722.2
4.7.0-damn-strict:TOTAL_l2mpi:0.038
4.7.0-damn-strict:enp4s0f0_rx_bytes_phy:0
4.7.0-damn-strict:enp130s0f1_rx_bytes_phy:4159690578.8
4.7.0-damn-strict:enp4s0f1_rx_packets:0
4.7.0-damn-strict:enp4s0f0_rx_packets:0
4.7.0-damn-strict:cpu_2:58.136
4.7.0-damn-strict:cpu_10:60.846
4.7.0-damn-strict:enp130s0f0_tx_packets_phy:3654756.4
4.7.0-damn-strict:Total_tx_bytes_phy:8870236053.4
4.7.0-damn-strict:cpu_8:64.2
4.7.0-damn-strict:enp4s0f1_rx_packets_phy:0
4.7.0-damn-strict:enp4s0f1_rx_bytes_phy:0
4.7.0-damn-strict:enp130s0f0_rx_packets_phy:2894341.2
4.7.0-damn-strict:enp130s0f1_tx_packets_phy:3078303
4.7.0-damn-strict:TOTAL_l2miss:1585600000
4.7.0-damn-strict:enp4s0f0_rx_bytes:0
4.7.0-damn-strict:cycles:118038213918.6
4.7.0-damn-strict:cpu_14:71.02
4.7.0-damn-strict:enp4s0f1_tx_bytes:0
4.7.0-damn-strict:TOTAL_ipc:0.346
4.7.0-damn-strict:enp4s0f0_rx_packets_phy:0
4.7.0-damn-strict:16384:87380
4.7.0-damn-strict:TOTAL_l3hit:0.196
4.7.0-damn-strict:Memory:48459.136
4.7.0-damn-strict:enp130s0f1_tx_packets:310435
4.7.0-damn-strict:SKT0_l3mpi:0.034
4.7.0-damn-strict:cpu_11:7.058
4.7.0-damn-strict:enp4s0f0_tx_bytes_phy:0
4.7.0-damn-strict:enp4s0f1_tx_bytes_phy:0
4.7.0-damn-strict:enp130s0f0_rx_bytes_phy:4149344987.2
4.7.0-damn-strict:SKT1_l3miss:37667400
4.7.0-damn-strict:Total_rx_packets:1707646
4.7.0-damn-strict:enp4s0f0_tx_bytes:0
4.7.0-damn-strict:enp130s0f1_tx_bytes:4224764071.8
4.7.0-damn-strict:SKT1_l2mpi:0.01
4.7.0-damn-strict:LLC-store:1374704276.2
4.7.0-damn-strict:enp130s0f0_tx_packets:224064.6
4.7.0-damn-strict:TOTAL_l3miss:1277600000
4.7.0-damn-strict:SKT0_ipc:0.314
4.7.0-damn-strict:enp4s0f0_tx_packets_phy:0
4.7.0-damn-strict:SKT1_l2miss:54200000
4.7.0-damn-strict:Total_rx_bytes:8018936053.2
4.7.0-damn-strict:cpu_9:11.176
4.7.0-damn-strict:cpu_23:3.132
4.7.0-damn-strict:Total_tx_bytes:8811494811
4.7.0-damn-strict:cpu_25:2.548
4.7.0-damn-strict:enp130s0f1_tx_bytes_phy:4240051331.2
4.7.0-damn-strict:instructions:40867709941.6
4.7.0-damn-strict:SKT1_l3mpi:0.01
4.7.0-damn-strict:enp4s0f1_tx_packets:0
4.7.0-damn-strict:SKT0_l2miss:1530600000
4.7.0-damn-strict:LLC-load-misses:604185221.2
4.7.0-damn-strict:Total_rx_bytes_phy:8309035566
4.7.0-damn-strict:cpu_4:56.364
4.7.0-damn-strict:cpu_17:9.404
4.7.0-damn-strict:enp130s0f0_tx_bytes:4586730739.2
4.7.0-damn-strict:cpu_7:4.312
4.7.0-damn-strict:cache-references:4252965097.2
4.7.0-damn-strict:cpu_1:0.196
4.7.0-damn-strict:SKT0_l3miss:1239400000
4.7.0-damn-strict:cpu_12:67.716
4.7.0-damn-strict:SKT1_l3hit:0.34
4.7.0-damn-strict:SKT1_l2hit:0.268
4.7.0-damn-strict:cpu_18:57.566
4.7.0-damn-strict:TOTAL_l2hit:0.256
4.7.0-damn-strict:cpu_5:2.352
4.7.0-damn-strict:cpu_24:65.098
4.7.0-damn-strict:cpu_15:4.706
4.7.0-damn-strict:enp4s0f1_tx_packets_phy:0
4.7.0-damn-strict:Write:18437.784
4.7.0-damn-strict:cpu_21:0.588
4.7.0-damn-strict:cpu_20:54.93
4.7.0-damn-strict:cpu_total:33.87
4.7.0-damn-strict:Read:30021.354
4.7.0-damn-strict:cache-misses:1267100916.6
4.7.0-damn-strict:enp130s0f1_rx_bytes:4026127101.2
4.7.0-damn-strict:cpu_13:7.254
4.7.0-damn-strict:enp4s0f0_tx_packets:0
4.7.0-deff:SKT0_l2miss:1690600000
4.7.0-deff:LLC-load-misses:665777331
4.7.0-deff:Total_rx_bytes_phy:9327521183.2
4.7.0-deff:cpu_4:76.274
4.7.0-deff:enp130s0f0_tx_bytes:4912375839
4.7.0-deff:cpu_7:5.88
4.7.0-deff:cpu_17:8.628
4.7.0-deff:cpu_9:8.824
4.7.0-deff:cpu_23:17.842
4.7.0-deff:Total_tx_bytes:9199272055
4.7.0-deff:cpu_25:7.452
4.7.0-deff:enp130s0f1_tx_bytes_phy:4300586186.4
4.7.0-deff:SKT1_l3mpi:0
4.7.0-deff:instructions:56781537785.6
4.7.0-deff:enp4s0f1_tx_packets:0
4.7.0-deff:Write:19717.33
4.7.0-deff:cpu_21:5.098
4.7.0-deff:cpu_total:38.208
4.7.0-deff:cpu_20:71.766
4.7.0-deff:cache-misses:1398983248.8
4.7.0-deff:Read:32517.538
4.7.0-deff:enp130s0f1_rx_bytes:4354983124.2
4.7.0-deff:cpu_13:2.352
4.7.0-deff:enp4s0f0_tx_packets:0
4.7.0-deff:cpu_1:0.588
4.7.0-deff:cache-references:4666027712.4
4.7.0-deff:SKT0_l3miss:1363200000
4.7.0-deff:cpu_12:78.234
4.7.0-deff:SKT1_l3hit:0.352
4.7.0-deff:SKT1_l2hit:0.364
4.7.0-deff:cpu_18:68.428
4.7.0-deff:TOTAL_l2hit:0.262
4.7.0-deff:cpu_5:5.292
4.7.0-deff:cpu_24:77.648
4.7.0-deff:cpu_15:8.038
4.7.0-deff:enp4s0f1_tx_packets_phy:0
4.7.0-deff:enp4s0f1_tx_bytes_phy:0
4.7.0-deff:Total_rx_packets:1303893
4.7.0-deff:SKT1_l3miss:55400000
4.7.0-deff:enp130s0f0_rx_bytes_phy:4796153838.4
4.7.0-deff:enp4s0f0_tx_bytes:0
4.7.0-deff:enp130s0f1_tx_packets:224946.8
4.7.0-deff:SKT0_l3mpi:0.03
4.7.0-deff:cpu_11:6.666
4.7.0-deff:enp4s0f0_tx_bytes_phy:0
4.7.0-deff:enp4s0f0_tx_packets_phy:0
4.7.0-deff:SKT1_l2miss:83800000
4.7.0-deff:Total_rx_bytes:8946435495.6
4.7.0-deff:enp130s0f1_tx_bytes:4286896216
4.7.0-deff:SKT1_l2mpi:0.01
4.7.0-deff:LLC-store:1482839181
4.7.0-deff:enp130s0f0_tx_packets:222572.2
4.7.0-deff:TOTAL_l3miss:1419200000
4.7.0-deff:SKT0_ipc:0.388
4.7.0-deff:enp4s0f0_rx_packets:0
4.7.0-deff:cpu_10:69.018
4.7.0-deff:cpu_2:65.686
4.7.0-deff:enp130s0f0_tx_packets_phy:3792536.6
4.7.0-deff:Total_tx_packets:447519
4.7.0-deff:cpu_27:6.47
4.7.0-deff:enp130s0f0_tx_bytes_phy:4951661144
4.7.0-deff:TOTAL_l2mpi:0.03
4.7.0-deff:enp130s0f1_rx_bytes_phy:4531367344.8
4.7.0-deff:enp4s0f0_rx_bytes_phy:0
4.7.0-deff:enp4s0f1_rx_packets:0
4.7.0-deff:16384:87380
4.7.0-deff:TOTAL_l3hit:0.2
4.7.0-deff:Memory:52234.866
4.7.0-deff:Total_tx_bytes_phy:9252247330.4
4.7.0-deff:cpu_8:69.804
4.7.0-deff:enp4s0f1_rx_packets_phy:0
4.7.0-deff:enp4s0f1_rx_bytes_phy:0
4.7.0-deff:enp130s0f1_tx_packets_phy:3011874
4.7.0-deff:enp130s0f0_rx_packets_phy:3318075.8
4.7.0-deff:TOTAL_l2miss:1774800000
4.7.0-deff:cycles:132455398984.2
4.7.0-deff:enp4s0f0_rx_bytes:0
4.7.0-deff:cpu_14:57.058
4.7.0-deff:enp4s0f1_tx_bytes:0
4.7.0-deff:TOTAL_ipc:0.436
4.7.0-deff:enp4s0f0_rx_packets_phy:0
4.7.0-deff:cpu_26:69.018
4.7.0-deff:enp130s0f0_rx_bytes:4591452371.4
4.7.0-deff:SKT1_ipc:0.782
4.7.0-deff:Total_tx_packets_phy:6804410.6
4.7.0-deff:Total_rx_packets_phy:6395775
4.7.0-deff:enp130s0f0_rx_packets:670037.4
4.7.0-deff:SKT0_l2hit:0.256
4.7.0-deff:cpu_6:71.764
4.7.0-deff:enp4s0f1_rx_bytes:0
4.7.0-deff:cpu_16:51.568
4.7.0-deff:SKT0_l3hit:0.192
4.7.0-deff:cpu_0:61.568
4.7.0-deff:cpu_3:25.296
4.7.0-deff:LLC-store-misses:139508039
4.7.0-deff:cpu_22:68.04
4.7.0-deff:TOTAL_l3mpi:0.02
4.7.0-deff:enp130s0f1_rx_packets_phy:3077699.2
4.7.0-deff:LLC-load:1334315935.8
4.7.0-deff:cpu_19:6.076
4.7.0-deff:SKT0_l2mpi:0.036
4.7.0-deff:enp130s0f1_rx_packets:633855.6
4.7.0-strict:TOTAL_l3miss:864200000
4.7.0-strict:SKT0_ipc:0.272
4.7.0-strict:enp130s0f0_tx_packets:92582.8
4.7.0-strict:SKT1_l2mpi:0.002
4.7.0-strict:LLC-store:937553980
4.7.0-strict:enp130s0f1_tx_bytes:2333650053.6
4.7.0-strict:Total_rx_bytes:7182155855.8
4.7.0-strict:SKT1_l2miss:92000000
4.7.0-strict:enp4s0f0_tx_packets_phy:0
4.7.0-strict:enp4s0f0_tx_bytes_phy:0
4.7.0-strict:cpu_11:36.792
4.7.0-strict:enp130s0f1_tx_packets:110078.4
4.7.0-strict:SKT0_l3mpi:0.024
4.7.0-strict:enp4s0f0_tx_bytes:0
4.7.0-strict:Total_rx_packets:313630
4.7.0-strict:SKT1_l3miss:58200000
4.7.0-strict:enp130s0f0_rx_bytes_phy:3498323576
4.7.0-strict:enp4s0f1_tx_bytes_phy:0
4.7.0-strict:cpu_24:58.294
4.7.0-strict:TOTAL_l2hit:0.226
4.7.0-strict:cpu_5:39.26
4.7.0-strict:cpu_15:56.264
4.7.0-strict:enp4s0f1_tx_packets_phy:0
4.7.0-strict:SKT1_l3hit:0.368
4.7.0-strict:SKT1_l2hit:0.19
4.7.0-strict:cpu_18:93.208
4.7.0-strict:cpu_12:86.604
4.7.0-strict:SKT0_l3miss:805600000
4.7.0-strict:cache-references:2718015946.8
4.7.0-strict:cpu_1:43.32
4.7.0-strict:cpu_13:36.368
4.7.0-strict:enp4s0f0_tx_packets:0
4.7.0-strict:cache-misses:838600379.4
4.7.0-strict:Read:17873.724
4.7.0-strict:enp130s0f1_rx_bytes:3838782185.6
4.7.0-strict:cpu_21:59.992
4.7.0-strict:Write:10877.706
4.7.0-strict:cpu_total:69.346
4.7.0-strict:cpu_20:69.044
4.7.0-strict:enp130s0f1_tx_bytes_phy:2335848133.6
4.7.0-strict:cpu_25:54.73
4.7.0-strict:SKT1_l3mpi:0
4.7.0-strict:enp4s0f1_tx_packets:0
4.7.0-strict:instructions:65772231998.2
4.7.0-strict:Total_tx_bytes:4508707513.8
4.7.0-strict:cpu_23:59.092
4.7.0-strict:cpu_9:68.158
4.7.0-strict:cpu_7:56.788
4.7.0-strict:enp130s0f0_tx_bytes:2175057460.2
4.7.0-strict:cpu_17:31.19
4.7.0-strict:Total_rx_bytes_phy:7504271709.4
4.7.0-strict:cpu_4:99.246
4.7.0-strict:SKT0_l2miss:954800000
4.7.0-strict:LLC-load-misses:444571214.4
4.7.0-strict:enp130s0f1_rx_packets:166418.6
4.7.0-strict:SKT0_l2mpi:0.024
4.7.0-strict:cpu_19:25.556
4.7.0-strict:enp130s0f1_rx_packets_phy:2680264
4.7.0-strict:LLC-load:808058289
4.7.0-strict:TOTAL_l3mpi:0.012
4.7.0-strict:cpu_22:95.094
4.7.0-strict:LLC-store-misses:66150645.4
4.7.0-strict:cpu_0:99.622
4.7.0-strict:cpu_3:61.52
4.7.0-strict:SKT0_l3hit:0.158
4.7.0-strict:SKT0_l2hit:0.23
4.7.0-strict:cpu_6:94.716
4.7.0-strict:enp4s0f1_rx_bytes:0
4.7.0-strict:cpu_16:86.968
4.7.0-strict:Total_tx_packets_phy:3273508.8
4.7.0-strict:enp130s0f0_rx_packets:147211.4
4.7.0-strict:Total_rx_packets_phy:5027398.4
4.7.0-strict:enp130s0f0_rx_bytes:3343373670.2
4.7.0-strict:SKT1_ipc:0.306
4.7.0-strict:cpu_26:74.832
4.7.0-strict:TOTAL_ipc:0.288
4.7.0-strict:enp4s0f1_tx_bytes:0
4.7.0-strict:enp4s0f0_rx_packets_phy:0
4.7.0-strict:TOTAL_l2miss:1047400000
4.7.0-strict:cpu_14:94.326
4.7.0-strict:cycles:231431941686.8
4.7.0-strict:enp4s0f0_rx_bytes:0
4.7.0-strict:enp130s0f0_rx_packets_phy:2347134.4
4.7.0-strict:enp130s0f1_tx_packets_phy:1621820.6
4.7.0-strict:Total_tx_bytes_phy:4522317881.4
4.7.0-strict:cpu_8:100
4.7.0-strict:enp4s0f1_rx_packets_phy:0
4.7.0-strict:enp4s0f1_rx_bytes_phy:0
4.7.0-strict:TOTAL_l3hit:0.176
4.7.0-strict:Memory:28751.428
4.7.0-strict:16384:87380
4.7.0-strict:enp4s0f1_rx_packets:0
4.7.0-strict:enp130s0f1_rx_bytes_phy:4005948133.4
4.7.0-strict:enp4s0f0_rx_bytes_phy:0
4.7.0-strict:cpu_27:61.662
4.7.0-strict:TOTAL_l2mpi:0.016
4.7.0-strict:enp130s0f0_tx_bytes_phy:2186469747.8
4.7.0-strict:Total_tx_packets:202661.2
4.7.0-strict:enp130s0f0_tx_packets_phy:1651688.2
4.7.0-strict:enp4s0f0_rx_packets:0
4.7.0-strict:cpu_2:100
4.7.0-strict:cpu_10:99.812
4.7.0-unsafe:cpu_23:14.244
4.7.0-unsafe:cpu_9:8.208
4.7.0-unsafe:instructions:45280416105
4.7.0-unsafe:SKT1_l3mpi:0.01
4.7.0-unsafe:enp4s0f1_tx_packets:0
4.7.0-unsafe:enp130s0f1_tx_bytes_phy:4659096024.2
4.7.0-unsafe:cpu_25:17.412
4.7.0-unsafe:Total_tx_bytes:10130573269.6
4.7.0-unsafe:LLC-load-misses:755290706.2
4.7.0-unsafe:SKT0_l2miss:1763000000
4.7.0-unsafe:cpu_17:13.464
4.7.0-unsafe:enp130s0f0_tx_bytes:5484558376.2
4.7.0-unsafe:cpu_7:14.48
4.7.0-unsafe:cpu_4:74.768
4.7.0-unsafe:Total_rx_bytes_phy:10841300553.2
4.7.0-unsafe:cpu_12:57.972
4.7.0-unsafe:SKT0_l3miss:1479800000
4.7.0-unsafe:cache-references:4996861570
4.7.0-unsafe:cpu_1:6.26
4.7.0-unsafe:cpu_15:11.348
4.7.0-unsafe:enp4s0f1_tx_packets_phy:0
4.7.0-unsafe:cpu_24:59.186
4.7.0-unsafe:TOTAL_l2hit:0.24
4.7.0-unsafe:cpu_5:14.098
4.7.0-unsafe:cpu_18:62.298
4.7.0-unsafe:SKT1_l3hit:0.336
4.7.0-unsafe:SKT1_l2hit:0.374
4.7.0-unsafe:cpu_total:37.224
4.7.0-unsafe:cpu_20:65.21
4.7.0-unsafe:Write:22185.242
4.7.0-unsafe:cpu_21:8.796
4.7.0-unsafe:enp4s0f0_tx_packets:0
4.7.0-unsafe:cpu_13:16.042
4.7.0-unsafe:enp130s0f1_rx_bytes:4678392507.8
4.7.0-unsafe:Read:36087.698
4.7.0-unsafe:cache-misses:1564021423.4
4.7.0-unsafe:SKT0_l3mpi:0.056
4.7.0-unsafe:enp130s0f1_tx_packets:234558.6
4.7.0-unsafe:enp4s0f0_tx_bytes_phy:0
4.7.0-unsafe:cpu_11:11.542
4.7.0-unsafe:Total_rx_packets:1664427.8
4.7.0-unsafe:SKT1_l3miss:79800000
4.7.0-unsafe:enp130s0f0_rx_bytes_phy:5980058430.6
4.7.0-unsafe:enp4s0f1_tx_bytes_phy:0
4.7.0-unsafe:enp4s0f0_tx_bytes:0
4.7.0-unsafe:LLC-store:1655924648.6
4.7.0-unsafe:SKT1_l2mpi:0.01
4.7.0-unsafe:enp130s0f1_tx_bytes:4646014893.4
4.7.0-unsafe:TOTAL_l3miss:1560400000
4.7.0-unsafe:SKT0_ipc:0.262
4.7.0-unsafe:enp130s0f0_tx_packets:255020.2
4.7.0-unsafe:SKT1_l2miss:120400000
4.7.0-unsafe:enp4s0f0_tx_packets_phy:0
4.7.0-unsafe:Total_rx_bytes:10424628427.8
4.7.0-unsafe:TOTAL_l2mpi:0.044
4.7.0-unsafe:enp130s0f0_tx_bytes_phy:5519279431.4
4.7.0-unsafe:cpu_27:10.342
4.7.0-unsafe:Total_tx_packets:489578.8
4.7.0-unsafe:enp4s0f1_rx_packets:0
4.7.0-unsafe:enp130s0f1_rx_bytes_phy:4861242122.6
4.7.0-unsafe:enp4s0f0_rx_bytes_phy:0
4.7.0-unsafe:cpu_10:57.038
4.7.0-unsafe:cpu_2:63.49
4.7.0-unsafe:enp4s0f0_rx_packets:0
4.7.0-unsafe:enp130s0f0_tx_packets_phy:4101748.2
4.7.0-unsafe:enp130s0f0_rx_packets_phy:4170069.2
4.7.0-unsafe:enp130s0f1_tx_packets_phy:3232286
4.7.0-unsafe:enp4s0f1_rx_bytes_phy:0
4.7.0-unsafe:enp4s0f1_rx_packets_phy:0
4.7.0-unsafe:Total_tx_bytes_phy:10178375455.6
4.7.0-unsafe:cpu_8:65.41
4.7.0-unsafe:enp4s0f0_rx_packets_phy:0
4.7.0-unsafe:TOTAL_ipc:0.338
4.7.0-unsafe:enp4s0f1_tx_bytes:0
4.7.0-unsafe:cpu_14:65.056
4.7.0-unsafe:cycles:130736448890.8
4.7.0-unsafe:enp4s0f0_rx_bytes:0
4.7.0-unsafe:TOTAL_l2miss:1883800000
4.7.0-unsafe:16384:87380
4.7.0-unsafe:TOTAL_l3hit:0.172
4.7.0-unsafe:Memory:58272.942
4.7.0-unsafe:cpu_0:69.546
4.7.0-unsafe:cpu_3:15.66
4.7.0-unsafe:SKT0_l3hit:0.162
4.7.0-unsafe:LLC-store-misses:163151545.2
4.7.0-unsafe:SKT1_ipc:0.692
4.7.0-unsafe:enp130s0f0_rx_bytes:5746235920
4.7.0-unsafe:cpu_26:58.802
4.7.0-unsafe:enp4s0f1_rx_bytes:0
4.7.0-unsafe:cpu_16:55.274
4.7.0-unsafe:SKT0_l2hit:0.226
4.7.0-unsafe:cpu_6:62.302
4.7.0-unsafe:Total_rx_packets_phy:7507321.4
4.7.0-unsafe:enp130s0f0_rx_packets:893237.2
4.7.0-unsafe:Total_tx_packets_phy:7334034.2
4.7.0-unsafe:cpu_19:10.354
4.7.0-unsafe:enp130s0f1_rx_packets:771190.6
4.7.0-unsafe:SKT0_l2mpi:0.066
4.7.0-unsafe:cpu_22:54.494
4.7.0-unsafe:TOTAL_l3mpi:0.036
4.7.0-unsafe:LLC-load:1437942008.8
4.7.0-unsafe:enp130s0f1_rx_packets_phy:3337252.2
4.8.0-unsafe:Total_rx_bytes:10469689381
4.8.0-unsafe:enp4s0f0_tx_packets_phy:0
4.8.0-unsafe:SKT1_l2miss:97000000
4.8.0-unsafe:enp130s0f0_tx_packets:252388.4
4.8.0-unsafe:TOTAL_l3miss:1541000000
4.8.0-unsafe:SKT0_ipc:0.296
4.8.0-unsafe:enp130s0f1_tx_bytes:4539271054
4.8.0-unsafe:SKT1_l2mpi:0.01
4.8.0-unsafe:LLC-store:1627169759
4.8.0-unsafe:enp4s0f0_tx_bytes:0
4.8.0-unsafe:enp4s0f1_tx_bytes_phy:0
4.8.0-unsafe:Total_rx_packets:1511622.2
4.8.0-unsafe:SKT1_l3miss:71800000
4.8.0-unsafe:enp130s0f0_rx_bytes_phy:6040330255.6
4.8.0-unsafe:cpu_11:9.19
4.8.0-unsafe:enp4s0f0_tx_bytes_phy:0
4.8.0-unsafe:enp130s0f1_tx_packets:222815
4.8.0-unsafe:SKT0_l3mpi:0.048
4.8.0-unsafe:enp130s0f1_rx_bytes:4665290764.6
4.8.0-unsafe:Read:34915.786
4.8.0-unsafe:cache-misses:1489639768
4.8.0-unsafe:cpu_13:11.286
4.8.0-unsafe:enp4s0f0_tx_packets:0
4.8.0-unsafe:cpu_21:12.688
4.8.0-unsafe:Write:21890.844
4.8.0-unsafe:cpu_20:68.954
4.8.0-unsafe:cpu_total:36.488
4.8.0-unsafe:SKT1_l2hit:0.312
4.8.0-unsafe:SKT1_l3hit:0.25
4.8.0-unsafe:cpu_18:66.788
4.8.0-unsafe:cpu_24:60.14
4.8.0-unsafe:TOTAL_l2hit:0.244
4.8.0-unsafe:cpu_5:6.048
4.8.0-unsafe:cpu_15:9.382
4.8.0-unsafe:enp4s0f1_tx_packets_phy:0
4.8.0-unsafe:cache-references:4952162887
4.8.0-unsafe:cpu_1:7.808
4.8.0-unsafe:SKT0_l3miss:1468600000
4.8.0-unsafe:cpu_12:65.414
4.8.0-unsafe:Total_rx_bytes_phy:10895244757.8
4.8.0-unsafe:cpu_4:59.988
4.8.0-unsafe:enp130s0f0_tx_bytes:5150275648.6
4.8.0-unsafe:cpu_17:15.21
4.8.0-unsafe:cpu_7:2.73
4.8.0-unsafe:SKT0_l2miss:1782000000
4.8.0-unsafe:LLC-load-misses:730465952.8
4.8.0-unsafe:Total_tx_bytes:9689546702.6
4.8.0-unsafe:enp130s0f1_tx_bytes_phy:4552470758.2
4.8.0-unsafe:cpu_25:9.166
4.8.0-unsafe:SKT1_l3mpi:0.01
4.8.0-unsafe:instructions:43885360231.8
4.8.0-unsafe:enp4s0f1_tx_packets:0
4.8.0-unsafe:cpu_9:1.564
4.8.0-unsafe:cpu_23:7.228
4.8.0-unsafe:enp130s0f1_rx_packets_phy:3319062
4.8.0-unsafe:LLC-load:1416276156.4
4.8.0-unsafe:cpu_22:60.172
4.8.0-unsafe:TOTAL_l3mpi:0.03
4.8.0-unsafe:SKT0_l2mpi:0.056
4.8.0-unsafe:enp130s0f1_rx_packets:647095.4
4.8.0-unsafe:cpu_19:13.636
4.8.0-unsafe:Total_tx_packets_phy:7047218.4
4.8.0-unsafe:Total_rx_packets_phy:7498750.8
4.8.0-unsafe:enp130s0f0_rx_packets:864526.8
4.8.0-unsafe:SKT0_l2hit:0.24
4.8.0-unsafe:cpu_6:50.454
4.8.0-unsafe:cpu_16:61.35
4.8.0-unsafe:enp4s0f1_rx_bytes:0
4.8.0-unsafe:cpu_26:71.262
4.8.0-unsafe:SKT1_ipc:0.736
4.8.0-unsafe:enp130s0f0_rx_bytes:5804398616.4
4.8.0-unsafe:LLC-store-misses:147605757.8
4.8.0-unsafe:SKT0_l3hit:0.174
4.8.0-unsafe:cpu_0:55.668
4.8.0-unsafe:cpu_3:5.848
4.8.0-unsafe:Memory:56806.63
4.8.0-unsafe:TOTAL_l3hit:0.182
4.8.0-unsafe:16384:87380
4.8.0-unsafe:TOTAL_l2miss:1879400000
4.8.0-unsafe:cycles:126902416786.6
4.8.0-unsafe:enp4s0f0_rx_bytes:0
4.8.0-unsafe:cpu_14:69.36
4.8.0-unsafe:enp4s0f1_tx_bytes:0
4.8.0-unsafe:TOTAL_ipc:0.356
4.8.0-unsafe:enp4s0f0_rx_packets_phy:0
4.8.0-unsafe:cpu_8:67.234
4.8.0-unsafe:Total_tx_bytes_phy:9737795284.8
4.8.0-unsafe:enp4s0f1_rx_packets_phy:0
4.8.0-unsafe:enp4s0f1_rx_bytes_phy:0
4.8.0-unsafe:enp130s0f1_tx_packets_phy:3152809
4.8.0-unsafe:enp130s0f0_rx_packets_phy:4179688.8
4.8.0-unsafe:enp130s0f0_tx_packets_phy:3894409.4
4.8.0-unsafe:enp4s0f0_rx_packets:0
4.8.0-unsafe:cpu_10:73.45
4.8.0-unsafe:cpu_2:71.498
4.8.0-unsafe:enp4s0f0_rx_bytes_phy:0
4.8.0-unsafe:enp130s0f1_rx_bytes_phy:4854914502.2
4.8.0-unsafe:enp4s0f1_rx_packets:0
4.8.0-unsafe:Total_tx_packets:475203.4
4.8.0-unsafe:cpu_27:8.582
4.8.0-unsafe:enp130s0f0_tx_bytes_phy:5185324526.6
4.8.0-unsafe:TOTAL_l2mpi:0.04
