4.7.0-damn-strict_128:cpu_20:19.61
4.7.0-damn-strict_128:cpu_26:16.67
4.7.0-damn-strict_128:enp130s0f1_tx_bytes_phy:24475820
4.7.0-damn-strict_128:enp130s0f0_tx_bytes_phy:54412150.5
4.7.0-damn-strict_128:enp130s0f1_rx_bytes_phy:4866267908.5
4.7.0-damn-strict_128:enp130s0f0_rx_bytes:4960800216
4.7.0-damn-strict_128:enp130s0f1_tx_packets_phy:345851.5
4.7.0-damn-strict_128:LLC-load:949377021.5
4.7.0-damn-strict_128:LLC-store-misses:70738495.5
4.7.0-damn-strict_128:cpu_14:28.43
4.7.0-damn-strict_128:LLC-store:846091956
4.7.0-damn-strict_128:enp4s0f0_tx_bytes:0
4.7.0-damn-strict_128:enp130s0f1_tx_bytes:22791144
4.7.0-damn-strict_128:cache-references:2989355494.5
4.7.0-damn-strict_128:cpu_25:17.155
4.7.0-damn-strict_128:enp130s0f1_rx_bytes:4764430254.5
4.7.0-damn-strict_128:cpu_10:36.275
4.7.0-damn-strict_128:cpu_18:28.43
4.7.0-damn-strict_128:Write:11051.725
4.7.0-damn-strict_128:enp130s0f0_tx_packets:358408.5
4.7.0-damn-strict_128:enp4s0f0_tx_packets_phy:0
4.7.0-damn-strict_128:enp4s0f1_tx_bytes_phy:0
4.7.0-damn-strict_128:Total_tx_packets:699236.5
4.7.0-damn-strict_128:cpu_21:21.08
4.7.0-damn-strict_128:enp4s0f0_rx_bytes:0
4.7.0-damn-strict_128:cycles:116462882303.5
4.7.0-damn-strict_128:cpu_9:42.645
4.7.0-damn-strict_128:cpu_11:57.35
4.7.0-damn-strict_128:cpu_19:16.18
4.7.0-damn-strict_128:enp130s0f0_rx_bytes_phy:5106977981
4.7.0-damn-strict_128:cache-misses:994739872
4.7.0-damn-strict_128:enp130s0f0_rx_packets_phy:3364280
4.7.0-damn-strict_128:enp4s0f1_tx_bytes:0
4.7.0-damn-strict_128:cpu_2:34.805
4.7.0-damn-strict_128:cpu_1:36.275
4.7.0-damn-strict_128:enp4s0f1_tx_packets_phy:0
4.7.0-damn-strict_128:enp4s0f0_tx_bytes_phy:0
4.7.0-damn-strict_128:enp4s0f0_rx_packets:0
4.7.0-damn-strict_128:cpu_13:21.08
4.7.0-damn-strict_128:enp4s0f1_rx_bytes:0
4.7.0-damn-strict_128:cpu_8:30.39
4.7.0-damn-strict_128:enp130s0f0_tx_packets_phy:804750.5
4.7.0-damn-strict_128:cpu_27:20.1
4.7.0-damn-strict_128:enp4s0f1_rx_bytes_phy:0
4.7.0-damn-strict_128:Total_tx_packets_phy:1150602
4.7.0-damn-strict_128:cpu_0:62.255
4.7.0-damn-strict_128:enp4s0f1_tx_packets:0
4.7.0-damn-strict_128:cpu_4:31.37
4.7.0-damn-strict_128:enp130s0f0_tx_bytes:24412503.5
4.7.0-damn-strict_128:cpu_22:17.16
4.7.0-damn-strict_128:enp4s0f1_rx_packets:0
4.7.0-damn-strict_128:Total_rx_bytes_phy:9973245889.5
4.7.0-damn-strict_128:Total_tx_bytes:47203647.5
4.7.0-damn-strict_128:enp130s0f1_rx_packets:1861072.5
4.7.0-damn-strict_128:enp130s0f1_tx_packets:340828
4.7.0-damn-strict_128:cpu_total:30.48
4.7.0-damn-strict_128:cpu_12:50
4.7.0-damn-strict_128:instructions:64989406241
4.7.0-damn-strict_128:enp4s0f0_rx_bytes_phy:0
4.7.0-damn-strict_128:Total_rx_packets_phy:6569989.5
4.7.0-damn-strict_128:Total_rx_bytes:9725230470.5
4.7.0-damn-strict_128:enp4s0f0_rx_packets_phy:0
4.7.0-damn-strict_128:cpu_5:42.65
4.7.0-damn-strict_128:cpu_23:26.47
4.7.0-damn-strict_128:cpu_3:48.53
4.7.0-damn-strict_128:cpu_16:14.215
4.7.0-damn-strict_128:cpu_24:18.14
4.7.0-damn-strict_128:enp130s0f0_rx_packets:1347764.5
4.7.0-damn-strict_128:enp4s0f0_tx_packets:0
4.7.0-damn-strict_128:cpu_15:21.08
4.7.0-damn-strict_128:enp4s0f1_rx_packets_phy:0
4.7.0-damn-strict_128:cpu_6:36.27
4.7.0-damn-strict_128:LLC-load-misses:537890303
4.7.0-damn-strict_128:cpu_7:30.88
4.7.0-damn-strict_128:Read:15228.765
4.7.0-damn-strict_128:Total_tx_bytes_phy:78887970.5
4.7.0-damn-strict_128:16384:87380
4.7.0-damn-strict_128:Total_rx_packets:3208837
4.7.0-damn-strict_128:enp130s0f1_rx_packets_phy:3205709.5
4.7.0-damn-strict_128:cpu_17:25
4.7.0-damn-strict_128:Memory:26280.495
4.7.0-damn-strict_16:Write:10948.345
4.7.0-damn-strict_16:enp130s0f0_tx_packets:429034
4.7.0-damn-strict_16:enp4s0f0_tx_packets_phy:0
4.7.0-damn-strict_16:cpu_18:24.02
4.7.0-damn-strict_16:cpu_10:56.865
4.7.0-damn-strict_16:enp4s0f1_tx_bytes_phy:0
4.7.0-damn-strict_16:cpu_21:20.59
4.7.0-damn-strict_16:enp4s0f0_rx_bytes:0
4.7.0-damn-strict_16:Total_tx_packets:705683.5
4.7.0-damn-strict_16:cpu_11:37.255
4.7.0-damn-strict_16:cpu_9:41.665
4.7.0-damn-strict_16:cycles:117005422935.5
4.7.0-damn-strict_16:cpu_19:28.925
4.7.0-damn-strict_16:enp130s0f0_rx_bytes_phy:5136797280
4.7.0-damn-strict_16:enp4s0f1_tx_bytes:0
4.7.0-damn-strict_16:enp130s0f0_rx_packets_phy:3383911
4.7.0-damn-strict_16:cache-misses:985522138.5
4.7.0-damn-strict_16:cpu_1:29.905
4.7.0-damn-strict_16:enp4s0f1_tx_packets_phy:0
4.7.0-damn-strict_16:cpu_2:34.315
4.7.0-damn-strict_16:cpu_13:32.84
4.7.0-damn-strict_16:enp4s0f0_rx_packets:0
4.7.0-damn-strict_16:enp4s0f0_tx_bytes_phy:0
4.7.0-damn-strict_16:cpu_26:12.745
4.7.0-damn-strict_16:cpu_20:17.65
4.7.0-damn-strict_16:enp130s0f0_tx_bytes_phy:59486521
4.7.0-damn-strict_16:enp130s0f1_tx_bytes_phy:19868005.5
4.7.0-damn-strict_16:LLC-store-misses:70069258
4.7.0-damn-strict_16:LLC-load:999695997.5
4.7.0-damn-strict_16:enp130s0f1_rx_bytes_phy:4893433541.5
4.7.0-damn-strict_16:enp130s0f0_rx_bytes:5003147540
4.7.0-damn-strict_16:enp130s0f1_tx_packets_phy:279692.5
4.7.0-damn-strict_16:enp4s0f0_tx_bytes:0
4.7.0-damn-strict_16:cpu_14:23.04
4.7.0-damn-strict_16:LLC-store:855687017.5
4.7.0-damn-strict_16:enp130s0f1_tx_bytes:18566389.5
4.7.0-damn-strict_16:cache-references:3056857664
4.7.0-damn-strict_16:cpu_25:21.57
4.7.0-damn-strict_16:enp130s0f1_rx_bytes:4772325598.5
4.7.0-damn-strict_16:enp130s0f0_rx_packets:1572139
4.7.0-damn-strict_16:cpu_24:16.67
4.7.0-damn-strict_16:cpu_16:19.61
4.7.0-damn-strict_16:cpu_15:32.845
4.7.0-damn-strict_16:enp4s0f1_rx_packets_phy:0
4.7.0-damn-strict_16:enp4s0f0_tx_packets:0
4.7.0-damn-strict_16:cpu_6:39.215
4.7.0-damn-strict_16:cpu_7:27.45
4.7.0-damn-strict_16:LLC-load-misses:555532323
4.7.0-damn-strict_16:Read:15327.84
4.7.0-damn-strict_16:Total_tx_bytes_phy:79354526.5
4.7.0-damn-strict_16:enp130s0f1_rx_packets_phy:3223604
4.7.0-damn-strict_16:Total_rx_packets:3152576.5
4.7.0-damn-strict_16:16384:87380
4.7.0-damn-strict_16:Memory:26276.185
4.7.0-damn-strict_16:cpu_17:27.45
4.7.0-damn-strict_16:Total_tx_packets_phy:1153852.5
4.7.0-damn-strict_16:enp4s0f1_rx_bytes_phy:0
4.7.0-damn-strict_16:cpu_8:42.65
4.7.0-damn-strict_16:enp130s0f0_tx_packets_phy:874160
4.7.0-damn-strict_16:cpu_27:17.645
4.7.0-damn-strict_16:enp4s0f1_rx_bytes:0
4.7.0-damn-strict_16:cpu_4:29.9
4.7.0-damn-strict_16:enp4s0f1_tx_packets:0
4.7.0-damn-strict_16:cpu_0:63.235
4.7.0-damn-strict_16:cpu_22:19.61
4.7.0-damn-strict_16:enp130s0f0_tx_bytes:29281597.5
4.7.0-damn-strict_16:enp4s0f1_rx_packets:0
4.7.0-damn-strict_16:enp130s0f1_tx_packets:276649.5
4.7.0-damn-strict_16:enp130s0f1_rx_packets:1580437.5
4.7.0-damn-strict_16:Total_rx_bytes_phy:10030230821.5
4.7.0-damn-strict_16:Total_tx_bytes:47847987
4.7.0-damn-strict_16:instructions:65327194778
4.7.0-damn-strict_16:cpu_12:39.71
4.7.0-damn-strict_16:cpu_total:30.235
4.7.0-damn-strict_16:Total_rx_packets_phy:6607515
4.7.0-damn-strict_16:enp4s0f0_rx_bytes_phy:0
4.7.0-damn-strict_16:cpu_3:33.82
4.7.0-damn-strict_16:cpu_23:26.47
4.7.0-damn-strict_16:cpu_5:29.905
4.7.0-damn-strict_16:enp4s0f0_rx_packets_phy:0
4.7.0-damn-strict_16:Total_rx_bytes:9775473138.5
4.7.0-damn-strict_256:LLC-store-misses:76219582.5
4.7.0-damn-strict_256:enp130s0f0_rx_bytes:4947250407
4.7.0-damn-strict_256:enp130s0f1_tx_packets_phy:271389
4.7.0-damn-strict_256:enp130s0f1_rx_bytes_phy:4884786559
4.7.0-damn-strict_256:LLC-load:1037445100.5
4.7.0-damn-strict_256:enp4s0f0_tx_bytes:0
4.7.0-damn-strict_256:cpu_14:24.02
4.7.0-damn-strict_256:LLC-store:832894194
4.7.0-damn-strict_256:cpu_20:27.94
4.7.0-damn-strict_256:cpu_26:25
4.7.0-damn-strict_256:enp130s0f0_tx_bytes_phy:59247338.5
4.7.0-damn-strict_256:enp130s0f1_tx_bytes_phy:19258227
4.7.0-damn-strict_256:cpu_25:18.63
4.7.0-damn-strict_256:enp130s0f1_rx_bytes:4770298976.5
4.7.0-damn-strict_256:enp130s0f1_tx_bytes:17954856
4.7.0-damn-strict_256:cache-references:3047353607
4.7.0-damn-strict_256:cpu_21:17.65
4.7.0-damn-strict_256:enp4s0f0_rx_bytes:0
4.7.0-damn-strict_256:Total_tx_packets:690285.5
4.7.0-damn-strict_256:cycles:116005520924.5
4.7.0-damn-strict_256:cpu_9:47.55
4.7.0-damn-strict_256:cpu_11:33.33
4.7.0-damn-strict_256:Write:10886.405
4.7.0-damn-strict_256:enp4s0f0_tx_packets_phy:0
4.7.0-damn-strict_256:enp130s0f0_tx_packets:422528.5
4.7.0-damn-strict_256:cpu_10:44.12
4.7.0-damn-strict_256:cpu_18:27.94
4.7.0-damn-strict_256:enp4s0f1_tx_bytes_phy:0
4.7.0-damn-strict_256:cpu_1:26.96
4.7.0-damn-strict_256:enp4s0f1_tx_packets_phy:0
4.7.0-damn-strict_256:cpu_2:38.235
4.7.0-damn-strict_256:cpu_13:22.55
4.7.0-damn-strict_256:enp4s0f0_tx_bytes_phy:0
4.7.0-damn-strict_256:enp4s0f0_rx_packets:0
4.7.0-damn-strict_256:cpu_19:13.73
4.7.0-damn-strict_256:enp130s0f0_rx_bytes_phy:5071961664.5
4.7.0-damn-strict_256:enp4s0f1_tx_bytes:0
4.7.0-damn-strict_256:cache-misses:984522224
4.7.0-damn-strict_256:enp130s0f0_rx_packets_phy:3341210
4.7.0-damn-strict_256:cpu_22:25
4.7.0-damn-strict_256:enp130s0f0_tx_bytes:28853455
4.7.0-damn-strict_256:enp4s0f1_rx_packets:0
4.7.0-damn-strict_256:enp4s0f1_rx_bytes_phy:0
4.7.0-damn-strict_256:Total_tx_packets_phy:1142413.5
4.7.0-damn-strict_256:enp4s0f1_rx_bytes:0
4.7.0-damn-strict_256:enp130s0f0_tx_packets_phy:871024.5
4.7.0-damn-strict_256:cpu_8:36.275
4.7.0-damn-strict_256:cpu_27:14.22
4.7.0-damn-strict_256:enp4s0f1_tx_packets:0
4.7.0-damn-strict_256:cpu_4:46.075
4.7.0-damn-strict_256:cpu_0:32.84
4.7.0-damn-strict_256:Total_rx_packets_phy:6559118.5
4.7.0-damn-strict_256:enp4s0f0_rx_bytes_phy:0
4.7.0-damn-strict_256:cpu_5:32.845
4.7.0-damn-strict_256:cpu_23:22.06
4.7.0-damn-strict_256:cpu_3:64.71
4.7.0-damn-strict_256:Total_rx_bytes:9717549383.5
4.7.0-damn-strict_256:enp4s0f0_rx_packets_phy:0
4.7.0-damn-strict_256:enp130s0f1_tx_packets:267757
4.7.0-damn-strict_256:Total_rx_bytes_phy:9956748223.5
4.7.0-damn-strict_256:Total_tx_bytes:46808311
4.7.0-damn-strict_256:enp130s0f1_rx_packets:1677736.5
4.7.0-damn-strict_256:instructions:65209538726.5
4.7.0-damn-strict_256:cpu_total:30.515
4.7.0-damn-strict_256:cpu_12:41.175
4.7.0-damn-strict_256:cpu_6:51.47
4.7.0-damn-strict_256:cpu_7:50.985
4.7.0-damn-strict_256:LLC-load-misses:584840430.5
4.7.0-damn-strict_256:cpu_24:18.63
4.7.0-damn-strict_256:enp130s0f0_rx_packets:1660900.5
4.7.0-damn-strict_256:cpu_16:14.22
4.7.0-damn-strict_256:cpu_15:16.18
4.7.0-damn-strict_256:enp4s0f1_rx_packets_phy:0
4.7.0-damn-strict_256:enp4s0f0_tx_packets:0
4.7.0-damn-strict_256:Total_rx_packets:3338637
4.7.0-damn-strict_256:16384:87380
4.7.0-damn-strict_256:enp130s0f1_rx_packets_phy:3217908.5
4.7.0-damn-strict_256:Memory:27061.875
4.7.0-damn-strict_256:cpu_17:17.155
4.7.0-damn-strict_256:Read:16175.475
4.7.0-damn-strict_256:Total_tx_bytes_phy:78505565.5
4.7.0-damn-strict_32:cpu_25:23.04
4.7.0-damn-strict_32:enp130s0f1_rx_bytes:4813322370
4.7.0-damn-strict_32:enp130s0f1_tx_bytes:18568699
4.7.0-damn-strict_32:cache-references:3080926487.5
4.7.0-damn-strict_32:LLC-store-misses:69408719.5
4.7.0-damn-strict_32:LLC-load:979124827
4.7.0-damn-strict_32:enp130s0f1_rx_bytes_phy:4932821610
4.7.0-damn-strict_32:enp130s0f0_rx_bytes:5182501880
4.7.0-damn-strict_32:enp130s0f1_tx_packets_phy:277683.5
4.7.0-damn-strict_32:enp4s0f0_tx_bytes:0
4.7.0-damn-strict_32:LLC-store:863792166
4.7.0-damn-strict_32:cpu_14:23.53
4.7.0-damn-strict_32:cpu_26:22.55
4.7.0-damn-strict_32:cpu_20:22.06
4.7.0-damn-strict_32:enp130s0f0_tx_bytes_phy:56333902.5
4.7.0-damn-strict_32:enp130s0f1_tx_bytes_phy:19695450
4.7.0-damn-strict_32:cpu_1:23.04
4.7.0-damn-strict_32:enp4s0f1_tx_packets_phy:0
4.7.0-damn-strict_32:cpu_2:28.92
4.7.0-damn-strict_32:cpu_13:37.745
4.7.0-damn-strict_32:enp4s0f0_rx_packets:0
4.7.0-damn-strict_32:enp4s0f0_tx_bytes_phy:0
4.7.0-damn-strict_32:cpu_19:30.885
4.7.0-damn-strict_32:enp130s0f0_rx_bytes_phy:5329830907.5
4.7.0-damn-strict_32:enp4s0f1_tx_bytes:0
4.7.0-damn-strict_32:enp130s0f0_rx_packets_phy:3511081
4.7.0-damn-strict_32:cache-misses:970417672
4.7.0-damn-strict_32:enp4s0f0_rx_bytes:0
4.7.0-damn-strict_32:cpu_21:21.57
4.7.0-damn-strict_32:Total_tx_packets:672600
4.7.0-damn-strict_32:cpu_11:30.395
4.7.0-damn-strict_32:cpu_9:41.665
4.7.0-damn-strict_32:cycles:114684142686
4.7.0-damn-strict_32:enp130s0f0_tx_packets:395177
4.7.0-damn-strict_32:Write:11158.66
4.7.0-damn-strict_32:enp4s0f0_tx_packets_phy:0
4.7.0-damn-strict_32:cpu_18:15.69
4.7.0-damn-strict_32:cpu_10:34.805
4.7.0-damn-strict_32:enp4s0f1_tx_bytes_phy:0
4.7.0-damn-strict_32:Total_rx_packets_phy:6760633
4.7.0-damn-strict_32:enp4s0f0_rx_bytes_phy:0
4.7.0-damn-strict_32:cpu_3:51.47
4.7.0-damn-strict_32:cpu_5:48.035
4.7.0-damn-strict_32:cpu_23:26.96
4.7.0-damn-strict_32:enp4s0f0_rx_packets_phy:0
4.7.0-damn-strict_32:Total_rx_bytes:9995824250
4.7.0-damn-strict_32:enp130s0f1_tx_packets:277423
4.7.0-damn-strict_32:enp130s0f1_rx_packets:1635847
4.7.0-damn-strict_32:Total_tx_bytes:45511280
4.7.0-damn-strict_32:Total_rx_bytes_phy:10262652517.5
4.7.0-damn-strict_32:instructions:63467211294
4.7.0-damn-strict_32:cpu_12:26.47
4.7.0-damn-strict_32:cpu_total:29.395
4.7.0-damn-strict_32:cpu_22:16.67
4.7.0-damn-strict_32:enp130s0f0_tx_bytes:26942581
4.7.0-damn-strict_32:enp4s0f1_rx_packets:0
4.7.0-damn-strict_32:Total_tx_packets_phy:1107391
4.7.0-damn-strict_32:enp4s0f1_rx_bytes_phy:0
4.7.0-damn-strict_32:cpu_27:26.96
4.7.0-damn-strict_32:enp130s0f0_tx_packets_phy:829707.5
4.7.0-damn-strict_32:cpu_8:26.47
4.7.0-damn-strict_32:enp4s0f1_rx_bytes:0
4.7.0-damn-strict_32:cpu_4:37.255
4.7.0-damn-strict_32:enp4s0f1_tx_packets:0
4.7.0-damn-strict_32:cpu_0:32.35
4.7.0-damn-strict_32:enp130s0f1_rx_packets_phy:3249552
4.7.0-damn-strict_32:Total_rx_packets:3129542.5
4.7.0-damn-strict_32:16384:87380
4.7.0-damn-strict_32:Memory:26645.01
4.7.0-damn-strict_32:cpu_17:36.275
4.7.0-damn-strict_32:Read:15486.355
4.7.0-damn-strict_32:Total_tx_bytes_phy:76029352.5
4.7.0-damn-strict_32:cpu_6:40.195
4.7.0-damn-strict_32:cpu_7:31.37
4.7.0-damn-strict_32:LLC-load-misses:556453127
4.7.0-damn-strict_32:enp130s0f0_rx_packets:1493695.5
4.7.0-damn-strict_32:cpu_24:21.57
4.7.0-damn-strict_32:cpu_16:23.53
4.7.0-damn-strict_32:enp4s0f1_rx_packets_phy:0
4.7.0-damn-strict_32:cpu_15:21.08
4.7.0-damn-strict_32:enp4s0f0_tx_packets:0
4.7.0-damn-strict_4:enp4s0f1_rx_bytes_phy:0
4.7.0-damn-strict_4:Total_tx_packets_phy:1090206
4.7.0-damn-strict_4:enp4s0f1_rx_bytes:0
4.7.0-damn-strict_4:enp130s0f0_tx_packets_phy:807616.5
4.7.0-damn-strict_4:cpu_27:18.63
4.7.0-damn-strict_4:cpu_8:29.9
4.7.0-damn-strict_4:enp4s0f1_tx_packets:0
4.7.0-damn-strict_4:cpu_4:39.71
4.7.0-damn-strict_4:cpu_0:53.435
4.7.0-damn-strict_4:cpu_22:21.57
4.7.0-damn-strict_4:enp130s0f0_tx_bytes:25757045
4.7.0-damn-strict_4:enp4s0f1_rx_packets:0
4.7.0-damn-strict_4:enp130s0f1_tx_packets:282520.5
4.7.0-damn-strict_4:Total_tx_bytes:44609231
4.7.0-damn-strict_4:Total_rx_bytes_phy:10362045144.5
4.7.0-damn-strict_4:enp130s0f1_rx_packets:1850989
4.7.0-damn-strict_4:instructions:64417072363
4.7.0-damn-strict_4:cpu_total:30.18
4.7.0-damn-strict_4:cpu_12:24.51
4.7.0-damn-strict_4:Total_rx_packets_phy:6826103
4.7.0-damn-strict_4:enp4s0f0_rx_bytes_phy:0
4.7.0-damn-strict_4:cpu_23:19.61
4.7.0-damn-strict_4:cpu_5:33.82
4.7.0-damn-strict_4:cpu_3:46.57
4.7.0-damn-strict_4:Total_rx_bytes:10101146870
4.7.0-damn-strict_4:enp4s0f0_rx_packets_phy:0
4.7.0-damn-strict_4:cpu_24:16.18
4.7.0-damn-strict_4:enp130s0f0_rx_packets:1435390.5
4.7.0-damn-strict_4:cpu_16:18.14
4.7.0-damn-strict_4:enp4s0f1_rx_packets_phy:0
4.7.0-damn-strict_4:cpu_15:20.59
4.7.0-damn-strict_4:enp4s0f0_tx_packets:0
4.7.0-damn-strict_4:cpu_6:24.51
4.7.0-damn-strict_4:cpu_7:51.47
4.7.0-damn-strict_4:LLC-load-misses:599478150
4.7.0-damn-strict_4:Read:16417.97
4.7.0-damn-strict_4:Total_tx_bytes_phy:74733991
4.7.0-damn-strict_4:Total_rx_packets:3286379.5
4.7.0-damn-strict_4:16384:87380
4.7.0-damn-strict_4:enp130s0f1_rx_packets_phy:3250441
4.7.0-damn-strict_4:Memory:27721.995
4.7.0-damn-strict_4:cpu_17:38.73
4.7.0-damn-strict_4:cpu_20:20.095
4.7.0-damn-strict_4:cpu_26:24.02
4.7.0-damn-strict_4:enp130s0f0_tx_bytes_phy:54747891.5
4.7.0-damn-strict_4:enp130s0f1_tx_bytes_phy:19986099.5
4.7.0-damn-strict_4:LLC-store-misses:73391844.5
4.7.0-damn-strict_4:enp130s0f1_tx_packets_phy:282589.5
4.7.0-damn-strict_4:enp130s0f1_rx_bytes_phy:4934170054.5
4.7.0-damn-strict_4:enp130s0f0_rx_bytes:5272222179
4.7.0-damn-strict_4:LLC-load:1001280718
4.7.0-damn-strict_4:enp4s0f0_tx_bytes:0
4.7.0-damn-strict_4:cpu_14:21.57
4.7.0-damn-strict_4:LLC-store:864349708
4.7.0-damn-strict_4:enp130s0f1_tx_bytes:18852186
4.7.0-damn-strict_4:cache-references:3076890940.5
4.7.0-damn-strict_4:cpu_25:20.1
4.7.0-damn-strict_4:enp130s0f1_rx_bytes:4828924691
4.7.0-damn-strict_4:Write:11304.025
4.7.0-damn-strict_4:enp4s0f0_tx_packets_phy:0
4.7.0-damn-strict_4:enp130s0f0_tx_packets:378258.5
4.7.0-damn-strict_4:cpu_10:52.45
4.7.0-damn-strict_4:cpu_18:19.61
4.7.0-damn-strict_4:enp4s0f1_tx_bytes_phy:0
4.7.0-damn-strict_4:cpu_21:20.1
4.7.0-damn-strict_4:enp4s0f0_rx_bytes:0
4.7.0-damn-strict_4:Total_tx_packets:660779
4.7.0-damn-strict_4:cpu_9:34.8
4.7.0-damn-strict_4:cycles:117161228006
4.7.0-damn-strict_4:cpu_11:28.92
4.7.0-damn-strict_4:cpu_19:37.255
4.7.0-damn-strict_4:enp130s0f0_rx_bytes_phy:5427875090
4.7.0-damn-strict_4:enp4s0f1_tx_bytes:0
4.7.0-damn-strict_4:cache-misses:1015841120
4.7.0-damn-strict_4:enp130s0f0_rx_packets_phy:3575662
4.7.0-damn-strict_4:enp4s0f1_tx_packets_phy:0
4.7.0-damn-strict_4:cpu_1:36.765
4.7.0-damn-strict_4:cpu_2:40.195
4.7.0-damn-strict_4:cpu_13:31.86
4.7.0-damn-strict_4:enp4s0f0_rx_packets:0
4.7.0-damn-strict_4:enp4s0f0_tx_bytes_phy:0
4.7.0-damn-strict_512:Memory:26791.435
4.7.0-damn-strict_512:cpu_17:47.55
4.7.0-damn-strict_512:enp130s0f1_rx_packets_phy:3243940
4.7.0-damn-strict_512:Total_rx_packets:3468950
4.7.0-damn-strict_512:16384:87380
4.7.0-damn-strict_512:Total_tx_bytes_phy:76218446.5
4.7.0-damn-strict_512:Read:15858.215
4.7.0-damn-strict_512:cpu_7:40.685
4.7.0-damn-strict_512:LLC-load-misses:567795955
4.7.0-damn-strict_512:cpu_6:38.24
4.7.0-damn-strict_512:enp4s0f1_rx_packets_phy:0
4.7.0-damn-strict_512:cpu_15:21.57
4.7.0-damn-strict_512:enp4s0f0_tx_packets:0
4.7.0-damn-strict_512:enp130s0f0_rx_packets:1713933.5
4.7.0-damn-strict_512:cpu_24:27.45
4.7.0-damn-strict_512:cpu_16:15.2
4.7.0-damn-strict_512:cpu_3:42.16
4.7.0-damn-strict_512:cpu_5:51.47
4.7.0-damn-strict_512:cpu_23:18.625
4.7.0-damn-strict_512:enp4s0f0_rx_packets_phy:0
4.7.0-damn-strict_512:Total_rx_bytes:9833389082.5
4.7.0-damn-strict_512:Total_rx_packets_phy:6633026
4.7.0-damn-strict_512:enp4s0f0_rx_bytes_phy:0
4.7.0-damn-strict_512:instructions:64640380246
4.7.0-damn-strict_512:cpu_12:30.395
4.7.0-damn-strict_512:cpu_total:29.87
4.7.0-damn-strict_512:enp130s0f1_tx_packets:267189
4.7.0-damn-strict_512:enp130s0f1_rx_packets:1755016.5
4.7.0-damn-strict_512:Total_tx_bytes:45054359
4.7.0-damn-strict_512:Total_rx_bytes_phy:10068934362
4.7.0-damn-strict_512:enp4s0f1_rx_packets:0
4.7.0-damn-strict_512:cpu_22:23.04
4.7.0-damn-strict_512:enp130s0f0_tx_bytes:27125758.5
4.7.0-damn-strict_512:cpu_4:50.495
4.7.0-damn-strict_512:enp4s0f1_tx_packets:0
4.7.0-damn-strict_512:cpu_0:27.945
4.7.0-damn-strict_512:enp4s0f1_rx_bytes_phy:0
4.7.0-damn-strict_512:Total_tx_packets_phy:1110747
4.7.0-damn-strict_512:cpu_27:27.45
4.7.0-damn-strict_512:enp130s0f0_tx_packets_phy:842828
4.7.0-damn-strict_512:cpu_8:25.98
4.7.0-damn-strict_512:enp4s0f1_rx_bytes:0
4.7.0-damn-strict_512:cpu_13:26.475
4.7.0-damn-strict_512:enp4s0f0_tx_bytes_phy:0
4.7.0-damn-strict_512:enp4s0f0_rx_packets:0
4.7.0-damn-strict_512:cpu_1:38.235
4.7.0-damn-strict_512:enp4s0f1_tx_packets_phy:0
4.7.0-damn-strict_512:cpu_2:27.45
4.7.0-damn-strict_512:enp4s0f1_tx_bytes:0
4.7.0-damn-strict_512:enp130s0f0_rx_packets_phy:3389086
4.7.0-damn-strict_512:cache-misses:1006509122
4.7.0-damn-strict_512:cpu_19:26.47
4.7.0-damn-strict_512:enp130s0f0_rx_bytes_phy:5144633143
4.7.0-damn-strict_512:cpu_11:30.39
4.7.0-damn-strict_512:cycles:113614102033
4.7.0-damn-strict_512:cpu_9:35.295
4.7.0-damn-strict_512:enp4s0f0_rx_bytes:0
4.7.0-damn-strict_512:cpu_21:21.08
4.7.0-damn-strict_512:Total_tx_packets:665403
4.7.0-damn-strict_512:enp4s0f1_tx_bytes_phy:0
4.7.0-damn-strict_512:enp4s0f0_tx_packets_phy:0
4.7.0-damn-strict_512:Write:10933.22
4.7.0-damn-strict_512:enp130s0f0_tx_packets:398214
4.7.0-damn-strict_512:cpu_18:15.69
4.7.0-damn-strict_512:cpu_10:36.765
4.7.0-damn-strict_512:enp130s0f1_rx_bytes:4813066428.5
4.7.0-damn-strict_512:cpu_25:28.43
4.7.0-damn-strict_512:cache-references:3093240269
4.7.0-damn-strict_512:enp130s0f1_tx_bytes:17928600.5
4.7.0-damn-strict_512:enp4s0f0_tx_bytes:0
4.7.0-damn-strict_512:LLC-store:858335378.5
4.7.0-damn-strict_512:cpu_14:20.59
4.7.0-damn-strict_512:LLC-store-misses:68819473
4.7.0-damn-strict_512:LLC-load:986997149.5
4.7.0-damn-strict_512:enp130s0f0_rx_bytes:5020322654
4.7.0-damn-strict_512:enp130s0f1_tx_packets_phy:267919
4.7.0-damn-strict_512:enp130s0f1_rx_bytes_phy:4924301219
4.7.0-damn-strict_512:enp130s0f0_tx_bytes_phy:57174455.5
4.7.0-damn-strict_512:enp130s0f1_tx_bytes_phy:19043991
4.7.0-damn-strict_512:cpu_26:16.175
4.7.0-damn-strict_512:cpu_20:23.04
4.7.0-damn-strict_64:enp4s0f0_tx_bytes_phy:0
4.7.0-damn-strict_64:enp4s0f0_rx_packets:0
4.7.0-damn-strict_64:cpu_13:40.685
4.7.0-damn-strict_64:cpu_2:50.98
4.7.0-damn-strict_64:enp4s0f1_tx_packets_phy:0
4.7.0-damn-strict_64:cpu_1:23.04
4.7.0-damn-strict_64:enp130s0f0_rx_packets_phy:3515478.5
4.7.0-damn-strict_64:cache-misses:1007246648
4.7.0-damn-strict_64:enp4s0f1_tx_bytes:0
4.7.0-damn-strict_64:cpu_19:21.08
4.7.0-damn-strict_64:enp130s0f0_rx_bytes_phy:5336484931.5
4.7.0-damn-strict_64:cpu_11:63.235
4.7.0-damn-strict_64:cpu_9:41.665
4.7.0-damn-strict_64:cycles:115599263376.5
4.7.0-damn-strict_64:Total_tx_packets:654598.5
4.7.0-damn-strict_64:enp4s0f0_rx_bytes:0
4.7.0-damn-strict_64:cpu_21:14.215
4.7.0-damn-strict_64:enp4s0f1_tx_bytes_phy:0
4.7.0-damn-strict_64:cpu_18:17.65
4.7.0-damn-strict_64:cpu_10:43.14
4.7.0-damn-strict_64:enp4s0f0_tx_packets_phy:0
4.7.0-damn-strict_64:Write:11169.435
4.7.0-damn-strict_64:enp130s0f0_tx_packets:366919
4.7.0-damn-strict_64:enp130s0f1_rx_bytes:4832630075
4.7.0-damn-strict_64:cpu_25:18.14
4.7.0-damn-strict_64:cache-references:3078531745
4.7.0-damn-strict_64:enp130s0f1_tx_bytes:19137210
4.7.0-damn-strict_64:cpu_14:21.08
4.7.0-damn-strict_64:LLC-store:855572798
4.7.0-damn-strict_64:enp4s0f0_tx_bytes:0
4.7.0-damn-strict_64:LLC-load:1016657574
4.7.0-damn-strict_64:enp130s0f1_rx_bytes_phy:4935627745.5
4.7.0-damn-strict_64:enp130s0f1_tx_packets_phy:287731
4.7.0-damn-strict_64:enp130s0f0_rx_bytes:5185544468
4.7.0-damn-strict_64:LLC-store-misses:73566509
4.7.0-damn-strict_64:enp130s0f1_tx_bytes_phy:20291087.5
4.7.0-damn-strict_64:enp130s0f0_tx_bytes_phy:54284496
4.7.0-damn-strict_64:cpu_26:17.16
4.7.0-damn-strict_64:cpu_20:25
4.7.0-damn-strict_64:cpu_17:13.725
4.7.0-damn-strict_64:Memory:27450.765
4.7.0-damn-strict_64:enp130s0f1_rx_packets_phy:3251401
4.7.0-damn-strict_64:16384:87380
4.7.0-damn-strict_64:Total_rx_packets:3325461.5
4.7.0-damn-strict_64:Total_tx_bytes_phy:74575583.5
4.7.0-damn-strict_64:Read:16281.325
4.7.0-damn-strict_64:LLC-load-misses:595299669.5
4.7.0-damn-strict_64:cpu_7:26.96
4.7.0-damn-strict_64:cpu_6:32.355
4.7.0-damn-strict_64:enp4s0f0_tx_packets:0
4.7.0-damn-strict_64:cpu_15:19.61
4.7.0-damn-strict_64:enp4s0f1_rx_packets_phy:0
4.7.0-damn-strict_64:cpu_16:15.69
4.7.0-damn-strict_64:enp130s0f0_rx_packets:1437801
4.7.0-damn-strict_64:cpu_24:25.49
4.7.0-damn-strict_64:enp4s0f0_rx_packets_phy:0
4.7.0-damn-strict_64:Total_rx_bytes:10018174543
4.7.0-damn-strict_64:cpu_3:46.57
4.7.0-damn-strict_64:cpu_5:50.98
4.7.0-damn-strict_64:cpu_23:24.02
4.7.0-damn-strict_64:enp4s0f0_rx_bytes_phy:0
4.7.0-damn-strict_64:Total_rx_packets_phy:6766879.5
4.7.0-damn-strict_64:cpu_12:30.88
4.7.0-damn-strict_64:cpu_total:30.25
4.7.0-damn-strict_64:instructions:64213503803
4.7.0-damn-strict_64:enp130s0f1_rx_packets:1887660.5
4.7.0-damn-strict_64:Total_rx_bytes_phy:10272112677
4.7.0-damn-strict_64:Total_tx_bytes:44130602
4.7.0-damn-strict_64:enp130s0f1_tx_packets:287679.5
4.7.0-damn-strict_64:enp4s0f1_rx_packets:0
4.7.0-damn-strict_64:enp130s0f0_tx_bytes:24993392
4.7.0-damn-strict_64:cpu_22:18.63
4.7.0-damn-strict_64:cpu_0:41.665
4.7.0-damn-strict_64:cpu_4:48.035
4.7.0-damn-strict_64:enp4s0f1_tx_packets:0
4.7.0-damn-strict_64:enp130s0f0_tx_packets_phy:801658.5
4.7.0-damn-strict_64:cpu_27:28.92
4.7.0-damn-strict_64:cpu_8:26.96
4.7.0-damn-strict_64:enp4s0f1_rx_bytes:0
4.7.0-damn-strict_64:Total_tx_packets_phy:1089389.5
4.7.0-damn-strict_64:enp4s0f1_rx_bytes_phy:0
