4.7.0-copy-plus-strict:cpu_22:0.194
4.7.0-copy-plus-strict:iops:38720.6
4.7.0-copy-plus-strict:SKT1_l3miss:932200000
4.7.0-copy-plus-strict:enp4s0f0_rx_packets_phy:0
4.7.0-copy-plus-strict:enp4s0f0_rx_bytes:0
4.7.0-copy-plus-strict:TOTAL_l2miss:2343800000
4.7.0-copy-plus-strict:enp4s0f0_tx_bytes:0
4.7.0-copy-plus-strict:TOTAL_ipc:0.214
4.7.0-copy-plus-strict:cpu_7:64.854
4.7.0-copy-plus-strict:enp130s0f0_rx_packets_phy:1404944.8
4.7.0-copy-plus-strict:enp130s0f0_tx_bytes_phy:6668631846.4
4.7.0-copy-plus-strict:Total_tx_bytes:6664403707.6
4.7.0-copy-plus-strict:cpu_19:43.884
4.7.0-copy-plus-strict:TOTAL_l3miss:1819200000
4.7.0-copy-plus-strict:Total_tx_packets_phy:1096579.8
4.7.0-copy-plus-strict:cpu_0:54.564
4.7.0-copy-plus-strict:enp4s0f1_rx_bytes_phy:0
4.7.0-copy-plus-strict:enp130s0f1_tx_bytes_phy:0
4.7.0-copy-plus-strict:enp130s0f1_rx_bytes:0
4.7.0-copy-plus-strict:cpu_6:100
4.7.0-copy-plus-strict:enp4s0f1_tx_queue_stopped:0
4.7.0-copy-plus-strict:enp4s0f1_tx_packets:0
4.7.0-copy-plus-strict:cpu_18:0
4.7.0-copy-plus-strict:enp4s0f1_tx_packets_phy:0
4.7.0-copy-plus-strict:enp130s0f1_tx_packets_phy:0
4.7.0-copy-plus-strict:enp130s0f1_rx_packets_phy:0
4.7.0-copy-plus-strict:enp4s0f0_tx_bytes_phy:0
4.7.0-copy-plus-strict:enp4s0f0_rx_packets:0
4.7.0-copy-plus-strict:enp130s0f0_tx_bytes:6664403707.6
4.7.0-copy-plus-strict:enp130s0f1_rx_bytes_phy:0
4.7.0-copy-plus-strict:cpu_13:99.418
4.7.0-copy-plus-strict:enp4s0f0_tx_queue_stopped:0
4.7.0-copy-plus-strict:enp130s0f0_rx_bytes:10263832872.8
4.7.0-copy-plus-strict:SKT0_l2hit:0.26
4.7.0-copy-plus-strict:Total_rx_packets:790327.8
4.7.0-copy-plus-strict:enp130s0f0_tx_packets_phy:1096579.8
4.7.0-copy-plus-strict:enp130s0f1_rx_packets:0
4.7.0-copy-plus-strict:SKT0_l2mpi:0.08
4.7.0-copy-plus-strict:cpu_2:100
4.7.0-copy-plus-strict:enp4s0f1_tx_bytes_phy:0
4.7.0-copy-plus-strict:enp130s0f0_tx_queue_stopped:0
4.7.0-copy-plus-strict:TOTAL_l3mpi:0.05
4.7.0-copy-plus-strict:enp130s0f0_rx_bytes_phy:11004161807.4
4.7.0-copy-plus-strict:enp130s0f1_tx_packets:0
4.7.0-copy-plus-strict:cpu_14:55.34
4.7.0-copy-plus-strict:Total_rx_packets_phy:1404944.8
4.7.0-copy-plus-strict:Total_tx_packets:561585.8
4.7.0-copy-plus-strict:cpu_3:99.806
4.7.0-copy-plus-strict:enp4s0f1_rx_packets:0
4.7.0-copy-plus-strict:cpu_24:0
4.7.0-copy-plus-strict:cpu_15:63.11
4.7.0-copy-plus-strict:Read:37633.98
4.7.0-copy-plus-strict:SKT1_l3hit:0.26
4.7.0-copy-plus-strict:enp4s0f1_rx_bytes:0
4.7.0-copy-plus-strict:SKT1_l2miss:1262400000
4.7.0-copy-plus-strict:cpu_25:8.738
4.7.0-copy-plus-strict:cpu_27:44.078
4.7.0-copy-plus-strict:cpu_11:98.448
4.7.0-copy-plus-strict:enp4s0f0_tx_packets:0
4.7.0-copy-plus-strict:cpu_12:99.418
4.7.0-copy-plus-strict:Write:39721.094
4.7.0-copy-plus-strict:TOTAL_l3hit:0.224
4.7.0-copy-plus-strict:cpu_20:0.194
4.7.0-copy-plus-strict:TOTAL_l2mpi:0.07
4.7.0-copy-plus-strict:enp130s0f0_tx_packets:561585.8
4.7.0-copy-plus-strict:SKT0_l3mpi:0.07
4.7.0-copy-plus-strict:cpu_1:66.018
4.7.0-copy-plus-strict:Total_tx_queue_stopped:0
4.7.0-copy-plus-strict:enp130s0f1_tx_queue_stopped:0
4.7.0-copy-plus-strict:SKT1_l2mpi:0.06
4.7.0-copy-plus-strict:cpu_4:100
4.7.0-copy-plus-strict:cpu_8:53.788
4.7.0-copy-plus-strict:Total_tx_bytes_phy:6668631846.4
4.7.0-copy-plus-strict:Total_rx_bytes_phy:11004161807.4
4.7.0-copy-plus-strict:cpu_10:100
4.7.0-copy-plus-strict:SKT1_l3mpi:0.042
4.7.0-copy-plus-strict:cpu_17:54.564
4.7.0-copy-plus-strict:cpu_9:99.612
4.7.0-copy-plus-strict:enp4s0f0_rx_bytes_phy:0
4.7.0-copy-plus-strict:cpu_5:74.368
4.7.0-copy-plus-strict:cpu_16:0.194
4.7.0-copy-plus-strict:cpu_23:51.066
4.7.0-copy-plus-strict:cpu_total:56.94
4.7.0-copy-plus-strict:SKT0_ipc:0.196
4.7.0-copy-plus-strict:SKT1_ipc:0.228
4.7.0-copy-plus-strict:cpu_26:0
4.7.0-copy-plus-strict:SKT0_l3hit:0.18
4.7.0-copy-plus-strict:SKT1_l2hit:0.338
4.7.0-copy-plus-strict:enp4s0f1_tx_bytes:0
4.7.0-copy-plus-strict:TOTAL_l2hit:0.308
4.7.0-copy-plus-strict:Memory:77355.07
4.7.0-copy-plus-strict:enp4s0f1_rx_packets_phy:0
4.7.0-copy-plus-strict:cpu_21:63.302
4.7.0-copy-plus-strict:enp130s0f0_rx_packets:790327.8
4.7.0-copy-plus-strict:enp130s0f1_tx_bytes:0
4.7.0-copy-plus-strict:SKT0_l3miss:886800000
4.7.0-copy-plus-strict:Total_rx_bytes:10263832872.8
4.7.0-copy-plus-strict:enp4s0f0_tx_packets_phy:0
4.7.0-copy-plus-strict:SKT0_l2miss:1080600000
4.7.0-damn-strict:cpu_13:86.35
4.7.0-damn-strict:enp130s0f1_rx_bytes_phy:0
4.7.0-damn-strict:enp130s0f1_rx_packets:0
4.7.0-damn-strict:enp130s0f0_tx_packets_phy:570901.8
4.7.0-damn-strict:SKT0_l2hit:0.182
4.7.0-damn-strict:Total_rx_packets:322713.4
4.7.0-damn-strict:enp4s0f0_tx_queue_stopped:0
4.7.0-damn-strict:enp130s0f0_rx_bytes:5032968593.8
4.7.0-damn-strict:cpu_6:94.008
4.7.0-damn-strict:enp4s0f1_rx_bytes_phy:0
4.7.0-damn-strict:enp130s0f1_tx_bytes_phy:0
4.7.0-damn-strict:enp130s0f1_rx_bytes:0
4.7.0-damn-strict:cpu_0:82.538
4.7.0-damn-strict:enp130s0f0_tx_bytes:4203325207.2
4.7.0-damn-strict:enp130s0f1_tx_packets_phy:0
4.7.0-damn-strict:enp130s0f1_rx_packets_phy:0
4.7.0-damn-strict:enp4s0f0_tx_bytes_phy:0
4.7.0-damn-strict:enp4s0f0_rx_packets:0
4.7.0-damn-strict:enp4s0f1_tx_packets:0
4.7.0-damn-strict:cpu_18:0.356
4.7.0-damn-strict:enp4s0f1_tx_packets_phy:0
4.7.0-damn-strict:enp4s0f1_tx_queue_stopped:0
4.7.0-damn-strict:enp130s0f0_tx_bytes_phy:4209975722
4.7.0-damn-strict:enp130s0f0_rx_packets_phy:693807.6
4.7.0-damn-strict:out:1.33333333333333
4.7.0-damn-strict:cpu_7:65.538
4.7.0-damn-strict:TOTAL_l3miss:1075022400
4.7.0-damn-strict:Total_tx_packets_phy:570901.8
4.7.0-damn-strict:Total_tx_bytes:4203325207.2
4.7.0-damn-strict:cpu_19:52.384
4.7.0-damn-strict:enp4s0f0_rx_packets_phy:0
4.7.0-damn-strict:SKT1_l3miss:460211400
4.7.0-damn-strict:iops:22662.4
4.7.0-damn-strict:cpu_22:0.358
4.7.0-damn-strict:TOTAL_ipc:0.34
4.7.0-damn-strict:TOTAL_l2miss:1247344200
4.7.0-damn-strict:enp4s0f0_tx_bytes:0
4.7.0-damn-strict:enp4s0f0_rx_bytes:0
4.7.0-damn-strict:Memory:28286.2
4.7.0-damn-strict:TOTAL_l2hit:0.228
4.7.0-damn-strict:SKT1_l2hit:0.27
4.7.0-damn-strict:enp4s0f1_tx_bytes:0
4.7.0-damn-strict:SKT0_l3miss:614410800
4.7.0-damn-strict:enp130s0f1_tx_bytes:0
4.7.0-damn-strict:Total_rx_bytes:5032968593.8
4.7.0-damn-strict:enp4s0f0_tx_packets_phy:0
4.7.0-damn-strict:SKT0_l2miss:696661000
4.7.0-damn-strict:enp130s0f0_rx_packets:322713.4
4.7.0-damn-strict:enp4s0f1_rx_packets_phy:0
4.7.0-damn-strict:cpu_21:22.592
4.7.0-damn-strict:cpu_9:86.906
4.7.0-damn-strict:cpu_17:67.178
4.7.0-damn-strict:Total_rx_bytes_phy:5169702959.4
4.7.0-damn-strict:cpu_10:90.164
4.7.0-damn-strict:SKT1_l3mpi:0.014
4.7.0-damn-strict:SKT1_l2mpi:0.022
4.7.0-damn-strict:cpu_4:98.834
4.7.0-damn-strict:cpu_8:80.8
4.7.0-damn-strict:Total_tx_bytes_phy:4209975722
4.7.0-damn-strict:SKT0_ipc:0.284
4.7.0-damn-strict:cpu_26:0.912
4.7.0-damn-strict:SKT1_ipc:0.378
4.7.0-damn-strict:SKT0_l3hit:0.258
4.7.0-damn-strict:cpu_23:32.006
4.7.0-damn-strict:cpu_total:58.546
4.7.0-damn-strict:cpu_5:90.272
4.7.0-damn-strict:cpu_16:0.706
4.7.0-damn-strict:enp4s0f0_rx_bytes_phy:0
4.7.0-damn-strict:cpu_12:87.466
4.7.0-damn-strict:Write:13231.556
4.7.0-damn-strict:enp4s0f0_tx_packets:0
4.7.0-damn-strict:cpu_11:89.884
4.7.0-damn-strict:enp130s0f1_tx_queue_stopped:0
4.7.0-damn-strict:Total_tx_queue_stopped:1075.2
4.7.0-damn-strict:TOTAL_l3hit:0.278
4.7.0-damn-strict:cpu_20:0.532
4.7.0-damn-strict:TOTAL_l2mpi:0.028
4.7.0-damn-strict:cpu_1:83.326
4.7.0-damn-strict:SKT0_l3mpi:0.03
4.7.0-damn-strict:enp130s0f0_tx_packets:287146
4.7.0-damn-strict:Total_tx_packets:287146
4.7.0-damn-strict:cpu_3:88.3
4.7.0-damn-strict:enp4s0f1_rx_packets:0
4.7.0-damn-strict:cpu_24:0.532
4.7.0-damn-strict:cpu_14:78.744
4.7.0-damn-strict:Total_rx_packets_phy:693807.6
4.7.0-damn-strict:TOTAL_l3mpi:0.02
4.7.0-damn-strict:enp130s0f0_rx_bytes_phy:5169702959.4
4.7.0-damn-strict:enp130s0f0_tx_queue_stopped:1075.2
4.7.0-damn-strict:enp130s0f1_tx_packets:0
4.7.0-damn-strict:SKT0_l2mpi:0.04
4.7.0-damn-strict:cpu_2:98.342
4.7.0-damn-strict:enp4s0f1_tx_bytes_phy:0
4.7.0-damn-strict:cpu_27:50.958
4.7.0-damn-strict:cpu_25:38.688
4.7.0-damn-strict:SKT1_l3hit:0.302
4.7.0-damn-strict:enp4s0f1_rx_bytes:0
4.7.0-damn-strict:SKT1_l2miss:550683000
4.7.0-damn-strict:cpu_15:70.794
4.7.0-damn-strict:Read:15054.644
4.7.0-damn-unsafe:cpu_0:52.13
4.7.0-damn-unsafe:cpu_6:82.814
4.7.0-damn-unsafe:enp130s0f1_tx_bytes_phy:0
4.7.0-damn-unsafe:enp4s0f1_rx_bytes_phy:0
4.7.0-damn-unsafe:enp130s0f1_rx_bytes:0
4.7.0-damn-unsafe:cpu_18:0.586
4.7.0-damn-unsafe:enp4s0f1_tx_packets:0
4.7.0-damn-unsafe:enp4s0f1_tx_packets_phy:0
4.7.0-damn-unsafe:enp4s0f1_tx_queue_stopped:0
4.7.0-damn-unsafe:enp130s0f0_tx_bytes:7664366537
4.7.0-damn-unsafe:enp130s0f1_tx_packets_phy:0
4.7.0-damn-unsafe:enp130s0f1_rx_packets_phy:0
4.7.0-damn-unsafe:enp4s0f0_rx_packets:0
4.7.0-damn-unsafe:enp4s0f0_tx_bytes_phy:0
4.7.0-damn-unsafe:enp130s0f1_rx_bytes_phy:0
4.7.0-damn-unsafe:cpu_13:71.284
4.7.0-damn-unsafe:SKT0_l2hit:0.23
4.7.0-damn-unsafe:Total_rx_packets:1038270.4
4.7.0-damn-unsafe:enp4s0f0_tx_queue_stopped:0
4.7.0-damn-unsafe:enp130s0f0_rx_bytes:10663068156.6
4.7.0-damn-unsafe:enp130s0f0_tx_packets_phy:1194989.4
4.7.0-damn-unsafe:enp130s0f1_rx_packets:0
4.7.0-damn-unsafe:cpu_22:0.78
4.7.0-damn-unsafe:enp4s0f0_rx_packets_phy:0
4.7.0-damn-unsafe:SKT1_l3miss:624400000
4.7.0-damn-unsafe:iops:40966.2
4.7.0-damn-unsafe:enp4s0f0_rx_bytes:0
4.7.0-damn-unsafe:TOTAL_ipc:0.32
4.7.0-damn-unsafe:TOTAL_l2miss:1576400000
4.7.0-damn-unsafe:enp4s0f0_tx_bytes:0
4.7.0-damn-unsafe:cpu_7:75.782
4.7.0-damn-unsafe:enp130s0f0_tx_bytes_phy:7669252721.2
4.7.0-damn-unsafe:enp130s0f0_rx_packets_phy:1555730.6
4.7.0-damn-unsafe:cpu_19:7.056
4.7.0-damn-unsafe:Total_tx_bytes:7664366537
4.7.0-damn-unsafe:TOTAL_l3miss:1336400000
4.7.0-damn-unsafe:Total_tx_packets_phy:1194989.4
4.7.0-damn-unsafe:Total_rx_bytes_phy:10706263306
4.7.0-damn-unsafe:SKT1_l3mpi:0.03
4.7.0-damn-unsafe:cpu_10:75.562
4.7.0-damn-unsafe:cpu_8:47.458
4.7.0-damn-unsafe:SKT1_l2mpi:0.03
4.7.0-damn-unsafe:cpu_4:84.344
4.7.0-damn-unsafe:Total_tx_bytes_phy:7669252721.2
4.7.0-damn-unsafe:cpu_9:62.27
4.7.0-damn-unsafe:cpu_17:30.864
4.7.0-damn-unsafe:cpu_5:83.59
4.7.0-damn-unsafe:cpu_16:0.39
4.7.0-damn-unsafe:enp4s0f0_rx_bytes_phy:0
4.7.0-damn-unsafe:SKT0_ipc:0.28
4.7.0-damn-unsafe:cpu_26:0.392
4.7.0-damn-unsafe:SKT1_ipc:0.356
4.7.0-damn-unsafe:SKT0_l3hit:0.122
4.7.0-damn-unsafe:cpu_23:9.186
4.7.0-damn-unsafe:cpu_total:44.056
4.7.0-damn-unsafe:TOTAL_l2hit:0.256
4.7.0-damn-unsafe:SKT1_l2hit:0.282
4.7.0-damn-unsafe:enp4s0f1_tx_bytes:0
4.7.0-damn-unsafe:Memory:61848.66
4.7.0-damn-unsafe:enp130s0f0_rx_packets:1038270.4
4.7.0-damn-unsafe:cpu_21:19.87
4.7.0-damn-unsafe:enp4s0f1_rx_packets_phy:0
4.7.0-damn-unsafe:SKT0_l3miss:711600000
4.7.0-damn-unsafe:enp130s0f1_tx_bytes:0
4.7.0-damn-unsafe:Total_rx_bytes:10663068156.6
4.7.0-damn-unsafe:enp4s0f0_tx_packets_phy:0
4.7.0-damn-unsafe:SKT0_l2miss:812200000
4.7.0-damn-unsafe:enp130s0f0_tx_queue_stopped:6.6
4.7.0-damn-unsafe:TOTAL_l3mpi:0.03
4.7.0-damn-unsafe:enp130s0f0_rx_bytes_phy:10706263306
4.7.0-damn-unsafe:enp130s0f1_tx_packets:0
4.7.0-damn-unsafe:SKT0_l2mpi:0.05
4.7.0-damn-unsafe:cpu_2:88.854
4.7.0-damn-unsafe:enp4s0f1_tx_bytes_phy:0
4.7.0-damn-unsafe:Total_tx_packets:840349.8
4.7.0-damn-unsafe:cpu_3:100
4.7.0-damn-unsafe:enp4s0f1_rx_packets:0
4.7.0-damn-unsafe:cpu_24:0.782
4.7.0-damn-unsafe:cpu_14:52.334
4.7.0-damn-unsafe:Total_rx_packets_phy:1555730.6
4.7.0-damn-unsafe:SKT1_l3hit:0.182
4.7.0-damn-unsafe:enp4s0f1_rx_bytes:0
4.7.0-damn-unsafe:SKT1_l2miss:763800000
4.7.0-damn-unsafe:cpu_15:64.306
4.7.0-damn-unsafe:Read:30862.082
4.7.0-damn-unsafe:cpu_27:10.542
4.7.0-damn-unsafe:cpu_25:6.854
4.7.0-damn-unsafe:cpu_11:70.506
4.7.0-damn-unsafe:cpu_12:72.276
4.7.0-damn-unsafe:Write:30986.576
4.7.0-damn-unsafe:enp4s0f0_tx_packets:0
4.7.0-damn-unsafe:Total_tx_queue_stopped:6.6
4.7.0-damn-unsafe:cpu_20:0.78
4.7.0-damn-unsafe:TOTAL_l3hit:0.15
4.7.0-damn-unsafe:TOTAL_l2mpi:0.04
4.7.0-damn-unsafe:SKT0_l3mpi:0.04
4.7.0-damn-unsafe:cpu_1:62.896
4.7.0-damn-unsafe:enp130s0f0_tx_packets:840349.8
4.7.0-damn-unsafe:enp130s0f1_tx_queue_stopped:0
4.7.0-deff:SKT0_l2hit:0.222
4.7.0-deff:Total_rx_packets:1011035.2
4.7.0-deff:enp4s0f0_tx_queue_stopped:0
4.7.0-deff:enp130s0f0_rx_bytes:10483173393.8
4.7.0-deff:enp130s0f0_tx_packets_phy:1187179.2
4.7.0-deff:enp130s0f1_rx_packets:0
4.7.0-deff:enp130s0f1_rx_bytes_phy:0
4.7.0-deff:cpu_13:84.478
4.7.0-deff:cpu_18:0.388
4.7.0-deff:enp4s0f1_tx_packets:0
4.7.0-deff:enp4s0f1_tx_packets_phy:0
4.7.0-deff:enp4s0f1_tx_queue_stopped:0
4.7.0-deff:enp130s0f0_tx_bytes:7537310727
4.7.0-deff:enp130s0f1_rx_packets_phy:0
4.7.0-deff:enp130s0f1_tx_packets_phy:0
4.7.0-deff:enp4s0f0_tx_bytes_phy:0
4.7.0-deff:enp4s0f0_rx_packets:0
4.7.0-deff:cpu_0:54.868
4.7.0-deff:cpu_6:56.226
4.7.0-deff:enp4s0f1_rx_bytes_phy:0
4.7.0-deff:enp130s0f1_tx_bytes_phy:0
4.7.0-deff:enp130s0f1_rx_bytes:0
4.7.0-deff:Total_tx_bytes:7537310727
4.7.0-deff:cpu_19:36.204
4.7.0-deff:TOTAL_l3miss:1359800000
4.7.0-deff:Total_tx_packets_phy:1187179.2
4.7.0-deff:cpu_7:55.088
4.7.0-deff:enp130s0f0_tx_bytes_phy:7539175754.2
4.7.0-deff:enp130s0f0_rx_packets_phy:1550627.8
4.7.0-deff:enp4s0f0_rx_bytes:0
4.7.0-deff:TOTAL_ipc:0.39
4.7.0-deff:TOTAL_l2miss:1620200000
4.7.0-deff:enp4s0f0_tx_bytes:0
4.7.0-deff:cpu_22:0
4.7.0-deff:enp4s0f0_rx_packets_phy:0
4.7.0-deff:SKT1_l3miss:638400000
4.7.0-deff:iops:40492.8
4.7.0-deff:enp130s0f0_rx_packets:1011035.2
4.7.0-deff:enp4s0f1_rx_packets_phy:0
4.7.0-deff:cpu_21:50.478
4.7.0-deff:SKT0_l3miss:721400000
4.7.0-deff:enp130s0f1_tx_bytes:0
4.7.0-deff:Total_rx_bytes:10483173393.8
4.7.0-deff:enp4s0f0_tx_packets_phy:0
4.7.0-deff:SKT0_l2miss:824800000
4.7.0-deff:TOTAL_l2hit:0.256
4.7.0-deff:SKT1_l2hit:0.286
4.7.0-deff:enp4s0f1_tx_bytes:0
4.7.0-deff:Memory:62382.338
4.7.0-deff:cpu_5:87.574
4.7.0-deff:cpu_16:0.388
4.7.0-deff:enp4s0f0_rx_bytes_phy:0
4.7.0-deff:SKT0_ipc:0.308
4.7.0-deff:cpu_26:0
4.7.0-deff:SKT1_ipc:0.456
4.7.0-deff:SKT0_l3hit:0.126
4.7.0-deff:cpu_23:14.946
4.7.0-deff:cpu_total:49.186
4.7.0-deff:Total_rx_bytes_phy:10711235516.6
4.7.0-deff:SKT1_l3mpi:0.02
4.7.0-deff:cpu_10:89.9
4.7.0-deff:SKT1_l2mpi:0.02
4.7.0-deff:cpu_8:46.41
4.7.0-deff:cpu_4:100
4.7.0-deff:Total_tx_bytes_phy:7539175754.2
4.7.0-deff:cpu_9:85.268
4.7.0-deff:cpu_17:39.026
4.7.0-deff:Total_tx_queue_stopped:0
4.7.0-deff:cpu_20:0.78
4.7.0-deff:TOTAL_l3hit:0.16
4.7.0-deff:TOTAL_l2mpi:0.03
4.7.0-deff:SKT0_l3mpi:0.04
4.7.0-deff:enp130s0f0_tx_packets:833228
4.7.0-deff:cpu_1:56.292
4.7.0-deff:enp130s0f1_tx_queue_stopped:0
4.7.0-deff:cpu_11:74.36
4.7.0-deff:cpu_12:86.434
4.7.0-deff:Write:30713.016
4.7.0-deff:enp4s0f0_tx_packets:0
4.7.0-deff:enp4s0f1_rx_bytes:0
4.7.0-deff:SKT1_l3hit:0.198
4.7.0-deff:SKT1_l2miss:794800000
4.7.0-deff:Read:31669.324
4.7.0-deff:cpu_15:58.638
4.7.0-deff:cpu_27:30.172
4.7.0-deff:cpu_25:32.118
4.7.0-deff:TOTAL_l3mpi:0.03
4.7.0-deff:enp130s0f0_tx_queue_stopped:0
4.7.0-deff:enp130s0f1_tx_packets:0
4.7.0-deff:enp130s0f0_rx_bytes_phy:10711235516.6
4.7.0-deff:cpu_2:92.618
4.7.0-deff:SKT0_l2mpi:0.044
4.7.0-deff:enp4s0f1_tx_bytes_phy:0
4.7.0-deff:Total_tx_packets:833228
4.7.0-deff:enp4s0f1_rx_packets:0
4.7.0-deff:cpu_24:0.194
4.7.0-deff:cpu_3:92.41
4.7.0-deff:cpu_14:52.594
4.7.0-deff:Total_rx_packets_phy:1550627.8
4.7.0-strict:enp4s0f0_tx_packets_phy:0
4.7.0-strict:SKT0_l2miss:329400000
4.7.0-strict:SKT0_l3miss:289400000
4.7.0-strict:Total_rx_bytes:5878599434.2
4.7.0-strict:enp130s0f1_tx_bytes:0
4.7.0-strict:enp130s0f0_rx_packets:306269.8
4.7.0-strict:cpu_21:71.844
4.7.0-strict:enp4s0f1_rx_packets_phy:0
4.7.0-strict:Memory:28829.542
4.7.0-strict:TOTAL_l2hit:0.23
4.7.0-strict:enp4s0f1_tx_bytes:0
4.7.0-strict:SKT1_l2hit:0.272
4.7.0-strict:cpu_26:0.328
4.7.0-strict:SKT1_ipc:0.338
4.7.0-strict:SKT0_l3hit:0.12
4.7.0-strict:SKT0_ipc:0.192
4.7.0-strict:cpu_total:51.06
4.7.0-strict:cpu_23:74.934
4.7.0-strict:cpu_5:89.52
4.7.0-strict:cpu_16:0.162
4.7.0-strict:enp4s0f0_rx_bytes_phy:0
4.7.0-strict:cpu_9:84.88
4.7.0-strict:cpu_17:71.6
4.7.0-strict:SKT1_l3mpi:0.01
4.7.0-strict:cpu_10:38.894
4.7.0-strict:Total_rx_bytes_phy:6582096883.4
4.7.0-strict:Total_tx_bytes_phy:5160679288
4.7.0-strict:SKT1_l2mpi:0.02
4.7.0-strict:cpu_4:34.728
4.7.0-strict:cpu_8:36.462
4.7.0-strict:enp130s0f1_tx_queue_stopped:0
4.7.0-strict:Total_tx_queue_stopped:503.4
4.7.0-strict:TOTAL_l2mpi:0.028
4.7.0-strict:cpu_1:90.882
4.7.0-strict:SKT0_l3mpi:0.076
4.7.0-strict:enp130s0f0_tx_packets:294161.6
4.7.0-strict:TOTAL_l3hit:0.218
4.7.0-strict:cpu_20:0
4.7.0-strict:Write:14353.084
4.7.0-strict:cpu_12:37.94
4.7.0-strict:enp4s0f0_tx_packets:0
4.7.0-strict:cpu_11:86.384
4.7.0-strict:cpu_27:76.286
4.7.0-strict:cpu_25:72.994
4.7.0-strict:SKT1_l2miss:490200000
4.7.0-strict:SKT1_l3hit:0.28
4.7.0-strict:enp4s0f1_rx_bytes:0
4.7.0-strict:Read:14476.454
4.7.0-strict:cpu_15:79.604
4.7.0-strict:enp4s0f1_rx_packets:0
4.7.0-strict:cpu_24:0.194
4.7.0-strict:cpu_3:90.88
4.7.0-strict:Total_tx_packets:294161.6
4.7.0-strict:Total_rx_packets_phy:836405.8
4.7.0-strict:cpu_14:35.866
4.7.0-strict:enp130s0f1_tx_packets:0
4.7.0-strict:TOTAL_l3mpi:0.02
4.7.0-strict:enp130s0f0_rx_bytes_phy:6582096883.4
4.7.0-strict:enp130s0f0_tx_queue_stopped:503.4
4.7.0-strict:SKT0_l2mpi:0.084
4.7.0-strict:cpu_2:42.976
4.7.0-strict:enp4s0f1_tx_bytes_phy:0
4.7.0-strict:enp130s0f0_tx_packets_phy:750843.8
4.7.0-strict:enp130s0f1_rx_packets:0
4.7.0-strict:Total_rx_packets:306269.8
4.7.0-strict:SKT0_l2hit:0.162
4.7.0-strict:enp4s0f0_tx_queue_stopped:0
4.7.0-strict:enp130s0f0_rx_bytes:5878599434.2
4.7.0-strict:cpu_13:84.076
4.7.0-strict:enp130s0f1_rx_bytes_phy:0
4.7.0-strict:enp130s0f0_tx_bytes:5168430968.8
4.7.0-strict:enp4s0f0_rx_packets:0
4.7.0-strict:enp4s0f0_tx_bytes_phy:0
4.7.0-strict:enp130s0f1_rx_packets_phy:0
4.7.0-strict:enp130s0f1_tx_packets_phy:0
4.7.0-strict:enp4s0f1_tx_packets_phy:0
4.7.0-strict:enp4s0f1_tx_packets:0
4.7.0-strict:cpu_18:0.328
4.7.0-strict:enp4s0f1_tx_queue_stopped:0
4.7.0-strict:cpu_6:36.122
4.7.0-strict:enp130s0f1_rx_bytes:0
4.7.0-strict:enp130s0f1_tx_bytes_phy:0
4.7.0-strict:enp4s0f1_rx_bytes_phy:0
4.7.0-strict:cpu_0:37.3
4.7.0-strict:Total_tx_packets_phy:750843.8
4.7.0-strict:TOTAL_l3miss:643000000
4.7.0-strict:Total_tx_bytes:5168430968.8
4.7.0-strict:cpu_19:70.86
4.7.0-strict:enp130s0f0_tx_bytes_phy:5160679288
4.7.0-strict:enp130s0f0_rx_packets_phy:836405.8
4.7.0-strict:cpu_7:84.458
4.7.0-strict:TOTAL_ipc:0.308
4.7.0-strict:enp4s0f0_tx_bytes:0
4.7.0-strict:TOTAL_l2miss:819800000
4.7.0-strict:enp4s0f0_rx_bytes:0
4.7.0-strict:enp4s0f0_rx_packets_phy:0
4.7.0-strict:iops:26188
4.7.0-strict:SKT1_l3miss:352600000
4.7.0-strict:cpu_22:0
4.7.0-unsafe:enp130s0f1_rx_bytes:0
4.7.0-unsafe:enp4s0f1_rx_bytes_phy:0
4.7.0-unsafe:enp130s0f1_tx_bytes_phy:0
4.7.0-unsafe:cpu_6:49.122
4.7.0-unsafe:cpu_0:47.762
4.7.0-unsafe:enp4s0f0_rx_packets:0
4.7.0-unsafe:enp4s0f0_tx_bytes_phy:0
4.7.0-unsafe:enp130s0f1_rx_packets_phy:0
4.7.0-unsafe:enp130s0f1_tx_packets_phy:0
4.7.0-unsafe:enp130s0f0_tx_bytes:7674719138.8
4.7.0-unsafe:enp4s0f1_tx_queue_stopped:0
4.7.0-unsafe:enp4s0f1_tx_packets_phy:0
4.7.0-unsafe:cpu_18:0.388
4.7.0-unsafe:enp4s0f1_tx_packets:0
4.7.0-unsafe:cpu_13:74.068
4.7.0-unsafe:enp130s0f1_rx_bytes_phy:0
4.7.0-unsafe:enp130s0f1_rx_packets:0
4.7.0-unsafe:enp130s0f0_tx_packets_phy:1144349
4.7.0-unsafe:enp130s0f0_rx_bytes:10387168348.2
4.7.0-unsafe:enp4s0f0_tx_queue_stopped:0
4.7.0-unsafe:Total_rx_packets:976355.2
4.7.0-unsafe:SKT0_l2hit:0.216
4.7.0-unsafe:iops:40802.2
4.7.0-unsafe:SKT1_l3miss:622600000
4.7.0-unsafe:enp4s0f0_rx_packets_phy:0
4.7.0-unsafe:cpu_22:0
4.7.0-unsafe:TOTAL_l2miss:1539800000
4.7.0-unsafe:enp4s0f0_tx_bytes:0
4.7.0-unsafe:TOTAL_ipc:0.334
4.7.0-unsafe:enp4s0f0_rx_bytes:0
4.7.0-unsafe:enp130s0f0_rx_packets_phy:1543682.8
4.7.0-unsafe:enp130s0f0_tx_bytes_phy:7679493606.8
4.7.0-unsafe:cpu_7:77.204
4.7.0-unsafe:Total_tx_packets_phy:1144349
4.7.0-unsafe:TOTAL_l3miss:1292800000
4.7.0-unsafe:Total_tx_bytes:7674719138.8
4.7.0-unsafe:cpu_19:36.84
4.7.0-unsafe:cpu_17:32.75
4.7.0-unsafe:cpu_9:77.976
4.7.0-unsafe:Total_tx_bytes_phy:7679493606.8
4.7.0-unsafe:cpu_4:46.988
4.7.0-unsafe:SKT1_l2mpi:0.026
4.7.0-unsafe:cpu_8:48.93
4.7.0-unsafe:cpu_10:47.368
4.7.0-unsafe:SKT1_l3mpi:0.02
4.7.0-unsafe:Total_rx_bytes_phy:10471228070.8
4.7.0-unsafe:cpu_total:43.874
4.7.0-unsafe:cpu_23:39.176
4.7.0-unsafe:cpu_26:0
4.7.0-unsafe:SKT1_ipc:0.404
4.7.0-unsafe:SKT0_l3hit:0.1
4.7.0-unsafe:SKT0_ipc:0.216
4.7.0-unsafe:enp4s0f0_rx_bytes_phy:0
4.7.0-unsafe:cpu_5:78.946
4.7.0-unsafe:cpu_16:0.388
4.7.0-unsafe:Memory:61364.786
4.7.0-unsafe:enp4s0f1_tx_bytes:0
4.7.0-unsafe:SKT1_l2hit:0.296
4.7.0-unsafe:TOTAL_l2hit:0.258
4.7.0-unsafe:enp4s0f0_tx_packets_phy:0
4.7.0-unsafe:SKT0_l2miss:741800000
4.7.0-unsafe:Total_rx_bytes:10387168348.2
4.7.0-unsafe:SKT0_l3miss:669400000
4.7.0-unsafe:enp130s0f1_tx_bytes:0
4.7.0-unsafe:cpu_21:36.842
4.7.0-unsafe:enp4s0f1_rx_packets_phy:0
4.7.0-unsafe:enp130s0f0_rx_packets:976355.2
4.7.0-unsafe:Total_rx_packets_phy:1543682.8
4.7.0-unsafe:cpu_14:47.76
4.7.0-unsafe:enp4s0f1_rx_packets:0
4.7.0-unsafe:cpu_24:0
4.7.0-unsafe:cpu_3:77.978
4.7.0-unsafe:Total_tx_packets:800658.8
4.7.0-unsafe:SKT0_l2mpi:0.07
4.7.0-unsafe:cpu_2:47.762
4.7.0-unsafe:enp4s0f1_tx_bytes_phy:0
4.7.0-unsafe:TOTAL_l3mpi:0.03
4.7.0-unsafe:enp130s0f1_tx_packets:0
4.7.0-unsafe:enp130s0f0_rx_bytes_phy:10471228070.8
4.7.0-unsafe:enp130s0f0_tx_queue_stopped:0
4.7.0-unsafe:cpu_25:38.792
4.7.0-unsafe:cpu_27:35.48
4.7.0-unsafe:cpu_15:74.262
4.7.0-unsafe:Read:30482.01
4.7.0-unsafe:SKT1_l2miss:797400000
4.7.0-unsafe:enp4s0f1_rx_bytes:0
4.7.0-unsafe:SKT1_l3hit:0.218
4.7.0-unsafe:enp4s0f0_tx_packets:0
4.7.0-unsafe:Write:30882.778
4.7.0-unsafe:cpu_12:46.778
4.7.0-unsafe:cpu_11:74.858
4.7.0-unsafe:enp130s0f1_tx_queue_stopped:0
4.7.0-unsafe:SKT0_l3mpi:0.066
4.7.0-unsafe:TOTAL_l2mpi:0.04
4.7.0-unsafe:cpu_1:89.664
4.7.0-unsafe:enp130s0f0_tx_packets:800658.8
4.7.0-unsafe:cpu_20:0.388
4.7.0-unsafe:TOTAL_l3hit:0.16
4.7.0-unsafe:Total_tx_queue_stopped:0
