4.7.0-damn-ne-strict:SKT0_l3mpi:0.0660714285714286
4.7.0-damn-ne-strict:cpu_23:48.0564285714286
4.7.0-damn-ne-strict:TOTAL_l2hit:0.326428571428571
4.7.0-damn-ne-strict:cpu_7:53.7846428571428
4.7.0-damn-ne-strict:enp4s0f0_tx_packets:0
4.7.0-damn-ne-strict:16384:87380
4.7.0-damn-ne-strict:Read:33976.4014285714
4.7.0-damn-ne-strict:cpu_16:26.025
4.7.0-damn-ne-strict:TOTAL_l2miss:1952214285.71429
4.7.0-damn-ne-strict:enp130s0f0_tx_packets_phy:1277431.85714286
4.7.0-damn-ne-strict:cpu_25:49.07
4.7.0-damn-ne-strict:Total_rx_packets_phy:1645231
4.7.0-damn-ne-strict:enp4s0f1_rx_packets_phy:0
4.7.0-damn-ne-strict:enp130s0f1_tx_queue_stopped:0
4.7.0-damn-ne-strict:instructions:51196601604.3929
4.7.0-damn-ne-strict:enp130s0f0_tx_bytes:5751752706.42857
4.7.0-damn-ne-strict:SKT1_l2mpi:0.0296428571428572
4.7.0-damn-ne-strict:enp130s0f0_tx_queue_stopped:0
4.7.0-damn-ne-strict:TOTAL_ipc:0.353214285714286
4.7.0-damn-ne-strict:enp4s0f1_tx_packets_phy:0
4.7.0-damn-ne-strict:enp4s0f1_rx_bytes:0
4.7.0-damn-ne-strict:enp130s0f0_rx_packets_phy:853798.178571429
4.7.0-damn-ne-strict:enp4s0f1_tx_queue_stopped:0
4.7.0-damn-ne-strict:LLC-load:1450118904.28571
4.7.0-damn-ne-strict:enp4s0f0_tx_queue_stopped:0
4.7.0-damn-ne-strict:enp4s0f1_rx_packets:0
4.7.0-damn-ne-strict:cpu_1:54.3585714285714
4.7.0-damn-ne-strict:enp130s0f0_rx_bytes:5764398956.71429
4.7.0-damn-ne-strict:Write:22994.5610714286
4.7.0-damn-ne-strict:cpu_15:53.7657142857143
4.7.0-damn-ne-strict:Total_rx_bytes_phy:10668996092.3571
4.7.0-damn-ne-strict:cpu_18:26.6896428571429
4.7.0-damn-ne-strict:TOTAL_l3hit:0.266071428571428
4.7.0-damn-ne-strict:cpu_total:39.8067857142857
4.7.0-damn-ne-strict:LLC-store-misses:184833822.642857
4.7.0-damn-ne-strict:cpu_22:26.8989285714286
4.7.0-damn-ne-strict:enp130s0f0_rx_bytes_phy:5787025771.39286
4.7.0-damn-ne-strict:enp4s0f1_tx_packets:0
4.7.0-damn-ne-strict:cpu_17:49.6928571428571
4.7.0-damn-ne-strict:Total_tx_bytes:10541101102.4643
4.7.0-damn-ne-strict:TOTAL_l3mpi:0.03
4.7.0-damn-ne-strict:SKT0_l3hit:0.180357142857143
4.7.0-damn-ne-strict:cpu_4:29.1675
4.7.0-damn-ne-strict:SKT0_ipc:0.2175
4.7.0-damn-ne-strict:TOTAL_l2mpi:0.04
4.7.0-damn-ne-strict:cpu_20:26.3042857142857
4.7.0-damn-ne-strict:enp4s0f1_tx_bytes:0
4.7.0-damn-ne-strict:SKT1_l2hit:0.353571428571428
4.7.0-damn-ne-strict:SKT0_l3miss:718142857.142857
4.7.0-damn-ne-strict:SKT1_l2miss:1075142857.14286
4.7.0-damn-ne-strict:enp4s0f0_tx_bytes:0
4.7.0-damn-ne-strict:cpu_19:47.6742857142857
4.7.0-damn-ne-strict:enp130s0f0_tx_bytes_phy:5781885314.10714
4.7.0-damn-ne-strict:enp130s0f0_tx_packets:314893.035714286
4.7.0-damn-ne-strict:cpu_21:48.5142857142857
4.7.0-damn-ne-strict:cpu_13:53.4725
4.7.0-damn-ne-strict:SKT1_ipc:0.423571428571429
4.7.0-damn-ne-strict:cpu_27:55.1592857142857
4.7.0-damn-ne-strict:LLC-store:1776842241.10714
4.7.0-damn-ne-strict:cpu_26:28.2589285714286
4.7.0-damn-ne-strict:cpu_6:27.4196428571429
4.7.0-damn-ne-strict:enp130s0f1_tx_packets_phy:742920.928571429
4.7.0-damn-ne-strict:enp130s0f1_tx_bytes:4789348396.03571
4.7.0-damn-ne-strict:SKT0_l2hit:0.286428571428571
4.7.0-damn-ne-strict:enp4s0f0_tx_bytes_phy:0
4.7.0-damn-ne-strict:enp4s0f0_rx_bytes_phy:0
4.7.0-damn-ne-strict:enp4s0f0_tx_packets_phy:0
4.7.0-damn-ne-strict:Total_tx_queue_stopped:0
4.7.0-damn-ne-strict:enp130s0f1_rx_packets:606301.571428571
4.7.0-damn-ne-strict:enp4s0f0_rx_bytes:0
4.7.0-damn-ne-strict:enp4s0f1_tx_bytes_phy:0
4.7.0-damn-ne-strict:SKT1_l3miss:713714285.714286
4.7.0-damn-ne-strict:TOTAL_l3miss:1432321428.57143
4.7.0-damn-ne-strict:Total_rx_bytes:10631018279.5
4.7.0-damn-ne-strict:cpu_5:53.5864285714286
4.7.0-damn-ne-strict:cpu_2:29.4575
4.7.0-damn-ne-strict:enp130s0f1_rx_bytes:4866619322.78571
4.7.0-damn-ne-strict:enp130s0f1_tx_packets:282719.214285714
4.7.0-damn-ne-strict:Total_tx_packets_phy:2020352.78571429
4.7.0-damn-ne-strict:enp130s0f1_rx_bytes_phy:4881970320.96429
4.7.0-damn-ne-strict:cpu_0:28.6675
4.7.0-damn-ne-strict:enp4s0f0_rx_packets:0
4.7.0-damn-ne-strict:cpu_3:51.1103571428571
4.7.0-damn-ne-strict:Total_tx_bytes_phy:10574657794.5714
4.7.0-damn-ne-strict:enp4s0f0_rx_packets_phy:0
4.7.0-damn-ne-strict:cpu_12:29.1692857142857
4.7.0-damn-ne-strict:cache-references:5390626545.25
4.7.0-damn-ne-strict:enp130s0f1_rx_packets_phy:791432.821428571
4.7.0-damn-ne-strict:Total_tx_packets:597612.25
4.7.0-damn-ne-strict:cpu_8:28.0503571428571
4.7.0-damn-ne-strict:SKT1_l3mpi:0.02
4.7.0-damn-ne-strict:enp130s0f0_rx_packets:561667.964285714
4.7.0-damn-ne-strict:cpu_14:28.3346428571429
4.7.0-damn-ne-strict:cpu_9:54.5985714285714
4.7.0-damn-ne-strict:enp4s0f1_rx_bytes_phy:0
4.7.0-damn-ne-strict:cycles:144941877071.179
4.7.0-damn-ne-strict:enp130s0f1_tx_bytes_phy:4792772480.46429
4.7.0-damn-ne-strict:Total_rx_packets:1167969.53571429
4.7.0-damn-ne-strict:cpu_10:27.9778571428571
4.7.0-damn-ne-strict:Memory:56970.9635714286
4.7.0-damn-ne-strict:cache-misses:1424301459.14286
4.7.0-damn-ne-strict:SKT1_l3hit:0.335714285714286
4.7.0-damn-ne-strict:cpu_24:27.4578571428571
4.7.0-damn-ne-strict:cpu_11:51.8728571428571
4.7.0-damn-ne-strict:SKT0_l2miss:876535714.285714
4.7.0-damn-ne-strict:SKT0_l2mpi:0.0810714285714286
4.7.0-damn-ne-strict:LLC-load-misses:634259190.071429
4.7.0-damn-ne-unsafe:cpu_6:34.6939285714286
4.7.0-damn-ne-unsafe:enp130s0f1_tx_packets_phy:729286.678571429
4.7.0-damn-ne-unsafe:enp130s0f1_tx_bytes:4792296181
4.7.0-damn-ne-unsafe:LLC-store:1961849688.07143
4.7.0-damn-ne-unsafe:cpu_26:34.0621428571429
4.7.0-damn-ne-unsafe:enp130s0f0_tx_packets:348286.178571429
4.7.0-damn-ne-unsafe:cpu_21:51.9110714285714
4.7.0-damn-ne-unsafe:SKT1_ipc:0.406428571428572
4.7.0-damn-ne-unsafe:cpu_13:58.8814285714286
4.7.0-damn-ne-unsafe:cpu_27:57.9667857142857
4.7.0-damn-ne-unsafe:SKT1_l2miss:1159392857.14286
4.7.0-damn-ne-unsafe:enp4s0f0_tx_bytes:0
4.7.0-damn-ne-unsafe:SKT0_l3miss:808785714.285714
4.7.0-damn-ne-unsafe:cpu_19:52.535
4.7.0-damn-ne-unsafe:enp130s0f0_tx_bytes_phy:5992269174.21429
4.7.0-damn-ne-unsafe:enp4s0f1_tx_bytes:0
4.7.0-damn-ne-unsafe:cpu_20:29.8982142857143
4.7.0-damn-ne-unsafe:SKT1_l2hit:0.347142857142857
4.7.0-damn-ne-unsafe:SKT0_ipc:0.207857142857143
4.7.0-damn-ne-unsafe:cpu_4:30.5932142857143
4.7.0-damn-ne-unsafe:TOTAL_l2mpi:0.04
4.7.0-damn-ne-unsafe:TOTAL_l3mpi:0.03
4.7.0-damn-ne-unsafe:SKT0_l3hit:0.188571428571429
4.7.0-damn-ne-unsafe:cpu_17:54.0278571428571
4.7.0-damn-ne-unsafe:Total_tx_bytes:10761553667.0714
4.7.0-damn-ne-unsafe:enp4s0f1_tx_packets:0
4.7.0-damn-ne-unsafe:cpu_22:31.0853571428572
4.7.0-damn-ne-unsafe:LLC-store-misses:194832646.321429
4.7.0-damn-ne-unsafe:enp130s0f0_rx_bytes_phy:7942200073
4.7.0-damn-ne-unsafe:TOTAL_l3hit:0.267142857142857
4.7.0-damn-ne-unsafe:cpu_total:44.6860714285714
4.7.0-damn-ne-unsafe:cpu_18:30.4821428571429
4.7.0-damn-ne-unsafe:enp130s0f0_rx_bytes:7908414246.71429
4.7.0-damn-ne-unsafe:Total_rx_bytes_phy:12920633185.2857
4.7.0-damn-ne-unsafe:Write:25600.6846428571
4.7.0-damn-ne-unsafe:cpu_15:59.7057142857143
4.7.0-damn-ne-unsafe:enp4s0f0_tx_queue_stopped:0
4.7.0-damn-ne-unsafe:enp4s0f1_rx_packets:0
4.7.0-damn-ne-unsafe:cpu_1:64.1121428571429
4.7.0-damn-ne-unsafe:enp4s0f1_tx_queue_stopped:0
4.7.0-damn-ne-unsafe:LLC-load:1613794347.21429
4.7.0-damn-ne-unsafe:enp130s0f0_tx_bytes:5969257486.07143
4.7.0-damn-ne-unsafe:SKT1_l2mpi:0.03
4.7.0-damn-ne-unsafe:enp130s0f0_tx_queue_stopped:0
4.7.0-damn-ne-unsafe:enp4s0f1_tx_packets_phy:0
4.7.0-damn-ne-unsafe:TOTAL_ipc:0.335714285714286
4.7.0-damn-ne-unsafe:enp4s0f1_rx_bytes:0
4.7.0-damn-ne-unsafe:enp130s0f0_rx_packets_phy:1119947.53571429
4.7.0-damn-ne-unsafe:instructions:53866056872
4.7.0-damn-ne-unsafe:enp130s0f1_tx_queue_stopped:0
4.7.0-damn-ne-unsafe:Total_rx_packets_phy:1924459.42857143
4.7.0-damn-ne-unsafe:enp130s0f0_tx_packets_phy:1209644.21428571
4.7.0-damn-ne-unsafe:cpu_25:55.4432142857143
4.7.0-damn-ne-unsafe:enp4s0f1_rx_packets_phy:0
4.7.0-damn-ne-unsafe:TOTAL_l2miss:2156892857.14286
4.7.0-damn-ne-unsafe:16384:87380
4.7.0-damn-ne-unsafe:cpu_16:29.4021428571429
4.7.0-damn-ne-unsafe:Read:35806.5657142857
4.7.0-damn-ne-unsafe:enp4s0f0_tx_packets:0
4.7.0-damn-ne-unsafe:TOTAL_l2hit:0.318571428571429
4.7.0-damn-ne-unsafe:cpu_23:50.1110714285714
4.7.0-damn-ne-unsafe:cpu_7:62.0535714285714
4.7.0-damn-ne-unsafe:SKT0_l3mpi:0.0692857142857143
4.7.0-damn-ne-unsafe:LLC-load-misses:720901319.142857
4.7.0-damn-ne-unsafe:SKT0_l2miss:997000000
4.7.0-damn-ne-unsafe:SKT0_l2mpi:0.085
4.7.0-damn-ne-unsafe:cpu_11:58.4042857142857
4.7.0-damn-ne-unsafe:cpu_24:30.585
4.7.0-damn-ne-unsafe:SKT1_l3hit:0.333928571428571
4.7.0-damn-ne-unsafe:cache-misses:1575307133.42857
4.7.0-damn-ne-unsafe:cpu_10:32.3003571428571
4.7.0-damn-ne-unsafe:Memory:61407.2510714286
4.7.0-damn-ne-unsafe:enp130s0f1_tx_bytes_phy:4795277883.42857
4.7.0-damn-ne-unsafe:Total_rx_packets:1282034.78571429
4.7.0-damn-ne-unsafe:enp4s0f1_rx_bytes_phy:0
4.7.0-damn-ne-unsafe:cycles:160335421515.179
4.7.0-damn-ne-unsafe:cpu_9:61.9521428571429
4.7.0-damn-ne-unsafe:cpu_14:32.5346428571429
4.7.0-damn-ne-unsafe:SKT1_l3mpi:0.02
4.7.0-damn-ne-unsafe:enp130s0f0_rx_packets:687021.392857143
4.7.0-damn-ne-unsafe:cpu_8:29.8210714285714
4.7.0-damn-ne-unsafe:enp130s0f1_rx_packets_phy:804511.892857143
4.7.0-damn-ne-unsafe:Total_tx_packets:623754.142857143
4.7.0-damn-ne-unsafe:cpu_12:31.3932142857143
4.7.0-damn-ne-unsafe:cache-references:5947401108.67857
4.7.0-damn-ne-unsafe:Total_tx_bytes_phy:10787547057.6429
4.7.0-damn-ne-unsafe:enp4s0f0_rx_packets_phy:0
4.7.0-damn-ne-unsafe:cpu_3:61.5510714285714
4.7.0-damn-ne-unsafe:enp4s0f0_rx_packets:0
4.7.0-damn-ne-unsafe:enp130s0f1_rx_bytes_phy:4978433112.28571
4.7.0-damn-ne-unsafe:cpu_0:33.3814285714286
4.7.0-damn-ne-unsafe:enp130s0f1_rx_bytes:4961450312.57143
4.7.0-damn-ne-unsafe:enp130s0f1_tx_packets:275467.964285714
4.7.0-damn-ne-unsafe:Total_tx_packets_phy:1938930.89285714
4.7.0-damn-ne-unsafe:cpu_5:61.1964285714286
4.7.0-damn-ne-unsafe:Total_rx_bytes:12869864559.2857
4.7.0-damn-ne-unsafe:cpu_2:30.7953571428571
4.7.0-damn-ne-unsafe:SKT1_l3miss:771321428.571429
4.7.0-damn-ne-unsafe:TOTAL_l3miss:1580642857.14286
4.7.0-damn-ne-unsafe:enp4s0f1_tx_bytes_phy:0
4.7.0-damn-ne-unsafe:enp4s0f0_rx_bytes:0
4.7.0-damn-ne-unsafe:enp130s0f1_rx_packets:595013.392857143
4.7.0-damn-ne-unsafe:enp4s0f0_tx_packets_phy:0
4.7.0-damn-ne-unsafe:enp4s0f0_rx_bytes_phy:0
4.7.0-damn-ne-unsafe:Total_tx_queue_stopped:0
4.7.0-damn-ne-unsafe:SKT0_l2hit:0.277857142857143
4.7.0-damn-ne-unsafe:enp4s0f0_tx_bytes_phy:0
4.7.0-damn-strict:LLC-load:1441021173.46429
4.7.0-damn-strict:enp4s0f1_tx_queue_stopped:0
4.7.0-damn-strict:cpu_1:55.3125
4.7.0-damn-strict:enp4s0f1_rx_packets:0
4.7.0-damn-strict:enp4s0f0_tx_queue_stopped:0
4.7.0-damn-strict:Write:23010.6225
4.7.0-damn-strict:Total_rx_bytes_phy:10725793946.3214
4.7.0-damn-strict:cpu_15:52.1767857142857
4.7.0-damn-strict:enp130s0f0_rx_bytes:5812452108.35714
4.7.0-damn-strict:cpu_18:25.3867857142857
4.7.0-damn-strict:cpu_total:39.2575
4.7.0-damn-strict:TOTAL_l3hit:0.267142857142857
4.7.0-damn-strict:enp130s0f0_rx_bytes_phy:5836193418.32143
4.7.0-damn-strict:LLC-store-misses:182716691.857143
4.7.0-damn-strict:cpu_22:26.1142857142857
4.7.0-damn-strict:enp4s0f1_tx_packets:0
4.7.0-damn-strict:Total_tx_bytes:10504889345.9286
4.7.0-damn-strict:cpu_17:47.6217857142857
4.7.0-damn-strict:SKT0_l3hit:0.180357142857143
4.7.0-damn-strict:TOTAL_l3mpi:0.03
4.7.0-damn-strict:TOTAL_l2mpi:0.04
4.7.0-damn-strict:SKT0_ipc:0.215
4.7.0-damn-strict:cpu_4:26.6717857142857
4.7.0-damn-strict:SKT1_l2hit:0.3575
4.7.0-damn-strict:enp4s0f1_tx_bytes:0
4.7.0-damn-strict:cpu_20:25.7996428571429
4.7.0-damn-strict:enp130s0f0_tx_bytes_phy:5750141896.89286
4.7.0-damn-strict:SKT1_l2miss:1077892857.14286
4.7.0-damn-strict:cpu_19:46.6410714285714
4.7.0-damn-strict:SKT0_l3miss:704035714.285714
4.7.0-damn-strict:enp4s0f0_tx_bytes:0
4.7.0-damn-strict:SKT1_ipc:0.425714285714286
4.7.0-damn-strict:cpu_13:51.8096428571429
4.7.0-damn-strict:cpu_27:56.3682142857143
4.7.0-damn-strict:cpu_21:47.6607142857143
4.7.0-damn-strict:enp130s0f0_tx_packets:314969.75
4.7.0-damn-strict:cpu_26:26.6735714285714
4.7.0-damn-strict:LLC-store:1778347780.78571
4.7.0-damn-strict:enp130s0f1_tx_bytes:4785322586.82143
4.7.0-damn-strict:enp130s0f1_tx_packets_phy:738128.142857143
4.7.0-damn-strict:cpu_6:29.0964285714286
4.7.0-damn-strict:SKT0_l3mpi:0.0682142857142858
4.7.0-damn-strict:cpu_7:54.2292857142857
4.7.0-damn-strict:cpu_23:50.1767857142857
4.7.0-damn-strict:TOTAL_l2hit:0.327857142857143
4.7.0-damn-strict:enp4s0f0_tx_packets:0
4.7.0-damn-strict:cpu_16:24.8567857142857
4.7.0-damn-strict:Read:33853.7639285714
4.7.0-damn-strict:16384:87380
4.7.0-damn-strict:TOTAL_l2miss:1936714285.71429
4.7.0-damn-strict:enp4s0f1_rx_packets_phy:0
4.7.0-damn-strict:enp130s0f0_tx_packets_phy:1272171.14285714
4.7.0-damn-strict:Total_rx_packets_phy:1649674.89285714
4.7.0-damn-strict:cpu_25:47.2785714285714
4.7.0-damn-strict:enp130s0f1_tx_queue_stopped:0
4.7.0-damn-strict:instructions:50532219166.3571
4.7.0-damn-strict:enp4s0f1_rx_bytes:0
4.7.0-damn-strict:TOTAL_ipc:0.353571428571428
4.7.0-damn-strict:enp4s0f1_tx_packets_phy:0
4.7.0-damn-strict:enp130s0f0_rx_packets_phy:856626.642857143
4.7.0-damn-strict:SKT1_l2mpi:0.0296428571428572
4.7.0-damn-strict:enp130s0f0_tx_bytes:5719566759.10714
4.7.0-damn-strict:enp130s0f0_tx_queue_stopped:0
4.7.0-damn-strict:Total_tx_packets:594066.214285714
4.7.0-damn-strict:enp130s0f1_rx_packets_phy:793048.25
4.7.0-damn-strict:cpu_8:26.6007142857143
4.7.0-damn-strict:SKT1_l3mpi:0.02
4.7.0-damn-strict:enp130s0f0_rx_packets:557110.285714286
4.7.0-damn-strict:cpu_14:28.0439285714286
4.7.0-damn-strict:cpu_9:53.8517857142857
4.7.0-damn-strict:cycles:142668251386.071
4.7.0-damn-strict:enp4s0f1_rx_bytes_phy:0
4.7.0-damn-strict:Total_rx_packets:1148788.82142857
4.7.0-damn-strict:enp130s0f1_tx_bytes_phy:4788452247.35714
4.7.0-damn-strict:Memory:56864.3882142857
4.7.0-damn-strict:cpu_10:27.7171428571429
4.7.0-damn-strict:SKT1_l3hit:0.3375
4.7.0-damn-strict:cache-misses:1410897309.35714
4.7.0-damn-strict:cpu_24:26.6814285714286
4.7.0-damn-strict:cpu_11:52.9239285714286
4.7.0-damn-strict:SKT0_l2mpi:0.0821428571428572
4.7.0-damn-strict:SKT0_l2miss:858392857.142857
4.7.0-damn-strict:LLC-load-misses:629601530.107143
4.7.0-damn-strict:enp4s0f0_tx_bytes_phy:0
4.7.0-damn-strict:SKT0_l2hit:0.287142857142857
4.7.0-damn-strict:enp4s0f0_rx_bytes_phy:0
4.7.0-damn-strict:enp4s0f0_tx_packets_phy:0
4.7.0-damn-strict:Total_tx_queue_stopped:0
4.7.0-damn-strict:enp130s0f1_rx_packets:591678.535714286
4.7.0-damn-strict:enp4s0f0_rx_bytes:0
4.7.0-damn-strict:enp4s0f1_tx_bytes_phy:0
4.7.0-damn-strict:TOTAL_l3miss:1419178571.42857
4.7.0-damn-strict:SKT1_l3miss:714607142.857143
4.7.0-damn-strict:cpu_2:25.8389285714286
4.7.0-damn-strict:cpu_5:48.9528571428571
4.7.0-damn-strict:Total_rx_bytes:10685862460.6071
4.7.0-damn-strict:Total_tx_packets_phy:2010299.28571429
4.7.0-damn-strict:enp130s0f1_tx_packets:279096.464285714
4.7.0-damn-strict:enp130s0f1_rx_bytes:4873410352.25
4.7.0-damn-strict:cpu_0:31.2971428571429
4.7.0-damn-strict:enp130s0f1_rx_bytes_phy:4889600528
4.7.0-damn-strict:enp4s0f0_rx_packets:0
4.7.0-damn-strict:cpu_3:55.3196428571429
4.7.0-damn-strict:Total_tx_bytes_phy:10538594144.25
4.7.0-damn-strict:enp4s0f0_rx_packets_phy:0
4.7.0-damn-strict:cache-references:5374288709.82143
4.7.0-damn-strict:cpu_12:28.6389285714286
4.7.0-damnn-hp-strict:Write:23103.9866666667
4.7.0-damnn-hp-strict:cpu_15:52.9409523809524
4.7.0-damnn-hp-strict:Total_rx_bytes_phy:11023473264.2857
4.7.0-damnn-hp-strict:enp130s0f0_rx_bytes:6067132995.61905
4.7.0-damnn-hp-strict:cpu_18:29.1309523809524
4.7.0-damnn-hp-strict:LLC-load:1453959905.04762
4.7.0-damnn-hp-strict:enp4s0f1_tx_queue_stopped:0
4.7.0-damnn-hp-strict:cpu_1:51.6804761904762
4.7.0-damnn-hp-strict:enp4s0f1_rx_packets:0
4.7.0-damnn-hp-strict:enp4s0f0_tx_queue_stopped:0
4.7.0-damnn-hp-strict:enp4s0f1_tx_packets:0
4.7.0-damnn-hp-strict:Total_tx_bytes:10398883288.5714
4.7.0-damnn-hp-strict:cpu_17:45.4728571428571
4.7.0-damnn-hp-strict:cpu_total:38.3366666666667
4.7.0-damnn-hp-strict:TOTAL_l3hit:0.271904761904762
4.7.0-damnn-hp-strict:enp130s0f0_rx_bytes_phy:6091623940.95238
4.7.0-damnn-hp-strict:cpu_22:26.0971428571429
4.7.0-damnn-hp-strict:LLC-store-misses:174172720.714286
4.7.0-damnn-hp-strict:TOTAL_l2mpi:0.04
4.7.0-damnn-hp-strict:SKT0_ipc:0.218571428571429
4.7.0-damnn-hp-strict:cpu_4:26.5642857142857
4.7.0-damnn-hp-strict:SKT1_l2hit:0.36
4.7.0-damnn-hp-strict:cpu_20:26.89
4.7.0-damnn-hp-strict:enp4s0f1_tx_bytes:0
4.7.0-damnn-hp-strict:SKT0_l3hit:0.184761904761905
4.7.0-damnn-hp-strict:TOTAL_l3mpi:0.03
4.7.0-damnn-hp-strict:cpu_26:24.4171428571429
4.7.0-damnn-hp-strict:LLC-store:1767592065.2381
4.7.0-damnn-hp-strict:enp130s0f1_tx_bytes:4751646390.14286
4.7.0-damnn-hp-strict:enp130s0f1_tx_packets_phy:730445.380952381
4.7.0-damnn-hp-strict:cpu_6:28.2447619047619
4.7.0-damnn-hp-strict:enp130s0f0_tx_bytes_phy:5676776766.57143
4.7.0-damnn-hp-strict:SKT1_l2miss:1055047619.04762
4.7.0-damnn-hp-strict:SKT0_l3miss:715952380.952381
4.7.0-damnn-hp-strict:cpu_19:47.6657142857143
4.7.0-damnn-hp-strict:enp4s0f0_tx_bytes:0
4.7.0-damnn-hp-strict:cpu_27:52.4271428571428
4.7.0-damnn-hp-strict:SKT1_ipc:0.43047619047619
4.7.0-damnn-hp-strict:cpu_13:50.6071428571428
4.7.0-damnn-hp-strict:enp130s0f0_tx_packets:320142.714285714
4.7.0-damnn-hp-strict:cpu_21:47.1985714285714
4.7.0-damnn-hp-strict:cpu_7:52.4742857142857
4.7.0-damnn-hp-strict:TOTAL_l2hit:0.33047619047619
4.7.0-damnn-hp-strict:cpu_23:50.6533333333333
4.7.0-damnn-hp-strict:enp4s0f0_tx_packets:0
4.7.0-damnn-hp-strict:SKT0_l3mpi:0.0661904761904762
4.7.0-damnn-hp-strict:cpu_16:28.1504761904762
4.7.0-damnn-hp-strict:Read:33519.6304761905
4.7.0-damnn-hp-strict:16384:87380
4.7.0-damnn-hp-strict:TOTAL_l2miss:1934809523.80952
4.7.0-damnn-hp-strict:enp4s0f1_rx_packets_phy:0
4.7.0-damnn-hp-strict:cpu_25:47.4795238095238
4.7.0-damnn-hp-strict:Total_rx_packets_phy:1679142.28571429
4.7.0-damnn-hp-strict:enp130s0f0_tx_packets_phy:1256967.28571429
4.7.0-damnn-hp-strict:TOTAL_ipc:0.356666666666667
4.7.0-damnn-hp-strict:enp130s0f0_rx_packets_phy:884819.142857143
4.7.0-damnn-hp-strict:enp4s0f1_rx_bytes:0
4.7.0-damnn-hp-strict:enp4s0f1_tx_packets_phy:0
4.7.0-damnn-hp-strict:enp130s0f0_tx_bytes:5647236898.42857
4.7.0-damnn-hp-strict:SKT1_l2mpi:0.0295238095238095
4.7.0-damnn-hp-strict:enp130s0f0_tx_queue_stopped:0
4.7.0-damnn-hp-strict:enp130s0f1_tx_queue_stopped:0
4.7.0-damnn-hp-strict:instructions:49994998084.0952
4.7.0-damnn-hp-strict:cpu_14:27.5447619047619
4.7.0-damnn-hp-strict:cpu_9:49.1133333333333
4.7.0-damnn-hp-strict:enp130s0f1_rx_packets_phy:794323.142857143
4.7.0-damnn-hp-strict:Total_tx_packets:597314.809523809
4.7.0-damnn-hp-strict:cpu_8:26.4704761904762
4.7.0-damnn-hp-strict:SKT1_l3mpi:0.02
4.7.0-damnn-hp-strict:enp130s0f0_rx_packets:575166.904761905
4.7.0-damnn-hp-strict:Total_rx_packets:1173566.0952381
4.7.0-damnn-hp-strict:enp130s0f1_tx_bytes_phy:4754662592.57143
4.7.0-damnn-hp-strict:Memory:56623.6161904762
4.7.0-damnn-hp-strict:cpu_10:27.5442857142857
4.7.0-damnn-hp-strict:cycles:139968208891.619
4.7.0-damnn-hp-strict:enp4s0f1_rx_bytes_phy:0
4.7.0-damnn-hp-strict:cpu_11:50.0004761904762
4.7.0-damnn-hp-strict:SKT0_l2mpi:0.0838095238095238
4.7.0-damnn-hp-strict:SKT0_l2miss:879333333.333333
4.7.0-damnn-hp-strict:cache-misses:1404580842.09524
4.7.0-damnn-hp-strict:SKT1_l3hit:0.344761904761905
4.7.0-damnn-hp-strict:cpu_24:23.9966666666667
4.7.0-damnn-hp-strict:LLC-load-misses:633998879.952381
4.7.0-damnn-hp-strict:enp4s0f0_rx_bytes_phy:0
4.7.0-damnn-hp-strict:Total_tx_queue_stopped:0
4.7.0-damnn-hp-strict:enp4s0f0_tx_packets_phy:0
4.7.0-damnn-hp-strict:enp4s0f0_tx_bytes_phy:0
4.7.0-damnn-hp-strict:SKT0_l2hit:0.289047619047619
4.7.0-damnn-hp-strict:enp4s0f1_tx_bytes_phy:0
4.7.0-damnn-hp-strict:TOTAL_l3miss:1408809523.80952
4.7.0-damnn-hp-strict:SKT1_l3miss:692333333.333333
4.7.0-damnn-hp-strict:enp130s0f1_rx_packets:598399.190476191
4.7.0-damnn-hp-strict:enp4s0f0_rx_bytes:0
4.7.0-damnn-hp-strict:cpu_0:28.3371428571429
4.7.0-damnn-hp-strict:enp130s0f1_rx_bytes_phy:4931849323.33333
4.7.0-damnn-hp-strict:cpu_2:26.0038095238095
4.7.0-damnn-hp-strict:cpu_5:49.5328571428571
4.7.0-damnn-hp-strict:Total_rx_bytes:10983175167.6667
4.7.0-damnn-hp-strict:Total_tx_packets_phy:1987412.66666667
4.7.0-damnn-hp-strict:enp130s0f1_tx_packets:277172.095238095
4.7.0-damnn-hp-strict:enp130s0f1_rx_bytes:4916042172.04762
4.7.0-damnn-hp-strict:cache-references:5402666067.85714
4.7.0-damnn-hp-strict:cpu_12:26.9847619047619
4.7.0-damnn-hp-strict:enp4s0f0_rx_packets:0
4.7.0-damnn-hp-strict:cpu_3:49.7209523809524
4.7.0-damnn-hp-strict:enp4s0f0_rx_packets_phy:0
4.7.0-damnn-hp-strict:Total_tx_bytes_phy:10431439359.1429
4.7.0-damnn-hpne-strict:SKT1_l3hit:0.341428571428571
4.7.0-damnn-hpne-strict:cache-misses:1502279316.89286
4.7.0-damnn-hpne-strict:cpu_24:28.5542857142857
4.7.0-damnn-hpne-strict:cpu_11:52.6553571428571
4.7.0-damnn-hpne-strict:SKT0_l2mpi:0.085
4.7.0-damnn-hpne-strict:SKT0_l2miss:935785714.285714
4.7.0-damnn-hpne-strict:LLC-load-misses:687416018.285714
4.7.0-damnn-hpne-strict:enp130s0f1_rx_packets_phy:800054.321428571
4.7.0-damnn-hpne-strict:Total_tx_packets:622979.642857143
4.7.0-damnn-hpne-strict:SKT1_l3mpi:0.02
4.7.0-damnn-hpne-strict:cpu_8:30.8964285714286
4.7.0-damnn-hpne-strict:enp130s0f0_rx_packets:641702.892857143
4.7.0-damnn-hpne-strict:cpu_14:28.4482142857143
4.7.0-damnn-hpne-strict:cpu_9:53.9557142857143
4.7.0-damnn-hpne-strict:cycles:151559945952.893
4.7.0-damnn-hpne-strict:enp4s0f1_rx_bytes_phy:0
4.7.0-damnn-hpne-strict:Total_rx_packets:1246484
4.7.0-damnn-hpne-strict:enp130s0f1_tx_bytes_phy:4767033025.96429
4.7.0-damnn-hpne-strict:Memory:59535.9007142857
4.7.0-damnn-hpne-strict:cpu_10:31.0021428571429
4.7.0-damnn-hpne-strict:cpu_2:29.0396428571429
4.7.0-damnn-hpne-strict:Total_rx_bytes:12313376019.2857
4.7.0-damnn-hpne-strict:cpu_5:55.42
4.7.0-damnn-hpne-strict:enp130s0f1_tx_packets:283646.107142857
4.7.0-damnn-hpne-strict:Total_tx_packets_phy:1960392.39285714
4.7.0-damnn-hpne-strict:enp130s0f1_rx_bytes:4955731368.14286
4.7.0-damnn-hpne-strict:cpu_0:29.1832142857143
4.7.0-damnn-hpne-strict:enp130s0f1_rx_bytes_phy:4972150425.75
4.7.0-damnn-hpne-strict:enp4s0f0_rx_packets:0
4.7.0-damnn-hpne-strict:enp4s0f0_rx_packets_phy:0
4.7.0-damnn-hpne-strict:Total_tx_bytes_phy:10675894055.5
4.7.0-damnn-hpne-strict:cpu_3:52.9042857142857
4.7.0-damnn-hpne-strict:cache-references:5773189049.96429
4.7.0-damnn-hpne-strict:cpu_12:28.9689285714286
4.7.0-damnn-hpne-strict:enp4s0f0_tx_bytes_phy:0
4.7.0-damnn-hpne-strict:SKT0_l2hit:0.286071428571429
4.7.0-damnn-hpne-strict:enp4s0f0_rx_bytes_phy:0
4.7.0-damnn-hpne-strict:enp4s0f0_tx_packets_phy:0
4.7.0-damnn-hpne-strict:Total_tx_queue_stopped:0
4.7.0-damnn-hpne-strict:enp130s0f1_rx_packets:604781.107142857
4.7.0-damnn-hpne-strict:enp4s0f0_rx_bytes:0
4.7.0-damnn-hpne-strict:enp4s0f1_tx_bytes_phy:0
4.7.0-damnn-hpne-strict:TOTAL_l3miss:1506214285.71429
4.7.0-damnn-hpne-strict:SKT1_l3miss:748035714.285714
4.7.0-damnn-hpne-strict:SKT0_l3hit:0.190714285714286
4.7.0-damnn-hpne-strict:TOTAL_l3mpi:0.03
4.7.0-damnn-hpne-strict:TOTAL_l2mpi:0.04
4.7.0-damnn-hpne-strict:cpu_4:28.3432142857143
4.7.0-damnn-hpne-strict:SKT0_ipc:0.213928571428571
4.7.0-damnn-hpne-strict:SKT1_l2hit:0.352857142857143
4.7.0-damnn-hpne-strict:enp4s0f1_tx_bytes:0
4.7.0-damnn-hpne-strict:cpu_20:27.5996428571429
4.7.0-damnn-hpne-strict:enp130s0f0_tx_bytes_phy:5908861029.53571
4.7.0-damnn-hpne-strict:cpu_19:53.5396428571429
4.7.0-damnn-hpne-strict:SKT1_l2miss:1136428571.42857
4.7.0-damnn-hpne-strict:SKT0_l3miss:757714285.714286
4.7.0-damnn-hpne-strict:enp4s0f0_tx_bytes:0
4.7.0-damnn-hpne-strict:SKT1_ipc:0.412857142857143
4.7.0-damnn-hpne-strict:cpu_13:57.1014285714286
4.7.0-damnn-hpne-strict:cpu_27:59.6146428571428
4.7.0-damnn-hpne-strict:enp130s0f0_tx_packets:339333.535714286
4.7.0-damnn-hpne-strict:cpu_21:50.4971428571429
4.7.0-damnn-hpne-strict:cpu_26:25.7542857142857
4.7.0-damnn-hpne-strict:LLC-store:1883453121.89286
4.7.0-damnn-hpne-strict:enp130s0f1_tx_bytes:4763671091.10714
4.7.0-damnn-hpne-strict:cpu_6:30.1589285714286
4.7.0-damnn-hpne-strict:enp130s0f1_tx_packets_phy:735112.464285714
4.7.0-damnn-hpne-strict:LLC-load:1561206642.53571
4.7.0-damnn-hpne-strict:enp4s0f1_tx_queue_stopped:0
4.7.0-damnn-hpne-strict:enp4s0f1_rx_packets:0
4.7.0-damnn-hpne-strict:cpu_1:57.5910714285714
4.7.0-damnn-hpne-strict:enp4s0f0_tx_queue_stopped:0
4.7.0-damnn-hpne-strict:Write:24787.3585714286
4.7.0-damnn-hpne-strict:Total_rx_bytes_phy:12361050054.4643
4.7.0-damnn-hpne-strict:cpu_15:56.0853571428571
4.7.0-damnn-hpne-strict:enp130s0f0_rx_bytes:7357644651.14286
4.7.0-damnn-hpne-strict:cpu_18:27.3639285714286
4.7.0-damnn-hpne-strict:cpu_total:41.7189285714286
4.7.0-damnn-hpne-strict:TOTAL_l3hit:0.273571428571429
4.7.0-damnn-hpne-strict:enp130s0f0_rx_bytes_phy:7388899628.71429
4.7.0-damnn-hpne-strict:LLC-store-misses:181285066.107143
4.7.0-damnn-hpne-strict:cpu_22:29.8471428571429
4.7.0-damnn-hpne-strict:enp4s0f1_tx_packets:0
4.7.0-damnn-hpne-strict:Total_tx_bytes:10647946536.75
4.7.0-damnn-hpne-strict:cpu_17:53.1110714285714
4.7.0-damnn-hpne-strict:TOTAL_l2miss:2072821428.57143
4.7.0-damnn-hpne-strict:enp4s0f1_rx_packets_phy:0
4.7.0-damnn-hpne-strict:cpu_25:55.0410714285714
4.7.0-damnn-hpne-strict:Total_rx_packets_phy:1850081.10714286
4.7.0-damnn-hpne-strict:enp130s0f0_tx_packets_phy:1225279.92857143
4.7.0-damnn-hpne-strict:enp130s0f1_tx_queue_stopped:0
4.7.0-damnn-hpne-strict:instructions:52300220064.2143
4.7.0-damnn-hpne-strict:enp130s0f0_rx_packets_phy:1050026.78571429
4.7.0-damnn-hpne-strict:TOTAL_ipc:0.345357142857143
4.7.0-damnn-hpne-strict:enp4s0f1_tx_packets_phy:0
4.7.0-damnn-hpne-strict:enp4s0f1_rx_bytes:0
4.7.0-damnn-hpne-strict:SKT1_l2mpi:0.03
4.7.0-damnn-hpne-strict:enp130s0f0_tx_queue_stopped:0
4.7.0-damnn-hpne-strict:enp130s0f0_tx_bytes:5884275445.64286
4.7.0-damnn-hpne-strict:SKT0_l3mpi:0.0685714285714286
4.7.0-damnn-hpne-strict:cpu_7:55.1353571428571
4.7.0-damnn-hpne-strict:cpu_23:53.0453571428571
4.7.0-damnn-hpne-strict:TOTAL_l2hit:0.324285714285714
4.7.0-damnn-hpne-strict:enp4s0f0_tx_packets:0
4.7.0-damnn-hpne-strict:Read:34748.5392857143
4.7.0-damnn-hpne-strict:cpu_16:27.4296428571429
4.7.0-damnn-hpne-strict:16384:87380
4.7.0-damnn-hpne-unsafe:enp130s0f1_tx_bytes_phy:4770679887.28571
4.7.0-damnn-hpne-unsafe:Total_rx_packets:1248260.04761905
4.7.0-damnn-hpne-unsafe:Memory:60492.53
4.7.0-damnn-hpne-unsafe:cpu_10:28.5571428571429
4.7.0-damnn-hpne-unsafe:enp4s0f1_rx_bytes_phy:0
4.7.0-damnn-hpne-unsafe:cycles:152569094247.714
4.7.0-damnn-hpne-unsafe:cpu_14:29.2138095238095
4.7.0-damnn-hpne-unsafe:cpu_9:57.9604761904762
4.7.0-damnn-hpne-unsafe:Total_tx_packets:619660.761904762
4.7.0-damnn-hpne-unsafe:enp130s0f1_rx_packets_phy:802254.904761905
4.7.0-damnn-hpne-unsafe:SKT1_l3mpi:0.02
4.7.0-damnn-hpne-unsafe:cpu_8:30.2033333333333
4.7.0-damnn-hpne-unsafe:enp130s0f0_rx_packets:655871.523809524
4.7.0-damnn-hpne-unsafe:LLC-load-misses:703698932.761905
4.7.0-damnn-hpne-unsafe:cpu_11:55.6361904761905
4.7.0-damnn-hpne-unsafe:SKT0_l2miss:974666666.666667
4.7.0-damnn-hpne-unsafe:SKT0_l2mpi:0.0871428571428572
4.7.0-damnn-hpne-unsafe:cache-misses:1528268593.71429
4.7.0-damnn-hpne-unsafe:SKT1_l3hit:0.344761904761905
4.7.0-damnn-hpne-unsafe:cpu_24:28.4214285714286
4.7.0-damnn-hpne-unsafe:enp4s0f1_tx_bytes_phy:0
4.7.0-damnn-hpne-unsafe:SKT1_l3miss:743142857.142857
4.7.0-damnn-hpne-unsafe:TOTAL_l3miss:1532809523.80952
4.7.0-damnn-hpne-unsafe:enp130s0f1_rx_packets:592388.523809524
4.7.0-damnn-hpne-unsafe:enp4s0f0_rx_bytes:0
4.7.0-damnn-hpne-unsafe:Total_tx_queue_stopped:0
4.7.0-damnn-hpne-unsafe:enp4s0f0_rx_bytes_phy:0
4.7.0-damnn-hpne-unsafe:enp4s0f0_tx_packets_phy:0
4.7.0-damnn-hpne-unsafe:SKT0_l2hit:0.282857142857143
4.7.0-damnn-hpne-unsafe:enp4s0f0_tx_bytes_phy:0
4.7.0-damnn-hpne-unsafe:cpu_12:31.8833333333333
4.7.0-damnn-hpne-unsafe:cache-references:5853536256.47619
4.7.0-damnn-hpne-unsafe:enp4s0f0_rx_packets:0
4.7.0-damnn-hpne-unsafe:Total_tx_bytes_phy:10724790295.7143
4.7.0-damnn-hpne-unsafe:enp4s0f0_rx_packets_phy:0
4.7.0-damnn-hpne-unsafe:cpu_3:57.1814285714286
4.7.0-damnn-hpne-unsafe:enp130s0f1_rx_bytes_phy:4976020279.52381
4.7.0-damnn-hpne-unsafe:cpu_0:30.5580952380952
4.7.0-damnn-hpne-unsafe:Total_rx_bytes:12749384224.9524
4.7.0-damnn-hpne-unsafe:cpu_5:58.8961904761905
4.7.0-damnn-hpne-unsafe:cpu_2:30.7019047619048
4.7.0-damnn-hpne-unsafe:enp130s0f1_rx_bytes:4958641439
4.7.0-damnn-hpne-unsafe:enp130s0f1_tx_packets:277733.857142857
4.7.0-damnn-hpne-unsafe:Total_tx_packets_phy:1935480.80952381
4.7.0-damnn-hpne-unsafe:enp4s0f1_tx_packets:0
4.7.0-damnn-hpne-unsafe:cpu_17:49.4261904761905
4.7.0-damnn-hpne-unsafe:Total_tx_bytes:10698695227.8095
4.7.0-damnn-hpne-unsafe:TOTAL_l3hit:0.271904761904762
4.7.0-damnn-hpne-unsafe:cpu_total:42.3319047619048
4.7.0-damnn-hpne-unsafe:cpu_22:32.5761904761905
4.7.0-damnn-hpne-unsafe:LLC-store-misses:181827643
4.7.0-damnn-hpne-unsafe:enp130s0f0_rx_bytes_phy:7824812393.14286
4.7.0-damnn-hpne-unsafe:enp130s0f0_rx_bytes:7790742785.95238
4.7.0-damnn-hpne-unsafe:cpu_15:51.9585714285714
4.7.0-damnn-hpne-unsafe:Write:25362.2680952381
4.7.0-damnn-hpne-unsafe:Total_rx_bytes_phy:12800832672.6667
4.7.0-damnn-hpne-unsafe:cpu_18:30.8128571428572
4.7.0-damnn-hpne-unsafe:enp4s0f1_tx_queue_stopped:0
4.7.0-damnn-hpne-unsafe:LLC-load:1588271418.52381
4.7.0-damnn-hpne-unsafe:enp4s0f0_tx_queue_stopped:0
4.7.0-damnn-hpne-unsafe:cpu_1:57.44
4.7.0-damnn-hpne-unsafe:enp4s0f1_rx_packets:0
4.7.0-damnn-hpne-unsafe:LLC-store:1922282714.28571
4.7.0-damnn-hpne-unsafe:cpu_26:28.0580952380952
4.7.0-damnn-hpne-unsafe:cpu_6:31.6385714285714
4.7.0-damnn-hpne-unsafe:enp130s0f1_tx_packets_phy:729494.571428571
4.7.0-damnn-hpne-unsafe:enp130s0f1_tx_bytes:4767482957.85714
4.7.0-damnn-hpne-unsafe:SKT0_l3miss:789190476.190476
4.7.0-damnn-hpne-unsafe:SKT1_l2miss:1133190476.19048
4.7.0-damnn-hpne-unsafe:cpu_19:51.392380952381
4.7.0-damnn-hpne-unsafe:enp4s0f0_tx_bytes:0
4.7.0-damnn-hpne-unsafe:enp130s0f0_tx_bytes_phy:5954110408.42857
4.7.0-damnn-hpne-unsafe:enp130s0f0_tx_packets:341926.904761905
4.7.0-damnn-hpne-unsafe:cpu_21:52.39
4.7.0-damnn-hpne-unsafe:SKT1_ipc:0.419047619047619
4.7.0-damnn-hpne-unsafe:cpu_27:53.2961904761905
4.7.0-damnn-hpne-unsafe:cpu_13:55.7452380952381
4.7.0-damnn-hpne-unsafe:cpu_4:31.4933333333333
4.7.0-damnn-hpne-unsafe:SKT0_ipc:0.207619047619048
4.7.0-damnn-hpne-unsafe:TOTAL_l2mpi:0.04
4.7.0-damnn-hpne-unsafe:enp4s0f1_tx_bytes:0
4.7.0-damnn-hpne-unsafe:cpu_20:31.9733333333333
4.7.0-damnn-hpne-unsafe:SKT1_l2hit:0.357619047619048
4.7.0-damnn-hpne-unsafe:TOTAL_l3mpi:0.03
4.7.0-damnn-hpne-unsafe:SKT0_l3hit:0.19047619047619
4.7.0-damnn-hpne-unsafe:16384:87380
4.7.0-damnn-hpne-unsafe:cpu_16:30.9833333333333
4.7.0-damnn-hpne-unsafe:Read:35130.2628571429
4.7.0-damnn-hpne-unsafe:cpu_23:50.0952380952381
4.7.0-damnn-hpne-unsafe:TOTAL_l2hit:0.324285714285714
4.7.0-damnn-hpne-unsafe:cpu_7:55.7276190476191
4.7.0-damnn-hpne-unsafe:enp4s0f0_tx_packets:0
4.7.0-damnn-hpne-unsafe:SKT0_l3mpi:0.0704761904761905
4.7.0-damnn-hpne-unsafe:SKT1_l2mpi:0.03
4.7.0-damnn-hpne-unsafe:enp130s0f0_tx_bytes:5931212269.95238
4.7.0-damnn-hpne-unsafe:enp130s0f0_tx_queue_stopped:0
4.7.0-damnn-hpne-unsafe:TOTAL_ipc:0.343333333333333
4.7.0-damnn-hpne-unsafe:enp4s0f1_tx_packets_phy:0
4.7.0-damnn-hpne-unsafe:enp130s0f0_rx_packets_phy:1102228.47619048
4.7.0-damnn-hpne-unsafe:enp4s0f1_rx_bytes:0
4.7.0-damnn-hpne-unsafe:enp130s0f1_tx_queue_stopped:0
4.7.0-damnn-hpne-unsafe:instructions:52258831243.1905
4.7.0-damnn-hpne-unsafe:TOTAL_l2miss:2108333333.33333
4.7.0-damnn-hpne-unsafe:Total_rx_packets_phy:1904483.38095238
4.7.0-damnn-hpne-unsafe:cpu_25:50.8942857142857
4.7.0-damnn-hpne-unsafe:enp130s0f0_tx_packets_phy:1205986.23809524
4.7.0-damnn-hpne-unsafe:enp4s0f1_rx_packets_phy:0
4.7.0-defer:Read:36335.7938095238
4.7.0-defer:cpu_16:24.17
4.7.0-defer:16384:87380
4.7.0-defer:SKT0_l3mpi:0.0647619047619048
4.7.0-defer:cpu_7:63.5233333333333
4.7.0-defer:TOTAL_l2hit:0.304761904761905
4.7.0-defer:cpu_23:51.8652380952381
4.7.0-defer:enp4s0f0_tx_packets:0
4.7.0-defer:enp130s0f1_tx_queue_stopped:0
4.7.0-defer:instructions:67423438754.6667
4.7.0-defer:TOTAL_ipc:0.427619047619048
4.7.0-defer:enp4s0f1_tx_packets_phy:0
4.7.0-defer:enp130s0f0_rx_packets_phy:919931.571428571
4.7.0-defer:enp4s0f1_rx_bytes:0
4.7.0-defer:enp130s0f0_tx_queue_stopped:0
4.7.0-defer:SKT1_l2mpi:0.02
4.7.0-defer:enp130s0f0_tx_bytes:6059615454.80952
4.7.0-defer:TOTAL_l2miss:1993095238.09524
4.7.0-defer:enp4s0f1_rx_packets_phy:0
4.7.0-defer:enp130s0f0_tx_packets_phy:1305092
4.7.0-defer:Total_rx_packets_phy:1714815
4.7.0-defer:cpu_25:57.0223809523809
4.7.0-defer:cpu_total:43.7714285714286
4.7.0-defer:TOTAL_l3hit:0.215714285714286
4.7.0-defer:enp130s0f0_rx_bytes_phy:6254988660.66667
4.7.0-defer:LLC-store-misses:180445136.809524
4.7.0-defer:cpu_22:27.5961904761905
4.7.0-defer:enp4s0f1_tx_packets:0
4.7.0-defer:Total_tx_bytes:10842871117.6667
4.7.0-defer:cpu_17:58.2004761904762
4.7.0-defer:LLC-load:1580320447.85714
4.7.0-defer:enp4s0f1_tx_queue_stopped:0
4.7.0-defer:enp4s0f1_rx_packets:0
4.7.0-defer:cpu_1:65.082380952381
4.7.0-defer:enp4s0f0_tx_queue_stopped:0
4.7.0-defer:Write:24325.9519047619
4.7.0-defer:cpu_15:61.4690476190476
4.7.0-defer:Total_rx_bytes_phy:11195555906.0952
4.7.0-defer:enp130s0f0_rx_bytes:6230250904.66667
4.7.0-defer:cpu_18:26.9895238095238
4.7.0-defer:enp130s0f0_tx_bytes_phy:6087501927.61905
4.7.0-defer:SKT1_l2miss:1116714285.71429
4.7.0-defer:SKT0_l3miss:768523809.52381
4.7.0-defer:cpu_19:57.2880952380952
4.7.0-defer:enp4s0f0_tx_bytes:0
4.7.0-defer:SKT1_ipc:0.513333333333333
4.7.0-defer:cpu_13:57.8142857142857
4.7.0-defer:cpu_27:58.9104761904762
4.7.0-defer:enp130s0f0_tx_packets:339766.095238095
4.7.0-defer:cpu_21:57.3904761904762
4.7.0-defer:cpu_26:30.5738095238095
4.7.0-defer:LLC-store:1840548094.80952
4.7.0-defer:enp130s0f1_tx_bytes:4783255662.85714
4.7.0-defer:enp130s0f1_tx_packets_phy:729238.761904762
4.7.0-defer:cpu_6:26.0790476190476
4.7.0-defer:SKT0_l3hit:0.120952380952381
4.7.0-defer:TOTAL_l3mpi:0.02
4.7.0-defer:TOTAL_l2mpi:0.03
4.7.0-defer:SKT0_ipc:0.240476190476191
4.7.0-defer:cpu_4:26.1485714285714
4.7.0-defer:SKT1_l2hit:0.337619047619048
4.7.0-defer:cpu_20:27.2238095238095
4.7.0-defer:enp4s0f1_tx_bytes:0
4.7.0-defer:enp130s0f1_rx_packets:574221.285714286
4.7.0-defer:enp4s0f0_rx_bytes:0
4.7.0-defer:enp4s0f1_tx_bytes_phy:0
4.7.0-defer:TOTAL_l3miss:1562000000
4.7.0-defer:SKT1_l3miss:792904761.904762
4.7.0-defer:enp4s0f0_tx_bytes_phy:0
4.7.0-defer:SKT0_l2hit:0.257142857142857
4.7.0-defer:Total_tx_queue_stopped:0
4.7.0-defer:enp4s0f0_tx_packets_phy:0
4.7.0-defer:enp4s0f0_rx_bytes_phy:0
4.7.0-defer:enp4s0f0_rx_packets:0
4.7.0-defer:Total_tx_bytes_phy:10874261851.4762
4.7.0-defer:enp4s0f0_rx_packets_phy:0
4.7.0-defer:cpu_3:59.7719047619048
4.7.0-defer:cache-references:5714577739.47619
4.7.0-defer:cpu_12:25.6876190476191
4.7.0-defer:cpu_2:26.8633333333333
4.7.0-defer:cpu_5:60.9652380952381
4.7.0-defer:Total_rx_bytes:11152675556.6667
4.7.0-defer:enp130s0f1_tx_packets:273784.619047619
4.7.0-defer:Total_tx_packets_phy:2034330.76190476
4.7.0-defer:enp130s0f1_rx_bytes:4922424652
4.7.0-defer:cpu_0:31.0828571428571
4.7.0-defer:enp130s0f1_rx_bytes_phy:4940567245.42857
4.7.0-defer:cycles:157308788033.81
4.7.0-defer:enp4s0f1_rx_bytes_phy:0
4.7.0-defer:Total_rx_packets:1163385.80952381
4.7.0-defer:enp130s0f1_tx_bytes_phy:4786759923.85714
4.7.0-defer:cpu_10:29.1295238095238
4.7.0-defer:Memory:60661.7457142857
4.7.0-defer:enp130s0f1_rx_packets_phy:794883.428571429
4.7.0-defer:Total_tx_packets:613550.714285714
4.7.0-defer:SKT1_l3mpi:0.0123809523809524
4.7.0-defer:enp130s0f0_rx_packets:589164.523809524
4.7.0-defer:cpu_8:28.122380952381
4.7.0-defer:cpu_14:29.8433333333333
4.7.0-defer:cpu_9:58.67
4.7.0-defer:LLC-load-misses:711448091.666667
4.7.0-defer:cache-misses:1560770420.09524
4.7.0-defer:SKT1_l3hit:0.29047619047619
4.7.0-defer:cpu_24:31.4590476190476
4.7.0-defer:cpu_11:66.2719047619048
4.7.0-defer:SKT0_l2mpi:0.0723809523809524
4.7.0-defer:SKT0_l2miss:876000000
4.7.0-strict:cpu_21:50.2560714285714
4.7.0-strict:enp130s0f0_tx_packets:372237.285714286
4.7.0-strict:cpu_27:55.5653571428571
4.7.0-strict:SKT1_ipc:0.433214285714286
4.7.0-strict:cpu_13:57.0825
4.7.0-strict:SKT1_l2miss:1112607142.85714
4.7.0-strict:cpu_19:50.9639285714286
4.7.0-strict:SKT0_l3miss:837678571.428571
4.7.0-strict:enp4s0f0_tx_bytes:0
4.7.0-strict:enp130s0f0_tx_bytes_phy:6533435187.85714
4.7.0-strict:cpu_6:30.5939285714286
4.7.0-strict:enp130s0f1_tx_packets_phy:733754.714285714
4.7.0-strict:enp130s0f1_tx_bytes:4848278125.32143
4.7.0-strict:LLC-store:1989059862.78571
4.7.0-strict:cpu_26:27.0292857142857
4.7.0-strict:TOTAL_l3mpi:0.03
4.7.0-strict:SKT0_l3hit:0.12
4.7.0-strict:enp4s0f1_tx_bytes:0
4.7.0-strict:cpu_20:31.0121428571429
4.7.0-strict:SKT1_l2hit:0.322857142857143
4.7.0-strict:cpu_4:32.4178571428571
4.7.0-strict:SKT0_ipc:0.2225
4.7.0-strict:TOTAL_l2mpi:0.04
4.7.0-strict:LLC-store-misses:187176873.5
4.7.0-strict:cpu_22:27.8435714285714
4.7.0-strict:enp130s0f0_rx_bytes_phy:7980445792.82143
4.7.0-strict:TOTAL_l3hit:0.201785714285714
4.7.0-strict:cpu_total:42.5596428571429
4.7.0-strict:cpu_17:54.1739285714286
4.7.0-strict:Total_tx_bytes:11359238904.8929
4.7.0-strict:enp4s0f1_tx_packets:0
4.7.0-strict:enp4s0f0_tx_queue_stopped:0
4.7.0-strict:enp4s0f1_rx_packets:0
4.7.0-strict:cpu_1:61.2257142857143
4.7.0-strict:enp4s0f1_tx_queue_stopped:0
4.7.0-strict:LLC-load:1660246259.07143
4.7.0-strict:cpu_18:29.8639285714286
4.7.0-strict:enp130s0f0_rx_bytes:7946881312.96429
4.7.0-strict:cpu_15:58.4692857142857
4.7.0-strict:Write:26390.0489285714
4.7.0-strict:Total_rx_bytes_phy:12959790027.2857
4.7.0-strict:instructions:55599799457.8571
4.7.0-strict:enp130s0f1_tx_queue_stopped:0
4.7.0-strict:SKT1_l2mpi:0.0267857142857143
4.7.0-strict:enp130s0f0_tx_queue_stopped:0
4.7.0-strict:enp130s0f0_tx_bytes:6510960779.57143
4.7.0-strict:TOTAL_ipc:0.360357142857143
4.7.0-strict:enp4s0f1_tx_packets_phy:0
4.7.0-strict:enp130s0f0_rx_packets_phy:1136915.89285714
4.7.0-strict:enp4s0f1_rx_bytes:0
4.7.0-strict:cpu_25:54.3139285714286
4.7.0-strict:Total_rx_packets_phy:1943254.07142857
4.7.0-strict:enp130s0f0_tx_packets_phy:1279148.35714286
4.7.0-strict:enp4s0f1_rx_packets_phy:0
4.7.0-strict:TOTAL_l2miss:2065892857.14286
4.7.0-strict:16384:87380
4.7.0-strict:cpu_16:30.3903571428571
4.7.0-strict:Read:38115.0635714286
4.7.0-strict:SKT0_l3mpi:0.0707142857142858
4.7.0-strict:enp4s0f0_tx_packets:0
4.7.0-strict:TOTAL_l2hit:0.29
4.7.0-strict:cpu_23:52.565
4.7.0-strict:cpu_7:55.8617857142857
4.7.0-strict:LLC-load-misses:765580709.535714
4.7.0-strict:cpu_24:30.9128571428571
4.7.0-strict:SKT1_l3hit:0.272142857142857
4.7.0-strict:cache-misses:1641304033.64286
4.7.0-strict:SKT0_l2miss:952785714.285714
4.7.0-strict:SKT0_l2mpi:0.0810714285714286
4.7.0-strict:cpu_11:57.7582142857143
4.7.0-strict:enp4s0f1_rx_bytes_phy:0
4.7.0-strict:cycles:154023431007
4.7.0-strict:cpu_10:28.2239285714286
4.7.0-strict:Memory:64505.1135714286
4.7.0-strict:Total_rx_packets:1298124.28571429
4.7.0-strict:enp130s0f1_tx_bytes_phy:4851143153.25
4.7.0-strict:SKT1_l3mpi:0.02
4.7.0-strict:cpu_8:29.9657142857143
4.7.0-strict:enp130s0f0_rx_packets:696338.928571429
4.7.0-strict:enp130s0f1_rx_packets_phy:806338.178571429
4.7.0-strict:Total_tx_packets:647338.857142857
4.7.0-strict:cpu_9:55.0142857142857
4.7.0-strict:cpu_14:28.2835714285714
4.7.0-strict:Total_tx_bytes_phy:11384578341.1071
4.7.0-strict:enp4s0f0_rx_packets_phy:0
4.7.0-strict:cpu_3:55.6367857142857
4.7.0-strict:enp4s0f0_rx_packets:0
4.7.0-strict:cpu_12:29.8592857142857
4.7.0-strict:cache-references:6037488774.92857
4.7.0-strict:enp130s0f1_rx_bytes:4962641169.35714
4.7.0-strict:enp130s0f1_tx_packets:275101.571428571
4.7.0-strict:Total_tx_packets_phy:2012903.07142857
4.7.0-strict:Total_rx_bytes:12909522482.3214
4.7.0-strict:cpu_5:56.7307142857143
4.7.0-strict:cpu_2:30.2078571428571
4.7.0-strict:enp130s0f1_rx_bytes_phy:4979344234.46429
4.7.0-strict:cpu_0:29.5585714285714
4.7.0-strict:enp4s0f0_rx_bytes:0
4.7.0-strict:enp130s0f1_rx_packets:601785.357142857
4.7.0-strict:SKT1_l3miss:810428571.428571
4.7.0-strict:TOTAL_l3miss:1648571428.57143
4.7.0-strict:enp4s0f1_tx_bytes_phy:0
4.7.0-strict:SKT0_l2hit:0.2475
4.7.0-strict:enp4s0f0_tx_bytes_phy:0
4.7.0-strict:enp4s0f0_tx_packets_phy:0
4.7.0-strict:enp4s0f0_rx_bytes_phy:0
4.7.0-strict:Total_tx_queue_stopped:0
4.7.0-unsafe:instructions:52080736091.381
4.7.0-unsafe:enp130s0f1_tx_queue_stopped:0
4.7.0-unsafe:TOTAL_ipc:0.340952380952381
4.7.0-unsafe:enp130s0f0_rx_packets_phy:1146620.71428571
4.7.0-unsafe:enp4s0f1_tx_packets_phy:0
4.7.0-unsafe:enp4s0f1_rx_bytes:0
4.7.0-unsafe:SKT1_l2mpi:0.03
4.7.0-unsafe:enp130s0f0_tx_bytes:6447081155.71429
4.7.0-unsafe:enp130s0f0_tx_queue_stopped:0
4.7.0-unsafe:enp4s0f1_rx_packets_phy:0
4.7.0-unsafe:Total_rx_packets_phy:1949901.47619048
4.7.0-unsafe:cpu_25:54.4347619047619
4.7.0-unsafe:enp130s0f0_tx_packets_phy:1266786.80952381
4.7.0-unsafe:TOTAL_l2miss:2065714285.71429
4.7.0-unsafe:Read:38110.1104761905
4.7.0-unsafe:cpu_16:27.8704761904762
4.7.0-unsafe:16384:87380
4.7.0-unsafe:SKT0_l3mpi:0.0704761904761905
4.7.0-unsafe:enp4s0f0_tx_packets:0
4.7.0-unsafe:cpu_7:58.9171428571429
4.7.0-unsafe:TOTAL_l2hit:0.287142857142857
4.7.0-unsafe:cpu_23:50.9347619047619
4.7.0-unsafe:SKT1_ipc:0.405714285714286
4.7.0-unsafe:cpu_27:54.9480952380952
4.7.0-unsafe:cpu_13:57.0961904761905
4.7.0-unsafe:cpu_21:51.2609523809524
4.7.0-unsafe:enp130s0f0_tx_packets:370753.285714286
4.7.0-unsafe:enp130s0f0_tx_bytes_phy:6468873942
4.7.0-unsafe:SKT1_l2miss:1119238095.2381
4.7.0-unsafe:enp4s0f0_tx_bytes:0
4.7.0-unsafe:SKT0_l3miss:833190476.190476
4.7.0-unsafe:cpu_19:52.8019047619048
4.7.0-unsafe:enp130s0f1_tx_bytes:4842774387.7619
4.7.0-unsafe:cpu_6:29.3647619047619
4.7.0-unsafe:enp130s0f1_tx_packets_phy:730026.428571429
4.7.0-unsafe:cpu_26:30.8585714285714
4.7.0-unsafe:LLC-store:1992298460.90476
4.7.0-unsafe:SKT0_l3hit:0.120476190476191
4.7.0-unsafe:TOTAL_l3mpi:0.03
4.7.0-unsafe:SKT1_l2hit:0.319047619047619
4.7.0-unsafe:cpu_20:30.577619047619
4.7.0-unsafe:enp4s0f1_tx_bytes:0
4.7.0-unsafe:TOTAL_l2mpi:0.04
4.7.0-unsafe:SKT0_ipc:0.222380952380952
4.7.0-unsafe:cpu_4:27.4971428571429
4.7.0-unsafe:enp130s0f0_rx_bytes_phy:8066852043.85714
4.7.0-unsafe:LLC-store-misses:186383076.761905
4.7.0-unsafe:cpu_22:28.9452380952381
4.7.0-unsafe:cpu_total:41.8980952380952
4.7.0-unsafe:TOTAL_l3hit:0.200952380952381
4.7.0-unsafe:Total_tx_bytes:11289855543.4762
4.7.0-unsafe:cpu_17:51.8214285714286
4.7.0-unsafe:enp4s0f1_tx_packets:0
4.7.0-unsafe:cpu_1:59.0095238095238
4.7.0-unsafe:enp4s0f1_rx_packets:0
4.7.0-unsafe:enp4s0f0_tx_queue_stopped:0
4.7.0-unsafe:LLC-load:1662040315.19048
4.7.0-unsafe:enp4s0f1_tx_queue_stopped:0
4.7.0-unsafe:cpu_18:28.4771428571429
4.7.0-unsafe:Total_rx_bytes_phy:13049209470.3333
4.7.0-unsafe:Write:26413.9357142857
4.7.0-unsafe:cpu_15:55.3223809523809
4.7.0-unsafe:enp130s0f0_rx_bytes:8033552036.7619
4.7.0-unsafe:cpu_3:52.1009523809524
4.7.0-unsafe:Total_tx_bytes_phy:11314929963.2381
4.7.0-unsafe:enp4s0f0_rx_packets_phy:0
4.7.0-unsafe:enp4s0f0_rx_packets:0
4.7.0-unsafe:cache-references:6032244688.52381
4.7.0-unsafe:cpu_12:31.5109523809524
4.7.0-unsafe:Total_tx_packets_phy:1996813.23809524
4.7.0-unsafe:enp130s0f1_tx_packets:271840.19047619
4.7.0-unsafe:enp130s0f1_rx_bytes:4965622313.7619
4.7.0-unsafe:cpu_2:31.4185714285714
4.7.0-unsafe:Total_rx_bytes:12999174350.5238
4.7.0-unsafe:cpu_5:53.2671428571429
4.7.0-unsafe:cpu_0:32.3990476190476
4.7.0-unsafe:enp130s0f1_rx_bytes_phy:4982357426.47619
4.7.0-unsafe:enp4s0f0_rx_bytes:0
4.7.0-unsafe:enp130s0f1_rx_packets:600874.285714286
4.7.0-unsafe:TOTAL_l3miss:1647809523.80952
4.7.0-unsafe:SKT1_l3miss:814238095.238095
4.7.0-unsafe:enp4s0f1_tx_bytes_phy:0
4.7.0-unsafe:enp4s0f0_tx_bytes_phy:0
4.7.0-unsafe:SKT0_l2hit:0.248095238095238
4.7.0-unsafe:enp4s0f0_rx_bytes_phy:0
4.7.0-unsafe:Total_tx_queue_stopped:0
4.7.0-unsafe:enp4s0f0_tx_packets_phy:0
4.7.0-unsafe:LLC-load-misses:766124385.238095
4.7.0-unsafe:cpu_24:28.7109523809524
4.7.0-unsafe:cache-misses:1642671181.09524
4.7.0-unsafe:SKT1_l3hit:0.271904761904762
4.7.0-unsafe:SKT0_l2mpi:0.0804761904761905
4.7.0-unsafe:SKT0_l2miss:945904761.904762
4.7.0-unsafe:cpu_11:51.3547619047619
4.7.0-unsafe:cycles:152143575002.429
4.7.0-unsafe:enp4s0f1_rx_bytes_phy:0
4.7.0-unsafe:cpu_10:30.9995238095238
4.7.0-unsafe:Memory:64524.0471428572
4.7.0-unsafe:enp130s0f1_tx_bytes_phy:4846056021.2381
4.7.0-unsafe:Total_rx_packets:1307646.33333333
4.7.0-unsafe:enp130s0f0_rx_packets:706772.047619048
4.7.0-unsafe:SKT1_l3mpi:0.02
4.7.0-unsafe:cpu_8:28.337619047619
4.7.0-unsafe:Total_tx_packets:642593.476190476
4.7.0-unsafe:enp130s0f1_rx_packets_phy:803280.761904762
4.7.0-unsafe:cpu_9:54.8557142857143
4.7.0-unsafe:cpu_14:28.2914285714286
