4.7.0-copy-plus-hp-strict:SKT0_ipc:0.61
4.7.0-copy-plus-hp-strict:TOTAL_l2miss:123000000
4.7.0-copy-plus-hp-strict:cpu_26:0
4.7.0-copy-plus-hp-strict:enp130s0f1_tx_packets_phy:0
4.7.0-copy-plus-hp-strict:enp4s0f0_rx_bytes:0
4.7.0-copy-plus-hp-strict:TOTAL_l3miss:85000000
4.7.0-copy-plus-hp-strict:SKT0_l2hit:0.66
4.7.0-copy-plus-hp-strict:enp130s0f1_tx_queue_stopped:0
4.7.0-copy-plus-hp-strict:212992:212992
4.7.0-copy-plus-hp-strict:Total_tx_bytes_phy:12692494
4.7.0-copy-plus-hp-strict:TOTAL_l2mpi:0.01
4.7.0-copy-plus-hp-strict:enp130s0f0_tx_bytes_phy:12692494
4.7.0-copy-plus-hp-strict:cpu_8:0
4.7.0-copy-plus-hp-strict:cpu_15:8.82
4.7.0-copy-plus-hp-strict:cpu_18:0
4.7.0-copy-plus-hp-strict:cpu_13:0
4.7.0-copy-plus-hp-strict:enp130s0f0_rx_packets_phy:198322
4.7.0-copy-plus-hp-strict:TOTAL_ipc:0.63
4.7.0-copy-plus-hp-strict:enp4s0f1_tx_bytes:0
4.7.0-copy-plus-hp-strict:cpu_14:0
4.7.0-copy-plus-hp-strict:TOTAL_l2hit:0.57
4.7.0-copy-plus-hp-strict:cpu_19:0.98
4.7.0-copy-plus-hp-strict:enp4s0f1_tx_packets_phy:0
4.7.0-copy-plus-hp-strict:cycles:28612991120
4.7.0-copy-plus-hp-strict:enp130s0f0_tx_bytes:11900323
4.7.0-copy-plus-hp-strict:enp130s0f1_tx_bytes:0
4.7.0-copy-plus-hp-strict:enp4s0f1_rx_packets:0
4.7.0-copy-plus-hp-strict:cpu_23:3.92
4.7.0-copy-plus-hp-strict:Total_rx_bytes_phy:12692618
4.7.0-copy-plus-hp-strict:Total_rx_packets_phy:198322
4.7.0-copy-plus-hp-strict:cpu_21:3.92
4.7.0-copy-plus-hp-strict:enp130s0f0_tx_packets_phy:198319
4.7.0-copy-plus-hp-strict:enp130s0f0_rx_bytes:11900733
4.7.0-copy-plus-hp-strict:enp130s0f1_rx_packets:0
4.7.0-copy-plus-hp-strict:enp4s0f0_rx_bytes_phy:0
4.7.0-copy-plus-hp-strict:enp4s0f1_tx_packets:0
4.7.0-copy-plus-hp-strict:SKT0_l2mpi:0.01
4.7.0-copy-plus-hp-strict:Memory:1327.3
4.7.0-copy-plus-hp-strict:cpu_12:0
4.7.0-copy-plus-hp-strict:Write:223.94
4.7.0-copy-plus-hp-strict:Total_rx_bytes:11900733
4.7.0-copy-plus-hp-strict:Total_rx_packets:198345
4.7.0-copy-plus-hp-strict:enp4s0f1_rx_bytes_phy:0
4.7.0-copy-plus-hp-strict:enp130s0f1_rx_bytes_phy:0
4.7.0-copy-plus-hp-strict:enp4s0f0_tx_packets_phy:0
4.7.0-copy-plus-hp-strict:cpu_20:0
4.7.0-copy-plus-hp-strict:enp4s0f0_tx_packets:0
4.7.0-copy-plus-hp-strict:cpu_9:0
4.7.0-copy-plus-hp-strict:enp4s0f1_tx_bytes_phy:0
4.7.0-copy-plus-hp-strict:SKT1_l2mpi:0.01
4.7.0-copy-plus-hp-strict:Total_tx_bytes:11900323
4.7.0-copy-plus-hp-strict:cpu_3:37.25
4.7.0-copy-plus-hp-strict:cpu_1:11.76
4.7.0-copy-plus-hp-strict:enp4s0f1_tx_queue_stopped:0
4.7.0-copy-plus-hp-strict:SKT0_l3hit:0.35
4.7.0-copy-plus-hp-strict:SKT1_l2hit:0.41
4.7.0-copy-plus-hp-strict:SKT1_l3mpi:0.01
4.7.0-copy-plus-hp-strict:SKT0_l2miss:64000000
4.7.0-copy-plus-hp-strict:LLC-store-misses:21175795
4.7.0-copy-plus-hp-strict:LLC-store:42465048
4.7.0-copy-plus-hp-strict:enp130s0f0_rx_bytes_phy:12692618
4.7.0-copy-plus-hp-strict:enp130s0f1_rx_packets_phy:0
4.7.0-copy-plus-hp-strict:enp4s0f0_tx_bytes_phy:0
4.7.0-copy-plus-hp-strict:enp4s0f0_tx_bytes:0
4.7.0-copy-plus-hp-strict:enp130s0f0_tx_packets:198338
4.7.0-copy-plus-hp-strict:cpu_27:8.82
4.7.0-copy-plus-hp-strict:cpu_4:0
4.7.0-copy-plus-hp-strict:cpu_2:99.02
4.7.0-copy-plus-hp-strict:cpu_25:0
4.7.0-copy-plus-hp-strict:cpu_0:0.98
4.7.0-copy-plus-hp-strict:Total_tx_packets_phy:198319
4.7.0-copy-plus-hp-strict:enp4s0f0_rx_packets_phy:0
4.7.0-copy-plus-hp-strict:cpu_5:8.82
4.7.0-copy-plus-hp-strict:SKT1_l3miss:43000000
4.7.0-copy-plus-hp-strict:TOTAL_l3hit:0.3
4.7.0-copy-plus-hp-strict:SKT0_l3mpi:0
4.7.0-copy-plus-hp-strict:SKT1_l2miss:58000000
4.7.0-copy-plus-hp-strict:cpu_7:0
4.7.0-copy-plus-hp-strict:enp4s0f1_rx_packets_phy:0
4.7.0-copy-plus-hp-strict:enp4s0f0_tx_queue_stopped:0
4.7.0-copy-plus-hp-strict:instructions:17921976458
4.7.0-copy-plus-hp-strict:Read:1103.36
4.7.0-copy-plus-hp-strict:enp130s0f0_rx_packets:198345
4.7.0-copy-plus-hp-strict:Total_tx_packets:198338
4.7.0-copy-plus-hp-strict:TOTAL_l3mpi:0
4.7.0-copy-plus-hp-strict:cpu_16:0
4.7.0-copy-plus-hp-strict:enp4s0f0_rx_packets:0
4.7.0-copy-plus-hp-strict:cpu_24:0
4.7.0-copy-plus-hp-strict:enp130s0f1_rx_bytes:0
4.7.0-copy-plus-hp-strict:enp130s0f1_tx_packets:0
4.7.0-copy-plus-hp-strict:cpu_6:0
4.7.0-copy-plus-hp-strict:cpu_17:0
4.7.0-copy-plus-hp-strict:SKT0_l3miss:42000000
4.7.0-copy-plus-hp-strict:cache-misses:85131138
4.7.0-copy-plus-hp-strict:enp4s0f1_rx_bytes:0
4.7.0-copy-plus-hp-strict:enp130s0f1_tx_bytes_phy:0
4.7.0-copy-plus-hp-strict:LLC-load:112572977
4.7.0-copy-plus-hp-strict:cpu_10:0
4.7.0-copy-plus-hp-strict:SKT1_l3hit:0.25
4.7.0-copy-plus-hp-strict:enp130s0f0_tx_queue_stopped:0
4.7.0-copy-plus-hp-strict:cache-references:206515822
4.7.0-copy-plus-hp-strict:cpu_total:6.79
4.7.0-copy-plus-hp-strict:cpu_22:0
4.7.0-copy-plus-hp-strict:Total_tx_queue_stopped:0
4.7.0-copy-plus-hp-strict:LLC-load-misses:50508194
4.7.0-copy-plus-hp-strict:SKT1_ipc:0.67
4.7.0-copy-plus-hp-strict:cpu_11:8.82
4.7.0-damn-strict:cpu_8:0
4.7.0-damn-strict:cpu_15:3.92
4.7.0-damn-strict:cpu_18:0
4.7.0-damn-strict:cpu_13:10.78
4.7.0-damn-strict:enp130s0f0_rx_packets_phy:196711
4.7.0-damn-strict:TOTAL_ipc:0.64
4.7.0-damn-strict:enp4s0f1_tx_bytes:0
4.7.0-damn-strict:cpu_14:0
4.7.0-damn-strict:TOTAL_l2hit:0.53
4.7.0-damn-strict:enp4s0f1_tx_packets_phy:0
4.7.0-damn-strict:cpu_19:6.86
4.7.0-damn-strict:cycles:27906406687
4.7.0-damn-strict:enp130s0f0_tx_bytes:11804753
4.7.0-damn-strict:enp130s0f1_tx_bytes:0
4.7.0-damn-strict:enp4s0f1_rx_packets:0
4.7.0-damn-strict:cpu_23:0
4.7.0-damn-strict:SKT0_ipc:0.63
4.7.0-damn-strict:TOTAL_l2miss:116000000
4.7.0-damn-strict:cpu_26:0
4.7.0-damn-strict:enp130s0f1_tx_packets_phy:0
4.7.0-damn-strict:TOTAL_l3miss:83000000
4.7.0-damn-strict:enp4s0f0_rx_bytes:0
4.7.0-damn-strict:SKT0_l2hit:0.63
4.7.0-damn-strict:enp130s0f1_tx_queue_stopped:0
4.7.0-damn-strict:212992:212992
4.7.0-damn-strict:Total_tx_bytes_phy:12589803
4.7.0-damn-strict:TOTAL_l2mpi:0.01
4.7.0-damn-strict:enp130s0f0_tx_bytes_phy:12589803
4.7.0-damn-strict:Total_rx_packets:196741
4.7.0-damn-strict:Total_rx_bytes:11804519
4.7.0-damn-strict:enp130s0f1_rx_bytes_phy:0
4.7.0-damn-strict:enp4s0f1_rx_bytes_phy:0
4.7.0-damn-strict:enp4s0f0_tx_packets_phy:0
4.7.0-damn-strict:cpu_20:0
4.7.0-damn-strict:enp4s0f0_tx_packets:0
4.7.0-damn-strict:cpu_9:0.98
4.7.0-damn-strict:enp4s0f1_tx_bytes_phy:0
4.7.0-damn-strict:SKT1_l2mpi:0.01
4.7.0-damn-strict:Total_tx_bytes:11804753
4.7.0-damn-strict:cpu_3:9.8
4.7.0-damn-strict:cpu_1:3.92
4.7.0-damn-strict:enp4s0f1_tx_queue_stopped:0
4.7.0-damn-strict:SKT0_l3hit:0.32
4.7.0-damn-strict:SKT0_l2miss:61000000
4.7.0-damn-strict:SKT1_l3mpi:0.01
4.7.0-damn-strict:SKT1_l2hit:0.34
4.7.0-damn-strict:LLC-store-misses:20720097
4.7.0-damn-strict:Total_rx_bytes_phy:12589678
4.7.0-damn-strict:Total_rx_packets_phy:196711
4.7.0-damn-strict:enp130s0f0_tx_packets_phy:196716
4.7.0-damn-strict:cpu_21:0
4.7.0-damn-strict:enp130s0f1_rx_packets:0
4.7.0-damn-strict:enp130s0f0_rx_bytes:11804519
4.7.0-damn-strict:enp4s0f0_rx_bytes_phy:0
4.7.0-damn-strict:Memory:1233.07
4.7.0-damn-strict:SKT0_l2mpi:0.01
4.7.0-damn-strict:enp4s0f1_tx_packets:0
4.7.0-damn-strict:cpu_12:0
4.7.0-damn-strict:Write:155.45
4.7.0-damn-strict:cpu_27:27.45
4.7.0-damn-strict:cpu_4:0
4.7.0-damn-strict:cpu_25:3.92
4.7.0-damn-strict:cpu_2:99.02
4.7.0-damn-strict:cpu_0:0
4.7.0-damn-strict:Total_tx_packets_phy:196716
4.7.0-damn-strict:enp4s0f0_rx_packets_phy:0
4.7.0-damn-strict:cpu_5:0
4.7.0-damn-strict:SKT1_l3miss:41000000
4.7.0-damn-strict:SKT0_l3mpi:0
4.7.0-damn-strict:TOTAL_l3hit:0.28
4.7.0-damn-strict:SKT1_l2miss:55000000
4.7.0-damn-strict:cpu_7:10.78
4.7.0-damn-strict:enp4s0f1_rx_packets_phy:0
4.7.0-damn-strict:LLC-store:36505542
4.7.0-damn-strict:enp130s0f0_rx_bytes_phy:12589678
4.7.0-damn-strict:enp130s0f1_rx_packets_phy:0
4.7.0-damn-strict:enp4s0f0_tx_bytes_phy:0
4.7.0-damn-strict:enp4s0f0_tx_bytes:0
4.7.0-damn-strict:enp130s0f0_tx_packets:196745
4.7.0-damn-strict:enp130s0f1_tx_bytes_phy:0
4.7.0-damn-strict:LLC-load:99725673
4.7.0-damn-strict:cpu_10:0
4.7.0-damn-strict:SKT1_l3hit:0.25
4.7.0-damn-strict:cpu_total:6.3
4.7.0-damn-strict:cache-references:208403723
4.7.0-damn-strict:enp130s0f0_tx_queue_stopped:0
4.7.0-damn-strict:cpu_22:0
4.7.0-damn-strict:Total_tx_queue_stopped:0
4.7.0-damn-strict:SKT1_ipc:0.66
4.7.0-damn-strict:LLC-load-misses:43898997
4.7.0-damn-strict:cpu_11:3.92
4.7.0-damn-strict:enp4s0f0_tx_queue_stopped:0
4.7.0-damn-strict:instructions:17302079318
4.7.0-damn-strict:enp130s0f0_rx_packets:196741
4.7.0-damn-strict:Read:1077.62
4.7.0-damn-strict:Total_tx_packets:196745
4.7.0-damn-strict:TOTAL_l3mpi:0.01
4.7.0-damn-strict:cpu_16:0
4.7.0-damn-strict:enp130s0f1_rx_bytes:0
4.7.0-damn-strict:enp4s0f0_rx_packets:0
4.7.0-damn-strict:cpu_24:0
4.7.0-damn-strict:enp130s0f1_tx_packets:0
4.7.0-damn-strict:cpu_6:0
4.7.0-damn-strict:cpu_17:0.98
4.7.0-damn-strict:SKT0_l3miss:41000000
4.7.0-damn-strict:enp4s0f1_rx_bytes:0
4.7.0-damn-strict:cache-misses:87829895
4.7.0-defer:enp130s0f0_tx_queue_stopped:0
4.7.0-defer:cache-references:183803316
4.7.0-defer:cpu_total:6.45
4.7.0-defer:Total_tx_queue_stopped:0
4.7.0-defer:cpu_22:0
4.7.0-defer:cpu_11:0
4.7.0-defer:LLC-load-misses:30379062
4.7.0-defer:SKT1_ipc:0.84
4.7.0-defer:enp130s0f1_tx_bytes_phy:0
4.7.0-defer:LLC-load:97743455
4.7.0-defer:cpu_10:0.97
4.7.0-defer:SKT1_l3hit:0.29
4.7.0-defer:enp130s0f1_tx_packets:0
4.7.0-defer:cpu_6:0
4.7.0-defer:cpu_17:0
4.7.0-defer:cache-misses:50038998
4.7.0-defer:enp4s0f1_rx_bytes:0
4.7.0-defer:SKT0_l3miss:28000000
4.7.0-defer:enp4s0f0_tx_queue_stopped:0
4.7.0-defer:Read:664.7
4.7.0-defer:Total_tx_packets:184028
4.7.0-defer:enp130s0f0_rx_packets:184024
4.7.0-defer:instructions:18735250440
4.7.0-defer:TOTAL_l3mpi:0
4.7.0-defer:enp4s0f0_rx_packets:0
4.7.0-defer:enp130s0f1_rx_bytes:0
4.7.0-defer:cpu_24:0
4.7.0-defer:cpu_16:0
4.7.0-defer:SKT1_l3miss:21000000
4.7.0-defer:SKT0_l3mpi:0
4.7.0-defer:TOTAL_l3hit:0.45
4.7.0-defer:cpu_7:4.85
4.7.0-defer:SKT1_l2miss:30000000
4.7.0-defer:enp4s0f1_rx_packets_phy:0
4.7.0-defer:cpu_4:0.97
4.7.0-defer:cpu_27:5.83
4.7.0-defer:cpu_0:0.97
4.7.0-defer:cpu_25:0.97
4.7.0-defer:cpu_2:100
4.7.0-defer:Total_tx_packets_phy:184011
4.7.0-defer:enp4s0f0_rx_packets_phy:0
4.7.0-defer:cpu_5:9.71
4.7.0-defer:enp4s0f0_tx_bytes:0
4.7.0-defer:enp130s0f0_tx_packets:184028
4.7.0-defer:LLC-store:30133383
4.7.0-defer:enp130s0f0_rx_bytes_phy:11777162
4.7.0-defer:enp130s0f1_rx_packets_phy:0
4.7.0-defer:enp4s0f0_tx_bytes_phy:0
4.7.0-defer:SKT1_l2mpi:0
4.7.0-defer:Total_tx_bytes:11041733
4.7.0-defer:cpu_1:5.83
4.7.0-defer:cpu_3:8.74
4.7.0-defer:SKT0_l3hit:0.53
4.7.0-defer:enp4s0f1_tx_queue_stopped:0
4.7.0-defer:SKT1_l3mpi:0
4.7.0-defer:SKT1_l2hit:0.53
4.7.0-defer:LLC-store-misses:12873369
4.7.0-defer:SKT0_l2miss:59000000
4.7.0-defer:enp130s0f1_rx_bytes_phy:0
4.7.0-defer:enp4s0f1_rx_bytes_phy:0
4.7.0-defer:Total_rx_packets:184024
4.7.0-defer:Total_rx_bytes:11041499
4.7.0-defer:enp4s0f0_tx_packets:0
4.7.0-defer:cpu_20:0
4.7.0-defer:enp4s0f0_tx_packets_phy:0
4.7.0-defer:enp4s0f1_tx_bytes_phy:0
4.7.0-defer:cpu_9:4.85
4.7.0-defer:enp4s0f0_rx_bytes_phy:0
4.7.0-defer:enp130s0f1_rx_packets:0
4.7.0-defer:enp130s0f0_rx_bytes:11041499
4.7.0-defer:Write:125.33
4.7.0-defer:Memory:790.03
4.7.0-defer:SKT0_l2mpi:0.01
4.7.0-defer:cpu_12:0
4.7.0-defer:enp4s0f1_tx_packets:0
4.7.0-defer:Total_rx_bytes_phy:11777162
4.7.0-defer:enp130s0f0_tx_packets_phy:184011
4.7.0-defer:cpu_21:5.83
4.7.0-defer:Total_rx_packets_phy:184017
4.7.0-defer:TOTAL_l2hit:0.65
4.7.0-defer:enp4s0f1_tx_packets_phy:0
4.7.0-defer:cpu_19:12.62
4.7.0-defer:enp130s0f0_tx_bytes:11041733
4.7.0-defer:enp130s0f1_tx_bytes:0
4.7.0-defer:cycles:25345550937
4.7.0-defer:cpu_23:4.85
4.7.0-defer:enp4s0f1_rx_packets:0
4.7.0-defer:cpu_15:0
4.7.0-defer:cpu_8:0.97
4.7.0-defer:enp130s0f0_rx_packets_phy:184017
4.7.0-defer:cpu_13:12.62
4.7.0-defer:cpu_18:0
4.7.0-defer:enp4s0f1_tx_bytes:0
4.7.0-defer:TOTAL_ipc:0.74
4.7.0-defer:cpu_14:0
4.7.0-defer:212992:212992
4.7.0-defer:TOTAL_l2mpi:0
4.7.0-defer:Total_tx_bytes_phy:11776725
4.7.0-defer:enp130s0f0_tx_bytes_phy:11776725
4.7.0-defer:SKT0_ipc:0.68
4.7.0-defer:cpu_26:0.97
4.7.0-defer:TOTAL_l2miss:90000000
4.7.0-defer:TOTAL_l3miss:49000000
4.7.0-defer:SKT0_l2hit:0.7
4.7.0-defer:enp4s0f0_rx_bytes:0
4.7.0-defer:enp130s0f1_tx_packets_phy:0
4.7.0-defer:enp130s0f1_tx_queue_stopped:0
4.7.0-strict:SKT0_l3miss:27000000
4.7.0-strict:enp4s0f1_rx_bytes:0
4.7.0-strict:cache-misses:49193604
4.7.0-strict:cpu_17:0
4.7.0-strict:cpu_6:0
4.7.0-strict:enp130s0f1_tx_packets:0
4.7.0-strict:cpu_16:0
4.7.0-strict:enp4s0f0_rx_packets:0
4.7.0-strict:cpu_24:0
4.7.0-strict:enp130s0f1_rx_bytes:0
4.7.0-strict:TOTAL_l3mpi:0
4.7.0-strict:instructions:15659411241
4.7.0-strict:enp130s0f0_rx_packets:147822
4.7.0-strict:Read:676.37
4.7.0-strict:Total_tx_packets:147813
4.7.0-strict:enp4s0f0_tx_queue_stopped:0
4.7.0-strict:LLC-load-misses:29119615
4.7.0-strict:SKT1_ipc:0.67
4.7.0-strict:cpu_11:5.88
4.7.0-strict:cpu_22:0
4.7.0-strict:Total_tx_queue_stopped:0
4.7.0-strict:cpu_total:6.2
4.7.0-strict:cache-references:160017011
4.7.0-strict:enp130s0f0_tx_queue_stopped:0
4.7.0-strict:SKT1_l3hit:0.27
4.7.0-strict:cpu_10:0
4.7.0-strict:LLC-load:82777310
4.7.0-strict:enp130s0f1_tx_bytes_phy:0
4.7.0-strict:enp130s0f0_tx_packets:147813
4.7.0-strict:enp4s0f0_tx_bytes:0
4.7.0-strict:enp4s0f0_tx_bytes_phy:0
4.7.0-strict:enp130s0f1_rx_packets_phy:0
4.7.0-strict:enp130s0f0_rx_bytes_phy:9460150
4.7.0-strict:LLC-store:27400355
4.7.0-strict:SKT1_l2miss:29000000
4.7.0-strict:cpu_7:0
4.7.0-strict:enp4s0f1_rx_packets_phy:0
4.7.0-strict:TOTAL_l3hit:0.38
4.7.0-strict:SKT0_l3mpi:0
4.7.0-strict:SKT1_l3miss:21000000
4.7.0-strict:Total_tx_packets_phy:147811
4.7.0-strict:cpu_5:9.8
4.7.0-strict:enp4s0f0_rx_packets_phy:0
4.7.0-strict:cpu_25:0
4.7.0-strict:cpu_2:99.02
4.7.0-strict:cpu_0:0
4.7.0-strict:cpu_27:10.78
4.7.0-strict:cpu_4:0
4.7.0-strict:Memory:807.92
4.7.0-strict:SKT0_l2mpi:0.01
4.7.0-strict:enp4s0f1_tx_packets:0
4.7.0-strict:cpu_12:0
4.7.0-strict:Write:131.55
4.7.0-strict:enp130s0f1_rx_packets:0
4.7.0-strict:enp130s0f0_rx_bytes:8869358
4.7.0-strict:enp4s0f0_rx_bytes_phy:0
4.7.0-strict:Total_rx_packets_phy:147814
4.7.0-strict:enp130s0f0_tx_packets_phy:147811
4.7.0-strict:cpu_21:4.9
4.7.0-strict:Total_rx_bytes_phy:9460150
4.7.0-strict:SKT0_l2miss:50000000
4.7.0-strict:SKT1_l3mpi:0
4.7.0-strict:SKT1_l2hit:0.51
4.7.0-strict:LLC-store-misses:12088551
4.7.0-strict:enp4s0f1_tx_queue_stopped:0
4.7.0-strict:SKT0_l3hit:0.45
4.7.0-strict:cpu_3:21.57
4.7.0-strict:cpu_1:9.8
4.7.0-strict:SKT1_l2mpi:0
4.7.0-strict:Total_tx_bytes:8868832
4.7.0-strict:enp4s0f1_tx_bytes_phy:0
4.7.0-strict:cpu_9:10.78
4.7.0-strict:enp4s0f0_tx_packets_phy:0
4.7.0-strict:enp4s0f0_tx_packets:0
4.7.0-strict:cpu_20:0
4.7.0-strict:Total_rx_bytes:8869358
4.7.0-strict:Total_rx_packets:147822
4.7.0-strict:enp4s0f1_rx_bytes_phy:0
4.7.0-strict:enp130s0f1_rx_bytes_phy:0
4.7.0-strict:enp130s0f0_tx_bytes_phy:9460025
4.7.0-strict:Total_tx_bytes_phy:9460025
4.7.0-strict:TOTAL_l2mpi:0.01
4.7.0-strict:212992:212992
4.7.0-strict:enp130s0f1_tx_queue_stopped:0
4.7.0-strict:enp130s0f1_tx_packets_phy:0
4.7.0-strict:enp4s0f0_rx_bytes:0
4.7.0-strict:TOTAL_l3miss:49000000
4.7.0-strict:SKT0_l2hit:0.71
4.7.0-strict:cpu_26:0
4.7.0-strict:TOTAL_l2miss:80000000
4.7.0-strict:SKT0_ipc:0.56
4.7.0-strict:enp4s0f1_rx_packets:0
4.7.0-strict:cpu_23:0.98
4.7.0-strict:cycles:26305262381
4.7.0-strict:enp130s0f0_tx_bytes:8868832
4.7.0-strict:enp130s0f1_tx_bytes:0
4.7.0-strict:cpu_19:0
4.7.0-strict:enp4s0f1_tx_packets_phy:0
4.7.0-strict:TOTAL_l2hit:0.66
4.7.0-strict:cpu_14:0
4.7.0-strict:TOTAL_ipc:0.6
4.7.0-strict:enp4s0f1_tx_bytes:0
4.7.0-strict:cpu_18:0
4.7.0-strict:cpu_13:0
4.7.0-strict:enp130s0f0_rx_packets_phy:147814
4.7.0-strict:cpu_8:0
4.7.0-strict:cpu_15:4.9
4.7.0-unsafe:LLC-store:34951140
4.7.0-unsafe:enp130s0f0_rx_bytes_phy:12623358
4.7.0-unsafe:enp130s0f1_rx_packets_phy:0
4.7.0-unsafe:enp4s0f0_tx_bytes_phy:0
4.7.0-unsafe:enp4s0f0_tx_bytes:0
4.7.0-unsafe:enp130s0f0_tx_packets:197261
4.7.0-unsafe:cpu_4:0
4.7.0-unsafe:cpu_27:0.98
4.7.0-unsafe:cpu_25:31.37
4.7.0-unsafe:cpu_2:97.06
4.7.0-unsafe:cpu_0:0
4.7.0-unsafe:Total_tx_packets_phy:197237
4.7.0-unsafe:cpu_5:3.92
4.7.0-unsafe:enp4s0f0_rx_packets_phy:0
4.7.0-unsafe:SKT1_l3miss:37000000
4.7.0-unsafe:TOTAL_l3hit:0.3
4.7.0-unsafe:SKT0_l3mpi:0
4.7.0-unsafe:SKT1_l2miss:50000000
4.7.0-unsafe:cpu_7:0
4.7.0-unsafe:enp4s0f1_rx_packets_phy:0
4.7.0-unsafe:enp4s0f0_tx_queue_stopped:0
4.7.0-unsafe:Read:1011.42
4.7.0-unsafe:Total_tx_packets:197261
4.7.0-unsafe:enp130s0f0_rx_packets:197267
4.7.0-unsafe:instructions:16885146183
4.7.0-unsafe:TOTAL_l3mpi:0
4.7.0-unsafe:cpu_24:0
4.7.0-unsafe:enp4s0f0_rx_packets:0
4.7.0-unsafe:enp130s0f1_rx_bytes:0
4.7.0-unsafe:cpu_16:0
4.7.0-unsafe:enp130s0f1_tx_packets:0
4.7.0-unsafe:cpu_6:0
4.7.0-unsafe:cpu_17:9.8
4.7.0-unsafe:enp4s0f1_rx_bytes:0
4.7.0-unsafe:cache-misses:81798752
4.7.0-unsafe:SKT0_l3miss:43000000
4.7.0-unsafe:enp130s0f1_tx_bytes_phy:0
4.7.0-unsafe:LLC-load:98037807
4.7.0-unsafe:cpu_10:0
4.7.0-unsafe:SKT1_l3hit:0.26
4.7.0-unsafe:enp130s0f0_tx_queue_stopped:0
4.7.0-unsafe:cache-references:192672483
4.7.0-unsafe:cpu_total:6.2
4.7.0-unsafe:Total_tx_queue_stopped:0
4.7.0-unsafe:cpu_22:0
4.7.0-unsafe:cpu_11:0
4.7.0-unsafe:SKT1_ipc:0.66
4.7.0-unsafe:LLC-load-misses:43326288
4.7.0-unsafe:SKT0_ipc:0.6
4.7.0-unsafe:cpu_26:0
4.7.0-unsafe:TOTAL_l2miss:116000000
4.7.0-unsafe:enp4s0f0_rx_bytes:0
4.7.0-unsafe:TOTAL_l3miss:81000000
4.7.0-unsafe:SKT0_l2hit:0.63
4.7.0-unsafe:enp130s0f1_tx_packets_phy:0
4.7.0-unsafe:enp130s0f1_tx_queue_stopped:0
4.7.0-unsafe:212992:212992
4.7.0-unsafe:TOTAL_l2mpi:0.01
4.7.0-unsafe:Total_tx_bytes_phy:12623171
4.7.0-unsafe:enp130s0f0_tx_bytes_phy:12623171
4.7.0-unsafe:cpu_15:5.88
4.7.0-unsafe:cpu_8:0
4.7.0-unsafe:enp130s0f0_rx_packets_phy:197239
4.7.0-unsafe:cpu_13:3.92
4.7.0-unsafe:cpu_18:0
4.7.0-unsafe:enp4s0f1_tx_bytes:0
4.7.0-unsafe:TOTAL_ipc:0.62
4.7.0-unsafe:cpu_14:0
4.7.0-unsafe:TOTAL_l2hit:0.55
4.7.0-unsafe:cpu_19:3.92
4.7.0-unsafe:enp4s0f1_tx_packets_phy:0
4.7.0-unsafe:enp130s0f1_tx_bytes:0
4.7.0-unsafe:enp130s0f0_tx_bytes:11835685
4.7.0-unsafe:cycles:27067357738
4.7.0-unsafe:enp4s0f1_rx_packets:0
4.7.0-unsafe:cpu_23:0
4.7.0-unsafe:Total_rx_bytes_phy:12623358
4.7.0-unsafe:enp130s0f0_tx_packets_phy:197237
4.7.0-unsafe:cpu_21:6.86
4.7.0-unsafe:Total_rx_packets_phy:197239
4.7.0-unsafe:enp4s0f0_rx_bytes_phy:0
4.7.0-unsafe:enp130s0f1_rx_packets:0
4.7.0-unsafe:enp130s0f0_rx_bytes:11836036
4.7.0-unsafe:Write:157.41
4.7.0-unsafe:enp4s0f1_tx_packets:0
4.7.0-unsafe:SKT0_l2mpi:0.01
4.7.0-unsafe:Memory:1168.84
4.7.0-unsafe:cpu_12:0
4.7.0-unsafe:enp4s0f1_rx_bytes_phy:0
4.7.0-unsafe:enp130s0f1_rx_bytes_phy:0
4.7.0-unsafe:Total_rx_packets:197267
4.7.0-unsafe:Total_rx_bytes:11836036
4.7.0-unsafe:enp4s0f0_tx_packets_phy:0
4.7.0-unsafe:cpu_20:0
4.7.0-unsafe:enp4s0f0_tx_packets:0
4.7.0-unsafe:cpu_9:0
4.7.0-unsafe:enp4s0f1_tx_bytes_phy:0
4.7.0-unsafe:SKT1_l2mpi:0.01
4.7.0-unsafe:Total_tx_bytes:11835685
4.7.0-unsafe:cpu_1:0
4.7.0-unsafe:cpu_3:14.71
4.7.0-unsafe:SKT0_l3hit:0.34
4.7.0-unsafe:enp4s0f1_tx_queue_stopped:0
4.7.0-unsafe:SKT0_l2miss:65000000
4.7.0-unsafe:SKT1_l3mpi:0.01
4.7.0-unsafe:SKT1_l2hit:0.4
4.7.0-unsafe:LLC-store-misses:21823830
