4.7.0-damn-ne-unsafe:enp130s0f1_tx_queue_stopped:0:0
4.7.0-damn-ne-unsafe:cpu_25:47.498:3.34983745874333
4.7.0-damn-ne-unsafe:cpu_18:41.1255:5.35018875835236
4.7.0-damn-ne-unsafe:SKT1_ipc:0.76825:0.0111551557586616
4.7.0-damn-ne-unsafe:cpu_11:46.388:3.30462418438164
4.7.0-damn-ne-unsafe:cpu_14:40.33:6.29335641768365
4.7.0-damn-ne-unsafe:cpu_6:36.07825:4.02984359963262
4.7.0-damn-ne-unsafe:SKT0_l3miss:491500000:18644033.8982743
4.7.0-damn-ne-unsafe:Total_tx_queue_stopped:0:0
4.7.0-damn-ne-unsafe:enp130s0f1_tx_packets_phy:599549.175:265.078656958647
4.7.0-damn-ne-unsafe:enp4s0f0_tx_bytes_phy:4858976086.7:2164185.41921428
4.7.0-damn-ne-unsafe:Write:6120.83075:205.806151577006
4.7.0-damn-ne-unsafe:enp130s0f0_rx_bytes:189.125:523.64607262444
4.7.0-damn-ne-unsafe:enp130s0f1_rx_bytes_phy:0:0
4.7.0-damn-ne-unsafe:enp130s0f1_tx_packets:599549.6:262.220212798327
4.7.0-damn-ne-unsafe:cpu_3:44.524:5.60844755703394
4.7.0-damn-ne-unsafe:cpu_4:34.89275:3.93733792523578
4.7.0-damn-ne-unsafe:SKT1_l2miss:881725000:40361483.8057275
4.7.0-damn-ne-unsafe:enp4s0f0_tx_queue_stopped:0:0
4.7.0-damn-ne-unsafe:cpu_13:49.13925:6.84096827484969
4.7.0-damn-ne-unsafe:cpu_22:41.606:8.57570399442518
4.7.0-damn-ne-unsafe:SKT0_l3mpi:0.01:5.20417042793042e-18
4.7.0-damn-ne-unsafe:LLC-store:1231031814.65:8062388.30822625
4.7.0-damn-ne-unsafe:enp4s0f1_tx_bytes:7918183515.7:23903814.643973
4.7.0-damn-ne-unsafe:cpu_27:48.6095:3.71732292786086
4.7.0-damn-ne-unsafe:enp130s0f0_rx_packets:0.375:1.04133327998293
4.7.0-damn-ne-unsafe:SKT0_ipc:0.83575:0.0159510971409493
4.7.0-damn-ne-unsafe:TOTAL_l2miss:1618425000:27251502.2521695
4.7.0-damn-ne-unsafe:SKT1_l2mpi:0.01:5.20417042793042e-18
4.7.0-damn-ne-unsafe:TOTAL_l3miss:1051525000:28193959.9027877
4.7.0-damn-ne-unsafe:Total_rx_packets_phy:0.75:1.71391365010026
4.7.0-damn-ne-unsafe:enp4s0f0_rx_bytes:0:0
4.7.0-damn-ne-unsafe:enp130s0f1_rx_packets_phy:0:0
4.7.0-damn-ne-unsafe:enp130s0f0_tx_bytes_phy:7908948133.475:18137992.24159
4.7.0-damn-ne-unsafe:cpu_8:36.87475:4.06570657297105
4.7.0-damn-ne-unsafe:enp4s0f1_tx_packets_phy:977660.875:2963.9553571832
4.7.0-damn-ne-unsafe:enp4s0f0_rx_packets:0:0
4.7.0-damn-ne-unsafe:cpu_7:46.505:4.5645728168143
4.7.0-damn-ne-unsafe:Total_rx_bytes:455.775:1106.9150032297
4.7.0-damn-ne-unsafe:enp130s0f0_tx_bytes:7904910095.675:17944071.7122898
4.7.0-damn-ne-unsafe:cpu_24:42.27975:5.21973059050944
4.7.0-damn-ne-unsafe:enp4s0f1_tx_bytes_phy:7921984183.3:24020548.2513116
4.7.0-damn-ne-unsafe:cache-references:6975202314.675:26119587.8294514
4.7.0-damn-ne-unsafe:enp4s0f1_tx_packets:977674.4:2950.92553108343
4.7.0-damn-ne-unsafe:cpu_total:42.37925:0.644578883845879
4.7.0-damn-ne-unsafe:SKT1_l2hit:0.29125:0.00677772085586297
4.7.0-damn-ne-unsafe:Total_tx_bytes_phy:25548063215.05:32804738.6930422
4.7.0-damn-ne-unsafe:TOTAL_l2hit:0.2785:0.00476969600708473
4.7.0-damn-ne-unsafe:cpu_10:36.46175:4.24663801583088
4.7.0-damn-ne-unsafe:enp130s0f1_tx_bytes:4855756116.025:2122249.8353057
4.7.0-damn-ne-unsafe:TOTAL_ipc:0.7975:0.00536190264738181
4.7.0-damn-ne-unsafe:Total_tx_bytes:25535418840.125:32559454.673836
4.7.0-damn-ne-unsafe:enp130s0f0_rx_packets_phy:0.4:1.09087121146357
4.7.0-damn-ne-unsafe:Total_tx_packets_phy:3152913.575:4046.70566564644
4.7.0-damn-ne-unsafe:Total_rx_packets:0.725:1.68800918243948
4.7.0-damn-ne-unsafe:enp130s0f0_tx_packets_phy:976052.7:2238.23294364103
4.7.0-damn-ne-unsafe:enp4s0f0_rx_bytes_phy:0:0
4.7.0-damn-ne-unsafe:cpu_0:25.08825:0.617381112036966
4.7.0-damn-ne-unsafe:LLC-store-misses:355571349.4:13847958.0536952
4.7.0-damn-ne-unsafe:enp130s0f1_rx_packets:0:0
4.7.0-damn-ne-unsafe:cpu_15:48.8975:7.79176833267006
4.7.0-damn-ne-unsafe:enp4s0f1_rx_bytes_phy:268.5:878.634537222388
4.7.0-damn-ne-unsafe:enp130s0f0_rx_bytes_phy:192.9:533.30196886942
4.7.0-damn-ne-unsafe:enp4s0f0_tx_packets_phy:599650.825:266.724941419058
4.7.0-damn-ne-unsafe:cpu_2:34.675:4.29195992525559
4.7.0-damn-ne-unsafe:enp4s0f1_rx_bytes:266.65:873.004311272287
4.7.0-damn-ne-unsafe:LLC-load-misses:328532474.175:12332012.1160286
4.7.0-damn-ne-unsafe:instructions:135124760577.35:731347699.520715
4.7.0-damn-ne-unsafe:SKT1_l3hit:0.36575:0.00891277173498795
4.7.0-damn-ne-unsafe:enp130s0f1_rx_bytes:0:0
4.7.0-damn-ne-unsafe:cpu_5:46.38525:4.18324873005419
4.7.0-damn-ne-unsafe:enp4s0f1_rx_packets_phy:0.35:1.19478031453485
4.7.0-damn-ne-unsafe:TOTAL_l3hit:0.35025:0.00724137417898011
4.7.0-damn-ne-unsafe:cpu_19:46.969:4.04621909935683
4.7.0-damn-ne-unsafe:cpu_16:37.96075:4.72396040812156
4.7.0-damn-ne-unsafe:Memory:33336.85425:657.777196210417
4.7.0-damn-ne-unsafe:TOTAL_l2mpi:0.01:5.20417042793042e-18
4.7.0-damn-ne-unsafe:cache-misses:1042804735.45:39025741.5713231
4.7.0-damn-ne-unsafe:enp130s0f0_tx_packets:976035.7:2215.52743381796
4.7.0-damn-ne-unsafe:SKT0_l2hit:0.264:0.0088881944173156
4.7.0-damn-ne-unsafe:enp130s0f1_tx_bytes_phy:4858154811.575:2148196.42874869
4.7.0-damn-ne-unsafe:Total_rx_bytes_phy:461.4:1116.77217461755
4.7.0-damn-ne-unsafe:enp130s0f0_tx_queue_stopped:0:0
4.7.0-damn-ne-unsafe:enp4s0f1_tx_queue_stopped:0:0
4.7.0-damn-ne-unsafe:LLC-load:1561695979.1:8661849.26709418
4.7.0-damn-ne-unsafe:enp4s0f1_rx_packets:0.35:1.19478031453485
4.7.0-damn-ne-unsafe:enp4s0f0_rx_packets_phy:0:0
4.7.0-damn-ne-unsafe:cpu_9:46.31875:4.66016694309335
4.7.0-damn-ne-unsafe:SKT1_l3miss:559450000:28674858.325718
4.7.0-damn-ne-unsafe:TOTAL_l3mpi:0.01:5.20417042793042e-18
4.7.0-damn-ne-unsafe:SKT0_l2mpi:0.01:5.20417042793042e-18
4.7.0-damn-ne-unsafe:Read:27216.02425:463.499051600365
4.7.0-damn-ne-unsafe:enp4s0f0_tx_bytes:4856569112.725:2140115.7665004
4.7.0-damn-ne-unsafe:cpu_26:36.77025:4.71217969070578
4.7.0-damn-ne-unsafe:SKT0_l2miss:736150000:30606004.3128795
4.7.0-damn-ne-unsafe:cpu_12:42.701:6.56386768605218
4.7.0-damn-ne-unsafe:cpu_23:48.582:3.60672094845165
4.7.0-damn-ne-unsafe:Total_tx_packets:3152909.775:4018.41980439762
4.7.0-damn-ne-unsafe:cpu_21:47.184:3.66886208517028
4.7.0-damn-ne-unsafe:cpu_20:39.8185:1.69701878304278
4.7.0-damn-ne-unsafe:cpu_17:47.97925:3.39689592679847
4.7.0-damn-ne-unsafe:cpu_1:44.79275:3.68536564502086
4.7.0-damn-ne-unsafe:enp4s0f0_tx_packets:599650.075:264.370609892628
4.7.0-damn-ne-unsafe:SKT0_l3hit:0.3325:0.0149582753016516
4.7.0-damn-ne-unsafe:cycles:169460865923.075:1451068061.67096
4.7.0-damn-ne-unsafe:SKT1_l3mpi:0.01:5.20417042793042e-18
4.7.0-unsafe:SKT0_l2miss:395600000:20267955.0029104
4.7.0-unsafe:cpu_26:100:0
4.7.0-unsafe:enp4s0f0_tx_bytes:4806969259.125:66940914.0633784
4.7.0-unsafe:Read:15015.87675:137.608533408861
4.7.0-unsafe:cycles:336029470972.125:558819632.255168
4.7.0-unsafe:SKT0_l3hit:0.43375:0.023946555075835
4.7.0-unsafe:SKT1_l3mpi:0:0
4.7.0-unsafe:enp4s0f0_tx_packets:593525.775:8265.32735433842
4.7.0-unsafe:Total_tx_packets:2427738.7:41178.520135017
4.7.0-unsafe:cpu_21:100:0
4.7.0-unsafe:cpu_20:100:0
4.7.0-unsafe:cpu_17:100:0
4.7.0-unsafe:cpu_1:100:0
4.7.0-unsafe:cpu_12:100:0
4.7.0-unsafe:cpu_23:100:0
4.7.0-unsafe:LLC-load:1092916123.8:39487714.2358183
4.7.0-unsafe:enp4s0f1_rx_packets:0:0
4.7.0-unsafe:enp4s0f1_tx_queue_stopped:0:0
4.7.0-unsafe:enp130s0f0_tx_queue_stopped:0:0
4.7.0-unsafe:enp130s0f1_tx_bytes_phy:4636502418.2:162134832.264627
4.7.0-unsafe:Total_rx_bytes_phy:857.75:822.551905657023
4.7.0-unsafe:TOTAL_l3mpi:0:0
4.7.0-unsafe:SKT0_l2mpi:0.008:0.004
4.7.0-unsafe:SKT1_l3miss:223275000:8206666.49742756
4.7.0-unsafe:cpu_9:100:0
4.7.0-unsafe:enp4s0f0_rx_packets_phy:0:0
4.7.0-unsafe:TOTAL_l3hit:0.4735:0.0195639975465138
4.7.0-unsafe:cpu_19:100:0
4.7.0-unsafe:cpu_16:100:0
4.7.0-unsafe:enp4s0f1_rx_packets_phy:3.75:4.81014552794403
4.7.0-unsafe:cpu_5:100:0
4.7.0-unsafe:SKT0_l2hit:0.3425:0.0178535710713571
4.7.0-unsafe:TOTAL_l2mpi:0.01:5.20417042793042e-18
4.7.0-unsafe:cache-misses:443350263.65:15144327.9189465
4.7.0-unsafe:enp130s0f0_tx_packets:655990.95:18117.6734833008
4.7.0-unsafe:Memory:15582.7865:148.542133796274
4.7.0-unsafe:enp4s0f1_rx_bytes_phy:253.4:320.833118614647
4.7.0-unsafe:enp130s0f0_rx_bytes_phy:589:773.048349070095
4.7.0-unsafe:enp4s0f0_tx_packets_phy:593704.55:8551.92519538729
4.7.0-unsafe:enp130s0f1_rx_packets:0:0
4.7.0-unsafe:cpu_15:100:0
4.7.0-unsafe:cpu_0:100:0
4.7.0-unsafe:enp4s0f0_rx_bytes_phy:0:0
4.7.0-unsafe:LLC-store-misses:96125832.15:3117802.15568358
4.7.0-unsafe:enp130s0f0_tx_packets_phy:655047.725:18359.0411078404
4.7.0-unsafe:enp130s0f1_rx_bytes:15.25:95.2362194755756
4.7.0-unsafe:SKT1_l3hit:0.5065:0.0284209429822446
4.7.0-unsafe:instructions:153165982390.725:1929420794.29049
4.7.0-unsafe:LLC-load-misses:145662671.65:3899702.74472817
4.7.0-unsafe:cpu_2:100:0
4.7.0-unsafe:enp4s0f1_rx_bytes:0:0
4.7.0-unsafe:Total_tx_bytes_phy:19664772928.325:336024060.660043
4.7.0-unsafe:TOTAL_l2hit:0.3435:0.0163630681719536
4.7.0-unsafe:cpu_10:99.95825:0.260728666433133
4.7.0-unsafe:enp4s0f1_tx_packets:606128.65:17210.6472315105
4.7.0-unsafe:SKT1_l2hit:0.3445:0.0185674446276271
4.7.0-unsafe:cpu_total:99.9955:0.0237644692766332
4.7.0-unsafe:Total_tx_packets_phy:2426850.375:41468.5700806572
4.7.0-unsafe:enp130s0f0_rx_packets_phy:8.95:11.9351372007196
4.7.0-unsafe:Total_rx_packets:0:0
4.7.0-unsafe:Total_tx_bytes:19662270973.45:333508758.173714
4.7.0-unsafe:TOTAL_ipc:0.45675:0.00647591692349431
4.7.0-unsafe:enp130s0f1_tx_bytes:4633388109.45:165073987.655035
4.7.0-unsafe:enp4s0f1_tx_packets_phy:605902.7:17241.6075703514
4.7.0-unsafe:cpu_8:99.95825:0.260728666433133
4.7.0-unsafe:enp130s0f0_tx_bytes_phy:5307848411.8:148760184.016109
4.7.0-unsafe:enp130s0f1_rx_packets_phy:0:0
4.7.0-unsafe:cpu_24:100:0
4.7.0-unsafe:enp130s0f0_tx_bytes:5312872745.325:146739095.949555
4.7.0-unsafe:cache-references:5598722620.3:136140035.118394
4.7.0-unsafe:enp4s0f1_tx_bytes_phy:4909634944.1:139705152.090063
4.7.0-unsafe:cpu_7:100:0
4.7.0-unsafe:enp4s0f0_rx_packets:0:0
4.7.0-unsafe:Total_rx_bytes:15.25:95.2362194755756
4.7.0-unsafe:cpu_22:100:0
4.7.0-unsafe:SKT0_l3mpi:0:0
4.7.0-unsafe:cpu_4:99.97925:0.129583708466767
4.7.0-unsafe:enp4s0f0_tx_queue_stopped:0:0
4.7.0-unsafe:SKT1_l2miss:453100000:12727529.2181947
4.7.0-unsafe:cpu_13:100:0
4.7.0-unsafe:TOTAL_l2miss:849200000:11876868.2740864
4.7.0-unsafe:SKT1_l2mpi:0.01:5.20417042793042e-18
4.7.0-unsafe:TOTAL_l3miss:447100000:16408534.3647749
4.7.0-unsafe:enp4s0f0_rx_bytes:0:0
4.7.0-unsafe:Total_rx_packets_phy:12.7:12.7440182046323
4.7.0-unsafe:SKT0_ipc:0.44525:0.00547151715705983
4.7.0-unsafe:enp4s0f1_tx_bytes:4909040859.55:139386903.810767
4.7.0-unsafe:LLC-store:1029410950.575:20772088.1457858
4.7.0-unsafe:cpu_27:100:0
4.7.0-unsafe:enp130s0f0_rx_packets:0:0
4.7.0-unsafe:SKT0_l3miss:223425000:8419879.74973515
4.7.0-unsafe:cpu_11:100:0
4.7.0-unsafe:cpu_14:100:0
4.7.0-unsafe:cpu_6:100:0
4.7.0-unsafe:SKT1_ipc:0.467:0.0097979589711327
4.7.0-unsafe:cpu_25:100:0
4.7.0-unsafe:enp130s0f1_tx_queue_stopped:0:0
4.7.0-unsafe:cpu_18:100:0
4.7.0-unsafe:enp130s0f0_rx_bytes:0:0
4.7.0-unsafe:enp130s0f1_tx_packets:572093.325:20382.0367730847
4.7.0-unsafe:enp130s0f1_rx_bytes_phy:15.35:95.8607192754154
4.7.0-unsafe:cpu_3:99.9795:0.128022458967166
4.7.0-unsafe:Write:566.911:21.8314747325965
4.7.0-unsafe:enp130s0f1_tx_packets_phy:572195.4:20008.178552532
4.7.0-unsafe:enp4s0f0_tx_bytes_phy:4810787154.225:69296510.5246528
4.7.0-unsafe:Total_tx_queue_stopped:0:0
