4.7.0-copy-plus-hp-strict:cpu_total:4.838
4.7.0-copy-plus-hp-strict:TOTAL_l2mpi:0.136
4.7.0-copy-plus-hp-strict:enp4s0f1_rx_bytes:1992344361.4
4.7.0-copy-plus-hp-strict:cpu_22:0.192
4.7.0-copy-plus-hp-strict:SKT1_l3hit:0.412
4.7.0-copy-plus-hp-strict:SKT0_l2hit:0.14
4.7.0-copy-plus-hp-strict:enp130s0f0_tx_packets:0
4.7.0-copy-plus-hp-strict:cpu_24:0
4.7.0-copy-plus-hp-strict:cpu_16:0
4.7.0-copy-plus-hp-strict:Total_tx_packets:25229.8
4.7.0-copy-plus-hp-strict:cycles:20684307703
4.7.0-copy-plus-hp-strict:cpu_1:100
4.7.0-copy-plus-hp-strict:enp4s0f0_rx_packets_phy:0
4.7.0-copy-plus-hp-strict:enp4s0f0_tx_packets_phy:0
4.7.0-copy-plus-hp-strict:enp4s0f1_rx_bytes_phy:2004894484.8
4.7.0-copy-plus-hp-strict:cache-misses:178311313.4
4.7.0-copy-plus-hp-strict:enp130s0f1_tx_queue_stopped:0
4.7.0-copy-plus-hp-strict:SKT0_l3hit:0.83
4.7.0-copy-plus-hp-strict:Total_rx_packets:69386.8
4.7.0-copy-plus-hp-strict:enp4s0f0_tx_queue_stopped:0
4.7.0-copy-plus-hp-strict:cpu_8:0
4.7.0-copy-plus-hp-strict:SKT0_l3mpi:0
4.7.0-copy-plus-hp-strict:cpu_2:0
4.7.0-copy-plus-hp-strict:enp130s0f1_tx_bytes:1099368
4.7.0-copy-plus-hp-strict:enp4s0f1_tx_bytes:574282.4
4.7.0-copy-plus-hp-strict:cpu_6:0.384
4.7.0-copy-plus-hp-strict:enp130s0f1_rx_packets:34680.6
4.7.0-copy-plus-hp-strict:SKT0_l3miss:234000
4.7.0-copy-plus-hp-strict:SKT1_l2mpi:0.142
4.7.0-copy-plus-hp-strict:TOTAL_l3mpi:0.082
4.7.0-copy-plus-hp-strict:enp4s0f0_tx_packets:0
4.7.0-copy-plus-hp-strict:SKT1_l3miss:183000000
4.7.0-copy-plus-hp-strict:cpu_14:0.192
4.7.0-copy-plus-hp-strict:SKT0_l2mpi:0.02
4.7.0-copy-plus-hp-strict:cpu_21:0
4.7.0-copy-plus-hp-strict:cpu_17:10.77
4.7.0-copy-plus-hp-strict:Total_tx_queue_stopped:0
4.7.0-copy-plus-hp-strict:enp130s0f0_rx_bytes:0
4.7.0-copy-plus-hp-strict:LLC-store-misses:21968368
4.7.0-copy-plus-hp-strict:enp130s0f0_tx_packets_phy:0
4.7.0-copy-plus-hp-strict:enp4s0f1_tx_packets_phy:8664.4
4.7.0-copy-plus-hp-strict:TOTAL_l2hit:0.474
4.7.0-copy-plus-hp-strict:Write:8114.494
4.7.0-copy-plus-hp-strict:Total_rx_bytes_phy:4167853469.4
4.7.0-copy-plus-hp-strict:Read:3183.388
4.7.0-copy-plus-hp-strict:TOTAL_l3hit:0.412
4.7.0-copy-plus-hp-strict:SKT1_l3mpi:0.086
4.7.0-copy-plus-hp-strict:enp130s0f0_tx_bytes_phy:0
4.7.0-copy-plus-hp-strict:enp4s0f1_tx_packets:8668
4.7.0-copy-plus-hp-strict:LLC-load:305787337.4
4.7.0-copy-plus-hp-strict:cpu_25:0
4.7.0-copy-plus-hp-strict:TOTAL_l3miss:183000000
4.7.0-copy-plus-hp-strict:SKT0_ipc:0.402
4.7.0-copy-plus-hp-strict:SKT1_ipc:0.108
4.7.0-copy-plus-hp-strict:cpu_12:0
4.7.0-copy-plus-hp-strict:enp130s0f1_rx_bytes:2149895013.8
4.7.0-copy-plus-hp-strict:LLC-store:617713934.6
4.7.0-copy-plus-hp-strict:enp4s0f0_rx_packets:0
4.7.0-copy-plus-hp-strict:cpu_27:11.73
4.7.0-copy-plus-hp-strict:SKT0_l2miss:1375600
4.7.0-copy-plus-hp-strict:cpu_20:0
4.7.0-copy-plus-hp-strict:cpu_11:22.136
4.7.0-copy-plus-hp-strict:enp130s0f1_tx_packets_phy:16534.8
4.7.0-copy-plus-hp-strict:Total_tx_bytes:1673650.4
4.7.0-copy-plus-hp-strict:Total_tx_packets_phy:25199.2
4.7.0-copy-plus-hp-strict:enp130s0f0_rx_packets:0
4.7.0-copy-plus-hp-strict:enp130s0f0_tx_bytes:0
4.7.0-copy-plus-hp-strict:enp4s0f1_tx_queue_stopped:0
4.7.0-copy-plus-hp-strict:cpu_15:0.386
4.7.0-copy-plus-hp-strict:enp130s0f1_rx_bytes_phy:2162958984.6
4.7.0-copy-plus-hp-strict:enp4s0f0_rx_bytes_phy:0
4.7.0-copy-plus-hp-strict:enp4s0f0_rx_bytes:0
4.7.0-copy-plus-hp-strict:enp4s0f1_rx_packets:34706.2
4.7.0-copy-plus-hp-strict:cpu_13:0
4.7.0-copy-plus-hp-strict:cpu_19:0
4.7.0-copy-plus-hp-strict:TOTAL_l2miss:313000000
4.7.0-copy-plus-hp-strict:cpu_10:0.192
4.7.0-copy-plus-hp-strict:cpu_26:0.192
4.7.0-copy-plus-hp-strict:cpu_7:0
4.7.0-copy-plus-hp-strict:cpu_5:0
4.7.0-copy-plus-hp-strict:Total_rx_bytes:4142239375.2
4.7.0-copy-plus-hp-strict:Memory:11297.882
4.7.0-copy-plus-hp-strict:cpu_18:0.386
4.7.0-copy-plus-hp-strict:SKT1_l2hit:0.478
4.7.0-copy-plus-hp-strict:enp4s0f1_rx_packets_phy:222542.8
4.7.0-copy-plus-hp-strict:TOTAL_ipc:0.112
4.7.0-copy-plus-hp-strict:cpu_23:0.192
4.7.0-copy-plus-hp-strict:16384:87380
4.7.0-copy-plus-hp-strict:enp130s0f0_rx_bytes_phy:0
4.7.0-copy-plus-hp-strict:cache-references:1518183884.6
4.7.0-copy-plus-hp-strict:cpu_0:0.192
4.7.0-copy-plus-hp-strict:instructions:2327963000.4
4.7.0-copy-plus-hp-strict:enp4s0f1_tx_bytes_phy:608686.2
4.7.0-copy-plus-hp-strict:enp130s0f0_tx_queue_stopped:0
4.7.0-copy-plus-hp-strict:enp130s0f1_rx_packets_phy:240190.2
4.7.0-copy-plus-hp-strict:enp130s0f1_tx_packets:16561.8
4.7.0-copy-plus-hp-strict:enp130s0f1_tx_bytes_phy:1163719.6
4.7.0-copy-plus-hp-strict:LLC-load-misses:70676842.2
4.7.0-copy-plus-hp-strict:SKT1_l2miss:311600000
4.7.0-copy-plus-hp-strict:cpu_9:0.192
4.7.0-copy-plus-hp-strict:enp4s0f0_tx_bytes_phy:0
4.7.0-copy-plus-hp-strict:cpu_4:0
4.7.0-copy-plus-hp-strict:Total_tx_bytes_phy:1772405.8
4.7.0-copy-plus-hp-strict:cpu_3:0
4.7.0-copy-plus-hp-strict:enp4s0f0_tx_bytes:0
4.7.0-copy-plus-hp-strict:enp130s0f0_rx_packets_phy:0
4.7.0-copy-plus-hp-strict:Total_rx_packets_phy:462733
4.7.0-damn-strict:Write:6107.046
4.7.0-damn-strict:Read:4896.494
4.7.0-damn-strict:TOTAL_l3hit:0.278
4.7.0-damn-strict:SKT1_l3mpi:0.082
4.7.0-damn-strict:Total_rx_bytes_phy:6104466050
4.7.0-damn-strict:LLC-store-misses:632457
4.7.0-damn-strict:TOTAL_l2hit:0.31
4.7.0-damn-strict:enp4s0f1_tx_packets_phy:26617
4.7.0-damn-strict:enp130s0f0_tx_packets_phy:0
4.7.0-damn-strict:TOTAL_l3miss:274200000
4.7.0-damn-strict:SKT0_ipc:0.432
4.7.0-damn-strict:cpu_25:0
4.7.0-damn-strict:LLC-load:342060196.2
4.7.0-damn-strict:SKT1_ipc:0.206
4.7.0-damn-strict:enp130s0f0_tx_bytes_phy:0
4.7.0-damn-strict:enp4s0f1_tx_packets:26277.4
4.7.0-damn-strict:enp4s0f1_tx_bytes:1734349.4
4.7.0-damn-strict:enp130s0f1_rx_packets:42767
4.7.0-damn-strict:cpu_6:0
4.7.0-damn-strict:SKT0_l3mpi:0
4.7.0-damn-strict:cpu_8:0
4.7.0-damn-strict:enp130s0f1_tx_bytes:599643
4.7.0-damn-strict:cpu_2:1.36
4.7.0-damn-strict:SKT1_l3miss:273200000
4.7.0-damn-strict:TOTAL_l3mpi:0.078
4.7.0-damn-strict:enp4s0f0_tx_packets:0
4.7.0-damn-strict:Total_tx_queue_stopped:0
4.7.0-damn-strict:enp130s0f0_rx_bytes:0
4.7.0-damn-strict:SKT0_l2mpi:0.018
4.7.0-damn-strict:cpu_21:0
4.7.0-damn-strict:cpu_14:0
4.7.0-damn-strict:cpu_17:1.166
4.7.0-damn-strict:SKT1_l2mpi:0.112
4.7.0-damn-strict:SKT0_l3miss:877600
4.7.0-damn-strict:cpu_1:100
4.7.0-damn-strict:enp4s0f0_rx_packets_phy:0
4.7.0-damn-strict:enp4s0f0_tx_packets_phy:0
4.7.0-damn-strict:enp4s0f0_tx_queue_stopped:0
4.7.0-damn-strict:enp130s0f1_tx_queue_stopped:0
4.7.0-damn-strict:cache-misses:275370938
4.7.0-damn-strict:enp4s0f1_rx_bytes_phy:3449009615
4.7.0-damn-strict:Total_rx_packets:100920
4.7.0-damn-strict:SKT0_l3hit:0.764
4.7.0-damn-strict:TOTAL_l2mpi:0.108
4.7.0-damn-strict:enp4s0f1_rx_bytes:3425613757.6
4.7.0-damn-strict:cpu_total:3.342
4.7.0-damn-strict:cpu_16:0
4.7.0-damn-strict:Total_tx_packets:35362
4.7.0-damn-strict:cpu_24:0
4.7.0-damn-strict:cycles:16342972640.2
4.7.0-damn-strict:cpu_22:0
4.7.0-damn-strict:SKT1_l3hit:0.278
4.7.0-damn-strict:enp130s0f0_tx_packets:0
4.7.0-damn-strict:SKT0_l2hit:0.142
4.7.0-damn-strict:cpu_9:1.166
4.7.0-damn-strict:enp4s0f0_tx_bytes_phy:0
4.7.0-damn-strict:cpu_4:0.194
4.7.0-damn-strict:enp130s0f1_tx_packets:9084.6
4.7.0-damn-strict:SKT1_l2miss:378400000
4.7.0-damn-strict:enp130s0f1_tx_bytes_phy:636390.2
4.7.0-damn-strict:LLC-load-misses:180828414.6
4.7.0-damn-strict:Total_rx_packets_phy:678254.6
4.7.0-damn-strict:enp130s0f0_rx_packets_phy:0
4.7.0-damn-strict:enp4s0f0_tx_bytes:0
4.7.0-damn-strict:Total_tx_bytes_phy:2497593.2
4.7.0-damn-strict:cpu_3:0.194
4.7.0-damn-strict:SKT1_l2hit:0.312
4.7.0-damn-strict:enp4s0f1_rx_packets_phy:383111.6
4.7.0-damn-strict:Memory:11003.542
4.7.0-damn-strict:cpu_18:0
4.7.0-damn-strict:Total_rx_bytes:6064475884.8
4.7.0-damn-strict:instructions:3522605611
4.7.0-damn-strict:cpu_0:0
4.7.0-damn-strict:enp4s0f1_tx_bytes_phy:1861203
4.7.0-damn-strict:enp130s0f1_rx_packets_phy:295143
4.7.0-damn-strict:enp130s0f0_tx_queue_stopped:0
4.7.0-damn-strict:cpu_23:0
4.7.0-damn-strict:TOTAL_ipc:0.214
4.7.0-damn-strict:cache-references:1198420595.8
4.7.0-damn-strict:enp130s0f0_rx_bytes_phy:0
4.7.0-damn-strict:16384:87380
4.7.0-damn-strict:enp4s0f0_rx_bytes_phy:0
4.7.0-damn-strict:enp130s0f1_rx_bytes_phy:2655456435
4.7.0-damn-strict:cpu_15:0
4.7.0-damn-strict:enp130s0f0_tx_bytes:0
4.7.0-damn-strict:enp4s0f1_tx_queue_stopped:0
4.7.0-damn-strict:cpu_26:0
4.7.0-damn-strict:TOTAL_l2miss:381200000
4.7.0-damn-strict:cpu_10:0
4.7.0-damn-strict:cpu_19:0
4.7.0-damn-strict:cpu_7:0
4.7.0-damn-strict:cpu_5:1.166
4.7.0-damn-strict:enp4s0f1_rx_packets:58153
4.7.0-damn-strict:enp4s0f0_rx_bytes:0
4.7.0-damn-strict:cpu_13:0
4.7.0-damn-strict:enp4s0f0_rx_packets:0
4.7.0-damn-strict:cpu_20:0
4.7.0-damn-strict:SKT0_l2miss:2608200
4.7.0-damn-strict:cpu_27:0
4.7.0-damn-strict:LLC-store:419227584.6
4.7.0-damn-strict:enp130s0f1_rx_bytes:2638862127.2
4.7.0-damn-strict:cpu_12:0
4.7.0-damn-strict:Total_tx_packets_phy:35707.6
4.7.0-damn-strict:enp130s0f0_rx_packets:0
4.7.0-damn-strict:cpu_11:1.166
4.7.0-damn-strict:Total_tx_bytes:2333992.4
4.7.0-damn-strict:enp130s0f1_tx_packets_phy:9090.6
4.7.0-unsafe:cpu_9:0
4.7.0-unsafe:enp4s0f0_tx_bytes_phy:0
4.7.0-unsafe:cpu_4:0
4.7.0-unsafe:LLC-load-misses:188999801.2
4.7.0-unsafe:enp130s0f1_tx_bytes_phy:534546.2
4.7.0-unsafe:SKT1_l2miss:329200000
4.7.0-unsafe:enp130s0f1_tx_packets:7491.6
4.7.0-unsafe:Total_rx_packets_phy:687630.6
4.7.0-unsafe:enp130s0f0_rx_packets_phy:0
4.7.0-unsafe:Total_tx_bytes_phy:2474539.6
4.7.0-unsafe:cpu_3:1.554
4.7.0-unsafe:enp4s0f0_tx_bytes:0
4.7.0-unsafe:enp4s0f1_rx_packets_phy:386378.4
4.7.0-unsafe:SKT1_l2hit:0.238
4.7.0-unsafe:Total_rx_bytes:6145638263.2
4.7.0-unsafe:Memory:11048.286
4.7.0-unsafe:cpu_18:0
4.7.0-unsafe:enp130s0f1_rx_packets_phy:301252.2
4.7.0-unsafe:enp130s0f0_tx_queue_stopped:0
4.7.0-unsafe:enp4s0f1_tx_bytes_phy:1939993.4
4.7.0-unsafe:instructions:3572205797.8
4.7.0-unsafe:cpu_0:0
4.7.0-unsafe:16384:87380
4.7.0-unsafe:enp130s0f0_rx_bytes_phy:0
4.7.0-unsafe:cache-references:1213538246.2
4.7.0-unsafe:TOTAL_ipc:0.222
4.7.0-unsafe:cpu_23:0
4.7.0-unsafe:cpu_15:0
4.7.0-unsafe:enp130s0f1_rx_bytes_phy:2711471684.8
4.7.0-unsafe:enp4s0f0_rx_bytes_phy:0
4.7.0-unsafe:enp4s0f1_tx_queue_stopped:0
4.7.0-unsafe:enp130s0f0_tx_bytes:0
4.7.0-unsafe:cpu_7:0
4.7.0-unsafe:cpu_5:1.36
4.7.0-unsafe:TOTAL_l2miss:331000000
4.7.0-unsafe:cpu_10:0
4.7.0-unsafe:cpu_19:2.136
4.7.0-unsafe:cpu_26:0
4.7.0-unsafe:cpu_13:0
4.7.0-unsafe:enp4s0f0_rx_bytes:0
4.7.0-unsafe:enp4s0f1_rx_packets:60356.4
4.7.0-unsafe:cpu_27:0
4.7.0-unsafe:cpu_20:0
4.7.0-unsafe:SKT0_l2miss:1778000
4.7.0-unsafe:enp4s0f0_rx_packets:0
4.7.0-unsafe:cpu_12:0
4.7.0-unsafe:enp130s0f1_rx_bytes:2689926726.2
4.7.0-unsafe:LLC-store:420146500.6
4.7.0-unsafe:enp130s0f0_rx_packets:0
4.7.0-unsafe:Total_tx_packets_phy:35156.4
4.7.0-unsafe:enp130s0f1_tx_packets_phy:7515.6
4.7.0-unsafe:Total_tx_bytes:2326961
4.7.0-unsafe:cpu_11:1.166
4.7.0-unsafe:Total_rx_bytes_phy:6191584658
4.7.0-unsafe:Read:4866.306
4.7.0-unsafe:TOTAL_l3hit:0.176
4.7.0-unsafe:SKT1_l3mpi:0.08
4.7.0-unsafe:Write:6181.984
4.7.0-unsafe:enp4s0f1_tx_packets_phy:27640.8
4.7.0-unsafe:enp130s0f0_tx_packets_phy:0
4.7.0-unsafe:TOTAL_l2hit:0.238
4.7.0-unsafe:LLC-store-misses:1073868.2
4.7.0-unsafe:SKT1_ipc:0.218
4.7.0-unsafe:LLC-load:356693369.8
4.7.0-unsafe:cpu_25:0.97
4.7.0-unsafe:SKT0_ipc:0.364
4.7.0-unsafe:TOTAL_l3miss:273200000
4.7.0-unsafe:enp4s0f1_tx_packets:27555
4.7.0-unsafe:enp130s0f0_tx_bytes_phy:0
4.7.0-unsafe:enp130s0f1_rx_packets:43530.8
4.7.0-unsafe:cpu_6:0
4.7.0-unsafe:enp4s0f1_tx_bytes:1824128.6
4.7.0-unsafe:cpu_2:0
4.7.0-unsafe:enp130s0f1_tx_bytes:502832.4
4.7.0-unsafe:cpu_8:0
4.7.0-unsafe:SKT0_l3mpi:0
4.7.0-unsafe:SKT0_l2mpi:0.018
4.7.0-unsafe:cpu_21:0
4.7.0-unsafe:cpu_17:0.388
4.7.0-unsafe:cpu_14:0
4.7.0-unsafe:Total_tx_queue_stopped:0
4.7.0-unsafe:enp130s0f0_rx_bytes:0
4.7.0-unsafe:SKT1_l3miss:272400000
4.7.0-unsafe:TOTAL_l3mpi:0.078
4.7.0-unsafe:enp4s0f0_tx_packets:0
4.7.0-unsafe:SKT1_l2mpi:0.094
4.7.0-unsafe:SKT0_l3miss:280600
4.7.0-unsafe:enp4s0f0_rx_packets_phy:0
4.7.0-unsafe:enp4s0f0_tx_packets_phy:0
4.7.0-unsafe:cpu_1:99.418
4.7.0-unsafe:enp4s0f0_tx_queue_stopped:0
4.7.0-unsafe:SKT0_l3hit:0.844
4.7.0-unsafe:Total_rx_packets:103887.2
4.7.0-unsafe:enp4s0f1_rx_bytes_phy:3480112973.2
4.7.0-unsafe:cache-misses:276167295.2
4.7.0-unsafe:enp130s0f1_tx_queue_stopped:0
4.7.0-unsafe:enp4s0f1_rx_bytes:3455711537
4.7.0-unsafe:TOTAL_l2mpi:0.09
4.7.0-unsafe:cpu_total:3.362
4.7.0-unsafe:cycles:16446170325.6
4.7.0-unsafe:cpu_24:0
4.7.0-unsafe:cpu_16:0
4.7.0-unsafe:Total_tx_packets:35046.6
4.7.0-unsafe:enp130s0f0_tx_packets:0
4.7.0-unsafe:SKT0_l2hit:0.114
4.7.0-unsafe:cpu_22:0
4.7.0-unsafe:SKT1_l3hit:0.172
