4.7.0-copy-plus-strict:cpu_21:53.073
4.7.0-copy-plus-strict:cpu_3:53.637
4.7.0-copy-plus-strict:LLC-load-misses:1000801575.1
4.7.0-copy-plus-strict:cpu_5:46.922
4.7.0-copy-plus-strict:enp130s0f0_tx_packets:261480.1
4.7.0-copy-plus-strict:enp4s0f0_rx_packets_phy:0
4.7.0-copy-plus-strict:enp130s0f1_rx_bytes:4085740185.5
4.7.0-copy-plus-strict:enp4s0f0_tx_bytes:0
4.7.0-copy-plus-strict:enp130s0f1_rx_bytes_phy:4100612620.6
4.7.0-copy-plus-strict:cpu_total:58.212
4.7.0-copy-plus-strict:cpu_16:55.964
4.7.0-copy-plus-strict:cycles:203271448842.7
4.7.0-copy-plus-strict:cpu_6:79.52
4.7.0-copy-plus-strict:cpu_14:45.365
4.7.0-copy-plus-strict:enp130s0f1_rx_packets_phy:558696.4
4.7.0-copy-plus-strict:LLC-store-misses:222755090.4
4.7.0-copy-plus-strict:cpu_25:52.446
4.7.0-copy-plus-strict:cpu_13:47.706
4.7.0-copy-plus-strict:Total_tx_packets_phy:1890576.9
4.7.0-copy-plus-strict:enp130s0f0_tx_bytes_phy:4501233360.4
4.7.0-copy-plus-strict:enp130s0f0_tx_bytes:4467246736.6
4.7.0-copy-plus-strict:Total_rx_bytes_phy:8409660537.8
4.7.0-copy-plus-strict:enp130s0f0_rx_packets_phy:601063.3
4.7.0-copy-plus-strict:enp4s0f0_tx_packets:0
4.7.0-copy-plus-strict:cpu_26:49.46
4.7.0-copy-plus-strict:enp130s0f0_rx_bytes:4292590551.5
4.7.0-copy-plus-strict:instructions:44248782791.9
4.7.0-copy-plus-strict:16384:87380
4.7.0-copy-plus-strict:cpu_2:77.177
4.7.0-copy-plus-strict:cpu_8:74.894
4.7.0-copy-plus-strict:enp130s0f0_rx_bytes_phy:4309047917.2
4.7.0-copy-plus-strict:enp4s0f0_rx_bytes_phy:0
4.7.0-copy-plus-strict:enp4s0f0_rx_packets:0
4.7.0-copy-plus-strict:enp130s0f1_tx_bytes:4200311418.7
4.7.0-copy-plus-strict:Total_tx_bytes:8667558155.3
4.7.0-copy-plus-strict:enp4s0f1_tx_packets_phy:0
4.7.0-copy-plus-strict:enp130s0f0_rx_packets:389388
4.7.0-copy-plus-strict:cpu_22:47.841
4.7.0-copy-plus-strict:enp4s0f1_rx_packets_phy:0
4.7.0-copy-plus-strict:enp4s0f1_rx_packets:0
4.7.0-copy-plus-strict:enp130s0f0_tx_packets_phy:1179306.1
4.7.0-copy-plus-strict:enp4s0f1_tx_bytes:0
4.7.0-copy-plus-strict:cache-references:8142513463.3
4.7.0-copy-plus-strict:cpu_7:47.955
4.7.0-copy-plus-strict:enp130s0f1_rx_packets:370499.2
4.7.0-copy-plus-strict:Total_rx_packets_phy:1159759.7
4.7.0-copy-plus-strict:enp4s0f0_rx_bytes:0
4.7.0-copy-plus-strict:enp130s0f1_tx_packets_phy:711270.8
4.7.0-copy-plus-strict:cpu_24:66.03
4.7.0-copy-plus-strict:enp4s0f1_tx_bytes_phy:0
4.7.0-copy-plus-strict:enp4s0f1_rx_bytes:0
4.7.0-copy-plus-strict:enp4s0f1_tx_packets:0
4.7.0-copy-plus-strict:cpu_15:56.913
4.7.0-copy-plus-strict:cpu_27:55.68
4.7.0-copy-plus-strict:cpu_20:75.735
4.7.0-copy-plus-strict:cpu_0:67.654
4.7.0-copy-plus-strict:Total_tx_bytes_phy:8707461708.7
4.7.0-copy-plus-strict:enp130s0f1_tx_bytes_phy:4206228348.3
4.7.0-copy-plus-strict:LLC-load:2153768824.2
4.7.0-copy-plus-strict:cpu_4:71.949
4.7.0-copy-plus-strict:cpu_11:50.988
4.7.0-copy-plus-strict:Total_rx_packets:759887.2
4.7.0-copy-plus-strict:Total_rx_bytes:8378330737
4.7.0-copy-plus-strict:cache-misses:2209446561.4
4.7.0-copy-plus-strict:LLC-store:2804078056.4
4.7.0-copy-plus-strict:Total_tx_packets:517237.5
4.7.0-copy-plus-strict:cpu_12:64.323
4.7.0-copy-plus-strict:cpu_19:49.574
4.7.0-copy-plus-strict:cpu_9:51.236
4.7.0-copy-plus-strict:enp4s0f1_rx_bytes_phy:0
4.7.0-copy-plus-strict:cpu_10:64.425
4.7.0-copy-plus-strict:cpu_23:55.83
4.7.0-copy-plus-strict:cpu_1:45.814
4.7.0-copy-plus-strict:cpu_18:62.061
4.7.0-copy-plus-strict:enp130s0f1_tx_packets:255757.4
4.7.0-copy-plus-strict:cpu_17:60.193
4.7.0-copy-plus-strict:enp4s0f0_tx_packets_phy:0
4.7.0-copy-plus-strict:enp4s0f0_tx_bytes_phy:0
4.7.0-damn-strict:cpu_20:35.586
4.7.0-damn-strict:cpu_27:34.411
4.7.0-damn-strict:enp4s0f1_tx_packets:0
4.7.0-damn-strict:cpu_15:33.528
4.7.0-damn-strict:enp4s0f1_rx_bytes:0
4.7.0-damn-strict:cpu_24:30.097
4.7.0-damn-strict:enp4s0f1_tx_bytes_phy:0
4.7.0-damn-strict:cpu_11:30.49
4.7.0-damn-strict:cpu_4:43.529
4.7.0-damn-strict:LLC-load:1296961963.6
4.7.0-damn-strict:cpu_0:35.096
4.7.0-damn-strict:Total_tx_bytes_phy:9726316628.4
4.7.0-damn-strict:enp130s0f1_tx_bytes_phy:4609153597.1
4.7.0-damn-strict:enp130s0f1_rx_packets:467244.5
4.7.0-damn-strict:cache-references:4807201051.1
4.7.0-damn-strict:enp4s0f1_tx_bytes:0
4.7.0-damn-strict:cpu_7:35.194
4.7.0-damn-strict:enp130s0f0_tx_packets_phy:1230940
4.7.0-damn-strict:enp130s0f1_tx_packets_phy:747410.6
4.7.0-damn-strict:enp4s0f0_rx_bytes:0
4.7.0-damn-strict:Total_rx_packets_phy:1274755.7
4.7.0-damn-strict:enp130s0f1_tx_packets:282570.7
4.7.0-damn-strict:cpu_17:34.313
4.7.0-damn-strict:cpu_18:44.412
4.7.0-damn-strict:enp4s0f0_tx_bytes_phy:0
4.7.0-damn-strict:enp4s0f0_tx_packets_phy:0
4.7.0-damn-strict:Total_tx_packets:556194.7
4.7.0-damn-strict:LLC-store:1574761437.9
4.7.0-damn-strict:cache-misses:1364787972.3
4.7.0-damn-strict:Total_rx_packets:894649.8
4.7.0-damn-strict:Total_rx_bytes:9225787107.3
4.7.0-damn-strict:cpu_1:30.391
4.7.0-damn-strict:cpu_23:34.117
4.7.0-damn-strict:cpu_9:34.214
4.7.0-damn-strict:enp4s0f1_rx_bytes_phy:0
4.7.0-damn-strict:cpu_10:35.391
4.7.0-damn-strict:cpu_12:38.921
4.7.0-damn-strict:cpu_19:31.863
4.7.0-damn-strict:cpu_14:38.627
4.7.0-damn-strict:enp130s0f1_rx_packets_phy:615825.7
4.7.0-damn-strict:cycles:130655313862.5
4.7.0-damn-strict:cpu_16:29.412
4.7.0-damn-strict:cpu_6:42.746
4.7.0-damn-strict:cpu_total:35.029
4.7.0-damn-strict:enp4s0f0_tx_bytes:0
4.7.0-damn-strict:enp130s0f1_rx_bytes_phy:4558591537.1
4.7.0-damn-strict:cpu_13:32.352
4.7.0-damn-strict:cpu_25:31.076
4.7.0-damn-strict:LLC-store-misses:172666824.2
4.7.0-damn-strict:cpu_21:33.92
4.7.0-damn-strict:enp4s0f0_rx_packets_phy:0
4.7.0-damn-strict:enp130s0f1_rx_bytes:4546276153.6
4.7.0-damn-strict:cpu_5:31.469
4.7.0-damn-strict:enp130s0f0_tx_packets:273624
4.7.0-damn-strict:LLC-load-misses:618452560.3
4.7.0-damn-strict:cpu_3:33.039
4.7.0-damn-strict:enp4s0f0_rx_packets:0
4.7.0-damn-strict:cpu_8:42.16
4.7.0-damn-strict:enp130s0f0_rx_bytes_phy:4697581699.7
4.7.0-damn-strict:enp4s0f0_rx_bytes_phy:0
4.7.0-damn-strict:cpu_2:35.685
4.7.0-damn-strict:16384:87380
4.7.0-damn-strict:enp4s0f1_rx_packets:0
4.7.0-damn-strict:enp4s0f1_rx_packets_phy:0
4.7.0-damn-strict:cpu_22:34.117
4.7.0-damn-strict:enp4s0f1_tx_packets_phy:0
4.7.0-damn-strict:enp130s0f0_rx_packets:427405.3
4.7.0-damn-strict:enp130s0f1_tx_bytes:4604481410.7
4.7.0-damn-strict:Total_tx_bytes:9688201144
4.7.0-damn-strict:enp130s0f0_tx_bytes_phy:5117163031.3
4.7.0-damn-strict:Total_tx_packets_phy:1978350.6
4.7.0-damn-strict:instructions:45687108867.1
4.7.0-damn-strict:cpu_26:34.706
4.7.0-damn-strict:enp130s0f0_rx_bytes:4679510953.7
4.7.0-damn-strict:Total_rx_bytes_phy:9256173236.8
4.7.0-damn-strict:enp130s0f0_tx_bytes:5083719733.3
4.7.0-damn-strict:enp130s0f0_rx_packets_phy:658930
4.7.0-damn-strict:enp4s0f0_tx_packets:0
4.7.0-deff:enp130s0f1_rx_bytes:4907282094.5
4.7.0-deff:enp4s0f0_rx_packets_phy:0
4.7.0-deff:cpu_3:35.816
4.7.0-deff:LLC-load-misses:724307292.3
4.7.0-deff:cpu_5:42.78
4.7.0-deff:enp130s0f0_tx_packets:328492.2
4.7.0-deff:cpu_21:37.2
4.7.0-deff:cpu_13:36.111
4.7.0-deff:LLC-store-misses:188745479.1
4.7.0-deff:cpu_25:37.656
4.7.0-deff:cpu_6:50.179
4.7.0-deff:cycles:154809172241.2
4.7.0-deff:cpu_16:35.216
4.7.0-deff:enp130s0f1_rx_packets_phy:657967.9
4.7.0-deff:cpu_14:59.275
4.7.0-deff:enp130s0f1_rx_bytes_phy:4924652961.9
4.7.0-deff:enp4s0f0_tx_bytes:0
4.7.0-deff:cpu_total:42.697
4.7.0-deff:instructions:63897971890.1
4.7.0-deff:enp4s0f0_tx_packets:0
4.7.0-deff:enp130s0f0_rx_packets_phy:820738.5
4.7.0-deff:Total_rx_bytes_phy:10906841837.6
4.7.0-deff:enp130s0f0_tx_bytes:6034482821.6
4.7.0-deff:enp130s0f0_rx_bytes:5958587735.3
4.7.0-deff:cpu_26:32.569
4.7.0-deff:enp130s0f0_tx_bytes_phy:6063859762.8
4.7.0-deff:Total_tx_packets_phy:2035816.9
4.7.0-deff:cpu_22:44.981
4.7.0-deff:enp4s0f1_rx_packets_phy:0
4.7.0-deff:enp4s0f1_rx_packets:0
4.7.0-deff:Total_tx_bytes:10782885620.5
4.7.0-deff:enp130s0f1_tx_bytes:4748402798.9
4.7.0-deff:enp130s0f0_rx_packets:512494.7
4.7.0-deff:enp4s0f1_tx_packets_phy:0
4.7.0-deff:enp4s0f0_rx_bytes_phy:0
4.7.0-deff:enp130s0f0_rx_bytes_phy:5982188875.7
4.7.0-deff:cpu_8:60.59
4.7.0-deff:enp4s0f0_rx_packets:0
4.7.0-deff:16384:87380
4.7.0-deff:cpu_2:42.862
4.7.0-deff:enp4s0f0_rx_bytes:0
4.7.0-deff:enp130s0f1_tx_packets_phy:728637.5
4.7.0-deff:Total_rx_packets_phy:1478706.4
4.7.0-deff:enp130s0f1_rx_packets:432747
4.7.0-deff:enp130s0f0_tx_packets_phy:1307179.4
4.7.0-deff:cache-references:5628053012.2
4.7.0-deff:enp4s0f1_tx_bytes:0
4.7.0-deff:cpu_7:45.602
4.7.0-deff:cpu_4:44.608
4.7.0-deff:cpu_11:38.745
4.7.0-deff:enp130s0f1_tx_bytes_phy:4751590479.8
4.7.0-deff:cpu_0:43.838
4.7.0-deff:Total_tx_bytes_phy:10815450242.6
4.7.0-deff:LLC-load:1552355408.3
4.7.0-deff:cpu_15:42.179
4.7.0-deff:enp4s0f1_tx_packets:0
4.7.0-deff:cpu_20:44.715
4.7.0-deff:cpu_27:43.553
4.7.0-deff:enp4s0f1_tx_bytes_phy:0
4.7.0-deff:cpu_24:33.472
4.7.0-deff:enp4s0f1_rx_bytes:0
4.7.0-deff:cpu_23:39.143
4.7.0-deff:cpu_1:41.502
4.7.0-deff:cpu_19:35.039
4.7.0-deff:cpu_12:45.118
4.7.0-deff:enp4s0f1_rx_bytes_phy:0
4.7.0-deff:cpu_10:54.569
4.7.0-deff:cpu_9:36.706
4.7.0-deff:LLC-store:1828699900.3
4.7.0-deff:Total_tx_packets:602876.6
4.7.0-deff:Total_rx_bytes:10865869829.8
4.7.0-deff:Total_rx_packets:945241.7
4.7.0-deff:cache-misses:1576269420.4
4.7.0-deff:enp4s0f0_tx_packets_phy:0
4.7.0-deff:enp4s0f0_tx_bytes_phy:0
4.7.0-deff:enp130s0f1_tx_packets:274384.4
4.7.0-deff:cpu_17:39.33
4.7.0-deff:cpu_18:52.155
4.7.0-strict:enp130s0f1_rx_packets_phy:533869
4.7.0-strict:cpu_14:90.606
4.7.0-strict:cpu_6:100
4.7.0-strict:cycles:249822265149.3
4.7.0-strict:cpu_16:36.433
4.7.0-strict:cpu_total:72.162
4.7.0-strict:enp130s0f1_rx_bytes_phy:4623714433
4.7.0-strict:enp4s0f0_tx_bytes:0
4.7.0-strict:cpu_13:59.238
4.7.0-strict:cpu_25:71.373
4.7.0-strict:LLC-store-misses:75309380.5
4.7.0-strict:cpu_21:81.85
4.7.0-strict:enp130s0f1_rx_bytes:4582947749
4.7.0-strict:enp4s0f0_rx_packets_phy:0
4.7.0-strict:enp130s0f0_tx_packets:116643.3
4.7.0-strict:cpu_5:60.052
4.7.0-strict:LLC-load-misses:463202068.6
4.7.0-strict:cpu_3:73.759
4.7.0-strict:enp4s0f0_rx_packets:0
4.7.0-strict:enp4s0f0_rx_bytes_phy:0
4.7.0-strict:cpu_8:67.691
4.7.0-strict:enp130s0f0_rx_bytes_phy:4698295502.9
4.7.0-strict:cpu_2:92.381
4.7.0-strict:16384:87380
4.7.0-strict:enp4s0f1_rx_packets:0
4.7.0-strict:cpu_22:87.653
4.7.0-strict:enp4s0f1_rx_packets_phy:0
4.7.0-strict:enp130s0f0_rx_packets:146561.3
4.7.0-strict:enp4s0f1_tx_packets_phy:0
4.7.0-strict:Total_tx_bytes:2522429450.5
4.7.0-strict:enp130s0f1_tx_bytes:1427885097
4.7.0-strict:enp130s0f0_tx_bytes_phy:1115345149.3
4.7.0-strict:Total_tx_packets_phy:806770.9
4.7.0-strict:instructions:73365085696.6
4.7.0-strict:enp130s0f0_rx_bytes:4670747335.8
4.7.0-strict:cpu_26:38.274
4.7.0-strict:enp4s0f0_tx_packets:0
4.7.0-strict:enp130s0f0_rx_packets_phy:537647.1
4.7.0-strict:Total_rx_bytes_phy:9322009935.9
4.7.0-strict:enp130s0f0_tx_bytes:1094544353.5
4.7.0-strict:cpu_27:86.812
4.7.0-strict:cpu_20:29.703
4.7.0-strict:cpu_15:56.228
4.7.0-strict:enp4s0f1_tx_packets:0
4.7.0-strict:enp4s0f1_rx_bytes:0
4.7.0-strict:enp4s0f1_tx_bytes_phy:0
4.7.0-strict:cpu_24:58.26
4.7.0-strict:cpu_11:67.278
4.7.0-strict:cpu_4:92.762
4.7.0-strict:LLC-load:845958317.8
4.7.0-strict:enp130s0f1_tx_bytes_phy:1431678331.4
4.7.0-strict:cpu_0:97.072
4.7.0-strict:Total_tx_bytes_phy:2547023480.7
4.7.0-strict:enp130s0f1_rx_packets:177912.2
4.7.0-strict:enp4s0f1_tx_bytes:0
4.7.0-strict:cache-references:2933742378.5
4.7.0-strict:cpu_7:68.159
4.7.0-strict:enp130s0f0_tx_packets_phy:525559.8
4.7.0-strict:enp130s0f1_tx_packets_phy:281211.1
4.7.0-strict:enp4s0f0_rx_bytes:0
4.7.0-strict:Total_rx_packets_phy:1071516.1
4.7.0-strict:cpu_17:73.09
4.7.0-strict:enp130s0f1_tx_packets:136715.6
4.7.0-strict:cpu_18:91.714
4.7.0-strict:enp4s0f0_tx_bytes_phy:0
4.7.0-strict:enp4s0f0_tx_packets_phy:0
4.7.0-strict:Total_tx_packets:253358.9
4.7.0-strict:LLC-store:979801926.7
4.7.0-strict:cache-misses:854204917.1
4.7.0-strict:Total_rx_bytes:9253695084.8
4.7.0-strict:Total_rx_packets:324473.5
4.7.0-strict:cpu_1:80.057
4.7.0-strict:cpu_23:75.501
4.7.0-strict:cpu_10:86.023
4.7.0-strict:enp4s0f1_rx_bytes_phy:0
4.7.0-strict:cpu_9:80.219
4.7.0-strict:cpu_19:84.616
4.7.0-strict:cpu_12:33.317
4.7.0-unsafe:cpu_13:35.881
4.7.0-unsafe:cpu_25:36.175
4.7.0-unsafe:LLC-store-misses:192519572
4.7.0-unsafe:cpu_14:49.805
4.7.0-unsafe:enp130s0f1_rx_packets_phy:665627.9
4.7.0-unsafe:cycles:150722351850.3
4.7.0-unsafe:cpu_16:46.079
4.7.0-unsafe:cpu_6:54.706
4.7.0-unsafe:cpu_total:40.937
4.7.0-unsafe:enp4s0f0_tx_bytes:0
4.7.0-unsafe:enp130s0f1_rx_bytes_phy:4983898407.7
4.7.0-unsafe:enp4s0f0_rx_packets_phy:0
4.7.0-unsafe:enp130s0f1_rx_bytes:4966184616.5
4.7.0-unsafe:cpu_5:35.293
4.7.0-unsafe:enp130s0f0_tx_packets:360495.4
4.7.0-unsafe:LLC-load-misses:773903508.3
4.7.0-unsafe:cpu_3:35.391
4.7.0-unsafe:cpu_21:38.921
4.7.0-unsafe:enp4s0f1_rx_packets:0
4.7.0-unsafe:enp4s0f1_rx_packets_phy:0
4.7.0-unsafe:cpu_22:35.295
4.7.0-unsafe:enp4s0f1_tx_packets_phy:0
4.7.0-unsafe:enp130s0f0_rx_packets:580823.9
4.7.0-unsafe:enp130s0f1_tx_bytes:4844823333
4.7.0-unsafe:Total_tx_bytes:11386809289.9
4.7.0-unsafe:enp4s0f0_rx_packets:0
4.7.0-unsafe:cpu_8:45.98
4.7.0-unsafe:enp130s0f0_rx_bytes_phy:7838216564.2
4.7.0-unsafe:enp4s0f0_rx_bytes_phy:0
4.7.0-unsafe:cpu_2:50.785
4.7.0-unsafe:16384:87380
4.7.0-unsafe:instructions:50641264100.1
4.7.0-unsafe:cpu_26:32.057
4.7.0-unsafe:enp130s0f0_rx_bytes:7803008901
4.7.0-unsafe:enp130s0f0_tx_bytes:6541985956.9
4.7.0-unsafe:Total_rx_bytes_phy:12822114971.9
4.7.0-unsafe:enp130s0f0_rx_packets_phy:1051318.6
4.7.0-unsafe:enp4s0f0_tx_packets:0
4.7.0-unsafe:enp130s0f0_tx_bytes_phy:6565321029.4
4.7.0-unsafe:Total_tx_packets_phy:2015880.9
4.7.0-unsafe:cpu_11:36.567
4.7.0-unsafe:cpu_4:40.098
4.7.0-unsafe:LLC-load:1648251322.8
4.7.0-unsafe:Total_tx_bytes_phy:11413103425.8
4.7.0-unsafe:cpu_0:46.079
4.7.0-unsafe:enp130s0f1_tx_bytes_phy:4847782396.4
4.7.0-unsafe:cpu_20:46.569
4.7.0-unsafe:cpu_27:36.766
4.7.0-unsafe:enp4s0f1_tx_packets:0
4.7.0-unsafe:cpu_15:37.548
4.7.0-unsafe:enp4s0f1_rx_bytes:0
4.7.0-unsafe:cpu_24:37.352
4.7.0-unsafe:enp4s0f1_tx_bytes_phy:0
4.7.0-unsafe:enp130s0f1_tx_packets_phy:732974
4.7.0-unsafe:enp4s0f0_rx_bytes:0
4.7.0-unsafe:Total_rx_packets_phy:1716946.5
4.7.0-unsafe:enp130s0f1_rx_packets:439091.8
4.7.0-unsafe:cache-references:6001443961.4
4.7.0-unsafe:enp4s0f1_tx_bytes:0
4.7.0-unsafe:cpu_7:36.077
4.7.0-unsafe:enp130s0f0_tx_packets_phy:1282906.9
4.7.0-unsafe:enp4s0f0_tx_bytes_phy:0
4.7.0-unsafe:enp4s0f0_tx_packets_phy:0
4.7.0-unsafe:enp130s0f1_tx_packets:273443.4
4.7.0-unsafe:cpu_17:35.292
4.7.0-unsafe:cpu_18:44.411
4.7.0-unsafe:cpu_23:39.511
4.7.0-unsafe:cpu_1:37.452
4.7.0-unsafe:cpu_9:35.981
4.7.0-unsafe:cpu_10:52.548
4.7.0-unsafe:enp4s0f1_rx_bytes_phy:0
4.7.0-unsafe:cpu_12:47.06
4.7.0-unsafe:cpu_19:40.588
4.7.0-unsafe:Total_tx_packets:633938.8
4.7.0-unsafe:LLC-store:2000971669.2
4.7.0-unsafe:cache-misses:1636837885.4
4.7.0-unsafe:Total_rx_packets:1019915.7
4.7.0-unsafe:Total_rx_bytes:12769193517.5
