4.7.0-damn-strict_128:enp4s0f1_tx_bytes_phy:0
4.7.0-damn-strict_128:enp130s0f0_tx_packets:93193
4.7.0-damn-strict_128:Write:11280.545
4.7.0-damn-strict_128:enp4s0f0_tx_packets_phy:0
4.7.0-damn-strict_128:cpu_18:7.84
4.7.0-damn-strict_128:cpu_10:10.295
4.7.0-damn-strict_128:cpu_11:25
4.7.0-damn-strict_128:cycles:67091767840.5
4.7.0-damn-strict_128:cpu_9:26.96
4.7.0-damn-strict_128:enp4s0f0_rx_bytes:0
4.7.0-damn-strict_128:cpu_21:11.765
4.7.0-damn-strict_128:Total_tx_packets:162533.5
4.7.0-damn-strict_128:enp4s0f1_tx_bytes:0
4.7.0-damn-strict_128:enp130s0f0_rx_packets_phy:285845.5
4.7.0-damn-strict_128:cache-misses:735660763.5
4.7.0-damn-strict_128:cpu_19:10.78
4.7.0-damn-strict_128:enp130s0f0_rx_bytes_phy:20011459.5
4.7.0-damn-strict_128:cpu_13:20.59
4.7.0-damn-strict_128:enp4s0f0_rx_packets:0
4.7.0-damn-strict_128:enp4s0f0_tx_bytes_phy:0
4.7.0-damn-strict_128:cpu_1:20.59
4.7.0-damn-strict_128:enp4s0f1_tx_packets_phy:0
4.7.0-damn-strict_128:cpu_2:29.41
4.7.0-damn-strict_128:enp130s0f0_tx_bytes_phy:6320656451.5
4.7.0-damn-strict_128:enp130s0f1_tx_bytes_phy:4736558582
4.7.0-damn-strict_128:cpu_26:9.31
4.7.0-damn-strict_128:cpu_20:10.29
4.7.0-damn-strict_128:enp4s0f0_tx_bytes:0
4.7.0-damn-strict_128:LLC-store:874366582
4.7.0-damn-strict_128:cpu_14:18.63
4.7.0-damn-strict_128:LLC-store-misses:125531485.5
4.7.0-damn-strict_128:LLC-load:565792684.5
4.7.0-damn-strict_128:enp130s0f0_rx_bytes:18866275.5
4.7.0-damn-strict_128:enp130s0f1_tx_packets_phy:3120262
4.7.0-damn-strict_128:enp130s0f1_rx_bytes_phy:16287819.5
4.7.0-damn-strict_128:cache-references:2387925151.5
4.7.0-damn-strict_128:enp130s0f1_tx_bytes:4724211659.5
4.7.0-damn-strict_128:enp130s0f1_rx_bytes:15358510
4.7.0-damn-strict_128:cpu_25:13.235
4.7.0-damn-strict_128:enp4s0f1_rx_packets_phy:0
4.7.0-damn-strict_128:cpu_15:20.59
4.7.0-damn-strict_128:enp4s0f0_tx_packets:0
4.7.0-damn-strict_128:enp130s0f0_rx_packets:285819
4.7.0-damn-strict_128:cpu_24:11.765
4.7.0-damn-strict_128:cpu_16:12.255
4.7.0-damn-strict_128:cpu_7:19.61
4.7.0-damn-strict_128:LLC-load-misses:255912062.5
4.7.0-damn-strict_128:cpu_6:28.43
4.7.0-damn-strict_128:Total_tx_bytes_phy:11057215033.5
4.7.0-damn-strict_128:Read:23583.19
4.7.0-damn-strict_128:Memory:34863.725
4.7.0-damn-strict_128:cpu_17:15.195
4.7.0-damn-strict_128:enp130s0f1_rx_packets_phy:232683.5
4.7.0-damn-strict_128:Total_rx_packets:518523
4.7.0-damn-strict_128:16384:87380
4.7.0-damn-strict_128:cpu_4:24.02
4.7.0-damn-strict_128:enp4s0f1_tx_packets:0
4.7.0-damn-strict_128:cpu_0:27.94
4.7.0-damn-strict_128:enp4s0f1_rx_bytes_phy:0
4.7.0-damn-strict_128:Total_tx_packets_phy:7284097
4.7.0-damn-strict_128:cpu_27:16.18
4.7.0-damn-strict_128:enp130s0f0_tx_packets_phy:4163835
4.7.0-damn-strict_128:cpu_8:23.04
4.7.0-damn-strict_128:enp4s0f1_rx_bytes:0
4.7.0-damn-strict_128:enp4s0f1_rx_packets:0
4.7.0-damn-strict_128:cpu_22:15.2
4.7.0-damn-strict_128:enp130s0f0_tx_bytes:6304879549
4.7.0-damn-strict_128:instructions:20811495522
4.7.0-damn-strict_128:cpu_12:21.57
4.7.0-damn-strict_128:cpu_total:18.05
4.7.0-damn-strict_128:enp130s0f1_tx_packets:69340.5
4.7.0-damn-strict_128:enp130s0f1_rx_packets:232704
4.7.0-damn-strict_128:Total_tx_bytes:11029091208.5
4.7.0-damn-strict_128:Total_rx_bytes_phy:36299279
4.7.0-damn-strict_128:cpu_3:21.57
4.7.0-damn-strict_128:cpu_23:10.785
4.7.0-damn-strict_128:cpu_5:25.98
4.7.0-damn-strict_128:enp4s0f0_rx_packets_phy:0
4.7.0-damn-strict_128:Total_rx_bytes:34224785.5
4.7.0-damn-strict_128:Total_rx_packets_phy:518529
4.7.0-damn-strict_128:enp4s0f0_rx_bytes_phy:0
4.7.0-damn-strict_16:cpu_12:25.49
4.7.0-damn-strict_16:cpu_total:18.525
4.7.0-damn-strict_16:instructions:22725439104
4.7.0-damn-strict_16:enp130s0f1_rx_packets:207326
4.7.0-damn-strict_16:Total_rx_bytes_phy:45937306.5
4.7.0-damn-strict_16:Total_tx_bytes:11038640236
4.7.0-damn-strict_16:enp130s0f1_tx_packets:69648
4.7.0-damn-strict_16:Total_rx_bytes:43317211
4.7.0-damn-strict_16:enp4s0f0_rx_packets_phy:0
4.7.0-damn-strict_16:cpu_3:29.41
4.7.0-damn-strict_16:cpu_5:23.53
4.7.0-damn-strict_16:cpu_23:6.86
4.7.0-damn-strict_16:enp4s0f0_rx_bytes_phy:0
4.7.0-damn-strict_16:Total_rx_packets_phy:656242
4.7.0-damn-strict_16:cpu_0:29.41
4.7.0-damn-strict_16:cpu_4:24.51
4.7.0-damn-strict_16:enp4s0f1_tx_packets:0
4.7.0-damn-strict_16:cpu_27:14.215
4.7.0-damn-strict_16:enp130s0f0_tx_packets_phy:4156884.5
4.7.0-damn-strict_16:cpu_8:22.55
4.7.0-damn-strict_16:enp4s0f1_rx_bytes:0
4.7.0-damn-strict_16:enp4s0f1_rx_bytes_phy:0
4.7.0-damn-strict_16:Total_tx_packets_phy:7291254
4.7.0-damn-strict_16:enp4s0f1_rx_packets:0
4.7.0-damn-strict_16:enp130s0f0_tx_bytes:6293514670.5
4.7.0-damn-strict_16:cpu_22:12.255
4.7.0-damn-strict_16:Total_tx_bytes_phy:11068142554
4.7.0-damn-strict_16:Read:23406.245
4.7.0-damn-strict_16:cpu_17:16.175
4.7.0-damn-strict_16:Memory:34680.93
4.7.0-damn-strict_16:enp130s0f1_rx_packets_phy:207266.5
4.7.0-damn-strict_16:16384:87380
4.7.0-damn-strict_16:Total_rx_packets:656318
4.7.0-damn-strict_16:enp4s0f0_tx_packets:0
4.7.0-damn-strict_16:cpu_15:12.745
4.7.0-damn-strict_16:enp4s0f1_rx_packets_phy:0
4.7.0-damn-strict_16:cpu_16:10.785
4.7.0-damn-strict_16:enp130s0f0_rx_packets:448992
4.7.0-damn-strict_16:cpu_24:14.215
4.7.0-damn-strict_16:LLC-load-misses:248307030.5
4.7.0-damn-strict_16:cpu_7:21.08
4.7.0-damn-strict_16:cpu_6:19.61
4.7.0-damn-strict_16:cache-references:2419554625.5
4.7.0-damn-strict_16:enp130s0f1_tx_bytes:4745125565.5
4.7.0-damn-strict_16:enp130s0f1_rx_bytes:13683556.5
4.7.0-damn-strict_16:cpu_25:18.63
4.7.0-damn-strict_16:enp130s0f1_tx_bytes_phy:4757972772
4.7.0-damn-strict_16:enp130s0f0_tx_bytes_phy:6310169782
4.7.0-damn-strict_16:cpu_26:17.65
4.7.0-damn-strict_16:cpu_20:10.29
4.7.0-damn-strict_16:LLC-store:886207634.5
4.7.0-damn-strict_16:cpu_14:18.14
4.7.0-damn-strict_16:enp4s0f0_tx_bytes:0
4.7.0-damn-strict_16:LLC-load:567854262.5
4.7.0-damn-strict_16:enp130s0f1_rx_bytes_phy:14508749
4.7.0-damn-strict_16:enp130s0f1_tx_packets_phy:3134369.5
4.7.0-damn-strict_16:enp130s0f0_rx_bytes:29633654.5
4.7.0-damn-strict_16:LLC-store-misses:127642347.5
4.7.0-damn-strict_16:enp130s0f0_rx_packets_phy:448975.5
4.7.0-damn-strict_16:cache-misses:734611280
4.7.0-damn-strict_16:enp4s0f1_tx_bytes:0
4.7.0-damn-strict_16:cpu_19:10.29
4.7.0-damn-strict_16:enp130s0f0_rx_bytes_phy:31428557.5
4.7.0-damn-strict_16:enp4s0f0_tx_bytes_phy:0
4.7.0-damn-strict_16:enp4s0f0_rx_packets:0
4.7.0-damn-strict_16:cpu_13:13.725
4.7.0-damn-strict_16:cpu_2:26.47
4.7.0-damn-strict_16:cpu_1:33.33
4.7.0-damn-strict_16:enp4s0f1_tx_packets_phy:0
4.7.0-damn-strict_16:enp4s0f1_tx_bytes_phy:0
4.7.0-damn-strict_16:cpu_18:12.255
4.7.0-damn-strict_16:cpu_10:23.53
4.7.0-damn-strict_16:Write:11274.685
4.7.0-damn-strict_16:enp4s0f0_tx_packets_phy:0
4.7.0-damn-strict_16:enp130s0f0_tx_packets:92387.5
4.7.0-damn-strict_16:cpu_11:20.59
4.7.0-damn-strict_16:cycles:67393799411
4.7.0-damn-strict_16:cpu_9:17.16
4.7.0-damn-strict_16:Total_tx_packets:162035.5
4.7.0-damn-strict_16:enp4s0f0_rx_bytes:0
4.7.0-damn-strict_16:cpu_21:11.765
4.7.0-damn-strict_256:enp130s0f1_rx_bytes:9424922
4.7.0-damn-strict_256:cpu_25:14.705
4.7.0-damn-strict_256:cache-references:2369575419
4.7.0-damn-strict_256:enp130s0f1_tx_bytes:4673011412.5
4.7.0-damn-strict_256:LLC-store:878426105
4.7.0-damn-strict_256:cpu_14:10.785
4.7.0-damn-strict_256:enp4s0f0_tx_bytes:0
4.7.0-damn-strict_256:LLC-load:543451637
4.7.0-damn-strict_256:enp130s0f1_rx_bytes_phy:9997292.5
4.7.0-damn-strict_256:enp130s0f0_rx_bytes:16822916.5
4.7.0-damn-strict_256:enp130s0f1_tx_packets_phy:3086189
4.7.0-damn-strict_256:LLC-store-misses:127769039
4.7.0-damn-strict_256:enp130s0f1_tx_bytes_phy:4684836115.5
4.7.0-damn-strict_256:enp130s0f0_tx_bytes_phy:6352205423.5
4.7.0-damn-strict_256:cpu_26:21.57
4.7.0-damn-strict_256:cpu_20:11.275
4.7.0-damn-strict_256:enp4s0f0_tx_bytes_phy:0
4.7.0-damn-strict_256:enp4s0f0_rx_packets:0
4.7.0-damn-strict_256:cpu_13:24.51
4.7.0-damn-strict_256:cpu_2:25
4.7.0-damn-strict_256:enp4s0f1_tx_packets_phy:0
4.7.0-damn-strict_256:cpu_1:27.94
4.7.0-damn-strict_256:enp130s0f0_rx_packets_phy:254857
4.7.0-damn-strict_256:cache-misses:695427713.5
4.7.0-damn-strict_256:enp4s0f1_tx_bytes:0
4.7.0-damn-strict_256:cpu_19:7.35
4.7.0-damn-strict_256:enp130s0f0_rx_bytes_phy:17841736
4.7.0-damn-strict_256:cpu_11:12.745
4.7.0-damn-strict_256:cpu_9:21.57
4.7.0-damn-strict_256:cycles:64055841711
4.7.0-damn-strict_256:Total_tx_packets:162083
4.7.0-damn-strict_256:cpu_21:11.275
4.7.0-damn-strict_256:enp4s0f0_rx_bytes:0
4.7.0-damn-strict_256:enp4s0f1_tx_bytes_phy:0
4.7.0-damn-strict_256:cpu_18:11.275
4.7.0-damn-strict_256:cpu_10:21.57
4.7.0-damn-strict_256:Write:11159.07
4.7.0-damn-strict_256:enp4s0f0_tx_packets_phy:0
4.7.0-damn-strict_256:enp130s0f0_tx_packets:93493
4.7.0-damn-strict_256:Total_rx_bytes:26247838.5
4.7.0-damn-strict_256:enp4s0f0_rx_packets_phy:0
4.7.0-damn-strict_256:cpu_3:24.51
4.7.0-damn-strict_256:cpu_5:29.9
4.7.0-damn-strict_256:cpu_23:12.745
4.7.0-damn-strict_256:enp4s0f0_rx_bytes_phy:0
4.7.0-damn-strict_256:Total_rx_packets_phy:397675
4.7.0-damn-strict_256:cpu_12:21.57
4.7.0-damn-strict_256:cpu_total:17.44
4.7.0-damn-strict_256:instructions:18076725371.5
4.7.0-damn-strict_256:enp130s0f1_rx_packets:142801.5
4.7.0-damn-strict_256:Total_rx_bytes_phy:27839028.5
4.7.0-damn-strict_256:Total_tx_bytes:11009408785.5
4.7.0-damn-strict_256:enp130s0f1_tx_packets:68590
4.7.0-damn-strict_256:enp4s0f1_rx_packets:0
4.7.0-damn-strict_256:enp130s0f0_tx_bytes:6336397373
4.7.0-damn-strict_256:cpu_22:6.86
4.7.0-damn-strict_256:cpu_0:24.02
4.7.0-damn-strict_256:cpu_4:25
4.7.0-damn-strict_256:enp4s0f1_tx_packets:0
4.7.0-damn-strict_256:enp130s0f0_tx_packets_phy:4184641
4.7.0-damn-strict_256:cpu_8:20.1
4.7.0-damn-strict_256:cpu_27:9.8
4.7.0-damn-strict_256:enp4s0f1_rx_bytes:0
4.7.0-damn-strict_256:Total_tx_packets_phy:7270830
4.7.0-damn-strict_256:enp4s0f1_rx_bytes_phy:0
4.7.0-damn-strict_256:cpu_17:11.27
4.7.0-damn-strict_256:Memory:34063.5
4.7.0-damn-strict_256:enp130s0f1_rx_packets_phy:142818
4.7.0-damn-strict_256:16384:87380
4.7.0-damn-strict_256:Total_rx_packets:397667.5
4.7.0-damn-strict_256:Total_tx_bytes_phy:11037041539
4.7.0-damn-strict_256:Read:22904.43
4.7.0-damn-strict_256:LLC-load-misses:235578971
4.7.0-damn-strict_256:cpu_7:21.08
4.7.0-damn-strict_256:cpu_6:22.55
4.7.0-damn-strict_256:enp4s0f0_tx_packets:0
4.7.0-damn-strict_256:cpu_15:16.175
4.7.0-damn-strict_256:enp4s0f1_rx_packets_phy:0
4.7.0-damn-strict_256:cpu_16:11.275
4.7.0-damn-strict_256:enp130s0f0_rx_packets:254866
4.7.0-damn-strict_256:cpu_24:9.8
4.7.0-damn-strict_32:enp130s0f1_tx_packets:71034
4.7.0-damn-strict_32:enp130s0f1_rx_packets:222587
4.7.0-damn-strict_32:Total_rx_bytes_phy:34906284
4.7.0-damn-strict_32:Total_tx_bytes:11419010269.5
4.7.0-damn-strict_32:instructions:20328011059.5
4.7.0-damn-strict_32:cpu_12:17.16
4.7.0-damn-strict_32:cpu_total:17.98
4.7.0-damn-strict_32:Total_rx_packets_phy:498654.5
4.7.0-damn-strict_32:enp4s0f0_rx_bytes_phy:0
4.7.0-damn-strict_32:cpu_3:29.41
4.7.0-damn-strict_32:cpu_5:25.49
4.7.0-damn-strict_32:cpu_23:19.61
4.7.0-damn-strict_32:enp4s0f0_rx_packets_phy:0
4.7.0-damn-strict_32:Total_rx_bytes:32919141.5
4.7.0-damn-strict_32:enp4s0f1_rx_bytes_phy:0
4.7.0-damn-strict_32:Total_tx_packets_phy:7540378
4.7.0-damn-strict_32:cpu_8:18.14
4.7.0-damn-strict_32:enp130s0f0_tx_packets_phy:4345477.5
4.7.0-damn-strict_32:cpu_27:10.78
4.7.0-damn-strict_32:enp4s0f1_rx_bytes:0
4.7.0-damn-strict_32:cpu_4:22.55
4.7.0-damn-strict_32:enp4s0f1_tx_packets:0
4.7.0-damn-strict_32:cpu_0:28.43
4.7.0-damn-strict_32:cpu_22:10.295
4.7.0-damn-strict_32:enp130s0f0_tx_bytes:6579448702
4.7.0-damn-strict_32:enp4s0f1_rx_packets:0
4.7.0-damn-strict_32:Read:23998.71
4.7.0-damn-strict_32:Total_tx_bytes_phy:11446219506
4.7.0-damn-strict_32:enp130s0f1_rx_packets_phy:222494
4.7.0-damn-strict_32:Total_rx_packets:498768.5
4.7.0-damn-strict_32:16384:87380
4.7.0-damn-strict_32:Memory:35322.37
4.7.0-damn-strict_32:cpu_17:8.82
4.7.0-damn-strict_32:enp130s0f0_rx_packets:276181.5
4.7.0-damn-strict_32:cpu_24:8.33
4.7.0-damn-strict_32:cpu_16:11.275
4.7.0-damn-strict_32:cpu_15:13.73
4.7.0-damn-strict_32:enp4s0f1_rx_packets_phy:0
4.7.0-damn-strict_32:enp4s0f0_tx_packets:0
4.7.0-damn-strict_32:cpu_6:23.53
4.7.0-damn-strict_32:cpu_7:21.57
4.7.0-damn-strict_32:LLC-load-misses:258401141.5
4.7.0-damn-strict_32:enp130s0f1_tx_bytes:4839561567.5
4.7.0-damn-strict_32:cache-references:2457213343.5
4.7.0-damn-strict_32:cpu_25:11.27
4.7.0-damn-strict_32:enp130s0f1_rx_bytes:14690790.5
4.7.0-damn-strict_32:cpu_26:11.27
4.7.0-damn-strict_32:cpu_20:15.69
4.7.0-damn-strict_32:enp130s0f0_tx_bytes_phy:6596359653.5
4.7.0-damn-strict_32:enp130s0f1_tx_bytes_phy:4849859852.5
4.7.0-damn-strict_32:LLC-store-misses:127745410.5
4.7.0-damn-strict_32:LLC-load:573843585
4.7.0-damn-strict_32:enp130s0f0_rx_bytes:18228351
4.7.0-damn-strict_32:enp130s0f1_rx_bytes_phy:15574643
4.7.0-damn-strict_32:enp130s0f1_tx_packets_phy:3194900.5
4.7.0-damn-strict_32:enp4s0f0_tx_bytes:0
4.7.0-damn-strict_32:LLC-store:901085558
4.7.0-damn-strict_32:cpu_14:19.61
4.7.0-damn-strict_32:enp130s0f0_rx_bytes_phy:19331641
4.7.0-damn-strict_32:cpu_19:14.215
4.7.0-damn-strict_32:enp4s0f1_tx_bytes:0
4.7.0-damn-strict_32:enp130s0f0_rx_packets_phy:276160.5
4.7.0-damn-strict_32:cache-misses:748468157.5
4.7.0-damn-strict_32:cpu_1:30.39
4.7.0-damn-strict_32:enp4s0f1_tx_packets_phy:0
4.7.0-damn-strict_32:cpu_2:30.39
4.7.0-damn-strict_32:cpu_13:17.65
4.7.0-damn-strict_32:enp4s0f0_rx_packets:0
4.7.0-damn-strict_32:enp4s0f0_tx_bytes_phy:0
4.7.0-damn-strict_32:Write:11323.665
4.7.0-damn-strict_32:enp4s0f0_tx_packets_phy:0
4.7.0-damn-strict_32:enp130s0f0_tx_packets:96794.5
4.7.0-damn-strict_32:cpu_18:15.195
4.7.0-damn-strict_32:cpu_10:22.55
4.7.0-damn-strict_32:enp4s0f1_tx_bytes_phy:0
4.7.0-damn-strict_32:cpu_21:12.745
4.7.0-damn-strict_32:enp4s0f0_rx_bytes:0
4.7.0-damn-strict_32:Total_tx_packets:167828.5
4.7.0-damn-strict_32:cpu_11:16.67
4.7.0-damn-strict_32:cpu_9:18.14
4.7.0-damn-strict_32:cycles:66077629843
4.7.0-damn-strict_4:enp130s0f0_tx_packets_phy:4328176
4.7.0-damn-strict_4:cpu_27:13.235
4.7.0-damn-strict_4:cpu_8:25
4.7.0-damn-strict_4:enp4s0f1_rx_bytes:0
4.7.0-damn-strict_4:enp4s0f1_rx_bytes_phy:0
4.7.0-damn-strict_4:Total_tx_packets_phy:7521607
4.7.0-damn-strict_4:cpu_0:25.98
4.7.0-damn-strict_4:cpu_4:18.63
4.7.0-damn-strict_4:enp4s0f1_tx_packets:0
4.7.0-damn-strict_4:enp130s0f0_tx_bytes:6553125601.5
4.7.0-damn-strict_4:cpu_22:9.31
4.7.0-damn-strict_4:enp4s0f1_rx_packets:0
4.7.0-damn-strict_4:enp130s0f1_rx_packets:261924.5
4.7.0-damn-strict_4:Total_rx_bytes_phy:34422316
4.7.0-damn-strict_4:Total_tx_bytes:11388409566
4.7.0-damn-strict_4:enp130s0f1_tx_packets:70971
4.7.0-damn-strict_4:cpu_12:19.61
4.7.0-damn-strict_4:cpu_total:18.26
4.7.0-damn-strict_4:instructions:20860737858
4.7.0-damn-strict_4:enp4s0f0_rx_bytes_phy:0
4.7.0-damn-strict_4:Total_rx_packets_phy:491729.5
4.7.0-damn-strict_4:enp4s0f0_rx_packets_phy:0
4.7.0-damn-strict_4:Total_rx_bytes:32461156.5
4.7.0-damn-strict_4:cpu_3:26.96
4.7.0-damn-strict_4:cpu_5:21.57
4.7.0-damn-strict_4:cpu_23:10.29
4.7.0-damn-strict_4:cpu_16:12.255
4.7.0-damn-strict_4:enp130s0f0_rx_packets:229891.5
4.7.0-damn-strict_4:cpu_24:9.8
4.7.0-damn-strict_4:enp4s0f0_tx_packets:0
4.7.0-damn-strict_4:cpu_15:18.63
4.7.0-damn-strict_4:enp4s0f1_rx_packets_phy:0
4.7.0-damn-strict_4:cpu_6:19.61
4.7.0-damn-strict_4:LLC-load-misses:255078142.5
4.7.0-damn-strict_4:cpu_7:26.96
4.7.0-damn-strict_4:Read:23895.84
4.7.0-damn-strict_4:Total_tx_bytes_phy:11417739783.5
4.7.0-damn-strict_4:enp130s0f1_rx_packets_phy:261846.5
4.7.0-damn-strict_4:16384:87380
4.7.0-damn-strict_4:Total_rx_packets:491816
4.7.0-damn-strict_4:cpu_17:12.255
4.7.0-damn-strict_4:Memory:35387.755
4.7.0-damn-strict_4:cpu_26:12.745
4.7.0-damn-strict_4:cpu_20:10.295
4.7.0-damn-strict_4:enp130s0f1_tx_bytes_phy:4847629021
4.7.0-damn-strict_4:enp130s0f0_tx_bytes_phy:6570110762.5
4.7.0-damn-strict_4:LLC-load:575362732
4.7.0-damn-strict_4:enp130s0f0_rx_bytes:15174115.5
4.7.0-damn-strict_4:enp130s0f1_tx_packets_phy:3193431
4.7.0-damn-strict_4:enp130s0f1_rx_bytes_phy:18329220
4.7.0-damn-strict_4:LLC-store-misses:131190836
4.7.0-damn-strict_4:cpu_14:20.1
4.7.0-damn-strict_4:LLC-store:912742780
4.7.0-damn-strict_4:enp4s0f0_tx_bytes:0
4.7.0-damn-strict_4:enp130s0f1_tx_bytes:4835283964.5
4.7.0-damn-strict_4:cache-references:2464650255.5
4.7.0-damn-strict_4:cpu_25:12.745
4.7.0-damn-strict_4:enp130s0f1_rx_bytes:17287041
4.7.0-damn-strict_4:cpu_18:11.275
4.7.0-damn-strict_4:cpu_10:25
4.7.0-damn-strict_4:Write:11491.915
4.7.0-damn-strict_4:enp130s0f0_tx_packets:96535.5
4.7.0-damn-strict_4:enp4s0f0_tx_packets_phy:0
4.7.0-damn-strict_4:enp4s0f1_tx_bytes_phy:0
4.7.0-damn-strict_4:Total_tx_packets:167506.5
4.7.0-damn-strict_4:enp4s0f0_rx_bytes:0
4.7.0-damn-strict_4:cpu_21:14.71
4.7.0-damn-strict_4:cpu_11:24.51
4.7.0-damn-strict_4:cycles:67183462810
4.7.0-damn-strict_4:cpu_9:21.08
4.7.0-damn-strict_4:enp130s0f0_rx_bytes_phy:16093096
4.7.0-damn-strict_4:cpu_19:12.255
4.7.0-damn-strict_4:enp130s0f0_rx_packets_phy:229883
4.7.0-damn-strict_4:cache-misses:745912168.5
4.7.0-damn-strict_4:enp4s0f1_tx_bytes:0
4.7.0-damn-strict_4:cpu_2:30.88
4.7.0-damn-strict_4:enp4s0f1_tx_packets_phy:0
4.7.0-damn-strict_4:cpu_1:20.1
4.7.0-damn-strict_4:enp4s0f0_tx_bytes_phy:0
4.7.0-damn-strict_4:enp4s0f0_rx_packets:0
4.7.0-damn-strict_4:cpu_13:24.02
4.7.0-damn-strict_512:enp130s0f0_rx_bytes_phy:18653408
4.7.0-damn-strict_512:cpu_19:13.235
4.7.0-damn-strict_512:enp130s0f0_rx_packets_phy:266469
4.7.0-damn-strict_512:cache-misses:745475403.5
4.7.0-damn-strict_512:enp4s0f1_tx_bytes:0
4.7.0-damn-strict_512:cpu_2:29.9
4.7.0-damn-strict_512:cpu_1:27.94
4.7.0-damn-strict_512:enp4s0f1_tx_packets_phy:0
4.7.0-damn-strict_512:enp4s0f0_tx_bytes_phy:0
4.7.0-damn-strict_512:enp4s0f0_rx_packets:0
4.7.0-damn-strict_512:cpu_13:23.53
4.7.0-damn-strict_512:cpu_18:8.82
4.7.0-damn-strict_512:cpu_10:24.02
4.7.0-damn-strict_512:enp4s0f0_tx_packets_phy:0
4.7.0-damn-strict_512:Write:11178.48
4.7.0-damn-strict_512:enp130s0f0_tx_packets:95663.5
4.7.0-damn-strict_512:enp4s0f1_tx_bytes_phy:0
4.7.0-damn-strict_512:Total_tx_packets:166407
4.7.0-damn-strict_512:enp4s0f0_rx_bytes:0
4.7.0-damn-strict_512:cpu_21:15.195
4.7.0-damn-strict_512:cpu_11:20.59
4.7.0-damn-strict_512:cpu_9:18.14
4.7.0-damn-strict_512:cycles:65659407947
4.7.0-damn-strict_512:enp130s0f1_tx_bytes:4814906911.5
4.7.0-damn-strict_512:cache-references:2427042547.5
4.7.0-damn-strict_512:cpu_25:13.235
4.7.0-damn-strict_512:enp130s0f1_rx_bytes:11221186
4.7.0-damn-strict_512:cpu_26:10.295
4.7.0-damn-strict_512:cpu_20:11.765
4.7.0-damn-strict_512:enp130s0f1_tx_bytes_phy:4826514504.5
4.7.0-damn-strict_512:enp130s0f0_tx_bytes_phy:6504136660
4.7.0-damn-strict_512:LLC-load:564391395
4.7.0-damn-strict_512:enp130s0f1_tx_packets_phy:3179531.5
4.7.0-damn-strict_512:enp130s0f1_rx_bytes_phy:11896015
4.7.0-damn-strict_512:enp130s0f0_rx_bytes:17584743
4.7.0-damn-strict_512:LLC-store-misses:127710931.5
4.7.0-damn-strict_512:cpu_14:15.2
4.7.0-damn-strict_512:LLC-store:896267223
4.7.0-damn-strict_512:enp4s0f0_tx_bytes:0
4.7.0-damn-strict_512:Read:23329.22
4.7.0-damn-strict_512:Total_tx_bytes_phy:11330651164.5
4.7.0-damn-strict_512:enp130s0f1_rx_packets_phy:169934.5
4.7.0-damn-strict_512:16384:87380
4.7.0-damn-strict_512:Total_rx_packets:436436.5
4.7.0-damn-strict_512:cpu_17:15.69
4.7.0-damn-strict_512:Memory:34507.7
4.7.0-damn-strict_512:cpu_16:11.765
4.7.0-damn-strict_512:enp130s0f0_rx_packets:266427
4.7.0-damn-strict_512:cpu_24:9.31
4.7.0-damn-strict_512:enp4s0f0_tx_packets:0
4.7.0-damn-strict_512:enp4s0f1_rx_packets_phy:0
4.7.0-damn-strict_512:cpu_15:13.235
4.7.0-damn-strict_512:cpu_6:22.06
4.7.0-damn-strict_512:LLC-load-misses:249755749
4.7.0-damn-strict_512:cpu_7:23.53
4.7.0-damn-strict_512:enp130s0f1_rx_packets:170009.5
4.7.0-damn-strict_512:Total_rx_bytes_phy:30549423
4.7.0-damn-strict_512:Total_tx_bytes:11301369491
4.7.0-damn-strict_512:enp130s0f1_tx_packets:70743.5
4.7.0-damn-strict_512:cpu_12:24.51
4.7.0-damn-strict_512:cpu_total:17.875
4.7.0-damn-strict_512:instructions:19647813039
4.7.0-damn-strict_512:enp4s0f0_rx_bytes_phy:0
4.7.0-damn-strict_512:Total_rx_packets_phy:436403.5
4.7.0-damn-strict_512:Total_rx_bytes:28805929
4.7.0-damn-strict_512:enp4s0f0_rx_packets_phy:0
4.7.0-damn-strict_512:cpu_3:22.06
4.7.0-damn-strict_512:cpu_5:24.02
4.7.0-damn-strict_512:cpu_23:17.16
4.7.0-damn-strict_512:enp130s0f0_tx_packets_phy:4284706
4.7.0-damn-strict_512:cpu_8:19.12
4.7.0-damn-strict_512:cpu_27:11.765
4.7.0-damn-strict_512:enp4s0f1_rx_bytes:0
4.7.0-damn-strict_512:Total_tx_packets_phy:7464237.5
4.7.0-damn-strict_512:enp4s0f1_rx_bytes_phy:0
4.7.0-damn-strict_512:cpu_0:23.04
4.7.0-damn-strict_512:cpu_4:18.63
4.7.0-damn-strict_512:enp4s0f1_tx_packets:0
4.7.0-damn-strict_512:enp130s0f0_tx_bytes:6486462579.5
4.7.0-damn-strict_512:cpu_22:13.235
4.7.0-damn-strict_512:enp4s0f1_rx_packets:0
4.7.0-damn-strict_64:cpu_2:19.61
4.7.0-damn-strict_64:cpu_1:21.08
4.7.0-damn-strict_64:enp4s0f1_tx_packets_phy:0
4.7.0-damn-strict_64:enp4s0f0_tx_bytes_phy:0
4.7.0-damn-strict_64:enp4s0f0_rx_packets:0
4.7.0-damn-strict_64:cpu_13:20.59
4.7.0-damn-strict_64:enp130s0f0_rx_bytes_phy:17104965
4.7.0-damn-strict_64:cpu_19:12.745
4.7.0-damn-strict_64:cache-misses:727385694.5
4.7.0-damn-strict_64:enp130s0f0_rx_packets_phy:244356
4.7.0-damn-strict_64:enp4s0f1_tx_bytes:0
4.7.0-damn-strict_64:Total_tx_packets:164799
4.7.0-damn-strict_64:enp4s0f0_rx_bytes:0
4.7.0-damn-strict_64:cpu_21:18.135
4.7.0-damn-strict_64:cycles:65570041010
4.7.0-damn-strict_64:cpu_9:14.215
4.7.0-damn-strict_64:cpu_11:17.65
4.7.0-damn-strict_64:cpu_10:17.65
4.7.0-damn-strict_64:cpu_18:13.725
4.7.0-damn-strict_64:Write:11304.885
4.7.0-damn-strict_64:enp4s0f0_tx_packets_phy:0
4.7.0-damn-strict_64:enp130s0f0_tx_packets:94663
4.7.0-damn-strict_64:enp4s0f1_tx_bytes_phy:0
4.7.0-damn-strict_64:cpu_25:18.14
4.7.0-damn-strict_64:enp130s0f1_rx_bytes:13703015.5
4.7.0-damn-strict_64:enp130s0f1_tx_bytes:4778412971.5
4.7.0-damn-strict_64:cache-references:2417709494
4.7.0-damn-strict_64:enp130s0f0_rx_bytes:16128767
4.7.0-damn-strict_64:enp130s0f1_rx_bytes_phy:14535627.5
4.7.0-damn-strict_64:enp130s0f1_tx_packets_phy:3156324.5
4.7.0-damn-strict_64:LLC-load:550671318.5
4.7.0-damn-strict_64:LLC-store-misses:125788669
4.7.0-damn-strict_64:LLC-store:889547197
4.7.0-damn-strict_64:cpu_14:17.16
4.7.0-damn-strict_64:enp4s0f0_tx_bytes:0
4.7.0-damn-strict_64:cpu_20:10.29
4.7.0-damn-strict_64:cpu_26:8.82
4.7.0-damn-strict_64:enp130s0f1_tx_bytes_phy:4791302234
4.7.0-damn-strict_64:enp130s0f0_tx_bytes_phy:6467327321
4.7.0-damn-strict_64:16384:87380
4.7.0-damn-strict_64:Total_rx_packets:451995.5
4.7.0-damn-strict_64:enp130s0f1_rx_packets_phy:207652.5
4.7.0-damn-strict_64:cpu_17:11.275
4.7.0-damn-strict_64:Memory:34060.81
4.7.0-damn-strict_64:Read:22755.92
4.7.0-damn-strict_64:Total_tx_bytes_phy:11258629555
4.7.0-damn-strict_64:cpu_6:26.96
4.7.0-damn-strict_64:LLC-load-misses:234601919
4.7.0-damn-strict_64:cpu_7:17.16
4.7.0-damn-strict_64:cpu_16:16.665
4.7.0-damn-strict_64:cpu_24:13.725
4.7.0-damn-strict_64:enp130s0f0_rx_packets:244374.5
4.7.0-damn-strict_64:enp4s0f0_tx_packets:0
4.7.0-damn-strict_64:cpu_15:14.71
4.7.0-damn-strict_64:enp4s0f1_rx_packets_phy:0
4.7.0-damn-strict_64:enp4s0f0_rx_bytes_phy:0
4.7.0-damn-strict_64:Total_rx_packets_phy:452008.5
4.7.0-damn-strict_64:enp4s0f0_rx_packets_phy:0
4.7.0-damn-strict_64:Total_rx_bytes:29831782.5
4.7.0-damn-strict_64:cpu_23:18.14
4.7.0-damn-strict_64:cpu_5:23.04
4.7.0-damn-strict_64:cpu_3:28.92
4.7.0-damn-strict_64:Total_tx_bytes:11227670279
4.7.0-damn-strict_64:Total_rx_bytes_phy:31640592.5
4.7.0-damn-strict_64:enp130s0f1_rx_packets:207621
4.7.0-damn-strict_64:enp130s0f1_tx_packets:70136
4.7.0-damn-strict_64:cpu_total:17.945
4.7.0-damn-strict_64:cpu_12:24.51
4.7.0-damn-strict_64:instructions:19582738761
4.7.0-damn-strict_64:enp130s0f0_tx_bytes:6449257307.5
4.7.0-damn-strict_64:cpu_22:10.29
4.7.0-damn-strict_64:enp4s0f1_rx_packets:0
4.7.0-damn-strict_64:enp4s0f1_rx_bytes:0
4.7.0-damn-strict_64:cpu_8:21.08
4.7.0-damn-strict_64:enp130s0f0_tx_packets_phy:4260439
4.7.0-damn-strict_64:cpu_27:10.78
4.7.0-damn-strict_64:enp4s0f1_rx_bytes_phy:0
4.7.0-damn-strict_64:Total_tx_packets_phy:7416763.5
4.7.0-damn-strict_64:cpu_0:23.04
4.7.0-damn-strict_64:enp4s0f1_tx_packets:0
4.7.0-damn-strict_64:cpu_4:30.88
