4.7.0-damnn-hp-strict:Total_rx_packets:683181.2
4.7.0-damnn-hp-strict:cache-misses:1259276588.3
4.7.0-damnn-hp-strict:TOTAL_l2hit:0.236
4.7.0-damnn-hp-strict:cpu_16:31.37
4.7.0-damnn-hp-strict:cpu_7:59.017
4.7.0-damnn-hp-strict:Total_tx_queue_stopped:20
4.7.0-damnn-hp-strict:cpu_3:64.612
4.7.0-damnn-hp-strict:SKT0_l3mpi:0.049
4.7.0-damnn-hp-strict:enp4s0f0_rx_bytes:0
4.7.0-damnn-hp-strict:enp4s0f1_rx_bytes:0
4.7.0-damnn-hp-strict:enp4s0f1_tx_bytes:0
4.7.0-damnn-hp-strict:enp4s0f1_tx_queue_stopped:0
4.7.0-damnn-hp-strict:enp130s0f1_rx_packets:0
4.7.0-damnn-hp-strict:enp4s0f0_rx_bytes_phy:0
4.7.0-damnn-hp-strict:TOTAL_l3hit:0.292
4.7.0-damnn-hp-strict:cpu_9:59.997
4.7.0-damnn-hp-strict:cpu_24:32.154
4.7.0-damnn-hp-strict:cpu_20:32.154
4.7.0-damnn-hp-strict:Total_rx_bytes_phy:7801391020.4
4.7.0-damnn-hp-strict:TOTAL_ipc:0.419
4.7.0-damnn-hp-strict:cpu_26:31.37
4.7.0-damnn-hp-strict:enp4s0f0_tx_packets_phy:0
4.7.0-damnn-hp-strict:cpu_4:31.566
4.7.0-damnn-hp-strict:SKT0_ipc:0.391
4.7.0-damnn-hp-strict:enp130s0f0_rx_bytes:7755522785.2
4.7.0-damnn-hp-strict:enp130s0f0_tx_bytes_phy:8380412650.4
4.7.0-damnn-hp-strict:enp130s0f1_tx_packets_phy:0
4.7.0-damnn-hp-strict:enp130s0f1_rx_packets_phy:0
4.7.0-damnn-hp-strict:enp130s0f1_tx_packets:0
4.7.0-damnn-hp-strict:SKT1_ipc:0.447
4.7.0-damnn-hp-strict:cpu_19:58.232
4.7.0-damnn-hp-strict:out:1
4.7.0-damnn-hp-strict:SKT0_l2hit:0.193
4.7.0-damnn-hp-strict:enp4s0f1_tx_packets_phy:0
4.7.0-damnn-hp-strict:SKT1_l3miss:113600000
4.7.0-damnn-hp-strict:cpu_6:31.958
4.7.0-damnn-hp-strict:cpu_17:46.369
4.7.0-damnn-hp-strict:cpu_2:32.252
4.7.0-damnn-hp-strict:TOTAL_l3mpi:0.03
4.7.0-damnn-hp-strict:cpu_11:59.31
4.7.0-damnn-hp-strict:Total_tx_packets:708370.2
4.7.0-damnn-hp-strict:enp4s0f1_tx_bytes_phy:0
4.7.0-damnn-hp-strict:enp130s0f1_rx_bytes_phy:0
4.7.0-damnn-hp-strict:Total_rx_packets_phy:1290232.3
4.7.0-damnn-hp-strict:cpu_25:59.899
4.7.0-damnn-hp-strict:TOTAL_l2miss:271100000
4.7.0-damnn-hp-strict:cpu_13:59.899
4.7.0-damnn-hp-strict:enp130s0f0_tx_bytes:8375308300
4.7.0-damnn-hp-strict:enp130s0f0_tx_packets:708370.2
4.7.0-damnn-hp-strict:cpu_22:31.664
4.7.0-damnn-hp-strict:cpu_21:59.605
4.7.0-damnn-hp-strict:Total_tx_packets_phy:1072168.8
4.7.0-damnn-hp-strict:Total_rx_bytes:7755522785.2
4.7.0-damnn-hp-strict:SKT1_l3hit:0.31
4.7.0-damnn-hp-strict:enp130s0f1_tx_queue_stopped:0
4.7.0-damnn-hp-strict:cpu_18:30.978
4.7.0-damnn-hp-strict:cpu_12:31.468
4.7.0-damnn-hp-strict:iops:18752.8
4.7.0-damnn-hp-strict:LLC-load-misses:487458175.3
4.7.0-damnn-hp-strict:LLC-store:1417609297.7
4.7.0-damnn-hp-strict:enp4s0f1_rx_packets_phy:0
4.7.0-damnn-hp-strict:SKT0_l2mpi:0.063
4.7.0-damnn-hp-strict:enp130s0f0_rx_packets_phy:1290232.3
4.7.0-damnn-hp-strict:enp130s0f0_rx_bytes_phy:7801391020.4
4.7.0-damnn-hp-strict:cpu_14:32.546
4.7.0-damnn-hp-strict:SKT1_l2hit:0.254
4.7.0-damnn-hp-strict:enp4s0f0_tx_packets:0
4.7.0-damnn-hp-strict:enp130s0f0_rx_packets:683181.2
4.7.0-damnn-hp-strict:SKT1_l3mpi:0.024
4.7.0-damnn-hp-strict:enp4s0f0_tx_bytes_phy:0
4.7.0-damnn-hp-strict:Write:29894.126
4.7.0-damnn-hp-strict:enp130s0f0_tx_packets_phy:1072168.8
4.7.0-damnn-hp-strict:cpu_10:31.762
4.7.0-damnn-hp-strict:SKT0_l3hit:0.347
4.7.0-damnn-hp-strict:cache-references:4586690203.7
4.7.0-damnn-hp-strict:TOTAL_l2mpi:0.04
4.7.0-damnn-hp-strict:Total_tx_bytes:8375308300
4.7.0-damnn-hp-strict:enp4s0f1_rx_packets:0
4.7.0-damnn-hp-strict:cpu_5:71.763
4.7.0-damnn-hp-strict:cpu_27:63.432
4.7.0-damnn-hp-strict:cpu_1:69.806
4.7.0-damnn-hp-strict:SKT0_l2miss:114476600
4.7.0-damnn-hp-strict:cpu_0:31.958
4.7.0-damnn-hp-strict:enp130s0f0_tx_queue_stopped:20
4.7.0-damnn-hp-strict:cpu_15:58.036
4.7.0-damnn-hp-strict:enp130s0f1_tx_bytes:0
4.7.0-damnn-hp-strict:cpu_23:60.587
4.7.0-damnn-hp-strict:SKT0_l3miss:86312600
4.7.0-damnn-hp-strict:enp4s0f0_rx_packets:0
4.7.0-damnn-hp-strict:enp130s0f1_rx_bytes:0
4.7.0-damnn-hp-strict:SKT1_l2miss:156100000
4.7.0-damnn-hp-strict:TOTAL_l3miss:200300000
4.7.0-damnn-hp-strict:instructions:53191281653.6
4.7.0-damnn-hp-strict:enp4s0f1_rx_bytes_phy:0
4.7.0-damnn-hp-strict:Total_tx_bytes_phy:8380412650.4
4.7.0-damnn-hp-strict:enp4s0f0_tx_queue_stopped:0
4.7.0-damnn-hp-strict:enp4s0f1_tx_packets:0
4.7.0-damnn-hp-strict:cpu_8:32.252
4.7.0-damnn-hp-strict:SKT1_l2mpi:0.03
4.7.0-damnn-hp-strict:LLC-store-misses:267763834.5
4.7.0-damnn-hp-strict:LLC-load:1145429989.4
4.7.0-damnn-hp-strict:enp4s0f0_rx_packets_phy:0
4.7.0-damnn-hp-strict:enp130s0f1_tx_bytes_phy:0
4.7.0-damnn-hp-strict:cpu_total:46.279
4.7.0-damnn-hp-strict:cycles:158010412919.5
4.7.0-damnn-hp-strict:enp4s0f0_tx_bytes:0
4.7.0-damnn-hp-strict:Read:29223.405
4.7.0-damnn-hp-strict:Memory:59117.532
