4.7.0-damn-ne-unsafe:enp4s0f0_tx_packets_phy:532447:1449.44089220637
4.7.0-damn-ne-unsafe:enp4s0f1_rx_bytes_phy:16680246.7:1628745.47304062
4.7.0-damn-ne-unsafe:enp130s0f0_rx_bytes_phy:9499784.35:1094342.11110074
4.7.0-damn-ne-unsafe:enp130s0f1_rx_packets:252449:8142.44795500714
4.7.0-damn-ne-unsafe:cpu_15:40.32975:8.48807030116386
4.7.0-damn-ne-unsafe:LLC-store-misses:253029393.3:1393854.37292468
4.7.0-damn-ne-unsafe:cpu_0:36.214:7.43550193329273
4.7.0-damn-ne-unsafe:enp4s0f0_rx_bytes_phy:18498587.125:237711.694943811
4.7.0-damn-ne-unsafe:enp130s0f0_tx_packets_phy:692684.65:5566.61605263916
4.7.0-damn-ne-unsafe:enp130s0f1_rx_bytes:16669333.875:537731.512259101
4.7.0-damn-ne-unsafe:SKT1_l3hit:0.169:0.00374165738677394
4.7.0-damn-ne-unsafe:instructions:40814554472.05:1191677566.26007
4.7.0-damn-ne-unsafe:LLC-load-misses:602860730.825:9851490.99285777
4.7.0-damn-ne-unsafe:enp4s0f1_rx_bytes:14819302.2:1594777.07849185
4.7.0-damn-ne-unsafe:cpu_2:38.367:6.67462103793167
4.7.0-damn-ne-unsafe:cpu_16:38.5675:7.44155788460992
4.7.0-damn-ne-unsafe:cpu_19:35.202:7.89296876973424
4.7.0-damn-ne-unsafe:TOTAL_l3hit:0.171:0.00299999999999999
4.7.0-damn-ne-unsafe:enp4s0f1_rx_packets_phy:235414.925:22176.8873316202
4.7.0-damn-ne-unsafe:cpu_5:42.607:7.97138890031091
4.7.0-damn-ne-unsafe:SKT0_l2hit:0.2455:0.00772981241687016
4.7.0-damn-ne-unsafe:cache-misses:1611459292.8:16647280.8770642
4.7.0-damn-ne-unsafe:enp130s0f0_tx_packets:98951.9:794.062711629252
4.7.0-damn-ne-unsafe:TOTAL_l2mpi:0.05:2.08166817117217e-17
4.7.0-damn-ne-unsafe:Memory:72689.68225:282.542585661768
4.7.0-damn-ne-unsafe:LLC-load:1333712528.775:18280558.7388312
4.7.0-damn-ne-unsafe:enp4s0f1_rx_packets:220094.2:23101.9728304749
4.7.0-damn-ne-unsafe:enp4s0f1_tx_queue_stopped:0:0
4.7.0-damn-ne-unsafe:enp130s0f0_tx_queue_stopped:0:0
4.7.0-damn-ne-unsafe:Total_rx_bytes_phy:62358165.125:2184727.38250801
4.7.0-damn-ne-unsafe:enp130s0f1_tx_bytes_phy:4811803163.325:10399787.2921956
4.7.0-damn-ne-unsafe:TOTAL_l3mpi:0.04:2.08166817117217e-17
4.7.0-damn-ne-unsafe:SKT0_l2mpi:0.04275:0.00446514277487294
4.7.0-damn-ne-unsafe:cpu_9:36.802:8.92658170858252
4.7.0-damn-ne-unsafe:SKT1_l3miss:828075000:31644420.9142781
4.7.0-damn-ne-unsafe:enp4s0f0_rx_packets_phy:264265.025:3396.73443536215
4.7.0-damn-ne-unsafe:SKT0_l2miss:959275000:43701823.4745417
4.7.0-damn-ne-unsafe:enp4s0f0_tx_bytes:4799548106.95:12923726.7968873
4.7.0-damn-ne-unsafe:cpu_26:40.25775:6.35797038664856
4.7.0-damn-ne-unsafe:Read:49728.03725:256.810636481314
4.7.0-damn-ne-unsafe:SKT1_l3mpi:0.041:0.003
4.7.0-damn-ne-unsafe:SKT0_l3hit:0.1735:0.00526782687642636
4.7.0-damn-ne-unsafe:cycles:138843604192.875:2236576048.39799
4.7.0-damn-ne-unsafe:enp4s0f0_tx_packets:76072.275:211.755635993472
4.7.0-damn-ne-unsafe:cpu_21:37.9685:8.62488914421513
4.7.0-damn-ne-unsafe:cpu_20:37.6505:6.53036214539439
4.7.0-damn-ne-unsafe:cpu_1:40.4:7.43909907179626
4.7.0-damn-ne-unsafe:cpu_17:36.5585:7.15442714338472
4.7.0-damn-ne-unsafe:Total_tx_packets:349037.475:1520.13387547775
4.7.0-damn-ne-unsafe:cpu_23:36.9265:8.3464811597463
4.7.0-damn-ne-unsafe:cpu_12:37.982:7.41303419660263
4.7.0-damn-ne-unsafe:SKT0_l3miss:792250000:36714949.2713799
4.7.0-damn-ne-unsafe:cpu_6:39.1045:6.81900687417163
4.7.0-damn-ne-unsafe:cpu_14:40.57825:6.82156942627575
4.7.0-damn-ne-unsafe:cpu_11:39.042:8.3697491599211
4.7.0-damn-ne-unsafe:SKT1_ipc:0.27725:0.0102439006242739
4.7.0-damn-ne-unsafe:cpu_18:37.88575:7.1410538044115
4.7.0-damn-ne-unsafe:cpu_25:39.24225:8.7094625228828
4.7.0-damn-ne-unsafe:enp130s0f1_tx_queue_stopped:0:0
4.7.0-damn-ne-unsafe:enp130s0f1_tx_packets:76877.075:1240.13350868969
4.7.0-damn-ne-unsafe:cpu_3:39.41825:6.96528387343258
4.7.0-damn-ne-unsafe:enp130s0f1_rx_bytes_phy:17679546.95:569996.675779164
4.7.0-damn-ne-unsafe:enp130s0f0_rx_bytes:8461602.075:1063295.49317472
4.7.0-damn-ne-unsafe:Write:22961.6455:55.3287571679504
4.7.0-damn-ne-unsafe:enp4s0f0_tx_bytes_phy:4801600262.325:13062424.900419
4.7.0-damn-ne-unsafe:enp130s0f1_tx_packets_phy:533584.8:1153.23861797982
4.7.0-damn-ne-unsafe:Total_tx_queue_stopped:0:0
4.7.0-damn-ne-unsafe:SKT0_l3mpi:0.038:0.004
4.7.0-damn-ne-unsafe:cpu_22:36.89775:7.91670117141603
4.7.0-damn-ne-unsafe:SKT1_l2miss:995975000:36917805.6633923
4.7.0-damn-ne-unsafe:enp4s0f0_tx_queue_stopped:0:0
4.7.0-damn-ne-unsafe:cpu_13:40.2875:7.93745322820865
4.7.0-damn-ne-unsafe:cpu_4:36.4355:7.33206483536527
4.7.0-damn-ne-unsafe:TOTAL_l3miss:1620875000:15870077.9771241
4.7.0-damn-ne-unsafe:Total_rx_packets_phy:888548.85:30277.7417020738
4.7.0-damn-ne-unsafe:enp4s0f0_rx_bytes:17441674.65:224305.987329758
4.7.0-damn-ne-unsafe:SKT1_l2mpi:0.0505:0.00217944947177034
4.7.0-damn-ne-unsafe:TOTAL_l2miss:1955700000:23363646.9755901
4.7.0-damn-ne-unsafe:SKT0_ipc:0.31525:0.011616260155489
4.7.0-damn-ne-unsafe:enp130s0f0_rx_packets:128205.6:16110.4655764506
4.7.0-damn-ne-unsafe:cpu_27:38.16525:8.01042102123852
4.7.0-damn-ne-unsafe:enp4s0f1_tx_bytes:6118936521.35:57453377.1812405
4.7.0-damn-ne-unsafe:LLC-store:1829921021.35:6955668.13410244
4.7.0-damn-ne-unsafe:enp4s0f1_tx_packets_phy:678835.825:6390.00886888078
4.7.0-damn-ne-unsafe:cpu_8:36.604:6.77071997648699
4.7.0-damn-ne-unsafe:enp130s0f1_rx_packets_phy:252455.3:8138.07726738939
4.7.0-damn-ne-unsafe:enp130s0f0_tx_bytes_phy:6246637515.35:50203129.1225345
4.7.0-damn-ne-unsafe:enp4s0f1_tx_bytes_phy:6121732056.15:57630341.6287796
4.7.0-damn-ne-unsafe:cache-references:5180335524.85:39095584.3290509
4.7.0-damn-ne-unsafe:enp130s0f0_tx_bytes:6243697371.05:50105868.2645944
4.7.0-damn-ne-unsafe:cpu_24:39.6555:8.44548635366845
4.7.0-damn-ne-unsafe:Total_rx_bytes:57391912.8:2164547.44519083
4.7.0-damn-ne-unsafe:cpu_7:38.159:8.75241075361526
4.7.0-damn-ne-unsafe:enp4s0f0_rx_packets:264267.125:3399.10169888678
4.7.0-damn-ne-unsafe:Total_tx_bytes_phy:21981772997.15:51295631.7030516
4.7.0-damn-ne-unsafe:TOTAL_l2hit:0.241:0.00435889894354067
4.7.0-damn-ne-unsafe:cpu_10:37.63875:7.11763309938775
4.7.0-damn-ne-unsafe:cpu_total:38.402:0.581507523597073
4.7.0-damn-ne-unsafe:SKT1_l2hit:0.23825:0.00494342998332129
4.7.0-damn-ne-unsafe:enp4s0f1_tx_packets:97136.225:933.381874890979
4.7.0-damn-ne-unsafe:Total_rx_packets:865015.925:31964.1065825306
4.7.0-damn-ne-unsafe:Total_tx_packets_phy:2437552.275:5688.50597251818
4.7.0-damn-ne-unsafe:enp130s0f0_rx_packets_phy:136413.6:15595.3547439614
4.7.0-damn-ne-unsafe:16384:87380:0
4.7.0-damn-ne-unsafe:Total_tx_bytes:21971752681.475:50859096.4077076
4.7.0-damn-ne-unsafe:TOTAL_ipc:0.29625:0.00533268225192539
4.7.0-damn-ne-unsafe:enp130s0f1_tx_bytes:4809570682.125:10503943.6279531
4.7.0-unsafe:enp4s0f0_tx_packets_phy:540938.5:895.875800543803
4.7.0-unsafe:enp4s0f1_rx_bytes_phy:19889354.925:1630687.88039193
4.7.0-unsafe:enp130s0f0_rx_bytes_phy:12110459.425:1086044.68024402
4.7.0-unsafe:cpu_15:42.698:8.22196667470746
4.7.0-unsafe:enp130s0f1_rx_packets:250120.35:8626.67940910638
4.7.0-unsafe:LLC-store-misses:268646033.225:1105662.81635199
4.7.0-unsafe:enp4s0f0_rx_bytes_phy:18781692.95:229870.834566605
4.7.0-unsafe:cpu_0:34.89075:8.63714750004305
4.7.0-unsafe:enp130s0f0_tx_packets_phy:747733.9:4825.04140811247
4.7.0-unsafe:enp130s0f1_rx_bytes:16517325.475:565182.350123479
4.7.0-unsafe:SKT1_l3hit:0.17:0.00316227766016838
4.7.0-unsafe:instructions:43757111270.225:1071165980.47659
4.7.0-unsafe:LLC-load-misses:657324616.15:6855004.18818487
4.7.0-unsafe:cpu_2:40.55125:8.6237834468115
4.7.0-unsafe:enp4s0f1_rx_bytes:15438589.75:1578324.96899182
4.7.0-unsafe:cpu_16:40.4095:7.18821151260868
4.7.0-unsafe:TOTAL_l3hit:0.1705:0.00217944947177033
4.7.0-unsafe:cpu_19:39.87975:8.47089944678249
4.7.0-unsafe:enp4s0f1_rx_packets_phy:285219.65:22376.1634966207
4.7.0-unsafe:cpu_5:40.9225:7.58668035111537
4.7.0-unsafe:SKT0_l2hit:0.234:0.00489897948556635
4.7.0-unsafe:enp130s0f0_tx_packets:106818.2:689.568386746376
4.7.0-unsafe:cache-misses:1793623618.325:8686584.46922358
4.7.0-unsafe:TOTAL_l2mpi:0.05:2.08166817117217e-17
4.7.0-unsafe:Memory:78194.9435:160.34369999395
4.7.0-unsafe:LLC-load:1447757548.725:16297038.5104664
4.7.0-unsafe:enp4s0f1_rx_packets:230055.45:23000.0719020072
4.7.0-unsafe:enp4s0f1_tx_queue_stopped:0:0
4.7.0-unsafe:enp130s0f0_tx_queue_stopped:0:0
4.7.0-unsafe:Total_rx_bytes_phy:68299065.025:2124248.17585389
4.7.0-unsafe:enp130s0f1_tx_bytes_phy:4875262273.525:5644029.29644733
4.7.0-unsafe:TOTAL_l3mpi:0.04:2.08166817117217e-17
4.7.0-unsafe:SKT0_l2mpi:0.048:0.004
4.7.0-unsafe:SKT1_l3miss:903100000:38390623.8553113
4.7.0-unsafe:cpu_9:40.24225:8.62588618273508
4.7.0-unsafe:enp4s0f0_rx_packets_phy:268308.775:3284.78156417973
4.7.0-unsafe:SKT0_l2miss:1079600000:48314490.5799492
4.7.0-unsafe:enp4s0f0_tx_bytes:4875828485.025:8439827.24342824
4.7.0-unsafe:cpu_26:38.3185:8.30875789453514
4.7.0-unsafe:Read:53732.394:114.446881538991
4.7.0-unsafe:SKT1_l3mpi:0.04075:0.00263391343821318
4.7.0-unsafe:SKT0_l3hit:0.17275:0.00499374608885954
4.7.0-unsafe:cycles:145917244437.65:1925964815.44041
4.7.0-unsafe:enp4s0f0_tx_packets:77282.45:151.803153788055
4.7.0-unsafe:cpu_21:38.685:6.90146071495013
4.7.0-unsafe:cpu_17:39.348:7.95254148055827
4.7.0-unsafe:cpu_20:39.749:7.71085300080348
4.7.0-unsafe:cpu_1:43.0775:7.46439238987341
4.7.0-unsafe:Total_tx_packets:366460.825:2180.1359348387
4.7.0-unsafe:cpu_23:39.36925:6.87210789623533
4.7.0-unsafe:cpu_12:41.19:8.35655939965726
4.7.0-unsafe:SKT0_l3miss:893050000:40010592.3475272
4.7.0-unsafe:cpu_6:41.744:7.89441061764588
4.7.0-unsafe:cpu_14:42.31775:8.01847600467196
4.7.0-unsafe:cpu_11:41.56625:8.54793474691402
4.7.0-unsafe:SKT1_ipc:0.2895:0.0102347447452293
4.7.0-unsafe:cpu_18:41.32925:7.89753423148643
4.7.0-unsafe:enp130s0f1_tx_queue_stopped:0:0
4.7.0-unsafe:cpu_25:39.94925:8.96909733125358
4.7.0-unsafe:enp130s0f1_rx_bytes_phy:17517557.725:599865.989168414
4.7.0-unsafe:enp130s0f1_tx_packets:78105.4:1497.92439395318
4.7.0-unsafe:cpu_3:41.55125:7.95952768306638
4.7.0-unsafe:enp130s0f0_rx_bytes:9329210.3:1087221.99956741
4.7.0-unsafe:Write:24462.55:49.2295594130193
4.7.0-unsafe:enp4s0f0_tx_bytes_phy:4878163424.975:8057382.89769135
4.7.0-unsafe:enp130s0f1_tx_packets_phy:540616.9:626.470262662163
4.7.0-unsafe:Total_tx_queue_stopped:0:0
4.7.0-unsafe:SKT0_l3mpi:0.03975:0.0015612494995996
4.7.0-unsafe:cpu_22:40.627:8.80370382282366
4.7.0-unsafe:SKT1_l2miss:1088375000:44909179.1842158
4.7.0-unsafe:enp4s0f0_tx_queue_stopped:0:0
4.7.0-unsafe:cpu_13:42.69525:8.90305761733013
4.7.0-unsafe:cpu_4:40.802:7.59682703501929
4.7.0-unsafe:Total_rx_packets_phy:979618.475:29407.7119587596
4.7.0-unsafe:TOTAL_l3miss:1796575000:8203314.87875481
4.7.0-unsafe:enp4s0f0_rx_bytes:17707692.525:216396.673372766
4.7.0-unsafe:SKT1_l2mpi:0.05025:0.0015612494995996
4.7.0-unsafe:TOTAL_l2miss:2168525000:15466071.7378396
4.7.0-unsafe:SKT0_ipc:0.3165:0.00909670269933014
4.7.0-unsafe:enp130s0f0_rx_packets:141351.175:16473.0297879405
4.7.0-unsafe:cpu_27:39.419:7.97699623918678
4.7.0-unsafe:enp4s0f1_tx_bytes:6557048625.425:53645752.4394794
4.7.0-unsafe:LLC-store:1943304506.025:7700856.6651404
4.7.0-unsafe:enp4s0f1_tx_packets_phy:727435.275:5970.16957459124
4.7.0-unsafe:cpu_8:41.56725:7.80074803704747
4.7.0-unsafe:enp130s0f0_tx_bytes_phy:6743068112.675:43509945.5763148
4.7.0-unsafe:enp130s0f1_rx_packets_phy:250117:8628.66583545799
4.7.0-unsafe:cache-references:5645818165.525:42811756.6825697
4.7.0-unsafe:enp4s0f1_tx_bytes_phy:6559987238.075:53822915.7258477
4.7.0-unsafe:enp130s0f0_tx_bytes:6740040712.875:43507881.8852278
4.7.0-unsafe:cpu_24:40.67375:6.6709608331559
4.7.0-unsafe:Total_rx_bytes:58992818.05:2138300.55027593
4.7.0-unsafe:cpu_7:41.869:7.08712522818667
4.7.0-unsafe:enp4s0f0_rx_packets:268297.275:3279.74552356963
4.7.0-unsafe:cpu_10:38.44725:7.36835395034061
4.7.0-unsafe:TOTAL_l2hit:0.2325:0.00433012701892218
4.7.0-unsafe:Total_tx_bytes_phy:23056481049.25:54118503.1273393
4.7.0-unsafe:cpu_total:40.48525:0.495610671293507
4.7.0-unsafe:SKT1_l2hit:0.232:0.00599999999999999
4.7.0-unsafe:enp4s0f1_tx_packets:104254.775:1169.60415285472
4.7.0-unsafe:Total_rx_packets:889824.25:31558.3478470832
4.7.0-unsafe:Total_tx_packets_phy:2556724.575:6008.69131711515
4.7.0-unsafe:enp130s0f0_rx_packets_phy:175973.05:15470.024773655
4.7.0-unsafe:16384:87380:0
4.7.0-unsafe:Total_tx_bytes:23046085351.5:54593227.3381721
4.7.0-unsafe:TOTAL_ipc:0.302:0.004
4.7.0-unsafe:enp130s0f1_tx_bytes:4873167528.175:5672383.58694378
