4.7.0-copy-plus-strict:enp4s0f1_rx_bytes:0
4.7.0-copy-plus-strict:enp130s0f0_rx_bytes_phy:17475665.2
4.7.0-copy-plus-strict:enp130s0f1_rx_packets:176053.8
4.7.0-copy-plus-strict:enp130s0f0_rx_bytes:16484051
4.7.0-copy-plus-strict:enp130s0f1_rx_packets_phy:176070
4.7.0-copy-plus-strict:cpu_4:46.132
4.7.0-copy-plus-strict:enp4s0f1_rx_packets:0
4.7.0-copy-plus-strict:TOTAL_l3miss:1659400000
4.7.0-copy-plus-strict:enp130s0f1_tx_packets_phy:532917
4.7.0-copy-plus-strict:enp4s0f1_tx_bytes:0
4.7.0-copy-plus-strict:cpu_26:14.266
4.7.0-copy-plus-strict:cache-misses:1653551119.8
4.7.0-copy-plus-strict:enp4s0f0_tx_queue_stopped:0
4.7.0-copy-plus-strict:Total_rx_bytes_phy:29958282.8
4.7.0-copy-plus-strict:cycles:111151566305.4
4.7.0-copy-plus-strict:TOTAL_l2hit:0.25
4.7.0-copy-plus-strict:Total_tx_packets_phy:1298384.8
4.7.0-copy-plus-strict:LLC-load:1401504757
4.7.0-copy-plus-strict:cpu_27:29.294
4.7.0-copy-plus-strict:cpu_5:31.856
4.7.0-copy-plus-strict:cpu_19:28.944
4.7.0-copy-plus-strict:TOTAL_l3mpi:0.064
4.7.0-copy-plus-strict:SKT1_ipc:0.23
4.7.0-copy-plus-strict:Total_rx_packets_phy:423129
4.7.0-copy-plus-strict:enp4s0f0_rx_bytes_phy:0
4.7.0-copy-plus-strict:Total_tx_queue_stopped:0
4.7.0-copy-plus-strict:enp4s0f0_rx_packets_phy:0
4.7.0-copy-plus-strict:LLC-store:1910439724.2
4.7.0-copy-plus-strict:cpu_20:15.036
4.7.0-copy-plus-strict:instructions:24742948196.8
4.7.0-copy-plus-strict:SKT1_l3mpi:0.062
4.7.0-copy-plus-strict:cpu_8:36.508
4.7.0-copy-plus-strict:SKT0_l2miss:918800000
4.7.0-copy-plus-strict:cpu_24:12.502
4.7.0-copy-plus-strict:TOTAL_ipc:0.226
4.7.0-copy-plus-strict:cpu_22:15.806
4.7.0-copy-plus-strict:cpu_12:35.97
4.7.0-copy-plus-strict:Memory:51491.222
4.7.0-copy-plus-strict:cpu_17:22.67
4.7.0-copy-plus-strict:enp130s0f0_tx_bytes_phy:6902999874.2
4.7.0-copy-plus-strict:cpu_11:31.224
4.7.0-copy-plus-strict:cache-references:5239252288.8
4.7.0-copy-plus-strict:cpu_0:46.092
4.7.0-copy-plus-strict:SKT1_l3miss:899400000
4.7.0-copy-plus-strict:enp4s0f1_tx_bytes_phy:0
4.7.0-copy-plus-strict:Read:33894.018
4.7.0-copy-plus-strict:Total_rx_packets:423062.2
4.7.0-copy-plus-strict:TOTAL_l3hit:0.186
4.7.0-copy-plus-strict:enp4s0f1_tx_packets:0
4.7.0-copy-plus-strict:TOTAL_l2miss:2036600000
4.7.0-copy-plus-strict:SKT1_l2mpi:0.078
4.7.0-copy-plus-strict:SKT0_ipc:0.218
4.7.0-copy-plus-strict:enp130s0f0_tx_packets_phy:765467.8
4.7.0-copy-plus-strict:enp4s0f0_rx_packets:0
4.7.0-copy-plus-strict:cpu_15:26.944
4.7.0-copy-plus-strict:enp4s0f0_tx_packets:0
4.7.0-copy-plus-strict:SKT0_l3miss:759400000
4.7.0-copy-plus-strict:SKT0_l2hit:0.242
4.7.0-copy-plus-strict:cpu_18:15.24
4.7.0-copy-plus-strict:enp130s0f0_tx_queue_stopped:0
4.7.0-copy-plus-strict:enp130s0f1_tx_queue_stopped:0
4.7.0-copy-plus-strict:cpu_21:25.792
4.7.0-copy-plus-strict:SKT0_l3mpi:0.07
4.7.0-copy-plus-strict:enp4s0f1_tx_packets_phy:0
4.7.0-copy-plus-strict:enp4s0f0_tx_bytes:0
4.7.0-copy-plus-strict:enp130s0f0_tx_bytes:6899288572.4
4.7.0-copy-plus-strict:cpu_16:16.388
4.7.0-copy-plus-strict:Total_tx_bytes_phy:11708849563
4.7.0-copy-plus-strict:enp4s0f1_rx_packets_phy:0
4.7.0-copy-plus-strict:cpu_23:31.458
4.7.0-copy-plus-strict:enp130s0f0_rx_packets_phy:247059
4.7.0-copy-plus-strict:cpu_3:47.456
4.7.0-copy-plus-strict:cpu_25:32.61
4.7.0-copy-plus-strict:cpu_10:33.39
4.7.0-copy-plus-strict:SKT0_l3hit:0.172
4.7.0-copy-plus-strict:Write:17597.202
4.7.0-copy-plus-strict:TOTAL_l2mpi:0.08
4.7.0-copy-plus-strict:SKT1_l2miss:1117600000
4.7.0-copy-plus-strict:SKT1_l3hit:0.196
4.7.0-copy-plus-strict:cpu_total:31.53
4.7.0-copy-plus-strict:enp130s0f0_rx_packets:247008.4
4.7.0-copy-plus-strict:cpu_1:56.448
4.7.0-copy-plus-strict:LLC-load-misses:739251200.4
4.7.0-copy-plus-strict:enp4s0f0_tx_packets_phy:0
4.7.0-copy-plus-strict:LLC-store-misses:143011680.8
4.7.0-copy-plus-strict:enp130s0f1_tx_bytes:4803438484.6
4.7.0-copy-plus-strict:enp130s0f1_rx_bytes_phy:12482617.6
4.7.0-copy-plus-strict:enp130s0f1_tx_packets:76133.2
4.7.0-copy-plus-strict:enp4s0f0_tx_bytes_phy:0
4.7.0-copy-plus-strict:enp130s0f1_tx_bytes_phy:4805849688.8
4.7.0-copy-plus-strict:cpu_9:38.664
4.7.0-copy-plus-strict:enp130s0f0_tx_packets:109342
4.7.0-copy-plus-strict:Total_tx_packets:185475.2
4.7.0-copy-plus-strict:cpu_6:48.858
4.7.0-copy-plus-strict:Total_tx_bytes:11702727057
4.7.0-copy-plus-strict:16384:87380
4.7.0-copy-plus-strict:SKT1_l2hit:0.258
4.7.0-copy-plus-strict:enp4s0f0_rx_bytes:0
4.7.0-copy-plus-strict:cpu_14:33.006
4.7.0-copy-plus-strict:cpu_7:33.186
4.7.0-copy-plus-strict:Total_rx_bytes:28261337
4.7.0-copy-plus-strict:enp4s0f1_tx_queue_stopped:0
4.7.0-copy-plus-strict:enp130s0f1_rx_bytes:11777286
4.7.0-copy-plus-strict:SKT0_l2mpi:0.084
4.7.0-copy-plus-strict:cpu_2:49.752
4.7.0-copy-plus-strict:cpu_13:27.55
4.7.0-copy-plus-strict:enp4s0f1_rx_bytes_phy:0
4.7.0-damn-strict:cpu_20:12.55
4.7.0-damn-strict:instructions:20052767990
4.7.0-damn-strict:SKT0_l2miss:414400000
4.7.0-damn-strict:SKT1_l3mpi:0.03
4.7.0-damn-strict:cpu_8:22.55
4.7.0-damn-strict:cpu_24:12.55
4.7.0-damn-strict:TOTAL_ipc:0.31
4.7.0-damn-strict:cpu_22:13.138
4.7.0-damn-strict:cpu_12:21.57
4.7.0-damn-strict:Memory:35477.176
4.7.0-damn-strict:cpu_17:17.256
4.7.0-damn-strict:enp130s0f0_tx_bytes_phy:6418739445.6
4.7.0-damn-strict:cache-references:2474468646.2
4.7.0-damn-strict:cpu_11:20.786
4.7.0-damn-strict:cpu_0:20.002
4.7.0-damn-strict:SKT1_l3miss:384600000
4.7.0-damn-strict:Read:23922.702
4.7.0-damn-strict:enp4s0f1_tx_bytes_phy:0
4.7.0-damn-strict:Total_rx_packets:418129.6
4.7.0-damn-strict:TOTAL_l2miss:876800000
4.7.0-damn-strict:TOTAL_l3hit:0.154
4.7.0-damn-strict:enp4s0f1_tx_packets:0
4.7.0-damn-strict:SKT1_l2mpi:0.038
4.7.0-damn-strict:SKT0_ipc:0.272
4.7.0-damn-strict:enp130s0f0_tx_packets_phy:711770.6
4.7.0-damn-strict:enp4s0f1_rx_bytes:0
4.7.0-damn-strict:enp130s0f1_rx_packets:177079
4.7.0-damn-strict:enp130s0f0_rx_bytes_phy:17077181.4
4.7.0-damn-strict:enp130s0f0_rx_bytes:16112010
4.7.0-damn-strict:enp130s0f1_rx_packets_phy:177082.8
4.7.0-damn-strict:cpu_4:19.61
4.7.0-damn-strict:enp4s0f1_rx_packets:0
4.7.0-damn-strict:TOTAL_l3miss:740400000
4.7.0-damn-strict:enp130s0f1_tx_packets_phy:517764.8
4.7.0-damn-strict:cpu_26:11.762
4.7.0-damn-strict:enp4s0f1_tx_bytes:0
4.7.0-damn-strict:cache-misses:735065454.8
4.7.0-damn-strict:enp4s0f0_tx_queue_stopped:0
4.7.0-damn-strict:Total_rx_bytes_phy:29677541.8
4.7.0-damn-strict:Total_tx_packets_phy:1229535.4
4.7.0-damn-strict:TOTAL_l2hit:0.268
4.7.0-damn-strict:cycles:64761518449.2
4.7.0-damn-strict:LLC-load:574499694
4.7.0-damn-strict:cpu_27:18.434
4.7.0-damn-strict:cpu_5:22.746
4.7.0-damn-strict:cpu_19:12.942
4.7.0-damn-strict:TOTAL_l3mpi:0.04
4.7.0-damn-strict:SKT1_ipc:0.34
4.7.0-damn-strict:enp4s0f0_rx_bytes_phy:0
4.7.0-damn-strict:Total_rx_packets_phy:418146.6
4.7.0-damn-strict:Total_tx_queue_stopped:0
4.7.0-damn-strict:enp4s0f0_rx_packets_phy:0
4.7.0-damn-strict:LLC-store:906401946.2
4.7.0-damn-strict:enp130s0f1_rx_bytes_phy:12600360.4
4.7.0-damn-strict:LLC-store-misses:133860245.2
4.7.0-damn-strict:enp130s0f1_tx_bytes:4667185146.2
4.7.0-damn-strict:enp130s0f1_tx_packets:73966.8
4.7.0-damn-strict:enp4s0f0_tx_bytes_phy:0
4.7.0-damn-strict:enp130s0f1_tx_bytes_phy:4669214270.2
4.7.0-damn-strict:cpu_9:19.412
4.7.0-damn-strict:enp130s0f0_tx_packets:101679.4
4.7.0-damn-strict:Total_tx_packets:175646.2
4.7.0-damn-strict:cpu_6:12.154
4.7.0-damn-strict:Total_tx_bytes:11082978578.4
4.7.0-damn-strict:SKT1_l2hit:0.276
4.7.0-damn-strict:16384:87380
4.7.0-damn-strict:enp4s0f0_rx_bytes:0
4.7.0-damn-strict:cpu_14:17.648
4.7.0-damn-strict:cpu_7:21.178
4.7.0-damn-strict:Total_rx_bytes:28003807.8
4.7.0-damn-strict:enp4s0f1_tx_queue_stopped:0
4.7.0-damn-strict:enp130s0f1_rx_bytes:11891797.8
4.7.0-damn-strict:SKT0_l2mpi:0.054
4.7.0-damn-strict:cpu_2:25.098
4.7.0-damn-strict:cpu_13:20.982
4.7.0-damn-strict:enp4s0f1_rx_bytes_phy:0
4.7.0-damn-strict:enp4s0f0_rx_packets:0
4.7.0-damn-strict:enp4s0f0_tx_packets:0
4.7.0-damn-strict:cpu_15:15.884
4.7.0-damn-strict:SKT0_l3miss:355800000
4.7.0-damn-strict:cpu_18:12.158
4.7.0-damn-strict:SKT0_l2hit:0.258
4.7.0-damn-strict:enp130s0f1_tx_queue_stopped:0
4.7.0-damn-strict:enp130s0f0_tx_queue_stopped:0
4.7.0-damn-strict:SKT0_l3mpi:0.044
4.7.0-damn-strict:cpu_21:17.454
4.7.0-damn-strict:enp4s0f1_tx_packets_phy:0
4.7.0-damn-strict:enp4s0f0_tx_bytes:0
4.7.0-damn-strict:enp130s0f0_tx_bytes:6415793432.2
4.7.0-damn-strict:Total_tx_bytes_phy:11087953715.8
4.7.0-damn-strict:cpu_16:11.568
4.7.0-damn-strict:enp4s0f1_rx_packets_phy:0
4.7.0-damn-strict:cpu_23:18.042
4.7.0-damn-strict:enp130s0f0_rx_packets_phy:241063.8
4.7.0-damn-strict:cpu_25:19.412
4.7.0-damn-strict:cpu_3:21.178
4.7.0-damn-strict:cpu_10:22.746
4.7.0-damn-strict:SKT0_l3hit:0.142
4.7.0-damn-strict:Write:11554.472
4.7.0-damn-strict:TOTAL_l2mpi:0.04
4.7.0-damn-strict:SKT1_l2miss:461800000
4.7.0-damn-strict:cpu_total:17.724
4.7.0-damn-strict:SKT1_l3hit:0.168
4.7.0-damn-strict:cpu_1:16.276
4.7.0-damn-strict:enp130s0f0_rx_packets:241050.6
4.7.0-damn-strict:enp4s0f0_tx_packets_phy:0
4.7.0-damn-strict:LLC-load-misses:248136073.2
4.7.0-deff:Total_tx_packets:186008.8
4.7.0-deff:cpu_6:31.764
4.7.0-deff:Total_tx_bytes:11734689060.2
4.7.0-deff:cpu_9:32.94
4.7.0-deff:enp130s0f0_tx_packets:112187.8
4.7.0-deff:cpu_14:21.178
4.7.0-deff:SKT1_l2hit:0.278
4.7.0-deff:enp4s0f0_rx_bytes:0
4.7.0-deff:16384:87380
4.7.0-deff:LLC-store-misses:143511834.6
4.7.0-deff:enp130s0f1_tx_bytes:4657989922.2
4.7.0-deff:enp130s0f1_rx_bytes_phy:12548334.4
4.7.0-deff:enp130s0f1_tx_packets:73821
4.7.0-deff:enp130s0f1_tx_bytes_phy:4659951889.6
4.7.0-deff:enp4s0f0_tx_bytes_phy:0
4.7.0-deff:enp130s0f1_rx_bytes:11848388.8
4.7.0-deff:SKT0_l2mpi:0.052
4.7.0-deff:Total_rx_bytes:28460336.8
4.7.0-deff:enp4s0f1_tx_queue_stopped:0
4.7.0-deff:cpu_13:25.686
4.7.0-deff:enp4s0f1_rx_bytes_phy:0
4.7.0-deff:cpu_2:25.49
4.7.0-deff:cpu_7:24.118
4.7.0-deff:cpu_16:12.156
4.7.0-deff:Total_tx_bytes_phy:11740529016.2
4.7.0-deff:enp4s0f0_tx_bytes:0
4.7.0-deff:enp130s0f0_tx_bytes:7076699138
4.7.0-deff:SKT0_l3miss:429200000
4.7.0-deff:enp4s0f0_rx_packets:0
4.7.0-deff:enp4s0f0_tx_packets:0
4.7.0-deff:cpu_15:22.942
4.7.0-deff:cpu_21:23.53
4.7.0-deff:SKT0_l3mpi:0.044
4.7.0-deff:enp4s0f1_tx_packets_phy:0
4.7.0-deff:cpu_18:11.568
4.7.0-deff:SKT0_l2hit:0.234
4.7.0-deff:enp130s0f0_tx_queue_stopped:0
4.7.0-deff:enp130s0f1_tx_queue_stopped:0
4.7.0-deff:TOTAL_l2mpi:0.038
4.7.0-deff:Write:12459.752
4.7.0-deff:SKT1_l2miss:590400000
4.7.0-deff:SKT0_l3hit:0.13
4.7.0-deff:cpu_1:28.038
4.7.0-deff:enp130s0f0_rx_packets:247462.6
4.7.0-deff:enp4s0f0_tx_packets_phy:0
4.7.0-deff:LLC-load-misses:310539288.2
4.7.0-deff:SKT1_l3hit:0.172
4.7.0-deff:cpu_total:22.556
4.7.0-deff:enp130s0f0_rx_packets_phy:247453
4.7.0-deff:enp4s0f1_rx_packets_phy:0
4.7.0-deff:cpu_23:22.55
4.7.0-deff:cpu_10:24.316
4.7.0-deff:cpu_3:27.844
4.7.0-deff:cpu_25:19.412
4.7.0-deff:SKT0_l2miss:494000000
4.7.0-deff:SKT1_l3mpi:0.02
4.7.0-deff:cpu_24:12.352
4.7.0-deff:cpu_8:26.274
4.7.0-deff:TOTAL_ipc:0.382
4.7.0-deff:cpu_12:12.546
4.7.0-deff:cpu_22:12.352
4.7.0-deff:cpu_20:14.316
4.7.0-deff:instructions:30469294388.8
4.7.0-deff:SKT1_l3miss:489200000
4.7.0-deff:Read:27204.792
4.7.0-deff:enp4s0f1_tx_bytes_phy:0
4.7.0-deff:Total_rx_packets:423346.8
4.7.0-deff:enp4s0f1_tx_packets:0
4.7.0-deff:TOTAL_l3hit:0.15
4.7.0-deff:TOTAL_l2miss:1084800000
4.7.0-deff:cpu_0:26.272
4.7.0-deff:enp130s0f0_tx_packets_phy:785159.8
4.7.0-deff:SKT1_l2mpi:0.03
4.7.0-deff:SKT0_ipc:0.296
4.7.0-deff:cpu_17:25.294
4.7.0-deff:Memory:39664.548
4.7.0-deff:cpu_11:24.904
4.7.0-deff:cache-references:2812984837.4
4.7.0-deff:enp130s0f0_tx_bytes_phy:7080577126.6
4.7.0-deff:enp4s0f1_rx_packets:0
4.7.0-deff:enp130s0f1_rx_packets_phy:175833.6
4.7.0-deff:cpu_4:28.626
4.7.0-deff:cpu_26:18.042
4.7.0-deff:enp4s0f1_tx_bytes:0
4.7.0-deff:cache-misses:912632678
4.7.0-deff:TOTAL_l3miss:919000000
4.7.0-deff:enp130s0f1_tx_packets_phy:516738.4
4.7.0-deff:enp130s0f1_rx_packets:175884.2
4.7.0-deff:enp130s0f0_rx_bytes_phy:17601195.4
4.7.0-deff:enp4s0f1_rx_bytes:0
4.7.0-deff:enp130s0f0_rx_bytes:16611948
4.7.0-deff:Total_rx_packets_phy:423286.6
4.7.0-deff:enp4s0f0_rx_bytes_phy:0
4.7.0-deff:SKT1_ipc:0.438
4.7.0-deff:TOTAL_l3mpi:0.03
4.7.0-deff:enp4s0f0_rx_packets_phy:0
4.7.0-deff:LLC-store:982917175.6
4.7.0-deff:Total_tx_queue_stopped:0
4.7.0-deff:Total_tx_packets_phy:1301898.2
4.7.0-deff:TOTAL_l2hit:0.262
4.7.0-deff:cycles:79970158235
4.7.0-deff:LLC-load:683959250.2
4.7.0-deff:enp4s0f0_tx_queue_stopped:0
4.7.0-deff:Total_rx_bytes_phy:30149529.8
4.7.0-deff:cpu_19:19.022
4.7.0-deff:cpu_27:20.786
4.7.0-deff:cpu_5:37.256
4.7.0-strict:cpu_3:70.836
4.7.0-strict:cpu_25:44.378
4.7.0-strict:cpu_10:77.786
4.7.0-strict:enp4s0f1_rx_packets_phy:0
4.7.0-strict:cpu_23:61.562
4.7.0-strict:enp130s0f0_rx_packets_phy:55950.8
4.7.0-strict:SKT1_l3hit:0.196
4.7.0-strict:cpu_total:52.382
4.7.0-strict:cpu_1:81.194
4.7.0-strict:enp130s0f0_rx_packets:55721.6
4.7.0-strict:enp4s0f0_tx_packets_phy:0
4.7.0-strict:LLC-load-misses:186858745.2
4.7.0-strict:SKT0_l3hit:0.156
4.7.0-strict:SKT1_l2miss:373800000
4.7.0-strict:TOTAL_l2mpi:0.01
4.7.0-strict:Write:7829.834
4.7.0-strict:cpu_18:9.978
4.7.0-strict:SKT0_l2hit:0.226
4.7.0-strict:enp130s0f0_tx_queue_stopped:136.6
4.7.0-strict:enp130s0f1_tx_queue_stopped:92
4.7.0-strict:SKT0_l3mpi:0.014
4.7.0-strict:cpu_21:53.72
4.7.0-strict:enp4s0f1_tx_packets_phy:0
4.7.0-strict:enp4s0f0_rx_packets:0
4.7.0-strict:cpu_15:61.882
4.7.0-strict:enp4s0f0_tx_packets:0
4.7.0-strict:SKT0_l3miss:289800000
4.7.0-strict:enp4s0f0_tx_bytes:0
4.7.0-strict:enp130s0f0_tx_bytes:3228364137
4.7.0-strict:Total_tx_bytes_phy:7584827803.2
4.7.0-strict:cpu_16:8.624
4.7.0-strict:cpu_7:70.258
4.7.0-strict:cpu_2:69.536
4.7.0-strict:cpu_13:61.752
4.7.0-strict:enp4s0f1_rx_bytes_phy:0
4.7.0-strict:Total_rx_bytes:11966881.4
4.7.0-strict:enp4s0f1_tx_queue_stopped:0
4.7.0-strict:enp130s0f1_rx_bytes:8242290
4.7.0-strict:SKT0_l2mpi:0.02
4.7.0-strict:enp4s0f0_tx_bytes_phy:0
4.7.0-strict:enp130s0f1_tx_bytes_phy:4342912682.8
4.7.0-strict:LLC-store-misses:108417288.4
4.7.0-strict:enp130s0f1_tx_bytes:4331548102.8
4.7.0-strict:enp130s0f1_rx_bytes_phy:8761262
4.7.0-strict:enp130s0f1_tx_packets:68833.2
4.7.0-strict:enp4s0f0_rx_bytes:0
4.7.0-strict:SKT1_l2hit:0.228
4.7.0-strict:16384:87380
4.7.0-strict:cpu_14:74.518
4.7.0-strict:enp130s0f0_tx_packets:51182.4
4.7.0-strict:cpu_9:82.06
4.7.0-strict:Total_tx_packets:120015.6
4.7.0-strict:Total_tx_bytes:7559912239.8
4.7.0-strict:cpu_6:63.462
4.7.0-strict:cpu_27:57.98
4.7.0-strict:cpu_5:67.232
4.7.0-strict:cpu_19:54.776
4.7.0-strict:enp4s0f0_tx_queue_stopped:0
4.7.0-strict:Total_rx_bytes_phy:12724981.8
4.7.0-strict:Total_tx_packets_phy:841082
4.7.0-strict:TOTAL_l2hit:0.226
4.7.0-strict:cycles:176183650955.8
4.7.0-strict:LLC-load:445189964.6
4.7.0-strict:Total_tx_queue_stopped:228.6
4.7.0-strict:enp4s0f0_rx_packets_phy:0
4.7.0-strict:LLC-store:671883987
4.7.0-strict:TOTAL_l3mpi:0.01
4.7.0-strict:SKT1_ipc:0.28
4.7.0-strict:Total_rx_packets_phy:179102.2
4.7.0-strict:enp4s0f0_rx_bytes_phy:0
4.7.0-strict:enp130s0f0_rx_bytes:3724591.4
4.7.0-strict:enp4s0f1_rx_bytes:0
4.7.0-strict:enp130s0f0_rx_bytes_phy:3963719.8
4.7.0-strict:enp130s0f1_rx_packets:122756.2
4.7.0-strict:TOTAL_l3miss:590400000
4.7.0-strict:enp130s0f1_tx_packets_phy:481587
4.7.0-strict:cpu_26:9.576
4.7.0-strict:enp4s0f1_tx_bytes:0
4.7.0-strict:cache-misses:580448206.8
4.7.0-strict:enp130s0f1_rx_packets_phy:123151.4
4.7.0-strict:cpu_4:40.192
4.7.0-strict:enp4s0f1_rx_packets:0
4.7.0-strict:enp130s0f0_tx_bytes_phy:3241915120.4
4.7.0-strict:cpu_11:59.408
4.7.0-strict:cache-references:1888148504
4.7.0-strict:Memory:24753.614
4.7.0-strict:cpu_17:52.88
4.7.0-strict:SKT1_l2mpi:0.01
4.7.0-strict:SKT0_ipc:0.268
4.7.0-strict:enp130s0f0_tx_packets_phy:359495
4.7.0-strict:cpu_0:91.774
4.7.0-strict:SKT1_l3miss:299800000
4.7.0-strict:Total_rx_packets:178477.8
4.7.0-strict:Read:16923.784
4.7.0-strict:enp4s0f1_tx_bytes_phy:0
4.7.0-strict:TOTAL_l2miss:717600000
4.7.0-strict:TOTAL_l3hit:0.18
4.7.0-strict:enp4s0f1_tx_packets:0
4.7.0-strict:instructions:48279558163
4.7.0-strict:cpu_20:9.204
4.7.0-strict:cpu_22:8.418
4.7.0-strict:cpu_12:56.152
4.7.0-strict:SKT0_l2miss:343400000
4.7.0-strict:SKT1_l3mpi:0.01
4.7.0-strict:cpu_24:8.412
4.7.0-strict:cpu_8:60.058
4.7.0-strict:TOTAL_ipc:0.274
4.7.0-unsafe:enp4s0f0_rx_packets:0
4.7.0-unsafe:enp4s0f0_tx_packets:0
4.7.0-unsafe:cpu_15:20.194
4.7.0-unsafe:SKT0_l3miss:468200000
4.7.0-unsafe:SKT0_l2hit:0.234
4.7.0-unsafe:cpu_18:14.118
4.7.0-unsafe:enp130s0f1_tx_queue_stopped:0
4.7.0-unsafe:enp130s0f0_tx_queue_stopped:0
4.7.0-unsafe:SKT0_l3mpi:0.048
4.7.0-unsafe:cpu_21:19.218
4.7.0-unsafe:enp4s0f1_tx_packets_phy:0
4.7.0-unsafe:enp4s0f0_tx_bytes:0
4.7.0-unsafe:enp130s0f0_tx_bytes:7248753718.8
4.7.0-unsafe:Total_tx_bytes_phy:11942504284.4
4.7.0-unsafe:cpu_16:14.12
4.7.0-unsafe:enp4s0f1_rx_packets_phy:0
4.7.0-unsafe:cpu_23:19.414
4.7.0-unsafe:enp130s0f0_rx_packets_phy:279520.2
4.7.0-unsafe:cpu_25:16.274
4.7.0-unsafe:cpu_3:24.902
4.7.0-unsafe:cpu_10:23.334
4.7.0-unsafe:SKT0_l3hit:0.132
4.7.0-unsafe:Write:12739.084
4.7.0-unsafe:TOTAL_l2mpi:0.05
4.7.0-unsafe:SKT1_l2miss:555600000
4.7.0-unsafe:cpu_total:20.28
4.7.0-unsafe:SKT1_l3hit:0.154
4.7.0-unsafe:cpu_1:27.45
4.7.0-unsafe:enp130s0f0_rx_packets:279518.8
4.7.0-unsafe:LLC-load-misses:315644077.6
4.7.0-unsafe:enp4s0f0_tx_packets_phy:0
4.7.0-unsafe:enp130s0f1_tx_packets:74308.6
4.7.0-unsafe:LLC-store-misses:147033460.6
4.7.0-unsafe:enp130s0f1_tx_bytes:4688750704.2
4.7.0-unsafe:enp130s0f1_rx_bytes_phy:11275017
4.7.0-unsafe:enp4s0f0_tx_bytes_phy:0
4.7.0-unsafe:enp130s0f1_tx_bytes_phy:4691127767.8
4.7.0-unsafe:cpu_9:22.942
4.7.0-unsafe:enp130s0f0_tx_packets:114886.8
4.7.0-unsafe:Total_tx_packets:189195.4
4.7.0-unsafe:cpu_6:27.06
4.7.0-unsafe:Total_tx_bytes:11937504423
4.7.0-unsafe:SKT1_l2hit:0.246
4.7.0-unsafe:16384:87380
4.7.0-unsafe:enp4s0f0_rx_bytes:0
4.7.0-unsafe:cpu_14:17.65
4.7.0-unsafe:cpu_7:25.294
4.7.0-unsafe:Total_rx_bytes:29421432
4.7.0-unsafe:enp4s0f1_tx_queue_stopped:0
4.7.0-unsafe:enp130s0f1_rx_bytes:10641221.6
4.7.0-unsafe:SKT0_l2mpi:0.054
4.7.0-unsafe:cpu_2:31.176
4.7.0-unsafe:enp4s0f1_rx_bytes_phy:0
4.7.0-unsafe:cpu_13:25.294
4.7.0-unsafe:enp4s0f1_rx_bytes:0
4.7.0-unsafe:enp130s0f1_rx_packets:159174.2
4.7.0-unsafe:enp130s0f0_rx_bytes_phy:19898406
4.7.0-unsafe:enp130s0f0_rx_bytes:18780210.4
4.7.0-unsafe:enp130s0f1_rx_packets_phy:159132.8
4.7.0-unsafe:cpu_4:28.822
4.7.0-unsafe:enp4s0f1_rx_packets:0
4.7.0-unsafe:TOTAL_l3miss:938800000
4.7.0-unsafe:enp130s0f1_tx_packets_phy:520195.8
4.7.0-unsafe:cpu_26:11.372
4.7.0-unsafe:enp4s0f1_tx_bytes:0
4.7.0-unsafe:cache-misses:929869849
4.7.0-unsafe:enp4s0f0_tx_queue_stopped:0
4.7.0-unsafe:Total_rx_bytes_phy:31173423
4.7.0-unsafe:cycles:73020817317
4.7.0-unsafe:TOTAL_l2hit:0.24
4.7.0-unsafe:Total_tx_packets_phy:1324295.4
4.7.0-unsafe:LLC-load:680322705.4
4.7.0-unsafe:cpu_27:18.04
4.7.0-unsafe:cpu_5:23.138
4.7.0-unsafe:cpu_19:15.884
4.7.0-unsafe:TOTAL_l3mpi:0.04
4.7.0-unsafe:SKT1_ipc:0.324
4.7.0-unsafe:enp4s0f0_rx_bytes_phy:0
4.7.0-unsafe:Total_rx_packets_phy:438653
4.7.0-unsafe:Total_tx_queue_stopped:0
4.7.0-unsafe:enp4s0f0_rx_packets_phy:0
4.7.0-unsafe:LLC-store:999113730.6
4.7.0-unsafe:cpu_20:10.194
4.7.0-unsafe:instructions:22143761935.6
4.7.0-unsafe:SKT1_l3mpi:0.038
4.7.0-unsafe:cpu_8:16.666
4.7.0-unsafe:SKT0_l2miss:539800000
4.7.0-unsafe:cpu_24:10.782
4.7.0-unsafe:TOTAL_ipc:0.304
4.7.0-unsafe:cpu_22:13.332
4.7.0-unsafe:cpu_12:22.942
4.7.0-unsafe:Memory:40682.524
4.7.0-unsafe:cpu_17:16.278
4.7.0-unsafe:enp130s0f0_tx_bytes_phy:7251376516.6
4.7.0-unsafe:cache-references:2818983520.4
4.7.0-unsafe:cpu_11:20.59
4.7.0-unsafe:cpu_0:31.764
4.7.0-unsafe:Read:27943.44
4.7.0-unsafe:SKT1_l3miss:470000000
4.7.0-unsafe:enp4s0f1_tx_bytes_phy:0
4.7.0-unsafe:Total_rx_packets:438693
4.7.0-unsafe:TOTAL_l3hit:0.14
4.7.0-unsafe:enp4s0f1_tx_packets:0
4.7.0-unsafe:TOTAL_l2miss:1096000000
4.7.0-unsafe:SKT1_l2mpi:0.044
4.7.0-unsafe:SKT0_ipc:0.28
4.7.0-unsafe:enp130s0f0_tx_packets_phy:804099.6
