4.7.0-copy-plus-strict:cpu_22:40.326
4.7.0-copy-plus-strict:enp130s0f1_rx_packets_phy:2723631.2
4.7.0-copy-plus-strict:LLC-load:2105774612
4.7.0-copy-plus-strict:cpu_19:98.246
4.7.0-copy-plus-strict:enp130s0f1_rx_packets:725890.6
4.7.0-copy-plus-strict:enp130s0f0_rx_bytes:3893943024.2
4.7.0-copy-plus-strict:cpu_26:46.346
4.7.0-copy-plus-strict:cpu_6:39.866
4.7.0-copy-plus-strict:enp4s0f1_rx_bytes:0
4.7.0-copy-plus-strict:cpu_16:36.878
4.7.0-copy-plus-strict:Total_tx_packets_phy:6901618.4
4.7.0-copy-plus-strict:Total_rx_packets_phy:5579535.2
4.7.0-copy-plus-strict:enp130s0f0_rx_packets:857211
4.7.0-copy-plus-strict:cpu_3:86.38
4.7.0-copy-plus-strict:cpu_0:34.888
4.7.0-copy-plus-strict:LLC-store-misses:218170494.4
4.7.0-copy-plus-strict:16384:87380
4.7.0-copy-plus-strict:enp130s0f1_tx_packets_phy:3074120.4
4.7.0-copy-plus-strict:enp130s0f0_rx_packets_phy:2855904
4.7.0-copy-plus-strict:cpu_8:38.508
4.7.0-copy-plus-strict:Total_tx_bytes_phy:8939856525
4.7.0-copy-plus-strict:enp4s0f1_rx_bytes_phy:0
4.7.0-copy-plus-strict:enp4s0f1_rx_packets_phy:0
4.7.0-copy-plus-strict:enp4s0f1_tx_bytes:0
4.7.0-copy-plus-strict:enp4s0f0_rx_packets_phy:0
4.7.0-copy-plus-strict:cycles:232787457837.8
4.7.0-copy-plus-strict:enp4s0f0_rx_bytes:0
4.7.0-copy-plus-strict:cpu_14:44.68
4.7.0-copy-plus-strict:enp4s0f0_rx_packets:0
4.7.0-copy-plus-strict:cpu_2:37.444
4.7.0-copy-plus-strict:cpu_10:44.542
4.7.0-copy-plus-strict:enp130s0f0_tx_packets_phy:3827498
4.7.0-copy-plus-strict:cpu_27:100
4.7.0-copy-plus-strict:enp130s0f0_tx_bytes_phy:4724450510.8
4.7.0-copy-plus-strict:Total_tx_packets:620592.6
4.7.0-copy-plus-strict:enp4s0f1_rx_packets:0
4.7.0-copy-plus-strict:enp4s0f0_rx_bytes_phy:0
4.7.0-copy-plus-strict:enp130s0f1_rx_bytes_phy:3965035893
4.7.0-copy-plus-strict:enp4s0f0_tx_packets_phy:0
4.7.0-copy-plus-strict:Total_rx_bytes:7746659714.2
4.7.0-copy-plus-strict:LLC-store:2661805368
4.7.0-copy-plus-strict:enp130s0f1_tx_bytes:4235167658.6
4.7.0-copy-plus-strict:enp130s0f0_tx_packets:306937.8
4.7.0-copy-plus-strict:Total_rx_packets:1583101.6
4.7.0-copy-plus-strict:enp130s0f0_rx_bytes_phy:4084168924.8
4.7.0-copy-plus-strict:enp4s0f1_tx_bytes_phy:0
4.7.0-copy-plus-strict:enp4s0f0_tx_bytes:0
4.7.0-copy-plus-strict:enp130s0f1_tx_packets:313654.8
4.7.0-copy-plus-strict:enp4s0f0_tx_bytes_phy:0
4.7.0-copy-plus-strict:cpu_11:93.588
4.7.0-copy-plus-strict:cpu_21:95.45
4.7.0-copy-plus-strict:cpu_20:37.038
4.7.0-copy-plus-strict:cpu_total:68.336
4.7.0-copy-plus-strict:cpu_13:96.552
4.7.0-copy-plus-strict:enp4s0f0_tx_packets:0
4.7.0-copy-plus-strict:cache-misses:2292761828.2
4.7.0-copy-plus-strict:enp130s0f1_rx_bytes:3852716690
4.7.0-copy-plus-strict:cpu_12:44.486
4.7.0-copy-plus-strict:cache-references:7643561618.8
4.7.0-copy-plus-strict:cpu_1:98.246
4.7.0-copy-plus-strict:cpu_5:96.148
4.7.0-copy-plus-strict:cpu_24:36.926
4.7.0-copy-plus-strict:cpu_15:96.316
4.7.0-copy-plus-strict:enp4s0f1_tx_packets_phy:0
4.7.0-copy-plus-strict:cpu_18:41.658
4.7.0-copy-plus-strict:LLC-load-misses:1082539261.4
4.7.0-copy-plus-strict:cpu_7:98.62
4.7.0-copy-plus-strict:enp130s0f0_tx_bytes:4661585081.2
4.7.0-copy-plus-strict:cpu_17:97.398
4.7.0-copy-plus-strict:Total_rx_bytes_phy:8049204817.8
4.7.0-copy-plus-strict:cpu_4:33.482
4.7.0-copy-plus-strict:cpu_23:100
4.7.0-copy-plus-strict:cpu_9:100
4.7.0-copy-plus-strict:cpu_25:100
4.7.0-copy-plus-strict:enp130s0f1_tx_bytes_phy:4215406014.2
4.7.0-copy-plus-strict:instructions:52397994173.2
4.7.0-copy-plus-strict:enp4s0f1_tx_packets:0
4.7.0-copy-plus-strict:Total_tx_bytes:8896752739.8
4.7.0-damn-strict:enp130s0f0_tx_bytes:5364354680.6
4.7.0-damn-strict:cpu_17:43.136
4.7.0-damn-strict:cpu_7:50
4.7.0-damn-strict:cpu_4:39.218
4.7.0-damn-strict:Total_rx_bytes_phy:9049823653.4
4.7.0-damn-strict:LLC-load-misses:671239215
4.7.0-damn-strict:SKT0_l2miss:880000000
4.7.0-damn-strict:enp4s0f1_tx_packets:0
4.7.0-damn-strict:SKT1_l3mpi:0.012
4.7.0-damn-strict:instructions:62131206472.2
4.7.0-damn-strict:enp130s0f1_tx_bytes_phy:4756176524
4.7.0-damn-strict:cpu_25:43.726
4.7.0-damn-strict:Total_tx_bytes:10104920640
4.7.0-damn-strict:cpu_23:43.336
4.7.0-damn-strict:cpu_9:45.88
4.7.0-damn-strict:enp4s0f0_tx_packets:0
4.7.0-damn-strict:cpu_13:57.254
4.7.0-damn-strict:enp130s0f1_rx_bytes:4360610683.6
4.7.0-damn-strict:Read:34059.336
4.7.0-damn-strict:cache-misses:1468826929.2
4.7.0-damn-strict:cpu_20:32.352
4.7.0-damn-strict:cpu_total:40.75
4.7.0-damn-strict:cpu_21:46.47
4.7.0-damn-strict:Write:20737.186
4.7.0-damn-strict:enp4s0f1_tx_packets_phy:0
4.7.0-damn-strict:cpu_15:45.686
4.7.0-damn-strict:cpu_24:31.96
4.7.0-damn-strict:TOTAL_l2hit:0.31
4.7.0-damn-strict:cpu_5:44.9
4.7.0-damn-strict:cpu_18:25.686
4.7.0-damn-strict:SKT1_l3hit:0.276
4.7.0-damn-strict:SKT1_l2hit:0.336
4.7.0-damn-strict:SKT0_l3miss:783400000
4.7.0-damn-strict:cpu_12:31.176
4.7.0-damn-strict:cache-references:4813808799.2
4.7.0-damn-strict:cpu_1:61.374
4.7.0-damn-strict:enp4s0f0_tx_bytes:0
4.7.0-damn-strict:SKT1_l3miss:703400000
4.7.0-damn-strict:enp130s0f0_rx_bytes_phy:4548065325.2
4.7.0-damn-strict:Total_rx_packets:2620115.8
4.7.0-damn-strict:enp4s0f1_tx_bytes_phy:0
4.7.0-damn-strict:enp4s0f0_tx_bytes_phy:0
4.7.0-damn-strict:cpu_11:51.374
4.7.0-damn-strict:SKT0_l3mpi:0.05
4.7.0-damn-strict:enp130s0f1_tx_packets:351295
4.7.0-damn-strict:Total_rx_bytes:8772829204.2
4.7.0-damn-strict:SKT1_l2miss:973200000
4.7.0-damn-strict:enp4s0f0_tx_packets_phy:0
4.7.0-damn-strict:SKT0_ipc:0.276
4.7.0-damn-strict:TOTAL_l3miss:1487200000
4.7.0-damn-strict:enp130s0f0_tx_packets:413000.4
4.7.0-damn-strict:LLC-store:1565527384.6
4.7.0-damn-strict:SKT1_l2mpi:0.02
4.7.0-damn-strict:enp130s0f1_tx_bytes:4740565959.4
4.7.0-damn-strict:enp130s0f0_tx_packets_phy:4336027.6
4.7.0-damn-strict:cpu_2:29.018
4.7.0-damn-strict:cpu_10:35.882
4.7.0-damn-strict:enp4s0f0_rx_packets:0
4.7.0-damn-strict:enp4s0f1_rx_packets:0
4.7.0-damn-strict:enp4s0f0_rx_bytes_phy:0
4.7.0-damn-strict:enp130s0f1_rx_bytes_phy:4501758328.2
4.7.0-damn-strict:TOTAL_l2mpi:0.03
4.7.0-damn-strict:enp130s0f0_tx_bytes_phy:5409666797.6
4.7.0-damn-strict:cpu_27:48.432
4.7.0-damn-strict:Total_tx_packets:764295.4
4.7.0-damn-strict:Memory:54796.522
4.7.0-damn-strict:TOTAL_l3hit:0.2
4.7.0-damn-strict:16384:87380
4.7.0-damn-strict:enp4s0f0_rx_packets_phy:0
4.7.0-damn-strict:TOTAL_ipc:0.422
4.7.0-damn-strict:enp4s0f1_tx_bytes:0
4.7.0-damn-strict:cpu_14:34.51
4.7.0-damn-strict:cycles:149400583297.8
4.7.0-damn-strict:enp4s0f0_rx_bytes:0
4.7.0-damn-strict:TOTAL_l2miss:1854000000
4.7.0-damn-strict:enp130s0f0_rx_packets_phy:3163316.8
4.7.0-damn-strict:enp130s0f1_tx_packets_phy:3429499.2
4.7.0-damn-strict:enp4s0f1_rx_packets_phy:0
4.7.0-damn-strict:enp4s0f1_rx_bytes_phy:0
4.7.0-damn-strict:Total_tx_bytes_phy:10165843321.6
4.7.0-damn-strict:cpu_8:29.606
4.7.0-damn-strict:enp4s0f1_rx_bytes:0
4.7.0-damn-strict:cpu_16:31.96
4.7.0-damn-strict:cpu_6:34.116
4.7.0-damn-strict:SKT0_l2hit:0.286
4.7.0-damn-strict:enp130s0f0_rx_packets:1486607.6
4.7.0-damn-strict:Total_rx_packets_phy:6246418.8
4.7.0-damn-strict:Total_tx_packets_phy:7765526.8
4.7.0-damn-strict:enp130s0f0_rx_bytes:4412218520.6
4.7.0-damn-strict:SKT1_ipc:0.504
4.7.0-damn-strict:cpu_26:32.552
4.7.0-damn-strict:LLC-store-misses:181689429
4.7.0-damn-strict:cpu_0:26.078
4.7.0-damn-strict:cpu_3:63.922
4.7.0-damn-strict:SKT0_l3hit:0.11
4.7.0-damn-strict:LLC-load:1353336135.6
4.7.0-damn-strict:enp130s0f1_rx_packets_phy:3083102
4.7.0-damn-strict:cpu_22:32.154
4.7.0-damn-strict:TOTAL_l3mpi:0.02
4.7.0-damn-strict:enp130s0f1_rx_packets:1133508.2
4.7.0-damn-strict:SKT0_l2mpi:0.058
4.7.0-damn-strict:cpu_19:50.588
4.7.0-deff:Total_tx_bytes_phy:9851991424
4.7.0-deff:cpu_8:32.504
4.7.0-deff:enp4s0f1_rx_bytes_phy:0
4.7.0-deff:enp4s0f1_rx_packets_phy:0
4.7.0-deff:enp130s0f1_tx_packets_phy:3229416.6
4.7.0-deff:enp130s0f0_rx_packets_phy:3479768.6
4.7.0-deff:TOTAL_l2miss:2004000000
4.7.0-deff:cycles:172443360276
4.7.0-deff:enp4s0f0_rx_bytes:0
4.7.0-deff:cpu_14:38.13
4.7.0-deff:enp4s0f1_tx_bytes:0
4.7.0-deff:TOTAL_ipc:0.522
4.7.0-deff:enp4s0f0_rx_packets_phy:0
4.7.0-deff:16384:87380
4.7.0-deff:Memory:56280.506
4.7.0-deff:TOTAL_l3hit:0.208
4.7.0-deff:Total_tx_packets:723412.2
4.7.0-deff:cpu_27:76.578
4.7.0-deff:enp130s0f0_tx_bytes_phy:5342737600.4
4.7.0-deff:TOTAL_l2mpi:0.02
4.7.0-deff:enp4s0f0_rx_bytes_phy:0
4.7.0-deff:enp130s0f1_rx_bytes_phy:4695327902.4
4.7.0-deff:enp4s0f1_rx_packets:0
4.7.0-deff:enp4s0f0_rx_packets:0
4.7.0-deff:cpu_2:24.3
4.7.0-deff:cpu_10:30.934
4.7.0-deff:enp130s0f0_tx_packets_phy:4254622.6
4.7.0-deff:cpu_19:49.224
4.7.0-deff:SKT0_l2mpi:0.058
4.7.0-deff:enp130s0f1_rx_packets:1079602.8
4.7.0-deff:TOTAL_l3mpi:0.02
4.7.0-deff:cpu_22:30.376
4.7.0-deff:enp130s0f1_rx_packets_phy:3195420
4.7.0-deff:LLC-load:1490628115.6
4.7.0-deff:SKT0_l3hit:0.11
4.7.0-deff:cpu_3:66.698
4.7.0-deff:cpu_0:32.094
4.7.0-deff:LLC-store-misses:174510522.2
4.7.0-deff:cpu_26:38.328
4.7.0-deff:SKT1_ipc:0.63
4.7.0-deff:enp130s0f0_rx_bytes:4871667907
4.7.0-deff:Total_tx_packets_phy:7484039.2
4.7.0-deff:enp130s0f0_rx_packets:1398883
4.7.0-deff:Total_rx_packets_phy:6675188.6
4.7.0-deff:SKT0_l2hit:0.274
4.7.0-deff:cpu_6:30.556
4.7.0-deff:cpu_16:27.034
4.7.0-deff:enp4s0f1_rx_bytes:0
4.7.0-deff:cache-references:5183979473.4
4.7.0-deff:cpu_1:86.946
4.7.0-deff:cpu_12:31.122
4.7.0-deff:SKT0_l3miss:824400000
4.7.0-deff:SKT1_l2hit:0.334
4.7.0-deff:SKT1_l3hit:0.29
4.7.0-deff:cpu_18:28.776
4.7.0-deff:TOTAL_l2hit:0.31
4.7.0-deff:cpu_5:53.486
4.7.0-deff:cpu_24:35.014
4.7.0-deff:enp4s0f1_tx_packets_phy:0
4.7.0-deff:cpu_15:61.448
4.7.0-deff:Write:21451.59
4.7.0-deff:cpu_21:55.484
4.7.0-deff:cpu_total:49.552
4.7.0-deff:cpu_20:48.05
4.7.0-deff:enp130s0f1_rx_bytes:4534884809
4.7.0-deff:Read:34828.916
4.7.0-deff:cache-misses:1579178425.2
4.7.0-deff:cpu_13:70.404
4.7.0-deff:enp4s0f0_tx_packets:0
4.7.0-deff:cpu_9:72.426
4.7.0-deff:cpu_23:65.582
4.7.0-deff:Total_tx_bytes:9794914018
4.7.0-deff:cpu_25:63.982
4.7.0-deff:enp130s0f1_tx_bytes_phy:4509253823.6
4.7.0-deff:enp4s0f1_tx_packets:0
4.7.0-deff:SKT1_l3mpi:0.01
4.7.0-deff:instructions:89648665792.4
4.7.0-deff:SKT0_l2miss:928800000
4.7.0-deff:LLC-load-misses:738054620.6
4.7.0-deff:Total_rx_bytes_phy:9749101688
4.7.0-deff:cpu_4:29.158
4.7.0-deff:cpu_17:62.252
4.7.0-deff:enp130s0f0_tx_bytes:5304677005
4.7.0-deff:cpu_7:74.952
4.7.0-deff:enp130s0f1_tx_bytes:4490237013
4.7.0-deff:SKT1_l2mpi:0.016
4.7.0-deff:LLC-store:1621072920.8
4.7.0-deff:enp130s0f0_tx_packets:401419.8
4.7.0-deff:SKT0_ipc:0.298
4.7.0-deff:TOTAL_l3miss:1588400000
4.7.0-deff:enp4s0f0_tx_packets_phy:0
4.7.0-deff:SKT1_l2miss:1074600000
4.7.0-deff:Total_rx_bytes:9406552716
4.7.0-deff:enp130s0f1_tx_packets:321992.4
4.7.0-deff:SKT0_l3mpi:0.05
4.7.0-deff:cpu_11:71.556
4.7.0-deff:enp4s0f0_tx_bytes_phy:0
4.7.0-deff:enp4s0f1_tx_bytes_phy:0
4.7.0-deff:Total_rx_packets:2478485.8
4.7.0-deff:SKT1_l3miss:763200000
4.7.0-deff:enp130s0f0_rx_bytes_phy:5053773785.6
4.7.0-deff:enp4s0f0_tx_bytes:0
4.7.0-strict:cpu_19:96.582
4.7.0-strict:enp130s0f1_rx_packets:194718
4.7.0-strict:SKT0_l2mpi:0.044
4.7.0-strict:cpu_22:31.692
4.7.0-strict:TOTAL_l3mpi:0.01
4.7.0-strict:LLC-load:895675449
4.7.0-strict:enp130s0f1_rx_packets_phy:2326588.8
4.7.0-strict:cpu_3:100
4.7.0-strict:cpu_0:26.77
4.7.0-strict:SKT0_l3hit:0.542
4.7.0-strict:LLC-store-misses:91239683
4.7.0-strict:enp130s0f0_rx_bytes:4155257356.4
4.7.0-strict:SKT1_ipc:0.374
4.7.0-strict:cpu_26:19.662
4.7.0-strict:cpu_16:29.526
4.7.0-strict:enp4s0f1_rx_bytes:0
4.7.0-strict:SKT0_l2hit:0.164
4.7.0-strict:cpu_6:27.706
4.7.0-strict:Total_rx_packets_phy:5218890.2
4.7.0-strict:enp130s0f0_rx_packets:225891.6
4.7.0-strict:Total_tx_packets_phy:4118246.4
4.7.0-strict:enp130s0f1_tx_packets_phy:1808965.6
4.7.0-strict:enp130s0f0_rx_packets_phy:2892301.4
4.7.0-strict:enp4s0f1_rx_bytes_phy:0
4.7.0-strict:enp4s0f1_rx_packets_phy:0
4.7.0-strict:Total_tx_bytes_phy:5748560196.4
4.7.0-strict:cpu_8:24.256
4.7.0-strict:enp4s0f0_rx_packets_phy:0
4.7.0-strict:TOTAL_ipc:0.37
4.7.0-strict:enp4s0f1_tx_bytes:0
4.7.0-strict:cpu_14:24.18
4.7.0-strict:cycles:210805393677
4.7.0-strict:enp4s0f0_rx_bytes:0
4.7.0-strict:TOTAL_l2miss:541800000
4.7.0-strict:16384:87380
4.7.0-strict:Memory:35192.032
4.7.0-strict:TOTAL_l3hit:0.476
4.7.0-strict:TOTAL_l2mpi:0.018
4.7.0-strict:enp130s0f0_tx_bytes_phy:3127309325.8
4.7.0-strict:cpu_27:100
4.7.0-strict:Total_tx_packets:262770
4.7.0-strict:enp4s0f1_rx_packets:0
4.7.0-strict:enp130s0f1_rx_bytes_phy:3472562490
4.7.0-strict:enp4s0f0_rx_bytes_phy:0
4.7.0-strict:cpu_2:20.296
4.7.0-strict:cpu_10:28.61
4.7.0-strict:enp4s0f0_rx_packets:0
4.7.0-strict:enp130s0f0_tx_packets_phy:2309280.8
4.7.0-strict:LLC-store:1076854583
4.7.0-strict:SKT1_l2mpi:0.014
4.7.0-strict:enp130s0f1_tx_bytes:2623227961.8
4.7.0-strict:SKT0_ipc:0.366
4.7.0-strict:TOTAL_l3miss:388055800
4.7.0-strict:enp130s0f0_tx_packets:140214
4.7.0-strict:SKT1_l2miss:240000000
4.7.0-strict:enp4s0f0_tx_packets_phy:0
4.7.0-strict:Total_rx_bytes:7493766746.4
4.7.0-strict:SKT0_l3mpi:0.028
4.7.0-strict:enp130s0f1_tx_packets:122556
4.7.0-strict:enp4s0f0_tx_bytes_phy:0
4.7.0-strict:cpu_11:93.67
4.7.0-strict:enp130s0f0_rx_bytes_phy:4314294736
4.7.0-strict:SKT1_l3miss:125222400
4.7.0-strict:Total_rx_packets:420609.6
4.7.0-strict:enp4s0f1_tx_bytes_phy:0
4.7.0-strict:enp4s0f0_tx_bytes:0
4.7.0-strict:SKT0_l3miss:262344000
4.7.0-strict:cpu_12:25.14
4.7.0-strict:cpu_1:99.658
4.7.0-strict:cache-references:3184817917.2
4.7.0-strict:cpu_15:96.222
4.7.0-strict:enp4s0f1_tx_packets_phy:0
4.7.0-strict:TOTAL_l2hit:0.466
4.7.0-strict:cpu_5:97.606
4.7.0-strict:cpu_24:18.58
4.7.0-strict:cpu_18:18.518
4.7.0-strict:SKT1_l3hit:0.548
4.7.0-strict:SKT1_l2hit:0.488
4.7.0-strict:cpu_20:19.748
4.7.0-strict:cpu_total:60.134
4.7.0-strict:cpu_21:100
4.7.0-strict:Write:14161.014
4.7.0-strict:enp4s0f0_tx_packets:0
4.7.0-strict:cpu_13:88.84
4.7.0-strict:cache-misses:945652053.8
4.7.0-strict:Read:21031.018
4.7.0-strict:enp130s0f1_rx_bytes:3338509390
4.7.0-strict:cpu_23:96.266
4.7.0-strict:cpu_9:88.764
4.7.0-strict:SKT1_l3mpi:0.006
4.7.0-strict:enp4s0f1_tx_packets:0
4.7.0-strict:instructions:62555393530
4.7.0-strict:cpu_25:100
4.7.0-strict:enp130s0f1_tx_bytes_phy:2621250870.6
4.7.0-strict:Total_tx_bytes:5774848475
4.7.0-strict:LLC-load-misses:455203731.2
4.7.0-strict:SKT0_l2miss:301762800
4.7.0-strict:cpu_7:93.904
4.7.0-strict:enp130s0f0_tx_bytes:3151620513.2
4.7.0-strict:cpu_17:98.864
4.7.0-strict:cpu_4:19.646
4.7.0-strict:Total_rx_bytes_phy:7786857226
4.7.0-unsafe:cpu_10:31.952
4.7.0-unsafe:cpu_2:32.356
4.7.0-unsafe:enp4s0f0_rx_packets:0
4.7.0-unsafe:enp130s0f0_tx_packets_phy:4758790.8
4.7.0-unsafe:Total_tx_packets:757617.6
4.7.0-unsafe:enp130s0f0_tx_bytes_phy:6161624675.6
4.7.0-unsafe:TOTAL_l2mpi:0.03
4.7.0-unsafe:cpu_27:69.96
4.7.0-unsafe:enp130s0f1_rx_bytes_phy:4925943903.8
4.7.0-unsafe:enp4s0f0_rx_bytes_phy:0
4.7.0-unsafe:enp4s0f1_rx_packets:0
4.7.0-unsafe:16384:87380
4.7.0-unsafe:TOTAL_l3hit:0.2
4.7.0-unsafe:Memory:61906.318
4.7.0-unsafe:enp4s0f1_rx_bytes_phy:0
4.7.0-unsafe:enp4s0f1_rx_packets_phy:0
4.7.0-unsafe:Total_tx_bytes_phy:11041745674.8
4.7.0-unsafe:cpu_8:39.18
4.7.0-unsafe:enp130s0f0_rx_packets_phy:4511232.4
4.7.0-unsafe:enp130s0f1_tx_packets_phy:3430935.8
4.7.0-unsafe:enp4s0f0_rx_bytes:0
4.7.0-unsafe:cycles:167438258975.2
4.7.0-unsafe:cpu_14:42.482
4.7.0-unsafe:TOTAL_l2miss:2155200000
4.7.0-unsafe:enp4s0f0_rx_packets_phy:0
4.7.0-unsafe:enp4s0f1_tx_bytes:0
4.7.0-unsafe:TOTAL_ipc:0.404
4.7.0-unsafe:cpu_26:29.616
4.7.0-unsafe:enp130s0f0_rx_bytes:6418738168
4.7.0-unsafe:SKT1_ipc:0.476
4.7.0-unsafe:enp130s0f0_rx_packets:1942027.2
4.7.0-unsafe:Total_rx_packets_phy:7866233
4.7.0-unsafe:Total_tx_packets_phy:8189726.6
4.7.0-unsafe:enp4s0f1_rx_bytes:0
4.7.0-unsafe:cpu_16:36.642
4.7.0-unsafe:cpu_6:29.426
4.7.0-unsafe:SKT0_l2hit:0.266
4.7.0-unsafe:SKT0_l3hit:0.11
4.7.0-unsafe:cpu_0:41.706
4.7.0-unsafe:cpu_3:52.858
4.7.0-unsafe:LLC-store-misses:189844124.6
4.7.0-unsafe:cpu_22:32.732
4.7.0-unsafe:TOTAL_l3mpi:0.03
4.7.0-unsafe:LLC-load:1606604776.4
4.7.0-unsafe:enp130s0f1_rx_packets_phy:3355000.6
4.7.0-unsafe:cpu_19:57.54
4.7.0-unsafe:SKT0_l2mpi:0.066
4.7.0-unsafe:enp130s0f1_rx_packets:1123047.6
4.7.0-unsafe:LLC-load-misses:812993225.4
4.7.0-unsafe:SKT0_l2miss:1029000000
4.7.0-unsafe:cpu_4:32.588
4.7.0-unsafe:Total_rx_bytes_phy:11535000586.6
4.7.0-unsafe:enp130s0f0_tx_bytes:6121817371
4.7.0-unsafe:cpu_17:45.43
4.7.0-unsafe:cpu_7:51.646
4.7.0-unsafe:cpu_9:52.78
4.7.0-unsafe:cpu_23:61.062
4.7.0-unsafe:Total_tx_bytes:10989702208.4
4.7.0-unsafe:instructions:67396255130.6
4.7.0-unsafe:SKT1_l3mpi:0.018
4.7.0-unsafe:enp4s0f1_tx_packets:0
4.7.0-unsafe:cpu_25:62.438
4.7.0-unsafe:enp130s0f1_tx_bytes_phy:4880120999.2
4.7.0-unsafe:cpu_20:30.03
4.7.0-unsafe:cpu_total:46.534
4.7.0-unsafe:Write:24060.448
4.7.0-unsafe:cpu_21:49.104
4.7.0-unsafe:Read:37845.87
4.7.0-unsafe:cache-misses:1740262224.4
4.7.0-unsafe:enp130s0f1_rx_bytes:4766333251.6
4.7.0-unsafe:enp4s0f0_tx_packets:0
4.7.0-unsafe:cpu_13:72.92
4.7.0-unsafe:cpu_1:59.864
4.7.0-unsafe:cache-references:5687142841.6
4.7.0-unsafe:cpu_12:42.714
4.7.0-unsafe:SKT0_l3miss:913800000
4.7.0-unsafe:cpu_18:31.378
4.7.0-unsafe:SKT1_l3hit:0.278
4.7.0-unsafe:SKT1_l2hit:0.326
4.7.0-unsafe:cpu_15:64.306
4.7.0-unsafe:enp4s0f1_tx_packets_phy:0
4.7.0-unsafe:cpu_5:61.062
4.7.0-unsafe:TOTAL_l2hit:0.298
4.7.0-unsafe:cpu_24:34.26
4.7.0-unsafe:enp4s0f1_tx_bytes_phy:0
4.7.0-unsafe:Total_rx_packets:3065074.8
4.7.0-unsafe:SKT1_l3miss:815200000
4.7.0-unsafe:enp130s0f0_rx_bytes_phy:6609056682.8
4.7.0-unsafe:enp4s0f0_tx_bytes:0
4.7.0-unsafe:SKT0_l3mpi:0.06
4.7.0-unsafe:enp130s0f1_tx_packets:297734
4.7.0-unsafe:cpu_11:55.334
4.7.0-unsafe:enp4s0f0_tx_bytes_phy:0
4.7.0-unsafe:enp4s0f0_tx_packets_phy:0
4.7.0-unsafe:SKT1_l2miss:1126000000
4.7.0-unsafe:Total_rx_bytes:11185071419.6
4.7.0-unsafe:enp130s0f1_tx_bytes:4867884837.4
4.7.0-unsafe:LLC-store:1813723671
4.7.0-unsafe:SKT1_l2mpi:0.02
4.7.0-unsafe:enp130s0f0_tx_packets:459883.6
4.7.0-unsafe:SKT0_ipc:0.266
4.7.0-unsafe:TOTAL_l3miss:1729200000
4.8.0-unsafe:cpu_19:54.038
4.8.0-unsafe:SKT0_l2mpi:0.064
4.8.0-unsafe:enp130s0f1_rx_packets:1196127.2
4.8.0-unsafe:TOTAL_l3mpi:0.026
4.8.0-unsafe:cpu_22:31.13
4.8.0-unsafe:LLC-load:1626435603.2
4.8.0-unsafe:enp130s0f1_rx_packets_phy:3349169.4
4.8.0-unsafe:SKT0_l3hit:0.11
4.8.0-unsafe:cpu_0:34.832
4.8.0-unsafe:cpu_3:65.612
4.8.0-unsafe:LLC-store-misses:192778649.8
4.8.0-unsafe:cpu_26:32.85
4.8.0-unsafe:enp130s0f0_rx_bytes:6536891922.2
4.8.0-unsafe:SKT1_ipc:0.504
4.8.0-unsafe:Total_rx_packets_phy:7968884.2
4.8.0-unsafe:enp130s0f0_rx_packets:1787257
4.8.0-unsafe:Total_tx_packets_phy:8199943.4
4.8.0-unsafe:cpu_16:37.386
4.8.0-unsafe:enp4s0f1_rx_bytes:0
4.8.0-unsafe:cpu_6:28.352
4.8.0-unsafe:SKT0_l2hit:0.264
4.8.0-unsafe:enp4s0f1_rx_bytes_phy:0
4.8.0-unsafe:enp4s0f1_rx_packets_phy:0
4.8.0-unsafe:Total_tx_bytes_phy:11078653541.8
4.8.0-unsafe:cpu_8:36.152
4.8.0-unsafe:enp130s0f1_tx_packets_phy:3427798.8
4.8.0-unsafe:enp130s0f0_rx_packets_phy:4619714.8
4.8.0-unsafe:cpu_14:52.276
4.8.0-unsafe:cycles:167621647209.2
4.8.0-unsafe:enp4s0f0_rx_bytes:0
4.8.0-unsafe:TOTAL_l2miss:2202600000
4.8.0-unsafe:enp4s0f0_rx_packets_phy:0
4.8.0-unsafe:enp4s0f1_tx_bytes:0
4.8.0-unsafe:TOTAL_ipc:0.418
4.8.0-unsafe:16384:87380
4.8.0-unsafe:TOTAL_l3hit:0.19
4.8.0-unsafe:Memory:63510.704
4.8.0-unsafe:Total_tx_packets:750930.8
4.8.0-unsafe:enp130s0f0_tx_bytes_phy:6205271734.2
4.8.0-unsafe:TOTAL_l2mpi:0.03
4.8.0-unsafe:cpu_27:65.516
4.8.0-unsafe:enp130s0f1_rx_bytes_phy:4924401195.6
4.8.0-unsafe:enp4s0f0_rx_bytes_phy:0
4.8.0-unsafe:enp4s0f1_rx_packets:0
4.8.0-unsafe:cpu_10:35.032
4.8.0-unsafe:cpu_2:35.984
4.8.0-unsafe:enp4s0f0_rx_packets:0
4.8.0-unsafe:enp130s0f0_tx_packets_phy:4772144.6
4.8.0-unsafe:enp130s0f1_tx_bytes:4860188496.8
4.8.0-unsafe:LLC-store:1814337173.6
4.8.0-unsafe:SKT1_l2mpi:0.02
4.8.0-unsafe:enp130s0f0_tx_packets:451648
4.8.0-unsafe:TOTAL_l3miss:1784000000
4.8.0-unsafe:SKT0_ipc:0.266
4.8.0-unsafe:enp4s0f0_tx_packets_phy:0
4.8.0-unsafe:SKT1_l2miss:1132600000
4.8.0-unsafe:Total_rx_bytes:11305772558
4.8.0-unsafe:SKT0_l3mpi:0.06
4.8.0-unsafe:enp130s0f1_tx_packets:299282.8
4.8.0-unsafe:cpu_11:57.366
4.8.0-unsafe:enp4s0f0_tx_bytes_phy:0
4.8.0-unsafe:enp4s0f1_tx_bytes_phy:0
4.8.0-unsafe:enp130s0f0_rx_bytes_phy:6744324942.2
4.8.0-unsafe:SKT1_l3miss:833400000
4.8.0-unsafe:Total_rx_packets:2983384.2
4.8.0-unsafe:enp4s0f0_tx_bytes:0
4.8.0-unsafe:cache-references:5679678337.4
4.8.0-unsafe:cpu_1:49.686
4.8.0-unsafe:cpu_12:37.568
4.8.0-unsafe:SKT0_l3miss:950200000
4.8.0-unsafe:cpu_18:31.906
4.8.0-unsafe:SKT1_l2hit:0.324
4.8.0-unsafe:SKT1_l3hit:0.262
4.8.0-unsafe:cpu_15:69.626
4.8.0-unsafe:enp4s0f1_tx_packets_phy:0
4.8.0-unsafe:TOTAL_l2hit:0.298
4.8.0-unsafe:cpu_5:72.46
4.8.0-unsafe:cpu_24:27.006
4.8.0-unsafe:cpu_20:33.666
4.8.0-unsafe:cpu_total:46.504
4.8.0-unsafe:Write:24423.696
4.8.0-unsafe:cpu_21:52.844
4.8.0-unsafe:Read:39087.012
4.8.0-unsafe:enp130s0f1_rx_bytes:4768880635.8
4.8.0-unsafe:cache-misses:1760611280.6
4.8.0-unsafe:enp4s0f0_tx_packets:0
4.8.0-unsafe:cpu_13:56.368
4.8.0-unsafe:cpu_9:57.35
4.8.0-unsafe:cpu_23:53.25
4.8.0-unsafe:Total_tx_bytes:11024776076.2
4.8.0-unsafe:enp4s0f1_tx_packets:0
4.8.0-unsafe:SKT1_l3mpi:0.018
4.8.0-unsafe:instructions:68910015154.2
4.8.0-unsafe:enp130s0f1_tx_bytes_phy:4873381807.6
4.8.0-unsafe:cpu_25:46.582
4.8.0-unsafe:LLC-load-misses:836858180.4
4.8.0-unsafe:SKT0_l2miss:1069600000
4.8.0-unsafe:cpu_4:28.578
4.8.0-unsafe:Total_rx_bytes_phy:11668726137.8
4.8.0-unsafe:cpu_17:64.39
4.8.0-unsafe:enp130s0f0_tx_bytes:6164587579.4
4.8.0-unsafe:cpu_7:52.648
