4.7.0-copy-plus-strict:enp130s0f1_rx_packets:1244701.2
4.7.0-copy-plus-strict:enp130s0f0_tx_packets_phy:1259621.2
4.7.0-copy-plus-strict:enp4s0f0_tx_queue_stopped:0
4.7.0-copy-plus-strict:enp130s0f0_rx_bytes:75591835.2
4.7.0-copy-plus-strict:SKT0_l2hit:0.548
4.7.0-copy-plus-strict:Total_rx_packets:2504564.8
4.7.0-copy-plus-strict:cpu_13:100
4.7.0-copy-plus-strict:enp130s0f1_rx_bytes_phy:79953773.6
4.7.0-copy-plus-strict:enp130s0f1_tx_packets_phy:1249276.2
4.7.0-copy-plus-strict:enp130s0f1_rx_packets_phy:1249278.4
4.7.0-copy-plus-strict:enp4s0f0_tx_bytes_phy:0
4.7.0-copy-plus-strict:enp4s0f0_rx_packets:0
4.7.0-copy-plus-strict:enp130s0f0_tx_bytes:75591842
4.7.0-copy-plus-strict:enp4s0f1_tx_queue_stopped:0
4.7.0-copy-plus-strict:enp4s0f1_tx_packets:0
4.7.0-copy-plus-strict:cpu_18:76.078
4.7.0-copy-plus-strict:enp4s0f1_tx_packets_phy:0
4.7.0-copy-plus-strict:enp4s0f1_rx_bytes_phy:0
4.7.0-copy-plus-strict:enp130s0f1_tx_bytes_phy:79953673
4.7.0-copy-plus-strict:enp130s0f1_rx_bytes:74682102.2
4.7.0-copy-plus-strict:cpu_6:100
4.7.0-copy-plus-strict:cpu_0:100
4.7.0-copy-plus-strict:TOTAL_l3miss:725400000
4.7.0-copy-plus-strict:Total_tx_packets_phy:2508897.4
4.7.0-copy-plus-strict:Total_tx_bytes:150273456.2
4.7.0-copy-plus-strict:cpu_19:93.864
4.7.0-copy-plus-strict:enp130s0f0_rx_packets_phy:1259611.6
4.7.0-copy-plus-strict:enp130s0f0_tx_bytes_phy:80615787.2
4.7.0-copy-plus-strict:cpu_7:100
4.7.0-copy-plus-strict:TOTAL_l2miss:2054800000
4.7.0-copy-plus-strict:enp4s0f0_tx_bytes:0
4.7.0-copy-plus-strict:TOTAL_ipc:0.652
4.7.0-copy-plus-strict:enp4s0f0_rx_bytes:0
4.7.0-copy-plus-strict:SKT1_l3miss:365800000
4.7.0-copy-plus-strict:enp4s0f0_rx_packets_phy:0
4.7.0-copy-plus-strict:cpu_22:80.266
4.7.0-copy-plus-strict:SKT0_l3miss:359000000
4.7.0-copy-plus-strict:Total_rx_bytes:150273937.4
4.7.0-copy-plus-strict:enp130s0f1_tx_bytes:74681614.2
4.7.0-copy-plus-strict:SKT0_l2miss:924800000
4.7.0-copy-plus-strict:enp4s0f0_tx_packets_phy:0
4.7.0-copy-plus-strict:cpu_21:96.196
4.7.0-copy-plus-strict:enp4s0f1_rx_packets_phy:0
4.7.0-copy-plus-strict:enp130s0f0_rx_packets:1259863.6
4.7.0-copy-plus-strict:Memory:12709.86
4.7.0-copy-plus-strict:SKT1_l2hit:0.528
4.7.0-copy-plus-strict:enp4s0f1_tx_bytes:0
4.7.0-copy-plus-strict:TOTAL_l2hit:0.538
4.7.0-copy-plus-strict:cpu_23:97.536
4.7.0-copy-plus-strict:cpu_total:92.922
4.7.0-copy-plus-strict:SKT0_ipc:0.656
4.7.0-copy-plus-strict:SKT0_l3hit:0.612
4.7.0-copy-plus-strict:SKT1_ipc:0.646
4.7.0-copy-plus-strict:cpu_26:74.972
4.7.0-copy-plus-strict:enp4s0f0_rx_bytes_phy:0
4.7.0-copy-plus-strict:cpu_16:68.89
4.7.0-copy-plus-strict:cpu_5:100
4.7.0-copy-plus-strict:cpu_17:95.006
4.7.0-copy-plus-strict:cpu_9:100
4.7.0-copy-plus-strict:SKT1_l2mpi:0.01
4.7.0-copy-plus-strict:cpu_4:100
4.7.0-copy-plus-strict:cpu_8:99.814
4.7.0-copy-plus-strict:Total_tx_bytes_phy:160569460.2
4.7.0-copy-plus-strict:Total_rx_bytes_phy:160568945.2
4.7.0-copy-plus-strict:SKT1_l3mpi:0
4.7.0-copy-plus-strict:cpu_10:100
4.7.0-copy-plus-strict:enp130s0f1_tx_queue_stopped:0
4.7.0-copy-plus-strict:cpu_20:78.34
4.7.0-copy-plus-strict:TOTAL_l3hit:0.648
4.7.0-copy-plus-strict:cpu_1:100
4.7.0-copy-plus-strict:TOTAL_l2mpi:0.01
4.7.0-copy-plus-strict:SKT0_l3mpi:0
4.7.0-copy-plus-strict:enp130s0f0_tx_packets:1259863.6
4.7.0-copy-plus-strict:Total_tx_queue_stopped:0
4.7.0-copy-plus-strict:enp4s0f0_tx_packets:0
4.7.0-copy-plus-strict:cpu_12:94.526
4.7.0-copy-plus-strict:Write:2653.124
4.7.0-copy-plus-strict:cpu_11:100
4.7.0-copy-plus-strict:cpu_25:96.21
4.7.0-copy-plus-strict:cpu_27:96.162
4.7.0-copy-plus-strict:Read:10056.736
4.7.0-copy-plus-strict:cpu_15:100
4.7.0-copy-plus-strict:enp4s0f1_rx_bytes:0
4.7.0-copy-plus-strict:SKT1_l3hit:0.678
4.7.0-copy-plus-strict:SKT1_l2miss:1129600000
4.7.0-copy-plus-strict:cpu_14:79.544
4.7.0-copy-plus-strict:212992:212992
4.7.0-copy-plus-strict:Total_rx_packets_phy:2508890
4.7.0-copy-plus-strict:Total_tx_packets:2504556.8
4.7.0-copy-plus-strict:cpu_24:74.564
4.7.0-copy-plus-strict:enp4s0f1_rx_packets:0
4.7.0-copy-plus-strict:cpu_3:100
4.7.0-copy-plus-strict:SKT0_l2mpi:0.01
4.7.0-copy-plus-strict:cpu_2:99.808
4.7.0-copy-plus-strict:enp4s0f1_tx_bytes_phy:0
4.7.0-copy-plus-strict:enp130s0f0_tx_queue_stopped:0
4.7.0-copy-plus-strict:TOTAL_l3mpi:0
4.7.0-copy-plus-strict:enp130s0f1_tx_packets:1244693.2
4.7.0-copy-plus-strict:enp130s0f0_rx_bytes_phy:80615171.6
4.7.0-damn-strict:enp4s0f1_tx_packets:0
4.7.0-damn-strict:cpu_18:83.046
4.7.0-damn-strict:enp4s0f1_tx_packets_phy:0
4.7.0-damn-strict:enp4s0f1_tx_queue_stopped:0
4.7.0-damn-strict:enp130s0f0_tx_bytes:78106881.4
4.7.0-damn-strict:enp130s0f1_tx_packets_phy:1314183.4
4.7.0-damn-strict:enp130s0f1_rx_packets_phy:1314172.8
4.7.0-damn-strict:enp4s0f0_rx_packets:0
4.7.0-damn-strict:enp4s0f0_tx_bytes_phy:0
4.7.0-damn-strict:cpu_0:100
4.7.0-damn-strict:cpu_6:100
4.7.0-damn-strict:enp130s0f1_tx_bytes_phy:84107644.2
4.7.0-damn-strict:enp4s0f1_rx_bytes_phy:0
4.7.0-damn-strict:enp130s0f1_rx_bytes:78567125.4
4.7.0-damn-strict:SKT0_l2hit:0.554
4.7.0-damn-strict:Total_rx_packets:2611239.8
4.7.0-damn-strict:enp4s0f0_tx_queue_stopped:0
4.7.0-damn-strict:enp130s0f0_rx_bytes:78107329.8
4.7.0-damn-strict:enp130s0f1_rx_packets:1309451.4
4.7.0-damn-strict:enp130s0f0_tx_packets_phy:1301694.2
4.7.0-damn-strict:enp130s0f1_rx_bytes_phy:84107076.2
4.7.0-damn-strict:cpu_13:100
4.7.0-damn-strict:enp4s0f0_rx_bytes:0
4.7.0-damn-strict:TOTAL_ipc:0.646
4.7.0-damn-strict:enp4s0f0_tx_bytes:0
4.7.0-damn-strict:TOTAL_l2miss:1933200000
4.7.0-damn-strict:cpu_22:78.096
4.7.0-damn-strict:enp4s0f0_rx_packets_phy:0
4.7.0-damn-strict:SKT1_l3miss:310000000
4.7.0-damn-strict:Total_tx_bytes:156673482
4.7.0-damn-strict:cpu_19:83.62
4.7.0-damn-strict:TOTAL_l3miss:637400000
4.7.0-damn-strict:Total_tx_packets_phy:2615877.6
4.7.0-damn-strict:cpu_7:100
4.7.0-damn-strict:enp130s0f0_tx_bytes_phy:83308434
4.7.0-damn-strict:enp130s0f0_rx_packets_phy:1301687.4
4.7.0-damn-strict:cpu_5:100
4.7.0-damn-strict:cpu_16:75.618
4.7.0-damn-strict:enp4s0f0_rx_bytes_phy:0
4.7.0-damn-strict:SKT0_ipc:0.64
4.7.0-damn-strict:cpu_26:80.572
4.7.0-damn-strict:SKT1_ipc:0.65
4.7.0-damn-strict:SKT0_l3hit:0.622
4.7.0-damn-strict:cpu_23:95.622
4.7.0-damn-strict:cpu_total:91.966
4.7.0-damn-strict:Total_rx_bytes_phy:167415100.4
4.7.0-damn-strict:cpu_10:100
4.7.0-damn-strict:SKT1_l3mpi:0
4.7.0-damn-strict:cpu_4:94.478
4.7.0-damn-strict:SKT1_l2mpi:0.01
4.7.0-damn-strict:cpu_8:100
4.7.0-damn-strict:Total_tx_bytes_phy:167416078.2
4.7.0-damn-strict:cpu_9:100
4.7.0-damn-strict:cpu_17:83.62
4.7.0-damn-strict:enp130s0f0_rx_packets:1301788.4
4.7.0-damn-strict:cpu_21:85.716
4.7.0-damn-strict:enp4s0f1_rx_packets_phy:0
4.7.0-damn-strict:Total_rx_bytes:156674455.2
4.7.0-damn-strict:SKT0_l3miss:326600000
4.7.0-damn-strict:enp130s0f1_tx_bytes:78566600.6
4.7.0-damn-strict:enp4s0f0_tx_packets_phy:0
4.7.0-damn-strict:SKT0_l2miss:869600000
4.7.0-damn-strict:TOTAL_l2hit:0.542
4.7.0-damn-strict:SKT1_l2hit:0.528
4.7.0-damn-strict:enp4s0f1_tx_bytes:0
4.7.0-damn-strict:Memory:10580.748
4.7.0-damn-strict:SKT1_l3hit:0.708
4.7.0-damn-strict:enp4s0f1_rx_bytes:0
4.7.0-damn-strict:SKT1_l2miss:1062800000
4.7.0-damn-strict:Read:9026.764
4.7.0-damn-strict:cpu_15:99.81
4.7.0-damn-strict:cpu_27:93.144
4.7.0-damn-strict:cpu_25:98.668
4.7.0-damn-strict:TOTAL_l3mpi:0
4.7.0-damn-strict:enp130s0f0_tx_queue_stopped:0
4.7.0-damn-strict:enp130s0f0_rx_bytes_phy:83308024.2
4.7.0-damn-strict:enp130s0f1_tx_packets:1309443
4.7.0-damn-strict:enp4s0f1_tx_bytes_phy:0
4.7.0-damn-strict:SKT0_l2mpi:0.01
4.7.0-damn-strict:cpu_2:96.764
4.7.0-damn-strict:Total_tx_packets:2611223.8
4.7.0-damn-strict:enp4s0f1_rx_packets:0
4.7.0-damn-strict:cpu_3:100
4.7.0-damn-strict:cpu_24:77.716
4.7.0-damn-strict:cpu_14:70.476
4.7.0-damn-strict:212992:212992
4.7.0-damn-strict:Total_rx_packets_phy:2615860.2
4.7.0-damn-strict:Total_tx_queue_stopped:0
4.7.0-damn-strict:TOTAL_l3hit:0.67
4.7.0-damn-strict:cpu_20:77.906
4.7.0-damn-strict:TOTAL_l2mpi:0.01
4.7.0-damn-strict:SKT0_l3mpi:0
4.7.0-damn-strict:enp130s0f0_tx_packets:1301780.8
4.7.0-damn-strict:cpu_1:100
4.7.0-damn-strict:enp130s0f1_tx_queue_stopped:0
4.7.0-damn-strict:cpu_11:99.81
4.7.0-damn-strict:cpu_12:100
4.7.0-damn-strict:Write:1553.986
4.7.0-damn-strict:enp4s0f0_tx_packets:0
4.7.0-damn-unsafe:cpu_6:99.81
4.7.0-damn-unsafe:enp4s0f1_rx_bytes_phy:0
4.7.0-damn-unsafe:enp130s0f1_tx_bytes_phy:84588967.2
4.7.0-damn-unsafe:enp130s0f1_rx_bytes:79287318.8
4.7.0-damn-unsafe:cpu_0:99.81
4.7.0-damn-unsafe:enp130s0f0_tx_bytes:78653563.2
4.7.0-damn-unsafe:enp130s0f1_tx_packets_phy:1321700
4.7.0-damn-unsafe:enp130s0f1_rx_packets_phy:1321721.8
4.7.0-damn-unsafe:enp4s0f0_rx_packets:0
4.7.0-damn-unsafe:enp4s0f0_tx_bytes_phy:0
4.7.0-damn-unsafe:enp4s0f1_tx_packets:0
4.7.0-damn-unsafe:cpu_18:79.772
4.7.0-damn-unsafe:enp4s0f1_tx_packets_phy:0
4.7.0-damn-unsafe:enp4s0f1_tx_queue_stopped:0
4.7.0-damn-unsafe:cpu_13:100
4.7.0-damn-unsafe:enp130s0f1_rx_bytes_phy:84590238.4
4.7.0-damn-unsafe:enp130s0f0_tx_packets_phy:1310640
4.7.0-damn-unsafe:enp130s0f1_rx_packets:1321454.8
4.7.0-damn-unsafe:SKT0_l2hit:0.556
4.7.0-damn-unsafe:Total_rx_packets:2632356.8
4.7.0-damn-unsafe:enp130s0f0_rx_bytes:78654148.6
4.7.0-damn-unsafe:enp4s0f0_tx_queue_stopped:0
4.7.0-damn-unsafe:enp4s0f0_rx_packets_phy:0
4.7.0-damn-unsafe:SKT1_l3miss:306800000
4.7.0-damn-unsafe:cpu_22:77.61
4.7.0-damn-unsafe:TOTAL_ipc:0.65
4.7.0-damn-unsafe:TOTAL_l2miss:1960000000
4.7.0-damn-unsafe:enp4s0f0_tx_bytes:0
4.7.0-damn-unsafe:enp4s0f0_rx_bytes:0
4.7.0-damn-unsafe:enp130s0f0_tx_bytes_phy:83881003.6
4.7.0-damn-unsafe:enp130s0f0_rx_packets_phy:1310646.4
4.7.0-damn-unsafe:cpu_7:100
4.7.0-damn-unsafe:TOTAL_l3miss:631600000
4.7.0-damn-unsafe:Total_tx_packets_phy:2632340
4.7.0-damn-unsafe:cpu_19:85.4
4.7.0-damn-unsafe:Total_tx_bytes:157941580.8
4.7.0-damn-unsafe:cpu_9:100
4.7.0-damn-unsafe:cpu_17:91.878
4.7.0-damn-unsafe:Total_rx_bytes_phy:168471596.2
4.7.0-damn-unsafe:SKT1_l3mpi:0
4.7.0-damn-unsafe:cpu_10:100
4.7.0-damn-unsafe:cpu_8:99.81
4.7.0-damn-unsafe:SKT1_l2mpi:0.01
4.7.0-damn-unsafe:cpu_4:98.664
4.7.0-damn-unsafe:Total_tx_bytes_phy:168469970.8
4.7.0-damn-unsafe:SKT0_ipc:0.646
4.7.0-damn-unsafe:cpu_26:79.356
4.7.0-damn-unsafe:SKT1_ipc:0.652
4.7.0-damn-unsafe:SKT0_l3hit:0.624
4.7.0-damn-unsafe:cpu_23:95.558
4.7.0-damn-unsafe:cpu_total:92.262
4.7.0-damn-unsafe:cpu_5:100
4.7.0-damn-unsafe:cpu_16:74.974
4.7.0-damn-unsafe:enp4s0f0_rx_bytes_phy:0
4.7.0-damn-unsafe:Memory:9431.032
4.7.0-damn-unsafe:TOTAL_l2hit:0.538
4.7.0-damn-unsafe:SKT1_l2hit:0.524
4.7.0-damn-unsafe:enp4s0f1_tx_bytes:0
4.7.0-damn-unsafe:SKT0_l3miss:324000000
4.7.0-damn-unsafe:enp130s0f1_tx_bytes:79288017.6
4.7.0-damn-unsafe:Total_rx_bytes:157941467.4
4.7.0-damn-unsafe:enp4s0f0_tx_packets_phy:0
4.7.0-damn-unsafe:SKT0_l2miss:865400000
4.7.0-damn-unsafe:enp130s0f0_rx_packets:1310902
4.7.0-damn-unsafe:enp4s0f1_rx_packets_phy:0
4.7.0-damn-unsafe:cpu_21:98.09
4.7.0-damn-unsafe:Total_tx_packets:2632358.4
4.7.0-damn-unsafe:cpu_24:76.122
4.7.0-damn-unsafe:enp4s0f1_rx_packets:0
4.7.0-damn-unsafe:cpu_3:100
4.7.0-damn-unsafe:cpu_14:69.992
4.7.0-damn-unsafe:212992:212992
4.7.0-damn-unsafe:Total_rx_packets_phy:2632368.2
4.7.0-damn-unsafe:TOTAL_l3mpi:0
4.7.0-damn-unsafe:enp130s0f0_tx_queue_stopped:0
4.7.0-damn-unsafe:enp130s0f1_tx_packets:1321466.4
4.7.0-damn-unsafe:enp130s0f0_rx_bytes_phy:83881357.8
4.7.0-damn-unsafe:cpu_2:100
4.7.0-damn-unsafe:SKT0_l2mpi:0.01
4.7.0-damn-unsafe:enp4s0f1_tx_bytes_phy:0
4.7.0-damn-unsafe:cpu_27:89.002
4.7.0-damn-unsafe:cpu_25:92.908
4.7.0-damn-unsafe:enp4s0f1_rx_bytes:0
4.7.0-damn-unsafe:SKT1_l3hit:0.718
4.7.0-damn-unsafe:SKT1_l2miss:1094400000
4.7.0-damn-unsafe:Read:7880.6
4.7.0-damn-unsafe:cpu_15:99.806
4.7.0-damn-unsafe:cpu_12:97.152
4.7.0-damn-unsafe:Write:1550.432
4.7.0-damn-unsafe:enp4s0f0_tx_packets:0
4.7.0-damn-unsafe:cpu_11:100
4.7.0-damn-unsafe:enp130s0f1_tx_queue_stopped:0
4.7.0-damn-unsafe:Total_tx_queue_stopped:0
4.7.0-damn-unsafe:TOTAL_l3hit:0.678
4.7.0-damn-unsafe:cpu_20:78.41
4.7.0-damn-unsafe:TOTAL_l2mpi:0.01
4.7.0-damn-unsafe:SKT0_l3mpi:0
4.7.0-damn-unsafe:cpu_1:100
4.7.0-damn-unsafe:enp130s0f0_tx_packets:1310892
4.7.0-deff:cpu_22:60.492
4.7.0-deff:enp4s0f0_rx_packets_phy:0
4.7.0-deff:SKT1_l3miss:227637000
4.7.0-deff:enp4s0f0_rx_bytes:0
4.7.0-deff:TOTAL_ipc:0.662
4.7.0-deff:enp4s0f0_tx_bytes:0
4.7.0-deff:TOTAL_l2miss:1430079600
4.7.0-deff:cpu_7:93.296
4.7.0-deff:enp130s0f0_tx_bytes_phy:65990172
4.7.0-deff:enp130s0f0_rx_packets_phy:1031098.4
4.7.0-deff:cpu_19:84.75
4.7.0-deff:Total_tx_bytes:124424371.8
4.7.0-deff:Total_tx_packets_phy:2076020
4.7.0-deff:TOTAL_l3miss:466656600
4.7.0-deff:cpu_0:91.234
4.7.0-deff:cpu_6:93.696
4.7.0-deff:enp130s0f1_rx_bytes:62579742.6
4.7.0-deff:enp130s0f1_tx_bytes_phy:66875185.4
4.7.0-deff:enp4s0f1_rx_bytes_phy:0
4.7.0-deff:enp4s0f1_tx_packets_phy:0
4.7.0-deff:cpu_18:62.204
4.7.0-deff:enp4s0f1_tx_packets:0
4.7.0-deff:enp4s0f1_tx_queue_stopped:0
4.7.0-deff:enp130s0f0_tx_bytes:61845325.4
4.7.0-deff:enp4s0f0_tx_bytes_phy:0
4.7.0-deff:enp4s0f0_rx_packets:0
4.7.0-deff:enp130s0f1_rx_packets_phy:1044925.6
4.7.0-deff:enp130s0f1_tx_packets_phy:1044924.4
4.7.0-deff:enp130s0f1_rx_bytes_phy:66875244.6
4.7.0-deff:cpu_13:92.888
4.7.0-deff:Total_rx_packets:2073764
4.7.0-deff:SKT0_l2hit:0.502
4.7.0-deff:enp130s0f0_rx_bytes:61846148.8
4.7.0-deff:enp4s0f0_tx_queue_stopped:0
4.7.0-deff:enp130s0f0_tx_packets_phy:1031095.6
4.7.0-deff:enp130s0f1_rx_packets:1042995.4
4.7.0-deff:enp130s0f0_tx_queue_stopped:0
4.7.0-deff:TOTAL_l3mpi:0
4.7.0-deff:enp130s0f1_tx_packets:1042983.6
4.7.0-deff:enp130s0f0_rx_bytes_phy:65990334.6
4.7.0-deff:SKT0_l2mpi:0.01
4.7.0-deff:cpu_2:91.392
4.7.0-deff:enp4s0f1_tx_bytes_phy:0
4.7.0-deff:enp4s0f1_rx_packets:0
4.7.0-deff:cpu_24:57.424
4.7.0-deff:cpu_3:96.594
4.7.0-deff:Total_tx_packets:2073738.4
4.7.0-deff:Total_rx_packets_phy:2076024
4.7.0-deff:212992:212992
4.7.0-deff:cpu_14:74.528
4.7.0-deff:SKT1_l2miss:801994600
4.7.0-deff:SKT1_l3hit:0.734
4.7.0-deff:enp4s0f1_rx_bytes:0
4.7.0-deff:Read:7270.998
4.7.0-deff:cpu_15:89.892
4.7.0-deff:cpu_27:83.942
4.7.0-deff:cpu_25:89.694
4.7.0-deff:cpu_11:92.714
4.7.0-deff:Write:1293.686
4.7.0-deff:cpu_12:82.984
4.7.0-deff:enp4s0f0_tx_packets:0
4.7.0-deff:Total_tx_queue_stopped:0
4.7.0-deff:TOTAL_l2mpi:0.01
4.7.0-deff:SKT0_l3mpi:0
4.7.0-deff:cpu_1:94.904
4.7.0-deff:enp130s0f0_tx_packets:1030754.8
4.7.0-deff:cpu_20:58.554
4.7.0-deff:TOTAL_l3hit:0.698
4.7.0-deff:enp130s0f1_tx_queue_stopped:0
4.7.0-deff:cpu_10:99.256
4.7.0-deff:SKT1_l3mpi:0
4.7.0-deff:Total_rx_bytes_phy:132865579.2
4.7.0-deff:Total_tx_bytes_phy:132865357.4
4.7.0-deff:SKT1_l2mpi:0.01
4.7.0-deff:cpu_8:93.936
4.7.0-deff:cpu_4:91.764
4.7.0-deff:cpu_9:98.872
4.7.0-deff:cpu_17:81.892
4.7.0-deff:cpu_16:56.976
4.7.0-deff:cpu_5:98.886
4.7.0-deff:enp4s0f0_rx_bytes_phy:0
4.7.0-deff:SKT1_ipc:0.686
4.7.0-deff:SKT0_l3hit:0.652
4.7.0-deff:cpu_26:60.29
4.7.0-deff:SKT0_ipc:0.61
4.7.0-deff:cpu_total:83.852
4.7.0-deff:cpu_23:91.168
4.7.0-deff:TOTAL_l2hit:0.516
4.7.0-deff:enp4s0f1_tx_bytes:0
4.7.0-deff:SKT1_l2hit:0.508
4.7.0-deff:Memory:8564.684
4.7.0-deff:enp130s0f0_rx_packets:1030768.6
4.7.0-deff:enp4s0f1_rx_packets_phy:0
4.7.0-deff:cpu_21:85.006
4.7.0-deff:SKT0_l2miss:627484800
4.7.0-deff:enp4s0f0_tx_packets_phy:0
4.7.0-deff:Total_rx_bytes:124425891.4
4.7.0-deff:SKT0_l3miss:238619600
4.7.0-deff:enp130s0f1_tx_bytes:62579046.4
4.7.0-strict:enp130s0f1_tx_queue_stopped:577.8
4.7.0-strict:SKT0_l3mpi:0
4.7.0-strict:TOTAL_l2mpi:0.004
4.7.0-strict:enp130s0f0_tx_packets:196730.4
4.7.0-strict:cpu_1:95.99
4.7.0-strict:TOTAL_l3hit:0.58
4.7.0-strict:cpu_20:19.606
4.7.0-strict:Total_tx_queue_stopped:1236
4.7.0-strict:enp4s0f0_tx_packets:0
4.7.0-strict:Write:412.81
4.7.0-strict:cpu_12:87.384
4.7.0-strict:cpu_11:99.316
4.7.0-strict:cpu_25:90.258
4.7.0-strict:cpu_27:83.69
4.7.0-strict:cpu_15:82.718
4.7.0-strict:Read:2182.698
4.7.0-strict:SKT1_l2miss:234000000
4.7.0-strict:SKT1_l3hit:0.664
4.7.0-strict:enp4s0f1_rx_bytes:0
4.7.0-strict:212992:212992
4.7.0-strict:Total_rx_packets_phy:343344.8
4.7.0-strict:cpu_14:19.928
4.7.0-strict:enp4s0f1_rx_packets:0
4.7.0-strict:cpu_3:98.128
4.7.0-strict:cpu_24:14.614
4.7.0-strict:Total_tx_packets:342761.6
4.7.0-strict:cpu_2:63.628
4.7.0-strict:SKT0_l2mpi:0.004
4.7.0-strict:enp4s0f1_tx_bytes_phy:0
4.7.0-strict:enp130s0f0_tx_queue_stopped:658.2
4.7.0-strict:TOTAL_l3mpi:0
4.7.0-strict:enp130s0f1_tx_packets:146031.2
4.7.0-strict:enp130s0f0_rx_bytes_phy:12583705.8
4.7.0-strict:enp4s0f0_tx_packets_phy:0
4.7.0-strict:SKT0_l2miss:139600000
4.7.0-strict:Total_rx_bytes:20565885.6
4.7.0-strict:SKT0_l3miss:82000000
4.7.0-strict:enp130s0f1_tx_bytes:8762395.8
4.7.0-strict:enp4s0f1_rx_packets_phy:0
4.7.0-strict:cpu_21:97.312
4.7.0-strict:enp130s0f0_rx_packets:196722
4.7.0-strict:Memory:2595.506
4.7.0-strict:enp4s0f1_tx_bytes:0
4.7.0-strict:SKT1_l2hit:0.534
4.7.0-strict:TOTAL_l2hit:0.558
4.7.0-strict:cpu_total:71.416
4.7.0-strict:cpu_23:82.414
4.7.0-strict:SKT1_ipc:0.414
4.7.0-strict:cpu_26:17.802
4.7.0-strict:SKT0_l3hit:0.358
4.7.0-strict:SKT0_ipc:0.41
4.7.0-strict:enp4s0f0_rx_bytes_phy:0
4.7.0-strict:cpu_5:79.692
4.7.0-strict:cpu_16:17.888
4.7.0-strict:cpu_17:75.794
4.7.0-strict:cpu_9:99.814
4.7.0-strict:Total_tx_bytes_phy:21975019.2
4.7.0-strict:cpu_4:94.808
4.7.0-strict:SKT1_l2mpi:0.004
4.7.0-strict:cpu_8:82.97
4.7.0-strict:SKT1_l3mpi:0
4.7.0-strict:cpu_10:63.868
4.7.0-strict:Total_rx_bytes_phy:21975151.6
4.7.0-strict:Total_tx_packets_phy:343347.8
4.7.0-strict:TOTAL_l3miss:164000000
4.7.0-strict:Total_tx_bytes:20566530.4
4.7.0-strict:cpu_19:96.274
4.7.0-strict:enp130s0f0_rx_packets_phy:196615.6
4.7.0-strict:enp130s0f0_tx_bytes_phy:12583779.4
4.7.0-strict:cpu_7:100
4.7.0-strict:TOTAL_l2miss:374200000
4.7.0-strict:enp4s0f0_tx_bytes:0
4.7.0-strict:TOTAL_ipc:0.42
4.7.0-strict:enp4s0f0_rx_bytes:0
4.7.0-strict:SKT1_l3miss:81600000
4.7.0-strict:enp4s0f0_rx_packets_phy:0
4.7.0-strict:cpu_22:22.462
4.7.0-strict:enp130s0f1_rx_packets:146024.8
4.7.0-strict:enp130s0f0_tx_packets_phy:196617.2
4.7.0-strict:enp4s0f0_tx_queue_stopped:0
4.7.0-strict:enp130s0f0_rx_bytes:11803634.6
4.7.0-strict:Total_rx_packets:342746.8
4.7.0-strict:SKT0_l2hit:0.516
4.7.0-strict:cpu_13:98.802
4.7.0-strict:enp130s0f1_rx_bytes_phy:9391445.8
4.7.0-strict:enp4s0f0_tx_bytes_phy:0
4.7.0-strict:enp4s0f0_rx_packets:0
4.7.0-strict:enp130s0f1_tx_packets_phy:146730.6
4.7.0-strict:enp130s0f1_rx_packets_phy:146729.2
4.7.0-strict:enp130s0f0_tx_bytes:11804134.6
4.7.0-strict:enp4s0f1_tx_queue_stopped:0
4.7.0-strict:enp4s0f1_tx_packets_phy:0
4.7.0-strict:enp4s0f1_tx_packets:0
4.7.0-strict:cpu_18:19.202
4.7.0-strict:enp130s0f1_rx_bytes:8762251
4.7.0-strict:enp4s0f1_rx_bytes_phy:0
4.7.0-strict:enp130s0f1_tx_bytes_phy:9391239.8
4.7.0-strict:cpu_6:95.576
4.7.0-strict:cpu_0:98.88
4.7.0-unsafe:enp130s0f1_tx_queue_stopped:0
4.7.0-unsafe:cpu_1:100
4.7.0-unsafe:TOTAL_l2mpi:0.01
4.7.0-unsafe:SKT0_l3mpi:0
4.7.0-unsafe:enp130s0f0_tx_packets:1338308.6
4.7.0-unsafe:TOTAL_l3hit:0.668
4.7.0-unsafe:cpu_20:73.418
4.7.0-unsafe:Total_tx_queue_stopped:0
4.7.0-unsafe:enp4s0f0_tx_packets:0
4.7.0-unsafe:Write:1612.58
4.7.0-unsafe:cpu_12:99.618
4.7.0-unsafe:cpu_11:100
4.7.0-unsafe:cpu_25:95.2
4.7.0-unsafe:cpu_27:95.77
4.7.0-unsafe:Read:7991.556
4.7.0-unsafe:cpu_15:100
4.7.0-unsafe:SKT1_l2miss:1077800000
4.7.0-unsafe:SKT1_l3hit:0.708
4.7.0-unsafe:enp4s0f1_rx_bytes:0
4.7.0-unsafe:Total_rx_packets_phy:2705794.6
4.7.0-unsafe:212992:212992
4.7.0-unsafe:cpu_14:68.25
4.7.0-unsafe:cpu_3:100
4.7.0-unsafe:enp4s0f1_rx_packets:0
4.7.0-unsafe:cpu_24:72.86
4.7.0-unsafe:Total_tx_packets:2706673.6
4.7.0-unsafe:cpu_2:92.912
4.7.0-unsafe:SKT0_l2mpi:0.01
4.7.0-unsafe:enp4s0f1_tx_bytes_phy:0
4.7.0-unsafe:enp130s0f0_rx_bytes_phy:85662133
4.7.0-unsafe:TOTAL_l3mpi:0
4.7.0-unsafe:enp130s0f0_tx_queue_stopped:0
4.7.0-unsafe:enp130s0f1_tx_packets:1368365
4.7.0-unsafe:enp4s0f0_tx_packets_phy:0
4.7.0-unsafe:SKT0_l2miss:862600000
4.7.0-unsafe:enp130s0f1_tx_bytes:82101950.6
4.7.0-unsafe:SKT0_l3miss:330400000
4.7.0-unsafe:Total_rx_bytes:162399081
4.7.0-unsafe:cpu_21:97.71
4.7.0-unsafe:enp4s0f1_rx_packets_phy:0
4.7.0-unsafe:enp130s0f0_rx_packets:1338308.2
4.7.0-unsafe:Memory:9604.136
4.7.0-unsafe:enp4s0f1_tx_bytes:0
4.7.0-unsafe:SKT1_l2hit:0.536
4.7.0-unsafe:TOTAL_l2hit:0.55
4.7.0-unsafe:cpu_total:91.362
4.7.0-unsafe:cpu_23:97.322
4.7.0-unsafe:cpu_26:73.054
4.7.0-unsafe:SKT1_ipc:0.67
4.7.0-unsafe:SKT0_l3hit:0.616
4.7.0-unsafe:SKT0_ipc:0.654
4.7.0-unsafe:enp4s0f0_rx_bytes_phy:0
4.7.0-unsafe:cpu_16:67.316
4.7.0-unsafe:cpu_5:99.81
4.7.0-unsafe:cpu_17:86.01
4.7.0-unsafe:cpu_9:99.81
4.7.0-unsafe:Total_tx_bytes_phy:173171330.2
4.7.0-unsafe:cpu_4:97.314
4.7.0-unsafe:SKT1_l2mpi:0.01
4.7.0-unsafe:cpu_8:100
4.7.0-unsafe:cpu_10:100
4.7.0-unsafe:SKT1_l3mpi:0
4.7.0-unsafe:Total_rx_bytes_phy:173170923.6
4.7.0-unsafe:Total_tx_packets_phy:2705805.2
4.7.0-unsafe:TOTAL_l3miss:645600000
4.7.0-unsafe:cpu_19:90.03
4.7.0-unsafe:Total_tx_bytes:162400483.2
4.7.0-unsafe:enp130s0f0_rx_packets_phy:1338471
4.7.0-unsafe:enp130s0f0_tx_bytes_phy:85662187.6
4.7.0-unsafe:cpu_7:100
4.7.0-unsafe:enp4s0f0_tx_bytes:0
4.7.0-unsafe:TOTAL_l2miss:1940800000
4.7.0-unsafe:TOTAL_ipc:0.66
4.7.0-unsafe:enp4s0f0_rx_bytes:0
4.7.0-unsafe:SKT1_l3miss:315000000
4.7.0-unsafe:enp4s0f0_rx_packets_phy:0
4.7.0-unsafe:cpu_22:78.584
4.7.0-unsafe:enp130s0f0_tx_packets_phy:1338474.2
4.7.0-unsafe:enp130s0f1_rx_packets:1368342
4.7.0-unsafe:enp4s0f0_tx_queue_stopped:0
4.7.0-unsafe:enp130s0f0_rx_bytes:80298531
4.7.0-unsafe:Total_rx_packets:2706650.2
4.7.0-unsafe:SKT0_l2hit:0.564
4.7.0-unsafe:cpu_13:100
4.7.0-unsafe:enp130s0f1_rx_bytes_phy:87508790.6
4.7.0-unsafe:enp4s0f0_rx_packets:0
4.7.0-unsafe:enp4s0f0_tx_bytes_phy:0
4.7.0-unsafe:enp130s0f1_tx_packets_phy:1367331
4.7.0-unsafe:enp130s0f1_rx_packets_phy:1367323.6
4.7.0-unsafe:enp130s0f0_tx_bytes:80298532.6
4.7.0-unsafe:enp4s0f1_tx_queue_stopped:0
4.7.0-unsafe:enp4s0f1_tx_packets_phy:0
4.7.0-unsafe:enp4s0f1_tx_packets:0
4.7.0-unsafe:cpu_18:73.044
4.7.0-unsafe:enp130s0f1_rx_bytes:82100550
4.7.0-unsafe:enp4s0f1_rx_bytes_phy:0
4.7.0-unsafe:enp130s0f1_tx_bytes_phy:87509142.6
4.7.0-unsafe:cpu_6:100
4.7.0-unsafe:cpu_0:100
