4.7.0-copy-plus-strict:cpu_26:0
4.7.0-copy-plus-strict:enp130s0f0_rx_bytes:2943678343
4.7.0-copy-plus-strict:Total_rx_packets_phy:2030725.6
4.7.0-copy-plus-strict:enp130s0f0_rx_packets:50786.2
4.7.0-copy-plus-strict:Total_tx_packets_phy:14155.2
4.7.0-copy-plus-strict:enp4s0f1_rx_bytes:0
4.7.0-copy-plus-strict:cpu_16:0
4.7.0-copy-plus-strict:cpu_6:0
4.7.0-copy-plus-strict:cpu_0:0.196
4.7.0-copy-plus-strict:cpu_3:0
4.7.0-copy-plus-strict:LLC-store-misses:11430924.4
4.7.0-copy-plus-strict:cpu_22:0
4.7.0-copy-plus-strict:LLC-load:232630744.2
4.7.0-copy-plus-strict:enp130s0f1_rx_packets_phy:0
4.7.0-copy-plus-strict:cpu_19:0
4.7.0-copy-plus-strict:enp130s0f1_rx_packets:0
4.7.0-copy-plus-strict:cpu_10:0
4.7.0-copy-plus-strict:cpu_2:99.608
4.7.0-copy-plus-strict:enp4s0f0_rx_packets:0
4.7.0-copy-plus-strict:enp130s0f0_tx_packets_phy:14155.2
4.7.0-copy-plus-strict:Total_tx_packets:14150.6
4.7.0-copy-plus-strict:enp130s0f0_tx_bytes_phy:994415.8
4.7.0-copy-plus-strict:cpu_27:0.196
4.7.0-copy-plus-strict:enp130s0f1_rx_bytes_phy:0
4.7.0-copy-plus-strict:enp4s0f0_rx_bytes_phy:0
4.7.0-copy-plus-strict:enp4s0f1_rx_packets:0
4.7.0-copy-plus-strict:16384:87380
4.7.0-copy-plus-strict:enp4s0f1_rx_packets_phy:0
4.7.0-copy-plus-strict:enp4s0f1_rx_bytes_phy:0
4.7.0-copy-plus-strict:cpu_8:0
4.7.0-copy-plus-strict:Total_tx_bytes_phy:994415.8
4.7.0-copy-plus-strict:enp130s0f0_rx_packets_phy:2030725.6
4.7.0-copy-plus-strict:enp130s0f1_tx_packets_phy:0
4.7.0-copy-plus-strict:cpu_14:0
4.7.0-copy-plus-strict:cycles:17473364817
4.7.0-copy-plus-strict:enp4s0f0_rx_bytes:0
4.7.0-copy-plus-strict:enp4s0f0_rx_packets_phy:0
4.7.0-copy-plus-strict:enp4s0f1_tx_bytes:0
4.7.0-copy-plus-strict:enp4s0f1_tx_bytes_phy:0
4.7.0-copy-plus-strict:enp130s0f0_rx_bytes_phy:3082543494.2
4.7.0-copy-plus-strict:Total_rx_packets:50786.2
4.7.0-copy-plus-strict:enp4s0f0_tx_bytes:0
4.7.0-copy-plus-strict:enp130s0f1_tx_packets:0
4.7.0-copy-plus-strict:cpu_11:0
4.7.0-copy-plus-strict:enp4s0f0_tx_bytes_phy:0
4.7.0-copy-plus-strict:enp4s0f0_tx_packets_phy:0
4.7.0-copy-plus-strict:Total_rx_bytes:2943678343
4.7.0-copy-plus-strict:enp130s0f1_tx_bytes:0
4.7.0-copy-plus-strict:LLC-store:462050863.8
4.7.0-copy-plus-strict:enp130s0f0_tx_packets:14150.6
4.7.0-copy-plus-strict:LLC-load-misses:69538266.8
4.7.0-copy-plus-strict:cpu_4:0
4.7.0-copy-plus-strict:Total_rx_bytes_phy:3082543494.2
4.7.0-copy-plus-strict:cpu_17:0.196
4.7.0-copy-plus-strict:enp130s0f0_tx_bytes:937504
4.7.0-copy-plus-strict:cpu_7:0
4.7.0-copy-plus-strict:cpu_9:0
4.7.0-copy-plus-strict:cpu_23:0.392
4.7.0-copy-plus-strict:Total_tx_bytes:937504
4.7.0-copy-plus-strict:instructions:2067416804
4.7.0-copy-plus-strict:enp4s0f1_tx_packets:0
4.7.0-copy-plus-strict:enp130s0f1_tx_bytes_phy:0
4.7.0-copy-plus-strict:cpu_25:0
4.7.0-copy-plus-strict:cpu_20:0
4.7.0-copy-plus-strict:cpu_total:3.258
4.7.0-copy-plus-strict:cpu_21:0
4.7.0-copy-plus-strict:enp130s0f1_rx_bytes:0
4.7.0-copy-plus-strict:cache-misses:180641551.6
4.7.0-copy-plus-strict:enp4s0f0_tx_packets:0
4.7.0-copy-plus-strict:cpu_13:0
4.7.0-copy-plus-strict:cpu_1:0.196
4.7.0-copy-plus-strict:cache-references:1111793181.4
4.7.0-copy-plus-strict:cpu_12:0
4.7.0-copy-plus-strict:cpu_18:0
4.7.0-copy-plus-strict:enp4s0f1_tx_packets_phy:0
4.7.0-copy-plus-strict:cpu_15:0
4.7.0-copy-plus-strict:cpu_24:0
4.7.0-copy-plus-strict:cpu_5:0
4.7.0-damn-strict:cpu_10:0
4.7.0-damn-strict:cpu_2:91.178
4.7.0-damn-strict:enp4s0f0_rx_packets:0
4.7.0-damn-strict:enp130s0f0_tx_packets_phy:41920.4
4.7.0-damn-strict:Total_tx_packets:41866.4
4.7.0-damn-strict:enp130s0f0_tx_bytes_phy:2938464
4.7.0-damn-strict:TOTAL_l2mpi:0.096
4.7.0-damn-strict:cpu_27:0
4.7.0-damn-strict:enp4s0f0_rx_bytes_phy:0
4.7.0-damn-strict:enp130s0f1_rx_bytes_phy:0
4.7.0-damn-strict:enp4s0f1_rx_packets:0
4.7.0-damn-strict:16384:87380
4.7.0-damn-strict:TOTAL_l3hit:0.168
4.7.0-damn-strict:Memory:9496.476
4.7.0-damn-strict:enp4s0f1_rx_packets_phy:0
4.7.0-damn-strict:enp4s0f1_rx_bytes_phy:0
4.7.0-damn-strict:cpu_8:0
4.7.0-damn-strict:Total_tx_bytes_phy:2938464
4.7.0-damn-strict:enp130s0f1_tx_packets_phy:0
4.7.0-damn-strict:enp130s0f0_rx_packets_phy:3307020.4
4.7.0-damn-strict:cycles:14775207947
4.7.0-damn-strict:enp4s0f0_rx_bytes:0
4.7.0-damn-strict:cpu_14:0
4.7.0-damn-strict:TOTAL_l2miss:315800000
4.7.0-damn-strict:enp4s0f0_rx_packets_phy:0
4.7.0-damn-strict:TOTAL_ipc:0.224
4.7.0-damn-strict:enp4s0f1_tx_bytes:0
4.7.0-damn-strict:cpu_26:0
4.7.0-damn-strict:enp130s0f0_rx_bytes:4793566675.2
4.7.0-damn-strict:SKT1_ipc:0.432
4.7.0-damn-strict:enp130s0f0_rx_packets:84815.4
4.7.0-damn-strict:Total_rx_packets_phy:3307020.4
4.7.0-damn-strict:Total_tx_packets_phy:41920.4
4.7.0-damn-strict:cpu_16:0
4.7.0-damn-strict:enp4s0f1_rx_bytes:0
4.7.0-damn-strict:cpu_6:0
4.7.0-damn-strict:SKT0_l2hit:0.208
4.7.0-damn-strict:SKT0_l3hit:0.16
4.7.0-damn-strict:cpu_0:0
4.7.0-damn-strict:cpu_3:0
4.7.0-damn-strict:LLC-store-misses:999413.6
4.7.0-damn-strict:cpu_22:0
4.7.0-damn-strict:TOTAL_l3mpi:0.078
4.7.0-damn-strict:LLC-load:310213627.8
4.7.0-damn-strict:enp130s0f1_rx_packets_phy:0
4.7.0-damn-strict:cpu_19:0
4.7.0-damn-strict:SKT0_l2mpi:0.102
4.7.0-damn-strict:enp130s0f1_rx_packets:0
4.7.0-damn-strict:LLC-load-misses:171670371.8
4.7.0-damn-strict:SKT0_l2miss:312800000
4.7.0-damn-strict:cpu_4:0
4.7.0-damn-strict:Total_rx_bytes_phy:5019365761.2
4.7.0-damn-strict:enp130s0f0_tx_bytes:2767537.2
4.7.0-damn-strict:cpu_7:0.392
4.7.0-damn-strict:cpu_17:0.196
4.7.0-damn-strict:cpu_9:0
4.7.0-damn-strict:cpu_23:0
4.7.0-damn-strict:Total_tx_bytes:2767537.2
4.7.0-damn-strict:instructions:3256255672.6
4.7.0-damn-strict:SKT1_l3mpi:0.002
4.7.0-damn-strict:enp4s0f1_tx_packets:0
4.7.0-damn-strict:enp130s0f1_tx_bytes_phy:0
4.7.0-damn-strict:cpu_25:0
4.7.0-damn-strict:cpu_total:3.04
4.7.0-damn-strict:cpu_20:0
4.7.0-damn-strict:Write:4700.118
4.7.0-damn-strict:cpu_21:0.196
4.7.0-damn-strict:enp130s0f1_rx_bytes:0
4.7.0-damn-strict:Read:4796.358
4.7.0-damn-strict:cache-misses:263552956.8
4.7.0-damn-strict:enp4s0f0_tx_packets:0
4.7.0-damn-strict:cpu_13:0
4.7.0-damn-strict:cpu_1:0.196
4.7.0-damn-strict:cache-references:1013963727.4
4.7.0-damn-strict:SKT0_l3miss:262400000
4.7.0-damn-strict:cpu_12:0
4.7.0-damn-strict:cpu_18:0
4.7.0-damn-strict:SKT1_l2hit:0.154
4.7.0-damn-strict:SKT1_l3hit:0.764
4.7.0-damn-strict:enp4s0f1_tx_packets_phy:0
4.7.0-damn-strict:cpu_15:0.196
4.7.0-damn-strict:cpu_24:0
4.7.0-damn-strict:TOTAL_l2hit:0.208
4.7.0-damn-strict:cpu_5:0
4.7.0-damn-strict:enp4s0f1_tx_bytes_phy:0
4.7.0-damn-strict:enp130s0f0_rx_bytes_phy:5019365761.2
4.7.0-damn-strict:SKT1_l3miss:1179400
4.7.0-damn-strict:Total_rx_packets:84815.4
4.7.0-damn-strict:enp4s0f0_tx_bytes:0
4.7.0-damn-strict:SKT0_l3mpi:0.09
4.7.0-damn-strict:enp130s0f1_tx_packets:0
4.7.0-damn-strict:cpu_11:1.96
4.7.0-damn-strict:enp4s0f0_tx_bytes_phy:0
4.7.0-damn-strict:enp4s0f0_tx_packets_phy:0
4.7.0-damn-strict:SKT1_l2miss:3207400
4.7.0-damn-strict:Total_rx_bytes:4793566675.2
4.7.0-damn-strict:enp130s0f1_tx_bytes:0
4.7.0-damn-strict:LLC-store:342980957
4.7.0-damn-strict:SKT1_l2mpi:0.018
4.7.0-damn-strict:enp130s0f0_tx_packets:41866.4
4.7.0-damn-strict:SKT0_ipc:0.216
4.7.0-damn-strict:TOTAL_l3miss:263600000
4.7.0-deff:cpu_7:0.196
4.7.0-deff:enp130s0f0_tx_bytes:2639204.2
4.7.0-deff:cpu_17:0
4.7.0-deff:Total_rx_bytes_phy:4897283269.4
4.7.0-deff:cpu_4:0
4.7.0-deff:SKT0_l2miss:321400000
4.7.0-deff:LLC-load-misses:180045311.6
4.7.0-deff:cpu_25:0.392
4.7.0-deff:enp130s0f1_tx_bytes_phy:0
4.7.0-deff:SKT1_l3mpi:0
4.7.0-deff:instructions:4249383922
4.7.0-deff:enp4s0f1_tx_packets:0
4.7.0-deff:Total_tx_bytes:2639204.2
4.7.0-deff:cpu_23:0
4.7.0-deff:cpu_9:0
4.7.0-deff:cpu_13:0
4.7.0-deff:enp4s0f0_tx_packets:0
4.7.0-deff:Read:4847.606
4.7.0-deff:cache-misses:269082995.2
4.7.0-deff:enp130s0f1_rx_bytes:0
4.7.0-deff:cpu_21:0
4.7.0-deff:Write:4751.492
4.7.0-deff:cpu_20:0
4.7.0-deff:cpu_total:3.096
4.7.0-deff:TOTAL_l2hit:0.222
4.7.0-deff:cpu_24:0
4.7.0-deff:cpu_5:0.196
4.7.0-deff:enp4s0f1_tx_packets_phy:0
4.7.0-deff:cpu_15:0.196
4.7.0-deff:SKT1_l2hit:0.126
4.7.0-deff:SKT1_l3hit:0.85
4.7.0-deff:cpu_18:0
4.7.0-deff:cpu_12:0
4.7.0-deff:SKT0_l3miss:266800000
4.7.0-deff:cpu_1:0
4.7.0-deff:cache-references:1050649219.8
4.7.0-deff:enp4s0f0_tx_bytes:0
4.7.0-deff:SKT1_l3miss:319400
4.7.0-deff:Total_rx_packets:82332
4.7.0-deff:enp130s0f0_rx_bytes_phy:4897283269.4
4.7.0-deff:enp4s0f1_tx_bytes_phy:0
4.7.0-deff:enp4s0f0_tx_bytes_phy:0
4.7.0-deff:cpu_11:0
4.7.0-deff:enp130s0f1_tx_packets:0
4.7.0-deff:SKT0_l3mpi:0.06
4.7.0-deff:Total_rx_bytes:4677506311.6
4.7.0-deff:SKT1_l2miss:2119200
4.7.0-deff:enp4s0f0_tx_packets_phy:0
4.7.0-deff:TOTAL_l3miss:267200000
4.7.0-deff:SKT0_ipc:0.276
4.7.0-deff:enp130s0f0_tx_packets:39909
4.7.0-deff:SKT1_l2mpi:0.02
4.7.0-deff:LLC-store:353781580.4
4.7.0-deff:enp130s0f1_tx_bytes:0
4.7.0-deff:enp130s0f0_tx_packets_phy:39935.2
4.7.0-deff:enp4s0f0_rx_packets:0
4.7.0-deff:cpu_10:0
4.7.0-deff:cpu_2:93.336
4.7.0-deff:enp4s0f1_rx_packets:0
4.7.0-deff:enp130s0f1_rx_bytes_phy:0
4.7.0-deff:enp4s0f0_rx_bytes_phy:0
4.7.0-deff:cpu_27:0.196
4.7.0-deff:TOTAL_l2mpi:0.076
4.7.0-deff:enp130s0f0_tx_bytes_phy:2800506.6
4.7.0-deff:Total_tx_packets:39909
4.7.0-deff:TOTAL_l3hit:0.174
4.7.0-deff:Memory:9599.1
4.7.0-deff:16384:87380
4.7.0-deff:TOTAL_ipc:0.276
4.7.0-deff:enp4s0f1_tx_bytes:0
4.7.0-deff:enp4s0f0_rx_packets_phy:0
4.7.0-deff:TOTAL_l2miss:323600000
4.7.0-deff:cycles:15502991320.6
4.7.0-deff:enp4s0f0_rx_bytes:0
4.7.0-deff:cpu_14:0
4.7.0-deff:enp130s0f1_tx_packets_phy:0
4.7.0-deff:enp130s0f0_rx_packets_phy:3226494.2
4.7.0-deff:Total_tx_bytes_phy:2800506.6
4.7.0-deff:cpu_8:0
4.7.0-deff:enp4s0f1_rx_packets_phy:0
4.7.0-deff:enp4s0f1_rx_bytes_phy:0
4.7.0-deff:SKT0_l2hit:0.222
4.7.0-deff:cpu_6:0
4.7.0-deff:enp4s0f1_rx_bytes:0
4.7.0-deff:cpu_16:0
4.7.0-deff:Total_tx_packets_phy:39935.2
4.7.0-deff:Total_rx_packets_phy:3226494.2
4.7.0-deff:enp130s0f0_rx_packets:82332
4.7.0-deff:enp130s0f0_rx_bytes:4677506311.6
4.7.0-deff:SKT1_ipc:0.354
4.7.0-deff:cpu_26:0
4.7.0-deff:LLC-store-misses:584657.6
4.7.0-deff:cpu_0:0
4.7.0-deff:cpu_3:0
4.7.0-deff:SKT0_l3hit:0.17
4.7.0-deff:enp130s0f1_rx_packets_phy:0
4.7.0-deff:LLC-load:327158479.6
4.7.0-deff:cpu_22:0
4.7.0-deff:TOTAL_l3mpi:0.06
4.7.0-deff:enp130s0f1_rx_packets:0
4.7.0-deff:SKT0_l2mpi:0.078
4.7.0-deff:cpu_19:0
4.7.0-strict:TOTAL_l2mpi:0.08
4.7.0-strict:enp130s0f0_tx_bytes_phy:2454406
4.7.0-strict:cpu_27:0
4.7.0-strict:Total_tx_packets:34939.8
4.7.0-strict:enp4s0f1_rx_packets:0
4.7.0-strict:enp130s0f1_rx_bytes_phy:0
4.7.0-strict:enp4s0f0_rx_bytes_phy:0
4.7.0-strict:cpu_10:0
4.7.0-strict:cpu_2:97.256
4.7.0-strict:enp4s0f0_rx_packets:0
4.7.0-strict:enp130s0f0_tx_packets_phy:34984.6
4.7.0-strict:enp130s0f1_tx_packets_phy:0
4.7.0-strict:enp130s0f0_rx_packets_phy:3044403.6
4.7.0-strict:enp4s0f1_rx_bytes_phy:0
4.7.0-strict:enp4s0f1_rx_packets_phy:0
4.7.0-strict:Total_tx_bytes_phy:2454406
4.7.0-strict:cpu_8:0
4.7.0-strict:enp4s0f0_rx_packets_phy:0
4.7.0-strict:enp4s0f1_tx_bytes:0
4.7.0-strict:TOTAL_ipc:0.25
4.7.0-strict:cycles:15766685672
4.7.0-strict:enp4s0f0_rx_bytes:0
4.7.0-strict:cpu_14:0
4.7.0-strict:TOTAL_l2miss:298600000
4.7.0-strict:16384:87380
4.7.0-strict:TOTAL_l3hit:0.17
4.7.0-strict:Memory:8974.102
4.7.0-strict:cpu_3:0
4.7.0-strict:cpu_0:0
4.7.0-strict:SKT0_l3hit:0.166
4.7.0-strict:LLC-store-misses:570960.8
4.7.0-strict:SKT1_ipc:0.342
4.7.0-strict:enp130s0f0_rx_bytes:4411014948.4
4.7.0-strict:cpu_26:0
4.7.0-strict:cpu_16:0
4.7.0-strict:enp4s0f1_rx_bytes:0
4.7.0-strict:SKT0_l2hit:0.218
4.7.0-strict:cpu_6:0
4.7.0-strict:Total_rx_packets_phy:3044403.6
4.7.0-strict:enp130s0f0_rx_packets:78490
4.7.0-strict:Total_tx_packets_phy:34984.6
4.7.0-strict:cpu_19:0.588
4.7.0-strict:enp130s0f1_rx_packets:0
4.7.0-strict:SKT0_l2mpi:0.08
4.7.0-strict:cpu_22:0
4.7.0-strict:TOTAL_l3mpi:0.06
4.7.0-strict:LLC-load:299496011
4.7.0-strict:enp130s0f1_rx_packets_phy:0
4.7.0-strict:cpu_23:0
4.7.0-strict:cpu_9:0
4.7.0-strict:instructions:3877742158.2
4.7.0-strict:SKT1_l3mpi:0
4.7.0-strict:enp4s0f1_tx_packets:0
4.7.0-strict:cpu_25:0
4.7.0-strict:enp130s0f1_tx_bytes_phy:0
4.7.0-strict:Total_tx_bytes:2311828.6
4.7.0-strict:LLC-load-misses:165853073.2
4.7.0-strict:SKT0_l2miss:296600000
4.7.0-strict:cpu_17:0
4.7.0-strict:enp130s0f0_tx_bytes:2311828.6
4.7.0-strict:cpu_7:0
4.7.0-strict:cpu_4:0
4.7.0-strict:Total_rx_bytes_phy:4620589264.2
4.7.0-strict:cpu_12:0
4.7.0-strict:SKT0_l3miss:248000000
4.7.0-strict:cache-references:965258152.4
4.7.0-strict:cpu_1:0
4.7.0-strict:cpu_15:0
4.7.0-strict:enp4s0f1_tx_packets_phy:0
4.7.0-strict:TOTAL_l2hit:0.218
4.7.0-strict:cpu_24:0
4.7.0-strict:cpu_5:0
4.7.0-strict:cpu_18:0
4.7.0-strict:SKT1_l2hit:0.138
4.7.0-strict:SKT1_l3hit:0.844
4.7.0-strict:cpu_20:0
4.7.0-strict:cpu_total:3.238
4.7.0-strict:cpu_21:0.196
4.7.0-strict:Write:4427.63
4.7.0-strict:enp4s0f0_tx_packets:0
4.7.0-strict:cpu_13:0
4.7.0-strict:cache-misses:248720454.8
4.7.0-strict:Read:4546.472
4.7.0-strict:enp130s0f1_rx_bytes:0
4.7.0-strict:SKT0_l3mpi:0.064
4.7.0-strict:enp130s0f1_tx_packets:0
4.7.0-strict:enp4s0f0_tx_bytes_phy:0
4.7.0-strict:cpu_11:0
4.7.0-strict:SKT1_l3miss:285400
4.7.0-strict:Total_rx_packets:78490
4.7.0-strict:enp130s0f0_rx_bytes_phy:4620589264.2
4.7.0-strict:enp4s0f1_tx_bytes_phy:0
4.7.0-strict:enp4s0f0_tx_bytes:0
4.7.0-strict:LLC-store:328717588
4.7.0-strict:SKT1_l2mpi:0.02
4.7.0-strict:enp130s0f1_tx_bytes:0
4.7.0-strict:TOTAL_l3miss:248000000
4.7.0-strict:SKT0_ipc:0.248
4.7.0-strict:enp130s0f0_tx_packets:34939.8
4.7.0-strict:SKT1_l2miss:1855400
4.7.0-strict:enp4s0f0_tx_packets_phy:0
4.7.0-strict:Total_rx_bytes:4411014948.4
4.7.0-unsafe:Read:4678.548
4.7.0-unsafe:enp130s0f1_rx_bytes:0
4.7.0-unsafe:cache-misses:263615638.6
4.7.0-unsafe:cpu_13:0
4.7.0-unsafe:enp4s0f0_tx_packets:0
4.7.0-unsafe:cpu_21:0
4.7.0-unsafe:Write:4567.866
4.7.0-unsafe:cpu_20:0
4.7.0-unsafe:cpu_total:3.006
4.7.0-unsafe:SKT1_l2hit:0.134
4.7.0-unsafe:SKT1_l3hit:0.842
4.7.0-unsafe:cpu_18:0
4.7.0-unsafe:cpu_5:0
4.7.0-unsafe:TOTAL_l2hit:0.208
4.7.0-unsafe:cpu_24:0
4.7.0-unsafe:cpu_15:0
4.7.0-unsafe:enp4s0f1_tx_packets_phy:0
4.7.0-unsafe:cpu_1:0
4.7.0-unsafe:cache-references:991785224.6
4.7.0-unsafe:cpu_12:0
4.7.0-unsafe:SKT0_l3miss:257400000
4.7.0-unsafe:Total_rx_bytes_phy:4730943766.6
4.7.0-unsafe:cpu_4:0
4.7.0-unsafe:cpu_7:0.196
4.7.0-unsafe:enp130s0f0_tx_bytes:3549857.6
4.7.0-unsafe:cpu_17:0
4.7.0-unsafe:SKT0_l2miss:306800000
4.7.0-unsafe:LLC-load-misses:173270246.2
4.7.0-unsafe:Total_tx_bytes:3549857.6
4.7.0-unsafe:cpu_25:0.392
4.7.0-unsafe:enp130s0f1_tx_bytes_phy:0
4.7.0-unsafe:enp4s0f1_tx_packets:0
4.7.0-unsafe:SKT1_l3mpi:0
4.7.0-unsafe:instructions:3819472301.4
4.7.0-unsafe:cpu_9:0.588
4.7.0-unsafe:cpu_23:0
4.7.0-unsafe:Total_rx_bytes:4520787969.6
4.7.0-unsafe:enp4s0f0_tx_packets_phy:0
4.7.0-unsafe:SKT1_l2miss:1939000
4.7.0-unsafe:enp130s0f0_tx_packets:52715.8
4.7.0-unsafe:TOTAL_l3miss:258000000
4.7.0-unsafe:SKT0_ipc:0.264
4.7.0-unsafe:enp130s0f1_tx_bytes:0
4.7.0-unsafe:SKT1_l2mpi:0.02
4.7.0-unsafe:LLC-store:334094443.2
4.7.0-unsafe:enp4s0f0_tx_bytes:0
4.7.0-unsafe:enp4s0f1_tx_bytes_phy:0
4.7.0-unsafe:Total_rx_packets:151481.6
4.7.0-unsafe:SKT1_l3miss:307000
4.7.0-unsafe:enp130s0f0_rx_bytes_phy:4730943766.6
4.7.0-unsafe:cpu_11:0
4.7.0-unsafe:enp4s0f0_tx_bytes_phy:0
4.7.0-unsafe:enp130s0f1_tx_packets:0
4.7.0-unsafe:SKT0_l3mpi:0.068
4.7.0-unsafe:Memory:9246.416
4.7.0-unsafe:TOTAL_l3hit:0.166
4.7.0-unsafe:16384:87380
4.7.0-unsafe:TOTAL_l2miss:308800000
4.7.0-unsafe:enp4s0f0_rx_bytes:0
4.7.0-unsafe:cycles:14654975913.2
4.7.0-unsafe:cpu_14:0
4.7.0-unsafe:TOTAL_ipc:0.266
4.7.0-unsafe:enp4s0f1_tx_bytes:0
4.7.0-unsafe:enp4s0f0_rx_packets_phy:0
4.7.0-unsafe:cpu_8:0
4.7.0-unsafe:Total_tx_bytes_phy:3786274
4.7.0-unsafe:enp4s0f1_rx_packets_phy:0
4.7.0-unsafe:enp4s0f1_rx_bytes_phy:0
4.7.0-unsafe:enp130s0f1_tx_packets_phy:0
4.7.0-unsafe:enp130s0f0_rx_packets_phy:3116790.4
4.7.0-unsafe:enp130s0f0_tx_packets_phy:53110.2
4.7.0-unsafe:enp4s0f0_rx_packets:0
4.7.0-unsafe:cpu_2:89.808
4.7.0-unsafe:cpu_10:0
4.7.0-unsafe:enp130s0f1_rx_bytes_phy:0
4.7.0-unsafe:enp4s0f0_rx_bytes_phy:0
4.7.0-unsafe:enp4s0f1_rx_packets:0
4.7.0-unsafe:Total_tx_packets:52715.8
4.7.0-unsafe:cpu_27:0
4.7.0-unsafe:enp130s0f0_tx_bytes_phy:3786274
4.7.0-unsafe:TOTAL_l2mpi:0.084
4.7.0-unsafe:enp130s0f1_rx_packets_phy:0
4.7.0-unsafe:LLC-load:308425334.6
4.7.0-unsafe:cpu_22:0
4.7.0-unsafe:TOTAL_l3mpi:0.068
4.7.0-unsafe:SKT0_l2mpi:0.084
4.7.0-unsafe:enp130s0f1_rx_packets:0
4.7.0-unsafe:cpu_19:0
4.7.0-unsafe:Total_tx_packets_phy:53110.2
4.7.0-unsafe:enp130s0f0_rx_packets:151481.6
4.7.0-unsafe:Total_rx_packets_phy:3116790.4
4.7.0-unsafe:cpu_6:0
4.7.0-unsafe:SKT0_l2hit:0.208
4.7.0-unsafe:cpu_16:0
4.7.0-unsafe:enp4s0f1_rx_bytes:0
4.7.0-unsafe:cpu_26:0
4.7.0-unsafe:enp130s0f0_rx_bytes:4520787969.6
4.7.0-unsafe:SKT1_ipc:0.408
4.7.0-unsafe:LLC-store-misses:1087813
4.7.0-unsafe:SKT0_l3hit:0.158
4.7.0-unsafe:cpu_0:0
4.7.0-unsafe:cpu_3:0.196
4.8.0-unsafe:cpu_10:0
4.8.0-unsafe:cpu_2:83.136
4.8.0-unsafe:enp4s0f0_rx_packets:0
4.8.0-unsafe:enp130s0f0_tx_packets_phy:47235.8
4.8.0-unsafe:TOTAL_l2mpi:0.088
4.8.0-unsafe:enp130s0f0_tx_bytes_phy:3339994.4
4.8.0-unsafe:cpu_27:0
4.8.0-unsafe:Total_tx_packets:46995.4
4.8.0-unsafe:enp4s0f1_rx_packets:0
4.8.0-unsafe:enp4s0f0_rx_bytes_phy:0
4.8.0-unsafe:enp130s0f1_rx_bytes_phy:0
4.8.0-unsafe:16384:87380
4.8.0-unsafe:TOTAL_l3hit:0.168
4.8.0-unsafe:Memory:9142.842
4.8.0-unsafe:enp130s0f1_tx_packets_phy:0
4.8.0-unsafe:enp130s0f0_rx_packets_phy:2948198.6
4.8.0-unsafe:enp4s0f1_rx_bytes_phy:0
4.8.0-unsafe:enp4s0f1_rx_packets_phy:0
4.8.0-unsafe:cpu_8:0.196
4.8.0-unsafe:Total_tx_bytes_phy:3339994.4
4.8.0-unsafe:enp4s0f0_rx_packets_phy:0
4.8.0-unsafe:TOTAL_ipc:0.252
4.8.0-unsafe:enp4s0f1_tx_bytes:0
4.8.0-unsafe:enp4s0f0_rx_bytes:0
4.8.0-unsafe:cycles:14623201226.2
4.8.0-unsafe:cpu_14:0
4.8.0-unsafe:TOTAL_l2miss:314400000
4.8.0-unsafe:enp130s0f0_rx_bytes:4274855428.2
4.8.0-unsafe:SKT1_ipc:0.48
4.8.0-unsafe:cpu_26:0
4.8.0-unsafe:enp4s0f1_rx_bytes:0
4.8.0-unsafe:cpu_16:0
4.8.0-unsafe:SKT0_l2hit:0.208
4.8.0-unsafe:cpu_6:0
4.8.0-unsafe:enp130s0f0_rx_packets:107115.4
4.8.0-unsafe:Total_rx_packets_phy:2948198.6
4.8.0-unsafe:Total_tx_packets_phy:47235.8
4.8.0-unsafe:cpu_0:0
4.8.0-unsafe:cpu_3:0
4.8.0-unsafe:SKT0_l3hit:0.158
4.8.0-unsafe:LLC-store-misses:1151004.4
4.8.0-unsafe:TOTAL_l3mpi:0.07
4.8.0-unsafe:cpu_22:0
4.8.0-unsafe:LLC-load:312183933.4
4.8.0-unsafe:enp130s0f1_rx_packets_phy:0
4.8.0-unsafe:cpu_19:0.588
4.8.0-unsafe:enp130s0f1_rx_packets:0
4.8.0-unsafe:SKT0_l2mpi:0.094
4.8.0-unsafe:LLC-load-misses:173139402.2
4.8.0-unsafe:SKT0_l2miss:311200000
4.8.0-unsafe:cpu_7:0
4.8.0-unsafe:enp130s0f0_tx_bytes:3136796.6
4.8.0-unsafe:cpu_17:0
4.8.0-unsafe:cpu_4:0
4.8.0-unsafe:Total_rx_bytes_phy:4475122451.4
4.8.0-unsafe:cpu_23:0
4.8.0-unsafe:cpu_9:2.352
4.8.0-unsafe:enp4s0f1_tx_packets:0
4.8.0-unsafe:SKT1_l3mpi:0
4.8.0-unsafe:instructions:3651517249
4.8.0-unsafe:enp130s0f1_tx_bytes_phy:0
4.8.0-unsafe:cpu_25:0
4.8.0-unsafe:Total_tx_bytes:3136796.6
4.8.0-unsafe:cpu_20:0
4.8.0-unsafe:cpu_total:2.838
4.8.0-unsafe:Write:4541.846
4.8.0-unsafe:cpu_21:0
4.8.0-unsafe:enp4s0f0_tx_packets:0
4.8.0-unsafe:cpu_13:0
4.8.0-unsafe:enp130s0f1_rx_bytes:0
4.8.0-unsafe:Read:4600.994
4.8.0-unsafe:cache-misses:259532320
4.8.0-unsafe:SKT0_l3miss:261200000
4.8.0-unsafe:cpu_12:0
4.8.0-unsafe:cache-references:991007629.6
4.8.0-unsafe:cpu_1:0.392
4.8.0-unsafe:cpu_15:0.196
4.8.0-unsafe:enp4s0f1_tx_packets_phy:0
4.8.0-unsafe:cpu_24:0
4.8.0-unsafe:TOTAL_l2hit:0.206
4.8.0-unsafe:cpu_5:0
4.8.0-unsafe:cpu_18:0
4.8.0-unsafe:SKT1_l3hit:0.77
4.8.0-unsafe:SKT1_l2hit:0.134
4.8.0-unsafe:SKT1_l3miss:1135000
4.8.0-unsafe:Total_rx_packets:107115.4
4.8.0-unsafe:enp130s0f0_rx_bytes_phy:4475122451.4
4.8.0-unsafe:enp4s0f1_tx_bytes_phy:0
4.8.0-unsafe:enp4s0f0_tx_bytes:0
4.8.0-unsafe:SKT0_l3mpi:0.076
4.8.0-unsafe:enp130s0f1_tx_packets:0
4.8.0-unsafe:enp4s0f0_tx_bytes_phy:0
4.8.0-unsafe:cpu_11:0
4.8.0-unsafe:SKT1_l2miss:3186200
4.8.0-unsafe:enp4s0f0_tx_packets_phy:0
4.8.0-unsafe:Total_rx_bytes:4274855428.2
4.8.0-unsafe:LLC-store:337915157.6
4.8.0-unsafe:SKT1_l2mpi:0.018
4.8.0-unsafe:enp130s0f1_tx_bytes:0
4.8.0-unsafe:SKT0_ipc:0.238
4.8.0-unsafe:TOTAL_l3miss:262600000
4.8.0-unsafe:enp130s0f0_tx_packets:46995.4
