4.7.0-damn-ne-unsafe:cache-misses:1547588932.925:47005973.3832763
4.7.0-damn-ne-unsafe:enp130s0f0_tx_packets:232751.95:9250.21146231263
4.7.0-damn-ne-unsafe:TOTAL_l2mpi:0.03:2.08166817117217e-17
4.7.0-damn-ne-unsafe:Memory:49093.85875:827.519902365459
4.7.0-damn-ne-unsafe:SKT0_l2hit:0.389:0.0104403065089106
4.7.0-damn-ne-unsafe:enp4s0f1_rx_packets_phy:760232.875:476.53159326009
4.7.0-damn-ne-unsafe:cpu_5:51.19875:11.140879046893
4.7.0-damn-ne-unsafe:cpu_16:48.6:8.9028618994119
4.7.0-damn-ne-unsafe:TOTAL_l3hit:0.3555:0.0111691539518443
4.7.0-damn-ne-unsafe:cpu_19:49.1055:7.34194965591565
4.7.0-damn-ne-unsafe:LLC-load-misses:865956653.3:25232360.5683006
4.7.0-damn-ne-unsafe:enp4s0f1_rx_bytes:6828165838.025:5308935.97553874
4.7.0-damn-ne-unsafe:cpu_2:45.6115:7.51447155493984
4.7.0-damn-ne-unsafe:enp130s0f1_rx_bytes:4974081839.15:3802710.37310824
4.7.0-damn-ne-unsafe:SKT1_l3hit:0.36025:0.0147457621030586
4.7.0-damn-ne-unsafe:instructions:74546381204.125:2123160969.25245
4.7.0-damn-ne-unsafe:LLC-store-misses:113600993.8:5000355.77122367
4.7.0-damn-ne-unsafe:enp4s0f0_rx_bytes_phy:4988467928.9:2817760.01650087
4.7.0-damn-ne-unsafe:cpu_0:38.9975:7.38733468512155
4.7.0-damn-ne-unsafe:enp130s0f0_tx_packets_phy:232753.475:9251.72323674757
4.7.0-damn-ne-unsafe:enp4s0f0_tx_packets_phy:211925.45:14489.1635075148
4.7.0-damn-ne-unsafe:enp4s0f1_rx_bytes_phy:6855783746.4:4298335.97867417
4.7.0-damn-ne-unsafe:enp130s0f0_rx_bytes_phy:6853576014.6:5294943.49492433
4.7.0-damn-ne-unsafe:enp130s0f1_rx_packets:379420.475:31962.5252498825
4.7.0-damn-ne-unsafe:cpu_15:52.35425:9.54628065989577
4.7.0-damn-ne-unsafe:cpu_21:48.385:7.66553977225348
4.7.0-damn-ne-unsafe:cpu_20:46.62625:6.42320468594143
4.7.0-damn-ne-unsafe:cpu_17:48.2665:6.95955047039678
4.7.0-damn-ne-unsafe:cpu_1:50.3145:10.0566766255061
4.7.0-damn-ne-unsafe:Total_tx_packets:882209.45:22158.5367927916
4.7.0-damn-ne-unsafe:cpu_23:51.54825:8.76181741635261
4.7.0-damn-ne-unsafe:cpu_12:50.238:9.96117116608283
4.7.0-damn-ne-unsafe:SKT1_l3mpi:0.02:1.04083408558608e-17
4.7.0-damn-ne-unsafe:SKT0_l3hit:0.3495:0.0122372382505204
4.7.0-damn-ne-unsafe:cycles:180998577477.825:3944799748.84452
4.7.0-damn-ne-unsafe:enp4s0f0_tx_packets:211918.675:14490.9205459617
4.7.0-damn-ne-unsafe:enp4s0f0_tx_bytes:13986667.5:956406.128310223
4.7.0-damn-ne-unsafe:cpu_26:51.0825:7.88312969257769
4.7.0-damn-ne-unsafe:Read:23335.42075:733.504124120606
4.7.0-damn-ne-unsafe:SKT0_l2miss:1171650000:44321298.4918087
4.7.0-damn-ne-unsafe:enp4s0f0_rx_packets_phy:553167.425:312.449346894821
4.7.0-damn-ne-unsafe:SKT0_l2mpi:0.03:2.08166817117217e-17
4.7.0-damn-ne-unsafe:TOTAL_l3mpi:0.02:1.04083408558608e-17
4.7.0-damn-ne-unsafe:cpu_9:51.3985:8.8137385796267
4.7.0-damn-ne-unsafe:SKT1_l3miss:777500000:36130319.6775229
4.7.0-damn-ne-unsafe:Total_rx_bytes_phy:23685519720.575:8692154.60105669
4.7.0-damn-ne-unsafe:enp130s0f1_tx_bytes_phy:14347042.5:1051841.99660885
4.7.0-damn-ne-unsafe:enp4s0f1_rx_packets:386763.575:35749.8086182902
4.7.0-damn-ne-unsafe:LLC-load:1977285583.8:24772620.2104594
4.7.0-damn-ne-unsafe:enp4s0f1_tx_queue_stopped:0:0
4.7.0-damn-ne-unsafe:enp130s0f0_tx_queue_stopped:0:0
4.7.0-damn-ne-unsafe:SKT0_ipc:0.41325:0.00787003811934859
4.7.0-damn-ne-unsafe:enp130s0f0_rx_packets:390521.375:29106.5749622723
4.7.0-damn-ne-unsafe:cpu_27:50.091:9.98335234277545
4.7.0-damn-ne-unsafe:LLC-store:2116303005.1:12969284.1620847
4.7.0-damn-ne-unsafe:enp4s0f1_tx_bytes:15350103.8:807742.811293273
4.7.0-damn-ne-unsafe:Total_rx_packets_phy:2626469.65:964.218532024769
4.7.0-damn-ne-unsafe:TOTAL_l3miss:1540075000:49670608.7641374
4.7.0-damn-ne-unsafe:enp4s0f0_rx_bytes:4975637830.425:3749555.26828576
4.7.0-damn-ne-unsafe:SKT1_l2mpi:0.03:2.08166817117217e-17
4.7.0-damn-ne-unsafe:TOTAL_l2miss:2388675000:42900109.2655951
4.7.0-damn-ne-unsafe:SKT0_l3mpi:0.02:1.04083408558608e-17
4.7.0-damn-ne-unsafe:cpu_22:48.916:7.98490100126482
4.7.0-damn-ne-unsafe:SKT1_l2miss:1216475000:47372981.4873415
4.7.0-damn-ne-unsafe:enp4s0f0_tx_queue_stopped:0:0
4.7.0-damn-ne-unsafe:cpu_13:49.36475:8.66759914494781
4.7.0-damn-ne-unsafe:cpu_4:47.3765:7.17894440360141
4.7.0-damn-ne-unsafe:enp4s0f0_tx_bytes_phy:14834764.025:1014218.53473442
4.7.0-damn-ne-unsafe:enp130s0f1_tx_packets_phy:204957.575:15026.6243645862
4.7.0-damn-ne-unsafe:Total_tx_queue_stopped:0:0
4.7.0-damn-ne-unsafe:cpu_3:51.076:9.74450327107544
4.7.0-damn-ne-unsafe:enp130s0f1_rx_bytes_phy:4987692030.675:2963035.33087292
4.7.0-damn-ne-unsafe:enp130s0f1_tx_packets:204961.925:15032.8201003463
4.7.0-damn-ne-unsafe:enp130s0f0_rx_bytes:6826237279.475:5619930.95586726
4.7.0-damn-ne-unsafe:Write:25758.43875:106.16356972115
4.7.0-damn-ne-unsafe:SKT1_ipc:0.41075:0.0064759169234943
4.7.0-damn-ne-unsafe:cpu_18:49.46325:8.49877178994118
4.7.0-damn-ne-unsafe:cpu_25:49.9305:7.54395385391507
4.7.0-damn-ne-unsafe:enp130s0f1_tx_queue_stopped:0:0
4.7.0-damn-ne-unsafe:SKT0_l3miss:762200000:39542508.7722061
4.7.0-damn-ne-unsafe:cpu_6:46.08125:9.03466302290794
4.7.0-damn-ne-unsafe:cpu_14:49.3915:7.59332422263135
4.7.0-damn-ne-unsafe:cpu_11:53.78075:9.99345670614027
4.7.0-damn-ne-unsafe:Total_tx_bytes:58225949.6:1462467.26048915
4.7.0-damn-ne-unsafe:TOTAL_ipc:0.41275:0.00591079520876844
4.7.0-damn-ne-unsafe:enp130s0f1_tx_bytes:13527519.275:992168.156350827
4.7.0-damn-ne-unsafe:Total_rx_packets:1547550.9:73590.7427907206
4.7.0-damn-ne-unsafe:enp130s0f0_rx_packets_phy:759988.025:587.323270758958
4.7.0-damn-ne-unsafe:Total_tx_packets_phy:882257.125:22122.9439091947
4.7.0-damn-ne-unsafe:16384:87380:0
4.7.0-damn-ne-unsafe:SKT1_l2hit:0.394:0.0131909059582729
4.7.0-damn-ne-unsafe:cpu_total:49.144:1.18138224127502
4.7.0-damn-ne-unsafe:enp4s0f1_tx_packets:232576.9:12238.5468373496
4.7.0-damn-ne-unsafe:TOTAL_l2hit:0.3915:0.0101365674663566
4.7.0-damn-ne-unsafe:Total_tx_bytes_phy:61757733.875:1548675.20792656
4.7.0-damn-ne-unsafe:cpu_10:48.869:7.56488922589089
4.7.0-damn-ne-unsafe:Total_rx_bytes:23604122787.075:9616649.84676576
4.7.0-damn-ne-unsafe:enp4s0f0_rx_packets:390845.475:41285.6252090164
4.7.0-damn-ne-unsafe:cpu_7:50.1155:9.32106671738809
4.7.0-damn-ne-unsafe:enp4s0f1_tx_bytes_phy:16283173.9:855136.016379523
4.7.0-damn-ne-unsafe:cache-references:6691647144.9:63722537.3095407
4.7.0-damn-ne-unsafe:enp130s0f0_tx_bytes:15361659.025:610510.801130721
4.7.0-damn-ne-unsafe:cpu_24:48.9835:5.98704165260273
4.7.0-damn-ne-unsafe:enp130s0f1_rx_packets_phy:553081.325:328.607622210745
4.7.0-damn-ne-unsafe:enp130s0f0_tx_bytes_phy:16292753.45:647625.0683026
4.7.0-damn-ne-unsafe:enp4s0f1_tx_packets_phy:232620.625:12214.9969600641
4.7.0-damn-ne-unsafe:cpu_8:49.42475:9.24906913897285
4.7.0-unsafe:enp130s0f0_rx_bytes_phy:6857026065.55:4195107.85045497
4.7.0-unsafe:enp4s0f1_rx_bytes_phy:6860495086.3:4875283.68028025
4.7.0-unsafe:enp4s0f0_tx_packets_phy:184236.925:13106.3872336878
4.7.0-unsafe:cpu_15:41.8215:7.78900364295717
4.7.0-unsafe:enp130s0f1_rx_packets:367058.625:49505.1971563024
4.7.0-unsafe:cpu_0:30.309:5.44646940687268
4.7.0-unsafe:enp4s0f0_rx_bytes_phy:4988393746.15:1735902.27140984
4.7.0-unsafe:LLC-store-misses:82222168.625:2815927.42245425
4.7.0-unsafe:enp130s0f0_tx_packets_phy:203107.55:7361.3334659897
4.7.0-unsafe:enp130s0f1_rx_bytes:4974038068.975:3328138.96267532
4.7.0-unsafe:SKT1_l3hit:0.2775:0.015612494995996
4.7.0-unsafe:instructions:62679703169.625:1498736532.15178
4.7.0-unsafe:LLC-load-misses:845902500.7:25483719.5078662
4.7.0-unsafe:enp4s0f1_rx_bytes:6832793385.775:5297216.62959896
4.7.0-unsafe:cpu_2:37.7065:6.00865773280522
4.7.0-unsafe:TOTAL_l3hit:0.273:0.0116619037896906
4.7.0-unsafe:cpu_19:41.293:7.20013756813021
4.7.0-unsafe:cpu_16:40.11:7.90523782058453
4.7.0-unsafe:enp4s0f1_rx_packets_phy:760755.6:540.7387909148
4.7.0-unsafe:cpu_5:39.08875:7.49501440542311
4.7.0-unsafe:SKT0_l2hit:0.35775:0.0125474100913296
4.7.0-unsafe:TOTAL_l2mpi:0.03:2.08166817117217e-17
4.7.0-unsafe:cache-misses:1401627813.35:42887431.2594726
4.7.0-unsafe:enp130s0f0_tx_packets:203092.85:7343.31711336913
4.7.0-unsafe:Memory:47478.84:766.092873266681
4.7.0-unsafe:enp4s0f1_rx_packets:389353.05:35243.5293911875
4.7.0-unsafe:LLC-load:1875150410.8:21189444.0599043
4.7.0-unsafe:enp130s0f0_tx_queue_stopped:0:0
4.7.0-unsafe:enp4s0f1_tx_queue_stopped:0:0
4.7.0-unsafe:enp130s0f1_tx_bytes_phy:11317387.45:667246.296749744
4.7.0-unsafe:Total_rx_bytes_phy:23694442141.9:4985801.50702309
4.7.0-unsafe:TOTAL_l3mpi:0.02:1.04083408558608e-17
4.7.0-unsafe:SKT0_l2mpi:0.03:2.08166817117217e-17
4.7.0-unsafe:SKT1_l3miss:698700000:39594317.7741453
4.7.0-unsafe:cpu_9:41.97825:7.63104609064183
4.7.0-unsafe:enp4s0f0_rx_packets_phy:553159.1:192.474777568387
4.7.0-unsafe:SKT0_l2miss:962575000:36419011.1754836
4.7.0-unsafe:enp4s0f0_tx_bytes:12465540.45:890892.343219144
4.7.0-unsafe:cpu_26:41.97125:6.36854229298197
4.7.0-unsafe:Read:21812.6375:682.448634051494
4.7.0-unsafe:cycles:154098935056.325:2348435935.34903
4.7.0-unsafe:SKT0_l3hit:0.2685:0.0135185058345958
4.7.0-unsafe:SKT1_l3mpi:0.02:1.04083408558608e-17
4.7.0-unsafe:enp4s0f0_tx_packets:184215.275:13100.4152853784
4.7.0-unsafe:Total_tx_packets:762023.6:18645.8795914808
4.7.0-unsafe:cpu_21:39.27825:6.90664965359472
4.7.0-unsafe:cpu_1:42.39825:8.63247325147898
4.7.0-unsafe:cpu_20:40.081:5.81970179648408
4.7.0-unsafe:cpu_17:39.5975:6.33237662730195
4.7.0-unsafe:cpu_12:40.8095:6.32445054925723
4.7.0-unsafe:cpu_23:42.746:7.02827496616346
4.7.0-unsafe:SKT0_l3miss:703950000:31226551.2024623
4.7.0-unsafe:cpu_14:41.31575:6.24468689667464
4.7.0-unsafe:cpu_11:42.12025:9.0761535045139
4.7.0-unsafe:cpu_6:40.05675:6.06529116675366
4.7.0-unsafe:SKT1_ipc:0.4025:0.00766485485837793
4.7.0-unsafe:enp130s0f1_tx_queue_stopped:0:0
4.7.0-unsafe:cpu_25:40.46825:5.5830887004865
4.7.0-unsafe:cpu_18:42.02325:7.23740021951944
4.7.0-unsafe:enp130s0f0_rx_bytes:6828891445.55:5120951.88705058
4.7.0-unsafe:enp130s0f1_rx_bytes_phy:4988527243.9:1769921.85366974
4.7.0-unsafe:enp130s0f1_tx_packets:159377.6:9551.82740055535
4.7.0-unsafe:cpu_3:40.06075:7.15517029409503
4.7.0-unsafe:Write:25666.20375:101.177467765494
4.7.0-unsafe:enp130s0f1_tx_packets_phy:159378.925:9546.86996713451
4.7.0-unsafe:enp4s0f0_tx_bytes_phy:13203808.925:943526.811680182
4.7.0-unsafe:Total_tx_queue_stopped:0:0
4.7.0-unsafe:cpu_22:41.226:6.62327970117524
4.7.0-unsafe:SKT0_l3mpi:0.02:1.04083408558608e-17
4.7.0-unsafe:cpu_4:40.59025:5.21363188549978
4.7.0-unsafe:SKT1_l2miss:968150000:40699846.4370567
4.7.0-unsafe:enp4s0f0_tx_queue_stopped:0:0
4.7.0-unsafe:cpu_13:40.37425:6.82732520373096
4.7.0-unsafe:TOTAL_l2miss:1931200000:31332251.7543824
4.7.0-unsafe:SKT1_l2mpi:0.03:2.08166817117217e-17
4.7.0-unsafe:TOTAL_l3miss:1403375000:38823760.4438313
4.7.0-unsafe:enp4s0f0_rx_bytes:4976896722.95:2740830.19847143
4.7.0-unsafe:Total_rx_packets_phy:2627459.05:552.860468382394
4.7.0-unsafe:SKT0_ipc:0.412:0.00812403840463595
4.7.0-unsafe:LLC-store:2050917232.175:11731763.5102372
4.7.0-unsafe:enp4s0f1_tx_bytes:14492829.6:583511.73051674
4.7.0-unsafe:cpu_27:39.79325:5.95253407697092
4.7.0-unsafe:enp130s0f0_rx_packets:383815.975:46326.4699861146
4.7.0-unsafe:enp4s0f1_tx_packets_phy:215430.25:8606.77493242968
4.7.0-unsafe:cpu_8:38.69925:5.95124961142616
4.7.0-unsafe:enp130s0f0_tx_bytes_phy:14441288.55:532388.723886595
4.7.0-unsafe:enp130s0f1_rx_packets_phy:553173.925:196.280715749154
4.7.0-unsafe:cpu_24:41.536:6.74971325316861
4.7.0-unsafe:enp130s0f0_tx_bytes:13627886.975:501862.01097595
4.7.0-unsafe:cache-references:6290980600.525:57280443.5450206
4.7.0-unsafe:enp4s0f1_tx_bytes_phy:15360123.4:618427.439963526
4.7.0-unsafe:enp4s0f0_rx_packets:411754.775:31626.6627661594
4.7.0-unsafe:cpu_7:39.4515:7.99517277799548
4.7.0-unsafe:Total_rx_bytes:23612619623.25:7589315.23147528
4.7.0-unsafe:TOTAL_l2hit:0.36075:0.0123262930356211
4.7.0-unsafe:Total_tx_bytes_phy:54322608.325:1327419.48562799
4.7.0-unsafe:cpu_10:40.429:6.10932639494732
4.7.0-unsafe:enp4s0f1_tx_packets:215337.875:8596.51609138115
4.7.0-unsafe:SKT1_l2hit:0.363:0.017058722109232
4.7.0-unsafe:cpu_total:40.24475:0.753869973868173
4.7.0-unsafe:Total_tx_packets_phy:762153.65:18636.4105134948
4.7.0-unsafe:enp130s0f0_rx_packets_phy:760370.425:465.32557889611
4.7.0-unsafe:Total_rx_packets:1551982.425:84157.8892979997
4.7.0-unsafe:16384:87380:0
4.7.0-unsafe:Total_tx_bytes:51266031.5:1253633.60525785
4.7.0-unsafe:TOTAL_ipc:0.4065:0.00653834841531099
4.7.0-unsafe:enp130s0f1_tx_bytes:10679774.475:629444.236382699
