4.7.0-copy-plus-strict:enp130s0f0_rx_bytes:2938980316
4.7.0-copy-plus-strict:enp4s0f1_rx_bytes:0
4.7.0-copy-plus-strict:enp130s0f1_rx_packets:0
4.7.0-copy-plus-strict:enp130s0f0_rx_bytes_phy:2958554420.8
4.7.0-copy-plus-strict:enp130s0f1_tx_packets_phy:0
4.7.0-copy-plus-strict:TOTAL_l3miss:182400000
4.7.0-copy-plus-strict:cache-misses:186247100.4
4.7.0-copy-plus-strict:enp4s0f1_tx_bytes:0
4.7.0-copy-plus-strict:cpu_26:0
4.7.0-copy-plus-strict:cpu_4:0
4.7.0-copy-plus-strict:enp130s0f1_rx_packets_phy:0
4.7.0-copy-plus-strict:enp4s0f1_rx_packets:0
4.7.0-copy-plus-strict:cpu_5:0.392
4.7.0-copy-plus-strict:cpu_27:0
4.7.0-copy-plus-strict:cpu_19:0
4.7.0-copy-plus-strict:Total_rx_bytes_phy:2958554420.8
4.7.0-copy-plus-strict:enp4s0f0_tx_queue_stopped:0
4.7.0-copy-plus-strict:LLC-load:235172081.6
4.7.0-copy-plus-strict:cycles:15965105407.2
4.7.0-copy-plus-strict:TOTAL_l2hit:0.382
4.7.0-copy-plus-strict:Total_tx_packets_phy:12482.4
4.7.0-copy-plus-strict:Total_tx_queue_stopped:0
4.7.0-copy-plus-strict:LLC-store:459473868
4.7.0-copy-plus-strict:enp4s0f0_rx_packets_phy:0
4.7.0-copy-plus-strict:TOTAL_l3mpi:0.116
4.7.0-copy-plus-strict:SKT1_ipc:0.438
4.7.0-copy-plus-strict:Total_rx_packets_phy:328299.4
4.7.0-copy-plus-strict:enp4s0f0_rx_bytes_phy:0
4.7.0-copy-plus-strict:instructions:1532428091
4.7.0-copy-plus-strict:cpu_20:0
4.7.0-copy-plus-strict:cpu_22:0
4.7.0-copy-plus-strict:cpu_12:0
4.7.0-copy-plus-strict:TOTAL_ipc:0.1
4.7.0-copy-plus-strict:SKT0_l2miss:279200000
4.7.0-copy-plus-strict:SKT1_l3mpi:0
4.7.0-copy-plus-strict:cpu_24:0
4.7.0-copy-plus-strict:cpu_8:0
4.7.0-copy-plus-strict:enp130s0f0_tx_bytes_phy:878835
4.7.0-copy-plus-strict:cache-references:1119647093
4.7.0-copy-plus-strict:cpu_11:0.196
4.7.0-copy-plus-strict:Memory:9193.374
4.7.0-copy-plus-strict:cpu_17:0
4.7.0-copy-plus-strict:SKT0_ipc:0.094
4.7.0-copy-plus-strict:SKT1_l2mpi:0.02
4.7.0-copy-plus-strict:enp130s0f0_tx_packets_phy:12482.4
4.7.0-copy-plus-strict:cpu_0:0
4.7.0-copy-plus-strict:TOTAL_l3hit:0.348
4.7.0-copy-plus-strict:enp4s0f1_tx_packets:0
4.7.0-copy-plus-strict:TOTAL_l2miss:280200000
4.7.0-copy-plus-strict:SKT1_l3miss:175200
4.7.0-copy-plus-strict:Read:3377.606
4.7.0-copy-plus-strict:enp4s0f1_tx_bytes_phy:0
4.7.0-copy-plus-strict:Total_rx_packets:49745.8
4.7.0-copy-plus-strict:enp130s0f1_tx_queue_stopped:0
4.7.0-copy-plus-strict:enp130s0f0_tx_queue_stopped:0
4.7.0-copy-plus-strict:SKT0_l2hit:0.382
4.7.0-copy-plus-strict:cpu_18:0
4.7.0-copy-plus-strict:enp4s0f1_tx_packets_phy:0
4.7.0-copy-plus-strict:cpu_21:0
4.7.0-copy-plus-strict:SKT0_l3mpi:0.116
4.7.0-copy-plus-strict:cpu_15:0
4.7.0-copy-plus-strict:enp4s0f0_tx_packets:0
4.7.0-copy-plus-strict:enp4s0f0_rx_packets:0
4.7.0-copy-plus-strict:SKT0_l3miss:182400000
4.7.0-copy-plus-strict:enp130s0f0_tx_bytes:828318
4.7.0-copy-plus-strict:enp4s0f0_tx_bytes:0
4.7.0-copy-plus-strict:cpu_16:0
4.7.0-copy-plus-strict:Total_tx_bytes_phy:878835
4.7.0-copy-plus-strict:cpu_25:0
4.7.0-copy-plus-strict:cpu_3:0
4.7.0-copy-plus-strict:cpu_10:0
4.7.0-copy-plus-strict:cpu_23:0
4.7.0-copy-plus-strict:enp4s0f1_rx_packets_phy:0
4.7.0-copy-plus-strict:enp130s0f0_rx_packets_phy:328299.4
4.7.0-copy-plus-strict:SKT1_l3hit:0.826
4.7.0-copy-plus-strict:cpu_total:3.076
4.7.0-copy-plus-strict:LLC-load-misses:74933240
4.7.0-copy-plus-strict:enp4s0f0_tx_packets_phy:0
4.7.0-copy-plus-strict:enp130s0f0_rx_packets:49745.8
4.7.0-copy-plus-strict:cpu_1:0
4.7.0-copy-plus-strict:SKT0_l3hit:0.346
4.7.0-copy-plus-strict:Write:5815.766
4.7.0-copy-plus-strict:TOTAL_l2mpi:0.176
4.7.0-copy-plus-strict:SKT1_l2miss:1010600
4.7.0-copy-plus-strict:enp4s0f0_tx_bytes_phy:0
4.7.0-copy-plus-strict:enp130s0f1_tx_bytes_phy:0
4.7.0-copy-plus-strict:LLC-store-misses:11252588
4.7.0-copy-plus-strict:enp130s0f1_rx_bytes_phy:0
4.7.0-copy-plus-strict:enp130s0f1_tx_packets:0
4.7.0-copy-plus-strict:enp130s0f1_tx_bytes:0
4.7.0-copy-plus-strict:SKT1_l2hit:0.166
4.7.0-copy-plus-strict:enp4s0f0_rx_bytes:0
4.7.0-copy-plus-strict:16384:87380
4.7.0-copy-plus-strict:cpu_14:0
4.7.0-copy-plus-strict:cpu_9:0
4.7.0-copy-plus-strict:enp130s0f0_tx_packets:12474
4.7.0-copy-plus-strict:Total_tx_bytes:828318
4.7.0-copy-plus-strict:cpu_6:0
4.7.0-copy-plus-strict:Total_tx_packets:12474
4.7.0-copy-plus-strict:cpu_7:0
4.7.0-copy-plus-strict:cpu_2:99.02
4.7.0-copy-plus-strict:enp4s0f1_rx_bytes_phy:0
4.7.0-copy-plus-strict:cpu_13:0
4.7.0-copy-plus-strict:enp4s0f1_tx_queue_stopped:0
4.7.0-copy-plus-strict:Total_rx_bytes:2938980316
4.7.0-copy-plus-strict:enp130s0f1_rx_bytes:0
4.7.0-copy-plus-strict:SKT0_l2mpi:0.186
4.7.0-damn-strict:SKT0_l2hit:0.208
4.7.0-damn-strict:cpu_18:0
4.7.0-damn-strict:enp130s0f1_tx_queue_stopped:0
4.7.0-damn-strict:enp130s0f0_tx_queue_stopped:0
4.7.0-damn-strict:cpu_21:0
4.7.0-damn-strict:SKT0_l3mpi:0.076
4.7.0-damn-strict:enp4s0f1_tx_packets_phy:0
4.7.0-damn-strict:enp4s0f0_rx_packets:0
4.7.0-damn-strict:enp4s0f0_tx_packets:0
4.7.0-damn-strict:cpu_15:0
4.7.0-damn-strict:SKT0_l3miss:276600000
4.7.0-damn-strict:enp4s0f0_tx_bytes:0
4.7.0-damn-strict:enp130s0f0_tx_bytes:2562300
4.7.0-damn-strict:Total_tx_bytes_phy:2717730.2
4.7.0-damn-strict:cpu_16:0
4.7.0-damn-strict:cpu_25:0
4.7.0-damn-strict:cpu_3:0
4.7.0-damn-strict:cpu_10:0.392
4.7.0-damn-strict:enp4s0f1_rx_packets_phy:0
4.7.0-damn-strict:cpu_23:0
4.7.0-damn-strict:enp130s0f0_rx_packets_phy:538008.4
4.7.0-damn-strict:SKT1_l3hit:0.796
4.7.0-damn-strict:cpu_total:3.216
4.7.0-damn-strict:cpu_1:0
4.7.0-damn-strict:enp130s0f0_rx_packets:81859.8
4.7.0-damn-strict:LLC-load-misses:185359098.2
4.7.0-damn-strict:enp4s0f0_tx_packets_phy:0
4.7.0-damn-strict:SKT0_l3hit:0.158
4.7.0-damn-strict:Write:4917.458
4.7.0-damn-strict:TOTAL_l2mpi:0.086
4.7.0-damn-strict:SKT1_l2miss:2690200
4.7.0-damn-strict:enp4s0f0_tx_bytes_phy:0
4.7.0-damn-strict:enp130s0f1_tx_bytes_phy:0
4.7.0-damn-strict:enp130s0f1_rx_bytes_phy:0
4.7.0-damn-strict:LLC-store-misses:1116844
4.7.0-damn-strict:enp130s0f1_tx_bytes:0
4.7.0-damn-strict:enp130s0f1_tx_packets:0
4.7.0-damn-strict:SKT1_l2hit:0.204
4.7.0-damn-strict:enp4s0f0_rx_bytes:0
4.7.0-damn-strict:16384:87380
4.7.0-damn-strict:cpu_14:4.704
4.7.0-damn-strict:cpu_9:0.196
4.7.0-damn-strict:enp130s0f0_tx_packets:38795.2
4.7.0-damn-strict:Total_tx_packets:38795.2
4.7.0-damn-strict:Total_tx_bytes:2562300
4.7.0-damn-strict:cpu_6:0
4.7.0-damn-strict:cpu_7:0.588
4.7.0-damn-strict:cpu_2:91.376
4.7.0-damn-strict:cpu_13:0
4.7.0-damn-strict:enp4s0f1_rx_bytes_phy:0
4.7.0-damn-strict:Total_rx_bytes:4817339077
4.7.0-damn-strict:enp4s0f1_tx_queue_stopped:0
4.7.0-damn-strict:SKT0_l2mpi:0.096
4.7.0-damn-strict:enp130s0f1_rx_bytes:0
4.7.0-damn-strict:enp130s0f0_rx_bytes:4817339077
4.7.0-damn-strict:enp4s0f1_rx_bytes:0
4.7.0-damn-strict:enp130s0f0_rx_bytes_phy:4848815503.2
4.7.0-damn-strict:enp130s0f1_rx_packets:0
4.7.0-damn-strict:TOTAL_l3miss:277400000
4.7.0-damn-strict:enp130s0f1_tx_packets_phy:0
4.7.0-damn-strict:enp4s0f1_tx_bytes:0
4.7.0-damn-strict:cpu_26:0
4.7.0-damn-strict:cache-misses:281458815.8
4.7.0-damn-strict:enp130s0f1_rx_packets_phy:0
4.7.0-damn-strict:cpu_4:0
4.7.0-damn-strict:enp4s0f1_rx_packets:0
4.7.0-damn-strict:cpu_27:0.98
4.7.0-damn-strict:cpu_5:1.176
4.7.0-damn-strict:cpu_19:0
4.7.0-damn-strict:enp4s0f0_tx_queue_stopped:0
4.7.0-damn-strict:Total_rx_bytes_phy:4848815503.2
4.7.0-damn-strict:Total_tx_packets_phy:38799.4
4.7.0-damn-strict:TOTAL_l2hit:0.208
4.7.0-damn-strict:cycles:15778292479.4
4.7.0-damn-strict:LLC-load:328363147.4
4.7.0-damn-strict:Total_tx_queue_stopped:0
4.7.0-damn-strict:enp4s0f0_rx_packets_phy:0
4.7.0-damn-strict:LLC-store:355398352.4
4.7.0-damn-strict:TOTAL_l3mpi:0.07
4.7.0-damn-strict:SKT1_ipc:0.988
4.7.0-damn-strict:enp4s0f0_rx_bytes_phy:0
4.7.0-damn-strict:Total_rx_packets_phy:538008.4
4.7.0-damn-strict:instructions:4028373665
4.7.0-damn-strict:cpu_20:0
4.7.0-damn-strict:cpu_22:0
4.7.0-damn-strict:cpu_12:0
4.7.0-damn-strict:SKT1_l3mpi:0
4.7.0-damn-strict:cpu_24:0
4.7.0-damn-strict:SKT0_l2miss:327800000
4.7.0-damn-strict:cpu_8:0
4.7.0-damn-strict:TOTAL_ipc:0.256
4.7.0-damn-strict:enp130s0f0_tx_bytes_phy:2717730.2
4.7.0-damn-strict:cache-references:1063121795
4.7.0-damn-strict:cpu_11:0.392
4.7.0-damn-strict:Memory:9890.816
4.7.0-damn-strict:cpu_17:0
4.7.0-damn-strict:SKT1_l2mpi:0.01
4.7.0-damn-strict:SKT0_ipc:0.234
4.7.0-damn-strict:enp130s0f0_tx_packets_phy:38799.4
4.7.0-damn-strict:cpu_0:0
4.7.0-damn-strict:Read:4973.356
4.7.0-damn-strict:SKT1_l3miss:548600
4.7.0-damn-strict:Total_rx_packets:81859.8
4.7.0-damn-strict:enp4s0f1_tx_bytes_phy:0
4.7.0-damn-strict:enp4s0f1_tx_packets:0
4.7.0-damn-strict:TOTAL_l3hit:0.16
4.7.0-damn-strict:TOTAL_l2miss:330600000
4.7.0-deff:SKT0_l3miss:264800000
4.7.0-deff:cpu_15:0
4.7.0-deff:enp4s0f0_tx_packets:0
4.7.0-deff:enp4s0f0_rx_packets:0
4.7.0-deff:enp4s0f1_tx_packets_phy:0
4.7.0-deff:cpu_21:0
4.7.0-deff:SKT0_l3mpi:0.068
4.7.0-deff:enp130s0f1_tx_queue_stopped:0
4.7.0-deff:enp130s0f0_tx_queue_stopped:0
4.7.0-deff:cpu_18:0
4.7.0-deff:SKT0_l2hit:0.212
4.7.0-deff:Total_tx_bytes_phy:2621947.8
4.7.0-deff:cpu_16:0
4.7.0-deff:enp130s0f0_tx_bytes:2472763.4
4.7.0-deff:enp4s0f0_tx_bytes:0
4.7.0-deff:enp130s0f0_rx_packets_phy:514360.6
4.7.0-deff:cpu_23:0.39
4.7.0-deff:enp4s0f1_rx_packets_phy:0
4.7.0-deff:cpu_10:0.194
4.7.0-deff:cpu_3:0.39
4.7.0-deff:cpu_25:0
4.7.0-deff:TOTAL_l2mpi:0.08
4.7.0-deff:SKT1_l2miss:1987800
4.7.0-deff:Write:4703.722
4.7.0-deff:SKT0_l3hit:0.164
4.7.0-deff:LLC-load-misses:177592204.2
4.7.0-deff:enp4s0f0_tx_packets_phy:0
4.7.0-deff:enp130s0f0_rx_packets:78554.6
4.7.0-deff:cpu_1:0.194
4.7.0-deff:SKT1_l3hit:0.85
4.7.0-deff:cpu_total:3.046
4.7.0-deff:enp130s0f1_tx_packets:0
4.7.0-deff:LLC-store-misses:596065.4
4.7.0-deff:enp130s0f1_tx_bytes:0
4.7.0-deff:enp130s0f1_rx_bytes_phy:0
4.7.0-deff:enp130s0f1_tx_bytes_phy:0
4.7.0-deff:enp4s0f0_tx_bytes_phy:0
4.7.0-deff:Total_tx_bytes:2472763.4
4.7.0-deff:cpu_6:0
4.7.0-deff:Total_tx_packets:37437.4
4.7.0-deff:enp130s0f0_tx_packets:37437.4
4.7.0-deff:cpu_9:0.196
4.7.0-deff:cpu_14:0
4.7.0-deff:SKT1_l2hit:0.122
4.7.0-deff:enp4s0f0_rx_bytes:0
4.7.0-deff:16384:87380
4.7.0-deff:cpu_7:0.196
4.7.0-deff:SKT0_l2mpi:0.08
4.7.0-deff:enp130s0f1_rx_bytes:0
4.7.0-deff:enp4s0f1_tx_queue_stopped:0
4.7.0-deff:Total_rx_bytes:4605958663.2
4.7.0-deff:cpu_13:0
4.7.0-deff:enp4s0f1_rx_bytes_phy:0
4.7.0-deff:cpu_2:91.984
4.7.0-deff:enp130s0f0_rx_bytes_phy:4636182032.4
4.7.0-deff:enp130s0f1_rx_packets:0
4.7.0-deff:enp4s0f1_rx_bytes:0
4.7.0-deff:enp130s0f0_rx_bytes:4605958663.2
4.7.0-deff:enp4s0f1_rx_packets:0
4.7.0-deff:cpu_4:0
4.7.0-deff:enp130s0f1_rx_packets_phy:0
4.7.0-deff:cache-misses:269173384.8
4.7.0-deff:cpu_26:0
4.7.0-deff:enp4s0f1_tx_bytes:0
4.7.0-deff:enp130s0f1_tx_packets_phy:0
4.7.0-deff:TOTAL_l3miss:265200000
4.7.0-deff:LLC-load:317264023.4
4.7.0-deff:Total_tx_packets_phy:37428.6
4.7.0-deff:TOTAL_l2hit:0.212
4.7.0-deff:cycles:15338592222.6
4.7.0-deff:Total_rx_bytes_phy:4636182032.4
4.7.0-deff:enp4s0f0_tx_queue_stopped:0
4.7.0-deff:cpu_19:0
4.7.0-deff:cpu_5:0.194
4.7.0-deff:cpu_27:0
4.7.0-deff:Total_rx_packets_phy:514360.6
4.7.0-deff:enp4s0f0_rx_bytes_phy:0
4.7.0-deff:TOTAL_l3mpi:0.066
4.7.0-deff:SKT1_ipc:0.374
4.7.0-deff:LLC-store:346525600.4
4.7.0-deff:enp4s0f0_rx_packets_phy:0
4.7.0-deff:Total_tx_queue_stopped:0
4.7.0-deff:cpu_20:0
4.7.0-deff:instructions:4051463636.4
4.7.0-deff:TOTAL_ipc:0.268
4.7.0-deff:SKT0_l2miss:317000000
4.7.0-deff:SKT1_l3mpi:0
4.7.0-deff:cpu_24:0.194
4.7.0-deff:cpu_8:0
4.7.0-deff:cpu_12:0
4.7.0-deff:cpu_22:0
4.7.0-deff:cpu_17:0
4.7.0-deff:Memory:9495.614
4.7.0-deff:cache-references:1029598386
4.7.0-deff:cpu_11:0
4.7.0-deff:enp130s0f0_tx_bytes_phy:2621947.8
4.7.0-deff:TOTAL_l3hit:0.17
4.7.0-deff:TOTAL_l2miss:319000000
4.7.0-deff:enp4s0f1_tx_packets:0
4.7.0-deff:SKT1_l3miss:300600
4.7.0-deff:Total_rx_packets:78554.6
4.7.0-deff:Read:4791.892
4.7.0-deff:enp4s0f1_tx_bytes_phy:0
4.7.0-deff:cpu_0:0.194
4.7.0-deff:enp130s0f0_tx_packets_phy:37428.6
4.7.0-deff:SKT0_ipc:0.264
4.7.0-deff:SKT1_l2mpi:0.02
4.7.0-strict:cpu_13:0
4.7.0-strict:enp4s0f1_rx_bytes_phy:0
4.7.0-strict:cpu_2:93.726
4.7.0-strict:enp130s0f1_rx_bytes:0
4.7.0-strict:SKT0_l2mpi:0.078
4.7.0-strict:enp4s0f1_tx_queue_stopped:0
4.7.0-strict:Total_rx_bytes:4313587225.4
4.7.0-strict:cpu_7:0.196
4.7.0-strict:cpu_14:0
4.7.0-strict:SKT1_l2hit:0.132
4.7.0-strict:16384:87380
4.7.0-strict:enp4s0f0_rx_bytes:0
4.7.0-strict:cpu_6:0
4.7.0-strict:Total_tx_bytes:2262591.8
4.7.0-strict:Total_tx_packets:34158
4.7.0-strict:cpu_9:0
4.7.0-strict:enp130s0f0_tx_packets:34158
4.7.0-strict:enp130s0f1_tx_bytes_phy:0
4.7.0-strict:enp4s0f0_tx_bytes_phy:0
4.7.0-strict:LLC-store-misses:552334.4
4.7.0-strict:enp130s0f1_tx_bytes:0
4.7.0-strict:enp130s0f1_rx_bytes_phy:0
4.7.0-strict:enp130s0f1_tx_packets:0
4.7.0-strict:LLC-load-misses:166281834.6
4.7.0-strict:enp4s0f0_tx_packets_phy:0
4.7.0-strict:enp130s0f0_rx_packets:75244.2
4.7.0-strict:cpu_1:0
4.7.0-strict:cpu_total:2.986
4.7.0-strict:SKT1_l3hit:0.848
4.7.0-strict:TOTAL_l2mpi:0.078
4.7.0-strict:Write:4329.364
4.7.0-strict:SKT1_l2miss:1686800
4.7.0-strict:SKT0_l3hit:0.16
4.7.0-strict:cpu_10:0
4.7.0-strict:cpu_3:0.196
4.7.0-strict:cpu_25:0
4.7.0-strict:enp130s0f0_rx_packets_phy:482076.8
4.7.0-strict:cpu_23:0
4.7.0-strict:enp4s0f1_rx_packets_phy:0
4.7.0-strict:cpu_16:0
4.7.0-strict:Total_tx_bytes_phy:2399568.2
4.7.0-strict:enp130s0f0_tx_bytes:2262591.8
4.7.0-strict:enp4s0f0_tx_bytes:0
4.7.0-strict:enp4s0f1_tx_packets_phy:0
4.7.0-strict:SKT0_l3mpi:0.068
4.7.0-strict:cpu_21:0
4.7.0-strict:enp130s0f1_tx_queue_stopped:0
4.7.0-strict:enp130s0f0_tx_queue_stopped:0
4.7.0-strict:cpu_18:0
4.7.0-strict:SKT0_l2hit:0.208
4.7.0-strict:SKT0_l3miss:243600000
4.7.0-strict:enp4s0f0_tx_packets:0
4.7.0-strict:cpu_15:0
4.7.0-strict:enp4s0f0_rx_packets:0
4.7.0-strict:enp130s0f0_tx_packets_phy:34163
4.7.0-strict:SKT0_ipc:0.244
4.7.0-strict:SKT1_l2mpi:0.02
4.7.0-strict:enp4s0f1_tx_packets:0
4.7.0-strict:TOTAL_l3hit:0.164
4.7.0-strict:TOTAL_l2miss:292000000
4.7.0-strict:SKT1_l3miss:255800
4.7.0-strict:Total_rx_packets:75244.2
4.7.0-strict:Read:4438.406
4.7.0-strict:enp4s0f1_tx_bytes_phy:0
4.7.0-strict:cpu_0:0
4.7.0-strict:cpu_11:0
4.7.0-strict:cache-references:942638116.6
4.7.0-strict:enp130s0f0_tx_bytes_phy:2399568.2
4.7.0-strict:cpu_17:0
4.7.0-strict:Memory:8767.77
4.7.0-strict:cpu_12:0
4.7.0-strict:cpu_22:0
4.7.0-strict:TOTAL_ipc:0.244
4.7.0-strict:cpu_24:0
4.7.0-strict:SKT1_l3mpi:0
4.7.0-strict:SKT0_l2miss:290400000
4.7.0-strict:cpu_8:0
4.7.0-strict:instructions:3647814801.6
4.7.0-strict:cpu_20:0
4.7.0-strict:LLC-store:319004320.2
4.7.0-strict:enp4s0f0_rx_packets_phy:0
4.7.0-strict:Total_tx_queue_stopped:0
4.7.0-strict:Total_rx_packets_phy:482076.8
4.7.0-strict:enp4s0f0_rx_bytes_phy:0
4.7.0-strict:TOTAL_l3mpi:0.068
4.7.0-strict:SKT1_ipc:0.368
4.7.0-strict:cpu_19:0
4.7.0-strict:cpu_5:0
4.7.0-strict:cpu_27:0
4.7.0-strict:LLC-load:294923955.2
4.7.0-strict:TOTAL_l2hit:0.208
4.7.0-strict:cycles:15273755394.2
4.7.0-strict:Total_tx_packets_phy:34163
4.7.0-strict:Total_rx_bytes_phy:4343628361.4
4.7.0-strict:enp4s0f0_tx_queue_stopped:0
4.7.0-strict:cache-misses:246916718
4.7.0-strict:enp4s0f1_tx_bytes:0
4.7.0-strict:cpu_26:0
4.7.0-strict:enp130s0f1_tx_packets_phy:0
4.7.0-strict:TOTAL_l3miss:244200000
4.7.0-strict:enp4s0f1_rx_packets:0
4.7.0-strict:cpu_4:0
4.7.0-strict:enp130s0f1_rx_packets_phy:0
4.7.0-strict:enp130s0f0_rx_bytes:4313587225.4
4.7.0-strict:enp130s0f0_rx_bytes_phy:4343628361.4
4.7.0-strict:enp130s0f1_rx_packets:0
4.7.0-strict:enp4s0f1_rx_bytes:0
4.7.0-unsafe:enp130s0f0_tx_bytes:2758434.4
4.7.0-unsafe:enp4s0f0_tx_bytes:0
4.7.0-unsafe:Total_tx_bytes_phy:2925428.2
4.7.0-unsafe:cpu_16:0
4.7.0-unsafe:cpu_15:0
4.7.0-unsafe:enp4s0f0_tx_packets:0
4.7.0-unsafe:enp4s0f0_rx_packets:0
4.7.0-unsafe:SKT0_l3miss:284400000
4.7.0-unsafe:enp130s0f0_tx_queue_stopped:0
4.7.0-unsafe:enp130s0f1_tx_queue_stopped:0
4.7.0-unsafe:SKT0_l2hit:0.204
4.7.0-unsafe:cpu_18:0
4.7.0-unsafe:enp4s0f1_tx_packets_phy:0
4.7.0-unsafe:SKT0_l3mpi:0.09
4.7.0-unsafe:cpu_21:0
4.7.0-unsafe:SKT0_l3hit:0.152
4.7.0-unsafe:Write:5082.782
4.7.0-unsafe:TOTAL_l2mpi:0.106
4.7.0-unsafe:SKT1_l2miss:1994000
4.7.0-unsafe:SKT1_l3hit:0.852
4.7.0-unsafe:cpu_total:3.07
4.7.0-unsafe:LLC-load-misses:193986460.4
4.7.0-unsafe:enp4s0f0_tx_packets_phy:0
4.7.0-unsafe:cpu_1:0
4.7.0-unsafe:enp130s0f0_rx_packets:86376.8
4.7.0-unsafe:cpu_23:0
4.7.0-unsafe:enp4s0f1_rx_packets_phy:0
4.7.0-unsafe:enp130s0f0_rx_packets_phy:563329.8
4.7.0-unsafe:cpu_25:0
4.7.0-unsafe:cpu_3:0
4.7.0-unsafe:cpu_10:0
4.7.0-unsafe:enp130s0f0_tx_packets:41776.4
4.7.0-unsafe:cpu_9:0.196
4.7.0-unsafe:Total_tx_bytes:2758434.4
4.7.0-unsafe:cpu_6:0
4.7.0-unsafe:Total_tx_packets:41776.4
4.7.0-unsafe:SKT1_l2hit:0.12
4.7.0-unsafe:16384:87380
4.7.0-unsafe:enp4s0f0_rx_bytes:0
4.7.0-unsafe:cpu_14:0
4.7.0-unsafe:enp130s0f1_rx_bytes_phy:0
4.7.0-unsafe:LLC-store-misses:621523.6
4.7.0-unsafe:enp130s0f1_tx_packets:0
4.7.0-unsafe:enp130s0f1_tx_bytes:0
4.7.0-unsafe:enp4s0f0_tx_bytes_phy:0
4.7.0-unsafe:enp130s0f1_tx_bytes_phy:0
4.7.0-unsafe:enp4s0f1_tx_queue_stopped:0
4.7.0-unsafe:Total_rx_bytes:5043147445.6
4.7.0-unsafe:SKT0_l2mpi:0.11
4.7.0-unsafe:enp130s0f1_rx_bytes:0
4.7.0-unsafe:cpu_2:95.492
4.7.0-unsafe:cpu_13:0
4.7.0-unsafe:enp4s0f1_rx_bytes_phy:0
4.7.0-unsafe:cpu_7:0.196
4.7.0-unsafe:cpu_4:0
4.7.0-unsafe:enp130s0f1_rx_packets_phy:0
4.7.0-unsafe:enp4s0f1_rx_packets:0
4.7.0-unsafe:enp130s0f1_tx_packets_phy:0
4.7.0-unsafe:TOTAL_l3miss:284600000
4.7.0-unsafe:cache-misses:287464723.4
4.7.0-unsafe:enp4s0f1_tx_bytes:0
4.7.0-unsafe:cpu_26:0
4.7.0-unsafe:enp4s0f1_rx_bytes:0
4.7.0-unsafe:enp130s0f1_rx_packets:0
4.7.0-unsafe:enp130s0f0_rx_bytes_phy:5076815010.8
4.7.0-unsafe:enp130s0f0_rx_bytes:5043147445.6
4.7.0-unsafe:SKT1_ipc:0.402
4.7.0-unsafe:TOTAL_l3mpi:0.09
4.7.0-unsafe:Total_rx_packets_phy:563329.8
4.7.0-unsafe:enp4s0f0_rx_bytes_phy:0
4.7.0-unsafe:Total_tx_queue_stopped:0
4.7.0-unsafe:LLC-store:375394584
4.7.0-unsafe:enp4s0f0_rx_packets_phy:0
4.7.0-unsafe:Total_rx_bytes_phy:5076815010.8
4.7.0-unsafe:enp4s0f0_tx_queue_stopped:0
4.7.0-unsafe:LLC-load:342053394
4.7.0-unsafe:cycles:15539113442
4.7.0-unsafe:TOTAL_l2hit:0.202
4.7.0-unsafe:Total_tx_packets_phy:41775.4
4.7.0-unsafe:cpu_5:0.196
4.7.0-unsafe:cpu_27:0.784
4.7.0-unsafe:cpu_19:0
4.7.0-unsafe:TOTAL_ipc:0.21
4.7.0-unsafe:SKT1_l3mpi:0
4.7.0-unsafe:cpu_24:0
4.7.0-unsafe:SKT0_l2miss:336000000
4.7.0-unsafe:cpu_8:0
4.7.0-unsafe:cpu_22:0
4.7.0-unsafe:cpu_12:0
4.7.0-unsafe:cpu_20:0
4.7.0-unsafe:instructions:3203908195
4.7.0-unsafe:cpu_0:0
4.7.0-unsafe:TOTAL_l3hit:0.16
4.7.0-unsafe:enp4s0f1_tx_packets:0
4.7.0-unsafe:TOTAL_l2miss:338000000
4.7.0-unsafe:Read:5077.926
4.7.0-unsafe:SKT1_l3miss:295800
4.7.0-unsafe:Total_rx_packets:86376.8
4.7.0-unsafe:enp4s0f1_tx_bytes_phy:0
4.7.0-unsafe:SKT0_ipc:0.204
4.7.0-unsafe:SKT1_l2mpi:0.02
4.7.0-unsafe:enp130s0f0_tx_packets_phy:41775.4
4.7.0-unsafe:Memory:10160.71
4.7.0-unsafe:cpu_17:0
4.7.0-unsafe:enp130s0f0_tx_bytes_phy:2925428.2
4.7.0-unsafe:cache-references:1089446223
4.7.0-unsafe:cpu_11:0
