4.7.0-copy-plus-strict:cpu_13:21.544
4.7.0-copy-plus-strict:enp130s0f1_rx_bytes_phy:4879736070.6
4.7.0-copy-plus-strict:enp130s0f1_rx_packets:375737.4
4.7.0-copy-plus-strict:enp130s0f0_tx_packets_phy:568383.2
4.7.0-copy-plus-strict:Total_rx_packets:597938.8
4.7.0-copy-plus-strict:SKT0_l2hit:0.268
4.7.0-copy-plus-strict:enp4s0f0_tx_queue_stopped:0
4.7.0-copy-plus-strict:enp130s0f0_rx_bytes:2226034353.4
4.7.0-copy-plus-strict:cpu_6:92.428
4.7.0-copy-plus-strict:enp130s0f1_rx_bytes:4851318621.6
4.7.0-copy-plus-strict:enp4s0f1_rx_bytes_phy:0
4.7.0-copy-plus-strict:enp130s0f1_tx_bytes_phy:4388093580.4
4.7.0-copy-plus-strict:cpu_0:89.322
4.7.0-copy-plus-strict:enp130s0f0_tx_bytes:4575052194.2
4.7.0-copy-plus-strict:enp4s0f0_tx_bytes_phy:0
4.7.0-copy-plus-strict:enp4s0f0_rx_packets:0
4.7.0-copy-plus-strict:enp130s0f1_tx_packets_phy:617572
4.7.0-copy-plus-strict:enp130s0f1_rx_packets_phy:704837.8
4.7.0-copy-plus-strict:enp4s0f1_tx_packets_phy:0
4.7.0-copy-plus-strict:cpu_18:87.38
4.7.0-copy-plus-strict:enp4s0f1_tx_packets:0
4.7.0-copy-plus-strict:enp4s0f1_tx_queue_stopped:0
4.7.0-copy-plus-strict:enp130s0f0_tx_bytes_phy:4576601010.4
4.7.0-copy-plus-strict:enp130s0f0_rx_packets_phy:432761.4
4.7.0-copy-plus-strict:cpu_7:27.762
4.7.0-copy-plus-strict:Total_tx_packets_phy:1185955.2
4.7.0-copy-plus-strict:TOTAL_l3miss:1860200000
4.7.0-copy-plus-strict:Total_tx_bytes:8960360375.2
4.7.0-copy-plus-strict:cpu_19:21.166
4.7.0-copy-plus-strict:enp4s0f0_rx_packets_phy:0
4.7.0-copy-plus-strict:SKT1_l3miss:333000000
4.7.0-copy-plus-strict:cpu_22:62.136
4.7.0-copy-plus-strict:TOTAL_ipc:0.184
4.7.0-copy-plus-strict:TOTAL_l2miss:2456800000
4.7.0-copy-plus-strict:enp4s0f0_tx_bytes:0
4.7.0-copy-plus-strict:enp4s0f0_rx_bytes:0
4.7.0-copy-plus-strict:Memory:66355.998
4.7.0-copy-plus-strict:TOTAL_l2hit:0.294
4.7.0-copy-plus-strict:enp4s0f1_tx_bytes:0
4.7.0-copy-plus-strict:SKT1_l2hit:0.388
4.7.0-copy-plus-strict:enp4s0f0_tx_packets_phy:0
4.7.0-copy-plus-strict:SKT0_l2miss:1962600000
4.7.0-copy-plus-strict:SKT0_l3miss:1526400000
4.7.0-copy-plus-strict:enp130s0f1_tx_bytes:4385308181
4.7.0-copy-plus-strict:Total_rx_bytes:7077352975
4.7.0-copy-plus-strict:enp130s0f0_rx_packets:222201.4
4.7.0-copy-plus-strict:cpu_21:26.336
4.7.0-copy-plus-strict:enp4s0f1_rx_packets_phy:0
4.7.0-copy-plus-strict:cpu_9:18.442
4.7.0-copy-plus-strict:cpu_17:21.744
4.7.0-copy-plus-strict:SKT1_l3mpi:0.026
4.7.0-copy-plus-strict:cpu_10:81.36
4.7.0-copy-plus-strict:Total_rx_bytes_phy:7308712720.4
4.7.0-copy-plus-strict:Total_tx_bytes_phy:8964694590.8
4.7.0-copy-plus-strict:cpu_4:89.914
4.7.0-copy-plus-strict:SKT1_l2mpi:0.042
4.7.0-copy-plus-strict:cpu_8:82.918
4.7.0-copy-plus-strict:SKT1_ipc:0.324
4.7.0-copy-plus-strict:SKT0_l3hit:0.224
4.7.0-copy-plus-strict:cpu_26:83.692
4.7.0-copy-plus-strict:SKT0_ipc:0.152
4.7.0-copy-plus-strict:cpu_total:51.802
4.7.0-copy-plus-strict:cpu_23:18.248
4.7.0-copy-plus-strict:cpu_5:28.34
4.7.0-copy-plus-strict:cpu_16:75.532
4.7.0-copy-plus-strict:enp4s0f0_rx_bytes_phy:0
4.7.0-copy-plus-strict:Write:29263.368
4.7.0-copy-plus-strict:cpu_12:95.146
4.7.0-copy-plus-strict:enp4s0f0_tx_packets:0
4.7.0-copy-plus-strict:cpu_11:23.104
4.7.0-copy-plus-strict:enp130s0f1_tx_queue_stopped:0
4.7.0-copy-plus-strict:Total_tx_queue_stopped:0
4.7.0-copy-plus-strict:TOTAL_l2mpi:0.08
4.7.0-copy-plus-strict:enp130s0f0_tx_packets:135271.8
4.7.0-copy-plus-strict:SKT0_l3mpi:0.072
4.7.0-copy-plus-strict:cpu_1:10.092
4.7.0-copy-plus-strict:16384:87380
4.7.0-copy-plus-strict:TOTAL_l3hit:0.246
4.7.0-copy-plus-strict:cpu_20:68.932
4.7.0-copy-plus-strict:cpu_24:74.178
4.7.0-copy-plus-strict:enp4s0f1_rx_packets:0
4.7.0-copy-plus-strict:cpu_3:18.446
4.7.0-copy-plus-strict:Total_tx_packets:336907.6
4.7.0-copy-plus-strict:Total_rx_packets_phy:1137599.2
4.7.0-copy-plus-strict:cpu_14:86.99
4.7.0-copy-plus-strict:TOTAL_l3mpi:0.06
4.7.0-copy-plus-strict:enp130s0f0_rx_bytes_phy:2428976649.8
4.7.0-copy-plus-strict:enp130s0f1_tx_packets:201635.8
4.7.0-copy-plus-strict:enp130s0f0_tx_queue_stopped:0
4.7.0-copy-plus-strict:SKT0_l2mpi:0.094
4.7.0-copy-plus-strict:cpu_2:89.71
4.7.0-copy-plus-strict:enp4s0f1_tx_bytes_phy:0
4.7.0-copy-plus-strict:cpu_27:22.716
4.7.0-copy-plus-strict:cpu_25:18.446
4.7.0-copy-plus-strict:SKT1_l2miss:494200000
4.7.0-copy-plus-strict:SKT1_l3hit:0.372
4.7.0-copy-plus-strict:enp4s0f1_rx_bytes:0
4.7.0-copy-plus-strict:Read:37092.628
4.7.0-copy-plus-strict:cpu_15:14.37
4.7.0-damn-strict:enp4s0f1_tx_packets_phy:0
4.7.0-damn-strict:cpu_18:50.98
4.7.0-damn-strict:enp4s0f1_tx_packets:0
4.7.0-damn-strict:enp4s0f1_tx_queue_stopped:0
4.7.0-damn-strict:enp130s0f0_tx_bytes:5027713987.2
4.7.0-damn-strict:enp4s0f0_rx_packets:0
4.7.0-damn-strict:enp4s0f0_tx_bytes_phy:0
4.7.0-damn-strict:enp130s0f1_tx_packets_phy:638269
4.7.0-damn-strict:enp130s0f1_rx_packets_phy:733210.6
4.7.0-damn-strict:cpu_0:59.708
4.7.0-damn-strict:cpu_6:62.854
4.7.0-damn-strict:enp130s0f1_rx_bytes:4960820783.2
4.7.0-damn-strict:enp130s0f1_tx_bytes_phy:4468235569.8
4.7.0-damn-strict:enp4s0f1_rx_bytes_phy:0
4.7.0-damn-strict:Total_rx_packets:677697.2
4.7.0-damn-strict:SKT0_l2hit:0.232
4.7.0-damn-strict:enp130s0f0_rx_bytes:2925670883
4.7.0-damn-strict:enp4s0f0_tx_queue_stopped:0
4.7.0-damn-strict:enp130s0f0_tx_packets_phy:632672.6
4.7.0-damn-strict:enp130s0f1_rx_packets:411376.6
4.7.0-damn-strict:enp130s0f1_rx_bytes_phy:4985283210
4.7.0-damn-strict:cpu_13:0.388
4.7.0-damn-strict:enp4s0f0_rx_bytes:0
4.7.0-damn-strict:TOTAL_ipc:0.278
4.7.0-damn-strict:enp4s0f0_tx_bytes:0
4.7.0-damn-strict:TOTAL_l2miss:1469400000
4.7.0-damn-strict:cpu_22:57.58
4.7.0-damn-strict:enp4s0f0_rx_packets_phy:0
4.7.0-damn-strict:SKT1_l3miss:11500600
4.7.0-damn-strict:Total_tx_bytes:9493630673.8
4.7.0-damn-strict:cpu_19:2.138
4.7.0-damn-strict:Total_tx_packets_phy:1270941.6
4.7.0-damn-strict:TOTAL_l3miss:1190000000
4.7.0-damn-strict:cpu_7:4.856
4.7.0-damn-strict:enp130s0f0_tx_bytes_phy:5029718092.4
4.7.0-damn-strict:enp130s0f0_rx_packets_phy:536411.2
4.7.0-damn-strict:cpu_5:8.572
4.7.0-damn-strict:cpu_16:44.172
4.7.0-damn-strict:enp4s0f0_rx_bytes_phy:0
4.7.0-damn-strict:SKT1_ipc:0.668
4.7.0-damn-strict:cpu_26:61.494
4.7.0-damn-strict:SKT0_l3hit:0.186
4.7.0-damn-strict:SKT0_ipc:0.268
4.7.0-damn-strict:cpu_total:29.786
4.7.0-damn-strict:cpu_23:0.194
4.7.0-damn-strict:cpu_10:59.134
4.7.0-damn-strict:SKT1_l3mpi:0.01
4.7.0-damn-strict:Total_rx_bytes_phy:8108581299.8
4.7.0-damn-strict:Total_tx_bytes_phy:9497953662.2
4.7.0-damn-strict:SKT1_l2mpi:0.01
4.7.0-damn-strict:cpu_8:51.542
4.7.0-damn-strict:cpu_4:60.33
4.7.0-damn-strict:cpu_9:0.388
4.7.0-damn-strict:cpu_17:3.69
4.7.0-damn-strict:enp130s0f0_rx_packets:266320.6
4.7.0-damn-strict:enp4s0f1_rx_packets_phy:0
4.7.0-damn-strict:cpu_21:0.776
4.7.0-damn-strict:enp4s0f0_tx_packets_phy:0
4.7.0-damn-strict:SKT0_l2miss:1448000000
4.7.0-damn-strict:enp130s0f1_tx_bytes:4465916686.6
4.7.0-damn-strict:SKT0_l3miss:1178000000
4.7.0-damn-strict:Total_rx_bytes:7886491666.2
4.7.0-damn-strict:TOTAL_l2hit:0.232
4.7.0-damn-strict:enp4s0f1_tx_bytes:0
4.7.0-damn-strict:SKT1_l2hit:0.18
4.7.0-damn-strict:Memory:48848.36
4.7.0-damn-strict:SKT1_l2miss:21000000
4.7.0-damn-strict:enp4s0f1_rx_bytes:0
4.7.0-damn-strict:SKT1_l3hit:0.452
4.7.0-damn-strict:cpu_15:0.388
4.7.0-damn-strict:Read:30062.108
4.7.0-damn-strict:cpu_27:5.446
4.7.0-damn-strict:cpu_25:0.194
4.7.0-damn-strict:TOTAL_l3mpi:0.04
4.7.0-damn-strict:enp130s0f0_rx_bytes_phy:3123298089.8
4.7.0-damn-strict:enp130s0f0_tx_queue_stopped:0
4.7.0-damn-strict:enp130s0f1_tx_packets:214567.8
4.7.0-damn-strict:cpu_2:63.042
4.7.0-damn-strict:SKT0_l2mpi:0.052
4.7.0-damn-strict:enp4s0f1_tx_bytes_phy:0
4.7.0-damn-strict:enp4s0f1_rx_packets:0
4.7.0-damn-strict:cpu_3:4.474
4.7.0-damn-strict:cpu_24:55.818
4.7.0-damn-strict:Total_tx_packets:369866.8
4.7.0-damn-strict:Total_rx_packets_phy:1269621.8
4.7.0-damn-strict:cpu_14:60.698
4.7.0-damn-strict:Total_tx_queue_stopped:0
4.7.0-damn-strict:TOTAL_l2mpi:0.05
4.7.0-damn-strict:cpu_1:0.194
4.7.0-damn-strict:SKT0_l3mpi:0.042
4.7.0-damn-strict:enp130s0f0_tx_packets:155299
4.7.0-damn-strict:TOTAL_l3hit:0.19
4.7.0-damn-strict:16384:87380
4.7.0-damn-strict:cpu_20:61.638
4.7.0-damn-strict:enp130s0f1_tx_queue_stopped:0
4.7.0-damn-strict:cpu_11:0.194
4.7.0-damn-strict:Write:18786.254
4.7.0-damn-strict:cpu_12:54.08
4.7.0-damn-strict:enp4s0f0_tx_packets:0
4.7.0-damn-unsafe:enp130s0f1_tx_queue_stopped:0
4.7.0-damn-unsafe:Total_tx_queue_stopped:0
4.7.0-damn-unsafe:cpu_20:48.81
4.7.0-damn-unsafe:TOTAL_l3hit:0.168
4.7.0-damn-unsafe:16384:87380
4.7.0-damn-unsafe:TOTAL_l2mpi:0.05
4.7.0-damn-unsafe:enp130s0f0_tx_packets:169443.2
4.7.0-damn-unsafe:SKT0_l3mpi:0.06
4.7.0-damn-unsafe:cpu_1:0.782
4.7.0-damn-unsafe:cpu_12:53.718
4.7.0-damn-unsafe:Write:20405.316
4.7.0-damn-unsafe:enp4s0f0_tx_packets:0
4.7.0-damn-unsafe:cpu_11:7.046
4.7.0-damn-unsafe:cpu_27:9.368
4.7.0-damn-unsafe:cpu_25:6.444
4.7.0-damn-unsafe:enp4s0f1_rx_bytes:0
4.7.0-damn-unsafe:SKT1_l3hit:0.384
4.7.0-damn-unsafe:SKT1_l2miss:65400000
4.7.0-damn-unsafe:Read:32153.424
4.7.0-damn-unsafe:cpu_15:8.598
4.7.0-damn-unsafe:Total_tx_packets:386702.8
4.7.0-damn-unsafe:cpu_24:55.032
4.7.0-damn-unsafe:enp4s0f1_rx_packets:0
4.7.0-damn-unsafe:cpu_3:7.038
4.7.0-damn-unsafe:cpu_14:47.066
4.7.0-damn-unsafe:Total_rx_packets_phy:1390240.8
4.7.0-damn-unsafe:enp130s0f0_tx_queue_stopped:0
4.7.0-damn-unsafe:TOTAL_l3mpi:0.042
4.7.0-damn-unsafe:enp130s0f0_rx_bytes_phy:4156991892.4
4.7.0-damn-unsafe:enp130s0f1_tx_packets:217259.6
4.7.0-damn-unsafe:enp4s0f1_tx_bytes_phy:0
4.7.0-damn-unsafe:SKT0_l2mpi:0.07
4.7.0-damn-unsafe:cpu_2:64.076
4.7.0-damn-unsafe:enp130s0f1_tx_bytes:4568639603.8
4.7.0-damn-unsafe:SKT0_l3miss:1270200000
4.7.0-damn-unsafe:Total_rx_bytes:8973829700.8
4.7.0-damn-unsafe:SKT0_l2miss:1511200000
4.7.0-damn-unsafe:enp4s0f0_tx_packets_phy:0
4.7.0-damn-unsafe:enp130s0f0_rx_packets:288971.8
4.7.0-damn-unsafe:enp4s0f1_rx_packets_phy:0
4.7.0-damn-unsafe:cpu_21:9.784
4.7.0-damn-unsafe:Memory:52558.738
4.7.0-damn-unsafe:TOTAL_l2hit:0.218
4.7.0-damn-unsafe:SKT1_l2hit:0.292
4.7.0-damn-unsafe:enp4s0f1_tx_bytes:0
4.7.0-damn-unsafe:SKT0_ipc:0.228
4.7.0-damn-unsafe:SKT1_ipc:0.7
4.7.0-damn-unsafe:SKT0_l3hit:0.16
4.7.0-damn-unsafe:cpu_26:57.61
4.7.0-damn-unsafe:cpu_23:10.372
4.7.0-damn-unsafe:cpu_total:31.592
4.7.0-damn-unsafe:cpu_16:53.898
4.7.0-damn-unsafe:cpu_5:10.896
4.7.0-damn-unsafe:enp4s0f0_rx_bytes_phy:0
4.7.0-damn-unsafe:cpu_9:4.69
4.7.0-damn-unsafe:cpu_17:5.666
4.7.0-damn-unsafe:Total_rx_bytes_phy:9142076474.8
4.7.0-damn-unsafe:cpu_10:49.814
4.7.0-damn-unsafe:SKT1_l3mpi:0.008
4.7.0-damn-unsafe:cpu_8:59.378
4.7.0-damn-unsafe:SKT1_l2mpi:0.01
4.7.0-damn-unsafe:cpu_4:58.796
4.7.0-damn-unsafe:Total_tx_bytes_phy:9979745885.2
4.7.0-damn-unsafe:TOTAL_l3miss:1311200000
4.7.0-damn-unsafe:Total_tx_packets_phy:1333270.2
4.7.0-damn-unsafe:cpu_19:7.818
4.7.0-damn-unsafe:Total_tx_bytes:9974111818
4.7.0-damn-unsafe:enp130s0f0_tx_bytes_phy:5408240169
4.7.0-damn-unsafe:enp130s0f0_rx_packets_phy:657103.6
4.7.0-damn-unsafe:cpu_7:8.804
4.7.0-damn-unsafe:TOTAL_ipc:0.28
4.7.0-damn-unsafe:enp4s0f0_tx_bytes:0
4.7.0-damn-unsafe:TOTAL_l2miss:1577200000
4.7.0-damn-unsafe:enp4s0f0_rx_bytes:0
4.7.0-damn-unsafe:enp4s0f0_rx_packets_phy:0
4.7.0-damn-unsafe:SKT1_l3miss:40400000
4.7.0-damn-unsafe:cpu_22:57.004
4.7.0-damn-unsafe:enp130s0f1_rx_packets:439641.8
4.7.0-damn-unsafe:enp130s0f0_tx_packets_phy:682498
4.7.0-damn-unsafe:SKT0_l2hit:0.216
4.7.0-damn-unsafe:Total_rx_packets:728613.6
4.7.0-damn-unsafe:enp4s0f0_tx_queue_stopped:0
4.7.0-damn-unsafe:enp130s0f0_rx_bytes:4011029042.2
4.7.0-damn-unsafe:cpu_13:5.482
4.7.0-damn-unsafe:enp130s0f1_rx_bytes_phy:4985084582.4
4.7.0-damn-unsafe:enp130s0f0_tx_bytes:5405472214.2
4.7.0-damn-unsafe:enp130s0f1_tx_packets_phy:650772.2
4.7.0-damn-unsafe:enp130s0f1_rx_packets_phy:733137.2
4.7.0-damn-unsafe:enp4s0f0_rx_packets:0
4.7.0-damn-unsafe:enp4s0f0_tx_bytes_phy:0
4.7.0-damn-unsafe:cpu_18:53.886
4.7.0-damn-unsafe:enp4s0f1_tx_packets:0
4.7.0-damn-unsafe:enp4s0f1_tx_packets_phy:0
4.7.0-damn-unsafe:enp4s0f1_tx_queue_stopped:0
4.7.0-damn-unsafe:cpu_6:67.584
4.7.0-damn-unsafe:enp4s0f1_rx_bytes_phy:0
4.7.0-damn-unsafe:enp130s0f1_tx_bytes_phy:4571505716.2
4.7.0-damn-unsafe:enp130s0f1_rx_bytes:4962800658.6
4.7.0-damn-unsafe:cpu_0:55.09
4.7.0-deff:enp4s0f1_tx_queue_stopped:0
4.7.0-deff:enp4s0f1_tx_packets:0
4.7.0-deff:cpu_18:41.994
4.7.0-deff:enp4s0f1_tx_packets_phy:0
4.7.0-deff:enp130s0f1_rx_packets_phy:748468
4.7.0-deff:enp130s0f1_tx_packets_phy:656928.6
4.7.0-deff:enp4s0f0_rx_packets:0
4.7.0-deff:enp4s0f0_tx_bytes_phy:0
4.7.0-deff:enp130s0f0_tx_bytes:5574276619.2
4.7.0-deff:cpu_0:61.3
4.7.0-deff:enp130s0f1_tx_bytes_phy:4608737418.4
4.7.0-deff:enp4s0f1_rx_bytes_phy:0
4.7.0-deff:enp130s0f1_rx_bytes:4964416036.8
4.7.0-deff:cpu_6:57.224
4.7.0-deff:enp130s0f0_rx_bytes:3186657837.6
4.7.0-deff:enp4s0f0_tx_queue_stopped:0
4.7.0-deff:SKT0_l2hit:0.228
4.7.0-deff:Total_rx_packets:732597.4
4.7.0-deff:enp130s0f0_tx_packets_phy:692284.4
4.7.0-deff:enp130s0f1_rx_packets:457602.8
4.7.0-deff:enp130s0f1_rx_bytes_phy:4987265506
4.7.0-deff:cpu_13:7.426
4.7.0-deff:enp4s0f0_rx_bytes:0
4.7.0-deff:enp4s0f0_tx_bytes:0
4.7.0-deff:TOTAL_l2miss:1664200000
4.7.0-deff:TOTAL_ipc:0.376
4.7.0-deff:cpu_22:59.148
4.7.0-deff:SKT1_l3miss:42079600
4.7.0-deff:enp4s0f0_rx_packets_phy:0
4.7.0-deff:cpu_19:5.654
4.7.0-deff:Total_tx_bytes:10180256900
4.7.0-deff:TOTAL_l3miss:1359000000
4.7.0-deff:Total_tx_packets_phy:1349213
4.7.0-deff:cpu_7:7.618
4.7.0-deff:enp130s0f0_rx_packets_phy:569283.2
4.7.0-deff:enp130s0f0_tx_bytes_phy:5577267802.6
4.7.0-deff:enp4s0f0_rx_bytes_phy:0
4.7.0-deff:cpu_16:56.232
4.7.0-deff:cpu_5:10.14
4.7.0-deff:cpu_23:7.808
4.7.0-deff:cpu_total:34.176
4.7.0-deff:SKT0_ipc:0.314
4.7.0-deff:SKT0_l3hit:0.174
4.7.0-deff:SKT1_ipc:0.804
4.7.0-deff:cpu_26:46.69
4.7.0-deff:cpu_4:79.352
4.7.0-deff:SKT1_l2mpi:0.01
4.7.0-deff:cpu_8:58.222
4.7.0-deff:Total_tx_bytes_phy:10186005221
4.7.0-deff:Total_rx_bytes_phy:8342662542.8
4.7.0-deff:SKT1_l3mpi:0.002
4.7.0-deff:cpu_10:63.114
4.7.0-deff:cpu_17:7.99
4.7.0-deff:cpu_9:7.612
4.7.0-deff:cpu_21:11.112
4.7.0-deff:enp4s0f1_rx_packets_phy:0
4.7.0-deff:enp130s0f0_rx_packets:274994.6
4.7.0-deff:SKT0_l3miss:1316400000
4.7.0-deff:Total_rx_bytes:8151073874.4
4.7.0-deff:enp130s0f1_tx_bytes:4605980280.8
4.7.0-deff:SKT0_l2miss:1595000000
4.7.0-deff:enp4s0f0_tx_packets_phy:0
4.7.0-deff:SKT1_l2hit:0.37
4.7.0-deff:enp4s0f1_tx_bytes:0
4.7.0-deff:TOTAL_l2hit:0.236
4.7.0-deff:Memory:53338.666
4.7.0-deff:cpu_15:6.452
4.7.0-deff:Read:33246.93
4.7.0-deff:enp4s0f1_rx_bytes:0
4.7.0-deff:SKT1_l3hit:0.41
4.7.0-deff:SKT1_l2miss:68600000
4.7.0-deff:cpu_25:7.022
4.7.0-deff:cpu_27:4.292
4.7.0-deff:cpu_2:73.462
4.7.0-deff:SKT0_l2mpi:0.052
4.7.0-deff:enp4s0f1_tx_bytes_phy:0
4.7.0-deff:enp130s0f1_tx_packets:219922.2
4.7.0-deff:TOTAL_l3mpi:0.03
4.7.0-deff:enp130s0f0_rx_bytes_phy:3355397036.8
4.7.0-deff:enp130s0f0_tx_queue_stopped:0
4.7.0-deff:cpu_14:69.534
4.7.0-deff:Total_rx_packets_phy:1317751.2
4.7.0-deff:Total_tx_packets:382993.6
4.7.0-deff:cpu_3:9.186
4.7.0-deff:enp4s0f1_rx_packets:0
4.7.0-deff:cpu_24:57.04
4.7.0-deff:cpu_20:64.442
4.7.0-deff:TOTAL_l3hit:0.184
4.7.0-deff:16384:87380
4.7.0-deff:SKT0_l3mpi:0.042
4.7.0-deff:TOTAL_l2mpi:0.04
4.7.0-deff:enp130s0f0_tx_packets:163071.4
4.7.0-deff:cpu_1:0.778
4.7.0-deff:Total_tx_queue_stopped:0
4.7.0-deff:enp130s0f1_tx_queue_stopped:0
4.7.0-deff:cpu_11:18.512
4.7.0-deff:enp4s0f0_tx_packets:0
4.7.0-deff:cpu_12:59
4.7.0-deff:Write:20091.738
4.7.0-strict:cpu_27:55.914
4.7.0-strict:cpu_25:35.748
4.7.0-strict:SKT1_l2miss:97600000
4.7.0-strict:SKT1_l3hit:0.37
4.7.0-strict:enp4s0f1_rx_bytes:0
4.7.0-strict:cpu_15:61.81
4.7.0-strict:Read:18686.97
4.7.0-strict:enp4s0f1_rx_packets:0
4.7.0-strict:cpu_24:79.584
4.7.0-strict:cpu_3:39.86
4.7.0-strict:Total_tx_packets:220846.2
4.7.0-strict:Total_rx_packets_phy:878847.4
4.7.0-strict:cpu_14:67.844
4.7.0-strict:enp130s0f0_rx_bytes_phy:2754687234
4.7.0-strict:TOTAL_l3mpi:0.012
4.7.0-strict:enp130s0f1_tx_packets:128955.8
4.7.0-strict:enp130s0f0_tx_queue_stopped:4.8
4.7.0-strict:SKT0_l2mpi:0.03
4.7.0-strict:cpu_2:66.006
4.7.0-strict:enp4s0f1_tx_bytes_phy:0
4.7.0-strict:enp130s0f1_tx_queue_stopped:35.8
4.7.0-strict:Total_tx_queue_stopped:40.6
4.7.0-strict:TOTAL_l2mpi:0.018
4.7.0-strict:SKT0_l3mpi:0.024
4.7.0-strict:enp130s0f0_tx_packets:91890.4
4.7.0-strict:cpu_1:35.854
4.7.0-strict:16384:87380
4.7.0-strict:TOTAL_l3hit:0.164
4.7.0-strict:cpu_20:68.304
4.7.0-strict:Write:11162.738
4.7.0-strict:cpu_12:70.394
4.7.0-strict:enp4s0f0_tx_packets:0
4.7.0-strict:cpu_11:70.098
4.7.0-strict:cpu_26:72.846
4.7.0-strict:SKT1_ipc:0.308
4.7.0-strict:SKT0_l3hit:0.142
4.7.0-strict:SKT0_ipc:0.266
4.7.0-strict:cpu_total:64.932
4.7.0-strict:cpu_23:42.804
4.7.0-strict:cpu_5:59.952
4.7.0-strict:cpu_16:78.76
4.7.0-strict:enp4s0f0_rx_bytes_phy:0
4.7.0-strict:cpu_9:68.666
4.7.0-strict:cpu_17:62.254
4.7.0-strict:SKT1_l3mpi:0
4.7.0-strict:cpu_10:94.57
4.7.0-strict:Total_rx_bytes_phy:7118806020.6
4.7.0-strict:Total_tx_bytes_phy:4689160052.6
4.7.0-strict:SKT1_l2mpi:0.002
4.7.0-strict:cpu_4:83.928
4.7.0-strict:cpu_8:89.78
4.7.0-strict:SKT0_l2miss:953800000
4.7.0-strict:enp4s0f0_tx_packets_phy:0
4.7.0-strict:Total_rx_bytes:6959520343.4
4.7.0-strict:SKT0_l3miss:818000000
4.7.0-strict:enp130s0f1_tx_bytes:2458883601.8
4.7.0-strict:enp130s0f0_rx_packets:99451.6
4.7.0-strict:enp4s0f1_rx_packets_phy:0
4.7.0-strict:cpu_21:23.314
4.7.0-strict:Memory:29849.708
4.7.0-strict:TOTAL_l2hit:0.216
4.7.0-strict:enp4s0f1_tx_bytes:0
4.7.0-strict:SKT1_l2hit:0.178
4.7.0-strict:TOTAL_ipc:0.286
4.7.0-strict:TOTAL_l2miss:1052000000
4.7.0-strict:enp4s0f0_tx_bytes:0
4.7.0-strict:enp4s0f0_rx_bytes:0
4.7.0-strict:enp4s0f0_rx_packets_phy:0
4.7.0-strict:SKT1_l3miss:61200000
4.7.0-strict:cpu_22:55.952
4.7.0-strict:Total_tx_packets_phy:664937.4
4.7.0-strict:TOTAL_l3miss:880000000
4.7.0-strict:Total_tx_bytes:4680748160
4.7.0-strict:cpu_19:61.85
4.7.0-strict:enp130s0f0_tx_bytes_phy:2223546656
4.7.0-strict:enp130s0f0_rx_packets_phy:345094
4.7.0-strict:cpu_7:75.816
4.7.0-strict:enp130s0f0_tx_bytes:2221864558.2
4.7.0-strict:enp4s0f0_tx_bytes_phy:0
4.7.0-strict:enp4s0f0_rx_packets:0
4.7.0-strict:enp130s0f1_rx_packets_phy:533753.4
4.7.0-strict:enp130s0f1_tx_packets_phy:362597
4.7.0-strict:enp4s0f1_tx_packets_phy:0
4.7.0-strict:cpu_18:82.564
4.7.0-strict:enp4s0f1_tx_packets:0
4.7.0-strict:enp4s0f1_tx_queue_stopped:0
4.7.0-strict:cpu_6:85.548
4.7.0-strict:enp130s0f1_rx_bytes:4325767710.8
4.7.0-strict:enp130s0f1_tx_bytes_phy:2465613396.6
4.7.0-strict:enp4s0f1_rx_bytes_phy:0
4.7.0-strict:cpu_0:66.71
4.7.0-strict:enp130s0f0_tx_packets_phy:302340.4
4.7.0-strict:enp130s0f1_rx_packets:167450
4.7.0-strict:Total_rx_packets:266901.6
4.7.0-strict:SKT0_l2hit:0.218
4.7.0-strict:enp4s0f0_tx_queue_stopped:0
4.7.0-strict:enp130s0f0_rx_bytes:2633752632.6
4.7.0-strict:cpu_13:61.788
4.7.0-strict:enp130s0f1_rx_bytes_phy:4364118786.6
4.7.0-unsafe:enp130s0f1_tx_queue_stopped:0
4.7.0-unsafe:TOTAL_l3hit:0.162
4.7.0-unsafe:16384:87380
4.7.0-unsafe:cpu_20:62.178
4.7.0-unsafe:enp130s0f0_tx_packets:179070.6
4.7.0-unsafe:TOTAL_l2mpi:0.05
4.7.0-unsafe:SKT0_l3mpi:0.06
4.7.0-unsafe:cpu_1:0.584
4.7.0-unsafe:Total_tx_queue_stopped:0
4.7.0-unsafe:enp4s0f0_tx_packets:0
4.7.0-unsafe:cpu_12:52.994
4.7.0-unsafe:Write:21224.61
4.7.0-unsafe:cpu_11:6.048
4.7.0-unsafe:cpu_25:10.746
4.7.0-unsafe:cpu_27:10.152
4.7.0-unsafe:cpu_15:8.384
4.7.0-unsafe:Read:34672.382
4.7.0-unsafe:SKT1_l3hit:0.33
4.7.0-unsafe:enp4s0f1_rx_bytes:0
4.7.0-unsafe:SKT1_l2miss:80600000
4.7.0-unsafe:cpu_14:54.764
4.7.0-unsafe:Total_rx_packets_phy:1398729
4.7.0-unsafe:Total_tx_packets:403134
4.7.0-unsafe:enp4s0f1_rx_packets:0
4.7.0-unsafe:cpu_24:50.648
4.7.0-unsafe:cpu_3:10.54
4.7.0-unsafe:SKT0_l2mpi:0.074
4.7.0-unsafe:cpu_2:50.476
4.7.0-unsafe:enp4s0f1_tx_bytes_phy:0
4.7.0-unsafe:enp130s0f1_tx_packets:224063.4
4.7.0-unsafe:TOTAL_l3mpi:0.04
4.7.0-unsafe:enp130s0f0_tx_queue_stopped:0
4.7.0-unsafe:enp130s0f0_rx_bytes_phy:4040416487.2
4.7.0-unsafe:Total_rx_bytes:8868262534.4
4.7.0-unsafe:SKT0_l3miss:1354600000
4.7.0-unsafe:enp130s0f1_tx_bytes:4712515264
4.7.0-unsafe:enp4s0f0_tx_packets_phy:0
4.7.0-unsafe:SKT0_l2miss:1600200000
4.7.0-unsafe:cpu_21:11.148
4.7.0-unsafe:enp4s0f1_rx_packets_phy:0
4.7.0-unsafe:enp130s0f0_rx_packets:307596
4.7.0-unsafe:Memory:55896.992
4.7.0-unsafe:SKT1_l2hit:0.348
4.7.0-unsafe:enp4s0f1_tx_bytes:0
4.7.0-unsafe:TOTAL_l2hit:0.218
4.7.0-unsafe:cpu_23:8.186
4.7.0-unsafe:cpu_total:32.15
4.7.0-unsafe:SKT0_ipc:0.236
4.7.0-unsafe:SKT1_ipc:0.692
4.7.0-unsafe:SKT0_l3hit:0.154
4.7.0-unsafe:cpu_26:56.152
4.7.0-unsafe:enp4s0f0_rx_bytes_phy:0
4.7.0-unsafe:cpu_16:54.168
4.7.0-unsafe:cpu_5:9.366
4.7.0-unsafe:cpu_17:9.78
4.7.0-unsafe:cpu_9:14.622
4.7.0-unsafe:SKT1_l2mpi:0.01
4.7.0-unsafe:cpu_8:50.712
4.7.0-unsafe:cpu_4:51.644
4.7.0-unsafe:Total_tx_bytes_phy:10722495994.6
4.7.0-unsafe:Total_rx_bytes_phy:9025123680.2
4.7.0-unsafe:cpu_10:56.73
4.7.0-unsafe:SKT1_l3mpi:0.008
4.7.0-unsafe:TOTAL_l3miss:1409600000
4.7.0-unsafe:Total_tx_packets_phy:1420159.4
4.7.0-unsafe:Total_tx_bytes:10715787053.2
4.7.0-unsafe:cpu_19:11.318
4.7.0-unsafe:enp130s0f0_rx_packets_phy:660823
4.7.0-unsafe:enp130s0f0_tx_bytes_phy:6007596069.4
4.7.0-unsafe:cpu_7:9.174
4.7.0-unsafe:enp4s0f0_tx_bytes:0
4.7.0-unsafe:TOTAL_l2miss:1681600000
4.7.0-unsafe:TOTAL_ipc:0.298
4.7.0-unsafe:enp4s0f0_rx_bytes:0
4.7.0-unsafe:SKT1_l3miss:54200000
4.7.0-unsafe:enp4s0f0_rx_packets_phy:0
4.7.0-unsafe:cpu_22:57.702
4.7.0-unsafe:enp130s0f0_tx_packets_phy:748988.8
4.7.0-unsafe:enp130s0f1_rx_packets:430068
4.7.0-unsafe:enp4s0f0_tx_queue_stopped:0
4.7.0-unsafe:enp130s0f0_rx_bytes:3906312008.2
4.7.0-unsafe:SKT0_l2hit:0.208
4.7.0-unsafe:Total_rx_packets:737664
4.7.0-unsafe:cpu_13:10.354
4.7.0-unsafe:enp130s0f1_rx_bytes_phy:4984707193
4.7.0-unsafe:enp130s0f1_tx_packets_phy:671170.6
4.7.0-unsafe:enp130s0f1_rx_packets_phy:737906
4.7.0-unsafe:enp4s0f0_rx_packets:0
4.7.0-unsafe:enp4s0f0_tx_bytes_phy:0
4.7.0-unsafe:enp130s0f0_tx_bytes:6003271789.2
4.7.0-unsafe:enp4s0f1_tx_queue_stopped:0
4.7.0-unsafe:enp4s0f1_tx_packets:0
4.7.0-unsafe:cpu_18:56.904
4.7.0-unsafe:enp4s0f1_tx_packets_phy:0
4.7.0-unsafe:enp130s0f1_tx_bytes_phy:4714899925.2
4.7.0-unsafe:enp4s0f1_rx_bytes_phy:0
4.7.0-unsafe:enp130s0f1_rx_bytes:4961950526.2
4.7.0-unsafe:cpu_6:59.034
4.7.0-unsafe:cpu_0:57.284
