4.7.0-damn-ne-strict:Total_rx_bytes:10671799758.6667
4.7.0-damn-ne-strict:cache-references:5382452204.66667
4.7.0-damn-ne-strict:enp4s0f0_rx_bytes:0
4.7.0-damn-ne-strict:enp130s0f0_rx_bytes:5805066577.66667
4.7.0-damn-ne-strict:enp130s0f0_tx_packets:296827.333333333
4.7.0-damn-ne-strict:Total_tx_bytes:10573852095.6667
4.7.0-damn-ne-strict:cpu_2:19.61
4.7.0-damn-ne-strict:SKT0_l3miss:703333333.333333
4.7.0-damn-ne-strict:enp130s0f1_rx_bytes:4866733181
4.7.0-damn-ne-strict:SKT0_l3mpi:0.07
4.7.0-damn-ne-strict:cpu_24:21.8966666666667
4.7.0-damn-ne-strict:enp4s0f0_tx_packets_phy:0
4.7.0-damn-ne-strict:LLC-store-misses:182810826.666667
4.7.0-damn-ne-strict:TOTAL_l2miss:1933000000
4.7.0-damn-ne-strict:LLC-load:1438369118
4.7.0-damn-ne-strict:cpu_26:24.8366666666667
4.7.0-damn-ne-strict:enp130s0f0_rx_packets_phy:860139
4.7.0-damn-ne-strict:cpu_27:52.2866666666667
4.7.0-damn-ne-strict:enp130s0f0_rx_packets:544484.333333333
4.7.0-damn-ne-strict:SKT1_l2miss:1078666666.66667
4.7.0-damn-ne-strict:cpu_13:47.71
4.7.0-damn-ne-strict:SKT1_l2mpi:0.03
4.7.0-damn-ne-strict:cpu_25:47.7133333333333
4.7.0-damn-ne-strict:Total_tx_bytes_phy:10607455096.3333
4.7.0-damn-ne-strict:Memory:57099.37
4.7.0-damn-ne-strict:cpu_1:54.9033333333333
4.7.0-damn-ne-strict:enp4s0f1_tx_packets_phy:0
4.7.0-damn-ne-strict:enp130s0f1_rx_packets_phy:794199.333333333
4.7.0-damn-ne-strict:cpu_6:24.8366666666667
4.7.0-damn-ne-strict:cpu_0:28.7566666666667
4.7.0-damn-ne-strict:TOTAL_l3mpi:0.03
4.7.0-damn-ne-strict:cpu_23:42.4833333333333
4.7.0-damn-ne-strict:enp4s0f1_rx_bytes:0
4.7.0-damn-ne-strict:enp130s0f1_tx_bytes:4790549834.33333
4.7.0-damn-ne-strict:enp4s0f1_tx_bytes:0
4.7.0-damn-ne-strict:SKT0_l2miss:854000000
4.7.0-damn-ne-strict:SKT0_ipc:0.21
4.7.0-damn-ne-strict:enp130s0f0_tx_queue_stopped:0
4.7.0-damn-ne-strict:TOTAL_l2hit:0.326666666666667
4.7.0-damn-ne-strict:enp4s0f0_rx_packets_phy:0
4.7.0-damn-ne-strict:cpu_12:31.0466666666667
4.7.0-damn-ne-strict:enp4s0f1_tx_bytes_phy:0
4.7.0-damn-ne-strict:cpu_8:24.1833333333333
4.7.0-damn-ne-strict:SKT0_l2mpi:0.0833333333333333
4.7.0-damn-ne-strict:enp4s0f0_tx_bytes_phy:0
4.7.0-damn-ne-strict:Total_rx_bytes_phy:10711676422
4.7.0-damn-ne-strict:cpu_14:24.1833333333333
4.7.0-damn-ne-strict:cpu_15:47.7133333333333
4.7.0-damn-ne-strict:enp4s0f0_tx_packets:0
4.7.0-damn-ne-strict:enp4s0f0_tx_queue_stopped:0
4.7.0-damn-ne-strict:cpu_21:50.3266666666667
4.7.0-damn-ne-strict:cpu_10:37.2566666666667
4.7.0-damn-ne-strict:cpu_18:33.9866666666667
4.7.0-damn-ne-strict:SKT1_l3hit:0.34
4.7.0-damn-ne-strict:enp130s0f0_tx_bytes_phy:5813234846.33333
4.7.0-damn-ne-strict:enp4s0f1_tx_queue_stopped:0
4.7.0-damn-ne-strict:enp4s0f0_rx_packets:0
4.7.0-damn-ne-strict:Total_tx_queue_stopped:0
4.7.0-damn-ne-strict:cpu_9:61.11
4.7.0-damn-ne-strict:SKT0_l3hit:0.176666666666667
4.7.0-damn-ne-strict:enp130s0f1_rx_bytes_phy:4882097930.33333
4.7.0-damn-ne-strict:enp130s0f1_tx_bytes_phy:4794220250
4.7.0-damn-ne-strict:TOTAL_ipc:0.353333333333333
4.7.0-damn-ne-strict:cache-misses:1411619383.66667
4.7.0-damn-ne-strict:instructions:50376640573
4.7.0-damn-ne-strict:cpu_20:27.1233333333333
4.7.0-damn-ne-strict:enp130s0f0_rx_bytes_phy:5829578491.66667
4.7.0-damn-ne-strict:16384:87380
4.7.0-damn-ne-strict:enp4s0f0_rx_bytes_phy:0
4.7.0-damn-ne-strict:enp130s0f0_tx_bytes:5783302261.33333
4.7.0-damn-ne-strict:cpu_17:46.08
4.7.0-damn-ne-strict:cpu_22:21.2433333333333
4.7.0-damn-ne-strict:cpu_16:24.51
4.7.0-damn-ne-strict:enp4s0f1_rx_packets:0
4.7.0-damn-ne-strict:enp4s0f1_rx_bytes_phy:0
4.7.0-damn-ne-strict:cpu_11:53.9233333333333
4.7.0-damn-ne-strict:cpu_19:47.06
4.7.0-damn-ne-strict:cpu_total:38.7866666666667
4.7.0-damn-ne-strict:Total_tx_packets:584675
4.7.0-damn-ne-strict:cpu_7:50.6533333333333
4.7.0-damn-ne-strict:enp130s0f0_tx_packets_phy:1260710
4.7.0-damn-ne-strict:cpu_4:30.39
4.7.0-damn-ne-strict:cpu_5:57.8433333333333
4.7.0-damn-ne-strict:TOTAL_l3miss:1416333333.33333
4.7.0-damn-ne-strict:cycles:141852073295.333
4.7.0-damn-ne-strict:LLC-load-misses:627529410.666667
4.7.0-damn-ne-strict:Total_rx_packets:1151348
4.7.0-damn-ne-strict:Read:34032.1433333333
4.7.0-damn-ne-strict:TOTAL_l2mpi:0.04
4.7.0-damn-ne-strict:Write:23067.2233333333
4.7.0-damn-ne-strict:enp130s0f1_tx_packets_phy:747884.333333333
4.7.0-damn-ne-strict:SKT1_ipc:0.43
4.7.0-damn-ne-strict:LLC-store:1775528635.66667
4.7.0-damn-ne-strict:enp130s0f1_rx_packets:606863.666666667
4.7.0-damn-ne-strict:enp130s0f1_tx_queue_stopped:0
4.7.0-damn-ne-strict:SKT1_l3mpi:0.02
4.7.0-damn-ne-strict:enp4s0f1_rx_packets_phy:0
4.7.0-damn-ne-strict:TOTAL_l3hit:0.266666666666667
4.7.0-damn-ne-strict:Total_tx_packets_phy:2008594.33333333
4.7.0-damn-ne-strict:SKT1_l2hit:0.36
4.7.0-damn-ne-strict:SKT1_l3miss:713000000
4.7.0-damn-ne-strict:Total_rx_packets_phy:1654338.33333333
4.7.0-damn-ne-strict:SKT0_l2hit:0.28
4.7.0-damn-ne-strict:enp130s0f1_tx_packets:287847.666666667
4.7.0-damn-ne-strict:enp4s0f1_tx_packets:0
4.7.0-damn-ne-strict:enp4s0f0_tx_bytes:0
4.7.0-damn-ne-strict:cpu_3:53.2666666666667
4.7.0-damn-ne-unsafe:SKT0_l2mpi:0.0833333333333333
4.7.0-damn-ne-unsafe:cpu_8:28.03
4.7.0-damn-ne-unsafe:cpu_12:27.6866666666667
4.7.0-damn-ne-unsafe:enp4s0f1_tx_bytes_phy:0
4.7.0-damn-ne-unsafe:enp4s0f0_rx_packets_phy:0
4.7.0-damn-ne-unsafe:TOTAL_l2hit:0.31
4.7.0-damn-ne-unsafe:enp130s0f0_tx_bytes_phy:5945103709.66667
4.7.0-damn-ne-unsafe:cpu_10:41.65
4.7.0-damn-ne-unsafe:SKT1_l3hit:0.333333333333333
4.7.0-damn-ne-unsafe:cpu_18:31.8833333333333
4.7.0-damn-ne-unsafe:enp4s0f0_tx_packets:0
4.7.0-damn-ne-unsafe:cpu_15:55.0266666666667
4.7.0-damn-ne-unsafe:enp4s0f0_tx_queue_stopped:0
4.7.0-damn-ne-unsafe:cpu_21:53.09
4.7.0-damn-ne-unsafe:enp4s0f0_tx_bytes_phy:0
4.7.0-damn-ne-unsafe:Total_rx_bytes_phy:12923340120
4.7.0-damn-ne-unsafe:cpu_14:27.0333333333333
4.7.0-damn-ne-unsafe:enp130s0f1_tx_bytes:4783674200
4.7.0-damn-ne-unsafe:enp4s0f1_tx_bytes:0
4.7.0-damn-ne-unsafe:enp4s0f1_rx_bytes:0
4.7.0-damn-ne-unsafe:cpu_6:31.6066666666667
4.7.0-damn-ne-unsafe:TOTAL_l3mpi:0.03
4.7.0-damn-ne-unsafe:cpu_0:36.49
4.7.0-damn-ne-unsafe:cpu_23:56.0266666666667
4.7.0-damn-ne-unsafe:cpu_1:76.8133333333333
4.7.0-damn-ne-unsafe:Memory:61698.4933333333
4.7.0-damn-ne-unsafe:enp130s0f1_rx_packets_phy:804875.333333333
4.7.0-damn-ne-unsafe:enp4s0f1_tx_packets_phy:0
4.7.0-damn-ne-unsafe:Total_tx_bytes_phy:10731972109.3333
4.7.0-damn-ne-unsafe:SKT0_ipc:0.206666666666667
4.7.0-damn-ne-unsafe:enp130s0f0_tx_queue_stopped:0
4.7.0-damn-ne-unsafe:SKT0_l2miss:1000666666.66667
4.7.0-damn-ne-unsafe:enp130s0f0_rx_packets:651434.666666667
4.7.0-damn-ne-unsafe:cpu_13:57.97
4.7.0-damn-ne-unsafe:SKT1_l2miss:1174666666.66667
4.7.0-damn-ne-unsafe:cpu_27:62.2366666666667
4.7.0-damn-ne-unsafe:enp130s0f0_rx_packets_phy:1114438.33333333
4.7.0-damn-ne-unsafe:cpu_25:60.62
4.7.0-damn-ne-unsafe:SKT1_l2mpi:0.03
4.7.0-damn-ne-unsafe:cpu_2:33.2466666666667
4.7.0-damn-ne-unsafe:SKT0_l3miss:808666666.666667
4.7.0-damn-ne-unsafe:enp130s0f0_tx_packets:329768.333333333
4.7.0-damn-ne-unsafe:Total_tx_bytes:10705173911.6667
4.7.0-damn-ne-unsafe:cache-references:6003275557.33333
4.7.0-damn-ne-unsafe:enp4s0f0_rx_bytes:0
4.7.0-damn-ne-unsafe:enp130s0f0_rx_bytes:7907821296.33333
4.7.0-damn-ne-unsafe:Total_rx_bytes:12872444898
4.7.0-damn-ne-unsafe:TOTAL_l2miss:2175333333.33333
4.7.0-damn-ne-unsafe:LLC-load:1631338777.33333
4.7.0-damn-ne-unsafe:cpu_26:32.2666666666667
4.7.0-damn-ne-unsafe:cpu_24:29.9633333333333
4.7.0-damn-ne-unsafe:enp4s0f0_tx_packets_phy:0
4.7.0-damn-ne-unsafe:LLC-store-misses:193667004.333333
4.7.0-damn-ne-unsafe:enp130s0f1_rx_bytes:4964623601.66667
4.7.0-damn-ne-unsafe:SKT0_l3mpi:0.07
4.7.0-damn-ne-unsafe:enp130s0f1_tx_packets:290562.333333333
4.7.0-damn-ne-unsafe:Total_rx_packets_phy:1919313.66666667
4.7.0-damn-ne-unsafe:SKT0_l2hit:0.276666666666667
4.7.0-damn-ne-unsafe:SKT1_l3miss:784000000
4.7.0-damn-ne-unsafe:cpu_3:46.86
4.7.0-damn-ne-unsafe:enp4s0f0_tx_bytes:0
4.7.0-damn-ne-unsafe:enp4s0f1_tx_packets:0
4.7.0-damn-ne-unsafe:Read:36118.9266666667
4.7.0-damn-ne-unsafe:TOTAL_l2mpi:0.04
4.7.0-damn-ne-unsafe:LLC-load-misses:723957020
4.7.0-damn-ne-unsafe:cycles:160769555145
4.7.0-damn-ne-unsafe:Total_rx_packets:1291054
4.7.0-damn-ne-unsafe:TOTAL_l3miss:1593333333.33333
4.7.0-damn-ne-unsafe:cpu_7:57.4033333333333
4.7.0-damn-ne-unsafe:enp130s0f0_tx_packets_phy:1186544.33333333
4.7.0-damn-ne-unsafe:cpu_5:54.98
4.7.0-damn-ne-unsafe:cpu_4:29.3133333333333
4.7.0-damn-ne-unsafe:enp4s0f1_rx_packets_phy:0
4.7.0-damn-ne-unsafe:TOTAL_l3hit:0.266666666666667
4.7.0-damn-ne-unsafe:Total_tx_packets_phy:1930530.33333333
4.7.0-damn-ne-unsafe:SKT1_l2hit:0.336666666666667
4.7.0-damn-ne-unsafe:LLC-store:1977475522
4.7.0-damn-ne-unsafe:SKT1_ipc:0.403333333333333
4.7.0-damn-ne-unsafe:enp130s0f1_rx_packets:639619.333333333
4.7.0-damn-ne-unsafe:SKT1_l3mpi:0.02
4.7.0-damn-ne-unsafe:enp130s0f1_tx_queue_stopped:0
4.7.0-damn-ne-unsafe:Write:25579.5633333333
4.7.0-damn-ne-unsafe:enp130s0f1_tx_packets_phy:743986
4.7.0-damn-ne-unsafe:enp4s0f1_rx_bytes_phy:0
4.7.0-damn-ne-unsafe:enp4s0f1_rx_packets:0
4.7.0-damn-ne-unsafe:cpu_11:48.82
4.7.0-damn-ne-unsafe:Total_tx_packets:620330.666666667
4.7.0-damn-ne-unsafe:cpu_total:44.67
4.7.0-damn-ne-unsafe:cpu_19:56.7
4.7.0-damn-ne-unsafe:cpu_9:67.4333333333333
4.7.0-damn-ne-unsafe:Total_tx_queue_stopped:0
4.7.0-damn-ne-unsafe:enp4s0f0_rx_packets:0
4.7.0-damn-ne-unsafe:enp4s0f1_tx_queue_stopped:0
4.7.0-damn-ne-unsafe:cpu_22:28.3433333333333
4.7.0-damn-ne-unsafe:cpu_16:25.08
4.7.0-damn-ne-unsafe:enp130s0f0_rx_bytes_phy:7944024577.33333
4.7.0-damn-ne-unsafe:16384:87380
4.7.0-damn-ne-unsafe:enp4s0f0_rx_bytes_phy:0
4.7.0-damn-ne-unsafe:enp130s0f0_tx_bytes:5921499711.66667
4.7.0-damn-ne-unsafe:cpu_17:60.92
4.7.0-damn-ne-unsafe:instructions:54056074884
4.7.0-damn-ne-unsafe:cpu_20:35.54
4.7.0-damn-ne-unsafe:enp130s0f1_rx_bytes_phy:4979315542.66667
4.7.0-damn-ne-unsafe:SKT0_l3hit:0.193333333333333
4.7.0-damn-ne-unsafe:cache-misses:1579588237
4.7.0-damn-ne-unsafe:TOTAL_ipc:0.333333333333333
4.7.0-damn-ne-unsafe:enp130s0f1_tx_bytes_phy:4786868399.66667
4.7.0-damn-strict:cpu_14:28.4333333333333
4.7.0-damn-strict:enp4s0f0_tx_bytes_phy:0
4.7.0-damn-strict:Total_rx_bytes_phy:10776703070.3333
4.7.0-damn-strict:cpu_21:49.3466666666667
4.7.0-damn-strict:enp4s0f0_tx_queue_stopped:0
4.7.0-damn-strict:cpu_15:53.2666666666667
4.7.0-damn-strict:enp4s0f0_tx_packets:0
4.7.0-damn-strict:SKT1_l3hit:0.343333333333333
4.7.0-damn-strict:cpu_18:22.55
4.7.0-damn-strict:cpu_10:20.59
4.7.0-damn-strict:enp130s0f0_tx_bytes_phy:5774443270
4.7.0-damn-strict:enp4s0f0_rx_packets_phy:0
4.7.0-damn-strict:TOTAL_l2hit:0.323333333333333
4.7.0-damn-strict:enp4s0f1_tx_bytes_phy:0
4.7.0-damn-strict:cpu_12:23.8566666666667
4.7.0-damn-strict:SKT0_l2mpi:0.0833333333333333
4.7.0-damn-strict:cpu_8:28.7566666666667
4.7.0-damn-strict:SKT0_l2miss:908000000
4.7.0-damn-strict:enp130s0f0_tx_queue_stopped:0
4.7.0-damn-strict:SKT0_ipc:0.213333333333333
4.7.0-damn-strict:Total_tx_bytes_phy:10566824268
4.7.0-damn-strict:enp4s0f1_tx_packets_phy:0
4.7.0-damn-strict:enp130s0f1_rx_packets_phy:795552.333333333
4.7.0-damn-strict:Memory:57139.6
4.7.0-damn-strict:cpu_1:48.3666666666667
4.7.0-damn-strict:TOTAL_l3mpi:0.03
4.7.0-damn-strict:cpu_23:50.9833333333333
4.7.0-damn-strict:cpu_0:35.9466666666667
4.7.0-damn-strict:cpu_6:27.7766666666667
4.7.0-damn-strict:enp4s0f1_rx_bytes:0
4.7.0-damn-strict:enp130s0f1_tx_bytes:4789723386
4.7.0-damn-strict:enp4s0f1_tx_bytes:0
4.7.0-damn-strict:SKT1_l2mpi:0.03
4.7.0-damn-strict:cpu_25:48.6933333333333
4.7.0-damn-strict:enp130s0f0_rx_packets_phy:863728.666666667
4.7.0-damn-strict:cpu_27:55.8833333333333
4.7.0-damn-strict:SKT1_l2miss:1048666666.66667
4.7.0-damn-strict:cpu_13:47.3866666666667
4.7.0-damn-strict:enp130s0f0_rx_packets:538110.666666667
4.7.0-damn-strict:SKT0_l3mpi:0.07
4.7.0-damn-strict:enp130s0f1_rx_bytes:4883003674.66667
4.7.0-damn-strict:LLC-store-misses:184000167
4.7.0-damn-strict:enp4s0f0_tx_packets_phy:0
4.7.0-damn-strict:cpu_24:33.0066666666667
4.7.0-damn-strict:cpu_26:27.45
4.7.0-damn-strict:LLC-load:1458031340
4.7.0-damn-strict:TOTAL_l2miss:1957666666.66667
4.7.0-damn-strict:Total_rx_bytes:10736334082.3333
4.7.0-damn-strict:enp130s0f0_rx_bytes:5853330407.66667
4.7.0-damn-strict:enp4s0f0_rx_bytes:0
4.7.0-damn-strict:cache-references:5416049992.66667
4.7.0-damn-strict:Total_tx_bytes:10534705021.6667
4.7.0-damn-strict:enp130s0f0_tx_packets:303862
4.7.0-damn-strict:cpu_2:25.8166666666667
4.7.0-damn-strict:SKT0_l3miss:743666666.666667
4.7.0-damn-strict:enp4s0f1_tx_packets:0
4.7.0-damn-strict:enp4s0f0_tx_bytes:0
4.7.0-damn-strict:cpu_3:59.4766666666667
4.7.0-damn-strict:SKT1_l3miss:687666666.666667
4.7.0-damn-strict:SKT0_l2hit:0.28
4.7.0-damn-strict:Total_rx_packets_phy:1659281
4.7.0-damn-strict:enp130s0f1_tx_packets:279026.666666667
4.7.0-damn-strict:enp130s0f1_tx_packets_phy:738338.666666667
4.7.0-damn-strict:Write:23151.1533333333
4.7.0-damn-strict:enp130s0f1_tx_queue_stopped:0
4.7.0-damn-strict:SKT1_l3mpi:0.02
4.7.0-damn-strict:SKT1_ipc:0.426666666666667
4.7.0-damn-strict:LLC-store:1799272161
4.7.0-damn-strict:enp130s0f1_rx_packets:604916.333333333
4.7.0-damn-strict:SKT1_l2hit:0.353333333333333
4.7.0-damn-strict:Total_tx_packets_phy:1999437.66666667
4.7.0-damn-strict:enp4s0f1_rx_packets_phy:0
4.7.0-damn-strict:TOTAL_l3hit:0.266666666666667
4.7.0-damn-strict:enp130s0f0_tx_packets_phy:1261099
4.7.0-damn-strict:cpu_5:54.2466666666667
4.7.0-damn-strict:cpu_4:23.53
4.7.0-damn-strict:cpu_7:55.5566666666667
4.7.0-damn-strict:TOTAL_l3miss:1432000000
4.7.0-damn-strict:Total_rx_packets:1143027
4.7.0-damn-strict:cycles:142803224348
4.7.0-damn-strict:LLC-load-misses:628324966.333333
4.7.0-damn-strict:TOTAL_l2mpi:0.04
4.7.0-damn-strict:Read:33988.4433333333
4.7.0-damn-strict:cpu_19:43.4633333333333
4.7.0-damn-strict:cpu_total:39.3
4.7.0-damn-strict:Total_tx_packets:582888.666666667
4.7.0-damn-strict:enp4s0f1_rx_packets:0
4.7.0-damn-strict:cpu_11:46.7333333333333
4.7.0-damn-strict:enp4s0f1_rx_bytes_phy:0
4.7.0-damn-strict:TOTAL_ipc:0.346666666666667
4.7.0-damn-strict:cache-misses:1408615337.66667
4.7.0-damn-strict:enp130s0f1_tx_bytes_phy:4792380998
4.7.0-damn-strict:enp130s0f1_rx_bytes_phy:4898413626.66667
4.7.0-damn-strict:SKT0_l3hit:0.183333333333333
4.7.0-damn-strict:cpu_20:28.43
4.7.0-damn-strict:instructions:50141415464.6667
4.7.0-damn-strict:enp130s0f0_tx_bytes:5744981635.66667
4.7.0-damn-strict:cpu_17:52.6166666666667
4.7.0-damn-strict:enp130s0f0_rx_bytes_phy:5878289443.66667
4.7.0-damn-strict:16384:87380
4.7.0-damn-strict:enp4s0f0_rx_bytes_phy:0
4.7.0-damn-strict:cpu_22:26.47
4.7.0-damn-strict:cpu_16:23.53
4.7.0-damn-strict:enp4s0f0_rx_packets:0
4.7.0-damn-strict:enp4s0f1_tx_queue_stopped:0
4.7.0-damn-strict:Total_tx_queue_stopped:0
4.7.0-damn-strict:cpu_9:58.8233333333333
4.7.0-damnn-hp-strict:cpu_12:23.8566666666667
4.7.0-damnn-hp-strict:enp4s0f1_tx_bytes_phy:0
4.7.0-damnn-hp-strict:cpu_8:27.7766666666667
4.7.0-damnn-hp-strict:SKT0_l2mpi:0.0866666666666667
4.7.0-damnn-hp-strict:enp4s0f0_rx_packets_phy:0
4.7.0-damnn-hp-strict:TOTAL_l2hit:0.33
4.7.0-damnn-hp-strict:cpu_10:30.0666666666667
4.7.0-damnn-hp-strict:SKT1_l3hit:0.34
4.7.0-damnn-hp-strict:cpu_18:33.33
4.7.0-damnn-hp-strict:enp130s0f0_tx_bytes_phy:5658490707
4.7.0-damnn-hp-strict:Total_rx_bytes_phy:11011981875.3333
4.7.0-damnn-hp-strict:enp4s0f0_tx_bytes_phy:0
4.7.0-damnn-hp-strict:cpu_14:18.3033333333333
4.7.0-damnn-hp-strict:cpu_15:52.6133333333333
4.7.0-damnn-hp-strict:enp4s0f0_tx_packets:0
4.7.0-damnn-hp-strict:enp4s0f0_tx_queue_stopped:0
4.7.0-damnn-hp-strict:cpu_21:43.1366666666667
4.7.0-damnn-hp-strict:cpu_6:36.6033333333333
4.7.0-damnn-hp-strict:TOTAL_l3mpi:0.03
4.7.0-damnn-hp-strict:cpu_23:45.4233333333333
4.7.0-damnn-hp-strict:cpu_0:33.3333333333333
4.7.0-damnn-hp-strict:enp130s0f1_tx_bytes:4751205946
4.7.0-damnn-hp-strict:enp4s0f1_tx_bytes:0
4.7.0-damnn-hp-strict:enp4s0f1_rx_bytes:0
4.7.0-damnn-hp-strict:Total_tx_bytes_phy:10412738033.3333
4.7.0-damnn-hp-strict:cpu_1:52.6133333333333
4.7.0-damnn-hp-strict:Memory:56609.1166666667
4.7.0-damnn-hp-strict:enp4s0f1_tx_packets_phy:0
4.7.0-damnn-hp-strict:enp130s0f1_rx_packets_phy:799872.666666667
4.7.0-damnn-hp-strict:SKT0_l2miss:894666666.666667
4.7.0-damnn-hp-strict:SKT0_ipc:0.216666666666667
4.7.0-damnn-hp-strict:enp130s0f0_tx_queue_stopped:0
4.7.0-damnn-hp-strict:enp130s0f0_rx_packets:553941
4.7.0-damnn-hp-strict:SKT1_l2miss:1034000000
4.7.0-damnn-hp-strict:cpu_13:48.3666666666667
4.7.0-damnn-hp-strict:enp130s0f0_rx_packets_phy:895357.333333333
4.7.0-damnn-hp-strict:cpu_27:46.4033333333333
4.7.0-damnn-hp-strict:SKT1_l2mpi:0.03
4.7.0-damnn-hp-strict:cpu_25:48.04
4.7.0-damnn-hp-strict:enp130s0f0_tx_packets:310922.333333333
4.7.0-damnn-hp-strict:Total_tx_bytes:10380396201
4.7.0-damnn-hp-strict:cpu_2:28.7566666666667
4.7.0-damnn-hp-strict:SKT0_l3miss:729666666.666667
4.7.0-damnn-hp-strict:Total_rx_bytes:10969531535.3333
4.7.0-damnn-hp-strict:enp4s0f0_rx_bytes:0
4.7.0-damnn-hp-strict:cache-references:5369369836.66667
4.7.0-damnn-hp-strict:enp130s0f0_rx_bytes:6042467028.33333
4.7.0-damnn-hp-strict:LLC-load:1452428150.66667
4.7.0-damnn-hp-strict:TOTAL_l2miss:1929333333.33333
4.7.0-damnn-hp-strict:cpu_26:22.2233333333333
4.7.0-damnn-hp-strict:enp130s0f1_rx_bytes:4927064507
4.7.0-damnn-hp-strict:SKT0_l3mpi:0.0666666666666667
4.7.0-damnn-hp-strict:enp4s0f0_tx_packets_phy:0
4.7.0-damnn-hp-strict:cpu_24:30.72
4.7.0-damnn-hp-strict:LLC-store-misses:175126299.333333
4.7.0-damnn-hp-strict:Total_rx_packets_phy:1695230
4.7.0-damnn-hp-strict:SKT0_l2hit:0.286666666666667
4.7.0-damnn-hp-strict:enp130s0f1_tx_packets:278256
4.7.0-damnn-hp-strict:SKT1_l3miss:680333333.333333
4.7.0-damnn-hp-strict:cpu_3:53.5966666666667
4.7.0-damnn-hp-strict:enp4s0f0_tx_bytes:0
4.7.0-damnn-hp-strict:enp4s0f1_tx_packets:0
4.7.0-damnn-hp-strict:LLC-load-misses:639716926.333333
4.7.0-damnn-hp-strict:cycles:139680764618
4.7.0-damnn-hp-strict:Total_rx_packets:1152108.66666667
4.7.0-damnn-hp-strict:TOTAL_l2mpi:0.04
4.7.0-damnn-hp-strict:Read:33531.3233333333
4.7.0-damnn-hp-strict:cpu_7:50.98
4.7.0-damnn-hp-strict:cpu_5:45.4266666666667
4.7.0-damnn-hp-strict:enp130s0f0_tx_packets_phy:1247675.66666667
4.7.0-damnn-hp-strict:cpu_4:21.8966666666667
4.7.0-damnn-hp-strict:TOTAL_l3miss:1410333333.33333
4.7.0-damnn-hp-strict:enp130s0f1_rx_packets:598167.666666667
4.7.0-damnn-hp-strict:SKT1_ipc:0.433333333333333
4.7.0-damnn-hp-strict:LLC-store:1762157962
4.7.0-damnn-hp-strict:SKT1_l3mpi:0.02
4.7.0-damnn-hp-strict:enp130s0f1_tx_queue_stopped:0
4.7.0-damnn-hp-strict:enp4s0f1_rx_packets_phy:0
4.7.0-damnn-hp-strict:TOTAL_l3hit:0.27
4.7.0-damnn-hp-strict:Total_tx_packets_phy:1978626
4.7.0-damnn-hp-strict:SKT1_l2hit:0.363333333333333
4.7.0-damnn-hp-strict:Write:23077.7966666667
4.7.0-damnn-hp-strict:enp130s0f1_tx_packets_phy:730950.333333333
4.7.0-damnn-hp-strict:enp4s0f1_rx_packets:0
4.7.0-damnn-hp-strict:cpu_11:47.06
4.7.0-damnn-hp-strict:enp4s0f1_rx_bytes_phy:0
4.7.0-damnn-hp-strict:Total_tx_packets:589178.333333333
4.7.0-damnn-hp-strict:cpu_total:38.11
4.7.0-damnn-hp-strict:cpu_19:43.7933333333333
4.7.0-damnn-hp-strict:cpu_9:57.8433333333333
4.7.0-damnn-hp-strict:enp4s0f1_tx_queue_stopped:0
4.7.0-damnn-hp-strict:enp4s0f0_rx_packets:0
4.7.0-damnn-hp-strict:Total_tx_queue_stopped:0
4.7.0-damnn-hp-strict:enp130s0f0_rx_bytes_phy:6068529738.66667
4.7.0-damnn-hp-strict:16384:87380
4.7.0-damnn-hp-strict:enp4s0f0_rx_bytes_phy:0
4.7.0-damnn-hp-strict:enp130s0f0_tx_bytes:5629190255
4.7.0-damnn-hp-strict:cpu_17:47.3866666666667
4.7.0-damnn-hp-strict:cpu_16:27.45
4.7.0-damnn-hp-strict:cpu_22:28.4333333333333
4.7.0-damnn-hp-strict:SKT0_l3hit:0.183333333333333
4.7.0-damnn-hp-strict:enp130s0f1_rx_bytes_phy:4943452136.66667
4.7.0-damnn-hp-strict:TOTAL_ipc:0.356666666666667
4.7.0-damnn-hp-strict:enp130s0f1_tx_bytes_phy:4754247326.33333
4.7.0-damnn-hp-strict:cache-misses:1410879051
4.7.0-damnn-hp-strict:instructions:49901487063.3333
4.7.0-damnn-hp-strict:cpu_20:22.8766666666667
4.7.0-damnn-hpne-strict:enp4s0f1_rx_bytes_phy:0
4.7.0-damnn-hpne-strict:enp4s0f1_rx_packets:0
4.7.0-damnn-hpne-strict:cpu_11:58.6333333333333
4.7.0-damnn-hpne-strict:Total_tx_packets:607516.333333333
4.7.0-damnn-hpne-strict:cpu_19:44.3333333333333
4.7.0-damnn-hpne-strict:cpu_total:41.16
4.7.0-damnn-hpne-strict:cpu_9:50.1566666666667
4.7.0-damnn-hpne-strict:Total_tx_queue_stopped:0
4.7.0-damnn-hpne-strict:enp4s0f0_rx_packets:0
4.7.0-damnn-hpne-strict:enp4s0f1_tx_queue_stopped:0
4.7.0-damnn-hpne-strict:cpu_16:26.38
4.7.0-damnn-hpne-strict:cpu_22:31.92
4.7.0-damnn-hpne-strict:cpu_17:43.34
4.7.0-damnn-hpne-strict:enp130s0f0_tx_bytes:6001091869.33333
4.7.0-damnn-hpne-strict:16384:87380
4.7.0-damnn-hpne-strict:enp130s0f0_rx_bytes_phy:7410471990
4.7.0-damnn-hpne-strict:enp4s0f0_rx_bytes_phy:0
4.7.0-damnn-hpne-strict:cpu_20:26.0666666666667
4.7.0-damnn-hpne-strict:instructions:51750889228.6667
4.7.0-damnn-hpne-strict:TOTAL_ipc:0.343333333333333
4.7.0-damnn-hpne-strict:cache-misses:1501008971
4.7.0-damnn-hpne-strict:enp130s0f1_tx_bytes_phy:4786878615.66667
4.7.0-damnn-hpne-strict:SKT0_l3hit:0.19
4.7.0-damnn-hpne-strict:enp130s0f1_rx_bytes_phy:4971372479
4.7.0-damnn-hpne-strict:enp130s0f1_tx_packets:275171
4.7.0-damnn-hpne-strict:SKT0_l2hit:0.286666666666667
4.7.0-damnn-hpne-strict:Total_rx_packets_phy:1853684.66666667
4.7.0-damnn-hpne-strict:SKT1_l3miss:756333333.333333
4.7.0-damnn-hpne-strict:enp4s0f0_tx_bytes:0
4.7.0-damnn-hpne-strict:cpu_3:48.2133333333333
4.7.0-damnn-hpne-strict:enp4s0f1_tx_packets:0
4.7.0-damnn-hpne-strict:Read:34699.9533333333
4.7.0-damnn-hpne-strict:TOTAL_l2mpi:0.04
4.7.0-damnn-hpne-strict:Total_rx_packets:1239915
4.7.0-damnn-hpne-strict:cycles:149130606777.667
4.7.0-damnn-hpne-strict:LLC-load-misses:686822180
4.7.0-damnn-hpne-strict:TOTAL_l3miss:1490666666.66667
4.7.0-damnn-hpne-strict:enp130s0f0_tx_packets_phy:1229173
4.7.0-damnn-hpne-strict:cpu_4:29.9766666666667
4.7.0-damnn-hpne-strict:cpu_5:61.5566666666667
4.7.0-damnn-hpne-strict:cpu_7:68.1033333333333
4.7.0-damnn-hpne-strict:Total_tx_packets_phy:1957424.33333333
4.7.0-damnn-hpne-strict:SKT1_l2hit:0.356666666666667
4.7.0-damnn-hpne-strict:TOTAL_l3hit:0.273333333333333
4.7.0-damnn-hpne-strict:enp4s0f1_rx_packets_phy:0
4.7.0-damnn-hpne-strict:enp130s0f1_tx_queue_stopped:0
4.7.0-damnn-hpne-strict:SKT1_l3mpi:0.02
4.7.0-damnn-hpne-strict:LLC-store:1880108762.66667
4.7.0-damnn-hpne-strict:SKT1_ipc:0.406666666666667
4.7.0-damnn-hpne-strict:enp130s0f1_rx_packets:597152.333333333
4.7.0-damnn-hpne-strict:enp130s0f1_tx_packets_phy:728251.333333333
4.7.0-damnn-hpne-strict:Write:24762.1666666667
4.7.0-damnn-hpne-strict:cpu_13:59.5666666666667
4.7.0-damnn-hpne-strict:SKT1_l2miss:1138000000
4.7.0-damnn-hpne-strict:enp130s0f0_rx_packets:642762.666666667
4.7.0-damnn-hpne-strict:cpu_27:47.5533333333333
4.7.0-damnn-hpne-strict:enp130s0f0_rx_packets_phy:1049672
4.7.0-damnn-hpne-strict:cpu_25:46.91
4.7.0-damnn-hpne-strict:SKT1_l2mpi:0.03
4.7.0-damnn-hpne-strict:cpu_2:39.0633333333333
4.7.0-damnn-hpne-strict:SKT0_l3miss:733666666.666667
4.7.0-damnn-hpne-strict:Total_tx_bytes:10784555079.6667
4.7.0-damnn-hpne-strict:enp130s0f0_tx_packets:332345.333333333
4.7.0-damnn-hpne-strict:enp130s0f0_rx_bytes:7377776516.33333
4.7.0-damnn-hpne-strict:enp4s0f0_rx_bytes:0
4.7.0-damnn-hpne-strict:cache-references:5758896429
4.7.0-damnn-hpne-strict:Total_rx_bytes:12331428427.3333
4.7.0-damnn-hpne-strict:cpu_26:32.5733333333333
4.7.0-damnn-hpne-strict:TOTAL_l2miss:2043666666.66667
4.7.0-damnn-hpne-strict:LLC-load:1541829970.66667
4.7.0-damnn-hpne-strict:LLC-store-misses:180153513.333333
4.7.0-damnn-hpne-strict:enp4s0f0_tx_packets_phy:0
4.7.0-damnn-hpne-strict:cpu_24:32.2366666666667
4.7.0-damnn-hpne-strict:SKT0_l3mpi:0.07
4.7.0-damnn-hpne-strict:enp130s0f1_rx_bytes:4953651911
4.7.0-damnn-hpne-strict:SKT0_l2mpi:0.0833333333333333
4.7.0-damnn-hpne-strict:cpu_8:28.35
4.7.0-damnn-hpne-strict:enp4s0f1_tx_bytes_phy:0
4.7.0-damnn-hpne-strict:cpu_12:32.6
4.7.0-damnn-hpne-strict:TOTAL_l2hit:0.326666666666667
4.7.0-damnn-hpne-strict:enp4s0f0_rx_packets_phy:0
4.7.0-damnn-hpne-strict:enp130s0f0_tx_bytes_phy:6027051252.33333
4.7.0-damnn-hpne-strict:cpu_18:29.61
4.7.0-damnn-hpne-strict:SKT1_l3hit:0.333333333333333
4.7.0-damnn-hpne-strict:cpu_10:22.4666666666667
4.7.0-damnn-hpne-strict:cpu_21:44.2866666666667
4.7.0-damnn-hpne-strict:enp4s0f0_tx_queue_stopped:0
4.7.0-damnn-hpne-strict:cpu_15:53.7633333333333
4.7.0-damnn-hpne-strict:enp4s0f0_tx_packets:0
4.7.0-damnn-hpne-strict:cpu_14:28.0133333333333
4.7.0-damnn-hpne-strict:Total_rx_bytes_phy:12381844469
4.7.0-damnn-hpne-strict:enp4s0f0_tx_bytes_phy:0
4.7.0-damnn-hpne-strict:enp4s0f1_tx_bytes:0
4.7.0-damnn-hpne-strict:enp130s0f1_tx_bytes:4783463210.33333
4.7.0-damnn-hpne-strict:enp4s0f1_rx_bytes:0
4.7.0-damnn-hpne-strict:TOTAL_l3mpi:0.03
4.7.0-damnn-hpne-strict:cpu_0:24.0966666666667
4.7.0-damnn-hpne-strict:cpu_23:48.5333333333333
4.7.0-damnn-hpne-strict:cpu_6:23.43
4.7.0-damnn-hpne-strict:enp130s0f1_rx_packets_phy:804012.666666667
4.7.0-damnn-hpne-strict:enp4s0f1_tx_packets_phy:0
4.7.0-damnn-hpne-strict:cpu_1:71.7033333333333
4.7.0-damnn-hpne-strict:Memory:59462.1166666667
4.7.0-damnn-hpne-strict:Total_tx_bytes_phy:10813929868
4.7.0-damnn-hpne-strict:enp130s0f0_tx_queue_stopped:0
4.7.0-damnn-hpne-strict:SKT0_ipc:0.213333333333333
4.7.0-damnn-hpne-strict:SKT0_l2miss:905333333.333333
4.7.0-defer:TOTAL_ipc:0.43
4.7.0-defer:enp130s0f1_tx_bytes_phy:4793316232.33333
4.7.0-defer:cache-misses:1571791811.66667
4.7.0-defer:enp130s0f1_rx_bytes_phy:4954967735
4.7.0-defer:SKT0_l3hit:0.12
4.7.0-defer:cpu_20:28.8033333333333
4.7.0-defer:instructions:67163235896.6667
4.7.0-defer:cpu_17:69.58
4.7.0-defer:enp130s0f0_tx_bytes:6067719659
4.7.0-defer:enp4s0f0_rx_bytes_phy:0
4.7.0-defer:16384:87380
4.7.0-defer:enp130s0f0_rx_bytes_phy:6297766684.66667
4.7.0-defer:cpu_22:22.6566666666667
4.7.0-defer:cpu_16:21.0366666666667
4.7.0-defer:enp4s0f0_rx_packets:0
4.7.0-defer:enp4s0f1_tx_queue_stopped:0
4.7.0-defer:Total_tx_queue_stopped:0
4.7.0-defer:cpu_9:57.93
4.7.0-defer:cpu_total:44.1966666666667
4.7.0-defer:cpu_19:64.08
4.7.0-defer:Total_tx_packets:602202
4.7.0-defer:enp4s0f1_rx_packets:0
4.7.0-defer:cpu_11:62.1366666666667
4.7.0-defer:enp4s0f1_rx_bytes_phy:0
4.7.0-defer:enp130s0f1_tx_packets_phy:719724.333333333
4.7.0-defer:Write:24337.4166666667
4.7.0-defer:SKT1_l3mpi:0.01
4.7.0-defer:enp130s0f1_tx_queue_stopped:0
4.7.0-defer:LLC-store:1853492664.33333
4.7.0-defer:SKT1_ipc:0.52
4.7.0-defer:enp130s0f1_rx_packets:567069.666666667
4.7.0-defer:Total_tx_packets_phy:2020616.66666667
4.7.0-defer:SKT1_l2hit:0.33
4.7.0-defer:enp4s0f1_rx_packets_phy:0
4.7.0-defer:TOTAL_l3hit:0.216666666666667
4.7.0-defer:enp130s0f0_tx_packets_phy:1300892.33333333
4.7.0-defer:cpu_4:26.5333333333333
4.7.0-defer:cpu_5:54.3666666666667
4.7.0-defer:cpu_7:55.6633333333333
4.7.0-defer:TOTAL_l3miss:1576333333.33333
4.7.0-defer:Total_rx_packets:1152943
4.7.0-defer:cycles:157745340632.333
4.7.0-defer:LLC-load-misses:721681989.666667
4.7.0-defer:TOTAL_l2mpi:0.03
4.7.0-defer:Read:36647.65
4.7.0-defer:enp4s0f1_tx_packets:0
4.7.0-defer:cpu_3:58.5733333333333
4.7.0-defer:enp4s0f0_tx_bytes:0
4.7.0-defer:SKT1_l3miss:780000000
4.7.0-defer:SKT0_l2hit:0.256666666666667
4.7.0-defer:Total_rx_packets_phy:1719056
4.7.0-defer:enp130s0f1_tx_packets:264792.666666667
4.7.0-defer:SKT0_l3mpi:0.07
4.7.0-defer:enp130s0f1_rx_bytes:4937783975.66667
4.7.0-defer:LLC-store-misses:180050669.333333
4.7.0-defer:cpu_24:29.1266666666667
4.7.0-defer:enp4s0f0_tx_packets_phy:0
4.7.0-defer:cpu_26:25.57
4.7.0-defer:LLC-load:1597512265
4.7.0-defer:TOTAL_l2miss:2013333333.33333
4.7.0-defer:Total_rx_bytes:11210395163.6667
4.7.0-defer:enp130s0f0_rx_bytes:6272611188
4.7.0-defer:cache-references:5717353306.66667
4.7.0-defer:enp4s0f0_rx_bytes:0
4.7.0-defer:Total_tx_bytes:10858839357.6667
4.7.0-defer:enp130s0f0_tx_packets:337409.333333333
4.7.0-defer:cpu_2:27.8333333333333
4.7.0-defer:SKT0_l3miss:795666666.666667
4.7.0-defer:SKT1_l2mpi:0.02
4.7.0-defer:cpu_25:58.5766666666667
4.7.0-defer:enp130s0f0_rx_packets_phy:928334
4.7.0-defer:cpu_27:68.2866666666667
4.7.0-defer:SKT1_l2miss:1107666666.66667
4.7.0-defer:cpu_13:53.3966666666667
4.7.0-defer:enp130s0f0_rx_packets:585873.333333333
4.7.0-defer:SKT0_l2miss:905333333.333333
4.7.0-defer:enp130s0f0_tx_queue_stopped:0
4.7.0-defer:SKT0_ipc:0.24
4.7.0-defer:Total_tx_bytes_phy:10888542463.3333
4.7.0-defer:enp130s0f1_rx_packets_phy:790722
4.7.0-defer:enp4s0f1_tx_packets_phy:0
4.7.0-defer:cpu_1:55.6666666666667
4.7.0-defer:Memory:60985.0666666667
4.7.0-defer:TOTAL_l3mpi:0.02
4.7.0-defer:cpu_0:34.95
4.7.0-defer:cpu_23:57.6066666666667
4.7.0-defer:cpu_6:35.92
4.7.0-defer:enp4s0f1_tx_bytes:0
4.7.0-defer:enp4s0f1_rx_bytes:0
4.7.0-defer:enp130s0f1_tx_bytes:4791119698.66667
4.7.0-defer:cpu_14:30.0966666666667
4.7.0-defer:Total_rx_bytes_phy:11252734419.6667
4.7.0-defer:enp4s0f0_tx_bytes_phy:0
4.7.0-defer:cpu_21:49.5133333333333
4.7.0-defer:enp4s0f0_tx_queue_stopped:0
4.7.0-defer:enp4s0f0_tx_packets:0
4.7.0-defer:cpu_15:61.8133333333333
4.7.0-defer:cpu_18:32.6866666666667
4.7.0-defer:SKT1_l3hit:0.293333333333333
4.7.0-defer:cpu_10:32.6866666666667
4.7.0-defer:enp130s0f0_tx_bytes_phy:6095226231
4.7.0-defer:TOTAL_l2hit:0.3
4.7.0-defer:enp4s0f0_rx_packets_phy:0
4.7.0-defer:enp4s0f1_tx_bytes_phy:0
4.7.0-defer:cpu_12:29.7733333333333
4.7.0-defer:cpu_8:30.42
4.7.0-defer:SKT0_l2mpi:0.0766666666666667
4.7.0-strict:cpu_6:34.1266666666667
4.7.0-strict:TOTAL_l3mpi:0.03
4.7.0-strict:cpu_0:33.43
4.7.0-strict:cpu_23:51.67
4.7.0-strict:enp4s0f1_rx_bytes:0
4.7.0-strict:enp4s0f1_tx_bytes:0
4.7.0-strict:enp130s0f1_tx_bytes:4857756453
4.7.0-strict:Total_tx_bytes_phy:11423309907
4.7.0-strict:cpu_1:69.8
4.7.0-strict:Memory:64482.42
4.7.0-strict:enp4s0f1_tx_packets_phy:0
4.7.0-strict:enp130s0f1_rx_packets_phy:805628.333333333
4.7.0-strict:SKT0_l2miss:932000000
4.7.0-strict:SKT0_ipc:0.216666666666667
4.7.0-strict:enp130s0f0_tx_queue_stopped:0
4.7.0-strict:enp4s0f1_tx_bytes_phy:0
4.7.0-strict:cpu_12:30.1666666666667
4.7.0-strict:cpu_8:30.1666666666667
4.7.0-strict:SKT0_l2mpi:0.0833333333333333
4.7.0-strict:enp4s0f0_rx_packets_phy:0
4.7.0-strict:TOTAL_l2hit:0.29
4.7.0-strict:cpu_10:23.0366666666667
4.7.0-strict:SKT1_l3hit:0.283333333333333
4.7.0-strict:cpu_18:34.4033333333333
4.7.0-strict:enp130s0f0_tx_bytes_phy:6563417837.33333
4.7.0-strict:Total_rx_bytes_phy:13017782609
4.7.0-strict:enp4s0f0_tx_bytes_phy:0
4.7.0-strict:cpu_14:28.2366666666667
4.7.0-strict:enp4s0f0_tx_packets:0
4.7.0-strict:cpu_15:61.06
4.7.0-strict:cpu_21:48.0133333333333
4.7.0-strict:enp4s0f0_tx_queue_stopped:0
4.7.0-strict:enp130s0f0_tx_packets:360687.666666667
4.7.0-strict:Total_tx_bytes:11398746995
4.7.0-strict:cpu_2:23.3833333333333
4.7.0-strict:SKT0_l3miss:819333333.333333
4.7.0-strict:Total_rx_bytes:12967642372
4.7.0-strict:cache-references:6100158611.66667
4.7.0-strict:enp4s0f0_rx_bytes:0
4.7.0-strict:enp130s0f0_rx_bytes:7998858713.33333
4.7.0-strict:LLC-load:1660756623
4.7.0-strict:TOTAL_l2miss:2062333333.33333
4.7.0-strict:cpu_26:26.9533333333333
4.7.0-strict:enp130s0f1_rx_bytes:4968783658.66667
4.7.0-strict:SKT0_l3mpi:0.0733333333333333
4.7.0-strict:cpu_24:29.5466666666667
4.7.0-strict:enp4s0f0_tx_packets_phy:0
4.7.0-strict:LLC-store-misses:185600358.666667
4.7.0-strict:enp130s0f0_rx_packets:690556.333333333
4.7.0-strict:cpu_13:63.0033333333333
4.7.0-strict:SKT1_l2miss:1130333333.33333
4.7.0-strict:enp130s0f0_rx_packets_phy:1157943.66666667
4.7.0-strict:cpu_27:52.6433333333333
4.7.0-strict:SKT1_l2mpi:0.0266666666666667
4.7.0-strict:cpu_25:45.7766666666667
4.7.0-strict:cycles:151819077955
4.7.0-strict:LLC-load-misses:750984270.666667
4.7.0-strict:Total_rx_packets:1308001.33333333
4.7.0-strict:TOTAL_l2mpi:0.04
4.7.0-strict:Read:38026.28
4.7.0-strict:cpu_7:56.48
4.7.0-strict:enp130s0f0_tx_packets_phy:1266127.33333333
4.7.0-strict:cpu_5:60.0333333333333
4.7.0-strict:cpu_4:30.23
4.7.0-strict:TOTAL_l3miss:1632000000
4.7.0-strict:LLC-store:2007799045.66667
4.7.0-strict:SKT1_ipc:0.436666666666667
4.7.0-strict:enp130s0f1_rx_packets:617445
4.7.0-strict:SKT1_l3mpi:0.02
4.7.0-strict:enp130s0f1_tx_queue_stopped:0
4.7.0-strict:TOTAL_l3hit:0.206666666666667
4.7.0-strict:enp4s0f1_rx_packets_phy:0
4.7.0-strict:Total_tx_packets_phy:2000403.33333333
4.7.0-strict:SKT1_l2hit:0.326666666666667
4.7.0-strict:Write:26456.1333333333
4.7.0-strict:enp130s0f1_tx_packets_phy:734276
4.7.0-strict:Total_rx_packets_phy:1963572
4.7.0-strict:SKT0_l2hit:0.246666666666667
4.7.0-strict:enp130s0f1_tx_packets:274495
4.7.0-strict:SKT1_l3miss:812333333.333333
4.7.0-strict:enp4s0f0_tx_bytes:0
4.7.0-strict:cpu_3:43.1333333333333
4.7.0-strict:enp4s0f1_tx_packets:0
4.7.0-strict:cpu_9:63.0166666666667
4.7.0-strict:enp4s0f1_tx_queue_stopped:0
4.7.0-strict:enp4s0f0_rx_packets:0
4.7.0-strict:Total_tx_queue_stopped:0
4.7.0-strict:enp4s0f0_rx_bytes_phy:0
4.7.0-strict:16384:87380
4.7.0-strict:enp130s0f0_rx_bytes_phy:8034205898.33333
4.7.0-strict:enp130s0f0_tx_bytes:6540990542
4.7.0-strict:cpu_17:52.3066666666667
4.7.0-strict:cpu_22:33.1166666666667
4.7.0-strict:cpu_16:23.37
4.7.0-strict:SKT0_l3hit:0.12
4.7.0-strict:enp130s0f1_rx_bytes_phy:4983576710.66667
4.7.0-strict:cache-misses:1621883999.33333
4.7.0-strict:TOTAL_ipc:0.363333333333333
4.7.0-strict:enp130s0f1_tx_bytes_phy:4859892069.66667
4.7.0-strict:instructions:55506654528.3333
4.7.0-strict:cpu_20:24.6833333333333
4.7.0-strict:enp4s0f1_rx_bytes_phy:0
4.7.0-strict:enp4s0f1_rx_packets:0
4.7.0-strict:cpu_11:53.5433333333333
4.7.0-strict:Total_tx_packets:635182.666666667
4.7.0-strict:cpu_19:54.8833333333333
4.7.0-strict:cpu_total:42.08
4.7.0-unsafe:SKT0_l2miss:950000000
4.7.0-unsafe:SKT0_ipc:0.226666666666667
4.7.0-unsafe:enp130s0f0_tx_queue_stopped:0
4.7.0-unsafe:Total_tx_bytes_phy:11231342412.3333
4.7.0-unsafe:Memory:64390.92
4.7.0-unsafe:cpu_1:58.1666666666667
4.7.0-unsafe:enp130s0f1_rx_packets_phy:793578.333333333
4.7.0-unsafe:enp4s0f1_tx_packets_phy:0
4.7.0-unsafe:cpu_6:33.3333333333333
4.7.0-unsafe:TOTAL_l3mpi:0.03
4.7.0-unsafe:cpu_23:56.2066666666667
4.7.0-unsafe:cpu_0:32.0266666666667
4.7.0-unsafe:enp130s0f1_tx_bytes:4836837471.66667
4.7.0-unsafe:enp4s0f1_tx_bytes:0
4.7.0-unsafe:enp4s0f1_rx_bytes:0
4.7.0-unsafe:Total_rx_bytes_phy:13010861850.3333
4.7.0-unsafe:enp4s0f0_tx_bytes_phy:0
4.7.0-unsafe:cpu_14:30.72
4.7.0-unsafe:enp4s0f0_tx_packets:0
4.7.0-unsafe:cpu_15:55.8833333333333
4.7.0-unsafe:cpu_21:55.23
4.7.0-unsafe:enp4s0f0_tx_queue_stopped:0
4.7.0-unsafe:cpu_10:29.7366666666667
4.7.0-unsafe:SKT1_l3hit:0.276666666666667
4.7.0-unsafe:cpu_18:31.37
4.7.0-unsafe:enp130s0f0_tx_bytes_phy:6391590075.66667
4.7.0-unsafe:enp4s0f0_rx_packets_phy:0
4.7.0-unsafe:TOTAL_l2hit:0.286666666666667
4.7.0-unsafe:cpu_12:43.79
4.7.0-unsafe:enp4s0f1_tx_bytes_phy:0
4.7.0-unsafe:SKT0_l2mpi:0.0766666666666667
4.7.0-unsafe:cpu_8:33.9866666666667
4.7.0-unsafe:enp130s0f1_rx_bytes:4963830597.66667
4.7.0-unsafe:SKT0_l3mpi:0.0666666666666667
4.7.0-unsafe:enp4s0f0_tx_packets_phy:0
4.7.0-unsafe:cpu_24:28.43
4.7.0-unsafe:LLC-store-misses:184778319.666667
4.7.0-unsafe:TOTAL_l2miss:2085000000
4.7.0-unsafe:LLC-load:1682432449.33333
4.7.0-unsafe:cpu_26:31.0433333333333
4.7.0-unsafe:Total_rx_bytes:12960299318.3333
4.7.0-unsafe:enp4s0f0_rx_bytes:0
4.7.0-unsafe:cache-references:6048157628.66667
4.7.0-unsafe:enp130s0f0_rx_bytes:7996468720.66667
4.7.0-unsafe:enp130s0f0_tx_packets:380608
4.7.0-unsafe:Total_tx_bytes:11206327609.3333
4.7.0-unsafe:SKT0_l3miss:836666666.666667
4.7.0-unsafe:cpu_2:31.0466666666667
4.7.0-unsafe:SKT1_l2mpi:0.03
4.7.0-unsafe:cpu_25:55.2266666666667
4.7.0-unsafe:enp130s0f0_rx_packets_phy:1147269.66666667
4.7.0-unsafe:cpu_27:63.4
4.7.0-unsafe:enp130s0f0_rx_packets:721507.333333333
4.7.0-unsafe:cpu_13:44.77
4.7.0-unsafe:SKT1_l2miss:1134333333.33333
4.7.0-unsafe:Write:26284.37
4.7.0-unsafe:enp130s0f1_tx_packets_phy:732999.666666667
4.7.0-unsafe:SKT1_ipc:0.396666666666667
4.7.0-unsafe:LLC-store:1986161925
4.7.0-unsafe:enp130s0f1_rx_packets:574221.666666667
4.7.0-unsafe:SKT1_l3mpi:0.02
4.7.0-unsafe:enp130s0f1_tx_queue_stopped:0
4.7.0-unsafe:TOTAL_l3hit:0.203333333333333
4.7.0-unsafe:enp4s0f1_rx_packets_phy:0
4.7.0-unsafe:SKT1_l2hit:0.316666666666667
4.7.0-unsafe:Total_tx_packets_phy:2003410
4.7.0-unsafe:cpu_7:53.27
4.7.0-unsafe:enp130s0f0_tx_packets_phy:1270410.33333333
4.7.0-unsafe:cpu_4:27.1266666666667
4.7.0-unsafe:cpu_5:50.98
4.7.0-unsafe:TOTAL_l3miss:1658666666.66667
4.7.0-unsafe:LLC-load-misses:773650486
4.7.0-unsafe:cycles:155350002210
4.7.0-unsafe:Total_rx_packets:1295729
4.7.0-unsafe:TOTAL_l2mpi:0.04
4.7.0-unsafe:Read:38106.5466666667
4.7.0-unsafe:enp4s0f1_tx_packets:0
4.7.0-unsafe:cpu_3:56.8633333333333
4.7.0-unsafe:enp4s0f0_tx_bytes:0
4.7.0-unsafe:SKT1_l3miss:821666666.666667
4.7.0-unsafe:Total_rx_packets_phy:1940848
4.7.0-unsafe:SKT0_l2hit:0.246666666666667
4.7.0-unsafe:enp130s0f1_tx_packets:275318.666666667
4.7.0-unsafe:enp130s0f1_rx_bytes_phy:4981406793
4.7.0-unsafe:SKT0_l3hit:0.12
4.7.0-unsafe:cache-misses:1655147869.33333
4.7.0-unsafe:TOTAL_ipc:0.34
4.7.0-unsafe:enp130s0f1_tx_bytes_phy:4839752336.66667
4.7.0-unsafe:instructions:52413214631.6667
4.7.0-unsafe:cpu_20:31.7
4.7.0-unsafe:enp130s0f0_rx_bytes_phy:8029455057.33333
4.7.0-unsafe:16384:87380
4.7.0-unsafe:enp4s0f0_rx_bytes_phy:0
4.7.0-unsafe:cpu_17:50.3266666666667
4.7.0-unsafe:enp130s0f0_tx_bytes:6369490137.66667
4.7.0-unsafe:cpu_22:26.47
4.7.0-unsafe:cpu_16:24.51
4.7.0-unsafe:enp4s0f1_tx_queue_stopped:0
4.7.0-unsafe:enp4s0f0_rx_packets:0
4.7.0-unsafe:Total_tx_queue_stopped:0
4.7.0-unsafe:cpu_9:56.21
4.7.0-unsafe:cpu_total:42.7666666666667
4.7.0-unsafe:cpu_19:53.92
4.7.0-unsafe:Total_tx_packets:655926.666666667
4.7.0-unsafe:enp4s0f1_rx_packets:0
4.7.0-unsafe:enp4s0f1_rx_bytes_phy:0
4.7.0-unsafe:cpu_11:51.96
