4.7.0-copy-plus-strict:enp4s0f0_rx_packets:0
4.7.0-copy-plus-strict:enp4s0f0_tx_bytes_phy:0
4.7.0-copy-plus-strict:enp130s0f1_tx_packets_phy:0
4.7.0-copy-plus-strict:enp130s0f1_rx_packets_phy:0
4.7.0-copy-plus-strict:enp130s0f0_tx_bytes:5268656270.6
4.7.0-copy-plus-strict:enp4s0f1_tx_queue_stopped:0
4.7.0-copy-plus-strict:enp4s0f1_tx_packets_phy:0
4.7.0-copy-plus-strict:enp4s0f1_tx_packets:0
4.7.0-copy-plus-strict:cpu_18:0
4.7.0-copy-plus-strict:enp130s0f1_rx_bytes:0
4.7.0-copy-plus-strict:enp4s0f1_rx_bytes_phy:0
4.7.0-copy-plus-strict:enp130s0f1_tx_bytes_phy:0
4.7.0-copy-plus-strict:cpu_6:0
4.7.0-copy-plus-strict:cpu_0:0
4.7.0-copy-plus-strict:enp130s0f0_tx_packets_phy:586125.4
4.7.0-copy-plus-strict:enp130s0f1_rx_packets:0
4.7.0-copy-plus-strict:enp4s0f0_tx_queue_stopped:0
4.7.0-copy-plus-strict:enp130s0f0_rx_bytes:1616345.6
4.7.0-copy-plus-strict:Total_rx_packets:24131
4.7.0-copy-plus-strict:SKT0_l2hit:0.72
4.7.0-copy-plus-strict:cpu_13:0
4.7.0-copy-plus-strict:enp130s0f1_rx_bytes_phy:0
4.7.0-copy-plus-strict:TOTAL_l2miss:169200000
4.7.0-copy-plus-strict:enp4s0f0_tx_bytes:0
4.7.0-copy-plus-strict:TOTAL_ipc:0.308
4.7.0-copy-plus-strict:enp4s0f0_rx_bytes:0
4.7.0-copy-plus-strict:SKT1_l3miss:152200
4.7.0-copy-plus-strict:enp4s0f0_rx_packets_phy:0
4.7.0-copy-plus-strict:cpu_22:0
4.7.0-copy-plus-strict:Total_tx_packets_phy:586125.4
4.7.0-copy-plus-strict:TOTAL_l3miss:4918800
4.7.0-copy-plus-strict:cpu_19:0
4.7.0-copy-plus-strict:Total_tx_bytes:5268656270.6
4.7.0-copy-plus-strict:enp130s0f0_rx_packets_phy:24134.8
4.7.0-copy-plus-strict:enp130s0f0_tx_bytes_phy:5271464320.2
4.7.0-copy-plus-strict:cpu_7:0.196
4.7.0-copy-plus-strict:cpu_total:3.144
4.7.0-copy-plus-strict:cpu_23:0
4.7.0-copy-plus-strict:SKT1_ipc:0.324
4.7.0-copy-plus-strict:SKT0_l3hit:0.97
4.7.0-copy-plus-strict:cpu_26:0
4.7.0-copy-plus-strict:SKT0_ipc:0.308
4.7.0-copy-plus-strict:enp4s0f0_rx_bytes_phy:0
4.7.0-copy-plus-strict:cpu_5:0.392
4.7.0-copy-plus-strict:cpu_16:0
4.7.0-copy-plus-strict:cpu_17:0.196
4.7.0-copy-plus-strict:cpu_9:0
4.7.0-copy-plus-strict:Total_tx_bytes_phy:5271464320.2
4.7.0-copy-plus-strict:cpu_4:0
4.7.0-copy-plus-strict:SKT1_l2mpi:0.01
4.7.0-copy-plus-strict:cpu_8:0
4.7.0-copy-plus-strict:cpu_10:0
4.7.0-copy-plus-strict:SKT1_l3mpi:0
4.7.0-copy-plus-strict:Total_rx_bytes_phy:1713146
4.7.0-copy-plus-strict:enp4s0f0_tx_packets_phy:0
4.7.0-copy-plus-strict:SKT0_l2miss:168200000
4.7.0-copy-plus-strict:SKT0_l3miss:4765800
4.7.0-copy-plus-strict:enp130s0f1_tx_bytes:0
4.7.0-copy-plus-strict:Total_rx_bytes:1616345.6
4.7.0-copy-plus-strict:enp4s0f1_rx_packets_phy:0
4.7.0-copy-plus-strict:cpu_21:0
4.7.0-copy-plus-strict:enp130s0f0_rx_packets:24131
4.7.0-copy-plus-strict:Memory:5271.114
4.7.0-copy-plus-strict:enp4s0f1_tx_bytes:0
4.7.0-copy-plus-strict:SKT1_l2hit:0.268
4.7.0-copy-plus-strict:TOTAL_l2hit:0.72
4.7.0-copy-plus-strict:cpu_25:0
4.7.0-copy-plus-strict:cpu_27:0
4.7.0-copy-plus-strict:cpu_15:0
4.7.0-copy-plus-strict:Read:5208.08
4.7.0-copy-plus-strict:SKT1_l2miss:540600
4.7.0-copy-plus-strict:enp4s0f1_rx_bytes:0
4.7.0-copy-plus-strict:SKT1_l3hit:0.718
4.7.0-copy-plus-strict:Total_rx_packets_phy:24134.8
4.7.0-copy-plus-strict:cpu_14:0
4.7.0-copy-plus-strict:enp4s0f1_rx_packets:0
4.7.0-copy-plus-strict:cpu_24:0
4.7.0-copy-plus-strict:cpu_3:0
4.7.0-copy-plus-strict:Total_tx_packets:85268.6
4.7.0-copy-plus-strict:cpu_2:100
4.7.0-copy-plus-strict:SKT0_l2mpi:0.03
4.7.0-copy-plus-strict:enp4s0f1_tx_bytes_phy:0
4.7.0-copy-plus-strict:enp130s0f0_tx_queue_stopped:0
4.7.0-copy-plus-strict:TOTAL_l3mpi:0
4.7.0-copy-plus-strict:enp130s0f1_tx_packets:0
4.7.0-copy-plus-strict:enp130s0f0_rx_bytes_phy:1713146
4.7.0-copy-plus-strict:enp130s0f1_tx_queue_stopped:0
4.7.0-copy-plus-strict:enp130s0f0_tx_packets:85268.6
4.7.0-copy-plus-strict:TOTAL_l2mpi:0.03
4.7.0-copy-plus-strict:SKT0_l3mpi:0
4.7.0-copy-plus-strict:cpu_1:0
4.7.0-copy-plus-strict:TOTAL_l3hit:0.97
4.7.0-copy-plus-strict:16384:87380
4.7.0-copy-plus-strict:cpu_20:0
4.7.0-copy-plus-strict:Total_tx_queue_stopped:0
4.7.0-copy-plus-strict:enp4s0f0_tx_packets:0
4.7.0-copy-plus-strict:Write:63.032
4.7.0-copy-plus-strict:cpu_12:0
4.7.0-copy-plus-strict:cpu_11:0
4.7.0-damn-strict:cpu_2:100
4.7.0-damn-strict:SKT0_l2mpi:0.022
4.7.0-damn-strict:enp4s0f1_tx_bytes_phy:0
4.7.0-damn-strict:TOTAL_l3mpi:0.002
4.7.0-damn-strict:enp130s0f1_tx_packets:0
4.7.0-damn-strict:enp130s0f0_tx_queue_stopped:0
4.7.0-damn-strict:enp130s0f0_rx_bytes_phy:2380978.6
4.7.0-damn-strict:cpu_14:0
4.7.0-damn-strict:Total_rx_packets_phy:32978.2
4.7.0-damn-strict:Total_tx_packets:129259
4.7.0-damn-strict:cpu_24:0
4.7.0-damn-strict:enp4s0f1_rx_packets:0
4.7.0-damn-strict:cpu_3:0
4.7.0-damn-strict:Read:8240.732
4.7.0-damn-strict:cpu_15:0
4.7.0-damn-strict:enp4s0f1_rx_bytes:0
4.7.0-damn-strict:SKT1_l3hit:0.728
4.7.0-damn-strict:SKT1_l2miss:582400
4.7.0-damn-strict:cpu_25:0
4.7.0-damn-strict:cpu_27:0.196
4.7.0-damn-strict:cpu_11:0
4.7.0-damn-strict:enp4s0f0_tx_packets:0
4.7.0-damn-strict:cpu_12:0
4.7.0-damn-strict:Write:797.124
4.7.0-damn-strict:TOTAL_l3hit:0.81
4.7.0-damn-strict:cpu_20:0
4.7.0-damn-strict:16384:87380
4.7.0-damn-strict:SKT0_l3mpi:0.002
4.7.0-damn-strict:TOTAL_l2mpi:0.02
4.7.0-damn-strict:enp130s0f0_tx_packets:129259
4.7.0-damn-strict:cpu_1:0
4.7.0-damn-strict:Total_tx_queue_stopped:0
4.7.0-damn-strict:enp130s0f1_tx_queue_stopped:0
4.7.0-damn-strict:cpu_8:0
4.7.0-damn-strict:SKT1_l2mpi:0.01
4.7.0-damn-strict:cpu_4:0
4.7.0-damn-strict:Total_tx_bytes_phy:8133971563.6
4.7.0-damn-strict:Total_rx_bytes_phy:2380978.6
4.7.0-damn-strict:cpu_10:0
4.7.0-damn-strict:SKT1_l3mpi:0
4.7.0-damn-strict:cpu_17:0
4.7.0-damn-strict:cpu_9:0.588
4.7.0-damn-strict:enp4s0f0_rx_bytes_phy:0
4.7.0-damn-strict:cpu_16:0
4.7.0-damn-strict:cpu_5:0
4.7.0-damn-strict:cpu_23:0
4.7.0-damn-strict:cpu_total:3.136
4.7.0-damn-strict:SKT0_ipc:0.318
4.7.0-damn-strict:SKT0_l3hit:0.81
4.7.0-damn-strict:SKT1_ipc:0.368
4.7.0-damn-strict:cpu_26:0
4.7.0-damn-strict:SKT1_l2hit:0.252
4.7.0-damn-strict:enp4s0f1_tx_bytes:0
4.7.0-damn-strict:TOTAL_l2hit:0.666
4.7.0-damn-strict:Memory:9037.856
4.7.0-damn-strict:enp4s0f1_rx_packets_phy:0
4.7.0-damn-strict:cpu_21:0
4.7.0-damn-strict:enp130s0f0_rx_packets:32979.8
4.7.0-damn-strict:enp130s0f1_tx_bytes:0
4.7.0-damn-strict:SKT0_l3miss:23200000
4.7.0-damn-strict:Total_rx_bytes:2249228.4
4.7.0-damn-strict:SKT0_l2miss:123800000
4.7.0-damn-strict:enp4s0f0_tx_packets_phy:0
4.7.0-damn-strict:cpu_22:0
4.7.0-damn-strict:SKT1_l3miss:159200
4.7.0-damn-strict:enp4s0f0_rx_packets_phy:0
4.7.0-damn-strict:enp4s0f0_rx_bytes:0
4.7.0-damn-strict:enp4s0f0_tx_bytes:0
4.7.0-damn-strict:TOTAL_l2miss:124600000
4.7.0-damn-strict:TOTAL_ipc:0.32
4.7.0-damn-strict:cpu_7:0
4.7.0-damn-strict:enp130s0f0_rx_packets_phy:32978.2
4.7.0-damn-strict:enp130s0f0_tx_bytes_phy:8133971563.6
4.7.0-damn-strict:Total_tx_bytes:8130704523.8
4.7.0-damn-strict:cpu_19:0
4.7.0-damn-strict:TOTAL_l3miss:23400000
4.7.0-damn-strict:Total_tx_packets_phy:902225.2
4.7.0-damn-strict:cpu_0:0
4.7.0-damn-strict:enp4s0f1_rx_bytes_phy:0
4.7.0-damn-strict:enp130s0f1_tx_bytes_phy:0
4.7.0-damn-strict:enp130s0f1_rx_bytes:0
4.7.0-damn-strict:cpu_6:0
4.7.0-damn-strict:enp4s0f1_tx_queue_stopped:0
4.7.0-damn-strict:enp4s0f1_tx_packets:0
4.7.0-damn-strict:cpu_18:0
4.7.0-damn-strict:enp4s0f1_tx_packets_phy:0
4.7.0-damn-strict:enp130s0f1_tx_packets_phy:0
4.7.0-damn-strict:enp130s0f1_rx_packets_phy:0
4.7.0-damn-strict:enp4s0f0_tx_bytes_phy:0
4.7.0-damn-strict:enp4s0f0_rx_packets:0
4.7.0-damn-strict:enp130s0f0_tx_bytes:8130704523.8
4.7.0-damn-strict:enp130s0f1_rx_bytes_phy:0
4.7.0-damn-strict:cpu_13:0
4.7.0-damn-strict:enp130s0f0_rx_bytes:2249228.4
4.7.0-damn-strict:enp4s0f0_tx_queue_stopped:0
4.7.0-damn-strict:SKT0_l2hit:0.668
4.7.0-damn-strict:Total_rx_packets:32979.8
4.7.0-damn-strict:enp130s0f0_tx_packets_phy:902225.2
4.7.0-damn-strict:enp130s0f1_rx_packets:0
4.7.0-damn-unsafe:cpu_6:0
4.7.0-damn-unsafe:enp130s0f1_rx_bytes:0
4.7.0-damn-unsafe:enp4s0f1_rx_bytes_phy:0
4.7.0-damn-unsafe:enp130s0f1_tx_bytes_phy:0
4.7.0-damn-unsafe:cpu_0:0
4.7.0-damn-unsafe:enp130s0f0_tx_bytes:8224262182.6
4.7.0-damn-unsafe:enp4s0f0_tx_bytes_phy:0
4.7.0-damn-unsafe:enp4s0f0_rx_packets:0
4.7.0-damn-unsafe:enp130s0f1_rx_packets_phy:0
4.7.0-damn-unsafe:enp130s0f1_tx_packets_phy:0
4.7.0-damn-unsafe:enp4s0f1_tx_packets_phy:0
4.7.0-damn-unsafe:cpu_18:0
4.7.0-damn-unsafe:enp4s0f1_tx_packets:0
4.7.0-damn-unsafe:enp4s0f1_tx_queue_stopped:0
4.7.0-damn-unsafe:cpu_13:0
4.7.0-damn-unsafe:enp130s0f1_rx_bytes_phy:0
4.7.0-damn-unsafe:enp130s0f1_rx_packets:0
4.7.0-damn-unsafe:enp130s0f0_tx_packets_phy:912680
4.7.0-damn-unsafe:Total_rx_packets:34153
4.7.0-damn-unsafe:SKT0_l2hit:0.676
4.7.0-damn-unsafe:enp4s0f0_tx_queue_stopped:0
4.7.0-damn-unsafe:enp130s0f0_rx_bytes:2327834
4.7.0-damn-unsafe:enp4s0f0_rx_packets_phy:0
4.7.0-damn-unsafe:SKT1_l3miss:156200
4.7.0-damn-unsafe:cpu_22:0
4.7.0-damn-unsafe:TOTAL_ipc:0.326
4.7.0-damn-unsafe:TOTAL_l2miss:123200000
4.7.0-damn-unsafe:enp4s0f0_tx_bytes:0
4.7.0-damn-unsafe:enp4s0f0_rx_bytes:0
4.7.0-damn-unsafe:enp130s0f0_tx_bytes_phy:8227742643.2
4.7.0-damn-unsafe:enp130s0f0_rx_packets_phy:34164
4.7.0-damn-unsafe:cpu_7:0
4.7.0-damn-unsafe:Total_tx_packets_phy:912680
4.7.0-damn-unsafe:TOTAL_l3miss:20400000
4.7.0-damn-unsafe:Total_tx_bytes:8224262182.6
4.7.0-damn-unsafe:cpu_19:0
4.7.0-damn-unsafe:cpu_9:0
4.7.0-damn-unsafe:cpu_17:0
4.7.0-damn-unsafe:cpu_10:0
4.7.0-damn-unsafe:SKT1_l3mpi:0
4.7.0-damn-unsafe:Total_rx_bytes_phy:2465338.6
4.7.0-damn-unsafe:Total_tx_bytes_phy:8227742643.2
4.7.0-damn-unsafe:cpu_8:0
4.7.0-damn-unsafe:SKT1_l2mpi:0.01
4.7.0-damn-unsafe:cpu_4:0
4.7.0-damn-unsafe:SKT1_ipc:0.302
4.7.0-damn-unsafe:cpu_26:0
4.7.0-damn-unsafe:SKT0_l3hit:0.832
4.7.0-damn-unsafe:SKT0_ipc:0.326
4.7.0-damn-unsafe:cpu_total:3.124
4.7.0-damn-unsafe:cpu_23:0
4.7.0-damn-unsafe:cpu_5:0
4.7.0-damn-unsafe:cpu_16:0
4.7.0-damn-unsafe:enp4s0f0_rx_bytes_phy:0
4.7.0-damn-unsafe:Memory:8891.712
4.7.0-damn-unsafe:TOTAL_l2hit:0.676
4.7.0-damn-unsafe:enp4s0f1_tx_bytes:0
4.7.0-damn-unsafe:SKT1_l2hit:0.262
4.7.0-damn-unsafe:enp4s0f0_tx_packets_phy:0
4.7.0-damn-unsafe:SKT0_l2miss:122600000
4.7.0-damn-unsafe:enp130s0f1_tx_bytes:0
4.7.0-damn-unsafe:SKT0_l3miss:20400000
4.7.0-damn-unsafe:Total_rx_bytes:2327834
4.7.0-damn-unsafe:enp130s0f0_rx_packets:34153
4.7.0-damn-unsafe:enp4s0f1_rx_packets_phy:0
4.7.0-damn-unsafe:cpu_21:0
4.7.0-damn-unsafe:cpu_24:0
4.7.0-damn-unsafe:enp4s0f1_rx_packets:0
4.7.0-damn-unsafe:cpu_3:0
4.7.0-damn-unsafe:Total_tx_packets:130780.4
4.7.0-damn-unsafe:Total_rx_packets_phy:34164
4.7.0-damn-unsafe:cpu_14:0
4.7.0-damn-unsafe:TOTAL_l3mpi:0
4.7.0-damn-unsafe:enp130s0f0_tx_queue_stopped:0
4.7.0-damn-unsafe:enp130s0f1_tx_packets:0
4.7.0-damn-unsafe:enp130s0f0_rx_bytes_phy:2465338.6
4.7.0-damn-unsafe:SKT0_l2mpi:0.02
4.7.0-damn-unsafe:cpu_2:100
4.7.0-damn-unsafe:enp4s0f1_tx_bytes_phy:0
4.7.0-damn-unsafe:cpu_27:0
4.7.0-damn-unsafe:cpu_25:0
4.7.0-damn-unsafe:SKT1_l2miss:580400
4.7.0-damn-unsafe:SKT1_l3hit:0.73
4.7.0-damn-unsafe:enp4s0f1_rx_bytes:0
4.7.0-damn-unsafe:Read:8166.428
4.7.0-damn-unsafe:cpu_15:0.392
4.7.0-damn-unsafe:Write:725.284
4.7.0-damn-unsafe:cpu_12:0
4.7.0-damn-unsafe:enp4s0f0_tx_packets:0
4.7.0-damn-unsafe:cpu_11:0
4.7.0-damn-unsafe:enp130s0f1_tx_queue_stopped:0
4.7.0-damn-unsafe:Total_tx_queue_stopped:0
4.7.0-damn-unsafe:TOTAL_l2mpi:0.02
4.7.0-damn-unsafe:enp130s0f0_tx_packets:130780.4
4.7.0-damn-unsafe:SKT0_l3mpi:0
4.7.0-damn-unsafe:cpu_1:0
4.7.0-damn-unsafe:16384:87380
4.7.0-damn-unsafe:TOTAL_l3hit:0.832
4.7.0-damn-unsafe:cpu_20:0
4.7.0-deff:enp4s0f0_tx_bytes:0
4.7.0-deff:TOTAL_l2miss:116600000
4.7.0-deff:TOTAL_ipc:0.6
4.7.0-deff:enp4s0f0_rx_bytes:0
4.7.0-deff:SKT1_l3miss:156600
4.7.0-deff:enp4s0f0_rx_packets_phy:0
4.7.0-deff:cpu_22:0
4.7.0-deff:TOTAL_l3miss:2898600
4.7.0-deff:Total_tx_packets_phy:856210.8
4.7.0-deff:Total_tx_bytes:7715004528.6
4.7.0-deff:cpu_19:0
4.7.0-deff:enp130s0f0_rx_packets_phy:31647
4.7.0-deff:enp130s0f0_tx_bytes_phy:7717632740.2
4.7.0-deff:cpu_7:0
4.7.0-deff:enp130s0f1_rx_packets_phy:0
4.7.0-deff:enp130s0f1_tx_packets_phy:0
4.7.0-deff:enp4s0f0_tx_bytes_phy:0
4.7.0-deff:enp4s0f0_rx_packets:0
4.7.0-deff:enp130s0f0_tx_bytes:7715004528.6
4.7.0-deff:enp4s0f1_tx_queue_stopped:0
4.7.0-deff:cpu_18:0
4.7.0-deff:enp4s0f1_tx_packets:0
4.7.0-deff:enp4s0f1_tx_packets_phy:0
4.7.0-deff:enp130s0f1_tx_bytes_phy:0
4.7.0-deff:enp4s0f1_rx_bytes_phy:0
4.7.0-deff:enp130s0f1_rx_bytes:0
4.7.0-deff:cpu_6:0
4.7.0-deff:cpu_0:0
4.7.0-deff:enp130s0f0_tx_packets_phy:856210.8
4.7.0-deff:enp130s0f1_rx_packets:0
4.7.0-deff:enp130s0f0_rx_bytes:2154158.6
4.7.0-deff:enp4s0f0_tx_queue_stopped:0
4.7.0-deff:SKT0_l2hit:0.696
4.7.0-deff:Total_rx_packets:31634
4.7.0-deff:cpu_13:0.196
4.7.0-deff:enp130s0f1_rx_bytes_phy:0
4.7.0-deff:cpu_25:0
4.7.0-deff:cpu_27:0
4.7.0-deff:cpu_15:0
4.7.0-deff:Read:7567.162
4.7.0-deff:SKT1_l3hit:0.71
4.7.0-deff:enp4s0f1_rx_bytes:0
4.7.0-deff:SKT1_l2miss:542800
4.7.0-deff:cpu_14:0
4.7.0-deff:Total_rx_packets_phy:31647
4.7.0-deff:Total_tx_packets:122817
4.7.0-deff:cpu_24:0
4.7.0-deff:enp4s0f1_rx_packets:0
4.7.0-deff:cpu_3:0.196
4.7.0-deff:enp4s0f1_tx_bytes_phy:0
4.7.0-deff:SKT0_l2mpi:0.01
4.7.0-deff:cpu_2:100
4.7.0-deff:enp130s0f0_rx_bytes_phy:2281648.8
4.7.0-deff:TOTAL_l3mpi:0
4.7.0-deff:enp130s0f1_tx_packets:0
4.7.0-deff:enp130s0f0_tx_queue_stopped:0
4.7.0-deff:enp130s0f1_tx_queue_stopped:0
4.7.0-deff:TOTAL_l3hit:0.976
4.7.0-deff:cpu_20:0
4.7.0-deff:16384:87380
4.7.0-deff:SKT0_l3mpi:0
4.7.0-deff:TOTAL_l2mpi:0.01
4.7.0-deff:cpu_1:0
4.7.0-deff:enp130s0f0_tx_packets:122817
4.7.0-deff:Total_tx_queue_stopped:0
4.7.0-deff:enp4s0f0_tx_packets:0
4.7.0-deff:cpu_12:0
4.7.0-deff:Write:51.58
4.7.0-deff:cpu_11:0
4.7.0-deff:cpu_23:0
4.7.0-deff:cpu_total:3.152
4.7.0-deff:SKT0_ipc:0.6
4.7.0-deff:SKT0_l3hit:0.98
4.7.0-deff:SKT1_ipc:0.324
4.7.0-deff:cpu_26:0
4.7.0-deff:enp4s0f0_rx_bytes_phy:0
4.7.0-deff:cpu_16:0
4.7.0-deff:cpu_5:0
4.7.0-deff:cpu_17:0
4.7.0-deff:cpu_9:0.196
4.7.0-deff:SKT1_l2mpi:0.01
4.7.0-deff:cpu_4:0
4.7.0-deff:cpu_8:0
4.7.0-deff:Total_tx_bytes_phy:7717632740.2
4.7.0-deff:Total_rx_bytes_phy:2281648.8
4.7.0-deff:cpu_10:0
4.7.0-deff:SKT1_l3mpi:0
4.7.0-deff:SKT0_l3miss:2741400
4.7.0-deff:Total_rx_bytes:2154158.6
4.7.0-deff:enp130s0f1_tx_bytes:0
4.7.0-deff:enp4s0f0_tx_packets_phy:0
4.7.0-deff:SKT0_l2miss:115800000
4.7.0-deff:cpu_21:0
4.7.0-deff:enp4s0f1_rx_packets_phy:0
4.7.0-deff:enp130s0f0_rx_packets:31634
4.7.0-deff:Memory:7618.744
4.7.0-deff:SKT1_l2hit:0.26
4.7.0-deff:enp4s0f1_tx_bytes:0
4.7.0-deff:TOTAL_l2hit:0.69
4.7.0-strict:Memory:5183.066
4.7.0-strict:enp4s0f1_tx_bytes:0
4.7.0-strict:SKT1_l2hit:0.254
4.7.0-strict:TOTAL_l2hit:0.736
4.7.0-strict:enp4s0f0_tx_packets_phy:0
4.7.0-strict:SKT0_l2miss:69800000
4.7.0-strict:SKT0_l3miss:4634600
4.7.0-strict:Total_rx_bytes:2081668
4.7.0-strict:enp130s0f1_tx_bytes:0
4.7.0-strict:enp4s0f1_rx_packets_phy:0
4.7.0-strict:cpu_21:0
4.7.0-strict:enp130s0f0_rx_packets:30272.2
4.7.0-strict:cpu_17:0
4.7.0-strict:cpu_9:0
4.7.0-strict:Total_tx_bytes_phy:5101743031.8
4.7.0-strict:SKT1_l2mpi:0.01
4.7.0-strict:cpu_4:0
4.7.0-strict:cpu_8:0
4.7.0-strict:cpu_10:0
4.7.0-strict:SKT1_l3mpi:0
4.7.0-strict:Total_rx_bytes_phy:2204092.6
4.7.0-strict:cpu_total:3.138
4.7.0-strict:cpu_23:0
4.7.0-strict:SKT1_ipc:0.314
4.7.0-strict:SKT0_l3hit:0.936
4.7.0-strict:cpu_26:0
4.7.0-strict:SKT0_ipc:0.432
4.7.0-strict:enp4s0f0_rx_bytes_phy:0
4.7.0-strict:cpu_5:0
4.7.0-strict:cpu_16:0
4.7.0-strict:enp4s0f0_tx_packets:0
4.7.0-strict:Write:61.256
4.7.0-strict:cpu_12:0
4.7.0-strict:cpu_11:0
4.7.0-strict:enp130s0f1_tx_queue_stopped:0
4.7.0-strict:SKT0_l3mpi:0
4.7.0-strict:TOTAL_l2mpi:0.01
4.7.0-strict:cpu_1:0
4.7.0-strict:enp130s0f0_tx_packets:82119.2
4.7.0-strict:cpu_20:0
4.7.0-strict:TOTAL_l3hit:0.932
4.7.0-strict:16384:87380
4.7.0-strict:Total_tx_queue_stopped:0
4.7.0-strict:Total_rx_packets_phy:30289.8
4.7.0-strict:cpu_14:0
4.7.0-strict:enp4s0f1_rx_packets:0
4.7.0-strict:cpu_3:0.196
4.7.0-strict:cpu_24:0
4.7.0-strict:Total_tx_packets:82119.2
4.7.0-strict:cpu_2:100
4.7.0-strict:SKT0_l2mpi:0.01
4.7.0-strict:enp4s0f1_tx_bytes_phy:0
4.7.0-strict:TOTAL_l3mpi:0
4.7.0-strict:enp130s0f1_tx_packets:0
4.7.0-strict:enp130s0f0_tx_queue_stopped:0
4.7.0-strict:enp130s0f0_rx_bytes_phy:2204092.6
4.7.0-strict:cpu_25:0
4.7.0-strict:cpu_27:0
4.7.0-strict:cpu_15:0
4.7.0-strict:Read:5121.81
4.7.0-strict:SKT1_l2miss:474400
4.7.0-strict:SKT1_l3hit:0.71
4.7.0-strict:enp4s0f1_rx_bytes:0
4.7.0-strict:cpu_13:0
4.7.0-strict:enp130s0f1_rx_bytes_phy:0
4.7.0-strict:enp130s0f0_tx_packets_phy:566655
4.7.0-strict:enp130s0f1_rx_packets:0
4.7.0-strict:enp130s0f0_rx_bytes:2081668
4.7.0-strict:enp4s0f0_tx_queue_stopped:0
4.7.0-strict:Total_rx_packets:30272.2
4.7.0-strict:SKT0_l2hit:0.738
4.7.0-strict:enp130s0f1_rx_bytes:0
4.7.0-strict:enp4s0f1_rx_bytes_phy:0
4.7.0-strict:enp130s0f1_tx_bytes_phy:0
4.7.0-strict:cpu_6:0
4.7.0-strict:cpu_0:0
4.7.0-strict:enp4s0f0_rx_packets:0
4.7.0-strict:enp4s0f0_tx_bytes_phy:0
4.7.0-strict:enp130s0f1_rx_packets_phy:0
4.7.0-strict:enp130s0f1_tx_packets_phy:0
4.7.0-strict:enp130s0f0_tx_bytes:5099660757.6
4.7.0-strict:enp4s0f1_tx_queue_stopped:0
4.7.0-strict:enp4s0f1_tx_packets_phy:0
4.7.0-strict:cpu_18:0
4.7.0-strict:enp4s0f1_tx_packets:0
4.7.0-strict:enp130s0f0_rx_packets_phy:30289.8
4.7.0-strict:enp130s0f0_tx_bytes_phy:5101743031.8
4.7.0-strict:cpu_7:0.196
4.7.0-strict:Total_tx_packets_phy:566655
4.7.0-strict:TOTAL_l3miss:4772200
4.7.0-strict:Total_tx_bytes:5099660757.6
4.7.0-strict:cpu_19:0
4.7.0-strict:SKT1_l3miss:137200
4.7.0-strict:enp4s0f0_rx_packets_phy:0
4.7.0-strict:cpu_22:0
4.7.0-strict:TOTAL_l2miss:70600000
4.7.0-strict:enp4s0f0_tx_bytes:0
4.7.0-strict:TOTAL_ipc:0.432
4.7.0-strict:enp4s0f0_rx_bytes:0
4.7.0-unsafe:enp4s0f1_rx_bytes:0
4.7.0-unsafe:SKT1_l3hit:0.71
4.7.0-unsafe:SKT1_l2miss:574800
4.7.0-unsafe:Read:8654.168
4.7.0-unsafe:cpu_15:0
4.7.0-unsafe:cpu_27:0
4.7.0-unsafe:cpu_25:0.196
4.7.0-unsafe:TOTAL_l3mpi:0
4.7.0-unsafe:enp130s0f0_rx_bytes_phy:2819520.6
4.7.0-unsafe:enp130s0f1_tx_packets:0
4.7.0-unsafe:enp130s0f0_tx_queue_stopped:0
4.7.0-unsafe:cpu_2:100
4.7.0-unsafe:SKT0_l2mpi:0.02
4.7.0-unsafe:enp4s0f1_tx_bytes_phy:0
4.7.0-unsafe:Total_tx_packets:143033.8
4.7.0-unsafe:cpu_24:0
4.7.0-unsafe:enp4s0f1_rx_packets:0
4.7.0-unsafe:cpu_3:0
4.7.0-unsafe:cpu_14:0
4.7.0-unsafe:Total_rx_packets_phy:38699.6
4.7.0-unsafe:Total_tx_queue_stopped:0
4.7.0-unsafe:cpu_20:0
4.7.0-unsafe:TOTAL_l3hit:0.97
4.7.0-unsafe:16384:87380
4.7.0-unsafe:TOTAL_l2mpi:0.02
4.7.0-unsafe:SKT0_l3mpi:0
4.7.0-unsafe:cpu_1:0.392
4.7.0-unsafe:enp130s0f0_tx_packets:143033.8
4.7.0-unsafe:enp130s0f1_tx_queue_stopped:0
4.7.0-unsafe:cpu_11:0
4.7.0-unsafe:cpu_12:0
4.7.0-unsafe:Write:64.912
4.7.0-unsafe:enp4s0f0_tx_packets:0
4.7.0-unsafe:cpu_16:0
4.7.0-unsafe:cpu_5:0.196
4.7.0-unsafe:enp4s0f0_rx_bytes_phy:0
4.7.0-unsafe:SKT0_ipc:0.43
4.7.0-unsafe:SKT1_ipc:0.338
4.7.0-unsafe:SKT0_l3hit:0.97
4.7.0-unsafe:cpu_26:0
4.7.0-unsafe:cpu_23:0
4.7.0-unsafe:cpu_total:3.18
4.7.0-unsafe:Total_rx_bytes_phy:2819520.6
4.7.0-unsafe:cpu_10:0
4.7.0-unsafe:SKT1_l3mpi:0
4.7.0-unsafe:cpu_8:0
4.7.0-unsafe:SKT1_l2mpi:0.01
4.7.0-unsafe:cpu_4:0
4.7.0-unsafe:Total_tx_bytes_phy:8992693219
4.7.0-unsafe:cpu_9:0
4.7.0-unsafe:cpu_17:0.196
4.7.0-unsafe:enp130s0f0_rx_packets:38702.8
4.7.0-unsafe:enp4s0f1_rx_packets_phy:0
4.7.0-unsafe:cpu_21:0
4.7.0-unsafe:Total_rx_bytes:2664925
4.7.0-unsafe:SKT0_l3miss:3473200
4.7.0-unsafe:enp130s0f1_tx_bytes:0
4.7.0-unsafe:SKT0_l2miss:124000000
4.7.0-unsafe:enp4s0f0_tx_packets_phy:0
4.7.0-unsafe:TOTAL_l2hit:0.704
4.7.0-unsafe:SKT1_l2hit:0.234
4.7.0-unsafe:enp4s0f1_tx_bytes:0
4.7.0-unsafe:Memory:8719.08
4.7.0-unsafe:enp4s0f0_rx_bytes:0
4.7.0-unsafe:TOTAL_ipc:0.43
4.7.0-unsafe:TOTAL_l2miss:124600000
4.7.0-unsafe:enp4s0f0_tx_bytes:0
4.7.0-unsafe:cpu_22:0
4.7.0-unsafe:enp4s0f0_rx_packets_phy:0
4.7.0-unsafe:SKT1_l3miss:167600
4.7.0-unsafe:cpu_19:0
4.7.0-unsafe:Total_tx_bytes:8989584896.6
4.7.0-unsafe:TOTAL_l3miss:3641200
4.7.0-unsafe:Total_tx_packets_phy:997505.8
4.7.0-unsafe:cpu_7:0
4.7.0-unsafe:enp130s0f0_tx_bytes_phy:8992693219
4.7.0-unsafe:enp130s0f0_rx_packets_phy:38699.6
4.7.0-unsafe:enp4s0f1_tx_packets:0
4.7.0-unsafe:cpu_18:0
4.7.0-unsafe:enp4s0f1_tx_packets_phy:0
4.7.0-unsafe:enp4s0f1_tx_queue_stopped:0
4.7.0-unsafe:enp130s0f0_tx_bytes:8989584896.6
4.7.0-unsafe:enp130s0f1_tx_packets_phy:0
4.7.0-unsafe:enp130s0f1_rx_packets_phy:0
4.7.0-unsafe:enp4s0f0_tx_bytes_phy:0
4.7.0-unsafe:enp4s0f0_rx_packets:0
4.7.0-unsafe:cpu_0:0
4.7.0-unsafe:cpu_6:0
4.7.0-unsafe:enp130s0f1_tx_bytes_phy:0
4.7.0-unsafe:enp4s0f1_rx_bytes_phy:0
4.7.0-unsafe:enp130s0f1_rx_bytes:0
4.7.0-unsafe:SKT0_l2hit:0.706
4.7.0-unsafe:Total_rx_packets:38702.8
4.7.0-unsafe:enp4s0f0_tx_queue_stopped:0
4.7.0-unsafe:enp130s0f0_rx_bytes:2664925
4.7.0-unsafe:enp130s0f1_rx_packets:0
4.7.0-unsafe:enp130s0f0_tx_packets_phy:997505.8
4.7.0-unsafe:enp130s0f1_rx_bytes_phy:0
4.7.0-unsafe:cpu_13:0
