4.7.0-copy-plus-strict:Total_tx_packets_phy:1854934.66666667
4.7.0-copy-plus-strict:SKT0_l2hit:0.176666666666667
4.7.0-copy-plus-strict:cycles:225794141250.667
4.7.0-copy-plus-strict:16384:87380
4.7.0-copy-plus-strict:enp4s0f0_tx_bytes_phy:0
4.7.0-copy-plus-strict:enp4s0f0_rx_packets_phy:0
4.7.0-copy-plus-strict:SKT1_l3hit:0.79
4.7.0-copy-plus-strict:enp130s0f1_tx_bytes:3995032838
4.7.0-copy-plus-strict:cpu_17:95.6133333333333
4.7.0-copy-plus-strict:Total_rx_bytes:7974620828.66667
4.7.0-copy-plus-strict:cpu_27:95.9066666666667
4.7.0-copy-plus-strict:TOTAL_l2mpi:0.0266666666666667
4.7.0-copy-plus-strict:cpu_11:100
4.7.0-copy-plus-strict:enp130s0f0_rx_packets:425461.666666667
4.7.0-copy-plus-strict:SKT0_l3hit:0.826666666666667
4.7.0-copy-plus-strict:cpu_12:35.34
4.7.0-copy-plus-strict:enp130s0f0_tx_bytes_phy:4525525971.33333
4.7.0-copy-plus-strict:Total_tx_queue_stopped:0
4.7.0-copy-plus-strict:cache-references:7632353578.33333
4.7.0-copy-plus-strict:enp4s0f1_tx_bytes_phy:0
4.7.0-copy-plus-strict:cpu_14:32.3066666666667
4.7.0-copy-plus-strict:instructions:40766625540
4.7.0-copy-plus-strict:enp4s0f1_rx_bytes_phy:0
4.7.0-copy-plus-strict:cpu_8:29.2633333333333
4.7.0-copy-plus-strict:enp4s0f0_rx_bytes:0
4.7.0-copy-plus-strict:enp130s0f0_rx_bytes:4493056305
4.7.0-copy-plus-strict:enp4s0f1_tx_packets_phy:0
4.7.0-copy-plus-strict:cpu_24:41.7566666666667
4.7.0-copy-plus-strict:SKT1_l3mpi:0.00333333333333333
4.7.0-copy-plus-strict:SKT1_l2hit:0.53
4.7.0-copy-plus-strict:cpu_20:33.7766666666667
4.7.0-copy-plus-strict:enp130s0f1_tx_packets:201477.333333333
4.7.0-copy-plus-strict:cpu_18:28.1533333333333
4.7.0-copy-plus-strict:cpu_25:100
4.7.0-copy-plus-strict:cpu_7:98.3066666666667
4.7.0-copy-plus-strict:cpu_26:37.1933333333333
4.7.0-copy-plus-strict:cpu_21:100
4.7.0-copy-plus-strict:Total_rx_packets_phy:1306933
4.7.0-copy-plus-strict:cpu_9:100
4.7.0-copy-plus-strict:enp4s0f1_tx_bytes:0
4.7.0-copy-plus-strict:enp4s0f0_tx_queue_stopped:0
4.7.0-copy-plus-strict:TOTAL_l3miss:1243666.66666667
4.7.0-copy-plus-strict:LLC-load:2041827632.33333
4.7.0-copy-plus-strict:enp4s0f1_rx_bytes:0
4.7.0-copy-plus-strict:cpu_16:26.8166666666667
4.7.0-copy-plus-strict:enp4s0f1_tx_packets:0
4.7.0-copy-plus-strict:enp4s0f1_tx_queue_stopped:0
4.7.0-copy-plus-strict:LLC-load-misses:967581933.333333
4.7.0-copy-plus-strict:TOTAL_l3mpi:0.00333333333333333
4.7.0-copy-plus-strict:cpu_total:66.0466666666667
4.7.0-copy-plus-strict:LLC-store-misses:221749340.333333
4.7.0-copy-plus-strict:cpu_23:100
4.7.0-copy-plus-strict:cpu_3:100
4.7.0-copy-plus-strict:TOTAL_ipc:0.37
4.7.0-copy-plus-strict:cpu_1:100
4.7.0-copy-plus-strict:cache-misses:2086110817
4.7.0-copy-plus-strict:enp4s0f1_rx_packets:0
4.7.0-copy-plus-strict:cpu_4:36.3833333333333
4.7.0-copy-plus-strict:Total_rx_bytes_phy:8185165549.66667
4.7.0-copy-plus-strict:Total_rx_packets:860214
4.7.0-copy-plus-strict:enp130s0f0_tx_bytes:4491286441.66667
4.7.0-copy-plus-strict:cpu_13:100
4.7.0-copy-plus-strict:SKT0_l2mpi:0.0166666666666667
4.7.0-copy-plus-strict:SKT1_ipc:0.396666666666667
4.7.0-copy-plus-strict:enp4s0f0_rx_bytes_phy:0
4.7.0-copy-plus-strict:Total_tx_packets:455848
4.7.0-copy-plus-strict:cpu_15:100
4.7.0-copy-plus-strict:enp130s0f1_rx_bytes:3481564523.66667
4.7.0-copy-plus-strict:enp4s0f1_rx_packets_phy:0
4.7.0-copy-plus-strict:SKT1_l2mpi:0.0266666666666667
4.7.0-copy-plus-strict:cpu_0:38.1366666666667
4.7.0-copy-plus-strict:SKT1_l3miss:1145666.66666667
4.7.0-copy-plus-strict:enp4s0f0_rx_packets:0
4.7.0-copy-plus-strict:Total_tx_bytes_phy:8726578139.66667
4.7.0-copy-plus-strict:SKT0_l3miss:98000
4.7.0-copy-plus-strict:Read:38520.5066666667
4.7.0-copy-plus-strict:enp130s0f1_tx_queue_stopped:0
4.7.0-copy-plus-strict:enp130s0f1_rx_packets_phy:631491
4.7.0-copy-plus-strict:enp130s0f1_rx_bytes_phy:3671544816
4.7.0-copy-plus-strict:cpu_6:37.63
4.7.0-copy-plus-strict:cpu_19:92.69
4.7.0-copy-plus-strict:Total_tx_bytes:8486319279.66667
4.7.0-copy-plus-strict:SKT0_l3mpi:0
4.7.0-copy-plus-strict:enp4s0f0_tx_packets:0
4.7.0-copy-plus-strict:enp130s0f0_tx_packets:254370.666666667
4.7.0-copy-plus-strict:cpu_22:29.1333333333333
4.7.0-copy-plus-strict:enp130s0f0_tx_queue_stopped:0
4.7.0-copy-plus-strict:enp4s0f0_tx_packets_phy:0
4.7.0-copy-plus-strict:Write:34373.6833333333
4.7.0-copy-plus-strict:Memory:72894.19
4.7.0-copy-plus-strict:SKT1_l2miss:25924333.3333333
4.7.0-copy-plus-strict:enp130s0f1_tx_packets_phy:693058.666666667
4.7.0-copy-plus-strict:enp130s0f0_tx_packets_phy:1161876
4.7.0-copy-plus-strict:enp130s0f1_rx_packets:434752.333333333
4.7.0-copy-plus-strict:SKT0_l2miss:564000
4.7.0-copy-plus-strict:TOTAL_l2hit:0.53
4.7.0-copy-plus-strict:cpu_10:31.3133333333333
4.7.0-copy-plus-strict:SKT0_ipc:0.36
4.7.0-copy-plus-strict:enp130s0f0_rx_bytes_phy:4513620733.66667
4.7.0-copy-plus-strict:cpu_5:98.89
4.7.0-copy-plus-strict:LLC-store:2699424335
4.7.0-copy-plus-strict:enp130s0f0_rx_packets_phy:675442
4.7.0-copy-plus-strict:TOTAL_l2miss:26405000
4.7.0-copy-plus-strict:cpu_2:31.9533333333333
4.7.0-copy-plus-strict:TOTAL_l3hit:0.833333333333333
4.7.0-copy-plus-strict:enp130s0f1_tx_bytes_phy:4201052168.33333
4.7.0-copy-plus-strict:enp4s0f0_tx_bytes:0
4.7.0-damn-unsafe:Memory:60754.6233333333
4.7.0-damn-unsafe:Write:25467.08
4.7.0-damn-unsafe:enp130s0f1_tx_packets_phy:731230.666666667
4.7.0-damn-unsafe:enp130s0f0_tx_packets_phy:1211348
4.7.0-damn-unsafe:enp130s0f1_rx_packets:612799.333333333
4.7.0-damn-unsafe:SKT1_l2miss:1044666666.66667
4.7.0-damn-unsafe:cpu_6:38.0866666666667
4.7.0-damn-unsafe:enp130s0f1_rx_bytes_phy:4973908895.33333
4.7.0-damn-unsafe:enp130s0f0_tx_queue_stopped:0
4.7.0-damn-unsafe:SKT0_l3mpi:0.07
4.7.0-damn-unsafe:enp130s0f0_tx_packets:360405.666666667
4.7.0-damn-unsafe:enp4s0f0_tx_packets:0
4.7.0-damn-unsafe:cpu_22:27.6866666666667
4.7.0-damn-unsafe:enp4s0f0_tx_packets_phy:0
4.7.0-damn-unsafe:cpu_19:38.7666666666667
4.7.0-damn-unsafe:Total_tx_bytes:10633225580.3333
4.7.0-damn-unsafe:LLC-store:1943765035.33333
4.7.0-damn-unsafe:enp130s0f0_rx_packets_phy:1119620.66666667
4.7.0-damn-unsafe:TOTAL_l2miss:1945000000
4.7.0-damn-unsafe:cpu_2:25.4133333333333
4.7.0-damn-unsafe:TOTAL_l3hit:0.213333333333333
4.7.0-damn-unsafe:enp130s0f1_tx_bytes_phy:4766841357.33333
4.7.0-damn-unsafe:enp4s0f0_tx_bytes:0
4.7.0-damn-unsafe:TOTAL_l2hit:0.283333333333333
4.7.0-damn-unsafe:SKT0_l2miss:900000000
4.7.0-damn-unsafe:cpu_5:66.1166666666667
4.7.0-damn-unsafe:SKT0_ipc:0.203333333333333
4.7.0-damn-unsafe:cpu_10:36.51
4.7.0-damn-unsafe:enp130s0f0_rx_bytes_phy:7969665071
4.7.0-damn-unsafe:cpu_1:58.6033333333333
4.7.0-damn-unsafe:cache-misses:1535112639.66667
4.7.0-damn-unsafe:enp4s0f1_rx_packets:0
4.7.0-damn-unsafe:cpu_4:37.4
4.7.0-damn-unsafe:Total_rx_packets:1270931.33333333
4.7.0-damn-unsafe:Total_rx_bytes_phy:12943573966.3333
4.7.0-damn-unsafe:TOTAL_l3mpi:0.03
4.7.0-damn-unsafe:LLC-load-misses:726750769
4.7.0-damn-unsafe:enp4s0f1_tx_packets:0
4.7.0-damn-unsafe:enp4s0f1_tx_queue_stopped:0
4.7.0-damn-unsafe:TOTAL_ipc:0.32
4.7.0-damn-unsafe:cpu_3:64.4833333333333
4.7.0-damn-unsafe:LLC-store-misses:183213830.666667
4.7.0-damn-unsafe:cpu_23:56.6366666666667
4.7.0-damn-unsafe:cpu_total:43.4466666666667
4.7.0-damn-unsafe:SKT1_l2mpi:0.03
4.7.0-damn-unsafe:SKT1_l3miss:744666666.666667
4.7.0-damn-unsafe:cpu_0:29.0133333333333
4.7.0-damn-unsafe:enp4s0f0_rx_packets:0
4.7.0-damn-unsafe:enp130s0f1_rx_bytes:4958710939.66667
4.7.0-damn-unsafe:enp4s0f1_rx_packets_phy:0
4.7.0-damn-unsafe:enp130s0f1_rx_packets_phy:805981.666666667
4.7.0-damn-unsafe:SKT0_l3miss:786666666.666667
4.7.0-damn-unsafe:Total_tx_bytes_phy:10657986988.3333
4.7.0-damn-unsafe:Read:35287.5466666667
4.7.0-damn-unsafe:enp130s0f1_tx_queue_stopped:0
4.7.0-damn-unsafe:SKT0_l2mpi:0.08
4.7.0-damn-unsafe:cpu_13:58.9433333333333
4.7.0-damn-unsafe:SKT1_ipc:0.383333333333333
4.7.0-damn-unsafe:enp130s0f0_tx_bytes:5868564110
4.7.0-damn-unsafe:cpu_15:49.83
4.7.0-damn-unsafe:Total_tx_packets:640593.333333333
4.7.0-damn-unsafe:enp4s0f0_rx_bytes_phy:0
4.7.0-damn-unsafe:cpu_24:30
4.7.0-damn-unsafe:SKT1_l3mpi:0.02
4.7.0-damn-unsafe:enp4s0f1_tx_packets_phy:0
4.7.0-damn-unsafe:SKT1_l2hit:0.313333333333333
4.7.0-damn-unsafe:cpu_14:31.62
4.7.0-damn-unsafe:instructions:50032452365.6667
4.7.0-damn-unsafe:enp4s0f1_tx_bytes_phy:0
4.7.0-damn-unsafe:enp130s0f0_rx_bytes:7934613402
4.7.0-damn-unsafe:enp4s0f0_rx_bytes:0
4.7.0-damn-unsafe:cpu_8:37.1266666666667
4.7.0-damn-unsafe:enp4s0f1_rx_bytes_phy:0
4.7.0-damn-unsafe:cpu_9:60.8966666666667
4.7.0-damn-unsafe:enp4s0f1_tx_bytes:0
4.7.0-damn-unsafe:cpu_21:42.0233333333333
4.7.0-damn-unsafe:Total_rx_packets_phy:1925602.33333333
4.7.0-damn-unsafe:cpu_16:29.65
4.7.0-damn-unsafe:enp4s0f0_tx_queue_stopped:0
4.7.0-damn-unsafe:TOTAL_l3miss:1532333333.33333
4.7.0-damn-unsafe:enp4s0f1_rx_bytes:0
4.7.0-damn-unsafe:LLC-load:1620872431.33333
4.7.0-damn-unsafe:cpu_25:50.1966666666667
4.7.0-damn-unsafe:cpu_18:25.09
4.7.0-damn-unsafe:cpu_20:32.8966666666667
4.7.0-damn-unsafe:enp130s0f1_tx_packets:280187.666666667
4.7.0-damn-unsafe:cpu_7:61.8766666666667
4.7.0-damn-unsafe:cpu_26:31.29
4.7.0-damn-unsafe:enp4s0f0_rx_packets_phy:0
4.7.0-damn-unsafe:enp4s0f0_tx_bytes_phy:0
4.7.0-damn-unsafe:SKT1_l3hit:0.286666666666667
4.7.0-damn-unsafe:16384:87380
4.7.0-damn-unsafe:enp130s0f1_tx_bytes:4764661470.33333
4.7.0-damn-unsafe:cycles:156098480970
4.7.0-damn-unsafe:Total_tx_packets_phy:1942578.66666667
4.7.0-damn-unsafe:SKT0_l2hit:0.243333333333333
4.7.0-damn-unsafe:SKT0_l3hit:0.13
4.7.0-damn-unsafe:enp130s0f0_rx_packets:658132
4.7.0-damn-unsafe:cpu_11:61.2633333333333
4.7.0-damn-unsafe:Total_tx_queue_stopped:0
4.7.0-damn-unsafe:cache-references:5802452861.33333
4.7.0-damn-unsafe:cpu_12:27.02
4.7.0-damn-unsafe:enp130s0f0_tx_bytes_phy:5891145631
4.7.0-damn-unsafe:Total_rx_bytes:12893324341.6667
4.7.0-damn-unsafe:cpu_17:54.7
4.7.0-damn-unsafe:TOTAL_l2mpi:0.04
4.7.0-damn-unsafe:cpu_27:54.3766666666667
4.7.0-damnn-hp-strict:enp130s0f1_rx_packets_phy:787939.666666667
4.7.0-damnn-hp-strict:SKT0_l3miss:678666666.666667
4.7.0-damnn-hp-strict:Total_tx_bytes_phy:10038559390
4.7.0-damnn-hp-strict:Read:32567.6033333333
4.7.0-damnn-hp-strict:enp130s0f1_tx_queue_stopped:0
4.7.0-damnn-hp-strict:SKT1_l2mpi:0.03
4.7.0-damnn-hp-strict:SKT1_l3miss:691666666.666667
4.7.0-damnn-hp-strict:cpu_0:31.7
4.7.0-damnn-hp-strict:enp4s0f0_rx_packets:0
4.7.0-damnn-hp-strict:enp130s0f1_rx_bytes:4883888968
4.7.0-damnn-hp-strict:enp4s0f1_rx_packets_phy:0
4.7.0-damnn-hp-strict:cpu_15:53.92
4.7.0-damnn-hp-strict:Total_tx_packets:594319.333333333
4.7.0-damnn-hp-strict:enp4s0f0_rx_bytes_phy:0
4.7.0-damnn-hp-strict:SKT0_l2mpi:0.0833333333333333
4.7.0-damnn-hp-strict:cpu_13:46.7333333333333
4.7.0-damnn-hp-strict:SKT1_ipc:0.433333333333333
4.7.0-damnn-hp-strict:enp130s0f0_tx_bytes:5326896262
4.7.0-damnn-hp-strict:Total_rx_packets:1136973
4.7.0-damnn-hp-strict:Total_rx_bytes_phy:10796157238.3333
4.7.0-damnn-hp-strict:cpu_1:53.5933333333333
4.7.0-damnn-hp-strict:enp4s0f1_rx_packets:0
4.7.0-damnn-hp-strict:cache-misses:1369805979
4.7.0-damnn-hp-strict:cpu_4:32.0266666666667
4.7.0-damnn-hp-strict:cpu_3:53.2666666666667
4.7.0-damnn-hp-strict:TOTAL_ipc:0.363333333333333
4.7.0-damnn-hp-strict:cpu_23:46.7333333333333
4.7.0-damnn-hp-strict:LLC-store-misses:167796843.333333
4.7.0-damnn-hp-strict:cpu_total:37.1733333333333
4.7.0-damnn-hp-strict:LLC-load-misses:618755870
4.7.0-damnn-hp-strict:TOTAL_l3mpi:0.03
4.7.0-damnn-hp-strict:enp4s0f1_tx_packets:0
4.7.0-damnn-hp-strict:enp4s0f1_tx_queue_stopped:0
4.7.0-damnn-hp-strict:TOTAL_l2miss:1876333333.33333
4.7.0-damnn-hp-strict:TOTAL_l3hit:0.27
4.7.0-damnn-hp-strict:enp130s0f1_tx_bytes_phy:4682221817.66667
4.7.0-damnn-hp-strict:cpu_2:28.7566666666667
4.7.0-damnn-hp-strict:enp4s0f0_tx_bytes:0
4.7.0-damnn-hp-strict:LLC-store:1716215417.33333
4.7.0-damnn-hp-strict:enp130s0f0_rx_packets_phy:857854.666666667
4.7.0-damnn-hp-strict:cpu_5:44.7733333333333
4.7.0-damnn-hp-strict:SKT0_ipc:0.22
4.7.0-damnn-hp-strict:enp130s0f0_rx_bytes_phy:5898427007
4.7.0-damnn-hp-strict:cpu_10:27.7766666666667
4.7.0-damnn-hp-strict:TOTAL_l2hit:0.33
4.7.0-damnn-hp-strict:SKT0_l2miss:832333333.333333
4.7.0-damnn-hp-strict:enp130s0f0_tx_packets_phy:1212080.33333333
4.7.0-damnn-hp-strict:enp130s0f1_tx_packets_phy:746792.666666667
4.7.0-damnn-hp-strict:enp130s0f1_rx_packets:601704.666666667
4.7.0-damnn-hp-strict:SKT1_l2miss:1043333333.33333
4.7.0-damnn-hp-strict:Memory:54957.3466666667
4.7.0-damnn-hp-strict:Write:22389.74
4.7.0-damnn-hp-strict:cpu_22:22.55
4.7.0-damnn-hp-strict:SKT0_l3mpi:0.07
4.7.0-damnn-hp-strict:enp4s0f0_tx_packets:0
4.7.0-damnn-hp-strict:enp130s0f0_tx_packets:296353.333333333
4.7.0-damnn-hp-strict:enp130s0f0_tx_queue_stopped:0
4.7.0-damnn-hp-strict:enp4s0f0_tx_packets_phy:0
4.7.0-damnn-hp-strict:cpu_19:40.85
4.7.0-damnn-hp-strict:Total_tx_bytes:10007383423
4.7.0-damnn-hp-strict:cpu_6:26.47
4.7.0-damnn-hp-strict:enp130s0f1_rx_bytes_phy:4897730231.33333
4.7.0-damnn-hp-strict:cache-references:5203025114.33333
4.7.0-damnn-hp-strict:Total_tx_queue_stopped:0
4.7.0-damnn-hp-strict:enp130s0f0_tx_bytes_phy:5356337572.33333
4.7.0-damnn-hp-strict:cpu_12:24.1833333333333
4.7.0-damnn-hp-strict:SKT0_l3hit:0.186666666666667
4.7.0-damnn-hp-strict:enp130s0f0_rx_packets:535268.333333333
4.7.0-damnn-hp-strict:cpu_11:46.4066666666667
4.7.0-damnn-hp-strict:TOTAL_l2mpi:0.04
4.7.0-damnn-hp-strict:cpu_27:40.85
4.7.0-damnn-hp-strict:Total_rx_bytes:10757997338
4.7.0-damnn-hp-strict:cpu_17:45.1
4.7.0-damnn-hp-strict:enp130s0f1_tx_bytes:4680487161
4.7.0-damnn-hp-strict:enp4s0f0_tx_bytes_phy:0
4.7.0-damnn-hp-strict:enp4s0f0_rx_packets_phy:0
4.7.0-damnn-hp-strict:SKT1_l3hit:0.333333333333333
4.7.0-damnn-hp-strict:16384:87380
4.7.0-damnn-hp-strict:cycles:135865062023.667
4.7.0-damnn-hp-strict:Total_tx_packets_phy:1958873
4.7.0-damnn-hp-strict:SKT0_l2hit:0.29
4.7.0-damnn-hp-strict:cpu_16:31.0466666666667
4.7.0-damnn-hp-strict:enp4s0f0_tx_queue_stopped:0
4.7.0-damnn-hp-strict:LLC-load:1406850385.33333
4.7.0-damnn-hp-strict:TOTAL_l3miss:1371000000
4.7.0-damnn-hp-strict:enp4s0f1_rx_bytes:0
4.7.0-damnn-hp-strict:cpu_9:51.96
4.7.0-damnn-hp-strict:enp4s0f1_tx_bytes:0
4.7.0-damnn-hp-strict:cpu_21:48.69
4.7.0-damnn-hp-strict:Total_rx_packets_phy:1645794.33333333
4.7.0-damnn-hp-strict:cpu_7:48.6933333333333
4.7.0-damnn-hp-strict:cpu_26:21.2433333333333
4.7.0-damnn-hp-strict:cpu_18:21.57
4.7.0-damnn-hp-strict:cpu_25:50
4.7.0-damnn-hp-strict:cpu_20:30.0633333333333
4.7.0-damnn-hp-strict:enp130s0f1_tx_packets:297966
4.7.0-damnn-hp-strict:SKT1_l2hit:0.353333333333333
4.7.0-damnn-hp-strict:SKT1_l3mpi:0.02
4.7.0-damnn-hp-strict:cpu_24:23.53
4.7.0-damnn-hp-strict:enp4s0f1_tx_packets_phy:0
4.7.0-damnn-hp-strict:enp4s0f0_rx_bytes:0
4.7.0-damnn-hp-strict:enp130s0f0_rx_bytes:5874108370
4.7.0-damnn-hp-strict:cpu_8:23.53
4.7.0-damnn-hp-strict:enp4s0f1_rx_bytes_phy:0
4.7.0-damnn-hp-strict:cpu_14:26.47
4.7.0-damnn-hp-strict:instructions:49486131748.6667
4.7.0-damnn-hp-strict:enp4s0f1_tx_bytes_phy:0
4.7.0-defer:enp130s0f1_tx_bytes:4765517799.33333
4.7.0-defer:SKT1_l3hit:0.29
4.7.0-defer:enp4s0f0_tx_bytes_phy:0
4.7.0-defer:enp4s0f0_rx_packets_phy:0
4.7.0-defer:16384:87380
4.7.0-defer:cycles:157397595053.667
4.7.0-defer:SKT0_l2hit:0.256666666666667
4.7.0-defer:Total_tx_packets_phy:2018159.33333333
4.7.0-defer:cache-references:5704890936.33333
4.7.0-defer:Total_tx_queue_stopped:0
4.7.0-defer:cpu_12:27.71
4.7.0-defer:enp130s0f0_tx_bytes_phy:6013718742.33333
4.7.0-defer:SKT0_l3hit:0.12
4.7.0-defer:cpu_11:53.3966666666667
4.7.0-defer:enp130s0f0_rx_packets:571426
4.7.0-defer:TOTAL_l2mpi:0.03
4.7.0-defer:cpu_27:58.9733333333333
4.7.0-defer:Total_rx_bytes:11118431088.6667
4.7.0-defer:cpu_17:52.4466666666667
4.7.0-defer:SKT1_l2hit:0.323333333333333
4.7.0-defer:cpu_24:26.05
4.7.0-defer:SKT1_l3mpi:0.0133333333333333
4.7.0-defer:enp4s0f1_tx_packets_phy:0
4.7.0-defer:cpu_8:25.11
4.7.0-defer:enp4s0f0_rx_bytes:0
4.7.0-defer:enp130s0f0_rx_bytes:6206650738.66667
4.7.0-defer:enp4s0f1_rx_bytes_phy:0
4.7.0-defer:instructions:66492013530.3333
4.7.0-defer:cpu_14:26.04
4.7.0-defer:enp4s0f1_tx_bytes_phy:0
4.7.0-defer:cpu_16:25.7333333333333
4.7.0-defer:TOTAL_l3miss:1564000000
4.7.0-defer:LLC-load:1583551411.33333
4.7.0-defer:enp4s0f1_rx_bytes:0
4.7.0-defer:enp4s0f0_tx_queue_stopped:0
4.7.0-defer:enp4s0f1_tx_bytes:0
4.7.0-defer:cpu_9:62.2
4.7.0-defer:Total_rx_packets_phy:1703707.33333333
4.7.0-defer:cpu_21:70.77
4.7.0-defer:cpu_26:29.03
4.7.0-defer:cpu_7:60.8733333333333
4.7.0-defer:cpu_18:26.3633333333333
4.7.0-defer:cpu_25:58.2933333333333
4.7.0-defer:enp130s0f1_tx_packets:273160
4.7.0-defer:cpu_20:20.1966666666667
4.7.0-defer:Total_rx_packets:1159738.66666667
4.7.0-defer:Total_rx_bytes_phy:11160934182
4.7.0-defer:cache-misses:1556343622.66667
4.7.0-defer:enp4s0f1_rx_packets:0
4.7.0-defer:cpu_4:21.5
4.7.0-defer:cpu_1:72.9133333333333
4.7.0-defer:cpu_3:62.51
4.7.0-defer:TOTAL_ipc:0.423333333333333
4.7.0-defer:LLC-store-misses:178171785.333333
4.7.0-defer:cpu_23:66.5466666666667
4.7.0-defer:cpu_total:43.9866666666667
4.7.0-defer:LLC-load-misses:716577218.666667
4.7.0-defer:TOTAL_l3mpi:0.02
4.7.0-defer:enp4s0f1_tx_queue_stopped:0
4.7.0-defer:enp4s0f1_tx_packets:0
4.7.0-defer:enp130s0f1_rx_packets_phy:792915
4.7.0-defer:enp130s0f1_tx_queue_stopped:0
4.7.0-defer:Read:36376.2066666667
4.7.0-defer:SKT0_l3miss:770333333.333333
4.7.0-defer:Total_tx_bytes_phy:10781800384
4.7.0-defer:enp4s0f0_rx_packets:0
4.7.0-defer:SKT1_l2mpi:0.02
4.7.0-defer:SKT1_l3miss:793333333.333333
4.7.0-defer:cpu_0:23.44
4.7.0-defer:enp4s0f1_rx_packets_phy:0
4.7.0-defer:enp130s0f1_rx_bytes:4911780350
4.7.0-defer:Total_tx_packets:603948
4.7.0-defer:cpu_15:70.26
4.7.0-defer:enp4s0f0_rx_bytes_phy:0
4.7.0-defer:SKT1_ipc:0.51
4.7.0-defer:SKT0_l2mpi:0.0733333333333333
4.7.0-defer:cpu_13:56.33
4.7.0-defer:enp130s0f0_tx_bytes:5985172151.66667
4.7.0-defer:enp130s0f1_rx_packets:588312.666666667
4.7.0-defer:enp130s0f1_tx_packets_phy:727677
4.7.0-defer:enp130s0f0_tx_packets_phy:1290482.33333333
4.7.0-defer:SKT1_l2miss:1119000000
4.7.0-defer:Memory:60590.2833333333
4.7.0-defer:Write:24214.0733333333
4.7.0-defer:enp4s0f0_tx_packets_phy:0
4.7.0-defer:enp4s0f0_tx_packets:0
4.7.0-defer:SKT0_l3mpi:0.0633333333333333
4.7.0-defer:enp130s0f0_tx_packets:330788
4.7.0-defer:enp130s0f0_tx_queue_stopped:0
4.7.0-defer:cpu_22:26.3933333333333
4.7.0-defer:Total_tx_bytes:10750689951
4.7.0-defer:cpu_19:48.1733333333333
4.7.0-defer:cpu_6:36.19
4.7.0-defer:enp130s0f1_rx_bytes_phy:4928334966.66667
4.7.0-defer:enp4s0f0_tx_bytes:0
4.7.0-defer:TOTAL_l3hit:0.216666666666667
4.7.0-defer:cpu_2:25.0966666666667
4.7.0-defer:enp130s0f1_tx_bytes_phy:4768081641.66667
4.7.0-defer:TOTAL_l2miss:1997000000
4.7.0-defer:LLC-store:1831292309
4.7.0-defer:enp130s0f0_rx_packets_phy:910792.333333333
4.7.0-defer:cpu_5:58
4.7.0-defer:cpu_10:42.0666666666667
4.7.0-defer:SKT0_ipc:0.24
4.7.0-defer:enp130s0f0_rx_bytes_phy:6232599215.33333
4.7.0-defer:TOTAL_l2hit:0.293333333333333
4.7.0-defer:SKT0_l2miss:877666666.666667
4.7.0-strict:TOTAL_l2hit:0.713333333333333
4.7.0-strict:SKT0_l2miss:492000
4.7.0-strict:cpu_5:95.71
4.7.0-strict:SKT0_ipc:0.356666666666667
4.7.0-strict:enp130s0f0_rx_bytes_phy:4648241872
4.7.0-strict:cpu_10:37.4233333333333
4.7.0-strict:enp130s0f0_rx_packets_phy:554176.666666667
4.7.0-strict:LLC-store:1301266502
4.7.0-strict:TOTAL_l2miss:32819000
4.7.0-strict:TOTAL_l3hit:0.943333333333333
4.7.0-strict:cpu_2:37.96
4.7.0-strict:enp130s0f1_tx_bytes_phy:2481521062.33333
4.7.0-strict:enp4s0f0_tx_bytes:0
4.7.0-strict:cpu_6:27.5166666666667
4.7.0-strict:enp130s0f1_rx_bytes_phy:4975869411
4.7.0-strict:enp4s0f0_tx_packets:0
4.7.0-strict:SKT0_l3mpi:0
4.7.0-strict:enp130s0f0_tx_queue_stopped:0.666666666666667
4.7.0-strict:cpu_22:26.1266666666667
4.7.0-strict:enp130s0f0_tx_packets:138840.333333333
4.7.0-strict:enp4s0f0_tx_packets_phy:0
4.7.0-strict:cpu_19:100
4.7.0-strict:Total_tx_bytes:4937543230
4.7.0-strict:Memory:37218.7333333333
4.7.0-strict:Write:15247.36
4.7.0-strict:enp130s0f0_tx_packets_phy:669553.333333333
4.7.0-strict:enp130s0f1_tx_packets_phy:428460
4.7.0-strict:enp130s0f1_rx_packets:244249.333333333
4.7.0-strict:SKT1_l2miss:32000000
4.7.0-strict:cpu_13:100
4.7.0-strict:SKT0_l2mpi:0.0133333333333333
4.7.0-strict:SKT1_ipc:0.46
4.7.0-strict:enp130s0f0_tx_bytes:2434944511.66667
4.7.0-strict:cpu_15:100
4.7.0-strict:Total_tx_packets:324898.666666667
4.7.0-strict:enp4s0f0_rx_bytes_phy:0
4.7.0-strict:SKT1_l3miss:1371666.66666667
4.7.0-strict:SKT1_l2mpi:0.01
4.7.0-strict:cpu_0:28.04
4.7.0-strict:enp4s0f0_rx_packets:0
4.7.0-strict:enp130s0f1_rx_bytes:4982836030.66667
4.7.0-strict:enp4s0f1_rx_packets_phy:0
4.7.0-strict:enp130s0f1_rx_packets_phy:605043.333333333
4.7.0-strict:Total_tx_bytes_phy:4943517997
4.7.0-strict:SKT0_l3miss:91333.3333333333
4.7.0-strict:enp130s0f1_tx_queue_stopped:4
4.7.0-strict:Read:21971.3766666667
4.7.0-strict:LLC-load-misses:531796423.666667
4.7.0-strict:TOTAL_l3mpi:0
4.7.0-strict:enp4s0f1_tx_packets:0
4.7.0-strict:enp4s0f1_tx_queue_stopped:0
4.7.0-strict:cpu_3:100
4.7.0-strict:TOTAL_ipc:0.453333333333333
4.7.0-strict:LLC-store-misses:106174127
4.7.0-strict:cpu_23:100
4.7.0-strict:cpu_total:64.2
4.7.0-strict:cpu_1:100
4.7.0-strict:cpu_4:29.5466666666667
4.7.0-strict:cache-misses:1161218461
4.7.0-strict:enp4s0f1_rx_packets:0
4.7.0-strict:Total_rx_packets:413257
4.7.0-strict:Total_rx_bytes_phy:9624111283
4.7.0-strict:cpu_25:91.5433333333333
4.7.0-strict:cpu_18:33.4533333333333
4.7.0-strict:cpu_20:28.12
4.7.0-strict:enp130s0f1_tx_packets:186058.333333333
4.7.0-strict:cpu_7:100
4.7.0-strict:cpu_26:24.3733333333333
4.7.0-strict:cpu_9:100
4.7.0-strict:enp4s0f1_tx_bytes:0
4.7.0-strict:cpu_21:100
4.7.0-strict:Total_rx_packets_phy:1159220
4.7.0-strict:cpu_16:30.1533333333333
4.7.0-strict:enp4s0f0_tx_queue_stopped:0
4.7.0-strict:LLC-load:1011966729.66667
4.7.0-strict:TOTAL_l3miss:1463000
4.7.0-strict:enp4s0f1_rx_bytes:0
4.7.0-strict:cpu_14:24.16
4.7.0-strict:instructions:75900756394
4.7.0-strict:enp4s0f1_tx_bytes_phy:0
4.7.0-strict:enp130s0f0_rx_bytes:4530373831
4.7.0-strict:enp4s0f0_rx_bytes:0
4.7.0-strict:cpu_8:30.2633333333333
4.7.0-strict:enp4s0f1_rx_bytes_phy:0
4.7.0-strict:SKT1_l3mpi:0
4.7.0-strict:cpu_24:26.1933333333333
4.7.0-strict:enp4s0f1_tx_packets_phy:0
4.7.0-strict:SKT1_l2hit:0.723333333333333
4.7.0-strict:Total_rx_bytes:9513209861.66667
4.7.0-strict:cpu_17:100
4.7.0-strict:TOTAL_l2mpi:0.01
4.7.0-strict:cpu_27:100
4.7.0-strict:SKT0_l3hit:0.816666666666667
4.7.0-strict:enp130s0f0_rx_packets:169007.666666667
4.7.0-strict:cpu_11:100
4.7.0-strict:cache-references:3761747631.66667
4.7.0-strict:Total_tx_queue_stopped:4.66666666666667
4.7.0-strict:cpu_12:26.08
4.7.0-strict:enp130s0f0_tx_bytes_phy:2461996934.66667
4.7.0-strict:cycles:251261110995
4.7.0-strict:Total_tx_packets_phy:1098013.33333333
4.7.0-strict:SKT0_l2hit:0.203333333333333
4.7.0-strict:enp4s0f0_rx_packets_phy:0
4.7.0-strict:enp4s0f0_tx_bytes_phy:0
4.7.0-strict:SKT1_l3hit:0.95
4.7.0-strict:16384:87380
4.7.0-strict:enp130s0f1_tx_bytes:2502598718.33333
4.7.0-unsafe:TOTAL_l2mpi:0.04
4.7.0-unsafe:cpu_27:58.17
4.7.0-unsafe:Total_rx_bytes:12988650152.6667
4.7.0-unsafe:cpu_17:48.0366666666667
4.7.0-unsafe:cache-references:6032205719.33333
4.7.0-unsafe:Total_tx_queue_stopped:0
4.7.0-unsafe:cpu_12:27.1233333333333
4.7.0-unsafe:enp130s0f0_tx_bytes_phy:6351390583.33333
4.7.0-unsafe:SKT0_l3hit:0.12
4.7.0-unsafe:cpu_11:61.7633333333333
4.7.0-unsafe:enp130s0f0_rx_packets:694511
4.7.0-unsafe:cycles:152923200165.667
4.7.0-unsafe:Total_tx_packets_phy:2003583.33333333
4.7.0-unsafe:SKT0_l2hit:0.26
4.7.0-unsafe:enp130s0f1_tx_bytes:4835338654.66667
4.7.0-unsafe:SKT1_l3hit:0.276666666666667
4.7.0-unsafe:enp4s0f0_rx_packets_phy:0
4.7.0-unsafe:enp4s0f0_tx_bytes_phy:0
4.7.0-unsafe:16384:87380
4.7.0-unsafe:cpu_26:27.78
4.7.0-unsafe:cpu_7:68.3
4.7.0-unsafe:cpu_25:54.5766666666667
4.7.0-unsafe:cpu_18:26.47
4.7.0-unsafe:enp130s0f1_tx_packets:280717.666666667
4.7.0-unsafe:cpu_20:30.0666666666667
4.7.0-unsafe:cpu_16:22.55
4.7.0-unsafe:TOTAL_l3miss:1642000000
4.7.0-unsafe:LLC-load:1667010537.66667
4.7.0-unsafe:enp4s0f1_rx_bytes:0
4.7.0-unsafe:enp4s0f0_tx_queue_stopped:0
4.7.0-unsafe:enp4s0f1_tx_bytes:0
4.7.0-unsafe:cpu_9:65.0333333333333
4.7.0-unsafe:Total_rx_packets_phy:1943325.33333333
4.7.0-unsafe:cpu_21:43.7933333333333
4.7.0-unsafe:cpu_8:36.9266666666667
4.7.0-unsafe:enp4s0f0_rx_bytes:0
4.7.0-unsafe:enp130s0f0_rx_bytes:8022133603.66667
4.7.0-unsafe:enp4s0f1_rx_bytes_phy:0
4.7.0-unsafe:instructions:52136678789
4.7.0-unsafe:cpu_14:27.7766666666667
4.7.0-unsafe:enp4s0f1_tx_bytes_phy:0
4.7.0-unsafe:SKT1_l2hit:0.313333333333333
4.7.0-unsafe:SKT1_l3mpi:0.02
4.7.0-unsafe:cpu_24:30.0633333333333
4.7.0-unsafe:enp4s0f1_tx_packets_phy:0
4.7.0-unsafe:cpu_15:56.21
4.7.0-unsafe:Total_tx_packets:659600.333333333
4.7.0-unsafe:enp4s0f0_rx_bytes_phy:0
4.7.0-unsafe:SKT1_ipc:0.4
4.7.0-unsafe:cpu_13:54.5733333333333
4.7.0-unsafe:SKT0_l2mpi:0.0766666666666667
4.7.0-unsafe:enp130s0f0_tx_bytes:6328685948.33333
4.7.0-unsafe:enp130s0f1_rx_packets_phy:803525.333333333
4.7.0-unsafe:Read:38031.2866666667
4.7.0-unsafe:enp130s0f1_tx_queue_stopped:0
4.7.0-unsafe:Total_tx_bytes_phy:11189664647.3333
4.7.0-unsafe:SKT0_l3miss:805000000
4.7.0-unsafe:enp4s0f0_rx_packets:0
4.7.0-unsafe:SKT1_l3miss:836666666.666667
4.7.0-unsafe:SKT1_l2mpi:0.03
4.7.0-unsafe:cpu_0:26.47
4.7.0-unsafe:enp4s0f1_rx_packets_phy:0
4.7.0-unsafe:enp130s0f1_rx_bytes:4966516549
4.7.0-unsafe:TOTAL_ipc:0.343333333333333
4.7.0-unsafe:cpu_3:58.4966666666667
4.7.0-unsafe:LLC-store-misses:186324136.333333
4.7.0-unsafe:cpu_total:42.3333333333333
4.7.0-unsafe:cpu_23:46.4033333333333
4.7.0-unsafe:TOTAL_l3mpi:0.03
4.7.0-unsafe:LLC-load-misses:766123543
4.7.0-unsafe:enp4s0f1_tx_queue_stopped:0
4.7.0-unsafe:enp4s0f1_tx_packets:0
4.7.0-unsafe:Total_rx_packets:1293866.66666667
4.7.0-unsafe:Total_rx_bytes_phy:13038971118.3333
4.7.0-unsafe:enp4s0f1_rx_packets:0
4.7.0-unsafe:cache-misses:1636016511.33333
4.7.0-unsafe:cpu_4:27.1233333333333
4.7.0-unsafe:cpu_1:59.15
4.7.0-unsafe:cpu_5:63.7266666666667
4.7.0-unsafe:cpu_10:27.45
4.7.0-unsafe:SKT0_ipc:0.226666666666667
4.7.0-unsafe:enp130s0f0_rx_bytes_phy:8055962771.33333
4.7.0-unsafe:TOTAL_l2hit:0.29
4.7.0-unsafe:SKT0_l2miss:913666666.666667
4.7.0-unsafe:enp130s0f1_tx_bytes_phy:4838274064
4.7.0-unsafe:TOTAL_l3hit:0.21
4.7.0-unsafe:cpu_2:33.3333333333333
4.7.0-unsafe:enp4s0f0_tx_bytes:0
4.7.0-unsafe:TOTAL_l2miss:2069333333.33333
4.7.0-unsafe:enp130s0f0_rx_packets_phy:1139800
4.7.0-unsafe:LLC-store:1991189942
4.7.0-unsafe:enp4s0f0_tx_packets_phy:0
4.7.0-unsafe:SKT0_l3mpi:0.0666666666666667
4.7.0-unsafe:enp4s0f0_tx_packets:0
4.7.0-unsafe:cpu_22:26.47
4.7.0-unsafe:enp130s0f0_tx_packets:378882.666666667
4.7.0-unsafe:enp130s0f0_tx_queue_stopped:0
4.7.0-unsafe:Total_tx_bytes:11164024603
4.7.0-unsafe:cpu_19:50.6533333333333
4.7.0-unsafe:cpu_6:26.47
4.7.0-unsafe:enp130s0f1_rx_bytes_phy:4983008347
4.7.0-unsafe:enp130s0f1_rx_packets:599355.666666667
4.7.0-unsafe:enp130s0f1_tx_packets_phy:738137
4.7.0-unsafe:enp130s0f0_tx_packets_phy:1265446.33333333
4.7.0-unsafe:SKT1_l2miss:1155666666.66667
4.7.0-unsafe:Memory:64418.7833333333
4.7.0-unsafe:Write:26387.4966666667
