4.7.0-damn-strict:enp4s0f0_rx_packets:0
4.7.0-damn-strict:cpu_22:0
4.7.0-damn-strict:cpu_10:0.326666666666667
4.7.0-damn-strict:enp4s0f1_tx_bytes_phy:0
4.7.0-damn-strict:enp4s0f0_tx_bytes_phy:0
4.7.0-damn-strict:SKT1_l2hit:0.176666666666667
4.7.0-damn-strict:SKT0_l3mpi:0
4.7.0-damn-strict:cpu_26:0
4.7.0-damn-strict:enp4s0f1_tx_packets_phy:0
4.7.0-damn-strict:enp4s0f1_rx_packets_phy:0
4.7.0-damn-strict:Total_rx_bytes:11435826
4.7.0-damn-strict:Total_tx_bytes_phy:12197798.6666667
4.7.0-damn-strict:SKT0_l2mpi:0
4.7.0-damn-strict:Total_tx_bytes:11435767.3333333
4.7.0-damn-strict:SKT1_ipc:0.813333333333333
4.7.0-damn-strict:cpu_8:0
4.7.0-damn-strict:Read:186.343333333333
4.7.0-damn-strict:LLC-load-misses:4496347
4.7.0-damn-strict:LLC-load:98868461.6666667
4.7.0-damn-strict:Total_rx_packets_phy:190589
4.7.0-damn-strict:SKT1_l2miss:3663333.33333333
4.7.0-damn-strict:enp130s0f0_rx_bytes_phy:12197736.6666667
4.7.0-damn-strict:cpu_11:0
4.7.0-damn-strict:enp130s0f0_tx_packets:190595.666666667
4.7.0-damn-strict:LLC-store:22069392.6666667
4.7.0-damn-strict:cpu_18:0
4.7.0-damn-strict:enp130s0f1_tx_packets:0
4.7.0-damn-strict:cpu_13:0
4.7.0-damn-strict:instructions:15224918997.6667
4.7.0-damn-strict:enp4s0f1_rx_packets:0
4.7.0-damn-strict:enp130s0f0_rx_packets_phy:190589
4.7.0-damn-strict:TOTAL_l2miss:68666666.6666667
4.7.0-damn-strict:enp4s0f0_tx_bytes:0
4.7.0-damn-strict:cpu_23:0
4.7.0-damn-strict:enp4s0f0_rx_packets_phy:0
4.7.0-damn-strict:cpu_9:0.653333333333333
4.7.0-damn-strict:cpu_15:0
4.7.0-damn-strict:cpu_0:0.326666666666667
4.7.0-damn-strict:cpu_16:0
4.7.0-damn-strict:TOTAL_l3hit:0.893333333333333
4.7.0-damn-strict:SKT1_l3hit:0.79
4.7.0-damn-strict:enp4s0f0_rx_bytes:0
4.7.0-damn-strict:SKT0_l3hit:0.9
4.7.0-damn-strict:enp4s0f1_tx_packets:0
4.7.0-damn-strict:SKT1_l2mpi:0.01
4.7.0-damn-strict:TOTAL_l2hit:0.74
4.7.0-damn-strict:cycles:16795186284.6667
4.7.0-damn-strict:SKT1_l3mpi:0
4.7.0-damn-strict:Memory:269.636666666667
4.7.0-damn-strict:cpu_24:0
4.7.0-damn-strict:SKT0_l3miss:6648000
4.7.0-damn-strict:enp4s0f1_rx_bytes_phy:0
4.7.0-damn-strict:cpu_5:0.326666666666667
4.7.0-damn-strict:cpu_25:0
4.7.0-damn-strict:enp130s0f0_tx_bytes_phy:12197798.6666667
4.7.0-damn-strict:cpu_27:1.96
4.7.0-damn-strict:cpu_17:0
4.7.0-damn-strict:SKT0_l2hit:0.75
4.7.0-damn-strict:cpu_21:0
4.7.0-damn-strict:cpu_20:0
4.7.0-damn-strict:cpu_14:2.28666666666667
4.7.0-damn-strict:TOTAL_ipc:0.906666666666667
4.7.0-damn-strict:cpu_12:0
4.7.0-damn-strict:enp130s0f1_tx_bytes_phy:0
4.7.0-damn-strict:Total_tx_packets_phy:190590.666666667
4.7.0-damn-strict:TOTAL_l2mpi:0
4.7.0-damn-strict:cpu_3:0
4.7.0-damn-strict:SKT1_l3miss:757333.333333333
4.7.0-damn-strict:enp130s0f1_rx_packets:0
4.7.0-damn-strict:Total_rx_bytes_phy:12197736.6666667
4.7.0-damn-strict:cpu_2:99.02
4.7.0-damn-strict:cpu_1:0.326666666666667
4.7.0-damn-strict:212992:212992
4.7.0-damn-strict:enp130s0f1_rx_packets_phy:0
4.7.0-damn-strict:enp130s0f0_rx_packets:190596.666666667
4.7.0-damn-strict:enp130s0f0_tx_bytes:11435767.3333333
4.7.0-damn-strict:enp4s0f0_tx_packets_phy:0
4.7.0-damn-strict:enp130s0f0_tx_packets_phy:190590.666666667
4.7.0-damn-strict:enp130s0f1_rx_bytes_phy:0
4.7.0-damn-strict:cpu_7:0
4.7.0-damn-strict:TOTAL_l3miss:7405666.66666667
4.7.0-damn-strict:enp130s0f1_rx_bytes:0
4.7.0-damn-strict:Write:83.2966666666667
4.7.0-damn-strict:enp130s0f1_tx_packets_phy:0
4.7.0-damn-strict:cpu_total:3.62
4.7.0-damn-strict:enp4s0f1_tx_bytes:0
4.7.0-damn-strict:TOTAL_l3mpi:0
4.7.0-damn-strict:enp4s0f0_tx_packets:0
4.7.0-damn-strict:cpu_19:0
4.7.0-damn-strict:Total_tx_packets:190595.666666667
4.7.0-damn-strict:enp4s0f0_rx_bytes_phy:0
4.7.0-damn-strict:Total_rx_packets:190596.666666667
4.7.0-damn-strict:cache-misses:7391254.66666667
4.7.0-damn-strict:LLC-store-misses:1234357.33333333
4.7.0-damn-strict:SKT0_ipc:0.906666666666667
4.7.0-damn-strict:cache-references:211646054.333333
4.7.0-damn-strict:enp130s0f1_tx_bytes:0
4.7.0-damn-strict:enp130s0f0_rx_bytes:11435826
4.7.0-damn-strict:SKT0_l2miss:65000000
4.7.0-damn-strict:cpu_4:0
4.7.0-damn-strict:enp4s0f1_rx_bytes:0
4.7.0-damn-strict:cpu_6:0
4.7.0-unsafe:SKT1_l2miss:3698000
4.7.0-unsafe:Total_rx_packets_phy:190186.666666667
4.7.0-unsafe:enp130s0f0_rx_bytes_phy:12171953
4.7.0-unsafe:cpu_11:0
4.7.0-unsafe:LLC-load:101037043.333333
4.7.0-unsafe:LLC-load-misses:4611340.66666667
4.7.0-unsafe:Read:140.586666666667
4.7.0-unsafe:cpu_8:0
4.7.0-unsafe:Total_tx_bytes_phy:12171765.3333333
4.7.0-unsafe:SKT0_l2mpi:0
4.7.0-unsafe:SKT1_ipc:0.843333333333333
4.7.0-unsafe:Total_tx_bytes:11411946.6666667
4.7.0-unsafe:enp4s0f1_rx_packets_phy:0
4.7.0-unsafe:Total_rx_bytes:11411479
4.7.0-unsafe:enp4s0f1_tx_packets_phy:0
4.7.0-unsafe:SKT1_l2hit:0.18
4.7.0-unsafe:enp4s0f0_tx_bytes_phy:0
4.7.0-unsafe:enp4s0f1_tx_bytes_phy:0
4.7.0-unsafe:cpu_26:0.98
4.7.0-unsafe:SKT0_l3mpi:0
4.7.0-unsafe:enp4s0f0_rx_packets:0
4.7.0-unsafe:cpu_10:0
4.7.0-unsafe:cpu_22:0
4.7.0-unsafe:TOTAL_l2hit:0.75
4.7.0-unsafe:SKT1_l3mpi:0
4.7.0-unsafe:cycles:16814726734.3333
4.7.0-unsafe:SKT1_l2mpi:0.01
4.7.0-unsafe:Memory:224.373333333333
4.7.0-unsafe:SKT0_l3hit:0.896666666666667
4.7.0-unsafe:enp4s0f1_tx_packets:0
4.7.0-unsafe:cpu_0:0.326666666666667
4.7.0-unsafe:cpu_15:0.326666666666667
4.7.0-unsafe:enp4s0f0_rx_bytes:0
4.7.0-unsafe:cpu_16:0
4.7.0-unsafe:TOTAL_l3hit:0.893333333333333
4.7.0-unsafe:SKT1_l3hit:0.786666666666667
4.7.0-unsafe:cpu_9:0.653333333333333
4.7.0-unsafe:enp4s0f0_rx_packets_phy:0
4.7.0-unsafe:cpu_23:0
4.7.0-unsafe:instructions:15354880526
4.7.0-unsafe:enp4s0f1_rx_packets:0
4.7.0-unsafe:enp4s0f0_tx_bytes:0
4.7.0-unsafe:enp130s0f0_rx_packets_phy:190186.666666667
4.7.0-unsafe:TOTAL_l2miss:68666666.6666667
4.7.0-unsafe:cpu_13:0.326666666666667
4.7.0-unsafe:enp130s0f1_tx_packets:0
4.7.0-unsafe:enp130s0f0_tx_packets:190198.666666667
4.7.0-unsafe:LLC-store:19147879
4.7.0-unsafe:cpu_18:0
4.7.0-unsafe:enp130s0f1_rx_bytes:0
4.7.0-unsafe:Write:83.7866666666667
4.7.0-unsafe:enp130s0f1_tx_packets_phy:0
4.7.0-unsafe:TOTAL_l3miss:7390333.33333333
4.7.0-unsafe:cpu_total:3.76
4.7.0-unsafe:enp130s0f0_rx_packets:190191
4.7.0-unsafe:enp130s0f1_rx_bytes_phy:0
4.7.0-unsafe:cpu_7:0
4.7.0-unsafe:enp130s0f0_tx_packets_phy:190183
4.7.0-unsafe:enp130s0f0_tx_bytes:11411946.6666667
4.7.0-unsafe:enp4s0f0_tx_packets_phy:0
4.7.0-unsafe:cpu_2:99.3466666666666
4.7.0-unsafe:212992:212992
4.7.0-unsafe:enp130s0f1_rx_packets_phy:0
4.7.0-unsafe:cpu_1:0
4.7.0-unsafe:SKT1_l3miss:780666.666666667
4.7.0-unsafe:Total_rx_bytes_phy:12171953
4.7.0-unsafe:enp130s0f1_rx_packets:0
4.7.0-unsafe:enp130s0f1_tx_bytes_phy:0
4.7.0-unsafe:TOTAL_ipc:0.91
4.7.0-unsafe:cpu_12:3.92
4.7.0-unsafe:TOTAL_l2mpi:0
4.7.0-unsafe:cpu_3:0.326666666666667
4.7.0-unsafe:Total_tx_packets_phy:190183
4.7.0-unsafe:cpu_14:0
4.7.0-unsafe:cpu_20:0
4.7.0-unsafe:cpu_21:0
4.7.0-unsafe:SKT0_l2hit:0.756666666666667
4.7.0-unsafe:cpu_5:0.98
4.7.0-unsafe:cpu_17:0
4.7.0-unsafe:cpu_25:0
4.7.0-unsafe:enp130s0f0_tx_bytes_phy:12171765.3333333
4.7.0-unsafe:cpu_27:1.30666666666667
4.7.0-unsafe:cpu_24:0
4.7.0-unsafe:SKT0_l3miss:6609333.33333333
4.7.0-unsafe:enp4s0f1_rx_bytes_phy:0
4.7.0-unsafe:enp4s0f1_rx_bytes:0
4.7.0-unsafe:cpu_4:0
4.7.0-unsafe:cpu_6:0
4.7.0-unsafe:enp130s0f0_rx_bytes:11411479
4.7.0-unsafe:enp130s0f1_tx_bytes:0
4.7.0-unsafe:SKT0_ipc:0.913333333333333
4.7.0-unsafe:cache-references:202081620.666667
4.7.0-unsafe:SKT0_l2miss:64666666.6666667
4.7.0-unsafe:LLC-store-misses:1377028.33333333
4.7.0-unsafe:cache-misses:7375926
4.7.0-unsafe:Total_rx_packets:190191
4.7.0-unsafe:cpu_19:0
4.7.0-unsafe:Total_tx_packets:190198.666666667
4.7.0-unsafe:enp4s0f0_rx_bytes_phy:0
4.7.0-unsafe:TOTAL_l3mpi:0
4.7.0-unsafe:enp4s0f0_tx_packets:0
4.7.0-unsafe:enp4s0f1_tx_bytes:0
