4.7.0-copy-plus-strict:Total_rx_bytes:4209712.6
4.7.0-copy-plus-strict:enp4s0f0_tx_packets_phy:0
4.7.0-copy-plus-strict:enp130s0f0_tx_packets:76436.6
4.7.0-copy-plus-strict:LLC-store:715777266.2
4.7.0-copy-plus-strict:enp130s0f1_tx_bytes:0
4.7.0-copy-plus-strict:enp4s0f0_tx_bytes:0
4.7.0-copy-plus-strict:Total_rx_packets:63687
4.7.0-copy-plus-strict:enp130s0f0_rx_bytes_phy:4464107.8
4.7.0-copy-plus-strict:enp4s0f1_tx_bytes_phy:0
4.7.0-copy-plus-strict:enp4s0f0_tx_bytes_phy:0
4.7.0-copy-plus-strict:cpu_11:0
4.7.0-copy-plus-strict:enp130s0f1_tx_packets:0
4.7.0-copy-plus-strict:cpu_13:0
4.7.0-copy-plus-strict:enp4s0f0_tx_packets:0
4.7.0-copy-plus-strict:cache-misses:14969689.6
4.7.0-copy-plus-strict:enp130s0f1_rx_bytes:0
4.7.0-copy-plus-strict:cpu_21:0
4.7.0-copy-plus-strict:cpu_20:0
4.7.0-copy-plus-strict:cpu_total:3.236
4.7.0-copy-plus-strict:cpu_24:0
4.7.0-copy-plus-strict:cpu_5:0
4.7.0-copy-plus-strict:enp4s0f1_tx_packets_phy:0
4.7.0-copy-plus-strict:cpu_15:0
4.7.0-copy-plus-strict:cpu_18:0
4.7.0-copy-plus-strict:cpu_12:0
4.7.0-copy-plus-strict:cpu_1:0
4.7.0-copy-plus-strict:cache-references:1707872597.8
4.7.0-copy-plus-strict:cpu_7:0.196
4.7.0-copy-plus-strict:enp130s0f0_tx_bytes:4731172928.4
4.7.0-copy-plus-strict:cpu_17:0.196
4.7.0-copy-plus-strict:Total_rx_bytes_phy:4464107.8
4.7.0-copy-plus-strict:cpu_4:0
4.7.0-copy-plus-strict:LLC-load-misses:9058763
4.7.0-copy-plus-strict:cpu_25:0
4.7.0-copy-plus-strict:enp130s0f1_tx_bytes_phy:0
4.7.0-copy-plus-strict:instructions:6017326193.4
4.7.0-copy-plus-strict:enp4s0f1_tx_packets:0
4.7.0-copy-plus-strict:Total_tx_bytes:4731172928.4
4.7.0-copy-plus-strict:cpu_23:0
4.7.0-copy-plus-strict:cpu_9:0
4.7.0-copy-plus-strict:enp130s0f1_rx_packets_phy:0
4.7.0-copy-plus-strict:LLC-load:287493041
4.7.0-copy-plus-strict:cpu_22:0
4.7.0-copy-plus-strict:enp130s0f1_rx_packets:0
4.7.0-copy-plus-strict:cpu_19:0
4.7.0-copy-plus-strict:cpu_6:0
4.7.0-copy-plus-strict:enp4s0f1_rx_bytes:0
4.7.0-copy-plus-strict:cpu_16:0
4.7.0-copy-plus-strict:Total_tx_packets_phy:3127620.4
4.7.0-copy-plus-strict:Total_rx_packets_phy:63683.4
4.7.0-copy-plus-strict:enp130s0f0_rx_packets:63687
4.7.0-copy-plus-strict:enp130s0f0_rx_bytes:4209712.6
4.7.0-copy-plus-strict:cpu_26:0
4.7.0-copy-plus-strict:LLC-store-misses:1042186.6
4.7.0-copy-plus-strict:cpu_0:0
4.7.0-copy-plus-strict:cpu_3:0
4.7.0-copy-plus-strict:16384:87380
4.7.0-copy-plus-strict:enp4s0f1_tx_bytes:0
4.7.0-copy-plus-strict:enp4s0f0_rx_packets_phy:0
4.7.0-copy-plus-strict:cycles:18241819691.2
4.7.0-copy-plus-strict:enp4s0f0_rx_bytes:0
4.7.0-copy-plus-strict:cpu_14:0
4.7.0-copy-plus-strict:enp130s0f1_tx_packets_phy:0
4.7.0-copy-plus-strict:enp130s0f0_rx_packets_phy:63683.4
4.7.0-copy-plus-strict:cpu_8:0
4.7.0-copy-plus-strict:Total_tx_bytes_phy:4744160895
4.7.0-copy-plus-strict:enp4s0f1_rx_packets_phy:0
4.7.0-copy-plus-strict:enp4s0f1_rx_bytes_phy:0
4.7.0-copy-plus-strict:enp130s0f0_tx_packets_phy:3127620.4
4.7.0-copy-plus-strict:enp4s0f0_rx_packets:0
4.7.0-copy-plus-strict:cpu_10:0
4.7.0-copy-plus-strict:cpu_2:98.236
4.7.0-copy-plus-strict:enp4s0f1_rx_packets:0
4.7.0-copy-plus-strict:enp4s0f0_rx_bytes_phy:0
4.7.0-copy-plus-strict:enp130s0f1_rx_bytes_phy:0
4.7.0-copy-plus-strict:cpu_27:0.196
4.7.0-copy-plus-strict:enp130s0f0_tx_bytes_phy:4744160895
4.7.0-copy-plus-strict:Total_tx_packets:76436.6
4.7.0-damn-strict:cpu_14:0
4.7.0-damn-strict:cycles:12620433420.8
4.7.0-damn-strict:enp4s0f0_rx_bytes:0
4.7.0-damn-strict:TOTAL_l2miss:102800000
4.7.0-damn-strict:enp4s0f0_rx_packets_phy:0
4.7.0-damn-strict:TOTAL_ipc:0.362
4.7.0-damn-strict:enp4s0f1_tx_bytes:0
4.7.0-damn-strict:enp4s0f1_rx_packets_phy:0
4.7.0-damn-strict:enp4s0f1_rx_bytes_phy:0
4.7.0-damn-strict:cpu_8:0
4.7.0-damn-strict:Total_tx_bytes_phy:5354732260
4.7.0-damn-strict:enp130s0f1_tx_packets_phy:0
4.7.0-damn-strict:enp130s0f0_rx_packets_phy:66273
4.7.0-damn-strict:Memory:6377.728
4.7.0-damn-strict:TOTAL_l3hit:0.802
4.7.0-damn-strict:16384:87380
4.7.0-damn-strict:enp4s0f0_rx_bytes_phy:0
4.7.0-damn-strict:enp130s0f1_rx_bytes_phy:0
4.7.0-damn-strict:enp4s0f1_rx_packets:0
4.7.0-damn-strict:Total_tx_packets:87974.6
4.7.0-damn-strict:enp130s0f0_tx_bytes_phy:5354732260
4.7.0-damn-strict:TOTAL_l2mpi:0.02
4.7.0-damn-strict:cpu_27:0
4.7.0-damn-strict:enp130s0f0_tx_packets_phy:3530946.2
4.7.0-damn-strict:cpu_2:75.098
4.7.0-damn-strict:cpu_10:0
4.7.0-damn-strict:enp4s0f0_rx_packets:0
4.7.0-damn-strict:SKT0_l2mpi:0.02
4.7.0-damn-strict:enp130s0f1_rx_packets:0
4.7.0-damn-strict:cpu_19:0
4.7.0-damn-strict:LLC-load:168636401.4
4.7.0-damn-strict:enp130s0f1_rx_packets_phy:0
4.7.0-damn-strict:TOTAL_l3mpi:0.004
4.7.0-damn-strict:cpu_22:0
4.7.0-damn-strict:LLC-store-misses:7645589.4
4.7.0-damn-strict:SKT0_l3hit:0.802
4.7.0-damn-strict:cpu_3:0
4.7.0-damn-strict:cpu_0:0
4.7.0-damn-strict:enp130s0f0_rx_packets:66266
4.7.0-damn-strict:Total_rx_packets_phy:66273
4.7.0-damn-strict:Total_tx_packets_phy:3530946.2
4.7.0-damn-strict:enp4s0f1_rx_bytes:0
4.7.0-damn-strict:cpu_16:0
4.7.0-damn-strict:SKT0_l2hit:0.642
4.7.0-damn-strict:cpu_6:0
4.7.0-damn-strict:cpu_26:0
4.7.0-damn-strict:enp130s0f0_rx_bytes:4384555.4
4.7.0-damn-strict:SKT1_ipc:0.336
4.7.0-damn-strict:cpu_18:0
4.7.0-damn-strict:SKT1_l2hit:0.136
4.7.0-damn-strict:SKT1_l3hit:0.836
4.7.0-damn-strict:enp4s0f1_tx_packets_phy:0
4.7.0-damn-strict:cpu_15:0
4.7.0-damn-strict:TOTAL_l2hit:0.638
4.7.0-damn-strict:cpu_5:0
4.7.0-damn-strict:cpu_24:0
4.7.0-damn-strict:cache-references:987474623.2
4.7.0-damn-strict:cpu_1:0.392
4.7.0-damn-strict:cpu_12:0
4.7.0-damn-strict:SKT0_l3miss:20200000
4.7.0-damn-strict:cache-misses:19654751.2
4.7.0-damn-strict:Read:5551.104
4.7.0-damn-strict:enp130s0f1_rx_bytes:0
4.7.0-damn-strict:enp4s0f0_tx_packets:0
4.7.0-damn-strict:cpu_13:0
4.7.0-damn-strict:cpu_total:2.402
4.7.0-damn-strict:cpu_20:0
4.7.0-damn-strict:cpu_21:0.196
4.7.0-damn-strict:Write:826.624
4.7.0-damn-strict:Total_tx_bytes:5339755697.8
4.7.0-damn-strict:instructions:4593315912.8
4.7.0-damn-strict:SKT1_l3mpi:0
4.7.0-damn-strict:enp4s0f1_tx_packets:0
4.7.0-damn-strict:enp130s0f1_tx_bytes_phy:0
4.7.0-damn-strict:cpu_25:0
4.7.0-damn-strict:cpu_9:0
4.7.0-damn-strict:cpu_23:0
4.7.0-damn-strict:cpu_4:0
4.7.0-damn-strict:Total_rx_bytes_phy:4650081.4
4.7.0-damn-strict:cpu_7:0
4.7.0-damn-strict:enp130s0f0_tx_bytes:5339755697.8
4.7.0-damn-strict:cpu_17:0
4.7.0-damn-strict:LLC-load-misses:7532828
4.7.0-damn-strict:SKT0_l2miss:100800000
4.7.0-damn-strict:enp130s0f0_tx_packets:87974.6
4.7.0-damn-strict:TOTAL_l3miss:20400000
4.7.0-damn-strict:SKT0_ipc:0.362
4.7.0-damn-strict:enp130s0f1_tx_bytes:0
4.7.0-damn-strict:LLC-store:399012675.8
4.7.0-damn-strict:SKT1_l2mpi:0.02
4.7.0-damn-strict:Total_rx_bytes:4384555.4
4.7.0-damn-strict:enp4s0f0_tx_packets_phy:0
4.7.0-damn-strict:SKT1_l2miss:1646600
4.7.0-damn-strict:cpu_11:0.196
4.7.0-damn-strict:enp4s0f0_tx_bytes_phy:0
4.7.0-damn-strict:SKT0_l3mpi:0.004
4.7.0-damn-strict:enp130s0f1_tx_packets:0
4.7.0-damn-strict:enp4s0f0_tx_bytes:0
4.7.0-damn-strict:enp4s0f1_tx_bytes_phy:0
4.7.0-damn-strict:SKT1_l3miss:267600
4.7.0-damn-strict:Total_rx_packets:66266
4.7.0-damn-strict:enp130s0f0_rx_bytes_phy:4650081.4
4.7.0-deff:enp130s0f0_tx_packets:99649.8
4.7.0-deff:TOTAL_l3miss:6488600
4.7.0-deff:SKT0_ipc:0.628
4.7.0-deff:enp130s0f1_tx_bytes:0
4.7.0-deff:LLC-store:456175352.8
4.7.0-deff:SKT1_l2mpi:0.02
4.7.0-deff:Total_rx_bytes:4704755.6
4.7.0-deff:enp4s0f0_tx_packets_phy:0
4.7.0-deff:SKT1_l2miss:1577000
4.7.0-deff:cpu_11:0
4.7.0-deff:enp4s0f0_tx_bytes_phy:0
4.7.0-deff:SKT0_l3mpi:0
4.7.0-deff:enp130s0f1_tx_packets:0
4.7.0-deff:enp4s0f0_tx_bytes:0
4.7.0-deff:enp4s0f1_tx_bytes_phy:0
4.7.0-deff:Total_rx_packets:71194.8
4.7.0-deff:SKT1_l3miss:264400
4.7.0-deff:enp130s0f0_rx_bytes_phy:4989926
4.7.0-deff:cpu_18:0
4.7.0-deff:SKT1_l2hit:0.134
4.7.0-deff:SKT1_l3hit:0.832
4.7.0-deff:cpu_15:0
4.7.0-deff:enp4s0f1_tx_packets_phy:0
4.7.0-deff:cpu_24:0
4.7.0-deff:TOTAL_l2hit:0.664
4.7.0-deff:cpu_5:0
4.7.0-deff:cpu_1:0
4.7.0-deff:cache-references:1163655048.8
4.7.0-deff:cpu_12:0
4.7.0-deff:SKT0_l3miss:6223800
4.7.0-deff:cache-misses:6773246
4.7.0-deff:Read:5948.76
4.7.0-deff:enp130s0f1_rx_bytes:0
4.7.0-deff:enp4s0f0_tx_packets:0
4.7.0-deff:cpu_13:0
4.7.0-deff:cpu_20:0
4.7.0-deff:cpu_total:2.95
4.7.0-deff:cpu_21:0
4.7.0-deff:Write:147.346
4.7.0-deff:Total_tx_bytes:6002751927.8
4.7.0-deff:enp4s0f1_tx_packets:0
4.7.0-deff:SKT1_l3mpi:0
4.7.0-deff:instructions:9158023820.8
4.7.0-deff:enp130s0f1_tx_bytes_phy:0
4.7.0-deff:cpu_25:0.392
4.7.0-deff:cpu_9:0
4.7.0-deff:cpu_23:0
4.7.0-deff:cpu_4:0
4.7.0-deff:Total_rx_bytes_phy:4989926
4.7.0-deff:cpu_7:0
4.7.0-deff:enp130s0f0_tx_bytes:6002751927.8
4.7.0-deff:cpu_17:0
4.7.0-deff:LLC-load-misses:3057788.8
4.7.0-deff:SKT0_l2miss:112600000
4.7.0-deff:SKT0_l2mpi:0.01
4.7.0-deff:enp130s0f1_rx_packets:0
4.7.0-deff:cpu_19:0
4.7.0-deff:LLC-load:206917312.6
4.7.0-deff:enp130s0f1_rx_packets_phy:0
4.7.0-deff:TOTAL_l3mpi:0
4.7.0-deff:cpu_22:0
4.7.0-deff:LLC-store-misses:1432252.4
4.7.0-deff:SKT0_l3hit:0.946
4.7.0-deff:cpu_0:0
4.7.0-deff:cpu_3:0.196
4.7.0-deff:Total_rx_packets_phy:71201
4.7.0-deff:enp130s0f0_rx_packets:71194.8
4.7.0-deff:Total_tx_packets_phy:3969558.4
4.7.0-deff:enp4s0f1_rx_bytes:0
4.7.0-deff:cpu_16:0
4.7.0-deff:SKT0_l2hit:0.666
4.7.0-deff:cpu_6:0
4.7.0-deff:cpu_26:0
4.7.0-deff:enp130s0f0_rx_bytes:4704755.6
4.7.0-deff:SKT1_ipc:0.354
4.7.0-deff:cpu_14:0
4.7.0-deff:cycles:14615571484.6
4.7.0-deff:enp4s0f0_rx_bytes:0
4.7.0-deff:TOTAL_l2miss:114400000
4.7.0-deff:enp4s0f0_rx_packets_phy:0
4.7.0-deff:TOTAL_ipc:0.624
4.7.0-deff:enp4s0f1_tx_bytes:0
4.7.0-deff:enp4s0f1_rx_bytes_phy:0
4.7.0-deff:enp4s0f1_rx_packets_phy:0
4.7.0-deff:Total_tx_bytes_phy:6018502781.2
4.7.0-deff:cpu_8:0
4.7.0-deff:enp130s0f0_rx_packets_phy:71201
4.7.0-deff:enp130s0f1_tx_packets_phy:0
4.7.0-deff:TOTAL_l3hit:0.942
4.7.0-deff:Memory:6096.104
4.7.0-deff:16384:87380
4.7.0-deff:enp4s0f0_rx_bytes_phy:0
4.7.0-deff:enp130s0f1_rx_bytes_phy:0
4.7.0-deff:enp4s0f1_rx_packets:0
4.7.0-deff:Total_tx_packets:99649.8
4.7.0-deff:enp130s0f0_tx_bytes_phy:6018502781.2
4.7.0-deff:TOTAL_l2mpi:0.01
4.7.0-deff:cpu_27:0.392
4.7.0-deff:enp130s0f0_tx_packets_phy:3969558.4
4.7.0-deff:cpu_2:89.608
4.7.0-deff:cpu_10:0
4.7.0-deff:enp4s0f0_rx_packets:0
4.7.0-strict:enp4s0f1_tx_bytes_phy:0
4.7.0-strict:Total_rx_packets:58777.6
4.7.0-strict:SKT1_l3miss:222000
4.7.0-strict:enp130s0f0_rx_bytes_phy:4119565.8
4.7.0-strict:enp4s0f0_tx_bytes:0
4.7.0-strict:SKT0_l3mpi:0
4.7.0-strict:enp130s0f1_tx_packets:0
4.7.0-strict:cpu_11:0
4.7.0-strict:enp4s0f0_tx_bytes_phy:0
4.7.0-strict:enp4s0f0_tx_packets_phy:0
4.7.0-strict:SKT1_l2miss:1059400
4.7.0-strict:Total_rx_bytes:3886390.6
4.7.0-strict:enp130s0f1_tx_bytes:0
4.7.0-strict:LLC-store:331562293.6
4.7.0-strict:SKT1_l2mpi:0.016
4.7.0-strict:enp130s0f0_tx_packets:70045.8
4.7.0-strict:TOTAL_l3miss:6808000
4.7.0-strict:SKT0_ipc:0.452
4.7.0-strict:LLC-load-misses:4311384.8
4.7.0-strict:SKT0_l2miss:78800000
4.7.0-strict:cpu_4:0
4.7.0-strict:Total_rx_bytes_phy:4119565.8
4.7.0-strict:cpu_7:0
4.7.0-strict:enp130s0f0_tx_bytes:4326421958.8
4.7.0-strict:cpu_17:0
4.7.0-strict:cpu_9:0
4.7.0-strict:cpu_23:0
4.7.0-strict:Total_tx_bytes:4326421958.8
4.7.0-strict:SKT1_l3mpi:0
4.7.0-strict:enp4s0f1_tx_packets:0
4.7.0-strict:instructions:6976787219.2
4.7.0-strict:cpu_25:0.196
4.7.0-strict:enp130s0f1_tx_bytes_phy:0
4.7.0-strict:cpu_20:0
4.7.0-strict:cpu_total:3.108
4.7.0-strict:Write:99.532
4.7.0-strict:cpu_21:0
4.7.0-strict:Read:4393.45
4.7.0-strict:cache-misses:6799238.4
4.7.0-strict:enp130s0f1_rx_bytes:0
4.7.0-strict:enp4s0f0_tx_packets:0
4.7.0-strict:cpu_13:0
4.7.0-strict:cpu_1:0.196
4.7.0-strict:cache-references:844130841
4.7.0-strict:cpu_12:0
4.7.0-strict:SKT0_l3miss:6585200
4.7.0-strict:cpu_18:0
4.7.0-strict:SKT1_l2hit:0.174
4.7.0-strict:SKT1_l3hit:0.778
4.7.0-strict:enp4s0f1_tx_packets_phy:0
4.7.0-strict:cpu_15:0
4.7.0-strict:cpu_5:0
4.7.0-strict:TOTAL_l2hit:0.692
4.7.0-strict:cpu_24:0
4.7.0-strict:cpu_26:0
4.7.0-strict:enp130s0f0_rx_bytes:3886390.6
4.7.0-strict:SKT1_ipc:0.308
4.7.0-strict:Total_rx_packets_phy:58749.4
4.7.0-strict:enp130s0f0_rx_packets:58777.6
4.7.0-strict:Total_tx_packets_phy:2858545.6
4.7.0-strict:cpu_16:0
4.7.0-strict:enp4s0f1_rx_bytes:0
4.7.0-strict:SKT0_l2hit:0.694
4.7.0-strict:cpu_6:0
4.7.0-strict:SKT0_l3hit:0.918
4.7.0-strict:cpu_3:0
4.7.0-strict:cpu_0:0
4.7.0-strict:LLC-store-misses:857559.6
4.7.0-strict:cpu_22:0
4.7.0-strict:TOTAL_l3mpi:0
4.7.0-strict:LLC-load:143937183.6
4.7.0-strict:enp130s0f1_rx_packets_phy:0
4.7.0-strict:cpu_19:0.196
4.7.0-strict:SKT0_l2mpi:0.01
4.7.0-strict:enp130s0f1_rx_packets:0
4.7.0-strict:cpu_10:0
4.7.0-strict:cpu_2:95.098
4.7.0-strict:enp4s0f0_rx_packets:0
4.7.0-strict:enp130s0f0_tx_packets_phy:2858545.6
4.7.0-strict:Total_tx_packets:70045.8
4.7.0-strict:enp130s0f0_tx_bytes_phy:4336268503.4
4.7.0-strict:TOTAL_l2mpi:0.01
4.7.0-strict:cpu_27:0
4.7.0-strict:enp4s0f0_rx_bytes_phy:0
4.7.0-strict:enp130s0f1_rx_bytes_phy:0
4.7.0-strict:enp4s0f1_rx_packets:0
4.7.0-strict:16384:87380
4.7.0-strict:Memory:4492.986
4.7.0-strict:TOTAL_l3hit:0.914
4.7.0-strict:enp4s0f1_rx_packets_phy:0
4.7.0-strict:enp4s0f1_rx_bytes_phy:0
4.7.0-strict:Total_tx_bytes_phy:4336268503.4
4.7.0-strict:cpu_8:0
4.7.0-strict:enp130s0f0_rx_packets_phy:58749.4
4.7.0-strict:enp130s0f1_tx_packets_phy:0
4.7.0-strict:cycles:15511605674
4.7.0-strict:cpu_14:0
4.7.0-strict:enp4s0f0_rx_bytes:0
4.7.0-strict:TOTAL_l2miss:79800000
4.7.0-strict:enp4s0f0_rx_packets_phy:0
4.7.0-strict:TOTAL_ipc:0.45
4.7.0-strict:enp4s0f1_tx_bytes:0
4.7.0-unsafe:enp4s0f1_tx_bytes_phy:0
4.7.0-unsafe:SKT1_l3miss:275200
4.7.0-unsafe:enp130s0f0_rx_bytes_phy:4429665.4
4.7.0-unsafe:Total_rx_packets:63156.4
4.7.0-unsafe:enp4s0f0_tx_bytes:0
4.7.0-unsafe:enp130s0f1_tx_packets:0
4.7.0-unsafe:SKT0_l3mpi:0
4.7.0-unsafe:cpu_11:0.196
4.7.0-unsafe:enp4s0f0_tx_bytes_phy:0
4.7.0-unsafe:enp4s0f0_tx_packets_phy:0
4.7.0-unsafe:SKT1_l2miss:1507400
4.7.0-unsafe:Total_rx_bytes:4177194.6
4.7.0-unsafe:enp130s0f1_tx_bytes:0
4.7.0-unsafe:SKT1_l2mpi:0.02
4.7.0-unsafe:LLC-store:372739589
4.7.0-unsafe:enp130s0f0_tx_packets:85919
4.7.0-unsafe:SKT0_ipc:0.472
4.7.0-unsafe:TOTAL_l3miss:5843800
4.7.0-unsafe:SKT0_l2miss:86000000
4.7.0-unsafe:LLC-load-misses:2384252.6
4.7.0-unsafe:Total_rx_bytes_phy:4429665.4
4.7.0-unsafe:cpu_4:0
4.7.0-unsafe:enp130s0f0_tx_bytes:5038597326.6
4.7.0-unsafe:cpu_17:0
4.7.0-unsafe:cpu_7:0
4.7.0-unsafe:cpu_9:0.196
4.7.0-unsafe:cpu_23:0
4.7.0-unsafe:Total_tx_bytes:5038597326.6
4.7.0-unsafe:enp130s0f1_tx_bytes_phy:0
4.7.0-unsafe:cpu_25:0.196
4.7.0-unsafe:instructions:5178105327.4
4.7.0-unsafe:SKT1_l3mpi:0
4.7.0-unsafe:enp4s0f1_tx_packets:0
4.7.0-unsafe:Write:136.814
4.7.0-unsafe:cpu_21:0
4.7.0-unsafe:cpu_total:2.144
4.7.0-unsafe:cpu_20:0
4.7.0-unsafe:Read:4825.226
4.7.0-unsafe:cache-misses:5192071
4.7.0-unsafe:enp130s0f1_rx_bytes:0
4.7.0-unsafe:cpu_13:0
4.7.0-unsafe:enp4s0f0_tx_packets:0
4.7.0-unsafe:cpu_1:0
4.7.0-unsafe:cache-references:926933717.4
4.7.0-unsafe:SKT0_l3miss:5568200
4.7.0-unsafe:cpu_12:0
4.7.0-unsafe:SKT1_l2hit:0.152
4.7.0-unsafe:SKT1_l3hit:0.814
4.7.0-unsafe:cpu_18:0
4.7.0-unsafe:cpu_24:0
4.7.0-unsafe:TOTAL_l2hit:0.676
4.7.0-unsafe:cpu_5:0.196
4.7.0-unsafe:cpu_15:0
4.7.0-unsafe:enp4s0f1_tx_packets_phy:0
4.7.0-unsafe:cpu_26:0
4.7.0-unsafe:SKT1_ipc:0.37
4.7.0-unsafe:enp130s0f0_rx_bytes:4177194.6
4.7.0-unsafe:Total_tx_packets_phy:3332831.4
4.7.0-unsafe:enp130s0f0_rx_packets:63156.4
4.7.0-unsafe:Total_rx_packets_phy:63153.8
4.7.0-unsafe:cpu_6:0
4.7.0-unsafe:SKT0_l2hit:0.678
4.7.0-unsafe:enp4s0f1_rx_bytes:0
4.7.0-unsafe:cpu_16:0
4.7.0-unsafe:SKT0_l3hit:0.938
4.7.0-unsafe:cpu_0:0
4.7.0-unsafe:cpu_3:0.196
4.7.0-unsafe:LLC-store-misses:1126962.6
4.7.0-unsafe:cpu_22:0
4.7.0-unsafe:TOTAL_l3mpi:0
4.7.0-unsafe:enp130s0f1_rx_packets_phy:0
4.7.0-unsafe:LLC-load:156951625.6
4.7.0-unsafe:cpu_19:0
4.7.0-unsafe:SKT0_l2mpi:0.018
4.7.0-unsafe:enp130s0f1_rx_packets:0
4.7.0-unsafe:enp4s0f0_rx_packets:0
4.7.0-unsafe:cpu_10:0
4.7.0-unsafe:cpu_2:67.254
4.7.0-unsafe:enp130s0f0_tx_packets_phy:3332831.4
4.7.0-unsafe:Total_tx_packets:85919
4.7.0-unsafe:cpu_27:0
4.7.0-unsafe:enp130s0f0_tx_bytes_phy:5052277828.8
4.7.0-unsafe:TOTAL_l2mpi:0.018
4.7.0-unsafe:enp4s0f0_rx_bytes_phy:0
4.7.0-unsafe:enp130s0f1_rx_bytes_phy:0
4.7.0-unsafe:enp4s0f1_rx_packets:0
4.7.0-unsafe:16384:87380
4.7.0-unsafe:TOTAL_l3hit:0.934
4.7.0-unsafe:Memory:4962.04
4.7.0-unsafe:cpu_8:0
4.7.0-unsafe:Total_tx_bytes_phy:5052277828.8
4.7.0-unsafe:enp4s0f1_rx_packets_phy:0
4.7.0-unsafe:enp4s0f1_rx_bytes_phy:0
4.7.0-unsafe:enp130s0f0_rx_packets_phy:63153.8
4.7.0-unsafe:enp130s0f1_tx_packets_phy:0
4.7.0-unsafe:TOTAL_l2miss:87200000
4.7.0-unsafe:cycles:10964709513
4.7.0-unsafe:enp4s0f0_rx_bytes:0
4.7.0-unsafe:cpu_14:0
4.7.0-unsafe:TOTAL_ipc:0.47
4.7.0-unsafe:enp4s0f1_tx_bytes:0
4.7.0-unsafe:enp4s0f0_rx_packets_phy:0
4.8.0-unsafe:cpu_13:0
4.8.0-unsafe:enp4s0f0_tx_packets:0
4.8.0-unsafe:Read:4694.074
4.8.0-unsafe:enp130s0f1_rx_bytes:0
4.8.0-unsafe:cache-misses:4661013.4
4.8.0-unsafe:Write:75.336
4.8.0-unsafe:cpu_21:0.588
4.8.0-unsafe:cpu_total:2.096
4.8.0-unsafe:cpu_20:0
4.8.0-unsafe:cpu_5:0
4.8.0-unsafe:TOTAL_l2hit:0.672
4.8.0-unsafe:cpu_24:0
4.8.0-unsafe:enp4s0f1_tx_packets_phy:0
4.8.0-unsafe:cpu_15:0
4.8.0-unsafe:SKT1_l2hit:0.13
4.8.0-unsafe:SKT1_l3hit:0.84
4.8.0-unsafe:cpu_18:0
4.8.0-unsafe:SKT0_l3miss:4474600
4.8.0-unsafe:cpu_12:0
4.8.0-unsafe:cpu_1:0
4.8.0-unsafe:cache-references:955511644.2
4.8.0-unsafe:cpu_7:0
4.8.0-unsafe:enp130s0f0_tx_bytes:4794023383.6
4.8.0-unsafe:cpu_17:0
4.8.0-unsafe:Total_rx_bytes_phy:3883261.2
4.8.0-unsafe:cpu_4:0
4.8.0-unsafe:SKT0_l2miss:86200000
4.8.0-unsafe:LLC-load-misses:2346976.6
4.8.0-unsafe:cpu_25:0.196
4.8.0-unsafe:enp130s0f1_tx_bytes_phy:0
4.8.0-unsafe:SKT1_l3mpi:0
4.8.0-unsafe:instructions:5503614025.4
4.8.0-unsafe:enp4s0f1_tx_packets:0
4.8.0-unsafe:Total_tx_bytes:4794023383.6
4.8.0-unsafe:cpu_23:0
4.8.0-unsafe:cpu_9:0
4.8.0-unsafe:Total_rx_bytes:3662066.6
4.8.0-unsafe:SKT1_l2miss:1627600
4.8.0-unsafe:enp4s0f0_tx_packets_phy:0
4.8.0-unsafe:SKT0_ipc:0.478
4.8.0-unsafe:TOTAL_l3miss:4732200
4.8.0-unsafe:enp130s0f0_tx_packets:85334.4
4.8.0-unsafe:SKT1_l2mpi:0.02
4.8.0-unsafe:LLC-store:369049101.2
4.8.0-unsafe:enp130s0f1_tx_bytes:0
4.8.0-unsafe:enp4s0f0_tx_bytes:0
4.8.0-unsafe:SKT1_l3miss:257000
4.8.0-unsafe:Total_rx_packets:55351.6
4.8.0-unsafe:enp130s0f0_rx_bytes_phy:3883261.2
4.8.0-unsafe:enp4s0f1_tx_bytes_phy:0
4.8.0-unsafe:enp4s0f0_tx_bytes_phy:0
4.8.0-unsafe:cpu_11:0
4.8.0-unsafe:enp130s0f1_tx_packets:0
4.8.0-unsafe:SKT0_l3mpi:0
4.8.0-unsafe:Memory:4769.41
4.8.0-unsafe:TOTAL_l3hit:0.948
4.8.0-unsafe:16384:87380
4.8.0-unsafe:enp4s0f1_tx_bytes:0
4.8.0-unsafe:TOTAL_ipc:0.478
4.8.0-unsafe:enp4s0f0_rx_packets_phy:0
4.8.0-unsafe:TOTAL_l2miss:87600000
4.8.0-unsafe:enp4s0f0_rx_bytes:0
4.8.0-unsafe:cycles:11537023163.8
4.8.0-unsafe:cpu_14:0
4.8.0-unsafe:enp130s0f1_tx_packets_phy:0
4.8.0-unsafe:enp130s0f0_rx_packets_phy:55346.4
4.8.0-unsafe:Total_tx_bytes_phy:4805970276.2
4.8.0-unsafe:cpu_8:0
4.8.0-unsafe:enp4s0f1_rx_packets_phy:0
4.8.0-unsafe:enp4s0f1_rx_bytes_phy:0
4.8.0-unsafe:enp130s0f0_tx_packets_phy:3172259
4.8.0-unsafe:enp4s0f0_rx_packets:0
4.8.0-unsafe:cpu_2:63.922
4.8.0-unsafe:cpu_10:0
4.8.0-unsafe:enp4s0f1_rx_packets:0
4.8.0-unsafe:enp4s0f0_rx_bytes_phy:0
4.8.0-unsafe:enp130s0f1_rx_bytes_phy:0
4.8.0-unsafe:cpu_27:0.196
4.8.0-unsafe:TOTAL_l2mpi:0.02
4.8.0-unsafe:enp130s0f0_tx_bytes_phy:4805970276.2
4.8.0-unsafe:Total_tx_packets:85334.4
4.8.0-unsafe:enp130s0f1_rx_packets_phy:0
4.8.0-unsafe:LLC-load:167769746
4.8.0-unsafe:cpu_22:0
4.8.0-unsafe:TOTAL_l3mpi:0
4.8.0-unsafe:enp130s0f1_rx_packets:0
4.8.0-unsafe:SKT0_l2mpi:0.02
4.8.0-unsafe:cpu_19:0.392
4.8.0-unsafe:cpu_6:0
4.8.0-unsafe:SKT0_l2hit:0.678
4.8.0-unsafe:enp4s0f1_rx_bytes:0
4.8.0-unsafe:cpu_16:0
4.8.0-unsafe:Total_tx_packets_phy:3172259
4.8.0-unsafe:enp130s0f0_rx_packets:55351.6
4.8.0-unsafe:Total_rx_packets_phy:55346.4
4.8.0-unsafe:enp130s0f0_rx_bytes:3662066.6
4.8.0-unsafe:SKT1_ipc:0.382
4.8.0-unsafe:cpu_26:0
4.8.0-unsafe:LLC-store-misses:820028.4
4.8.0-unsafe:cpu_0:0
4.8.0-unsafe:cpu_3:0
4.8.0-unsafe:SKT0_l3hit:0.948
