4.7.0-copy-plus-hp-strict:cpu_16:100
4.7.0-copy-plus-hp-strict:cpu_2:100
4.7.0-copy-plus-hp-strict:enp130s0f1_tx_bytes_phy:1457122722
4.7.0-copy-plus-hp-strict:Total_tx_packets:123509
4.7.0-copy-plus-hp-strict:cpu_19:100
4.7.0-copy-plus-hp-strict:cpu_26:99.5725
4.7.0-copy-plus-hp-strict:enp4s0f1_tx_packets_phy:0
4.7.0-copy-plus-hp-strict:TOTAL_l2hit:0.2975
4.7.0-copy-plus-hp-strict:enp130s0f1_tx_packets:41558.25
4.7.0-copy-plus-hp-strict:LLC-store-misses:189443865.5
4.7.0-copy-plus-hp-strict:enp4s0f0_tx_bytes_phy:0
4.7.0-copy-plus-hp-strict:Total_rx_bytes:4777335197
4.7.0-copy-plus-hp-strict:enp130s0f0_tx_packets_phy:344170.25
4.7.0-copy-plus-hp-strict:SKT1_l2hit:0.2675
4.7.0-copy-plus-hp-strict:cpu_4:100
4.7.0-copy-plus-hp-strict:Total_tx_bytes:4206128189.75
4.7.0-copy-plus-hp-strict:cpu_23:100
4.7.0-copy-plus-hp-strict:enp130s0f0_rx_bytes:2818002425
4.7.0-copy-plus-hp-strict:TOTAL_l2mpi:0
4.7.0-copy-plus-hp-strict:TOTAL_l3hit:0.3125
4.7.0-copy-plus-hp-strict:SKT0_l2mpi:0
4.7.0-copy-plus-hp-strict:TOTAL_l2miss:572482250
4.7.0-copy-plus-hp-strict:cpu_24:99.755
4.7.0-copy-plus-hp-strict:enp4s0f1_tx_packets:0
4.7.0-copy-plus-hp-strict:cpu_22:100
4.7.0-copy-plus-hp-strict:cpu_20:100
4.7.0-copy-plus-hp-strict:enp4s0f1_rx_packets_phy:0
4.7.0-copy-plus-hp-strict:cpu_5:100
4.7.0-copy-plus-hp-strict:enp130s0f1_rx_packets:57148.25
4.7.0-copy-plus-hp-strict:SKT0_ipc:1.655
4.7.0-copy-plus-hp-strict:cpu_8:100
4.7.0-copy-plus-hp-strict:SKT1_ipc:1.7325
4.7.0-copy-plus-hp-strict:cache-misses:1829794029
4.7.0-copy-plus-hp-strict:TOTAL_l3mpi:0
4.7.0-copy-plus-hp-strict:cpu_18:100
4.7.0-copy-plus-hp-strict:cpu_27:99.385
4.7.0-copy-plus-hp-strict:LLC-load:669103799.5
4.7.0-copy-plus-hp-strict:enp4s0f1_rx_packets:0
4.7.0-copy-plus-hp-strict:cpu_9:100
4.7.0-copy-plus-hp-strict:cpu_1:100
4.7.0-copy-plus-hp-strict:enp4s0f1_rx_bytes:0
4.7.0-copy-plus-hp-strict:cpu_total:98.185
4.7.0-copy-plus-hp-strict:enp130s0f0_tx_bytes:2749056852.5
4.7.0-copy-plus-hp-strict:SKT1_l3miss:218578750
4.7.0-copy-plus-hp-strict:enp4s0f1_tx_bytes_phy:0
4.7.0-copy-plus-hp-strict:16384:87380
4.7.0-copy-plus-hp-strict:enp4s0f1_tx_queue_stopped:0
4.7.0-copy-plus-hp-strict:enp4s0f0_rx_packets:0
4.7.0-copy-plus-hp-strict:cpu_17:75.49
4.7.0-copy-plus-hp-strict:Write:6321.55
4.7.0-copy-plus-hp-strict:enp130s0f0_tx_packets:81950.75
4.7.0-copy-plus-hp-strict:SKT1_l2mpi:0
4.7.0-copy-plus-hp-strict:SKT1_l3hit:0.295
4.7.0-copy-plus-hp-strict:SKT0_l2hit:0.305
4.7.0-copy-plus-hp-strict:enp130s0f0_tx_queue_stopped:0
4.7.0-copy-plus-hp-strict:instructions:419490546829.5
4.7.0-copy-plus-hp-strict:Total_rx_packets_phy:591748.5
4.7.0-copy-plus-hp-strict:TOTAL_ipc:1.6825
4.7.0-copy-plus-hp-strict:Read:10728.985
4.7.0-copy-plus-hp-strict:Total_tx_bytes_phy:4206847603.75
4.7.0-copy-plus-hp-strict:TOTAL_l3miss:457173750
4.7.0-copy-plus-hp-strict:cpu_11:100
4.7.0-copy-plus-hp-strict:cpu_10:75.245
4.7.0-copy-plus-hp-strict:SKT0_l3hit:0.325
4.7.0-copy-plus-hp-strict:cpu_15:100
4.7.0-copy-plus-hp-strict:enp130s0f0_tx_bytes_phy:2749724881.75
4.7.0-copy-plus-hp-strict:enp4s0f0_rx_packets_phy:0
4.7.0-copy-plus-hp-strict:cpu_0:100
4.7.0-copy-plus-hp-strict:Memory:17050.535
4.7.0-copy-plus-hp-strict:SKT1_l3mpi:0
4.7.0-copy-plus-hp-strict:cpu_6:100
4.7.0-copy-plus-hp-strict:Total_rx_packets:143169.75
4.7.0-copy-plus-hp-strict:cpu_3:100
4.7.0-copy-plus-hp-strict:Total_rx_bytes_phy:4809448196.25
4.7.0-copy-plus-hp-strict:enp130s0f1_tx_packets_phy:180084.5
4.7.0-copy-plus-hp-strict:SKT0_l3miss:238344750
4.7.0-copy-plus-hp-strict:enp130s0f1_rx_packets_phy:243933.5
4.7.0-copy-plus-hp-strict:enp130s0f0_rx_packets_phy:347815
4.7.0-copy-plus-hp-strict:SKT0_l3mpi:0
4.7.0-copy-plus-hp-strict:enp4s0f0_tx_queue_stopped:0
4.7.0-copy-plus-hp-strict:LLC-store:2071567077
4.7.0-copy-plus-hp-strict:Total_tx_queue_stopped:0
4.7.0-copy-plus-hp-strict:enp4s0f0_tx_bytes:0
4.7.0-copy-plus-hp-strict:enp4s0f0_rx_bytes_phy:0
4.7.0-copy-plus-hp-strict:cycles:330021242183.25
4.7.0-copy-plus-hp-strict:cpu_13:100
4.7.0-copy-plus-hp-strict:enp130s0f1_rx_bytes:1959332772
4.7.0-copy-plus-hp-strict:cpu_21:100
4.7.0-copy-plus-hp-strict:enp130s0f0_rx_packets:86021.5
4.7.0-copy-plus-hp-strict:SKT1_l2miss:279256500
4.7.0-copy-plus-hp-strict:enp130s0f1_tx_queue_stopped:0
4.7.0-copy-plus-hp-strict:SKT0_l2miss:292725750
4.7.0-copy-plus-hp-strict:Total_tx_packets_phy:524254.75
4.7.0-copy-plus-hp-strict:enp4s0f1_tx_bytes:0
4.7.0-copy-plus-hp-strict:enp4s0f0_rx_bytes:0
4.7.0-copy-plus-hp-strict:enp130s0f1_rx_bytes_phy:1972715110.75
4.7.0-copy-plus-hp-strict:LLC-load-misses:295289977.25
4.7.0-copy-plus-hp-strict:enp130s0f1_tx_bytes:1457071337.25
4.7.0-copy-plus-hp-strict:enp4s0f0_tx_packets_phy:0
4.7.0-copy-plus-hp-strict:cache-references:6623424590
4.7.0-copy-plus-hp-strict:enp4s0f1_rx_bytes_phy:0
4.7.0-copy-plus-hp-strict:cpu_14:100
4.7.0-copy-plus-hp-strict:cpu_7:100
4.7.0-copy-plus-hp-strict:enp130s0f0_rx_bytes_phy:2836733085.5
4.7.0-copy-plus-hp-strict:enp4s0f0_tx_packets:0
4.7.0-copy-plus-hp-strict:cpu_12:100
4.7.0-copy-plus-hp-strict:cpu_25:100
4.7.0-damnn-hp-strict:Total_rx_bytes:7542131350
4.7.0-damnn-hp-strict:LLC-store-misses:239053603
4.7.0-damnn-hp-strict:enp4s0f0_tx_bytes_phy:0
4.7.0-damnn-hp-strict:enp130s0f1_tx_packets:57056
4.7.0-damnn-hp-strict:TOTAL_l2hit:0.63
4.7.0-damnn-hp-strict:enp4s0f1_tx_packets_phy:0
4.7.0-damnn-hp-strict:cpu_26:100
4.7.0-damnn-hp-strict:Total_tx_packets:196899
4.7.0-damnn-hp-strict:enp130s0f1_tx_bytes_phy:3014696380
4.7.0-damnn-hp-strict:cpu_19:100
4.7.0-damnn-hp-strict:cpu_2:100
4.7.0-damnn-hp-strict:cpu_16:100
4.7.0-damnn-hp-strict:enp4s0f1_rx_packets_phy:0
4.7.0-damnn-hp-strict:cpu_22:100
4.7.0-damnn-hp-strict:cpu_20:100
4.7.0-damnn-hp-strict:cpu_24:100
4.7.0-damnn-hp-strict:enp4s0f1_tx_packets:0
4.7.0-damnn-hp-strict:SKT0_l2mpi:0.01
4.7.0-damnn-hp-strict:TOTAL_l2miss:2490000000
4.7.0-damnn-hp-strict:TOTAL_l3hit:0.18
4.7.0-damnn-hp-strict:TOTAL_l2mpi:0.01
4.7.0-damnn-hp-strict:enp130s0f0_rx_bytes:4754346833
4.7.0-damnn-hp-strict:cpu_23:100
4.7.0-damnn-hp-strict:Total_tx_bytes:9053428774
4.7.0-damnn-hp-strict:cpu_4:100
4.7.0-damnn-hp-strict:SKT1_l2hit:0.65
4.7.0-damnn-hp-strict:enp130s0f0_tx_packets_phy:738953
4.7.0-damnn-hp-strict:cpu_27:100
4.7.0-damnn-hp-strict:cpu_18:100
4.7.0-damnn-hp-strict:cache-misses:2066183299
4.7.0-damnn-hp-strict:TOTAL_l3mpi:0
4.7.0-damnn-hp-strict:SKT1_ipc:1.26
4.7.0-damnn-hp-strict:cpu_8:100
4.7.0-damnn-hp-strict:SKT0_ipc:1.24
4.7.0-damnn-hp-strict:enp130s0f1_rx_packets:101391
4.7.0-damnn-hp-strict:cpu_5:100
4.7.0-damnn-hp-strict:SKT1_l3hit:0.2
4.7.0-damnn-hp-strict:SKT1_l2mpi:0.01
4.7.0-damnn-hp-strict:enp130s0f0_tx_packets:139843
4.7.0-damnn-hp-strict:Write:18647.35
4.7.0-damnn-hp-strict:cpu_17:100
4.7.0-damnn-hp-strict:enp4s0f0_rx_packets:0
4.7.0-damnn-hp-strict:enp4s0f1_tx_queue_stopped:0
4.7.0-damnn-hp-strict:16384:87380
4.7.0-damnn-hp-strict:SKT1_l3miss:923000000
4.7.0-damnn-hp-strict:enp4s0f1_tx_bytes_phy:0
4.7.0-damnn-hp-strict:enp130s0f0_tx_bytes:6043408776
4.7.0-damnn-hp-strict:cpu_total:100
4.7.0-damnn-hp-strict:enp4s0f1_rx_bytes:0
4.7.0-damnn-hp-strict:cpu_1:100
4.7.0-damnn-hp-strict:cpu_9:100
4.7.0-damnn-hp-strict:enp4s0f1_rx_packets:0
4.7.0-damnn-hp-strict:LLC-load:1771317907
4.7.0-damnn-hp-strict:cpu_0:100
4.7.0-damnn-hp-strict:Memory:52634.69
4.7.0-damnn-hp-strict:enp4s0f0_rx_packets_phy:0
4.7.0-damnn-hp-strict:enp130s0f0_tx_bytes_phy:6045388401
4.7.0-damnn-hp-strict:cpu_15:100
4.7.0-damnn-hp-strict:SKT0_l3hit:0.16
4.7.0-damnn-hp-strict:TOTAL_l3miss:2049000000
4.7.0-damnn-hp-strict:cpu_10:100
4.7.0-damnn-hp-strict:cpu_11:100
4.7.0-damnn-hp-strict:TOTAL_ipc:1.25
4.7.0-damnn-hp-strict:Read:33987.34
4.7.0-damnn-hp-strict:Total_rx_packets_phy:951192
4.7.0-damnn-hp-strict:Total_tx_bytes_phy:9060084781
4.7.0-damnn-hp-strict:instructions:420692446648
4.7.0-damnn-hp-strict:enp130s0f0_tx_queue_stopped:0
4.7.0-damnn-hp-strict:SKT0_l2hit:0.6
4.7.0-damnn-hp-strict:enp4s0f0_rx_bytes_phy:0
4.7.0-damnn-hp-strict:enp4s0f0_tx_bytes:0
4.7.0-damnn-hp-strict:Total_tx_queue_stopped:0
4.7.0-damnn-hp-strict:LLC-store:2435301778
4.7.0-damnn-hp-strict:SKT0_l3mpi:0.01
4.7.0-damnn-hp-strict:enp4s0f0_tx_queue_stopped:0
4.7.0-damnn-hp-strict:enp130s0f0_rx_packets_phy:588915
4.7.0-damnn-hp-strict:SKT0_l3miss:1126000000
4.7.0-damnn-hp-strict:enp130s0f1_rx_packets_phy:362277
4.7.0-damnn-hp-strict:enp130s0f1_tx_packets_phy:343811
4.7.0-damnn-hp-strict:Total_rx_bytes_phy:7596921861
4.7.0-damnn-hp-strict:cpu_3:100
4.7.0-damnn-hp-strict:Total_rx_packets:261274
4.7.0-damnn-hp-strict:cpu_6:100
4.7.0-damnn-hp-strict:SKT1_l3mpi:0
4.7.0-damnn-hp-strict:enp4s0f0_rx_bytes:0
4.7.0-damnn-hp-strict:enp130s0f1_rx_bytes_phy:2807108153
4.7.0-damnn-hp-strict:enp4s0f1_tx_bytes:0
4.7.0-damnn-hp-strict:Total_tx_packets_phy:1082764
4.7.0-damnn-hp-strict:enp130s0f1_tx_queue_stopped:0
4.7.0-damnn-hp-strict:SKT0_l2miss:1343000000
4.7.0-damnn-hp-strict:SKT1_l2miss:1147000000
4.7.0-damnn-hp-strict:enp130s0f0_rx_packets:159883
4.7.0-damnn-hp-strict:cpu_21:100
4.7.0-damnn-hp-strict:enp130s0f1_rx_bytes:2787784517
4.7.0-damnn-hp-strict:cpu_13:100
4.7.0-damnn-hp-strict:cycles:337006599280
4.7.0-damnn-hp-strict:enp130s0f0_rx_bytes_phy:4789813708
4.7.0-damnn-hp-strict:enp4s0f0_tx_packets:0
4.7.0-damnn-hp-strict:cpu_12:100
4.7.0-damnn-hp-strict:cpu_25:100
4.7.0-damnn-hp-strict:cpu_7:100
4.7.0-damnn-hp-strict:cpu_14:100
4.7.0-damnn-hp-strict:enp4s0f1_rx_bytes_phy:0
4.7.0-damnn-hp-strict:enp4s0f0_tx_packets_phy:0
4.7.0-damnn-hp-strict:cache-references:7202943504
4.7.0-damnn-hp-strict:enp130s0f1_tx_bytes:3010019998
4.7.0-damnn-hp-strict:LLC-load-misses:709730273
4.7.0-defer:enp130s0f1_tx_bytes:3135819461
4.7.0-defer:LLC-load-misses:719837132
4.7.0-defer:cpu_7:100
4.7.0-defer:enp4s0f0_tx_packets_phy:0
4.7.0-defer:cache-references:7019857680
4.7.0-defer:enp4s0f1_rx_bytes_phy:0
4.7.0-defer:cpu_14:100
4.7.0-defer:enp130s0f0_rx_bytes_phy:4514888389
4.7.0-defer:cpu_12:100
4.7.0-defer:enp4s0f0_tx_packets:0
4.7.0-defer:cpu_25:98.18
4.7.0-defer:cycles:336784410658
4.7.0-defer:enp130s0f1_rx_bytes:2507508563
4.7.0-defer:cpu_21:100
4.7.0-defer:cpu_13:100
4.7.0-defer:SKT0_l2miss:1274000000
4.7.0-defer:enp130s0f1_tx_queue_stopped:0
4.7.0-defer:enp130s0f0_rx_packets:140597
4.7.0-defer:SKT1_l2miss:1110000000
4.7.0-defer:enp4s0f1_tx_bytes:0
4.7.0-defer:enp130s0f1_rx_bytes_phy:2524755164
4.7.0-defer:enp4s0f0_rx_bytes:0
4.7.0-defer:Total_tx_packets_phy:966530
4.7.0-defer:Total_rx_packets:234453
4.7.0-defer:SKT1_l3mpi:0
4.7.0-defer:cpu_6:100
4.7.0-defer:Total_rx_bytes_phy:7039643553
4.7.0-defer:enp130s0f1_tx_packets_phy:361847
4.7.0-defer:SKT0_l3miss:1099000000
4.7.0-defer:enp130s0f0_rx_packets_phy:558222
4.7.0-defer:enp130s0f1_rx_packets_phy:332428
4.7.0-defer:cpu_3:100
4.7.0-defer:LLC-store:2329853622
4.7.0-defer:SKT0_l3mpi:0.01
4.7.0-defer:enp4s0f0_tx_queue_stopped:0
4.7.0-defer:enp4s0f0_rx_bytes_phy:0
4.7.0-defer:Total_tx_queue_stopped:0
4.7.0-defer:enp4s0f0_tx_bytes:0
4.7.0-defer:instructions:428929343238
4.7.0-defer:enp130s0f0_tx_queue_stopped:0
4.7.0-defer:TOTAL_ipc:1.27
4.7.0-defer:Read:32069.21
4.7.0-defer:Total_tx_bytes_phy:8014500965
4.7.0-defer:Total_rx_packets_phy:890650
4.7.0-defer:SKT0_l2hit:0.61
4.7.0-defer:cpu_15:100
4.7.0-defer:TOTAL_l3miss:2000000000
4.7.0-defer:cpu_10:100
4.7.0-defer:cpu_11:100
4.7.0-defer:SKT0_l3hit:0.14
4.7.0-defer:enp130s0f0_tx_bytes_phy:4880353393
4.7.0-defer:enp4s0f0_rx_packets_phy:0
4.7.0-defer:Memory:46994.27
4.7.0-defer:cpu_0:100
4.7.0-defer:cpu_9:100
4.7.0-defer:cpu_1:100
4.7.0-defer:enp4s0f1_rx_bytes:0
4.7.0-defer:LLC-load:1762688730
4.7.0-defer:enp4s0f1_rx_packets:0
4.7.0-defer:enp4s0f1_tx_bytes_phy:0
4.7.0-defer:SKT1_l3miss:900000000
4.7.0-defer:16384:87380
4.7.0-defer:cpu_total:99.97
4.7.0-defer:enp130s0f0_tx_bytes:4881091287
4.7.0-defer:cpu_17:100
4.7.0-defer:enp4s0f1_tx_queue_stopped:0
4.7.0-defer:enp4s0f0_rx_packets:0
4.7.0-defer:SKT1_l2mpi:0.01
4.7.0-defer:SKT1_l3hit:0.19
4.7.0-defer:Write:14925.05
4.7.0-defer:enp130s0f0_tx_packets:122319
4.7.0-defer:cpu_5:100
4.7.0-defer:cpu_8:100
4.7.0-defer:SKT0_ipc:1.26
4.7.0-defer:SKT1_ipc:1.28
4.7.0-defer:enp130s0f1_rx_packets:93856
4.7.0-defer:TOTAL_l3mpi:0
4.7.0-defer:cache-misses:2005880522
4.7.0-defer:cpu_27:100
4.7.0-defer:cpu_18:100
4.7.0-defer:cpu_4:100
4.7.0-defer:Total_tx_bytes:8016910748
4.7.0-defer:enp130s0f0_tx_packets_phy:604683
4.7.0-defer:SKT1_l2hit:0.65
4.7.0-defer:TOTAL_l2mpi:0.01
4.7.0-defer:enp130s0f0_rx_bytes:4482858863
4.7.0-defer:cpu_23:100
4.7.0-defer:SKT0_l2mpi:0.01
4.7.0-defer:TOTAL_l2miss:2384000000
4.7.0-defer:TOTAL_l3hit:0.16
4.7.0-defer:enp4s0f1_rx_packets_phy:0
4.7.0-defer:enp4s0f1_tx_packets:0
4.7.0-defer:cpu_24:100
4.7.0-defer:cpu_20:100
4.7.0-defer:cpu_22:100
4.7.0-defer:cpu_2:100
4.7.0-defer:cpu_16:100
4.7.0-defer:enp4s0f1_tx_packets_phy:0
4.7.0-defer:cpu_26:100
4.7.0-defer:enp130s0f1_tx_bytes_phy:3134147572
4.7.0-defer:cpu_19:100
4.7.0-defer:Total_tx_packets:186130
4.7.0-defer:TOTAL_l2hit:0.63
4.7.0-defer:LLC-store-misses:215520970
4.7.0-defer:enp4s0f0_tx_bytes_phy:0
4.7.0-defer:Total_rx_bytes:6990367426
4.7.0-defer:enp130s0f1_tx_packets:63811
4.7.0-strict:SKT0_l3hit:0.14
4.7.0-strict:TOTAL_l3miss:1916000000
4.7.0-strict:cpu_11:100
4.7.0-strict:cpu_10:100
4.7.0-strict:cpu_15:100
4.7.0-strict:SKT0_l2hit:0.63
4.7.0-strict:TOTAL_ipc:1.27
4.7.0-strict:Total_tx_bytes_phy:5980612461
4.7.0-strict:Read:30071.85
4.7.0-strict:Total_rx_packets_phy:568707
4.7.0-strict:instructions:427776037154
4.7.0-strict:enp130s0f0_tx_queue_stopped:0
4.7.0-strict:cpu_0:100
4.7.0-strict:Memory:42351.47
4.7.0-strict:enp4s0f0_rx_packets_phy:0
4.7.0-strict:enp130s0f0_tx_bytes_phy:4363714203
4.7.0-strict:cpu_3:100
4.7.0-strict:SKT0_l3miss:1013000000
4.7.0-strict:enp130s0f0_rx_packets_phy:381782
4.7.0-strict:enp130s0f1_rx_packets_phy:186925
4.7.0-strict:enp130s0f1_tx_packets_phy:188310
4.7.0-strict:Total_rx_bytes_phy:4490872594
4.7.0-strict:cpu_6:100
4.7.0-strict:SKT1_l3mpi:0
4.7.0-strict:Total_rx_packets:147931
4.7.0-strict:enp4s0f0_tx_bytes:0
4.7.0-strict:Total_tx_queue_stopped:0
4.7.0-strict:enp4s0f0_rx_bytes_phy:0
4.7.0-strict:SKT0_l3mpi:0
4.7.0-strict:enp4s0f0_tx_queue_stopped:0
4.7.0-strict:LLC-store:2020275468
4.7.0-strict:cpu_13:100
4.7.0-strict:cpu_21:100
4.7.0-strict:enp130s0f1_rx_bytes:1425847718
4.7.0-strict:cycles:336557235251
4.7.0-strict:Total_tx_packets_phy:716188
4.7.0-strict:enp4s0f0_rx_bytes:0
4.7.0-strict:enp130s0f1_rx_bytes_phy:1435070336
4.7.0-strict:enp4s0f1_tx_bytes:0
4.7.0-strict:SKT1_l2miss:1077000000
4.7.0-strict:enp130s0f0_rx_packets:96390
4.7.0-strict:SKT0_l2miss:1172000000
4.7.0-strict:enp130s0f1_tx_queue_stopped:0
4.7.0-strict:enp4s0f1_rx_bytes_phy:0
4.7.0-strict:cpu_14:100
4.7.0-strict:cache-references:6142029624
4.7.0-strict:enp4s0f0_tx_packets_phy:0
4.7.0-strict:cpu_7:100
4.7.0-strict:LLC-load-misses:650522020
4.7.0-strict:enp130s0f1_tx_bytes:1616368906
4.7.0-strict:cpu_25:100
4.7.0-strict:enp130s0f0_rx_bytes_phy:3055802258
4.7.0-strict:enp4s0f0_tx_packets:0
4.7.0-strict:cpu_12:100
4.7.0-strict:cpu_19:100
4.7.0-strict:enp130s0f1_tx_bytes_phy:1616898258
4.7.0-strict:Total_tx_packets:132025
4.7.0-strict:cpu_26:100
4.7.0-strict:enp4s0f1_tx_packets_phy:0
4.7.0-strict:cpu_16:100
4.7.0-strict:cpu_2:100
4.7.0-strict:enp130s0f1_tx_packets:34514
4.7.0-strict:Total_rx_bytes:4454760431
4.7.0-strict:LLC-store-misses:215711997
4.7.0-strict:enp4s0f0_tx_bytes_phy:0
4.7.0-strict:TOTAL_l2hit:0.64
4.7.0-strict:cpu_23:100
4.7.0-strict:enp130s0f0_rx_bytes:3028912713
4.7.0-strict:TOTAL_l2mpi:0.01
4.7.0-strict:enp130s0f0_tx_packets_phy:527878
4.7.0-strict:SKT1_l2hit:0.65
4.7.0-strict:Total_tx_bytes:5976605013
4.7.0-strict:cpu_4:100
4.7.0-strict:cpu_20:100
4.7.0-strict:cpu_22:100
4.7.0-strict:enp4s0f1_tx_packets:0
4.7.0-strict:cpu_24:100
4.7.0-strict:enp4s0f1_rx_packets_phy:0
4.7.0-strict:TOTAL_l3hit:0.15
4.7.0-strict:TOTAL_l2miss:2249000000
4.7.0-strict:SKT0_l2mpi:0.01
4.7.0-strict:enp130s0f1_rx_packets:51541
4.7.0-strict:SKT1_ipc:1.28
4.7.0-strict:SKT0_ipc:1.27
4.7.0-strict:cpu_8:100
4.7.0-strict:cpu_5:100
4.7.0-strict:cpu_18:100
4.7.0-strict:cpu_27:100
4.7.0-strict:TOTAL_l3mpi:0
4.7.0-strict:cache-misses:1914030127
4.7.0-strict:enp130s0f0_tx_bytes:4360236107
4.7.0-strict:cpu_total:100
4.7.0-strict:16384:87380
4.7.0-strict:SKT1_l3miss:902000000
4.7.0-strict:enp4s0f1_tx_bytes_phy:0
4.7.0-strict:enp4s0f1_rx_packets:0
4.7.0-strict:LLC-load:1572501007
4.7.0-strict:enp4s0f1_rx_bytes:0
4.7.0-strict:cpu_1:100
4.7.0-strict:cpu_9:100
4.7.0-strict:enp130s0f0_tx_packets:97511
4.7.0-strict:Write:12279.62
4.7.0-strict:SKT1_l2mpi:0.01
4.7.0-strict:SKT1_l3hit:0.16
4.7.0-strict:enp4s0f0_rx_packets:0
4.7.0-strict:enp4s0f1_tx_queue_stopped:0
4.7.0-strict:cpu_17:100
4.7.0-unsafe:Write:15635.97
4.7.0-unsafe:enp130s0f0_tx_packets:144283
4.7.0-unsafe:SKT1_l3hit:0.19
4.7.0-unsafe:SKT1_l2mpi:0.01
4.7.0-unsafe:enp4s0f1_tx_queue_stopped:0
4.7.0-unsafe:enp4s0f0_rx_packets:0
4.7.0-unsafe:cpu_17:100
4.7.0-unsafe:cpu_total:100
4.7.0-unsafe:enp130s0f0_tx_bytes:6048758905
4.7.0-unsafe:SKT1_l3miss:913000000
4.7.0-unsafe:enp4s0f1_tx_bytes_phy:0
4.7.0-unsafe:16384:87380
4.7.0-unsafe:LLC-load:1808481967
4.7.0-unsafe:enp4s0f1_rx_packets:0
4.7.0-unsafe:cpu_9:100
4.7.0-unsafe:cpu_1:100
4.7.0-unsafe:enp4s0f1_rx_bytes:0
4.7.0-unsafe:cpu_18:100
4.7.0-unsafe:cpu_27:100
4.7.0-unsafe:TOTAL_l3mpi:0
4.7.0-unsafe:cache-misses:2018246336
4.7.0-unsafe:enp130s0f1_rx_packets:102443
4.7.0-unsafe:cpu_8:100
4.7.0-unsafe:SKT0_ipc:1.26
4.7.0-unsafe:SKT1_ipc:1.27
4.7.0-unsafe:cpu_5:100
4.7.0-unsafe:cpu_24:100
4.7.0-unsafe:enp4s0f1_tx_packets:0
4.7.0-unsafe:cpu_20:100
4.7.0-unsafe:cpu_22:100
4.7.0-unsafe:enp4s0f1_rx_packets_phy:0
4.7.0-unsafe:TOTAL_l3hit:0.17
4.7.0-unsafe:TOTAL_l2miss:2403000000
4.7.0-unsafe:SKT0_l2mpi:0.01
4.7.0-unsafe:enp130s0f0_rx_bytes:4772601953
4.7.0-unsafe:cpu_23:100
4.7.0-unsafe:TOTAL_l2mpi:0.01
4.7.0-unsafe:enp130s0f0_tx_packets_phy:723115
4.7.0-unsafe:SKT1_l2hit:0.66
4.7.0-unsafe:cpu_4:100
4.7.0-unsafe:Total_tx_bytes:9625168525
4.7.0-unsafe:enp130s0f1_tx_packets:71578
4.7.0-unsafe:LLC-store-misses:217338446
4.7.0-unsafe:enp4s0f0_tx_bytes_phy:0
4.7.0-unsafe:Total_rx_bytes:7199798969
4.7.0-unsafe:TOTAL_l2hit:0.64
4.7.0-unsafe:Total_tx_packets:215861
4.7.0-unsafe:cpu_19:100
4.7.0-unsafe:enp130s0f1_tx_bytes_phy:3579628140
4.7.0-unsafe:enp4s0f1_tx_packets_phy:0
4.7.0-unsafe:cpu_26:100
4.7.0-unsafe:cpu_16:100
4.7.0-unsafe:cpu_2:100
4.7.0-unsafe:enp130s0f0_rx_bytes_phy:4810583020
4.7.0-unsafe:enp4s0f0_tx_packets:0
4.7.0-unsafe:cpu_12:100
4.7.0-unsafe:cpu_25:100
4.7.0-unsafe:cache-references:7370079532
4.7.0-unsafe:enp4s0f0_tx_packets_phy:0
4.7.0-unsafe:enp4s0f1_rx_bytes_phy:0
4.7.0-unsafe:cpu_14:100
4.7.0-unsafe:cpu_7:100
4.7.0-unsafe:LLC-load-misses:704972794
4.7.0-unsafe:enp130s0f1_tx_bytes:3576409620
4.7.0-unsafe:Total_tx_packets_phy:1134953
4.7.0-unsafe:enp4s0f1_tx_bytes:0
4.7.0-unsafe:enp4s0f0_rx_bytes:0
4.7.0-unsafe:enp130s0f1_rx_bytes_phy:2440643402
4.7.0-unsafe:enp130s0f0_rx_packets:157796
4.7.0-unsafe:SKT1_l2miss:1129000000
4.7.0-unsafe:enp130s0f1_tx_queue_stopped:0
4.7.0-unsafe:SKT0_l2miss:1274000000
4.7.0-unsafe:cpu_13:100
4.7.0-unsafe:enp130s0f1_rx_bytes:2427197016
4.7.0-unsafe:cpu_21:100
4.7.0-unsafe:cycles:336802284112
4.7.0-unsafe:Total_tx_queue_stopped:0
4.7.0-unsafe:enp4s0f0_tx_bytes:0
4.7.0-unsafe:enp4s0f0_rx_bytes_phy:0
4.7.0-unsafe:enp4s0f0_tx_queue_stopped:0
4.7.0-unsafe:SKT0_l3mpi:0.01
4.7.0-unsafe:LLC-store:2501214664
4.7.0-unsafe:cpu_3:100
4.7.0-unsafe:enp130s0f1_tx_packets_phy:411838
4.7.0-unsafe:Total_rx_bytes_phy:7251226422
4.7.0-unsafe:SKT0_l3miss:1091000000
4.7.0-unsafe:enp130s0f0_rx_packets_phy:609171
4.7.0-unsafe:enp130s0f1_rx_packets_phy:332701
4.7.0-unsafe:SKT1_l3mpi:0
4.7.0-unsafe:cpu_6:100
4.7.0-unsafe:Total_rx_packets:260239
4.7.0-unsafe:cpu_0:100
4.7.0-unsafe:Memory:48608.19
4.7.0-unsafe:enp130s0f0_tx_bytes_phy:6052472174
4.7.0-unsafe:enp4s0f0_rx_packets_phy:0
4.7.0-unsafe:cpu_11:100
4.7.0-unsafe:TOTAL_l3miss:2004000000
4.7.0-unsafe:cpu_10:100
4.7.0-unsafe:SKT0_l3hit:0.14
4.7.0-unsafe:cpu_15:100
4.7.0-unsafe:SKT0_l2hit:0.62
4.7.0-unsafe:enp130s0f0_tx_queue_stopped:0
4.7.0-unsafe:instructions:424997676730
4.7.0-unsafe:Read:32972.22
4.7.0-unsafe:TOTAL_ipc:1.26
4.7.0-unsafe:Total_tx_bytes_phy:9632100314
4.7.0-unsafe:Total_rx_packets_phy:941872
