4.7.0-damn-strict:16384:87380
4.7.0-damn-strict:enp4s0f1_tx_bytes:0
4.7.0-damn-strict:TOTAL_l3mpi:0.07
4.7.0-damn-strict:enp4s0f0_tx_packets:0
4.7.0-damn-strict:cpu_19:0
4.7.0-damn-strict:Total_tx_packets:39946.3333333333
4.7.0-damn-strict:enp4s0f0_rx_bytes_phy:0
4.7.0-damn-strict:cache-misses:286698315.666667
4.7.0-damn-strict:Total_rx_packets:86447.3333333333
4.7.0-damn-strict:LLC-store-misses:794289
4.7.0-damn-strict:enp130s0f0_rx_bytes:5085042132.66667
4.7.0-damn-strict:enp130s0f1_tx_bytes:0
4.7.0-damn-strict:cache-references:1092082641.33333
4.7.0-damn-strict:SKT0_ipc:0.23
4.7.0-damn-strict:SKT0_l2miss:336333333.333333
4.7.0-damn-strict:cpu_4:0
4.7.0-damn-strict:enp4s0f1_rx_bytes:0
4.7.0-damn-strict:cpu_6:0
4.7.0-damn-strict:cpu_24:0
4.7.0-damn-strict:enp4s0f1_rx_bytes_phy:0
4.7.0-damn-strict:SKT0_l3miss:283666666.666667
4.7.0-damn-strict:cpu_5:0.653333333333333
4.7.0-damn-strict:cpu_17:0
4.7.0-damn-strict:enp130s0f0_tx_bytes_phy:2802300
4.7.0-damn-strict:cpu_25:0
4.7.0-damn-strict:cpu_27:0.98
4.7.0-damn-strict:cpu_20:0
4.7.0-damn-strict:cpu_14:4.57333333333333
4.7.0-damn-strict:cpu_21:0
4.7.0-damn-strict:SKT0_l2hit:0.2
4.7.0-damn-strict:enp130s0f1_tx_bytes_phy:0
4.7.0-damn-strict:cpu_12:0
4.7.0-damn-strict:TOTAL_ipc:0.253333333333333
4.7.0-damn-strict:TOTAL_l2mpi:0.0833333333333333
4.7.0-damn-strict:cpu_3:0
4.7.0-damn-strict:Total_tx_packets_phy:40004.3333333333
4.7.0-damn-strict:SKT1_l3miss:516666.666666667
4.7.0-damn-strict:Total_rx_bytes_phy:5119595988
4.7.0-damn-strict:enp130s0f1_rx_packets:0
4.7.0-damn-strict:cpu_2:94.7733333333333
4.7.0-damn-strict:enp130s0f1_rx_packets_phy:0
4.7.0-damn-strict:cpu_1:0.326666666666667
4.7.0-damn-strict:enp130s0f0_rx_packets:86447.3333333333
4.7.0-damn-strict:cpu_7:0.326666666666667
4.7.0-damn-strict:enp130s0f1_rx_bytes_phy:0
4.7.0-damn-strict:enp4s0f0_tx_packets_phy:0
4.7.0-damn-strict:enp130s0f0_tx_bytes:2638725.33333333
4.7.0-damn-strict:enp130s0f0_tx_packets_phy:40004.3333333333
4.7.0-damn-strict:Write:5051.07666666667
4.7.0-damn-strict:enp130s0f1_tx_packets_phy:0
4.7.0-damn-strict:enp130s0f1_rx_bytes:0
4.7.0-damn-strict:TOTAL_l3miss:284000000
4.7.0-damn-strict:cpu_total:3.41
4.7.0-damn-strict:enp130s0f0_tx_packets:39946.3333333333
4.7.0-damn-strict:LLC-store:368861416.333333
4.7.0-damn-strict:cpu_18:0
4.7.0-damn-strict:cpu_13:0
4.7.0-damn-strict:enp130s0f1_tx_packets:0
4.7.0-damn-strict:enp4s0f1_rx_packets:0
4.7.0-damn-strict:instructions:3981439437
4.7.0-damn-strict:enp4s0f0_tx_bytes:0
4.7.0-damn-strict:enp130s0f0_rx_packets_phy:568201.666666667
4.7.0-damn-strict:TOTAL_l2miss:338666666.666667
4.7.0-damn-strict:cpu_23:0
4.7.0-damn-strict:enp4s0f0_rx_packets_phy:0
4.7.0-damn-strict:cpu_9:0
4.7.0-damn-strict:cpu_0:0.326666666666667
4.7.0-damn-strict:cpu_15:0
4.7.0-damn-strict:enp4s0f0_rx_bytes:0
4.7.0-damn-strict:TOTAL_l3hit:0.16
4.7.0-damn-strict:cpu_16:0
4.7.0-damn-strict:SKT1_l3hit:0.796666666666667
4.7.0-damn-strict:SKT0_l3hit:0.156666666666667
4.7.0-damn-strict:enp4s0f1_tx_packets:0
4.7.0-damn-strict:cycles:15934405526
4.7.0-damn-strict:TOTAL_l2hit:0.2
4.7.0-damn-strict:SKT1_l3mpi:0
4.7.0-damn-strict:SKT1_l2mpi:0.01
4.7.0-damn-strict:Memory:10209.6333333333
4.7.0-damn-strict:enp4s0f0_rx_packets:0
4.7.0-damn-strict:cpu_10:0.326666666666667
4.7.0-damn-strict:cpu_22:0
4.7.0-damn-strict:SKT1_l2hit:0.206666666666667
4.7.0-damn-strict:enp4s0f0_tx_bytes_phy:0
4.7.0-damn-strict:enp4s0f1_tx_bytes_phy:0
4.7.0-damn-strict:cpu_26:0
4.7.0-damn-strict:SKT0_l3mpi:0.08
4.7.0-damn-strict:enp4s0f1_tx_packets_phy:0
4.7.0-damn-strict:enp4s0f1_rx_packets_phy:0
4.7.0-damn-strict:Total_rx_bytes:5085042132.66667
4.7.0-damn-strict:Total_tx_bytes_phy:2802300
4.7.0-damn-strict:SKT0_l2mpi:0.0933333333333333
4.7.0-damn-strict:SKT1_ipc:1.01333333333333
4.7.0-damn-strict:Total_tx_bytes:2638725.33333333
4.7.0-damn-strict:LLC-load:337668295.666667
4.7.0-damn-strict:Read:5158.56
4.7.0-damn-strict:cpu_8:0
4.7.0-damn-strict:LLC-load-misses:189749004
4.7.0-damn-strict:SKT1_l2miss:2561333.33333333
4.7.0-damn-strict:Total_rx_packets_phy:568201.666666667
4.7.0-damn-strict:enp130s0f0_rx_bytes_phy:5119595988
4.7.0-damn-strict:cpu_11:0
4.7.0-unsafe:enp130s0f0_tx_packets:40700.3333333333
4.7.0-unsafe:LLC-store:346466870.666667
4.7.0-unsafe:cpu_18:0
4.7.0-unsafe:cpu_13:1.30666666666667
4.7.0-unsafe:enp130s0f1_tx_packets:0
4.7.0-unsafe:instructions:3962157673.33333
4.7.0-unsafe:enp4s0f1_rx_packets:0
4.7.0-unsafe:enp4s0f0_tx_bytes:0
4.7.0-unsafe:TOTAL_l2miss:320333333.333333
4.7.0-unsafe:enp130s0f0_rx_packets_phy:535065
4.7.0-unsafe:enp4s0f0_rx_packets_phy:0
4.7.0-unsafe:cpu_23:0
4.7.0-unsafe:cpu_9:0
4.7.0-unsafe:cpu_0:0.326666666666667
4.7.0-unsafe:cpu_15:0
4.7.0-unsafe:enp4s0f0_rx_bytes:0
4.7.0-unsafe:SKT1_l3hit:0.786666666666667
4.7.0-unsafe:TOTAL_l3hit:0.16
4.7.0-unsafe:cpu_16:0
4.7.0-unsafe:SKT0_l3hit:0.156666666666667
4.7.0-unsafe:enp4s0f1_tx_packets:0
4.7.0-unsafe:SKT1_l3mpi:0
4.7.0-unsafe:TOTAL_l2hit:0.21
4.7.0-unsafe:cycles:15167584959.6667
4.7.0-unsafe:SKT1_l2mpi:0.01
4.7.0-unsafe:Memory:9315.89
4.7.0-unsafe:enp4s0f0_rx_packets:0
4.7.0-unsafe:cpu_10:0
4.7.0-unsafe:cpu_22:0
4.7.0-unsafe:SKT1_l2hit:0.206666666666667
4.7.0-unsafe:enp4s0f1_tx_bytes_phy:0
4.7.0-unsafe:enp4s0f0_tx_bytes_phy:0
4.7.0-unsafe:cpu_26:0.653333333333333
4.7.0-unsafe:SKT0_l3mpi:0.0766666666666667
4.7.0-unsafe:enp4s0f1_tx_packets_phy:0
4.7.0-unsafe:enp4s0f1_rx_packets_phy:0
4.7.0-unsafe:Total_rx_bytes:4790565043.33333
4.7.0-unsafe:Total_tx_bytes_phy:2851732.33333333
4.7.0-unsafe:SKT0_l2mpi:0.0866666666666667
4.7.0-unsafe:SKT1_ipc:1.01333333333333
4.7.0-unsafe:Total_tx_bytes:2687118.33333333
4.7.0-unsafe:LLC-load:308047598.666667
4.7.0-unsafe:Read:4659.14333333333
4.7.0-unsafe:LLC-load-misses:173267876
4.7.0-unsafe:cpu_8:0
4.7.0-unsafe:SKT1_l2miss:2436666.66666667
4.7.0-unsafe:Total_rx_packets_phy:535065
4.7.0-unsafe:cpu_11:0
4.7.0-unsafe:enp130s0f0_rx_bytes_phy:4822883793.33333
4.7.0-unsafe:16384:87380
4.7.0-unsafe:enp4s0f1_tx_bytes:0
4.7.0-unsafe:TOTAL_l3mpi:0.0666666666666667
4.7.0-unsafe:enp4s0f0_tx_packets:0
4.7.0-unsafe:cpu_19:0
4.7.0-unsafe:enp4s0f0_rx_bytes_phy:0
4.7.0-unsafe:Total_tx_packets:40700.3333333333
4.7.0-unsafe:cache-misses:265766668
4.7.0-unsafe:Total_rx_packets:82316.3333333333
4.7.0-unsafe:LLC-store-misses:667646.666666667
4.7.0-unsafe:enp130s0f1_tx_bytes:0
4.7.0-unsafe:enp130s0f0_rx_bytes:4790565043.33333
4.7.0-unsafe:cache-references:1020302831
4.7.0-unsafe:SKT0_ipc:0.236666666666667
4.7.0-unsafe:SKT0_l2miss:318000000
4.7.0-unsafe:enp4s0f1_rx_bytes:0
4.7.0-unsafe:cpu_4:0
4.7.0-unsafe:cpu_6:0
4.7.0-unsafe:cpu_24:0
4.7.0-unsafe:SKT0_l3miss:267666666.666667
4.7.0-unsafe:enp4s0f1_rx_bytes_phy:0
4.7.0-unsafe:cpu_5:0.653333333333333
4.7.0-unsafe:cpu_17:0
4.7.0-unsafe:enp130s0f0_tx_bytes_phy:2851732.33333333
4.7.0-unsafe:cpu_27:1.30666666666667
4.7.0-unsafe:cpu_25:0
4.7.0-unsafe:cpu_14:0
4.7.0-unsafe:cpu_20:0
4.7.0-unsafe:SKT0_l2hit:0.21
4.7.0-unsafe:cpu_21:0
4.7.0-unsafe:enp130s0f1_tx_bytes_phy:0
4.7.0-unsafe:cpu_12:3.26666666666667
4.7.0-unsafe:TOTAL_ipc:0.256666666666667
4.7.0-unsafe:TOTAL_l2mpi:0.0766666666666667
4.7.0-unsafe:cpu_3:0
4.7.0-unsafe:Total_tx_packets_phy:40728.6666666667
4.7.0-unsafe:SKT1_l3miss:521000
4.7.0-unsafe:enp130s0f1_rx_packets:0
4.7.0-unsafe:Total_rx_bytes_phy:4822883793.33333
4.7.0-unsafe:cpu_2:91.5033333333333
4.7.0-unsafe:enp130s0f1_rx_packets_phy:0
4.7.0-unsafe:cpu_1:0
4.7.0-unsafe:enp130s0f0_rx_packets:82316.3333333333
4.7.0-unsafe:cpu_7:0.653333333333333
4.7.0-unsafe:enp130s0f1_rx_bytes_phy:0
4.7.0-unsafe:enp130s0f0_tx_packets_phy:40728.6666666667
4.7.0-unsafe:enp130s0f0_tx_bytes:2687118.33333333
4.7.0-unsafe:enp4s0f0_tx_packets_phy:0
4.7.0-unsafe:Write:4656.75
4.7.0-unsafe:enp130s0f1_rx_bytes:0
4.7.0-unsafe:enp130s0f1_tx_packets_phy:0
4.7.0-unsafe:TOTAL_l3miss:268333333.333333
4.7.0-unsafe:cpu_total:3.31666666666667
