4.7.0-copy-plus-hp-strict:enp4s0f0_tx_packets_phy:0
4.7.0-copy-plus-hp-strict:SKT1_l2hit:0.2
4.7.0-copy-plus-hp-strict:TOTAL_ipc:0.4
4.7.0-copy-plus-hp-strict:TOTAL_l2miss:876000
4.7.0-copy-plus-hp-strict:TOTAL_l2mpi:0.01
4.7.0-copy-plus-hp-strict:cpu_24:0
4.7.0-copy-plus-hp-strict:Total_tx_packets:0
4.7.0-copy-plus-hp-strict:LLC-store-misses:45193
4.7.0-copy-plus-hp-strict:SKT0_l3mpi:0
4.7.0-copy-plus-hp-strict:Memory:41.7
4.7.0-copy-plus-hp-strict:Read:22.36
4.7.0-copy-plus-hp-strict:enp130s0f0_rx_bytes_phy:0
4.7.0-copy-plus-hp-strict:enp130s0f0_tx_packets_phy:0
4.7.0-copy-plus-hp-strict:cpu_10:0
4.7.0-copy-plus-hp-strict:cpu_23:0
4.7.0-copy-plus-hp-strict:LLC-load-misses:65169
4.7.0-copy-plus-hp-strict:Total_tx_packets_phy:0
4.7.0-copy-plus-hp-strict:SKT0_l2miss:507000
4.7.0-copy-plus-hp-strict:enp130s0f1_tx_bytes_phy:0
4.7.0-copy-plus-hp-strict:enp130s0f0_tx_bytes_phy:0
4.7.0-copy-plus-hp-strict:Total_tx_bytes_phy:0
4.7.0-copy-plus-hp-strict:SKT1_l2miss:368000
4.7.0-copy-plus-hp-strict:enp130s0f0_rx_packets_phy:0
4.7.0-copy-plus-hp-strict:cpu_7:0
4.7.0-copy-plus-hp-strict:Total_rx_bytes_phy:0
4.7.0-copy-plus-hp-strict:enp4s0f0_rx_bytes_phy:0
4.7.0-copy-plus-hp-strict:Total_rx_packets:0
4.7.0-copy-plus-hp-strict:cpu_9:0
4.7.0-copy-plus-hp-strict:cpu_20:0
4.7.0-copy-plus-hp-strict:SKT1_l3hit:0.76
4.7.0-copy-plus-hp-strict:enp4s0f0_rx_packets_phy:0
4.7.0-copy-plus-hp-strict:Total_rx_packets_phy:0
4.7.0-copy-plus-hp-strict:SKT0_l2mpi:0.01
4.7.0-copy-plus-hp-strict:cpu_17:0
4.7.0-copy-plus-hp-strict:cpu_26:0
4.7.0-copy-plus-hp-strict:TOTAL_l3hit:0.75
4.7.0-copy-plus-hp-strict:enp4s0f0_tx_packets:0
4.7.0-copy-plus-hp-strict:cpu_21:0
4.7.0-copy-plus-hp-strict:cpu_4:0
4.7.0-copy-plus-hp-strict:enp130s0f0_tx_bytes:0
4.7.0-copy-plus-hp-strict:enp130s0f1_tx_packets:0
4.7.0-copy-plus-hp-strict:enp4s0f0_rx_packets:0
4.7.0-copy-plus-hp-strict:enp4s0f1_rx_packets_phy:0
4.7.0-copy-plus-hp-strict:enp130s0f0_tx_queue_stopped:0
4.7.0-copy-plus-hp-strict:enp4s0f0_tx_bytes_phy:0
4.7.0-copy-plus-hp-strict:cpu_16:0
4.7.0-copy-plus-hp-strict:enp4s0f1_tx_queue_stopped:0
4.7.0-copy-plus-hp-strict:cpu_18:0
4.7.0-copy-plus-hp-strict:enp130s0f1_rx_bytes:0
4.7.0-copy-plus-hp-strict:enp4s0f1_rx_bytes:0
4.7.0-copy-plus-hp-strict:enp4s0f1_tx_packets_phy:0
4.7.0-copy-plus-hp-strict:cpu_8:0
4.7.0-copy-plus-hp-strict:LLC-load:930671
4.7.0-copy-plus-hp-strict:SKT0_ipc:0.43
4.7.0-copy-plus-hp-strict:enp130s0f1_tx_bytes:0
4.7.0-copy-plus-hp-strict:cache-misses:162734
4.7.0-copy-plus-hp-strict:enp130s0f1_tx_packets_phy:0
4.7.0-copy-plus-hp-strict:enp130s0f1_rx_bytes_phy:0
4.7.0-copy-plus-hp-strict:cpu_13:0
4.7.0-copy-plus-hp-strict:enp4s0f1_tx_packets:0
4.7.0-copy-plus-hp-strict:enp4s0f1_rx_bytes_phy:0
4.7.0-copy-plus-hp-strict:enp130s0f1_tx_queue_stopped:0
4.7.0-copy-plus-hp-strict:Total_tx_queue_stopped:0
4.7.0-copy-plus-hp-strict:cpu_15:0
4.7.0-copy-plus-hp-strict:TOTAL_l3mpi:0
4.7.0-copy-plus-hp-strict:TOTAL_l2hit:0.24
4.7.0-copy-plus-hp-strict:LLC-store:510060
4.7.0-copy-plus-hp-strict:SKT0_l3miss:130000
4.7.0-copy-plus-hp-strict:cpu_0:0
4.7.0-copy-plus-hp-strict:enp4s0f0_tx_bytes:0
4.7.0-copy-plus-hp-strict:cpu_2:0
4.7.0-copy-plus-hp-strict:enp130s0f1_rx_packets_phy:0
4.7.0-copy-plus-hp-strict:enp4s0f1_rx_packets:0
4.7.0-copy-plus-hp-strict:Total_tx_bytes:0
4.7.0-copy-plus-hp-strict:cpu_19:0
4.7.0-copy-plus-hp-strict:enp130s0f1_rx_packets:0
4.7.0-copy-plus-hp-strict:cpu_25:0
4.7.0-copy-plus-hp-strict:cpu_3:0
4.7.0-copy-plus-hp-strict:SKT0_l3hit:0.74
4.7.0-copy-plus-hp-strict:TOTAL_l3miss:219000
4.7.0-copy-plus-hp-strict:enp4s0f1_tx_bytes:0
4.7.0-copy-plus-hp-strict:instructions:65328842
4.7.0-copy-plus-hp-strict:cache-references:4899398
4.7.0-copy-plus-hp-strict:iops:31195
4.7.0-copy-plus-hp-strict:cpu_27:0
4.7.0-copy-plus-hp-strict:enp130s0f0_rx_bytes:0
4.7.0-copy-plus-hp-strict:cpu_22:0
4.7.0-copy-plus-hp-strict:cpu_11:0
4.7.0-copy-plus-hp-strict:SKT0_l2hit:0.27
4.7.0-copy-plus-hp-strict:cpu_total:0
4.7.0-copy-plus-hp-strict:enp130s0f0_tx_packets:0
4.7.0-copy-plus-hp-strict:SKT1_l3mpi:0
4.7.0-copy-plus-hp-strict:enp4s0f1_tx_bytes_phy:0
4.7.0-copy-plus-hp-strict:Write:19.34
4.7.0-copy-plus-hp-strict:cpu_14:0
4.7.0-copy-plus-hp-strict:cpu_12:0
4.7.0-copy-plus-hp-strict:enp130s0f0_rx_packets:0
4.7.0-copy-plus-hp-strict:SKT1_l2mpi:0.01
4.7.0-copy-plus-hp-strict:cpu_5:0
4.7.0-copy-plus-hp-strict:cpu_1:0
4.7.0-copy-plus-hp-strict:cpu_6:0
4.7.0-copy-plus-hp-strict:Total_rx_bytes:0
4.7.0-copy-plus-hp-strict:enp4s0f0_tx_queue_stopped:0
4.7.0-copy-plus-hp-strict:cycles:146866729
4.7.0-copy-plus-hp-strict:SKT1_l3miss:89000
4.7.0-copy-plus-hp-strict:enp4s0f0_rx_bytes:0
4.7.0-copy-plus-hp-strict:SKT1_ipc:0.37
4.7.0-damn-strict:cpu_23:0
4.7.0-damn-strict:LLC-load-misses:57804
4.7.0-damn-strict:cpu_10:0
4.7.0-damn-strict:enp130s0f0_tx_bytes_phy:0
4.7.0-damn-strict:Total_tx_packets_phy:0
4.7.0-damn-strict:SKT0_l2miss:522000
4.7.0-damn-strict:enp130s0f1_tx_bytes_phy:0
4.7.0-damn-strict:cpu_7:0
4.7.0-damn-strict:Total_tx_bytes_phy:0
4.7.0-damn-strict:SKT1_l2miss:668000
4.7.0-damn-strict:enp130s0f0_rx_packets_phy:0
4.7.0-damn-strict:Total_rx_bytes_phy:0
4.7.0-damn-strict:enp4s0f0_rx_bytes_phy:0
4.7.0-damn-strict:SKT1_l2hit:0.25
4.7.0-damn-strict:TOTAL_ipc:0.44
4.7.0-damn-strict:enp4s0f0_tx_packets_phy:0
4.7.0-damn-strict:cpu_24:0
4.7.0-damn-strict:Total_tx_packets:0
4.7.0-damn-strict:TOTAL_l2miss:1190000
4.7.0-damn-strict:TOTAL_l2mpi:0.01
4.7.0-damn-strict:Memory:42.93
4.7.0-damn-strict:Read:22.35
4.7.0-damn-strict:LLC-store-misses:43813
4.7.0-damn-strict:SKT0_l3mpi:0
4.7.0-damn-strict:enp130s0f0_tx_packets_phy:0
4.7.0-damn-strict:enp130s0f0_rx_bytes_phy:0
4.7.0-damn-strict:cpu_18:0
4.7.0-damn-strict:enp130s0f1_rx_bytes:0
4.7.0-damn-strict:enp4s0f0_tx_bytes_phy:0
4.7.0-damn-strict:enp4s0f1_tx_queue_stopped:0
4.7.0-damn-strict:cpu_16:0
4.7.0-damn-strict:enp130s0f1_tx_bytes:0
4.7.0-damn-strict:cpu_8:0
4.7.0-damn-strict:enp4s0f1_tx_packets_phy:0
4.7.0-damn-strict:enp4s0f1_rx_bytes:0
4.7.0-damn-strict:SKT0_ipc:0.47
4.7.0-damn-strict:LLC-load:919869
4.7.0-damn-strict:enp130s0f1_rx_bytes_phy:0
4.7.0-damn-strict:enp130s0f1_tx_packets_phy:0
4.7.0-damn-strict:cpu_13:0
4.7.0-damn-strict:cache-misses:159067
4.7.0-damn-strict:Total_tx_queue_stopped:0
4.7.0-damn-strict:enp130s0f1_tx_queue_stopped:0
4.7.0-damn-strict:cpu_15:0
4.7.0-damn-strict:enp4s0f1_tx_packets:0
4.7.0-damn-strict:enp4s0f1_rx_bytes_phy:0
4.7.0-damn-strict:cpu_9:0
4.7.0-damn-strict:cpu_20:0
4.7.0-damn-strict:SKT1_l3hit:0.44
4.7.0-damn-strict:Total_rx_packets:0
4.7.0-damn-strict:Total_rx_packets_phy:0
4.7.0-damn-strict:enp4s0f0_rx_packets_phy:0
4.7.0-damn-strict:cpu_26:0
4.7.0-damn-strict:TOTAL_l3hit:0.59
4.7.0-damn-strict:SKT0_l2mpi:0.01
4.7.0-damn-strict:cpu_17:0
4.7.0-damn-strict:enp130s0f0_tx_bytes:0
4.7.0-damn-strict:enp130s0f1_tx_packets:0
4.7.0-damn-strict:enp4s0f0_rx_packets:0
4.7.0-damn-strict:enp4s0f1_rx_packets_phy:0
4.7.0-damn-strict:enp130s0f0_tx_queue_stopped:0
4.7.0-damn-strict:cpu_21:0
4.7.0-damn-strict:enp4s0f0_tx_packets:0
4.7.0-damn-strict:cpu_4:0
4.7.0-damn-strict:cpu_2:0
4.7.0-damn-strict:enp4s0f0_tx_bytes:0
4.7.0-damn-strict:enp130s0f1_rx_packets_phy:0
4.7.0-damn-strict:cpu_25:0
4.7.0-damn-strict:cpu_3:0
4.7.0-damn-strict:cpu_19:0
4.7.0-damn-strict:enp4s0f1_rx_packets:0
4.7.0-damn-strict:Total_tx_bytes:0
4.7.0-damn-strict:enp130s0f1_rx_packets:0
4.7.0-damn-strict:TOTAL_l3mpi:0.01
4.7.0-damn-strict:TOTAL_l2hit:0.26
4.7.0-damn-strict:cpu_0:0
4.7.0-damn-strict:LLC-store:517175
4.7.0-damn-strict:SKT0_l3miss:113000
4.7.0-damn-strict:cpu_12:0
4.7.0-damn-strict:SKT1_l2mpi:0.02
4.7.0-damn-strict:enp130s0f0_rx_packets:0
4.7.0-damn-strict:cpu_5:0
4.7.0-damn-strict:cpu_1:0
4.7.0-damn-strict:cpu_6:0
4.7.0-damn-strict:SKT1_ipc:0.4
4.7.0-damn-strict:enp4s0f0_rx_bytes:0
4.7.0-damn-strict:enp4s0f0_tx_queue_stopped:0
4.7.0-damn-strict:Total_rx_bytes:0
4.7.0-damn-strict:cycles:144726865
4.7.0-damn-strict:SKT1_l3miss:373000
4.7.0-damn-strict:cache-references:4801403
4.7.0-damn-strict:iops:38968
4.7.0-damn-strict:enp4s0f1_tx_bytes:0
4.7.0-damn-strict:TOTAL_l3miss:486000
4.7.0-damn-strict:SKT0_l3hit:0.78
4.7.0-damn-strict:instructions:57647641
4.7.0-damn-strict:cpu_11:0
4.7.0-damn-strict:cpu_22:0
4.7.0-damn-strict:cpu_27:0
4.7.0-damn-strict:enp130s0f0_rx_bytes:0
4.7.0-damn-strict:cpu_total:0
4.7.0-damn-strict:enp130s0f0_tx_packets:0
4.7.0-damn-strict:SKT0_l2hit:0.27
4.7.0-damn-strict:SKT1_l3mpi:0.01
4.7.0-damn-strict:enp4s0f1_tx_bytes_phy:0
4.7.0-damn-strict:Write:20.58
4.7.0-damn-strict:cpu_14:0
4.7.0-defer:Total_tx_packets_phy:0
4.7.0-defer:enp130s0f1_tx_bytes_phy:0
4.7.0-defer:SKT0_l2miss:509000
4.7.0-defer:enp130s0f0_tx_bytes_phy:0
4.7.0-defer:cpu_10:0
4.7.0-defer:cpu_23:0
4.7.0-defer:LLC-load-misses:139232
4.7.0-defer:Total_rx_bytes_phy:0
4.7.0-defer:enp4s0f0_rx_bytes_phy:0
4.7.0-defer:SKT1_l2miss:373000
4.7.0-defer:Total_tx_bytes_phy:0
4.7.0-defer:enp130s0f0_rx_packets_phy:0
4.7.0-defer:cpu_7:0
4.7.0-defer:TOTAL_l2miss:883000
4.7.0-defer:TOTAL_l2mpi:0.01
4.7.0-defer:cpu_24:0
4.7.0-defer:Total_tx_packets:0
4.7.0-defer:enp4s0f0_tx_packets_phy:0
4.7.0-defer:SKT1_l2hit:0.18
4.7.0-defer:TOTAL_ipc:0.39
4.7.0-defer:enp130s0f0_tx_packets_phy:0
4.7.0-defer:enp130s0f0_rx_bytes_phy:0
4.7.0-defer:LLC-store-misses:31685
4.7.0-defer:SKT0_l3mpi:0
4.7.0-defer:Memory:35.19
4.7.0-defer:Read:18.75
4.7.0-defer:enp4s0f1_rx_bytes:0
4.7.0-defer:enp4s0f1_tx_packets_phy:0
4.7.0-defer:cpu_8:0
4.7.0-defer:LLC-load:1061447
4.7.0-defer:SKT0_ipc:0.4
4.7.0-defer:enp130s0f1_tx_bytes:0
4.7.0-defer:enp4s0f0_tx_bytes_phy:0
4.7.0-defer:cpu_16:0
4.7.0-defer:enp4s0f1_tx_queue_stopped:0
4.7.0-defer:cpu_18:0
4.7.0-defer:enp130s0f1_rx_bytes:0
4.7.0-defer:enp4s0f1_tx_packets:0
4.7.0-defer:enp4s0f1_rx_bytes_phy:0
4.7.0-defer:enp130s0f1_tx_queue_stopped:0
4.7.0-defer:Total_tx_queue_stopped:0
4.7.0-defer:cpu_15:0
4.7.0-defer:cache-misses:416699
4.7.0-defer:enp130s0f1_rx_bytes_phy:0
4.7.0-defer:enp130s0f1_tx_packets_phy:0
4.7.0-defer:cpu_13:0
4.7.0-defer:enp4s0f0_rx_packets_phy:0
4.7.0-defer:Total_rx_packets_phy:0
4.7.0-defer:Total_rx_packets:0
4.7.0-defer:cpu_9:0
4.7.0-defer:SKT1_l3hit:0.71
4.7.0-defer:cpu_20:0
4.7.0-defer:enp4s0f0_tx_packets:0
4.7.0-defer:cpu_21:0
4.7.0-defer:cpu_4:0
4.7.0-defer:enp130s0f0_tx_bytes:0
4.7.0-defer:enp130s0f1_tx_packets:0
4.7.0-defer:enp4s0f1_rx_packets_phy:0
4.7.0-defer:enp130s0f0_tx_queue_stopped:0
4.7.0-defer:enp4s0f0_rx_packets:0
4.7.0-defer:SKT0_l2mpi:0.01
4.7.0-defer:cpu_17:0
4.7.0-defer:cpu_26:0
4.7.0-defer:TOTAL_l3hit:0.75
4.7.0-defer:enp4s0f0_tx_bytes:0
4.7.0-defer:cpu_2:0
4.7.0-defer:Total_tx_bytes:0
4.7.0-defer:enp4s0f1_rx_packets:0
4.7.0-defer:cpu_19:0
4.7.0-defer:enp130s0f1_rx_packets:0
4.7.0-defer:cpu_25:0
4.7.0-defer:cpu_3:0
4.7.0-defer:enp130s0f1_rx_packets_phy:0
4.7.0-defer:TOTAL_l3mpi:0
4.7.0-defer:LLC-store:257219
4.7.0-defer:SKT0_l3miss:114000
4.7.0-defer:cpu_0:0
4.7.0-defer:TOTAL_l2hit:0.22
4.7.0-defer:cpu_5:0
4.7.0-defer:cpu_12:0
4.7.0-defer:SKT1_l2mpi:0.01
4.7.0-defer:enp130s0f0_rx_packets:0
4.7.0-defer:Total_rx_bytes:0
4.7.0-defer:enp4s0f0_tx_queue_stopped:0
4.7.0-defer:SKT1_l3miss:107000
4.7.0-defer:cycles:161014438
4.7.0-defer:SKT1_ipc:0.39
4.7.0-defer:enp4s0f0_rx_bytes:0
4.7.0-defer:cpu_1:0
4.7.0-defer:cpu_6:0
4.7.0-defer:cpu_27:0
4.7.0-defer:enp130s0f0_rx_bytes:0
4.7.0-defer:cpu_22:0
4.7.0-defer:cpu_11:0
4.7.0-defer:TOTAL_l3miss:222000
4.7.0-defer:instructions:70895293
4.7.0-defer:SKT0_l3hit:0.77
4.7.0-defer:enp4s0f1_tx_bytes:0
4.7.0-defer:cache-references:5577061
4.7.0-defer:iops:37921
4.7.0-defer:SKT1_l3mpi:0
4.7.0-defer:Write:16.44
4.7.0-defer:enp4s0f1_tx_bytes_phy:0
4.7.0-defer:cpu_14:0
4.7.0-defer:SKT0_l2hit:0.24
4.7.0-defer:cpu_total:0
4.7.0-defer:enp130s0f0_tx_packets:0
4.7.0-strict:cpu_7:0
4.7.0-strict:enp130s0f0_rx_packets_phy:0
4.7.0-strict:Total_tx_bytes_phy:0
4.7.0-strict:SKT1_l2miss:357000
4.7.0-strict:enp4s0f0_rx_bytes_phy:0
4.7.0-strict:Total_rx_bytes_phy:0
4.7.0-strict:LLC-load-misses:155145
4.7.0-strict:cpu_23:0
4.7.0-strict:cpu_10:0
4.7.0-strict:enp130s0f0_tx_bytes_phy:0
4.7.0-strict:SKT0_l2miss:465000
4.7.0-strict:enp130s0f1_tx_bytes_phy:0
4.7.0-strict:Total_tx_packets_phy:0
4.7.0-strict:Read:18.96
4.7.0-strict:Memory:35.39
4.7.0-strict:SKT0_l3mpi:0
4.7.0-strict:LLC-store-misses:32000
4.7.0-strict:enp130s0f0_rx_bytes_phy:0
4.7.0-strict:enp130s0f0_tx_packets_phy:0
4.7.0-strict:TOTAL_ipc:0.39
4.7.0-strict:SKT1_l2hit:0.2
4.7.0-strict:enp4s0f0_tx_packets_phy:0
4.7.0-strict:Total_tx_packets:0
4.7.0-strict:cpu_24:0
4.7.0-strict:TOTAL_l2mpi:0.01
4.7.0-strict:TOTAL_l2miss:823000
4.7.0-strict:cpu_13:0
4.7.0-strict:enp130s0f1_tx_packets_phy:0
4.7.0-strict:enp130s0f1_rx_bytes_phy:0
4.7.0-strict:cache-misses:434458
4.7.0-strict:Total_tx_queue_stopped:0
4.7.0-strict:cpu_15:0
4.7.0-strict:enp130s0f1_tx_queue_stopped:0
4.7.0-strict:enp4s0f1_rx_bytes_phy:0
4.7.0-strict:enp4s0f1_tx_packets:0
4.7.0-strict:enp130s0f1_rx_bytes:0
4.7.0-strict:cpu_18:0
4.7.0-strict:cpu_16:0
4.7.0-strict:enp4s0f1_tx_queue_stopped:0
4.7.0-strict:enp4s0f0_tx_bytes_phy:0
4.7.0-strict:enp130s0f1_tx_bytes:0
4.7.0-strict:SKT0_ipc:0.4
4.7.0-strict:LLC-load:1073211
4.7.0-strict:cpu_8:0
4.7.0-strict:enp4s0f1_tx_packets_phy:0
4.7.0-strict:enp4s0f1_rx_bytes:0
4.7.0-strict:TOTAL_l3hit:0.8
4.7.0-strict:cpu_26:0
4.7.0-strict:SKT0_l2mpi:0.01
4.7.0-strict:cpu_17:0
4.7.0-strict:enp4s0f0_rx_packets:0
4.7.0-strict:enp4s0f1_rx_packets_phy:0
4.7.0-strict:enp130s0f0_tx_queue_stopped:0
4.7.0-strict:enp130s0f1_tx_packets:0
4.7.0-strict:enp130s0f0_tx_bytes:0
4.7.0-strict:cpu_21:0
4.7.0-strict:enp4s0f0_tx_packets:0
4.7.0-strict:cpu_4:0
4.7.0-strict:SKT1_l3hit:0.77
4.7.0-strict:cpu_20:0
4.7.0-strict:cpu_9:0
4.7.0-strict:Total_rx_packets:0
4.7.0-strict:Total_rx_packets_phy:0
4.7.0-strict:enp4s0f0_rx_packets_phy:0
4.7.0-strict:enp130s0f1_rx_packets_phy:0
4.7.0-strict:cpu_3:0
4.7.0-strict:cpu_25:0
4.7.0-strict:enp130s0f1_rx_packets:0
4.7.0-strict:cpu_19:0
4.7.0-strict:enp4s0f1_rx_packets:0
4.7.0-strict:Total_tx_bytes:0
4.7.0-strict:cpu_2:0
4.7.0-strict:enp4s0f0_tx_bytes:0
4.7.0-strict:TOTAL_l2hit:0.23
4.7.0-strict:cpu_0:0
4.7.0-strict:SKT0_l3miss:83000
4.7.0-strict:LLC-store:272442
4.7.0-strict:TOTAL_l3mpi:0
4.7.0-strict:cpu_6:0
4.7.0-strict:cpu_1:0
4.7.0-strict:enp4s0f0_rx_bytes:0
4.7.0-strict:SKT1_ipc:0.38
4.7.0-strict:cycles:165956889
4.7.0-strict:SKT1_l3miss:82000
4.7.0-strict:enp4s0f0_tx_queue_stopped:0
4.7.0-strict:Total_rx_bytes:0
4.7.0-strict:SKT1_l2mpi:0.01
4.7.0-strict:enp130s0f0_rx_packets:0
4.7.0-strict:cpu_12:0
4.7.0-strict:cpu_5:0
4.7.0-strict:enp130s0f0_tx_packets:0
4.7.0-strict:cpu_total:0
4.7.0-strict:SKT0_l2hit:0.26
4.7.0-strict:cpu_14:0
4.7.0-strict:Write:16.42
4.7.0-strict:SKT1_l3mpi:0
4.7.0-strict:enp4s0f1_tx_bytes_phy:0
4.7.0-strict:iops:25158
4.7.0-strict:cache-references:5591086
4.7.0-strict:TOTAL_l3miss:165000
4.7.0-strict:SKT0_l3hit:0.82
4.7.0-strict:instructions:72203487
4.7.0-strict:enp4s0f1_tx_bytes:0
4.7.0-strict:cpu_11:0
4.7.0-strict:cpu_22:0
4.7.0-strict:enp130s0f0_rx_bytes:0
4.7.0-strict:cpu_27:0
4.7.0-unsafe:TOTAL_l3miss:208000
4.7.0-unsafe:enp4s0f1_tx_bytes:0
4.7.0-unsafe:SKT0_l3hit:0.77
4.7.0-unsafe:instructions:85211146
4.7.0-unsafe:iops:37874
4.7.0-unsafe:cache-references:5461273
4.7.0-unsafe:enp130s0f0_rx_bytes:0
4.7.0-unsafe:cpu_27:0
4.7.0-unsafe:cpu_22:0
4.7.0-unsafe:cpu_11:0
4.7.0-unsafe:SKT0_l2hit:0.23
4.7.0-unsafe:enp130s0f0_tx_packets:0
4.7.0-unsafe:cpu_total:0
4.7.0-unsafe:cpu_14:0
4.7.0-unsafe:SKT1_l3mpi:0
4.7.0-unsafe:enp4s0f1_tx_bytes_phy:0
4.7.0-unsafe:Write:16.49
4.7.0-unsafe:enp130s0f0_rx_packets:0
4.7.0-unsafe:SKT1_l2mpi:0.01
4.7.0-unsafe:cpu_12:0
4.7.0-unsafe:cpu_5:0
4.7.0-unsafe:cpu_6:0
4.7.0-unsafe:cpu_1:0
4.7.0-unsafe:SKT1_l3miss:110000
4.7.0-unsafe:cycles:214219962
4.7.0-unsafe:Total_rx_bytes:0
4.7.0-unsafe:enp4s0f0_tx_queue_stopped:0
4.7.0-unsafe:SKT1_ipc:0.38
4.7.0-unsafe:enp4s0f0_rx_bytes:0
4.7.0-unsafe:TOTAL_l3mpi:0
4.7.0-unsafe:TOTAL_l2hit:0.23
4.7.0-unsafe:SKT0_l3miss:97000
4.7.0-unsafe:LLC-store:304242
4.7.0-unsafe:cpu_0:0.97
4.7.0-unsafe:enp4s0f0_tx_bytes:0
4.7.0-unsafe:cpu_2:0
4.7.0-unsafe:enp130s0f1_rx_packets_phy:0
4.7.0-unsafe:enp130s0f1_rx_packets:0
4.7.0-unsafe:Total_tx_bytes:0
4.7.0-unsafe:cpu_19:0
4.7.0-unsafe:enp4s0f1_rx_packets:0
4.7.0-unsafe:cpu_3:0
4.7.0-unsafe:cpu_25:0
4.7.0-unsafe:Total_rx_packets:0
4.7.0-unsafe:cpu_20:0
4.7.0-unsafe:SKT1_l3hit:0.75
4.7.0-unsafe:cpu_9:0
4.7.0-unsafe:enp4s0f0_rx_packets_phy:0
4.7.0-unsafe:Total_rx_packets_phy:0
4.7.0-unsafe:cpu_17:0
4.7.0-unsafe:SKT0_l2mpi:0.01
4.7.0-unsafe:TOTAL_l3hit:0.76
4.7.0-unsafe:cpu_26:0
4.7.0-unsafe:cpu_4:0
4.7.0-unsafe:enp4s0f0_tx_packets:0
4.7.0-unsafe:cpu_21:0
4.7.0-unsafe:enp4s0f1_rx_packets_phy:0
4.7.0-unsafe:enp130s0f0_tx_queue_stopped:0
4.7.0-unsafe:enp4s0f0_rx_packets:0
4.7.0-unsafe:enp130s0f0_tx_bytes:0
4.7.0-unsafe:enp130s0f1_tx_packets:0
4.7.0-unsafe:enp4s0f1_tx_queue_stopped:0
4.7.0-unsafe:cpu_16:0
4.7.0-unsafe:enp4s0f0_tx_bytes_phy:0
4.7.0-unsafe:enp130s0f1_rx_bytes:0
4.7.0-unsafe:cpu_18:0
4.7.0-unsafe:SKT0_ipc:0.4
4.7.0-unsafe:LLC-load:1135622
4.7.0-unsafe:enp4s0f1_rx_bytes:0
4.7.0-unsafe:enp4s0f1_tx_packets_phy:0
4.7.0-unsafe:cpu_8:0
4.7.0-unsafe:enp130s0f1_tx_bytes:0
4.7.0-unsafe:cache-misses:427066
4.7.0-unsafe:cpu_13:0
4.7.0-unsafe:enp130s0f1_rx_bytes_phy:0
4.7.0-unsafe:enp130s0f1_tx_packets_phy:0
4.7.0-unsafe:enp4s0f1_rx_bytes_phy:0
4.7.0-unsafe:enp4s0f1_tx_packets:0
4.7.0-unsafe:Total_tx_queue_stopped:0
4.7.0-unsafe:cpu_15:0
4.7.0-unsafe:enp130s0f1_tx_queue_stopped:0
4.7.0-unsafe:enp4s0f0_tx_packets_phy:0
4.7.0-unsafe:TOTAL_ipc:0.39
4.7.0-unsafe:SKT1_l2hit:0.23
4.7.0-unsafe:TOTAL_l2mpi:0.01
4.7.0-unsafe:TOTAL_l2miss:856000
4.7.0-unsafe:Total_tx_packets:0
4.7.0-unsafe:cpu_24:0
4.7.0-unsafe:SKT0_l3mpi:0
4.7.0-unsafe:LLC-store-misses:33499
4.7.0-unsafe:Memory:35.35
4.7.0-unsafe:Read:18.87
4.7.0-unsafe:enp130s0f0_rx_bytes_phy:0
4.7.0-unsafe:enp130s0f0_tx_packets_phy:0
4.7.0-unsafe:cpu_10:0
4.7.0-unsafe:LLC-load-misses:154878
4.7.0-unsafe:cpu_23:0
4.7.0-unsafe:SKT0_l2miss:421000
4.7.0-unsafe:enp130s0f1_tx_bytes_phy:0
4.7.0-unsafe:Total_tx_packets_phy:0
4.7.0-unsafe:enp130s0f0_tx_bytes_phy:0
4.7.0-unsafe:enp130s0f0_rx_packets_phy:0
4.7.0-unsafe:Total_tx_bytes_phy:0
4.7.0-unsafe:SKT1_l2miss:434000
4.7.0-unsafe:cpu_7:0
4.7.0-unsafe:enp4s0f0_rx_bytes_phy:0
4.7.0-unsafe:Total_rx_bytes_phy:0
