4.7.0-copy-plus-strict:cpu_5:87.412
4.7.0-copy-plus-strict:cpu_27:91.46
4.7.0-copy-plus-strict:cpu_19:86.498
4.7.0-copy-plus-strict:Total_rx_bytes_phy:6820117029.2
4.7.0-copy-plus-strict:enp4s0f0_tx_queue_stopped:0
4.7.0-copy-plus-strict:LLC-load:1830098354.4
4.7.0-copy-plus-strict:Total_tx_packets_phy:1184662.2
4.7.0-copy-plus-strict:TOTAL_l2hit:0.3
4.7.0-copy-plus-strict:cycles:190584232352.4
4.7.0-copy-plus-strict:Total_tx_queue_stopped:0.2
4.7.0-copy-plus-strict:LLC-store:2469040082.2
4.7.0-copy-plus-strict:enp4s0f0_rx_packets_phy:0
4.7.0-copy-plus-strict:TOTAL_l3mpi:0.06
4.7.0-copy-plus-strict:SKT1_ipc:0.152
4.7.0-copy-plus-strict:enp4s0f0_rx_bytes_phy:0
4.7.0-copy-plus-strict:Total_rx_packets_phy:1118847.8
4.7.0-copy-plus-strict:enp130s0f0_rx_bytes:3290142308.6
4.7.0-copy-plus-strict:enp4s0f1_rx_bytes:0
4.7.0-copy-plus-strict:enp130s0f0_rx_bytes_phy:3650175063.2
4.7.0-copy-plus-strict:enp130s0f1_rx_packets:267915.2
4.7.0-copy-plus-strict:enp130s0f1_tx_packets_phy:553674.6
4.7.0-copy-plus-strict:TOTAL_l3miss:1807600000
4.7.0-copy-plus-strict:cache-misses:1800442245.4
4.7.0-copy-plus-strict:enp4s0f1_tx_bytes:0
4.7.0-copy-plus-strict:cpu_26:23.602
4.7.0-copy-plus-strict:cpu_4:19.916
4.7.0-copy-plus-strict:enp130s0f1_rx_packets_phy:528815.4
4.7.0-copy-plus-strict:enp4s0f1_rx_packets:0
4.7.0-copy-plus-strict:enp130s0f0_tx_bytes_phy:4821284905.6
4.7.0-copy-plus-strict:cpu_11:87.194
4.7.0-copy-plus-strict:cache-references:6960700168.4
4.7.0-copy-plus-strict:Memory:68711.812
4.7.0-copy-plus-strict:cpu_17:86.09
4.7.0-copy-plus-strict:SKT0_ipc:0.208
4.7.0-copy-plus-strict:SKT1_l2mpi:0.07
4.7.0-copy-plus-strict:enp130s0f0_tx_packets_phy:630987.6
4.7.0-copy-plus-strict:cpu_0:22.826
4.7.0-copy-plus-strict:TOTAL_l2miss:2410600000
4.7.0-copy-plus-strict:TOTAL_l3hit:0.25
4.7.0-copy-plus-strict:enp4s0f1_tx_packets:0
4.7.0-copy-plus-strict:SKT1_l3miss:1211400000
4.7.0-copy-plus-strict:Read:36589.994
4.7.0-copy-plus-strict:enp4s0f1_tx_bytes_phy:0
4.7.0-copy-plus-strict:Total_rx_packets:542273.8
4.7.0-copy-plus-strict:instructions:31497231805.8
4.7.0-copy-plus-strict:cpu_20:17.204
4.7.0-copy-plus-strict:cpu_22:24.012
4.7.0-copy-plus-strict:cpu_12:24.364
4.7.0-copy-plus-strict:TOTAL_ipc:0.164
4.7.0-copy-plus-strict:SKT1_l3mpi:0.05
4.7.0-copy-plus-strict:SKT0_l2miss:688000000
4.7.0-copy-plus-strict:cpu_24:23.016
4.7.0-copy-plus-strict:cpu_8:20.692
4.7.0-copy-plus-strict:cpu_25:92.866
4.7.0-copy-plus-strict:cpu_3:93.814
4.7.0-copy-plus-strict:cpu_10:20.304
4.7.0-copy-plus-strict:cpu_23:85.484
4.7.0-copy-plus-strict:enp4s0f1_rx_packets_phy:0
4.7.0-copy-plus-strict:enp130s0f0_rx_packets_phy:590032.4
4.7.0-copy-plus-strict:cpu_total:55.602
4.7.0-copy-plus-strict:SKT1_l3hit:0.298
4.7.0-copy-plus-strict:enp4s0f0_tx_packets_phy:0
4.7.0-copy-plus-strict:LLC-load-misses:827707760
4.7.0-copy-plus-strict:cpu_1:92.066
4.7.0-copy-plus-strict:enp130s0f0_rx_packets:274358.6
4.7.0-copy-plus-strict:SKT0_l3hit:0.134
4.7.0-copy-plus-strict:Write:32121.818
4.7.0-copy-plus-strict:TOTAL_l2mpi:0.08
4.7.0-copy-plus-strict:SKT1_l2miss:1722000000
4.7.0-copy-plus-strict:enp130s0f0_tx_queue_stopped:0.2
4.7.0-copy-plus-strict:enp130s0f1_tx_queue_stopped:0
4.7.0-copy-plus-strict:SKT0_l2hit:0.21
4.7.0-copy-plus-strict:cpu_18:23.226
4.7.0-copy-plus-strict:enp4s0f1_tx_packets_phy:0
4.7.0-copy-plus-strict:SKT0_l3mpi:0.072
4.7.0-copy-plus-strict:cpu_21:91.876
4.7.0-copy-plus-strict:enp4s0f0_tx_packets:0
4.7.0-copy-plus-strict:cpu_15:87.028
4.7.0-copy-plus-strict:enp4s0f0_rx_packets:0
4.7.0-copy-plus-strict:SKT0_l3miss:595400000
4.7.0-copy-plus-strict:enp130s0f0_tx_bytes:4821543595.2
4.7.0-copy-plus-strict:enp4s0f0_tx_bytes:0
4.7.0-copy-plus-strict:Total_tx_bytes_phy:9113812346.8
4.7.0-copy-plus-strict:cpu_16:20.7
4.7.0-copy-plus-strict:cpu_7:86.274
4.7.0-copy-plus-strict:cpu_2:21.082
4.7.0-copy-plus-strict:enp4s0f1_rx_bytes_phy:0
4.7.0-copy-plus-strict:cpu_13:92.866
4.7.0-copy-plus-strict:enp4s0f1_tx_queue_stopped:0
4.7.0-copy-plus-strict:Total_rx_bytes:6412150775.6
4.7.0-copy-plus-strict:SKT0_l2mpi:0.082
4.7.0-copy-plus-strict:enp130s0f1_rx_bytes:3122008467
4.7.0-copy-plus-strict:enp4s0f0_tx_bytes_phy:0
4.7.0-copy-plus-strict:enp130s0f1_tx_bytes_phy:4292527441.2
4.7.0-copy-plus-strict:enp130s0f1_tx_packets:146292
4.7.0-copy-plus-strict:LLC-store-misses:200847176.2
4.7.0-copy-plus-strict:enp130s0f1_tx_bytes:4291335840.8
4.7.0-copy-plus-strict:enp130s0f1_rx_bytes_phy:3169941966
4.7.0-copy-plus-strict:enp4s0f0_rx_bytes:0
4.7.0-copy-plus-strict:SKT1_l2hit:0.328
4.7.0-copy-plus-strict:16384:87380
4.7.0-copy-plus-strict:cpu_14:15.08
4.7.0-copy-plus-strict:enp130s0f0_tx_packets:173749.4
4.7.0-copy-plus-strict:cpu_9:93.606
4.7.0-copy-plus-strict:Total_tx_bytes:9112879436
4.7.0-copy-plus-strict:cpu_6:27.29
4.7.0-copy-plus-strict:Total_tx_packets:320041.4
4.7.0-damn-strict:enp130s0f1_tx_bytes_phy:4687391180.4
4.7.0-damn-strict:enp4s0f0_tx_bytes_phy:0
4.7.0-damn-strict:enp130s0f1_tx_packets:257459
4.7.0-damn-strict:LLC-store-misses:154601731.2
4.7.0-damn-strict:enp130s0f1_tx_bytes:4684334806.2
4.7.0-damn-strict:enp130s0f1_rx_bytes_phy:4987612093.4
4.7.0-damn-strict:cpu_14:25.028
4.7.0-damn-strict:SKT1_l2hit:0.334
4.7.0-damn-strict:16384:87380
4.7.0-damn-strict:enp4s0f0_rx_bytes:0
4.7.0-damn-strict:Total_tx_packets:515520.8
4.7.0-damn-strict:cpu_6:25.046
4.7.0-damn-strict:Total_tx_bytes:10131683152.2
4.7.0-damn-strict:enp130s0f0_tx_packets:258061.8
4.7.0-damn-strict:cpu_9:42.458
4.7.0-damn-strict:cpu_7:38.746
4.7.0-damn-strict:cpu_13:40.904
4.7.0-damn-strict:enp4s0f1_rx_bytes_phy:0
4.7.0-damn-strict:cpu_2:25.838
4.7.0-damn-strict:enp130s0f1_rx_bytes:4962876626.4
4.7.0-damn-strict:SKT0_l2mpi:0.086
4.7.0-damn-strict:Total_rx_bytes:9268485906.4
4.7.0-damn-strict:enp4s0f1_tx_queue_stopped:0
4.7.0-damn-strict:cpu_21:36.6
4.7.0-damn-strict:SKT0_l3mpi:0.076
4.7.0-damn-strict:enp4s0f1_tx_packets_phy:0
4.7.0-damn-strict:cpu_18:25.656
4.7.0-damn-strict:SKT0_l2hit:0.216
4.7.0-damn-strict:enp130s0f0_tx_queue_stopped:0
4.7.0-damn-strict:enp130s0f1_tx_queue_stopped:0
4.7.0-damn-strict:SKT0_l3miss:726200000
4.7.0-damn-strict:enp4s0f0_rx_packets:0
4.7.0-damn-strict:enp4s0f0_tx_packets:0
4.7.0-damn-strict:cpu_15:45.19
4.7.0-damn-strict:cpu_16:25.246
4.7.0-damn-strict:Total_tx_bytes_phy:10137526823.8
4.7.0-damn-strict:enp4s0f0_tx_bytes:0
4.7.0-damn-strict:enp130s0f0_tx_bytes:5447348346
4.7.0-damn-strict:cpu_10:27.006
4.7.0-damn-strict:cpu_25:34.238
4.7.0-damn-strict:cpu_3:37.38
4.7.0-damn-strict:enp130s0f0_rx_packets_phy:770148
4.7.0-damn-strict:enp4s0f1_rx_packets_phy:0
4.7.0-damn-strict:cpu_23:39.546
4.7.0-damn-strict:enp130s0f0_rx_packets:369585
4.7.0-damn-strict:cpu_1:43.648
4.7.0-damn-strict:LLC-load-misses:590934419.2
4.7.0-damn-strict:enp4s0f0_tx_packets_phy:0
4.7.0-damn-strict:cpu_total:31.772
4.7.0-damn-strict:SKT1_l3hit:0.262
4.7.0-damn-strict:TOTAL_l2mpi:0.04
4.7.0-damn-strict:Write:20943.024
4.7.0-damn-strict:SKT1_l2miss:768200000
4.7.0-damn-strict:SKT0_l3hit:0.12
4.7.0-damn-strict:instructions:41015572236.8
4.7.0-damn-strict:cpu_20:21.142
4.7.0-damn-strict:cpu_12:29.94
4.7.0-damn-strict:cpu_22:20.938
4.7.0-damn-strict:SKT0_l2miss:827800000
4.7.0-damn-strict:SKT1_l3mpi:0.02
4.7.0-damn-strict:cpu_8:26.218
4.7.0-damn-strict:cpu_24:27.2
4.7.0-damn-strict:TOTAL_ipc:0.344
4.7.0-damn-strict:cpu_11:37.38
4.7.0-damn-strict:cache-references:4596324874
4.7.0-damn-strict:enp130s0f0_tx_bytes_phy:5450135643.4
4.7.0-damn-strict:cpu_17:33.258
4.7.0-damn-strict:Memory:53057.594
4.7.0-damn-strict:enp130s0f0_tx_packets_phy:774560.4
4.7.0-damn-strict:SKT1_l2mpi:0.024
4.7.0-damn-strict:SKT0_ipc:0.21
4.7.0-damn-strict:Total_rx_packets:856755.4
4.7.0-damn-strict:SKT1_l3miss:567200000
4.7.0-damn-strict:Read:32114.568
4.7.0-damn-strict:enp4s0f1_tx_bytes_phy:0
4.7.0-damn-strict:TOTAL_l2miss:1596600000
4.7.0-damn-strict:TOTAL_l3hit:0.19
4.7.0-damn-strict:enp4s0f1_tx_packets:0
4.7.0-damn-strict:cpu_0:24.656
4.7.0-damn-strict:enp130s0f0_rx_bytes:4305609280
4.7.0-damn-strict:enp130s0f0_rx_bytes_phy:5030677668.6
4.7.0-damn-strict:enp130s0f1_rx_packets:487170.4
4.7.0-damn-strict:enp4s0f1_rx_bytes:0
4.7.0-damn-strict:enp4s0f1_tx_bytes:0
4.7.0-damn-strict:cpu_26:24.648
4.7.0-damn-strict:cache-misses:1273207631.8
4.7.0-damn-strict:TOTAL_l3miss:1294000000
4.7.0-damn-strict:enp130s0f1_tx_packets_phy:701733.2
4.7.0-damn-strict:enp4s0f1_rx_packets:0
4.7.0-damn-strict:enp130s0f1_rx_packets_phy:742698
4.7.0-damn-strict:cpu_4:27.2
4.7.0-damn-strict:cpu_19:34.068
4.7.0-damn-strict:cpu_27:32.67
4.7.0-damn-strict:cpu_5:37.574
4.7.0-damn-strict:cycles:118572311937.6
4.7.0-damn-strict:TOTAL_l2hit:0.276
4.7.0-damn-strict:Total_tx_packets_phy:1476293.6
4.7.0-damn-strict:LLC-load:1271335185.6
4.7.0-damn-strict:enp4s0f0_tx_queue_stopped:0
4.7.0-damn-strict:Total_rx_bytes_phy:10018289762
4.7.0-damn-strict:enp4s0f0_rx_packets_phy:0
4.7.0-damn-strict:LLC-store:1552362391.8
4.7.0-damn-strict:Total_tx_queue_stopped:0
4.7.0-damn-strict:Total_rx_packets_phy:1512846
4.7.0-damn-strict:enp4s0f0_rx_bytes_phy:0
4.7.0-damn-strict:SKT1_ipc:0.43
4.7.0-damn-strict:TOTAL_l3mpi:0.03
4.7.0-deff:enp4s0f1_rx_packets:0
4.7.0-deff:cpu_4:19.328
4.7.0-deff:enp130s0f1_rx_packets_phy:731769.2
4.7.0-deff:cache-misses:1445978904.4
4.7.0-deff:enp4s0f1_tx_bytes:0
4.7.0-deff:cpu_26:23.622
4.7.0-deff:enp130s0f1_tx_packets_phy:719103.4
4.7.0-deff:TOTAL_l3miss:1443000000
4.7.0-deff:enp130s0f1_rx_packets:493225.2
4.7.0-deff:enp130s0f0_rx_bytes_phy:4646288624.4
4.7.0-deff:enp4s0f1_rx_bytes:0
4.7.0-deff:enp130s0f0_rx_bytes:4207997647.6
4.7.0-deff:enp4s0f0_rx_bytes_phy:0
4.7.0-deff:Total_rx_packets_phy:1480025.6
4.7.0-deff:SKT1_ipc:0.49
4.7.0-deff:TOTAL_l3mpi:0.03
4.7.0-deff:LLC-store:1663003281.8
4.7.0-deff:enp4s0f0_rx_packets_phy:0
4.7.0-deff:Total_tx_queue_stopped:0
4.7.0-deff:LLC-load:1391678604.4
4.7.0-deff:cycles:138851015793.2
4.7.0-deff:TOTAL_l2hit:0.284
4.7.0-deff:Total_tx_packets_phy:1555778.8
4.7.0-deff:Total_rx_bytes_phy:9630974257.4
4.7.0-deff:enp4s0f0_tx_queue_stopped:0
4.7.0-deff:cpu_19:44.924
4.7.0-deff:cpu_5:59.394
4.7.0-deff:cpu_27:60.57
4.7.0-deff:TOTAL_ipc:0.402
4.7.0-deff:SKT0_l2miss:807800000
4.7.0-deff:SKT1_l3mpi:0.018
4.7.0-deff:cpu_8:26.96
4.7.0-deff:cpu_24:21.668
4.7.0-deff:cpu_12:24.576
4.7.0-deff:cpu_22:24.6
4.7.0-deff:cpu_20:25.392
4.7.0-deff:instructions:56088990193.2
4.7.0-deff:TOTAL_l2miss:1804400000
4.7.0-deff:TOTAL_l3hit:0.2
4.7.0-deff:enp4s0f1_tx_packets:0
4.7.0-deff:SKT1_l3miss:732600000
4.7.0-deff:Read:34931.282
4.7.0-deff:Total_rx_packets:851644.4
4.7.0-deff:enp4s0f1_tx_bytes_phy:0
4.7.0-deff:cpu_0:25.598
4.7.0-deff:enp130s0f0_tx_packets_phy:836675.4
4.7.0-deff:SKT0_ipc:0.218
4.7.0-deff:SKT1_l2mpi:0.02
4.7.0-deff:cpu_17:52.516
4.7.0-deff:Memory:57149.728
4.7.0-deff:cache-references:5105772488.8
4.7.0-deff:cpu_11:53.298
4.7.0-deff:enp130s0f0_tx_bytes_phy:6372369079.2
4.7.0-deff:Total_tx_bytes_phy:11107853399.4
4.7.0-deff:cpu_16:21.876
4.7.0-deff:enp130s0f0_tx_bytes:6369467596.4
4.7.0-deff:enp4s0f0_tx_bytes:0
4.7.0-deff:SKT0_l3miss:710000000
4.7.0-deff:enp4s0f0_tx_packets:0
4.7.0-deff:cpu_15:57.412
4.7.0-deff:enp4s0f0_rx_packets:0
4.7.0-deff:enp4s0f1_tx_packets_phy:0
4.7.0-deff:SKT0_l3mpi:0.074
4.7.0-deff:cpu_21:48.818
4.7.0-deff:enp130s0f0_tx_queue_stopped:0
4.7.0-deff:enp130s0f1_tx_queue_stopped:0
4.7.0-deff:cpu_18:21.29
4.7.0-deff:SKT0_l2hit:0.22
4.7.0-deff:TOTAL_l2mpi:0.03
4.7.0-deff:Write:22218.448
4.7.0-deff:SKT1_l2miss:996000000
4.7.0-deff:SKT0_l3hit:0.12
4.7.0-deff:enp4s0f0_tx_packets_phy:0
4.7.0-deff:LLC-load-misses:637220846.6
4.7.0-deff:cpu_1:53.514
4.7.0-deff:enp130s0f0_rx_packets:358419.2
4.7.0-deff:cpu_total:38.094
4.7.0-deff:SKT1_l3hit:0.264
4.7.0-deff:enp130s0f0_rx_packets_phy:748256.4
4.7.0-deff:cpu_23:42.002
4.7.0-deff:enp4s0f1_rx_packets_phy:0
4.7.0-deff:cpu_10:23.236
4.7.0-deff:cpu_25:45.29
4.7.0-deff:cpu_3:49.216
4.7.0-deff:Total_tx_bytes:11103476940.8
4.7.0-deff:cpu_6:30.882
4.7.0-deff:Total_tx_packets:502824.4
4.7.0-deff:cpu_9:56.076
4.7.0-deff:enp130s0f0_tx_packets:232384.4
4.7.0-deff:cpu_14:21.678
4.7.0-deff:16384:87380
4.7.0-deff:SKT1_l2hit:0.33
4.7.0-deff:enp4s0f0_rx_bytes:0
4.7.0-deff:LLC-store-misses:166566989
4.7.0-deff:enp130s0f1_rx_bytes_phy:4984685633
4.7.0-deff:enp130s0f1_tx_bytes:4734009344.4
4.7.0-deff:enp130s0f1_tx_packets:270440
4.7.0-deff:enp130s0f1_tx_bytes_phy:4735484320.2
4.7.0-deff:enp4s0f0_tx_bytes_phy:0
4.7.0-deff:enp130s0f1_rx_bytes:4964367948.8
4.7.0-deff:SKT0_l2mpi:0.084
4.7.0-deff:enp4s0f1_tx_queue_stopped:0
4.7.0-deff:Total_rx_bytes:9172365596.4
4.7.0-deff:enp4s0f1_rx_bytes_phy:0
4.7.0-deff:cpu_13:47.856
4.7.0-deff:cpu_2:29.294
4.7.0-deff:cpu_7:54.308
4.7.0-strict:enp130s0f1_rx_bytes:4328966336
4.7.0-strict:SKT0_l2mpi:0.042
4.7.0-strict:enp4s0f1_tx_queue_stopped:0
4.7.0-strict:Total_rx_bytes:7055204932.4
4.7.0-strict:cpu_13:93.578
4.7.0-strict:enp4s0f1_rx_bytes_phy:0
4.7.0-strict:cpu_2:25.554
4.7.0-strict:cpu_7:98.114
4.7.0-strict:Total_tx_bytes:6326545010.2
4.7.0-strict:cpu_6:26.5
4.7.0-strict:Total_tx_packets:281228.8
4.7.0-strict:cpu_9:97.17
4.7.0-strict:enp130s0f0_tx_packets:119572.4
4.7.0-strict:cpu_14:21.766
4.7.0-strict:SKT1_l2hit:0.402
4.7.0-strict:enp4s0f0_rx_bytes:0
4.7.0-strict:16384:87380
4.7.0-strict:LLC-store-misses:124083469.6
4.7.0-strict:enp130s0f1_tx_packets:161656.4
4.7.0-strict:enp130s0f1_rx_bytes_phy:4370096279.2
4.7.0-strict:enp130s0f1_tx_bytes:3203888348.8
4.7.0-strict:enp130s0f1_tx_bytes_phy:3206177850.2
4.7.0-strict:enp4s0f0_tx_bytes_phy:0
4.7.0-strict:TOTAL_l2mpi:0.016
4.7.0-strict:SKT1_l2miss:249665800
4.7.0-strict:Write:13838.742
4.7.0-strict:SKT0_l3hit:0.528
4.7.0-strict:LLC-load-misses:479335161.2
4.7.0-strict:enp4s0f0_tx_packets_phy:0
4.7.0-strict:cpu_1:98.834
4.7.0-strict:enp130s0f0_rx_packets:127045.6
4.7.0-strict:SKT1_l3hit:0.606
4.7.0-strict:cpu_total:61.474
4.7.0-strict:enp130s0f0_rx_packets_phy:378172.2
4.7.0-strict:cpu_23:98.252
4.7.0-strict:enp4s0f1_rx_packets_phy:0
4.7.0-strict:cpu_10:22.032
4.7.0-strict:cpu_25:99.814
4.7.0-strict:cpu_3:100
4.7.0-strict:cpu_16:27.92
4.7.0-strict:Total_tx_bytes_phy:6291124660
4.7.0-strict:enp130s0f0_tx_bytes:3122656661.4
4.7.0-strict:enp4s0f0_tx_bytes:0
4.7.0-strict:SKT0_l3miss:528577400
4.7.0-strict:cpu_15:92.882
4.7.0-strict:enp4s0f0_tx_packets:0
4.7.0-strict:enp4s0f0_rx_packets:0
4.7.0-strict:enp4s0f1_tx_packets_phy:0
4.7.0-strict:SKT0_l3mpi:0.03
4.7.0-strict:cpu_21:98.898
4.7.0-strict:enp130s0f0_tx_queue_stopped:8.8
4.7.0-strict:enp130s0f1_tx_queue_stopped:0.2
4.7.0-strict:SKT0_l2hit:0.27
4.7.0-strict:cpu_18:27.002
4.7.0-strict:TOTAL_l2miss:850751000
4.7.0-strict:TOTAL_l3hit:0.53
4.7.0-strict:enp4s0f1_tx_packets:0
4.7.0-strict:Read:21483.648
4.7.0-strict:SKT1_l3miss:136997600
4.7.0-strict:Total_rx_packets:351668.2
4.7.0-strict:enp4s0f1_tx_bytes_phy:0
4.7.0-strict:cpu_0:25.212
4.7.0-strict:enp130s0f0_tx_packets_phy:410267.4
4.7.0-strict:SKT0_ipc:0.342
4.7.0-strict:SKT1_l2mpi:0.012
4.7.0-strict:cpu_17:95.046
4.7.0-strict:Memory:35322.39
4.7.0-strict:cpu_11:100
4.7.0-strict:cache-references:3182410989.4
4.7.0-strict:enp130s0f0_tx_bytes_phy:3084946809.8
4.7.0-strict:map:2.5
4.7.0-strict:TOTAL_ipc:0.368
4.7.0-strict:SKT1_l3mpi:0.002
4.7.0-strict:SKT0_l2miss:600966600
4.7.0-strict:cpu_24:25.642
4.7.0-strict:cpu_8:23.73
4.7.0-strict:cpu_12:20.07
4.7.0-strict:cpu_22:22.012
4.7.0-strict:cpu_20:30.824
4.7.0-strict:instructions:64430184933.2
4.7.0-strict:Total_rx_packets_phy:935592.2
4.7.0-strict:enp4s0f0_rx_bytes_phy:0
4.7.0-strict:SKT1_ipc:0.374
4.7.0-strict:TOTAL_l3mpi:0.008
4.7.0-strict:LLC-store:1403576144
4.7.0-strict:enp4s0f0_rx_packets_phy:0
4.7.0-strict:Total_tx_queue_stopped:9
4.7.0-strict:LLC-load:946646801.2
4.7.0-strict:Total_tx_packets_phy:875306.2
4.7.0-strict:TOTAL_l2hit:0.388
4.7.0-strict:cycles:214426927429.4
4.7.0-strict:Total_rx_bytes_phy:7274352714.4
4.7.0-strict:enp4s0f0_tx_queue_stopped:0
4.7.0-strict:cpu_19:100
4.7.0-strict:cpu_5:100
4.7.0-strict:cpu_27:100
4.7.0-strict:enp4s0f1_rx_packets:0
4.7.0-strict:cpu_4:26.49
4.7.0-strict:enp130s0f1_rx_packets_phy:557420
4.7.0-strict:cache-misses:952989827.4
4.7.0-strict:enp4s0f1_tx_bytes:0
4.7.0-strict:cpu_26:24.176
4.7.0-strict:enp130s0f1_tx_packets_phy:465038.8
4.7.0-strict:TOTAL_l3miss:665642000
4.7.0-strict:enp130s0f1_rx_packets:224622.6
4.7.0-strict:enp130s0f0_rx_bytes_phy:2904256435.2
4.7.0-strict:enp4s0f1_rx_bytes:0
4.7.0-strict:enp130s0f0_rx_bytes:2726238596.4
4.7.0-unsafe:enp4s0f1_rx_packets:0
4.7.0-unsafe:enp130s0f1_rx_packets_phy:730317.8
4.7.0-unsafe:cpu_4:30.392
4.7.0-unsafe:enp4s0f1_tx_bytes:0
4.7.0-unsafe:cpu_26:26.862
4.7.0-unsafe:cache-misses:1457042020.4
4.7.0-unsafe:TOTAL_l3miss:1450200000
4.7.0-unsafe:enp130s0f1_tx_packets_phy:725068.2
4.7.0-unsafe:enp130s0f0_rx_bytes_phy:5349905697.4
4.7.0-unsafe:enp130s0f1_rx_packets:501416.8
4.7.0-unsafe:enp4s0f1_rx_bytes:0
4.7.0-unsafe:enp130s0f0_rx_bytes:5048794212.8
4.7.0-unsafe:Total_rx_packets_phy:1578678.2
4.7.0-unsafe:enp4s0f0_rx_bytes_phy:0
4.7.0-unsafe:SKT1_ipc:0.41
4.7.0-unsafe:TOTAL_l3mpi:0.036
4.7.0-unsafe:enp4s0f0_rx_packets_phy:0
4.7.0-unsafe:LLC-store:1743825938.6
4.7.0-unsafe:Total_tx_queue_stopped:0
4.7.0-unsafe:TOTAL_l2hit:0.27
4.7.0-unsafe:Total_tx_packets_phy:1623556.8
4.7.0-unsafe:cycles:126866343727
4.7.0-unsafe:LLC-load:1410019739
4.7.0-unsafe:enp4s0f0_tx_queue_stopped:0
4.7.0-unsafe:Total_rx_bytes_phy:10335065961.4
4.7.0-unsafe:cpu_19:39.02
4.7.0-unsafe:cpu_27:40.392
4.7.0-unsafe:cpu_5:46.276
4.7.0-unsafe:SKT1_l3mpi:0.02
4.7.0-unsafe:cpu_24:24.706
4.7.0-unsafe:SKT0_l2miss:872600000
4.7.0-unsafe:cpu_8:26.666
4.7.0-unsafe:TOTAL_ipc:0.328
4.7.0-unsafe:cpu_12:21.962
4.7.0-unsafe:cpu_22:25.49
4.7.0-unsafe:cpu_20:22.942
4.7.0-unsafe:instructions:41869448501.6
4.7.0-unsafe:Total_rx_packets:892003.4
4.7.0-unsafe:SKT1_l3miss:682400000
4.7.0-unsafe:Read:35586.334
4.7.0-unsafe:enp4s0f1_tx_bytes_phy:0
4.7.0-unsafe:TOTAL_l3hit:0.19
4.7.0-unsafe:TOTAL_l2miss:1790200000
4.7.0-unsafe:enp4s0f1_tx_packets:0
4.7.0-unsafe:cpu_0:24.118
4.7.0-unsafe:enp130s0f0_tx_packets_phy:898488.6
4.7.0-unsafe:SKT1_l2mpi:0.03
4.7.0-unsafe:SKT0_ipc:0.182
4.7.0-unsafe:cpu_17:47.844
4.7.0-unsafe:Memory:58807.438
4.7.0-unsafe:cache-references:5230191805.6
4.7.0-unsafe:cpu_11:49.41
4.7.0-unsafe:enp130s0f0_tx_bytes_phy:6918852801.6
4.7.0-unsafe:Total_tx_bytes_phy:11668365462.8
4.7.0-unsafe:cpu_16:27.45
4.7.0-unsafe:enp4s0f0_tx_bytes:0
4.7.0-unsafe:enp130s0f0_tx_bytes:6915449405.2
4.7.0-unsafe:SKT0_l3miss:767400000
4.7.0-unsafe:enp4s0f0_rx_packets:0
4.7.0-unsafe:enp4s0f0_tx_packets:0
4.7.0-unsafe:cpu_15:47.06
4.7.0-unsafe:cpu_21:41.57
4.7.0-unsafe:SKT0_l3mpi:0.09
4.7.0-unsafe:enp4s0f1_tx_packets_phy:0
4.7.0-unsafe:SKT0_l2hit:0.21
4.7.0-unsafe:cpu_18:25.882
4.7.0-unsafe:enp130s0f1_tx_queue_stopped:0
4.7.0-unsafe:enp130s0f0_tx_queue_stopped:0
4.7.0-unsafe:TOTAL_l2mpi:0.04
4.7.0-unsafe:SKT1_l2miss:917000000
4.7.0-unsafe:Write:23221.104
4.7.0-unsafe:SKT0_l3hit:0.12
4.7.0-unsafe:cpu_1:43.924
4.7.0-unsafe:enp130s0f0_rx_packets:390586.6
4.7.0-unsafe:enp4s0f0_tx_packets_phy:0
4.7.0-unsafe:LLC-load-misses:654155750.4
4.7.0-unsafe:cpu_total:34.836
4.7.0-unsafe:SKT1_l3hit:0.254
4.7.0-unsafe:enp130s0f0_rx_packets_phy:848360.4
4.7.0-unsafe:enp4s0f1_rx_packets_phy:0
4.7.0-unsafe:cpu_23:42.746
4.7.0-unsafe:cpu_10:27.65
4.7.0-unsafe:cpu_3:48.04
4.7.0-unsafe:cpu_25:38.434
4.7.0-unsafe:Total_tx_packets:517377
4.7.0-unsafe:cpu_6:24.902
4.7.0-unsafe:Total_tx_bytes:11662271564.8
4.7.0-unsafe:cpu_9:42.94
4.7.0-unsafe:enp130s0f0_tx_packets:242344
4.7.0-unsafe:cpu_14:24.706
4.7.0-unsafe:16384:87380
4.7.0-unsafe:SKT1_l2hit:0.32
4.7.0-unsafe:enp4s0f0_rx_bytes:0
4.7.0-unsafe:enp130s0f1_tx_bytes:4746822159.6
4.7.0-unsafe:LLC-store-misses:170554245.2
4.7.0-unsafe:enp130s0f1_rx_bytes_phy:4985160264
4.7.0-unsafe:enp130s0f1_tx_packets:275033
4.7.0-unsafe:enp130s0f1_tx_bytes_phy:4749512661.2
4.7.0-unsafe:enp4s0f0_tx_bytes_phy:0
4.7.0-unsafe:enp130s0f1_rx_bytes:4966413265.4
4.7.0-unsafe:SKT0_l2mpi:0.106
4.7.0-unsafe:Total_rx_bytes:10015207478.2
4.7.0-unsafe:enp4s0f1_tx_queue_stopped:0
4.7.0-unsafe:enp4s0f1_rx_bytes_phy:0
4.7.0-unsafe:cpu_13:47.452
4.7.0-unsafe:cpu_2:27.06
4.7.0-unsafe:cpu_7:39.02
