4.7.0-copy-plus-hp-strict:TOTAL_l3miss:21547000
4.7.0-copy-plus-hp-strict:LLC-store-misses:261201122.5
4.7.0-copy-plus-hp-strict:SKT1_l2hit:0.685
4.7.0-copy-plus-hp-strict:cpu_25:100
4.7.0-copy-plus-hp-strict:enp4s0f1_rx_bytes:0
4.7.0-copy-plus-hp-strict:cpu_15:99.24
4.7.0-copy-plus-hp-strict:enp4s0f0_rx_bytes_phy:0
4.7.0-copy-plus-hp-strict:enp130s0f1_tx_packets_phy:698540.5
4.7.0-copy-plus-hp-strict:enp130s0f0_rx_packets:325156.5
4.7.0-copy-plus-hp-strict:LLC-store:2979850571
4.7.0-copy-plus-hp-strict:cpu_9:100
4.7.0-copy-plus-hp-strict:cpu_17:100
4.7.0-copy-plus-hp-strict:cpu_7:99.545
4.7.0-copy-plus-hp-strict:cpu_27:100
4.7.0-copy-plus-hp-strict:SKT1_l2miss:104500000
4.7.0-copy-plus-hp-strict:enp4s0f1_rx_packets:0
4.7.0-copy-plus-hp-strict:TOTAL_ipc:0.285
4.7.0-copy-plus-hp-strict:enp4s0f1_rx_packets_phy:0
4.7.0-copy-plus-hp-strict:16384:87380
4.7.0-copy-plus-hp-strict:enp130s0f1_tx_queue_stopped:0
4.7.0-copy-plus-hp-strict:enp130s0f1_rx_packets:498119.5
4.7.0-copy-plus-hp-strict:SKT0_l2mpi:0.015
4.7.0-copy-plus-hp-strict:LLC-load-misses:1032314908.5
4.7.0-copy-plus-hp-strict:cpu_5:100
4.7.0-copy-plus-hp-strict:enp130s0f0_tx_bytes:6263418208
4.7.0-copy-plus-hp-strict:Total_rx_packets_phy:1399928.5
4.7.0-copy-plus-hp-strict:enp130s0f0_rx_bytes:3658810502
4.7.0-copy-plus-hp-strict:enp130s0f0_tx_packets:205219
4.7.0-copy-plus-hp-strict:enp4s0f1_tx_bytes_phy:0
4.7.0-copy-plus-hp-strict:enp130s0f0_tx_packets_phy:728427
4.7.0-copy-plus-hp-strict:Total_rx_packets:823276
4.7.0-copy-plus-hp-strict:Total_tx_packets:454157.5
4.7.0-copy-plus-hp-strict:Memory:83639.895
4.7.0-copy-plus-hp-strict:SKT1_ipc:0.28
4.7.0-copy-plus-hp-strict:enp4s0f0_tx_packets_phy:0
4.7.0-copy-plus-hp-strict:TOTAL_l3hit:0.835
4.7.0-copy-plus-hp-strict:cpu_6:37.725
4.7.0-copy-plus-hp-strict:enp130s0f1_tx_bytes:4870325230.5
4.7.0-copy-plus-hp-strict:cpu_2:35.53
4.7.0-copy-plus-hp-strict:SKT0_l3hit:0.825
4.7.0-copy-plus-hp-strict:TOTAL_l2hit:0.68
4.7.0-copy-plus-hp-strict:SKT1_l3hit:0.84
4.7.0-copy-plus-hp-strict:cache-references:8266864194
4.7.0-copy-plus-hp-strict:enp130s0f1_rx_packets_phy:794963.5
4.7.0-copy-plus-hp-strict:SKT1_l2mpi:0.035
4.7.0-copy-plus-hp-strict:enp4s0f1_tx_bytes:0
4.7.0-copy-plus-hp-strict:cpu_8:35.755
4.7.0-copy-plus-hp-strict:cpu_26:36.895
4.7.0-copy-plus-hp-strict:enp4s0f0_tx_queue_stopped:0
4.7.0-copy-plus-hp-strict:cpu_1:100
4.7.0-copy-plus-hp-strict:enp130s0f0_tx_queue_stopped:0
4.7.0-copy-plus-hp-strict:cpu_18:41.665
4.7.0-copy-plus-hp-strict:cycles:238643814158.5
4.7.0-copy-plus-hp-strict:enp4s0f0_rx_bytes:0
4.7.0-copy-plus-hp-strict:SKT1_l3mpi:0.005
4.7.0-copy-plus-hp-strict:cpu_14:34.625
4.7.0-copy-plus-hp-strict:Total_rx_bytes_phy:8613363341.5
4.7.0-copy-plus-hp-strict:SKT0_ipc:0.415
4.7.0-copy-plus-hp-strict:SKT0_l2miss:783000
4.7.0-copy-plus-hp-strict:enp4s0f1_tx_packets:0
4.7.0-copy-plus-hp-strict:cpu_total:69.21
4.7.0-copy-plus-hp-strict:cpu_3:100
4.7.0-copy-plus-hp-strict:cpu_16:34.545
4.7.0-copy-plus-hp-strict:Total_rx_bytes:8707075881
4.7.0-copy-plus-hp-strict:cpu_20:39.925
4.7.0-copy-plus-hp-strict:cpu_19:100
4.7.0-copy-plus-hp-strict:cpu_13:100
4.7.0-copy-plus-hp-strict:cpu_0:42.35
4.7.0-copy-plus-hp-strict:cpu_23:91.29
4.7.0-copy-plus-hp-strict:TOTAL_l2mpi:0.035
4.7.0-copy-plus-hp-strict:enp4s0f0_tx_packets:0
4.7.0-copy-plus-hp-strict:cpu_10:48.485
4.7.0-copy-plus-hp-strict:cpu_21:96.895
4.7.0-copy-plus-hp-strict:enp4s0f0_tx_bytes:0
4.7.0-copy-plus-hp-strict:TOTAL_l3mpi:0.005
4.7.0-copy-plus-hp-strict:cpu_4:38.635
4.7.0-copy-plus-hp-strict:Total_tx_bytes_phy:10532455724
4.7.0-copy-plus-hp-strict:enp130s0f1_rx_bytes:5048265379
4.7.0-copy-plus-hp-strict:Total_tx_bytes:11133743438.5
4.7.0-copy-plus-hp-strict:SKT0_l2hit:0.165
4.7.0-copy-plus-hp-strict:enp4s0f0_rx_packets_phy:0
4.7.0-copy-plus-hp-strict:TOTAL_l2miss:105500000
4.7.0-copy-plus-hp-strict:enp130s0f1_tx_bytes_phy:4804479026
4.7.0-copy-plus-hp-strict:instructions:38352992160.5
4.7.0-copy-plus-hp-strict:enp4s0f1_rx_bytes_phy:0
4.7.0-copy-plus-hp-strict:SKT0_l3miss:137500
4.7.0-copy-plus-hp-strict:cpu_11:100
4.7.0-copy-plus-hp-strict:enp130s0f1_tx_packets:248938.5
4.7.0-copy-plus-hp-strict:enp130s0f0_tx_bytes_phy:5727976698
4.7.0-copy-plus-hp-strict:enp4s0f1_tx_packets_phy:0
4.7.0-copy-plus-hp-strict:cpu_12:36.36
4.7.0-copy-plus-hp-strict:cache-misses:2295952460.5
4.7.0-copy-plus-hp-strict:cpu_24:45.905
4.7.0-copy-plus-hp-strict:enp130s0f0_rx_packets_phy:604965
4.7.0-copy-plus-hp-strict:cpu_22:42.42
4.7.0-copy-plus-hp-strict:LLC-load:2194173868
4.7.0-copy-plus-hp-strict:enp4s0f0_tx_bytes_phy:0
4.7.0-copy-plus-hp-strict:enp4s0f1_tx_queue_stopped:0
4.7.0-copy-plus-hp-strict:Total_tx_packets_phy:1426967.5
4.7.0-copy-plus-hp-strict:Write:40677.49
4.7.0-copy-plus-hp-strict:Total_tx_queue_stopped:0
4.7.0-copy-plus-hp-strict:SKT0_l3mpi:0
4.7.0-copy-plus-hp-strict:enp130s0f0_rx_bytes_phy:3595969803.5
4.7.0-copy-plus-hp-strict:enp4s0f0_rx_packets:0
4.7.0-copy-plus-hp-strict:Read:42962.41
4.7.0-copy-plus-hp-strict:SKT1_l3miss:21488500
4.7.0-copy-plus-hp-strict:enp130s0f1_rx_bytes_phy:5017393538
4.7.0-copy-plus-strict:enp130s0f1_tx_queue_stopped:0
4.7.0-copy-plus-strict:enp130s0f1_rx_packets:408596.5
4.7.0-copy-plus-strict:16384:87380
4.7.0-copy-plus-strict:enp4s0f1_rx_packets:0
4.7.0-copy-plus-strict:TOTAL_ipc:0.18
4.7.0-copy-plus-strict:enp4s0f1_rx_packets_phy:0
4.7.0-copy-plus-strict:cpu_7:97.575
4.7.0-copy-plus-strict:cpu_27:90.29
4.7.0-copy-plus-strict:SKT1_l2miss:1760500000
4.7.0-copy-plus-strict:cpu_9:95.63
4.7.0-copy-plus-strict:cpu_17:95.63
4.7.0-copy-plus-strict:enp130s0f1_tx_packets_phy:614131.5
4.7.0-copy-plus-strict:enp4s0f0_rx_bytes_phy:0
4.7.0-copy-plus-strict:LLC-store:2511213661.5
4.7.0-copy-plus-strict:enp130s0f0_rx_packets:260614
4.7.0-copy-plus-strict:enp4s0f1_rx_bytes:0
4.7.0-copy-plus-strict:cpu_15:94.17
4.7.0-copy-plus-strict:LLC-store-misses:204402089
4.7.0-copy-plus-strict:TOTAL_l3miss:1863500000
4.7.0-copy-plus-strict:SKT1_l2hit:0.34
4.7.0-copy-plus-strict:cpu_25:93.205
4.7.0-copy-plus-strict:Total_rx_packets:669210.5
4.7.0-copy-plus-strict:Total_tx_packets:374104.5
4.7.0-copy-plus-strict:enp4s0f1_tx_bytes_phy:0
4.7.0-copy-plus-strict:enp130s0f0_tx_packets_phy:600346.5
4.7.0-copy-plus-strict:enp130s0f0_tx_packets:163198
4.7.0-copy-plus-strict:Total_rx_packets_phy:1237713
4.7.0-copy-plus-strict:enp130s0f0_rx_bytes:2707965013.5
4.7.0-copy-plus-strict:cpu_5:98.545
4.7.0-copy-plus-strict:enp130s0f0_tx_bytes:4625105711
4.7.0-copy-plus-strict:LLC-load-misses:875321721
4.7.0-copy-plus-strict:SKT0_l2mpi:0.065
4.7.0-copy-plus-strict:TOTAL_l2hit:0.315
4.7.0-copy-plus-strict:SKT0_l3hit:0.13
4.7.0-copy-plus-strict:cpu_2:18.45
4.7.0-copy-plus-strict:enp130s0f1_tx_bytes:4261443405.5
4.7.0-copy-plus-strict:cpu_6:28.64
4.7.0-copy-plus-strict:TOTAL_l3hit:0.25
4.7.0-copy-plus-strict:SKT1_ipc:0.16
4.7.0-copy-plus-strict:enp4s0f0_tx_packets_phy:0
4.7.0-copy-plus-strict:Memory:69302.83
4.7.0-copy-plus-strict:SKT0_l2miss:725000000
4.7.0-copy-plus-strict:enp4s0f1_tx_packets:0
4.7.0-copy-plus-strict:cpu_14:20.875
4.7.0-copy-plus-strict:SKT1_l3mpi:0.05
4.7.0-copy-plus-strict:Total_rx_bytes_phy:7421300987
4.7.0-copy-plus-strict:SKT0_ipc:0.25
4.7.0-copy-plus-strict:cycles:202501817923
4.7.0-copy-plus-strict:enp4s0f0_rx_bytes:0
4.7.0-copy-plus-strict:enp130s0f0_tx_queue_stopped:0
4.7.0-copy-plus-strict:cpu_18:23.3
4.7.0-copy-plus-strict:cpu_1:96.605
4.7.0-copy-plus-strict:enp4s0f1_tx_bytes:0
4.7.0-copy-plus-strict:SKT1_l2mpi:0.07
4.7.0-copy-plus-strict:cpu_8:24.76
4.7.0-copy-plus-strict:enp4s0f0_tx_queue_stopped:0
4.7.0-copy-plus-strict:cpu_26:25.725
4.7.0-copy-plus-strict:SKT1_l3hit:0.3
4.7.0-copy-plus-strict:cache-references:7154494685.5
4.7.0-copy-plus-strict:enp130s0f1_rx_packets_phy:710559.5
4.7.0-copy-plus-strict:cpu_21:92.72
4.7.0-copy-plus-strict:cpu_10:29.61
4.7.0-copy-plus-strict:enp4s0f0_tx_packets:0
4.7.0-copy-plus-strict:TOTAL_l2mpi:0.07
4.7.0-copy-plus-strict:cpu_0:22.33
4.7.0-copy-plus-strict:cpu_23:88.835
4.7.0-copy-plus-strict:cpu_13:93.205
4.7.0-copy-plus-strict:cpu_20:16.505
4.7.0-copy-plus-strict:cpu_19:73.3
4.7.0-copy-plus-strict:cpu_16:23.785
4.7.0-copy-plus-strict:Total_rx_bytes:6964912511.5
4.7.0-copy-plus-strict:cpu_total:58.255
4.7.0-copy-plus-strict:cpu_3:99.03
4.7.0-copy-plus-strict:SKT0_l3miss:631500000
4.7.0-copy-plus-strict:instructions:36763583511
4.7.0-copy-plus-strict:enp4s0f1_rx_bytes_phy:0
4.7.0-copy-plus-strict:SKT0_l2hit:0.25
4.7.0-copy-plus-strict:enp4s0f0_rx_packets_phy:0
4.7.0-copy-plus-strict:TOTAL_l2miss:2486000000
4.7.0-copy-plus-strict:enp130s0f1_tx_bytes_phy:4261832796
4.7.0-copy-plus-strict:enp130s0f1_rx_bytes:4256947498
4.7.0-copy-plus-strict:Total_tx_bytes:8886549116.5
4.7.0-copy-plus-strict:cpu_4:27.67
4.7.0-copy-plus-strict:Total_tx_bytes_phy:8876963877.5
4.7.0-copy-plus-strict:TOTAL_l3mpi:0.05
4.7.0-copy-plus-strict:enp4s0f0_tx_bytes:0
4.7.0-copy-plus-strict:Write:32617.885
4.7.0-copy-plus-strict:enp4s0f0_tx_bytes_phy:0
4.7.0-copy-plus-strict:enp4s0f1_tx_queue_stopped:0
4.7.0-copy-plus-strict:Total_tx_packets_phy:1214478
4.7.0-copy-plus-strict:cpu_22:22.815
4.7.0-copy-plus-strict:LLC-load:1903955950
4.7.0-copy-plus-strict:cpu_24:19.42
4.7.0-copy-plus-strict:enp130s0f0_rx_packets_phy:527153.5
4.7.0-copy-plus-strict:cpu_12:21.845
4.7.0-copy-plus-strict:enp4s0f1_tx_packets_phy:0
4.7.0-copy-plus-strict:cache-misses:1882391310
4.7.0-copy-plus-strict:enp130s0f0_tx_bytes_phy:4615131081.5
4.7.0-copy-plus-strict:enp130s0f1_tx_packets:210906.5
4.7.0-copy-plus-strict:cpu_11:94.66
4.7.0-copy-plus-strict:SKT1_l3miss:1231500000
4.7.0-copy-plus-strict:enp130s0f1_rx_bytes_phy:4318350364.5
4.7.0-copy-plus-strict:Read:36684.945
4.7.0-copy-plus-strict:enp130s0f0_rx_bytes_phy:3102950622.5
4.7.0-copy-plus-strict:enp4s0f0_rx_packets:0
4.7.0-copy-plus-strict:SKT0_l3mpi:0.06
4.7.0-copy-plus-strict:Total_tx_queue_stopped:0
4.7.0-damn-strict:enp4s0f1_rx_packets_phy:0
4.7.0-damn-strict:TOTAL_ipc:0.345
4.7.0-damn-strict:enp4s0f1_rx_packets:0
4.7.0-damn-strict:SKT1_l2miss:810500000
4.7.0-damn-strict:cpu_27:40.2
4.7.0-damn-strict:cpu_7:37.255
4.7.0-damn-strict:enp130s0f1_rx_packets:535596.5
4.7.0-damn-strict:enp130s0f1_tx_queue_stopped:0
4.7.0-damn-strict:16384:87380
4.7.0-damn-strict:cpu_15:42.65
4.7.0-damn-strict:enp4s0f1_rx_bytes:0
4.7.0-damn-strict:cpu_25:34.8
4.7.0-damn-strict:TOTAL_l3miss:1322000000
4.7.0-damn-strict:SKT1_l2hit:0.325
4.7.0-damn-strict:LLC-store-misses:164961360
4.7.0-damn-strict:cpu_17:41.67
4.7.0-damn-strict:cpu_9:45.59
4.7.0-damn-strict:enp130s0f0_rx_packets:356519.5
4.7.0-damn-strict:LLC-store:1548622372
4.7.0-damn-strict:enp4s0f0_rx_bytes_phy:0
4.7.0-damn-strict:enp130s0f1_tx_packets_phy:713960.5
4.7.0-damn-strict:enp130s0f0_tx_packets_phy:767586.5
4.7.0-damn-strict:enp4s0f1_tx_bytes_phy:0
4.7.0-damn-strict:enp130s0f0_tx_packets:245044
4.7.0-damn-strict:Total_tx_packets:511810.5
4.7.0-damn-strict:Total_rx_packets:892116
4.7.0-damn-strict:LLC-load-misses:602850163.5
4.7.0-damn-strict:SKT0_l2mpi:0.075
4.7.0-damn-strict:enp130s0f0_rx_bytes:4044069191
4.7.0-damn-strict:Total_rx_packets_phy:1541840
4.7.0-damn-strict:enp130s0f0_tx_bytes:5510321400
4.7.0-damn-strict:cpu_5:34.8
4.7.0-damn-strict:enp130s0f1_tx_bytes:4722663591
4.7.0-damn-strict:SKT0_l3hit:0.12
4.7.0-damn-strict:TOTAL_l2hit:0.285
4.7.0-damn-strict:cpu_2:25
4.7.0-damn-strict:enp4s0f0_tx_packets_phy:0
4.7.0-damn-strict:SKT1_ipc:0.415
4.7.0-damn-strict:Memory:53148.675
4.7.0-damn-strict:cpu_6:27.45
4.7.0-damn-strict:TOTAL_l3hit:0.185
4.7.0-damn-strict:enp4s0f0_rx_bytes:0
4.7.0-damn-strict:cycles:123510180724
4.7.0-damn-strict:SKT0_l2miss:812500000
4.7.0-damn-strict:enp4s0f1_tx_packets:0
4.7.0-damn-strict:Total_rx_bytes_phy:9715455413
4.7.0-damn-strict:SKT0_ipc:0.23
4.7.0-damn-strict:SKT1_l3mpi:0.02
4.7.0-damn-strict:cpu_14:28.92
4.7.0-damn-strict:enp4s0f0_tx_queue_stopped:0
4.7.0-damn-strict:cpu_26:29.9
4.7.0-damn-strict:enp4s0f1_tx_bytes:0
4.7.0-damn-strict:SKT1_l2mpi:0.03
4.7.0-damn-strict:cpu_8:25.98
4.7.0-damn-strict:enp130s0f1_rx_packets_phy:804316.5
4.7.0-damn-strict:SKT1_l3hit:0.25
4.7.0-damn-strict:cache-references:4582502714
4.7.0-damn-strict:cpu_18:27.45
4.7.0-damn-strict:enp130s0f0_tx_queue_stopped:0
4.7.0-damn-strict:cpu_1:49.51
4.7.0-damn-strict:cpu_23:36.76
4.7.0-damn-strict:cpu_0:28.92
4.7.0-damn-strict:cpu_13:35.295
4.7.0-damn-strict:cpu_21:25.49
4.7.0-damn-strict:cpu_10:22.06
4.7.0-damn-strict:enp4s0f0_tx_packets:0
4.7.0-damn-strict:TOTAL_l2mpi:0.04
4.7.0-damn-strict:cpu_16:24.02
4.7.0-damn-strict:Total_rx_bytes:8995934528
4.7.0-damn-strict:cpu_total:32.7
4.7.0-damn-strict:cpu_3:46.57
4.7.0-damn-strict:cpu_19:38.73
4.7.0-damn-strict:cpu_20:22.55
4.7.0-damn-strict:enp4s0f1_rx_bytes_phy:0
4.7.0-damn-strict:instructions:42619146054.5
4.7.0-damn-strict:enp4s0f0_rx_packets_phy:0
4.7.0-damn-strict:TOTAL_l2miss:1624000000
4.7.0-damn-strict:enp130s0f1_tx_bytes_phy:4725976059.5
4.7.0-damn-strict:SKT0_l2hit:0.235
4.7.0-damn-strict:SKT0_l3miss:716000000
4.7.0-damn-strict:TOTAL_l3mpi:0.03
4.7.0-damn-strict:enp4s0f0_tx_bytes:0
4.7.0-damn-strict:enp130s0f1_rx_bytes:4951865337
4.7.0-damn-strict:Total_tx_bytes:10232984991
4.7.0-damn-strict:Total_tx_bytes_phy:10238900990.5
4.7.0-damn-strict:cpu_4:27.45
4.7.0-damn-strict:Total_tx_packets_phy:1481547
4.7.0-damn-strict:enp4s0f1_tx_queue_stopped:0
4.7.0-damn-strict:enp4s0f0_tx_bytes_phy:0
4.7.0-damn-strict:LLC-load:1275677877.5
4.7.0-damn-strict:cpu_22:26.47
4.7.0-damn-strict:Write:20697.28
4.7.0-damn-strict:enp130s0f0_tx_bytes_phy:5512924931
4.7.0-damn-strict:enp130s0f1_tx_packets:266766.5
4.7.0-damn-strict:cpu_11:38.235
4.7.0-damn-strict:enp130s0f0_rx_packets_phy:737523.5
4.7.0-damn-strict:cpu_24:24.02
4.7.0-damn-strict:cache-misses:1311837160.5
4.7.0-damn-strict:enp4s0f1_tx_packets_phy:0
4.7.0-damn-strict:cpu_12:27.45
4.7.0-damn-strict:enp4s0f0_rx_packets:0
4.7.0-damn-strict:enp130s0f0_rx_bytes_phy:4731259470.5
4.7.0-damn-strict:enp130s0f1_rx_bytes_phy:4984195942.5
4.7.0-damn-strict:SKT1_l3miss:605500000
4.7.0-damn-strict:Read:32451.395
4.7.0-damn-strict:SKT0_l3mpi:0.065
4.7.0-damn-strict:Total_tx_queue_stopped:0
4.7.0-damnn-hp-strict:Memory:54189.03
4.7.0-damnn-hp-strict:SKT1_ipc:0.44
4.7.0-damnn-hp-strict:enp4s0f0_tx_packets_phy:0
4.7.0-damnn-hp-strict:TOTAL_l3hit:0.24
4.7.0-damnn-hp-strict:cpu_6:33.825
4.7.0-damnn-hp-strict:enp130s0f1_tx_bytes:4700220213
4.7.0-damnn-hp-strict:cpu_2:22.55
4.7.0-damnn-hp-strict:TOTAL_l2hit:0.305
4.7.0-damnn-hp-strict:SKT0_l3hit:0.18
4.7.0-damnn-hp-strict:cache-references:4803610582.5
4.7.0-damnn-hp-strict:SKT1_l3hit:0.29
4.7.0-damnn-hp-strict:enp130s0f1_rx_packets_phy:799238.5
4.7.0-damnn-hp-strict:enp4s0f1_tx_bytes:0
4.7.0-damnn-hp-strict:SKT1_l2mpi:0.025
4.7.0-damnn-hp-strict:cpu_8:34.31
4.7.0-damnn-hp-strict:enp4s0f0_tx_queue_stopped:0
4.7.0-damnn-hp-strict:cpu_26:27.945
4.7.0-damnn-hp-strict:cpu_1:41.175
4.7.0-damnn-hp-strict:enp130s0f0_tx_queue_stopped:0
4.7.0-damnn-hp-strict:cpu_18:32.84
4.7.0-damnn-hp-strict:enp4s0f0_rx_bytes:0
4.7.0-damnn-hp-strict:cycles:129305976425
4.7.0-damnn-hp-strict:cpu_14:24.51
4.7.0-damnn-hp-strict:SKT1_l3mpi:0.02
4.7.0-damnn-hp-strict:Total_rx_bytes_phy:10645547039.5
4.7.0-damnn-hp-strict:SKT0_ipc:0.22
4.7.0-damnn-hp-strict:enp4s0f1_tx_packets:0
4.7.0-damnn-hp-strict:SKT0_l2miss:914000000
4.7.0-damnn-hp-strict:LLC-store-misses:166777486.5
4.7.0-damnn-hp-strict:TOTAL_l3miss:1376500000
4.7.0-damnn-hp-strict:SKT1_l2hit:0.345
4.7.0-damnn-hp-strict:cpu_25:40.69
4.7.0-damnn-hp-strict:enp4s0f1_rx_bytes:0
4.7.0-damnn-hp-strict:cpu_15:44.61
4.7.0-damnn-hp-strict:enp4s0f0_rx_bytes_phy:0
4.7.0-damnn-hp-strict:enp130s0f1_tx_packets_phy:734457.5
4.7.0-damnn-hp-strict:enp130s0f0_rx_packets:428337
4.7.0-damnn-hp-strict:LLC-store:1589369073
4.7.0-damnn-hp-strict:cpu_9:44.61
4.7.0-damnn-hp-strict:cpu_17:34.8
4.7.0-damnn-hp-strict:cpu_27:40.69
4.7.0-damnn-hp-strict:cpu_7:40.69
4.7.0-damnn-hp-strict:SKT1_l2miss:889000000
4.7.0-damnn-hp-strict:TOTAL_ipc:0.36
4.7.0-damnn-hp-strict:enp4s0f1_rx_packets:0
4.7.0-damnn-hp-strict:enp4s0f1_rx_packets_phy:0
4.7.0-damnn-hp-strict:16384:87380
4.7.0-damnn-hp-strict:enp130s0f1_tx_queue_stopped:0
4.7.0-damnn-hp-strict:enp130s0f1_rx_packets:574363.5
4.7.0-damnn-hp-strict:SKT0_l2mpi:0.085
4.7.0-damnn-hp-strict:LLC-load-misses:606455097.5
4.7.0-damnn-hp-strict:cpu_5:41.67
4.7.0-damnn-hp-strict:enp130s0f0_tx_bytes:5450910784.5
4.7.0-damnn-hp-strict:Total_rx_packets_phy:1649339.5
4.7.0-damnn-hp-strict:enp130s0f0_rx_bytes:4780453678
4.7.0-damnn-hp-strict:enp130s0f0_tx_packets:318480
4.7.0-damnn-hp-strict:enp4s0f1_tx_bytes_phy:0
4.7.0-damnn-hp-strict:enp130s0f0_tx_packets_phy:834067
4.7.0-damnn-hp-strict:Total_tx_packets:608315
4.7.0-damnn-hp-strict:Total_rx_packets:1002700.5
4.7.0-damnn-hp-strict:cpu_11:43.14
4.7.0-damnn-hp-strict:enp130s0f1_tx_packets:289835
4.7.0-damnn-hp-strict:enp130s0f0_tx_bytes_phy:5454075441.5
4.7.0-damnn-hp-strict:enp4s0f1_tx_packets_phy:0
4.7.0-damnn-hp-strict:cpu_12:32.35
4.7.0-damnn-hp-strict:cache-misses:1363865308.5
4.7.0-damnn-hp-strict:cpu_24:28.43
4.7.0-damnn-hp-strict:enp130s0f0_rx_packets_phy:850101
4.7.0-damnn-hp-strict:cpu_22:28.92
4.7.0-damnn-hp-strict:LLC-load:1309032830
4.7.0-damnn-hp-strict:enp4s0f0_tx_bytes_phy:0
4.7.0-damnn-hp-strict:enp4s0f1_tx_queue_stopped:0
4.7.0-damnn-hp-strict:Total_tx_packets_phy:1568524.5
4.7.0-damnn-hp-strict:Write:21308.67
4.7.0-damnn-hp-strict:Total_tx_queue_stopped:0
4.7.0-damnn-hp-strict:SKT0_l3mpi:0.065
4.7.0-damnn-hp-strict:enp130s0f0_rx_bytes_phy:5684191098.5
4.7.0-damnn-hp-strict:enp4s0f0_rx_packets:0
4.7.0-damnn-hp-strict:Read:32880.36
4.7.0-damnn-hp-strict:enp130s0f1_rx_bytes_phy:4961355941
4.7.0-damnn-hp-strict:SKT1_l3miss:627500000
4.7.0-damnn-hp-strict:cpu_total:35.8
4.7.0-damnn-hp-strict:cpu_3:47.55
4.7.0-damnn-hp-strict:Total_rx_bytes:9705683302.5
4.7.0-damnn-hp-strict:cpu_16:29.41
4.7.0-damnn-hp-strict:cpu_20:24.51
4.7.0-damnn-hp-strict:cpu_19:49.51
4.7.0-damnn-hp-strict:cpu_13:48.53
4.7.0-damnn-hp-strict:cpu_0:28.92
4.7.0-damnn-hp-strict:cpu_23:44.61
4.7.0-damnn-hp-strict:TOTAL_l2mpi:0.04
4.7.0-damnn-hp-strict:enp4s0f0_tx_packets:0
4.7.0-damnn-hp-strict:cpu_21:37.255
4.7.0-damnn-hp-strict:cpu_10:28.43
4.7.0-damnn-hp-strict:enp4s0f0_tx_bytes:0
4.7.0-damnn-hp-strict:TOTAL_l3mpi:0.03
4.7.0-damnn-hp-strict:cpu_4:27.45
4.7.0-damnn-hp-strict:Total_tx_bytes_phy:10157405481.5
4.7.0-damnn-hp-strict:enp130s0f1_rx_bytes:4925229624.5
4.7.0-damnn-hp-strict:Total_tx_bytes:10151130997.5
4.7.0-damnn-hp-strict:SKT0_l2hit:0.26
4.7.0-damnn-hp-strict:enp4s0f0_rx_packets_phy:0
4.7.0-damnn-hp-strict:TOTAL_l2miss:1803500000
4.7.0-damnn-hp-strict:enp130s0f1_tx_bytes_phy:4703330040
4.7.0-damnn-hp-strict:instructions:46866741265
4.7.0-damnn-hp-strict:enp4s0f1_rx_bytes_phy:0
4.7.0-damnn-hp-strict:SKT0_l3miss:748500000
4.7.0-unsafe:16384:87380
4.7.0-unsafe:enp130s0f1_tx_queue_stopped:0
4.7.0-unsafe:enp130s0f1_rx_packets:553789.5
4.7.0-unsafe:cpu_7:55.39
4.7.0-unsafe:cpu_27:43.63
4.7.0-unsafe:SKT1_l2miss:927000000
4.7.0-unsafe:TOTAL_ipc:0.335
4.7.0-unsafe:enp4s0f1_rx_packets:0
4.7.0-unsafe:enp4s0f1_rx_packets_phy:0
4.7.0-unsafe:enp4s0f0_rx_bytes_phy:0
4.7.0-unsafe:enp130s0f1_tx_packets_phy:714701
4.7.0-unsafe:LLC-store:1758920472
4.7.0-unsafe:enp130s0f0_rx_packets:416484
4.7.0-unsafe:cpu_17:37.745
4.7.0-unsafe:cpu_9:44.61
4.7.0-unsafe:TOTAL_l3miss:1489500000
4.7.0-unsafe:SKT1_l2hit:0.32
4.7.0-unsafe:LLC-store-misses:172472125
4.7.0-unsafe:cpu_25:39.215
4.7.0-unsafe:enp4s0f1_rx_bytes:0
4.7.0-unsafe:cpu_15:48.53
4.7.0-unsafe:Total_tx_packets:534875
4.7.0-unsafe:Total_rx_packets:970273.5
4.7.0-unsafe:enp130s0f0_tx_packets:268119.5
4.7.0-unsafe:enp4s0f1_tx_bytes_phy:0
4.7.0-unsafe:enp130s0f0_tx_packets_phy:915580.5
4.7.0-unsafe:cpu_5:54.41
4.7.0-unsafe:enp130s0f0_tx_bytes:6828628488.5
4.7.0-unsafe:Total_rx_packets_phy:1699528.5
4.7.0-unsafe:enp130s0f0_rx_bytes:5411824090.5
4.7.0-unsafe:SKT0_l2mpi:0.105
4.7.0-unsafe:LLC-load-misses:676527322
4.7.0-unsafe:cpu_2:25.98
4.7.0-unsafe:TOTAL_l2hit:0.27
4.7.0-unsafe:SKT0_l3hit:0.12
4.7.0-unsafe:enp130s0f1_tx_bytes:4746536851
4.7.0-unsafe:TOTAL_l3hit:0.19
4.7.0-unsafe:cpu_6:25
4.7.0-unsafe:Memory:59568.405
4.7.0-unsafe:SKT1_ipc:0.415
4.7.0-unsafe:enp4s0f0_tx_packets_phy:0
4.7.0-unsafe:SKT1_l3mpi:0.02
4.7.0-unsafe:cpu_14:26.96
4.7.0-unsafe:Total_rx_bytes_phy:10798547751
4.7.0-unsafe:SKT0_ipc:0.185
4.7.0-unsafe:SKT0_l2miss:907500000
4.7.0-unsafe:enp4s0f1_tx_packets:0
4.7.0-unsafe:enp4s0f0_rx_bytes:0
4.7.0-unsafe:cycles:130551416853
4.7.0-unsafe:cpu_1:46.08
4.7.0-unsafe:enp130s0f0_tx_queue_stopped:0
4.7.0-unsafe:cpu_18:29.41
4.7.0-unsafe:SKT1_l3hit:0.25
4.7.0-unsafe:cache-references:5303933257
4.7.0-unsafe:enp130s0f1_rx_packets_phy:797920.5
4.7.0-unsafe:enp4s0f1_tx_bytes:0
4.7.0-unsafe:SKT1_l2mpi:0.03
4.7.0-unsafe:cpu_8:26.47
4.7.0-unsafe:cpu_26:22.55
4.7.0-unsafe:enp4s0f0_tx_queue_stopped:0
4.7.0-unsafe:TOTAL_l2mpi:0.04
4.7.0-unsafe:enp4s0f0_tx_packets:0
4.7.0-unsafe:cpu_21:42.65
4.7.0-unsafe:cpu_10:29.415
4.7.0-unsafe:cpu_13:49.02
4.7.0-unsafe:cpu_23:39.705
4.7.0-unsafe:cpu_0:28.92
4.7.0-unsafe:cpu_20:23.04
4.7.0-unsafe:cpu_19:40.69
4.7.0-unsafe:cpu_total:36.025
4.7.0-unsafe:cpu_3:49.02
4.7.0-unsafe:Total_rx_bytes:10372176151
4.7.0-unsafe:cpu_16:26.47
4.7.0-unsafe:SKT0_l3miss:796500000
4.7.0-unsafe:SKT0_l2hit:0.205
4.7.0-unsafe:TOTAL_l2miss:1834500000
4.7.0-unsafe:enp130s0f1_tx_bytes_phy:4750109306
4.7.0-unsafe:enp4s0f0_rx_packets_phy:0
4.7.0-unsafe:instructions:43663878783
4.7.0-unsafe:enp4s0f1_rx_bytes_phy:0
4.7.0-unsafe:cpu_4:33.825
4.7.0-unsafe:Total_tx_bytes_phy:11583159439.5
4.7.0-unsafe:enp130s0f1_rx_bytes:4960352060.5
4.7.0-unsafe:Total_tx_bytes:11575165339.5
4.7.0-unsafe:enp4s0f0_tx_bytes:0
4.7.0-unsafe:TOTAL_l3mpi:0.03
4.7.0-unsafe:Write:23527.085
4.7.0-unsafe:cpu_22:30.88
4.7.0-unsafe:LLC-load:1445903957.5
4.7.0-unsafe:enp4s0f1_tx_queue_stopped:0
4.7.0-unsafe:enp4s0f0_tx_bytes_phy:0
4.7.0-unsafe:Total_tx_packets_phy:1630281.5
4.7.0-unsafe:cpu_12:27.94
4.7.0-unsafe:enp4s0f1_tx_packets_phy:0
4.7.0-unsafe:cache-misses:1502044057.5
4.7.0-unsafe:cpu_24:25
4.7.0-unsafe:enp130s0f0_rx_packets_phy:901608
4.7.0-unsafe:cpu_11:34.31
4.7.0-unsafe:enp130s0f1_tx_packets:266755.5
4.7.0-unsafe:enp130s0f0_tx_bytes_phy:6833050133.5
4.7.0-unsafe:Read:36041.315
4.7.0-unsafe:enp130s0f1_rx_bytes_phy:4982007115.5
4.7.0-unsafe:SKT1_l3miss:692000000
4.7.0-unsafe:enp130s0f0_rx_bytes_phy:5816540635.5
4.7.0-unsafe:enp4s0f0_rx_packets:0
4.7.0-unsafe:Total_tx_queue_stopped:0
4.7.0-unsafe:SKT0_l3mpi:0.09
