4.7.0-copy-plus-strict:SKT1_ipc:0.328
4.7.0-copy-plus-strict:SKT0_l3hit:0.244
4.7.0-copy-plus-strict:cpu_26:8.808
4.7.0-copy-plus-strict:SKT0_ipc:0.274
4.7.0-copy-plus-strict:cpu_total:22.698
4.7.0-copy-plus-strict:cpu_23:12.134
4.7.0-copy-plus-strict:cpu_5:26.436
4.7.0-copy-plus-strict:cpu_16:12.138
4.7.0-copy-plus-strict:enp4s0f0_rx_bytes_phy:0
4.7.0-copy-plus-strict:cpu_9:24.28
4.7.0-copy-plus-strict:cpu_17:20.96
4.7.0-copy-plus-strict:cpu_10:36.43
4.7.0-copy-plus-strict:SKT1_l3mpi:0.03
4.7.0-copy-plus-strict:Total_rx_bytes_phy:8818797828
4.7.0-copy-plus-strict:Total_tx_bytes_phy:21426661.6
4.7.0-copy-plus-strict:cpu_4:39.912
4.7.0-copy-plus-strict:SKT1_l2mpi:0.042
4.7.0-copy-plus-strict:cpu_8:32.458
4.7.0-copy-plus-strict:enp4s0f0_tx_packets_phy:0
4.7.0-copy-plus-strict:SKT0_l2miss:677400000
4.7.0-copy-plus-strict:Total_rx_bytes:8615542658.8
4.7.0-copy-plus-strict:SKT0_l3miss:510600000
4.7.0-copy-plus-strict:enp130s0f1_tx_bytes:13526660.4
4.7.0-copy-plus-strict:enp130s0f0_rx_packets:86188
4.7.0-copy-plus-strict:enp4s0f1_rx_packets_phy:0
4.7.0-copy-plus-strict:cpu_21:18.18
4.7.0-copy-plus-strict:Memory:32093.248
4.7.0-copy-plus-strict:TOTAL_l2hit:0.4
4.7.0-copy-plus-strict:enp4s0f1_tx_bytes:0
4.7.0-copy-plus-strict:SKT1_l2hit:0.444
4.7.0-copy-plus-strict:cpu_27:18.786
4.7.0-copy-plus-strict:cpu_25:16.824
4.7.0-copy-plus-strict:SKT1_l2miss:545000000
4.7.0-copy-plus-strict:enp4s0f1_rx_bytes:0
4.7.0-copy-plus-strict:SKT1_l3hit:0.32
4.7.0-copy-plus-strict:Read:14077.746
4.7.0-copy-plus-strict:cpu_15:19.73
4.7.0-copy-plus-strict:enp4s0f1_rx_packets:0
4.7.0-copy-plus-strict:cpu_3:27.778
4.7.0-copy-plus-strict:cpu_24:9.202
4.7.0-copy-plus-strict:Total_tx_packets:280620.8
4.7.0-copy-plus-strict:Total_rx_packets_phy:978109.8
4.7.0-copy-plus-strict:cpu_14:9.198
4.7.0-copy-plus-strict:enp130s0f1_tx_packets:199160
4.7.0-copy-plus-strict:TOTAL_l3mpi:0.04
4.7.0-copy-plus-strict:enp130s0f0_tx_queue_stopped:0
4.7.0-copy-plus-strict:enp130s0f0_rx_bytes_phy:3829874830
4.7.0-copy-plus-strict:SKT0_l2mpi:0.062
4.7.0-copy-plus-strict:cpu_2:26.22
4.7.0-copy-plus-strict:enp4s0f1_tx_bytes_phy:0
4.7.0-copy-plus-strict:enp130s0f1_tx_queue_stopped:0
4.7.0-copy-plus-strict:Total_tx_queue_stopped:0
4.7.0-copy-plus-strict:TOTAL_l2mpi:0.05
4.7.0-copy-plus-strict:enp130s0f0_tx_packets:81460.8
4.7.0-copy-plus-strict:SKT0_l3mpi:0.048
4.7.0-copy-plus-strict:cpu_1:36.61
4.7.0-copy-plus-strict:16384:87380
4.7.0-copy-plus-strict:TOTAL_l3hit:0.28
4.7.0-copy-plus-strict:cpu_20:9.582
4.7.0-copy-plus-strict:Write:18015.504
4.7.0-copy-plus-strict:cpu_12:53.212
4.7.0-copy-plus-strict:enp4s0f0_tx_packets:0
4.7.0-copy-plus-strict:cpu_11:34.626
4.7.0-copy-plus-strict:enp130s0f0_tx_bytes:6775192
4.7.0-copy-plus-strict:enp4s0f0_rx_packets:0
4.7.0-copy-plus-strict:enp4s0f0_tx_bytes_phy:0
4.7.0-copy-plus-strict:enp130s0f1_rx_packets_phy:553218.4
4.7.0-copy-plus-strict:enp130s0f1_tx_packets_phy:199154
4.7.0-copy-plus-strict:enp4s0f1_tx_packets_phy:0
4.7.0-copy-plus-strict:cpu_18:10.95
4.7.0-copy-plus-strict:enp4s0f1_tx_packets:0
4.7.0-copy-plus-strict:enp4s0f1_tx_queue_stopped:0
4.7.0-copy-plus-strict:cpu_6:15.856
4.7.0-copy-plus-strict:enp130s0f1_rx_bytes:4971753607.4
4.7.0-copy-plus-strict:enp4s0f1_rx_bytes_phy:0
4.7.0-copy-plus-strict:enp130s0f1_tx_bytes_phy:14323099.6
4.7.0-copy-plus-strict:cpu_0:40.148
4.7.0-copy-plus-strict:enp130s0f1_rx_packets:342739.4
4.7.0-copy-plus-strict:enp130s0f0_tx_packets_phy:81487.4
4.7.0-copy-plus-strict:Total_rx_packets:428927.4
4.7.0-copy-plus-strict:SKT0_l2hit:0.36
4.7.0-copy-plus-strict:enp130s0f0_rx_bytes:3643789051.4
4.7.0-copy-plus-strict:enp4s0f0_tx_queue_stopped:0
4.7.0-copy-plus-strict:cpu_13:23.474
4.7.0-copy-plus-strict:enp130s0f1_rx_bytes_phy:4988922998
4.7.0-copy-plus-strict:TOTAL_ipc:0.3
4.7.0-copy-plus-strict:enp4s0f0_tx_bytes:0
4.7.0-copy-plus-strict:TOTAL_l2miss:1222800000
4.7.0-copy-plus-strict:enp4s0f0_rx_bytes:0
4.7.0-copy-plus-strict:enp4s0f0_rx_packets_phy:0
4.7.0-copy-plus-strict:SKT1_l3miss:369600000
4.7.0-copy-plus-strict:cpu_22:9.398
4.7.0-copy-plus-strict:Total_tx_packets_phy:280641.4
4.7.0-copy-plus-strict:TOTAL_l3miss:880600000
4.7.0-copy-plus-strict:Total_tx_bytes:20301852.4
4.7.0-copy-plus-strict:cpu_19:13.302
4.7.0-copy-plus-strict:enp130s0f0_tx_bytes_phy:7103562
4.7.0-copy-plus-strict:enp130s0f0_rx_packets_phy:424891.4
4.7.0-copy-plus-strict:cpu_7:30.34
4.7.0-damn-strict:cpu_6:17.258
4.7.0-damn-strict:enp130s0f1_rx_bytes:4973774537.4
4.7.0-damn-strict:enp4s0f1_rx_bytes_phy:0
4.7.0-damn-strict:enp130s0f1_tx_bytes_phy:13654867.4
4.7.0-damn-strict:cpu_0:17.256
4.7.0-damn-strict:enp130s0f0_tx_bytes:4676884.8
4.7.0-damn-strict:enp4s0f0_rx_packets:0
4.7.0-damn-strict:enp4s0f0_tx_bytes_phy:0
4.7.0-damn-strict:enp130s0f1_rx_packets_phy:553255.2
4.7.0-damn-strict:enp130s0f1_tx_packets_phy:189144.4
4.7.0-damn-strict:enp4s0f1_tx_packets_phy:0
4.7.0-damn-strict:enp4s0f1_tx_packets:0
4.7.0-damn-strict:cpu_18:7.448
4.7.0-damn-strict:enp4s0f1_tx_queue_stopped:0
4.7.0-damn-strict:cpu_13:9.802
4.7.0-damn-strict:enp130s0f1_rx_bytes_phy:4989261297.6
4.7.0-damn-strict:enp130s0f1_rx_packets:358818.6
4.7.0-damn-strict:enp130s0f0_tx_packets_phy:59260.6
4.7.0-damn-strict:Total_rx_packets:436268.8
4.7.0-damn-strict:SKT0_l2hit:0.26
4.7.0-damn-strict:enp130s0f0_rx_bytes:3297522869.2
4.7.0-damn-strict:enp4s0f0_tx_queue_stopped:0
4.7.0-damn-strict:enp4s0f0_rx_packets_phy:0
4.7.0-damn-strict:SKT1_l3miss:176600000
4.7.0-damn-strict:cpu_22:10.586
4.7.0-damn-strict:TOTAL_ipc:0.424
4.7.0-damn-strict:TOTAL_l2miss:600400000
4.7.0-damn-strict:enp4s0f0_tx_bytes:0
4.7.0-damn-strict:enp4s0f0_rx_bytes:0
4.7.0-damn-strict:enp130s0f0_tx_bytes_phy:4915692
4.7.0-damn-strict:enp130s0f0_rx_packets_phy:380564.2
4.7.0-damn-strict:cpu_7:16.08
4.7.0-damn-strict:Total_tx_packets_phy:248405
4.7.0-damn-strict:TOTAL_l3miss:471800000
4.7.0-damn-strict:cpu_19:9.802
4.7.0-damn-strict:Total_tx_bytes:17574069.2
4.7.0-damn-strict:cpu_9:16.668
4.7.0-damn-strict:cpu_17:10.586
4.7.0-damn-strict:SKT1_l3mpi:0.02
4.7.0-damn-strict:cpu_10:16.864
4.7.0-damn-strict:Total_rx_bytes_phy:8416298585.4
4.7.0-damn-strict:Total_tx_bytes_phy:18570559.4
4.7.0-damn-strict:SKT1_l2mpi:0.022
4.7.0-damn-strict:cpu_4:17.65
4.7.0-damn-strict:cpu_8:13.53
4.7.0-damn-strict:SKT1_ipc:0.466
4.7.0-damn-strict:cpu_26:8.036
4.7.0-damn-strict:SKT0_l3hit:0.158
4.7.0-damn-strict:SKT0_ipc:0.378
4.7.0-damn-strict:cpu_total:12.132
4.7.0-damn-strict:cpu_23:7.448
4.7.0-damn-strict:cpu_16:9.408
4.7.0-damn-strict:cpu_5:14.312
4.7.0-damn-strict:enp4s0f0_rx_bytes_phy:0
4.7.0-damn-strict:Memory:16245.404
4.7.0-damn-strict:TOTAL_l2hit:0.332
4.7.0-damn-strict:enp4s0f1_tx_bytes:0
4.7.0-damn-strict:SKT1_l2hit:0.41
4.7.0-damn-strict:SKT0_l2miss:350400000
4.7.0-damn-strict:enp4s0f0_tx_packets_phy:0
4.7.0-damn-strict:SKT0_l3miss:294400000
4.7.0-damn-strict:enp130s0f1_tx_bytes:12897184.4
4.7.0-damn-strict:Total_rx_bytes:8271297406.6
4.7.0-damn-strict:enp130s0f0_rx_packets:77450.2
4.7.0-damn-strict:cpu_21:9.604
4.7.0-damn-strict:enp4s0f1_rx_packets_phy:0
4.7.0-damn-strict:cpu_3:13.924
4.7.0-damn-strict:enp4s0f1_rx_packets:0
4.7.0-damn-strict:cpu_24:7.448
4.7.0-damn-strict:Total_tx_packets:248363
4.7.0-damn-strict:Total_rx_packets_phy:933819.4
4.7.0-damn-strict:cpu_14:8.822
4.7.0-damn-strict:TOTAL_l3mpi:0.028
4.7.0-damn-strict:enp130s0f0_rx_bytes_phy:3427037287.8
4.7.0-damn-strict:enp130s0f1_tx_packets:189130.4
4.7.0-damn-strict:enp130s0f0_tx_queue_stopped:0
4.7.0-damn-strict:SKT0_l2mpi:0.04
4.7.0-damn-strict:enp4s0f1_tx_bytes_phy:0
4.7.0-damn-strict:cpu_2:19.414
4.7.0-damn-strict:cpu_27:12.354
4.7.0-damn-strict:cpu_25:10.98
4.7.0-damn-strict:SKT1_l2miss:249400000
4.7.0-damn-strict:enp4s0f1_rx_bytes:0
4.7.0-damn-strict:SKT1_l3hit:0.294
4.7.0-damn-strict:Read:7594.07
4.7.0-damn-strict:cpu_15:9.998
4.7.0-damn-strict:Write:8651.33
4.7.0-damn-strict:cpu_12:8.626
4.7.0-damn-strict:enp4s0f0_tx_packets:0
4.7.0-damn-strict:cpu_11:11.764
4.7.0-damn-strict:enp130s0f1_tx_queue_stopped:0
4.7.0-damn-strict:Total_tx_queue_stopped:0
4.7.0-damn-strict:TOTAL_l2mpi:0.03
4.7.0-damn-strict:enp130s0f0_tx_packets:59232.6
4.7.0-damn-strict:SKT0_l3mpi:0.038
4.7.0-damn-strict:cpu_1:16.472
4.7.0-damn-strict:cpu_20:8.232
4.7.0-damn-strict:TOTAL_l3hit:0.214
4.7.0-damn-strict:16384:87380
4.7.0-damn-unsafe:enp4s0f0_rx_bytes:0
4.7.0-damn-unsafe:TOTAL_l2miss:634800000
4.7.0-damn-unsafe:enp4s0f0_tx_bytes:0
4.7.0-damn-unsafe:TOTAL_ipc:0.418
4.7.0-damn-unsafe:cpu_22:13.138
4.7.0-damn-unsafe:SKT1_l3miss:179000000
4.7.0-damn-unsafe:enp4s0f0_rx_packets_phy:0
4.7.0-damn-unsafe:cpu_19:11.372
4.7.0-damn-unsafe:Total_tx_bytes:18606658.4
4.7.0-damn-unsafe:Total_tx_packets_phy:263120.2
4.7.0-damn-unsafe:TOTAL_l3miss:497400000
4.7.0-damn-unsafe:cpu_7:15.296
4.7.0-damn-unsafe:enp130s0f0_rx_packets_phy:495330
4.7.0-damn-unsafe:enp130s0f0_tx_bytes_phy:6366277.6
4.7.0-damn-unsafe:enp4s0f1_tx_queue_stopped:0
4.7.0-damn-unsafe:enp4s0f1_tx_packets_phy:0
4.7.0-damn-unsafe:cpu_18:11.96
4.7.0-damn-unsafe:enp4s0f1_tx_packets:0
4.7.0-damn-unsafe:enp4s0f0_tx_bytes_phy:0
4.7.0-damn-unsafe:enp4s0f0_rx_packets:0
4.7.0-damn-unsafe:enp130s0f1_tx_packets_phy:185676.8
4.7.0-damn-unsafe:enp130s0f1_rx_packets_phy:553140.6
4.7.0-damn-unsafe:enp130s0f0_tx_bytes:6045575
4.7.0-damn-unsafe:cpu_0:15.69
4.7.0-damn-unsafe:enp130s0f1_rx_bytes:4972356870.8
4.7.0-damn-unsafe:enp4s0f1_rx_bytes_phy:0
4.7.0-damn-unsafe:enp130s0f1_tx_bytes_phy:13303616.8
4.7.0-damn-unsafe:cpu_6:12.154
4.7.0-damn-unsafe:enp130s0f0_rx_bytes:4316561074.6
4.7.0-damn-unsafe:enp4s0f0_tx_queue_stopped:0
4.7.0-damn-unsafe:Total_rx_packets:456064.4
4.7.0-damn-unsafe:SKT0_l2hit:0.26
4.7.0-damn-unsafe:enp130s0f0_tx_packets_phy:77443.4
4.7.0-damn-unsafe:enp130s0f1_rx_packets:348653.4
4.7.0-damn-unsafe:enp130s0f1_rx_bytes_phy:4988226334.6
4.7.0-damn-unsafe:cpu_13:12.942
4.7.0-damn-unsafe:cpu_15:10.194
4.7.0-damn-unsafe:Read:7654.834
4.7.0-damn-unsafe:SKT1_l2miss:255600000
4.7.0-damn-unsafe:SKT1_l3hit:0.298
4.7.0-damn-unsafe:enp4s0f1_rx_bytes:0
4.7.0-damn-unsafe:cpu_25:9.41
4.7.0-damn-unsafe:cpu_27:13.924
4.7.0-damn-unsafe:SKT0_l2mpi:0.044
4.7.0-damn-unsafe:cpu_2:12.154
4.7.0-damn-unsafe:enp4s0f1_tx_bytes_phy:0
4.7.0-damn-unsafe:enp130s0f0_tx_queue_stopped:0
4.7.0-damn-unsafe:TOTAL_l3mpi:0.026
4.7.0-damn-unsafe:enp130s0f0_rx_bytes_phy:4462544193.2
4.7.0-damn-unsafe:enp130s0f1_tx_packets:185684
4.7.0-damn-unsafe:Total_rx_packets_phy:1048470.6
4.7.0-damn-unsafe:cpu_14:10.586
4.7.0-damn-unsafe:enp4s0f1_rx_packets:0
4.7.0-damn-unsafe:cpu_3:13.534
4.7.0-damn-unsafe:cpu_24:8.822
4.7.0-damn-unsafe:Total_tx_packets:263006.6
4.7.0-damn-unsafe:enp130s0f0_tx_packets:77322.6
4.7.0-damn-unsafe:TOTAL_l2mpi:0.03
4.7.0-damn-unsafe:SKT0_l3mpi:0.038
4.7.0-damn-unsafe:cpu_1:16.08
4.7.0-damn-unsafe:16384:87380
4.7.0-damn-unsafe:TOTAL_l3hit:0.216
4.7.0-damn-unsafe:cpu_20:15.688
4.7.0-damn-unsafe:Total_tx_queue_stopped:0
4.7.0-damn-unsafe:enp130s0f1_tx_queue_stopped:0
4.7.0-damn-unsafe:cpu_11:16.08
4.7.0-damn-unsafe:enp4s0f0_tx_packets:0
4.7.0-damn-unsafe:Write:9219.128
4.7.0-damn-unsafe:cpu_12:12.55
4.7.0-damn-unsafe:enp4s0f0_rx_bytes_phy:0
4.7.0-damn-unsafe:cpu_16:10.782
4.7.0-damn-unsafe:cpu_5:13.532
4.7.0-damn-unsafe:cpu_total:13.378
4.7.0-damn-unsafe:cpu_23:11.568
4.7.0-damn-unsafe:SKT1_ipc:0.468
4.7.0-damn-unsafe:SKT0_l3hit:0.16
4.7.0-damn-unsafe:cpu_26:9.41
4.7.0-damn-unsafe:SKT0_ipc:0.368
4.7.0-damn-unsafe:Total_tx_bytes_phy:19669894.4
4.7.0-damn-unsafe:SKT1_l2mpi:0.022
4.7.0-damn-unsafe:cpu_8:23.922
4.7.0-damn-unsafe:cpu_4:16.278
4.7.0-damn-unsafe:SKT1_l3mpi:0.016
4.7.0-damn-unsafe:cpu_10:16.082
4.7.0-damn-unsafe:Total_rx_bytes_phy:9450770527.8
4.7.0-damn-unsafe:cpu_17:14.314
4.7.0-damn-unsafe:cpu_9:17.258
4.7.0-damn-unsafe:enp4s0f1_rx_packets_phy:0
4.7.0-damn-unsafe:cpu_21:10.39
4.7.0-damn-unsafe:enp130s0f0_rx_packets:107411
4.7.0-damn-unsafe:SKT0_l2miss:378800000
4.7.0-damn-unsafe:enp4s0f0_tx_packets_phy:0
4.7.0-damn-unsafe:SKT0_l3miss:317800000
4.7.0-damn-unsafe:enp130s0f1_tx_bytes:12561083.4
4.7.0-damn-unsafe:Total_rx_bytes:9288917945.4
4.7.0-damn-unsafe:enp4s0f1_tx_bytes:0
4.7.0-damn-unsafe:SKT1_l2hit:0.426
4.7.0-damn-unsafe:TOTAL_l2hit:0.338
4.7.0-damn-unsafe:Memory:16873.962
4.7.0-deff:Total_tx_bytes:18059221.6
4.7.0-deff:cpu_19:11.566
4.7.0-deff:TOTAL_l3miss:518400000
4.7.0-deff:Total_tx_packets_phy:256303
4.7.0-deff:cpu_7:16.866
4.7.0-deff:enp130s0f0_rx_packets_phy:414700.6
4.7.0-deff:enp130s0f0_tx_bytes_phy:5410657.4
4.7.0-deff:enp4s0f0_rx_bytes:0
4.7.0-deff:enp4s0f0_tx_bytes:0
4.7.0-deff:TOTAL_l2miss:664000000
4.7.0-deff:TOTAL_ipc:0.496
4.7.0-deff:cpu_22:15.098
4.7.0-deff:SKT1_l3miss:181400000
4.7.0-deff:enp4s0f0_rx_packets_phy:0
4.7.0-deff:enp4s0f0_tx_queue_stopped:0
4.7.0-deff:enp130s0f0_rx_bytes:3604743301.4
4.7.0-deff:SKT0_l2hit:0.27
4.7.0-deff:Total_rx_packets:453880
4.7.0-deff:enp130s0f0_tx_packets_phy:65591.6
4.7.0-deff:enp130s0f1_rx_packets:364965.4
4.7.0-deff:enp130s0f1_rx_bytes_phy:4989461327.4
4.7.0-deff:cpu_13:17.65
4.7.0-deff:enp4s0f1_tx_queue_stopped:0
4.7.0-deff:cpu_18:12.158
4.7.0-deff:enp4s0f1_tx_packets:0
4.7.0-deff:enp4s0f1_tx_packets_phy:0
4.7.0-deff:enp130s0f1_rx_packets_phy:553277.6
4.7.0-deff:enp130s0f1_tx_packets_phy:190711.4
4.7.0-deff:enp4s0f0_rx_packets:0
4.7.0-deff:enp4s0f0_tx_bytes_phy:0
4.7.0-deff:enp130s0f0_tx_bytes:5142050.4
4.7.0-deff:cpu_0:18.63
4.7.0-deff:enp4s0f1_rx_bytes_phy:0
4.7.0-deff:enp130s0f1_tx_bytes_phy:13681062.6
4.7.0-deff:enp130s0f1_rx_bytes:4974530334.2
4.7.0-deff:cpu_6:13.334
4.7.0-deff:cpu_20:8.43
4.7.0-deff:TOTAL_l3hit:0.22
4.7.0-deff:16384:87380
4.7.0-deff:cpu_1:23.53
4.7.0-deff:TOTAL_l2mpi:0.03
4.7.0-deff:SKT0_l3mpi:0.03
4.7.0-deff:enp130s0f0_tx_packets:65526.4
4.7.0-deff:Total_tx_queue_stopped:0
4.7.0-deff:enp130s0f1_tx_queue_stopped:0
4.7.0-deff:cpu_11:13.726
4.7.0-deff:enp4s0f0_tx_packets:0
4.7.0-deff:cpu_12:15.492
4.7.0-deff:Write:9118.412
4.7.0-deff:cpu_15:11.372
4.7.0-deff:Read:7969.434
4.7.0-deff:enp4s0f1_rx_bytes:0
4.7.0-deff:SKT1_l3hit:0.31
4.7.0-deff:SKT1_l2miss:262000000
4.7.0-deff:cpu_25:13.14
4.7.0-deff:cpu_27:15.1
4.7.0-deff:SKT0_l2mpi:0.04
4.7.0-deff:enp4s0f1_tx_bytes_phy:0
4.7.0-deff:cpu_2:21.764
4.7.0-deff:enp130s0f0_tx_queue_stopped:0
4.7.0-deff:TOTAL_l3mpi:0.02
4.7.0-deff:enp130s0f0_rx_bytes_phy:3736176615
4.7.0-deff:enp130s0f1_tx_packets:190694
4.7.0-deff:cpu_14:10.194
4.7.0-deff:Total_rx_packets_phy:967978.2
4.7.0-deff:Total_tx_packets:256220.4
4.7.0-deff:enp4s0f1_rx_packets:0
4.7.0-deff:cpu_3:18.238
4.7.0-deff:cpu_24:8.626
4.7.0-deff:cpu_21:12.746
4.7.0-deff:enp4s0f1_rx_packets_phy:0
4.7.0-deff:enp130s0f0_rx_packets:88914.6
4.7.0-deff:SKT0_l3miss:336400000
4.7.0-deff:Total_rx_bytes:8579273635.6
4.7.0-deff:enp130s0f1_tx_bytes:12917171.2
4.7.0-deff:SKT0_l2miss:401800000
4.7.0-deff:enp4s0f0_tx_packets_phy:0
4.7.0-deff:SKT1_l2hit:0.444
4.7.0-deff:enp4s0f1_tx_bytes:0
4.7.0-deff:TOTAL_l2hit:0.35
4.7.0-deff:Memory:17087.844
4.7.0-deff:enp4s0f0_rx_bytes_phy:0
4.7.0-deff:cpu_5:17.844
4.7.0-deff:cpu_16:8.626
4.7.0-deff:cpu_23:11.174
4.7.0-deff:cpu_total:14.576
4.7.0-deff:SKT0_ipc:0.43
4.7.0-deff:SKT0_l3hit:0.162
4.7.0-deff:SKT1_ipc:0.56
4.7.0-deff:cpu_26:11.96
4.7.0-deff:SKT1_l2mpi:0.02
4.7.0-deff:cpu_4:19.608
4.7.0-deff:cpu_8:8.232
4.7.0-deff:Total_tx_bytes_phy:19091720
4.7.0-deff:Total_rx_bytes_phy:8725637942.4
4.7.0-deff:cpu_10:21.57
4.7.0-deff:SKT1_l3mpi:0.01
4.7.0-deff:cpu_17:13.726
4.7.0-deff:cpu_9:15.688
4.7.0-strict:enp4s0f1_tx_bytes_phy:0
4.7.0-strict:SKT0_l2mpi:0.02
4.7.0-strict:cpu_2:53.41
4.7.0-strict:TOTAL_l3mpi:0.01
4.7.0-strict:enp130s0f0_rx_bytes_phy:3946803538.2
4.7.0-strict:enp130s0f1_tx_packets:179307.4
4.7.0-strict:enp130s0f0_tx_queue_stopped:9.6
4.7.0-strict:Total_rx_packets_phy:990663.8
4.7.0-strict:cpu_14:15.212
4.7.0-strict:enp4s0f1_rx_packets:0
4.7.0-strict:cpu_3:76.592
4.7.0-strict:cpu_24:10.542
4.7.0-strict:Total_tx_packets:278264.8
4.7.0-strict:cpu_15:37.962
4.7.0-strict:Read:9550.036
4.7.0-strict:SKT1_l2miss:390000000
4.7.0-strict:enp4s0f1_rx_bytes:0
4.7.0-strict:SKT1_l3hit:0.272
4.7.0-strict:cpu_25:37.39
4.7.0-strict:cpu_27:50.028
4.7.0-strict:cpu_11:79.59
4.7.0-strict:enp4s0f0_tx_packets:0
4.7.0-strict:Write:9085.712
4.7.0-strict:cpu_12:20.638
4.7.0-strict:enp130s0f0_tx_packets:98957.4
4.7.0-strict:TOTAL_l2mpi:0.02
4.7.0-strict:SKT0_l3mpi:0.02
4.7.0-strict:cpu_1:59.584
4.7.0-strict:cpu_20:11.708
4.7.0-strict:TOTAL_l3hit:0.22
4.7.0-strict:16384:87380
4.7.0-strict:Total_tx_queue_stopped:10.6
4.7.0-strict:enp130s0f1_tx_queue_stopped:1
4.7.0-strict:Total_tx_bytes_phy:22183677.4
4.7.0-strict:SKT1_l2mpi:0.01
4.7.0-strict:cpu_8:73.012
4.7.0-strict:cpu_4:60.696
4.7.0-strict:SKT1_l3mpi:0.01
4.7.0-strict:cpu_10:64.484
4.7.0-strict:Total_rx_bytes_phy:8932321053
4.7.0-strict:cpu_17:35.108
4.7.0-strict:cpu_9:53.672
4.7.0-strict:enp4s0f0_rx_bytes_phy:0
4.7.0-strict:cpu_5:60.192
4.7.0-strict:cpu_16:11.298
4.7.0-strict:cpu_total:41.828
4.7.0-strict:cpu_23:26.3
4.7.0-strict:SKT1_ipc:0.338
4.7.0-strict:cpu_26:10.53
4.7.0-strict:SKT0_l3hit:0.17
4.7.0-strict:SKT0_ipc:0.336
4.7.0-strict:enp4s0f1_tx_bytes:0
4.7.0-strict:SKT1_l2hit:0.34
4.7.0-strict:TOTAL_l2hit:0.306
4.7.0-strict:Memory:18635.752
4.7.0-strict:enp4s0f1_rx_packets_phy:0
4.7.0-strict:cpu_21:39.708
4.7.0-strict:enp130s0f0_rx_packets:101519
4.7.0-strict:SKT0_l2miss:386200000
4.7.0-strict:enp4s0f0_tx_packets_phy:0
4.7.0-strict:SKT0_l3miss:320200000
4.7.0-strict:Total_rx_bytes:8574472316
4.7.0-strict:enp130s0f1_tx_bytes:12408471.2
4.7.0-strict:cpu_22:12.082
4.7.0-strict:SKT1_l3miss:284200000
4.7.0-strict:enp4s0f0_rx_packets_phy:0
4.7.0-strict:enp4s0f0_rx_bytes:0
4.7.0-strict:enp4s0f0_tx_bytes:0
4.7.0-strict:TOTAL_l2miss:777200000
4.7.0-strict:TOTAL_ipc:0.336
4.7.0-strict:cpu_7:53.218
4.7.0-strict:enp130s0f0_rx_packets_phy:437807
4.7.0-strict:enp130s0f0_tx_bytes_phy:9058420.8
4.7.0-strict:Total_tx_bytes:21070529.4
4.7.0-strict:cpu_19:45.966
4.7.0-strict:Total_tx_packets_phy:278269
4.7.0-strict:TOTAL_l3miss:605200000
4.7.0-strict:cpu_0:50.386
4.7.0-strict:enp130s0f1_rx_bytes:4966049251.2
4.7.0-strict:enp4s0f1_rx_bytes_phy:0
4.7.0-strict:enp130s0f1_tx_bytes_phy:13125256.6
4.7.0-strict:cpu_6:45.258
4.7.0-strict:enp4s0f1_tx_queue_stopped:0
4.7.0-strict:enp4s0f1_tx_packets_phy:0
4.7.0-strict:enp4s0f1_tx_packets:0
4.7.0-strict:cpu_18:10.714
4.7.0-strict:enp4s0f0_rx_packets:0
4.7.0-strict:enp4s0f0_tx_bytes_phy:0
4.7.0-strict:enp130s0f1_tx_packets_phy:179303.2
4.7.0-strict:enp130s0f1_rx_packets_phy:552856.8
4.7.0-strict:enp130s0f0_tx_bytes:8662058.2
4.7.0-strict:enp130s0f1_rx_bytes_phy:4985517514.8
4.7.0-strict:cpu_13:66.534
4.7.0-strict:enp130s0f0_rx_bytes:3608423064.8
4.7.0-strict:enp4s0f0_tx_queue_stopped:0
4.7.0-strict:Total_rx_packets:417638.4
4.7.0-strict:SKT0_l2hit:0.272
4.7.0-strict:enp130s0f1_rx_packets:316119.4
4.7.0-strict:enp130s0f0_tx_packets_phy:98965.8
4.7.0-unsafe:Total_tx_bytes:18364921.8
4.7.0-unsafe:cpu_19:9.016
4.7.0-unsafe:TOTAL_l3miss:524000000
4.7.0-unsafe:Total_tx_packets_phy:261018.4
4.7.0-unsafe:cpu_7:18.04
4.7.0-unsafe:enp130s0f0_rx_packets_phy:459328.4
4.7.0-unsafe:enp130s0f0_tx_bytes_phy:5584227
4.7.0-unsafe:enp4s0f0_rx_bytes:0
4.7.0-unsafe:TOTAL_l2miss:659000000
4.7.0-unsafe:enp4s0f0_tx_bytes:0
4.7.0-unsafe:TOTAL_ipc:0.418
4.7.0-unsafe:cpu_22:9.018
4.7.0-unsafe:SKT1_l3miss:191600000
4.7.0-unsafe:enp4s0f0_rx_packets_phy:0
4.7.0-unsafe:enp4s0f0_tx_queue_stopped:0
4.7.0-unsafe:enp130s0f0_rx_bytes:4017393863.2
4.7.0-unsafe:SKT0_l2hit:0.254
4.7.0-unsafe:Total_rx_packets:471460.4
4.7.0-unsafe:enp130s0f1_rx_packets:373915.8
4.7.0-unsafe:enp130s0f0_tx_packets_phy:68760.8
4.7.0-unsafe:enp130s0f1_rx_bytes_phy:4989319531.2
4.7.0-unsafe:cpu_13:11.96
4.7.0-unsafe:enp4s0f1_tx_queue_stopped:0
4.7.0-unsafe:cpu_18:13.726
4.7.0-unsafe:enp4s0f1_tx_packets:0
4.7.0-unsafe:enp4s0f1_tx_packets_phy:0
4.7.0-unsafe:enp130s0f1_rx_packets_phy:553261.4
4.7.0-unsafe:enp130s0f1_tx_packets_phy:192257.6
4.7.0-unsafe:enp4s0f0_rx_packets:0
4.7.0-unsafe:enp4s0f0_tx_bytes_phy:0
4.7.0-unsafe:enp130s0f0_tx_bytes:5303433.2
4.7.0-unsafe:cpu_0:17.846
4.7.0-unsafe:enp130s0f1_tx_bytes_phy:13831976.4
4.7.0-unsafe:enp4s0f1_rx_bytes_phy:0
4.7.0-unsafe:enp130s0f1_rx_bytes:4974840181.2
4.7.0-unsafe:cpu_6:18.434
4.7.0-unsafe:TOTAL_l3hit:0.204
4.7.0-unsafe:cpu_20:10.786
4.7.0-unsafe:16384:87380
4.7.0-unsafe:SKT0_l3mpi:0.04
4.7.0-unsafe:TOTAL_l2mpi:0.032
4.7.0-unsafe:enp130s0f0_tx_packets:68697
4.7.0-unsafe:cpu_1:16.864
4.7.0-unsafe:Total_tx_queue_stopped:0
4.7.0-unsafe:enp130s0f1_tx_queue_stopped:0
4.7.0-unsafe:cpu_11:11.176
4.7.0-unsafe:enp4s0f0_tx_packets:0
4.7.0-unsafe:cpu_12:14.512
4.7.0-unsafe:Write:9364.134
4.7.0-unsafe:cpu_15:13.334
4.7.0-unsafe:Read:8136.736
4.7.0-unsafe:enp4s0f1_rx_bytes:0
4.7.0-unsafe:SKT1_l3hit:0.28
4.7.0-unsafe:SKT1_l2miss:266400000
4.7.0-unsafe:cpu_25:9.998
4.7.0-unsafe:cpu_27:13.92
4.7.0-unsafe:enp4s0f1_tx_bytes_phy:0
4.7.0-unsafe:SKT0_l2mpi:0.046
4.7.0-unsafe:cpu_2:12.548
4.7.0-unsafe:enp130s0f1_tx_packets:192236.6
4.7.0-unsafe:TOTAL_l3mpi:0.03
4.7.0-unsafe:enp130s0f0_rx_bytes_phy:4137563692.8
4.7.0-unsafe:enp130s0f0_tx_queue_stopped:0
4.7.0-unsafe:cpu_14:14.312
4.7.0-unsafe:Total_rx_packets_phy:1012589.8
4.7.0-unsafe:Total_tx_packets:260933.6
4.7.0-unsafe:enp4s0f1_rx_packets:0
4.7.0-unsafe:cpu_24:10.586
4.7.0-unsafe:cpu_3:13.528
4.7.0-unsafe:cpu_21:14.708
4.7.0-unsafe:enp4s0f1_rx_packets_phy:0
4.7.0-unsafe:enp130s0f0_rx_packets:97544.6
4.7.0-unsafe:Total_rx_bytes:8992234044.4
4.7.0-unsafe:SKT0_l3miss:331800000
4.7.0-unsafe:enp130s0f1_tx_bytes:13061488.6
4.7.0-unsafe:SKT0_l2miss:392200000
4.7.0-unsafe:enp4s0f0_tx_packets_phy:0
4.7.0-unsafe:SKT1_l2hit:0.412
4.7.0-unsafe:enp4s0f1_tx_bytes:0
4.7.0-unsafe:TOTAL_l2hit:0.328
4.7.0-unsafe:Memory:17500.868
4.7.0-unsafe:enp4s0f0_rx_bytes_phy:0
4.7.0-unsafe:cpu_16:8.822
4.7.0-unsafe:cpu_5:16.866
4.7.0-unsafe:cpu_23:9.214
4.7.0-unsafe:cpu_total:13.258
4.7.0-unsafe:SKT0_ipc:0.382
4.7.0-unsafe:SKT1_ipc:0.456
4.7.0-unsafe:SKT0_l3hit:0.152
4.7.0-unsafe:cpu_26:9.802
4.7.0-unsafe:SKT1_l2mpi:0.024
4.7.0-unsafe:cpu_4:17.65
4.7.0-unsafe:cpu_8:12.944
4.7.0-unsafe:Total_tx_bytes_phy:19416203.4
4.7.0-unsafe:Total_rx_bytes_phy:9126883224
4.7.0-unsafe:SKT1_l3mpi:0.02
4.7.0-unsafe:cpu_10:17.648
4.7.0-unsafe:cpu_17:9.018
4.7.0-unsafe:cpu_9:14.706
