4.7.0-damn-ne-unsafe:enp4s0f1_rx_packets:326270.1
4.7.0-damn-ne-unsafe:cache-references:8829311989.4
4.7.0-damn-ne-unsafe:instructions:55600948172.525
4.7.0-damn-ne-unsafe:enp130s0f1_tx_queue_stopped:0
4.7.0-damn-ne-unsafe:cpu_0:39.349
4.7.0-damn-ne-unsafe:cpu_2:51.3835
4.7.0-damn-ne-unsafe:SKT1_l3hit:0.27175
4.7.0-damn-ne-unsafe:enp130s0f0_rx_packets_phy:652339.4
4.7.0-damn-ne-unsafe:cpu_1:77.70875
4.7.0-damn-ne-unsafe:enp130s0f0_rx_bytes_phy:4841582523.875
4.7.0-damn-ne-unsafe:SKT1_l2miss:1626900000
4.7.0-damn-ne-unsafe:enp4s0f0_rx_packets_phy:755251.425
4.7.0-damn-ne-unsafe:TOTAL_l2miss:3074025000
4.7.0-damn-ne-unsafe:SKT0_l3hit:0.27575
4.7.0-damn-ne-unsafe:enp130s0f0_tx_bytes:4396578860.05
4.7.0-damn-ne-unsafe:Total_tx_packets:538640.175
4.7.0-damn-ne-unsafe:Total_tx_bytes_phy:16807637197.125
4.7.0-damn-ne-unsafe:enp4s0f1_tx_packets_phy:715261.425
4.7.0-damn-ne-unsafe:cache-misses:2235420572.45
4.7.0-damn-ne-unsafe:SKT1_l2mpi:0.05175
4.7.0-damn-ne-unsafe:enp130s0f1_tx_bytes:4163694199.275
4.7.0-damn-ne-unsafe:cpu_15:80.82175
4.7.0-damn-ne-unsafe:cpu_17:72.61275
4.7.0-damn-ne-unsafe:SKT0_l3miss:1048525000
4.7.0-damn-ne-unsafe:SKT0_l2miss:1446725000
4.7.0-damn-ne-unsafe:Total_rx_bytes:19784283138.5
4.7.0-damn-ne-unsafe:TOTAL_l2hit:0.2725
4.7.0-damn-ne-unsafe:cpu_5:78.04
4.7.0-damn-ne-unsafe:Memory:93614.3825
4.7.0-damn-ne-unsafe:cpu_7:77.29375
4.7.0-damn-ne-unsafe:enp4s0f1_rx_bytes:5101274472.6
4.7.0-damn-ne-unsafe:TOTAL_l3miss:2233850000
4.7.0-damn-ne-unsafe:enp4s0f0_tx_packets_phy:508633.575
4.7.0-damn-ne-unsafe:enp130s0f1_tx_bytes_phy:4165428204.65
4.7.0-damn-ne-unsafe:SKT1_l3miss:1184750000
4.7.0-damn-ne-unsafe:cpu_26:95.05525
4.7.0-damn-ne-unsafe:enp130s0f0_tx_bytes_phy:4399705736.875
4.7.0-damn-ne-unsafe:enp4s0f0_tx_packets:124297.05
4.7.0-damn-ne-unsafe:cpu_25:97.04
4.7.0-damn-ne-unsafe:SKT0_l2mpi:0.06225
4.7.0-damn-ne-unsafe:cpu_6:45.7085
4.7.0-damn-ne-unsafe:enp4s0f1_tx_packets:143125.525
4.7.0-damn-ne-unsafe:cpu_11:81.95625
4.7.0-damn-ne-unsafe:cpu_total:72.71025
4.7.0-damn-ne-unsafe:enp130s0f0_tx_queue_stopped:0
4.7.0-damn-ne-unsafe:cpu_21:96.99825
4.7.0-damn-ne-unsafe:enp130s0f0_tx_packets:143886.35
4.7.0-damn-ne-unsafe:enp130s0f1_rx_bytes_phy:4949288853.075
4.7.0-damn-ne-unsafe:cpu_4:45.94225
4.7.0-damn-ne-unsafe:Read:55019.7145
4.7.0-damn-ne-unsafe:Total_rx_packets_phy:2909307.775
4.7.0-damn-ne-unsafe:cpu_20:93.36275
4.7.0-damn-ne-unsafe:Total_rx_packets:1331976.75
4.7.0-damn-ne-unsafe:cpu_3:74.9055
4.7.0-damn-ne-unsafe:LLC-store-misses:251952183.775
4.7.0-damn-ne-unsafe:enp130s0f1_tx_packets:127331.25
4.7.0-damn-ne-unsafe:cpu_27:97.40775
4.7.0-damn-ne-unsafe:SKT0_ipc:0.22725
4.7.0-damn-ne-unsafe:Total_rx_bytes_phy:19898903865.675
4.7.0-damn-ne-unsafe:cycles:249853421227.475
4.7.0-damn-ne-unsafe:cpu_12:50.7335
4.7.0-damn-ne-unsafe:SKT1_l3mpi:0.0385
4.7.0-damn-ne-unsafe:enp4s0f1_rx_packets_phy:737795.775
4.7.0-damn-ne-unsafe:enp4s0f1_tx_bytes_phy:4223362989.125
4.7.0-damn-ne-unsafe:cpu_18:46.1745
4.7.0-damn-ne-unsafe:SKT1_l2hit:0.2765
4.7.0-damn-ne-unsafe:cpu_9:76.36975
4.7.0-damn-ne-unsafe:SKT0_l3mpi:0.0455
4.7.0-damn-ne-unsafe:cpu_13:82.5665
4.7.0-damn-ne-unsafe:cpu_23:95.91875
4.7.0-damn-ne-unsafe:Total_tx_packets_phy:2326429.7
4.7.0-damn-ne-unsafe:TOTAL_l2mpi:0.056
4.7.0-damn-ne-unsafe:enp4s0f0_rx_packets:361826.3
4.7.0-damn-ne-unsafe:enp4s0f0_rx_bytes:4948094964.525
4.7.0-damn-ne-unsafe:enp130s0f1_rx_bytes:4921841484.775
4.7.0-damn-ne-unsafe:cpu_24:93.9905
4.7.0-damn-ne-unsafe:enp130s0f1_tx_packets_phy:520521.875
4.7.0-damn-ne-unsafe:enp4s0f0_tx_bytes:4017230650.275
4.7.0-damn-ne-unsafe:cpu_16:47.19775
4.7.0-damn-ne-unsafe:enp4s0f1_rx_bytes_phy:5131150948.55
4.7.0-damn-ne-unsafe:cpu_19:95.75425
4.7.0-damn-ne-unsafe:Total_tx_bytes:16787816945.325
4.7.0-damn-ne-unsafe:cpu_14:53.7465
4.7.0-damn-ne-unsafe:enp130s0f0_rx_packets:260450.325
4.7.0-damn-ne-unsafe:enp4s0f1_tx_bytes:4210313235.725
4.7.0-damn-ne-unsafe:cpu_8:49.0105
4.7.0-damn-ne-unsafe:enp130s0f1_rx_packets:383430.025
4.7.0-damn-ne-unsafe:cpu_10:45.2845
4.7.0-damn-ne-unsafe:Write:38594.6675
4.7.0-damn-ne-unsafe:enp130s0f0_rx_bytes:4813072216.6
4.7.0-damn-ne-unsafe:TOTAL_l3hit:0.2735
4.7.0-damn-ne-unsafe:LLC-load:2448061038
4.7.0-damn-ne-unsafe:TOTAL_ipc:0.22325
4.7.0-damn-ne-unsafe:enp4s0f0_tx_queue_stopped:0
4.7.0-damn-ne-unsafe:SKT1_ipc:0.2185
4.7.0-damn-ne-unsafe:enp4s0f0_tx_bytes_phy:4019140266.475
4.7.0-damn-ne-unsafe:TOTAL_l3mpi:0.04
4.7.0-damn-ne-unsafe:enp4s0f0_rx_bytes_phy:4976881540.175
4.7.0-damn-ne-unsafe:SKT0_l2hit:0.26825
4.7.0-damn-ne-unsafe:LLC-store:2982150216.525
4.7.0-damn-ne-unsafe:Total_tx_queue_stopped:0
4.7.0-damn-ne-unsafe:cpu_22:94.08775
4.7.0-damn-ne-unsafe:LLC-load-misses:1084807186.2
4.7.0-damn-ne-unsafe:enp4s0f1_tx_queue_stopped:0
4.7.0-damn-ne-unsafe:enp130s0f1_rx_packets_phy:763921.175
4.7.0-damn-ne-unsafe:enp130s0f0_tx_packets_phy:582012.825
4.7.0-unsafe:enp4s0f1_rx_packets:325240.5
4.7.0-unsafe:cache-references:9043177406.475
4.7.0-unsafe:instructions:56912904294.25
4.7.0-unsafe:enp130s0f1_tx_queue_stopped:0
4.7.0-unsafe:cpu_0:38.065
4.7.0-unsafe:cpu_2:45.11275
4.7.0-unsafe:SKT1_l3hit:0.2205
4.7.0-unsafe:enp130s0f0_rx_packets_phy:659115.4
4.7.0-unsafe:TOTAL_l2miss:2908400000
4.7.0-unsafe:enp130s0f0_rx_bytes_phy:4901941336.6
4.7.0-unsafe:cpu_1:89.0305
4.7.0-unsafe:enp4s0f0_rx_packets_phy:751792.05
4.7.0-unsafe:SKT1_l2miss:1554800000
4.7.0-unsafe:Total_tx_bytes_phy:17421073035.375
4.7.0-unsafe:Total_tx_packets:683554.4
4.7.0-unsafe:SKT0_l3hit:0.21175
4.7.0-unsafe:enp130s0f0_tx_bytes:4657616527
4.7.0-unsafe:cache-misses:2283025044.875
4.7.0-unsafe:enp4s0f1_tx_packets_phy:755419.525
4.7.0-unsafe:enp130s0f1_tx_bytes:4361111263.625
4.7.0-unsafe:cpu_15:91.9035
4.7.0-unsafe:SKT1_l2mpi:0.044
4.7.0-unsafe:SKT0_l2miss:1353175000
4.7.0-unsafe:SKT0_l3miss:1067125000
4.7.0-unsafe:Total_rx_bytes:19720339693.425
4.7.0-unsafe:cpu_17:82.039
4.7.0-unsafe:cpu_5:87.16175
4.7.0-unsafe:TOTAL_l2hit:0.24975
4.7.0-unsafe:TOTAL_l3miss:2279500000
4.7.0-unsafe:enp4s0f1_rx_bytes:4966452928.65
4.7.0-unsafe:cpu_7:90.17475
4.7.0-unsafe:Memory:95941.8415
4.7.0-unsafe:cpu_26:93.76
4.7.0-unsafe:SKT1_l3miss:1211775000
4.7.0-unsafe:enp130s0f1_tx_bytes_phy:4362417472.375
4.7.0-unsafe:enp4s0f0_tx_packets_phy:554391.475
4.7.0-unsafe:enp130s0f0_tx_bytes_phy:4662182076.225
4.7.0-unsafe:cpu_25:97.78575
4.7.0-unsafe:SKT0_l2mpi:0.06
4.7.0-unsafe:cpu_6:42.27075
4.7.0-unsafe:enp4s0f1_tx_packets:172380.075
4.7.0-unsafe:enp4s0f0_tx_packets:163102.725
4.7.0-unsafe:cpu_total:75.4255
4.7.0-unsafe:cpu_11:91.9235
4.7.0-unsafe:enp130s0f0_tx_packets:177184.475
4.7.0-unsafe:cpu_21:98.9545
4.7.0-unsafe:enp130s0f0_tx_queue_stopped:0
4.7.0-unsafe:cpu_4:41.78475
4.7.0-unsafe:enp130s0f1_rx_bytes_phy:4962744247.55
4.7.0-unsafe:Read:56691.032
4.7.0-unsafe:Total_rx_packets:1384917
4.7.0-unsafe:cpu_20:94.79075
4.7.0-unsafe:Total_rx_packets_phy:2903878.1
4.7.0-unsafe:cpu_27:98.7145
4.7.0-unsafe:SKT0_ipc:0.22275
4.7.0-unsafe:cpu_3:83.6825
4.7.0-unsafe:enp130s0f1_tx_packets:170887.125
4.7.0-unsafe:LLC-store-misses:255761820.225
4.7.0-unsafe:enp4s0f1_rx_packets_phy:727549.9
4.7.0-unsafe:Total_rx_bytes_phy:19831748527.175
4.7.0-unsafe:cycles:257638802781.975
4.7.0-unsafe:cpu_12:49.68725
4.7.0-unsafe:SKT1_l3mpi:0.03525
4.7.0-unsafe:cpu_13:89.4745
4.7.0-unsafe:SKT1_l2hit:0.261
4.7.0-unsafe:SKT0_l3mpi:0.04925
4.7.0-unsafe:cpu_23:97.8755
4.7.0-unsafe:cpu_9:89.40325
4.7.0-unsafe:Total_tx_packets_phy:2529964.65
4.7.0-unsafe:TOTAL_l2mpi:0.05
4.7.0-unsafe:enp4s0f1_tx_bytes_phy:4311057054.825
4.7.0-unsafe:cpu_18:46.809
4.7.0-unsafe:enp4s0f0_rx_bytes:4943794623.375
4.7.0-unsafe:enp4s0f0_rx_packets:382430.825
4.7.0-unsafe:enp130s0f1_rx_bytes:4937921280.575
4.7.0-unsafe:enp4s0f0_tx_bytes:4082904616.9
4.7.0-unsafe:cpu_16:44.21225
4.7.0-unsafe:enp4s0f1_rx_bytes_phy:4995768313.3
4.7.0-unsafe:enp130s0f1_tx_packets_phy:580401.225
4.7.0-unsafe:cpu_24:94.2615
4.7.0-unsafe:enp130s0f0_rx_packets:260356.3
4.7.0-unsafe:Total_tx_bytes:17399210513.525
4.7.0-unsafe:cpu_14:51.57175
4.7.0-unsafe:cpu_19:98.4795
4.7.0-unsafe:cpu_8:44.46925
4.7.0-unsafe:enp130s0f1_rx_packets:416889.375
4.7.0-unsafe:enp4s0f1_tx_bytes:4297578106
4.7.0-unsafe:TOTAL_l3hit:0.21675
4.7.0-unsafe:Write:39250.808
4.7.0-unsafe:cpu_10:43.77475
4.7.0-unsafe:enp130s0f0_rx_bytes:4872170860.825
4.7.0-unsafe:enp4s0f0_tx_queue_stopped:0.475
4.7.0-unsafe:SKT1_ipc:0.22175
4.7.0-unsafe:enp4s0f0_tx_bytes_phy:4085416431.95
4.7.0-unsafe:LLC-load:2503006539.85
4.7.0-unsafe:TOTAL_ipc:0.22275
4.7.0-unsafe:TOTAL_l3mpi:0.04
4.7.0-unsafe:SKT0_l2hit:0.23675
4.7.0-unsafe:LLC-store:3028272811.925
4.7.0-unsafe:Total_tx_queue_stopped:0.475
4.7.0-unsafe:enp4s0f0_rx_bytes_phy:4971294629.725
4.7.0-unsafe:LLC-load-misses:1098193759.725
4.7.0-unsafe:enp4s0f1_tx_queue_stopped:0
4.7.0-unsafe:cpu_22:94.6915
4.7.0-unsafe:enp130s0f1_rx_packets_phy:765420.75
4.7.0-unsafe:enp130s0f0_tx_packets_phy:639752.425
