4.7.0-copy-plus-hp-strict:Total_tx_queue_stopped:0
4.7.0-copy-plus-hp-strict:enp130s0f0_rx_bytes:0
4.7.0-copy-plus-hp-strict:cpu_17:16.75
4.7.0-copy-plus-hp-strict:SKT0_l2mpi:0.046
4.7.0-copy-plus-hp-strict:cpu_21:14.232
4.7.0-copy-plus-hp-strict:cpu_14:3.284
4.7.0-copy-plus-hp-strict:TOTAL_l3mpi:0.038
4.7.0-copy-plus-hp-strict:SKT1_l3miss:553200000
4.7.0-copy-plus-hp-strict:enp4s0f0_tx_packets:0
4.7.0-copy-plus-hp-strict:SKT0_l3miss:327600000
4.7.0-copy-plus-hp-strict:SKT1_l2mpi:0.062
4.7.0-copy-plus-hp-strict:cpu_6:1.732
4.7.0-copy-plus-hp-strict:enp130s0f1_rx_packets:187826.8
4.7.0-copy-plus-hp-strict:enp4s0f1_tx_bytes:9540142144
4.7.0-copy-plus-hp-strict:cpu_2:98.656
4.7.0-copy-plus-hp-strict:enp130s0f1_tx_bytes:4906278531.6
4.7.0-copy-plus-hp-strict:SKT0_l3mpi:0.03
4.7.0-copy-plus-hp-strict:cpu_8:5.982
4.7.0-copy-plus-hp-strict:SKT1_ipc:0.242
4.7.0-copy-plus-hp-strict:SKT0_ipc:0.254
4.7.0-copy-plus-hp-strict:TOTAL_l3miss:881400000
4.7.0-copy-plus-hp-strict:LLC-load:1045962496
4.7.0-copy-plus-hp-strict:cpu_25:11.154
4.7.0-copy-plus-hp-strict:enp130s0f0_tx_bytes_phy:0
4.7.0-copy-plus-hp-strict:enp4s0f1_tx_packets:157258.8
4.7.0-copy-plus-hp-strict:TOTAL_l3hit:0.316
4.7.0-copy-plus-hp-strict:SKT1_l3mpi:0.046
4.7.0-copy-plus-hp-strict:Read:19095.5
4.7.0-copy-plus-hp-strict:Total_rx_bytes_phy:22194913.6
4.7.0-copy-plus-hp-strict:Write:16131.736
4.7.0-copy-plus-hp-strict:TOTAL_l2hit:0.48
4.7.0-copy-plus-hp-strict:enp130s0f0_tx_packets_phy:0
4.7.0-copy-plus-hp-strict:enp4s0f1_tx_packets_phy:1060666.4
4.7.0-copy-plus-hp-strict:LLC-store-misses:108304448.2
4.7.0-copy-plus-hp-strict:cycles:93036727496.8
4.7.0-copy-plus-hp-strict:Total_tx_packets:235228
4.7.0-copy-plus-hp-strict:cpu_16:5.606
4.7.0-copy-plus-hp-strict:cpu_24:7.902
4.7.0-copy-plus-hp-strict:SKT0_l2hit:0.512
4.7.0-copy-plus-hp-strict:enp130s0f0_tx_packets:0
4.7.0-copy-plus-hp-strict:cpu_22:7.692
4.7.0-copy-plus-hp-strict:SKT1_l3hit:0.284
4.7.0-copy-plus-hp-strict:enp4s0f1_rx_bytes:8552336.8
4.7.0-copy-plus-hp-strict:TOTAL_l2mpi:0.056
4.7.0-copy-plus-hp-strict:cpu_total:28.31
4.7.0-copy-plus-hp-strict:enp4s0f0_tx_queue_stopped:0
4.7.0-copy-plus-hp-strict:Total_rx_packets:310677.8
4.7.0-copy-plus-hp-strict:SKT0_l3hit:0.37
4.7.0-copy-plus-hp-strict:enp130s0f1_tx_queue_stopped:0
4.7.0-copy-plus-hp-strict:cache-misses:853242791.4
4.7.0-copy-plus-hp-strict:enp4s0f1_rx_bytes_phy:9046137.2
4.7.0-copy-plus-hp-strict:enp4s0f0_tx_packets_phy:0
4.7.0-copy-plus-hp-strict:enp4s0f0_rx_packets_phy:0
4.7.0-copy-plus-hp-strict:cpu_1:99.418
4.7.0-copy-plus-hp-strict:enp130s0f0_tx_queue_stopped:0
4.7.0-copy-plus-hp-strict:enp4s0f1_tx_bytes_phy:9544069534.4
4.7.0-copy-plus-hp-strict:enp130s0f1_rx_packets_phy:187811
4.7.0-copy-plus-hp-strict:instructions:23000870388.8
4.7.0-copy-plus-hp-strict:cpu_0:95.77
4.7.0-copy-plus-hp-strict:cache-references:5664003258.2
4.7.0-copy-plus-hp-strict:enp130s0f0_rx_bytes_phy:0
4.7.0-copy-plus-hp-strict:16384:87380
4.7.0-copy-plus-hp-strict:cpu_23:10.962
4.7.0-copy-plus-hp-strict:TOTAL_ipc:0.248
4.7.0-copy-plus-hp-strict:enp4s0f1_rx_packets_phy:122882.8
4.7.0-copy-plus-hp-strict:SKT1_l2hit:0.456
4.7.0-copy-plus-hp-strict:cpu_18:5.794
4.7.0-copy-plus-hp-strict:Memory:35227.238
4.7.0-copy-plus-hp-strict:Total_rx_bytes:20950882
4.7.0-copy-plus-hp-strict:enp130s0f0_rx_packets_phy:0
4.7.0-copy-plus-hp-strict:Total_rx_packets_phy:310693.8
4.7.0-copy-plus-hp-strict:enp4s0f0_tx_bytes:0
4.7.0-copy-plus-hp-strict:Total_tx_bytes_phy:14452524629.6
4.7.0-copy-plus-hp-strict:cpu_3:98.462
4.7.0-copy-plus-hp-strict:cpu_9:22.742
4.7.0-copy-plus-hp-strict:enp4s0f0_tx_bytes_phy:0
4.7.0-copy-plus-hp-strict:cpu_4:97.492
4.7.0-copy-plus-hp-strict:SKT1_l2miss:772600000
4.7.0-copy-plus-hp-strict:enp130s0f1_tx_bytes_phy:4908455095.2
4.7.0-copy-plus-hp-strict:LLC-load-misses:365684488.8
4.7.0-copy-plus-hp-strict:enp130s0f1_tx_packets:77969.2
4.7.0-copy-plus-hp-strict:enp130s0f0_rx_packets:0
4.7.0-copy-plus-hp-strict:Total_tx_packets_phy:1604995.4
4.7.0-copy-plus-hp-strict:Total_tx_bytes:14446420675.6
4.7.0-copy-plus-hp-strict:enp130s0f1_tx_packets_phy:544329
4.7.0-copy-plus-hp-strict:cpu_11:12.786
4.7.0-copy-plus-hp-strict:SKT0_l2miss:518000000
4.7.0-copy-plus-hp-strict:cpu_20:2.502
4.7.0-copy-plus-hp-strict:cpu_27:0.384
4.7.0-copy-plus-hp-strict:enp4s0f0_rx_packets:0
4.7.0-copy-plus-hp-strict:LLC-store:2308278340.4
4.7.0-copy-plus-hp-strict:enp130s0f1_rx_bytes:12398545.2
4.7.0-copy-plus-hp-strict:cpu_12:9.052
4.7.0-copy-plus-hp-strict:cpu_5:93.846
4.7.0-copy-plus-hp-strict:cpu_7:27.004
4.7.0-copy-plus-hp-strict:cpu_26:7.516
4.7.0-copy-plus-hp-strict:cpu_19:4.616
4.7.0-copy-plus-hp-strict:TOTAL_l2miss:1290800000
4.7.0-copy-plus-hp-strict:cpu_10:8.076
4.7.0-copy-plus-hp-strict:cpu_13:13.462
4.7.0-copy-plus-hp-strict:enp4s0f1_rx_packets:122851
4.7.0-copy-plus-hp-strict:enp4s0f0_rx_bytes:0
4.7.0-copy-plus-hp-strict:enp130s0f1_rx_bytes_phy:13148776.4
4.7.0-copy-plus-hp-strict:enp4s0f0_rx_bytes_phy:0
4.7.0-copy-plus-hp-strict:cpu_15:9.426
4.7.0-copy-plus-hp-strict:enp4s0f1_tx_queue_stopped:0
4.7.0-copy-plus-hp-strict:enp130s0f0_tx_bytes:0
4.7.0-damn-strict:Total_rx_packets:312173.8
4.7.0-damn-strict:SKT0_l3hit:0.36
4.7.0-damn-strict:cache-misses:361576440
4.7.0-damn-strict:enp130s0f1_tx_queue_stopped:0
4.7.0-damn-strict:enp4s0f1_rx_bytes_phy:10215645
4.7.0-damn-strict:enp4s0f0_tx_queue_stopped:0
4.7.0-damn-strict:enp4s0f0_rx_packets_phy:0
4.7.0-damn-strict:enp4s0f0_tx_packets_phy:0
4.7.0-damn-strict:cpu_1:72.678
4.7.0-damn-strict:enp130s0f0_tx_packets:0
4.7.0-damn-strict:SKT0_l2hit:0.494
4.7.0-damn-strict:cpu_22:7.902
4.7.0-damn-strict:SKT1_l3hit:0.332
4.7.0-damn-strict:cycles:61915673662.2
4.7.0-damn-strict:Total_tx_packets:256378
4.7.0-damn-strict:cpu_16:8.284
4.7.0-damn-strict:cpu_24:3.272
4.7.0-damn-strict:cpu_total:17.884
4.7.0-damn-strict:enp4s0f1_rx_bytes:9656925.4
4.7.0-damn-strict:TOTAL_l2mpi:0.028
4.7.0-damn-strict:enp4s0f1_tx_packets:178486
4.7.0-damn-strict:enp130s0f0_tx_bytes_phy:0
4.7.0-damn-strict:SKT1_ipc:0.304
4.7.0-damn-strict:SKT0_ipc:0.336
4.7.0-damn-strict:TOTAL_l3miss:351200000
4.7.0-damn-strict:LLC-load:518558626.8
4.7.0-damn-strict:cpu_25:0
4.7.0-damn-strict:TOTAL_l2hit:0.476
4.7.0-damn-strict:enp130s0f0_tx_packets_phy:0
4.7.0-damn-strict:enp4s0f1_tx_packets_phy:1224669
4.7.0-damn-strict:LLC-store-misses:138088406
4.7.0-damn-strict:TOTAL_l3hit:0.344
4.7.0-damn-strict:SKT1_l3mpi:0.02
4.7.0-damn-strict:Read:16028.634
4.7.0-damn-strict:Total_rx_bytes_phy:22353913.2
4.7.0-damn-strict:Write:11031.804
4.7.0-damn-strict:SKT0_l3miss:165600000
4.7.0-damn-strict:SKT1_l2mpi:0.03
4.7.0-damn-strict:enp130s0f0_rx_bytes:0
4.7.0-damn-strict:Total_tx_queue_stopped:0
4.7.0-damn-strict:cpu_21:0.962
4.7.0-damn-strict:SKT0_l2mpi:0.026
4.7.0-damn-strict:cpu_17:5.6
4.7.0-damn-strict:cpu_14:5.59
4.7.0-damn-strict:TOTAL_l3mpi:0.018
4.7.0-damn-strict:SKT1_l3miss:185200000
4.7.0-damn-strict:enp4s0f0_tx_packets:0
4.7.0-damn-strict:enp130s0f1_tx_bytes:4894695494.6
4.7.0-damn-strict:cpu_2:59.36
4.7.0-damn-strict:SKT0_l3mpi:0.016
4.7.0-damn-strict:cpu_8:5.384
4.7.0-damn-strict:cpu_6:6.36
4.7.0-damn-strict:enp130s0f1_rx_packets:173340.4
4.7.0-damn-strict:enp4s0f1_tx_bytes:11037397082.4
4.7.0-damn-strict:cpu_13:2.5
4.7.0-damn-strict:enp4s0f1_rx_packets:138833.4
4.7.0-damn-strict:enp4s0f0_rx_bytes:0
4.7.0-damn-strict:cpu_5:58.004
4.7.0-damn-strict:cpu_7:9.424
4.7.0-damn-strict:cpu_26:2.5
4.7.0-damn-strict:TOTAL_l2miss:530400000
4.7.0-damn-strict:cpu_10:6.362
4.7.0-damn-strict:cpu_19:3.27
4.7.0-damn-strict:enp4s0f1_tx_queue_stopped:0
4.7.0-damn-strict:enp130s0f0_tx_bytes:0
4.7.0-damn-strict:enp130s0f1_rx_bytes_phy:12138268.2
4.7.0-damn-strict:enp4s0f0_rx_bytes_phy:0
4.7.0-damn-strict:cpu_15:7.912
4.7.0-damn-strict:Total_tx_bytes:15932092577
4.7.0-damn-strict:enp130s0f1_tx_packets_phy:543050.4
4.7.0-damn-strict:cpu_11:8.868
4.7.0-damn-strict:enp130s0f0_rx_packets:0
4.7.0-damn-strict:Total_tx_packets_phy:1767719.4
4.7.0-damn-strict:LLC-store:1284525117.2
4.7.0-damn-strict:enp130s0f1_rx_bytes:11442093.2
4.7.0-damn-strict:cpu_12:5.586
4.7.0-damn-strict:cpu_20:5.976
4.7.0-damn-strict:SKT0_l2miss:255400000
4.7.0-damn-strict:cpu_27:0
4.7.0-damn-strict:enp4s0f0_rx_packets:0
4.7.0-damn-strict:enp4s0f0_tx_bytes:0
4.7.0-damn-strict:cpu_3:63.376
4.7.0-damn-strict:Total_tx_bytes_phy:15939538479.4
4.7.0-damn-strict:enp130s0f0_rx_packets_phy:0
4.7.0-damn-strict:Total_rx_packets_phy:312261
4.7.0-damn-strict:SKT1_l2miss:274400000
4.7.0-damn-strict:enp130s0f1_tx_bytes_phy:4896834214
4.7.0-damn-strict:LLC-load-misses:93704162.8
4.7.0-damn-strict:enp130s0f1_tx_packets:77892
4.7.0-damn-strict:enp4s0f0_tx_bytes_phy:0
4.7.0-damn-strict:cpu_4:74.396
4.7.0-damn-strict:cpu_9:7.884
4.7.0-damn-strict:cache-references:3172501166
4.7.0-damn-strict:enp130s0f0_rx_bytes_phy:0
4.7.0-damn-strict:16384:87380
4.7.0-damn-strict:TOTAL_ipc:0.32
4.7.0-damn-strict:cpu_23:3.076
4.7.0-damn-strict:enp130s0f1_rx_packets_phy:173380.8
4.7.0-damn-strict:enp130s0f0_tx_queue_stopped:0
4.7.0-damn-strict:enp4s0f1_tx_bytes_phy:11042704265.4
4.7.0-damn-strict:cpu_0:57.964
4.7.0-damn-strict:instructions:19478926974.4
4.7.0-damn-strict:cpu_18:8.678
4.7.0-damn-strict:Memory:27060.44
4.7.0-damn-strict:Total_rx_bytes:21099018.6
4.7.0-damn-strict:enp4s0f1_rx_packets_phy:138880.2
4.7.0-damn-strict:SKT1_l2hit:0.464
4.7.0-unsafe:enp130s0f0_rx_packets:0
4.7.0-unsafe:Total_tx_packets_phy:1868776.8
4.7.0-unsafe:enp130s0f1_tx_packets_phy:542587.6
4.7.0-unsafe:Total_tx_bytes:16845292177.4
4.7.0-unsafe:cpu_11:8.68
4.7.0-unsafe:cpu_27:0
4.7.0-unsafe:SKT0_l2miss:207800000
4.7.0-unsafe:cpu_20:7.708
4.7.0-unsafe:enp4s0f0_rx_packets:0
4.7.0-unsafe:enp130s0f1_rx_bytes:11514252.8
4.7.0-unsafe:cpu_12:6.556
4.7.0-unsafe:LLC-store:1372426526.6
4.7.0-unsafe:cpu_7:12.338
4.7.0-unsafe:cpu_5:59.936
4.7.0-unsafe:cpu_19:12.502
4.7.0-unsafe:TOTAL_l2miss:408200000
4.7.0-unsafe:cpu_10:8.29
4.7.0-unsafe:cpu_26:0.576
4.7.0-unsafe:cpu_13:4.038
4.7.0-unsafe:enp4s0f0_rx_bytes:0
4.7.0-unsafe:enp4s0f1_rx_packets:169068.4
4.7.0-unsafe:cpu_15:1.73
4.7.0-unsafe:enp4s0f0_rx_bytes_phy:0
4.7.0-unsafe:enp130s0f1_rx_bytes_phy:12213103
4.7.0-unsafe:enp4s0f1_tx_queue_stopped:0
4.7.0-unsafe:enp130s0f0_tx_bytes:0
4.7.0-unsafe:enp130s0f1_rx_packets_phy:174443.4
4.7.0-unsafe:enp4s0f1_tx_bytes_phy:11959385285.8
4.7.0-unsafe:enp130s0f0_tx_queue_stopped:0
4.7.0-unsafe:cpu_0:49.712
4.7.0-unsafe:instructions:24086803843.8
4.7.0-unsafe:enp130s0f0_rx_bytes_phy:0
4.7.0-unsafe:16384:87380
4.7.0-unsafe:cache-references:3393817024.8
4.7.0-unsafe:TOTAL_ipc:0.44
4.7.0-unsafe:cpu_23:0.192
4.7.0-unsafe:enp4s0f1_rx_packets_phy:169048.6
4.7.0-unsafe:SKT1_l2hit:0.582
4.7.0-unsafe:Memory:15523.806
4.7.0-unsafe:cpu_18:5.596
4.7.0-unsafe:Total_rx_bytes:23129279.8
4.7.0-unsafe:enp130s0f0_rx_packets_phy:0
4.7.0-unsafe:Total_rx_packets_phy:343492
4.7.0-unsafe:cpu_3:49.318
4.7.0-unsafe:Total_tx_bytes_phy:16852324199.4
4.7.0-unsafe:enp4s0f0_tx_bytes:0
4.7.0-unsafe:cpu_9:3.462
4.7.0-unsafe:enp4s0f0_tx_bytes_phy:0
4.7.0-unsafe:cpu_4:53.364
4.7.0-unsafe:enp130s0f1_tx_bytes_phy:4892938913.6
4.7.0-unsafe:LLC-load-misses:72846725.4
4.7.0-unsafe:SKT1_l2miss:200000000
4.7.0-unsafe:enp130s0f1_tx_packets:77564.4
4.7.0-unsafe:cycles:55126055696.6
4.7.0-unsafe:cpu_24:10.206
4.7.0-unsafe:Total_tx_packets:267770.6
4.7.0-unsafe:cpu_16:9.812
4.7.0-unsafe:enp130s0f0_tx_packets:0
4.7.0-unsafe:SKT0_l2hit:0.582
4.7.0-unsafe:cpu_22:22.146
4.7.0-unsafe:SKT1_l3hit:0.474
4.7.0-unsafe:enp4s0f1_rx_bytes:11615027
4.7.0-unsafe:TOTAL_l2mpi:0.02
4.7.0-unsafe:cpu_total:16.126
4.7.0-unsafe:enp4s0f0_tx_queue_stopped:0
4.7.0-unsafe:SKT0_l3hit:0.494
4.7.0-unsafe:Total_rx_packets:343495
4.7.0-unsafe:enp4s0f1_rx_bytes_phy:12289790.8
4.7.0-unsafe:cache-misses:207899972.6
4.7.0-unsafe:enp130s0f1_tx_queue_stopped:0
4.7.0-unsafe:enp4s0f0_rx_packets_phy:0
4.7.0-unsafe:enp4s0f0_tx_packets_phy:0
4.7.0-unsafe:cpu_1:52.022
4.7.0-unsafe:SKT0_l2mpi:0.016
4.7.0-unsafe:cpu_17:0.384
4.7.0-unsafe:cpu_21:2.884
4.7.0-unsafe:cpu_14:1.346
4.7.0-unsafe:enp130s0f0_rx_bytes:0
4.7.0-unsafe:Total_tx_queue_stopped:0
4.7.0-unsafe:TOTAL_l3mpi:0.01
4.7.0-unsafe:SKT1_l3miss:105200000
4.7.0-unsafe:enp4s0f0_tx_packets:0
4.7.0-unsafe:SKT0_l3miss:107000000
4.7.0-unsafe:SKT1_l2mpi:0.02
4.7.0-unsafe:cpu_6:10.982
4.7.0-unsafe:enp130s0f1_rx_packets:174426.6
4.7.0-unsafe:enp4s0f1_tx_bytes:11954659871.8
4.7.0-unsafe:enp130s0f1_tx_bytes:4890632305.6
4.7.0-unsafe:cpu_2:49.154
4.7.0-unsafe:SKT0_l3mpi:0.01
4.7.0-unsafe:cpu_8:2.884
4.7.0-unsafe:SKT1_ipc:0.414
4.7.0-unsafe:cpu_25:6.346
4.7.0-unsafe:LLC-load:512067513.2
4.7.0-unsafe:TOTAL_l3miss:213000000
4.7.0-unsafe:SKT0_ipc:0.462
4.7.0-unsafe:enp4s0f1_tx_packets:190206.2
4.7.0-unsafe:enp130s0f0_tx_bytes_phy:0
4.7.0-unsafe:Total_rx_bytes_phy:24502893.8
4.7.0-unsafe:TOTAL_l3hit:0.482
4.7.0-unsafe:Read:11995.56
4.7.0-unsafe:SKT1_l3mpi:0.01
4.7.0-unsafe:Write:3528.25
4.7.0-unsafe:enp4s0f1_tx_packets_phy:1326189.2
4.7.0-unsafe:enp130s0f0_tx_packets_phy:0
4.7.0-unsafe:TOTAL_l2hit:0.582
4.7.0-unsafe:LLC-store-misses:50676537.2
