4.7.0-copy-plus-hp-strict:SKT1_l3miss:187900000
4.7.0-copy-plus-hp-strict:cycles:21251257474.2
4.7.0-copy-plus-hp-strict:enp4s0f0_tx_queue_stopped:0
4.7.0-copy-plus-hp-strict:Total_rx_bytes:4344857017.2
4.7.0-copy-plus-hp-strict:enp4s0f0_rx_bytes:0
4.7.0-copy-plus-hp-strict:SKT1_ipc:0.114
4.7.0-copy-plus-hp-strict:cpu_6:0
4.7.0-copy-plus-hp-strict:cpu_1:100
4.7.0-copy-plus-hp-strict:cpu_5:0.097
4.7.0-copy-plus-hp-strict:enp130s0f0_rx_packets:0
4.7.0-copy-plus-hp-strict:SKT1_l2mpi:0.138
4.7.0-copy-plus-hp-strict:cpu_12:0
4.7.0-copy-plus-hp-strict:cpu_14:0
4.7.0-copy-plus-hp-strict:SKT1_l3mpi:0.079
4.7.0-copy-plus-hp-strict:enp4s0f1_tx_bytes_phy:578359.1
4.7.0-copy-plus-hp-strict:Write:8580.249
4.7.0-copy-plus-hp-strict:SKT0_l2hit:0.135
4.7.0-copy-plus-hp-strict:enp130s0f0_tx_packets:0
4.7.0-copy-plus-hp-strict:cpu_total:4.977
4.7.0-copy-plus-hp-strict:enp130s0f0_rx_bytes:0
4.7.0-copy-plus-hp-strict:cpu_27:0
4.7.0-copy-plus-hp-strict:cpu_22:0
4.7.0-copy-plus-hp-strict:cpu_11:5.146
4.7.0-copy-plus-hp-strict:TOTAL_l3miss:188100000
4.7.0-copy-plus-hp-strict:instructions:2439007447.8
4.7.0-copy-plus-hp-strict:SKT0_l3hit:0.832
4.7.0-copy-plus-hp-strict:enp4s0f1_tx_bytes:545563.8
4.7.0-copy-plus-hp-strict:cache-references:1581031447.2
4.7.0-copy-plus-hp-strict:enp130s0f1_rx_packets:37814.3
4.7.0-copy-plus-hp-strict:Total_tx_bytes:1865991.3
4.7.0-copy-plus-hp-strict:cpu_19:15.923
4.7.0-copy-plus-hp-strict:enp4s0f1_rx_packets:34810.9
4.7.0-copy-plus-hp-strict:cpu_3:0
4.7.0-copy-plus-hp-strict:cpu_25:5.146
4.7.0-copy-plus-hp-strict:enp130s0f1_rx_packets_phy:263856.6
4.7.0-copy-plus-hp-strict:enp4s0f0_tx_bytes:0
4.7.0-copy-plus-hp-strict:16384:87380
4.7.0-copy-plus-hp-strict:cpu_2:0
4.7.0-copy-plus-hp-strict:SKT0_l3miss:223300
4.7.0-copy-plus-hp-strict:LLC-store:644933653.9
4.7.0-copy-plus-hp-strict:cpu_0:0
4.7.0-copy-plus-hp-strict:TOTAL_l2hit:0.486
4.7.0-copy-plus-hp-strict:TOTAL_l3mpi:0.077
4.7.0-copy-plus-hp-strict:enp4s0f1_rx_bytes_phy:1996000572.9
4.7.0-copy-plus-hp-strict:enp4s0f1_tx_packets:8216.8
4.7.0-copy-plus-hp-strict:Total_tx_queue_stopped:0
4.7.0-copy-plus-hp-strict:enp130s0f1_tx_queue_stopped:0
4.7.0-copy-plus-hp-strict:cpu_15:5.534
4.7.0-copy-plus-hp-strict:cache-misses:187145388.3
4.7.0-copy-plus-hp-strict:cpu_13:10.097
4.7.0-copy-plus-hp-strict:enp130s0f1_rx_bytes_phy:2378394445.4
4.7.0-copy-plus-hp-strict:enp130s0f1_tx_packets_phy:19918.3
4.7.0-copy-plus-hp-strict:LLC-load:324651709.1
4.7.0-copy-plus-hp-strict:SKT0_ipc:0.409
4.7.0-copy-plus-hp-strict:enp4s0f1_tx_packets_phy:8215.7
4.7.0-copy-plus-hp-strict:cpu_8:0
4.7.0-copy-plus-hp-strict:enp4s0f1_rx_bytes:1982655289.8
4.7.0-copy-plus-hp-strict:enp130s0f1_tx_bytes:1320427.5
4.7.0-copy-plus-hp-strict:cpu_16:0.097
4.7.0-copy-plus-hp-strict:enp4s0f1_tx_queue_stopped:0
4.7.0-copy-plus-hp-strict:enp4s0f0_tx_bytes_phy:0
4.7.0-copy-plus-hp-strict:enp130s0f1_rx_bytes:2362201727.4
4.7.0-copy-plus-hp-strict:cpu_18:0
4.7.0-copy-plus-hp-strict:cpu_4:0
4.7.0-copy-plus-hp-strict:enp4s0f0_tx_packets:0
4.7.0-copy-plus-hp-strict:cpu_21:5.34
4.7.0-copy-plus-hp-strict:enp130s0f0_tx_queue_stopped:0
4.7.0-copy-plus-hp-strict:enp4s0f1_rx_packets_phy:221720.6
4.7.0-copy-plus-hp-strict:enp4s0f0_rx_packets:0
4.7.0-copy-plus-hp-strict:enp130s0f1_tx_packets:19910
4.7.0-copy-plus-hp-strict:enp130s0f0_tx_bytes:0
4.7.0-copy-plus-hp-strict:cpu_17:0
4.7.0-copy-plus-hp-strict:SKT0_l2mpi:0.02
4.7.0-copy-plus-hp-strict:TOTAL_l3hit:0.42
4.7.0-copy-plus-hp-strict:cpu_26:0
4.7.0-copy-plus-hp-strict:enp4s0f0_rx_packets_phy:0
4.7.0-copy-plus-hp-strict:Total_rx_packets_phy:485577.2
4.7.0-copy-plus-hp-strict:Total_rx_packets:72625.2
4.7.0-copy-plus-hp-strict:SKT1_l3hit:0.419
4.7.0-copy-plus-hp-strict:cpu_20:0.097
4.7.0-copy-plus-hp-strict:cpu_9:5.437
4.7.0-copy-plus-hp-strict:enp4s0f0_rx_bytes_phy:0
4.7.0-copy-plus-hp-strict:Total_rx_bytes_phy:4374395018.3
4.7.0-copy-plus-hp-strict:enp130s0f0_rx_packets_phy:0
4.7.0-copy-plus-hp-strict:SKT1_l2miss:324200000
4.7.0-copy-plus-hp-strict:Total_tx_bytes_phy:1979006.7
4.7.0-copy-plus-hp-strict:cpu_7:0
4.7.0-copy-plus-hp-strict:SKT0_l2miss:1331500
4.7.0-copy-plus-hp-strict:enp130s0f1_tx_bytes_phy:1400647.6
4.7.0-copy-plus-hp-strict:Total_tx_packets_phy:28134
4.7.0-copy-plus-hp-strict:enp130s0f0_tx_bytes_phy:0
4.7.0-copy-plus-hp-strict:cpu_10:0
4.7.0-copy-plus-hp-strict:LLC-load-misses:73048580.5
4.7.0-copy-plus-hp-strict:cpu_23:0
4.7.0-copy-plus-hp-strict:enp130s0f0_tx_packets_phy:0
4.7.0-copy-plus-hp-strict:enp130s0f0_rx_bytes_phy:0
4.7.0-copy-plus-hp-strict:SKT0_l3mpi:0
4.7.0-copy-plus-hp-strict:LLC-store-misses:22729411
4.7.0-copy-plus-hp-strict:Memory:11842.858
4.7.0-copy-plus-hp-strict:Read:3262.61
4.7.0-copy-plus-hp-strict:TOTAL_l2mpi:0.131
4.7.0-copy-plus-hp-strict:TOTAL_l2miss:325500000
4.7.0-copy-plus-hp-strict:Total_tx_packets:28126.8
4.7.0-copy-plus-hp-strict:cpu_24:0.097
4.7.0-copy-plus-hp-strict:enp4s0f0_tx_packets_phy:0
4.7.0-copy-plus-hp-strict:TOTAL_ipc:0.114
4.7.0-copy-plus-hp-strict:SKT1_l2hit:0.486
4.7.0-damn-strict:cache-misses:273240959.8
4.7.0-damn-strict:cpu_13:0
4.7.0-damn-strict:enp130s0f1_tx_packets_phy:9209.8
4.7.0-damn-strict:enp130s0f1_rx_bytes_phy:2668529556.8
4.7.0-damn-strict:enp4s0f1_rx_bytes_phy:3452996357.4
4.7.0-damn-strict:enp4s0f1_tx_packets:25673.8
4.7.0-damn-strict:cpu_15:1.456
4.7.0-damn-strict:Total_tx_queue_stopped:0
4.7.0-damn-strict:enp130s0f1_tx_queue_stopped:0
4.7.0-damn-strict:enp4s0f1_tx_queue_stopped:0
4.7.0-damn-strict:cpu_16:0.676
4.7.0-damn-strict:enp4s0f0_tx_bytes_phy:0
4.7.0-damn-strict:enp130s0f1_rx_bytes:2649000105.7
4.7.0-damn-strict:cpu_18:0
4.7.0-damn-strict:LLC-load:341735175.5
4.7.0-damn-strict:SKT0_ipc:0.465
4.7.0-damn-strict:cpu_8:1.553
4.7.0-damn-strict:enp4s0f1_rx_bytes:3430230327.1
4.7.0-damn-strict:enp4s0f1_tx_packets_phy:25824.7
4.7.0-damn-strict:enp130s0f1_tx_bytes:606392.6
4.7.0-damn-strict:SKT0_l2mpi:0.018
4.7.0-damn-strict:cpu_17:0.096
4.7.0-damn-strict:TOTAL_l3hit:0.28
4.7.0-damn-strict:cpu_26:0
4.7.0-damn-strict:cpu_4:0
4.7.0-damn-strict:enp4s0f0_tx_packets:0
4.7.0-damn-strict:cpu_21:0.096
4.7.0-damn-strict:enp4s0f0_rx_packets:0
4.7.0-damn-strict:enp130s0f0_tx_queue_stopped:0
4.7.0-damn-strict:enp4s0f1_rx_packets_phy:383565.1
4.7.0-damn-strict:enp130s0f0_tx_bytes:0
4.7.0-damn-strict:enp130s0f1_tx_packets:9187.3
4.7.0-damn-strict:Total_rx_packets:101345.2
4.7.0-damn-strict:cpu_20:0.096
4.7.0-damn-strict:SKT1_l3hit:0.277
4.7.0-damn-strict:cpu_9:0.096
4.7.0-damn-strict:enp4s0f0_rx_packets_phy:0
4.7.0-damn-strict:Total_rx_packets_phy:680249.2
4.7.0-damn-strict:enp130s0f0_rx_packets_phy:0
4.7.0-damn-strict:Total_tx_bytes_phy:2451583.9
4.7.0-damn-strict:SKT1_l2miss:377900000
4.7.0-damn-strict:cpu_7:1.257
4.7.0-damn-strict:enp4s0f0_rx_bytes_phy:0
4.7.0-damn-strict:Total_rx_bytes_phy:6121525914.2
4.7.0-damn-strict:cpu_10:0.193
4.7.0-damn-strict:LLC-load-misses:180384925.1
4.7.0-damn-strict:cpu_23:0.097
4.7.0-damn-strict:enp130s0f1_tx_bytes_phy:644719.1
4.7.0-damn-strict:SKT0_l2miss:2707000
4.7.0-damn-strict:Total_tx_packets_phy:35034.5
4.7.0-damn-strict:enp130s0f0_tx_bytes_phy:0
4.7.0-damn-strict:SKT0_l3mpi:0
4.7.0-damn-strict:LLC-store-misses:661751.7
4.7.0-damn-strict:Read:4854.991
4.7.0-damn-strict:Memory:10940.899
4.7.0-damn-strict:enp130s0f0_tx_packets_phy:0
4.7.0-damn-strict:enp130s0f0_rx_bytes_phy:0
4.7.0-damn-strict:enp4s0f0_tx_packets_phy:0
4.7.0-damn-strict:TOTAL_ipc:0.23
4.7.0-damn-strict:SKT1_l2hit:0.31
4.7.0-damn-strict:TOTAL_l2mpi:0.1
4.7.0-damn-strict:TOTAL_l2miss:380600000
4.7.0-damn-strict:Total_tx_packets:34861.1
4.7.0-damn-strict:cpu_24:0.193
4.7.0-damn-strict:cpu_6:0
4.7.0-damn-strict:cpu_1:99.613
4.7.0-damn-strict:cycles:16452742330.6
4.7.0-damn-strict:SKT1_l3miss:272700000
4.7.0-damn-strict:enp4s0f0_tx_queue_stopped:0
4.7.0-damn-strict:Total_rx_bytes:6079230432.8
4.7.0-damn-strict:enp4s0f0_rx_bytes:0
4.7.0-damn-strict:SKT1_ipc:0.222
4.7.0-damn-strict:SKT1_l2mpi:0.106
4.7.0-damn-strict:enp130s0f0_rx_packets:0
4.7.0-damn-strict:cpu_12:0.096
4.7.0-damn-strict:cpu_5:1.456
4.7.0-damn-strict:SKT0_l2hit:0.161
4.7.0-damn-strict:enp130s0f0_tx_packets:0
4.7.0-damn-strict:cpu_total:3.679
4.7.0-damn-strict:cpu_14:0.193
4.7.0-damn-strict:Write:6085.908
4.7.0-damn-strict:SKT1_l3mpi:0.077
4.7.0-damn-strict:enp4s0f1_tx_bytes_phy:1806864.8
4.7.0-damn-strict:TOTAL_l3miss:273800000
4.7.0-damn-strict:instructions:3784976301.1
4.7.0-damn-strict:SKT0_l3hit:0.769
4.7.0-damn-strict:enp4s0f1_tx_bytes:1694503.8
4.7.0-damn-strict:cache-references:1203812883.5
4.7.0-damn-strict:cpu_27:2.812
4.7.0-damn-strict:enp130s0f0_rx_bytes:0
4.7.0-damn-strict:cpu_22:0.193
4.7.0-damn-strict:cpu_11:0.193
4.7.0-damn-strict:enp130s0f1_rx_packets_phy:296684.1
4.7.0-damn-strict:enp130s0f1_rx_packets:43047.5
4.7.0-damn-strict:enp4s0f1_rx_packets:58297.7
4.7.0-damn-strict:cpu_19:0
4.7.0-damn-strict:Total_tx_bytes:2300896.4
4.7.0-damn-strict:cpu_3:0.097
4.7.0-damn-strict:cpu_25:0.483
4.7.0-damn-strict:enp4s0f0_tx_bytes:0
4.7.0-damn-strict:16384:87380
4.7.0-damn-strict:cpu_2:0.192
4.7.0-damn-strict:TOTAL_l2hit:0.31
4.7.0-damn-strict:SKT0_l3miss:903400
4.7.0-damn-strict:LLC-store:418710675.3
4.7.0-damn-strict:cpu_0:0.289
4.7.0-damn-strict:TOTAL_l3mpi:0.07
4.7.0-defer:TOTAL_l3hit:0.183
4.7.0-defer:cpu_26:0
4.7.0-defer:cpu_17:1.844
4.7.0-defer:SKT0_l2mpi:0.02
4.7.0-defer:enp4s0f1_rx_packets_phy:370832.9
4.7.0-defer:enp130s0f0_tx_queue_stopped:0
4.7.0-defer:enp4s0f0_rx_packets:0
4.7.0-defer:enp130s0f0_tx_bytes:0
4.7.0-defer:enp130s0f1_tx_packets:7400.5
4.7.0-defer:enp4s0f0_tx_packets:0
4.7.0-defer:cpu_21:1.067
4.7.0-defer:cpu_4:0
4.7.0-defer:SKT1_l3hit:0.18
4.7.0-defer:cpu_20:0.194
4.7.0-defer:cpu_9:0.096
4.7.0-defer:Total_rx_packets:99253.5
4.7.0-defer:Total_rx_packets_phy:669230.7
4.7.0-defer:enp4s0f0_rx_packets_phy:0
4.7.0-defer:cpu_13:1.068
4.7.0-defer:enp130s0f1_tx_packets_phy:7414.4
4.7.0-defer:enp130s0f1_rx_bytes_phy:2686823515.4
4.7.0-defer:cache-misses:262842112
4.7.0-defer:Total_tx_queue_stopped:0
4.7.0-defer:enp130s0f1_tx_queue_stopped:0
4.7.0-defer:cpu_15:0
4.7.0-defer:enp4s0f1_rx_bytes_phy:3339230312.9
4.7.0-defer:enp4s0f1_tx_packets:23420.3
4.7.0-defer:enp130s0f1_rx_bytes:2666767450.6
4.7.0-defer:cpu_18:0.096
4.7.0-defer:cpu_16:0.194
4.7.0-defer:enp4s0f1_tx_queue_stopped:0
4.7.0-defer:enp4s0f0_tx_bytes_phy:0
4.7.0-defer:enp130s0f1_tx_bytes:494692.7
4.7.0-defer:LLC-load:340040727.6
4.7.0-defer:SKT0_ipc:0.408
4.7.0-defer:enp4s0f1_rx_bytes:3316752800.5
4.7.0-defer:cpu_8:0.096
4.7.0-defer:enp4s0f1_tx_packets_phy:23535.2
4.7.0-defer:Memory:10575.231
4.7.0-defer:Read:4652.585
4.7.0-defer:SKT0_l3mpi:0
4.7.0-defer:LLC-store-misses:1061719.4
4.7.0-defer:enp130s0f0_tx_packets_phy:0
4.7.0-defer:enp130s0f0_rx_bytes_phy:0
4.7.0-defer:TOTAL_ipc:0.277
4.7.0-defer:SKT1_l2hit:0.242
4.7.0-defer:enp4s0f0_tx_packets_phy:0
4.7.0-defer:Total_tx_packets:30820.8
4.7.0-defer:cpu_24:0.097
4.7.0-defer:TOTAL_l2mpi:0.07
4.7.0-defer:TOTAL_l2miss:322900000
4.7.0-defer:cpu_7:0.971
4.7.0-defer:enp130s0f0_rx_packets_phy:0
4.7.0-defer:SKT1_l2miss:321300000
4.7.0-defer:Total_tx_bytes_phy:2173127.2
4.7.0-defer:enp4s0f0_rx_bytes_phy:0
4.7.0-defer:Total_rx_bytes_phy:6026053828.3
4.7.0-defer:LLC-load-misses:178868538.1
4.7.0-defer:cpu_23:0
4.7.0-defer:cpu_10:0.193
4.7.0-defer:enp130s0f0_tx_bytes_phy:0
4.7.0-defer:enp130s0f1_tx_bytes_phy:525255.5
4.7.0-defer:SKT0_l2miss:1736100
4.7.0-defer:Total_tx_packets_phy:30949.6
4.7.0-defer:enp130s0f0_tx_packets:0
4.7.0-defer:cpu_total:3.555
4.7.0-defer:SKT0_l2hit:0.122
4.7.0-defer:cpu_14:0
4.7.0-defer:SKT1_l3mpi:0.06
4.7.0-defer:Write:5922.644
4.7.0-defer:enp4s0f1_tx_bytes_phy:1647871.7
4.7.0-defer:cache-references:1176668432.9
4.7.0-defer:TOTAL_l3miss:263600000
4.7.0-defer:instructions:4516303991
4.7.0-defer:SKT0_l3hit:0.849
4.7.0-defer:enp4s0f1_tx_bytes:1546783.7
4.7.0-defer:cpu_11:0.971
4.7.0-defer:cpu_22:0
4.7.0-defer:cpu_27:0.874
4.7.0-defer:enp130s0f0_rx_bytes:0
4.7.0-defer:cpu_6:0.096
4.7.0-defer:cpu_1:100
4.7.0-defer:enp4s0f0_rx_bytes:0
4.7.0-defer:SKT1_ipc:0.273
4.7.0-defer:SKT1_l3miss:263200000
4.7.0-defer:cycles:16395920789
4.7.0-defer:Total_rx_bytes:5983520251.1
4.7.0-defer:enp4s0f0_tx_queue_stopped:0
4.7.0-defer:SKT1_l2mpi:0.07
4.7.0-defer:enp130s0f0_rx_packets:0
4.7.0-defer:cpu_12:0.096
4.7.0-defer:cpu_5:0.096
4.7.0-defer:TOTAL_l2hit:0.242
4.7.0-defer:cpu_0:0.096
4.7.0-defer:SKT0_l3miss:261600
4.7.0-defer:LLC-store:407427033.3
4.7.0-defer:TOTAL_l3mpi:0.06
4.7.0-defer:enp130s0f1_rx_packets_phy:298397.8
4.7.0-defer:cpu_3:0.193
4.7.0-defer:cpu_25:1.933
4.7.0-defer:enp130s0f1_rx_packets:42995.1
4.7.0-defer:Total_tx_bytes:2041476.4
4.7.0-defer:enp4s0f1_rx_packets:56258.4
4.7.0-defer:cpu_19:0.484
4.7.0-defer:16384:87380
4.7.0-defer:cpu_2:0
4.7.0-defer:enp4s0f0_tx_bytes:0
4.7.0-strict:LLC-store-misses:1150611.5
4.7.0-strict:SKT0_l3mpi:0
4.7.0-strict:Memory:9816.225
4.7.0-strict:Read:4251.446
4.7.0-strict:enp130s0f0_rx_bytes_phy:0
4.7.0-strict:enp130s0f0_tx_packets_phy:0
4.7.0-strict:enp4s0f0_tx_packets_phy:0
4.7.0-strict:SKT1_l2hit:0.252
4.7.0-strict:TOTAL_ipc:0.271
4.7.0-strict:TOTAL_l2miss:294200000
4.7.0-strict:TOTAL_l2mpi:0.068
4.7.0-strict:cpu_24:0.097
4.7.0-strict:Total_tx_packets:29172
4.7.0-strict:Total_tx_bytes_phy:2117538.7
4.7.0-strict:SKT1_l2miss:292000000
4.7.0-strict:enp130s0f0_rx_packets_phy:0
4.7.0-strict:cpu_7:1.456
4.7.0-strict:Total_rx_bytes_phy:5618334982.6
4.7.0-strict:enp4s0f0_rx_bytes_phy:0
4.7.0-strict:cpu_10:0
4.7.0-strict:cpu_23:0
4.7.0-strict:LLC-load-misses:165036913
4.7.0-strict:Total_tx_packets_phy:30170.7
4.7.0-strict:enp130s0f1_tx_bytes_phy:550094.1
4.7.0-strict:SKT0_l2miss:2097500
4.7.0-strict:enp130s0f0_tx_bytes_phy:0
4.7.0-strict:cpu_17:1.359
4.7.0-strict:SKT0_l2mpi:0.019
4.7.0-strict:cpu_26:0
4.7.0-strict:TOTAL_l3hit:0.177
4.7.0-strict:cpu_21:0
4.7.0-strict:enp4s0f0_tx_packets:0
4.7.0-strict:cpu_4:0.291
4.7.0-strict:enp130s0f0_tx_bytes:0
4.7.0-strict:enp130s0f1_tx_packets:7789.2
4.7.0-strict:enp4s0f1_rx_packets_phy:331585.2
4.7.0-strict:enp4s0f0_rx_packets:0
4.7.0-strict:enp130s0f0_tx_queue_stopped:0
4.7.0-strict:Total_rx_packets:94201.4
4.7.0-strict:cpu_9:1.456
4.7.0-strict:cpu_20:0
4.7.0-strict:SKT1_l3hit:0.172
4.7.0-strict:enp4s0f0_rx_packets_phy:0
4.7.0-strict:Total_rx_packets_phy:623981.4
4.7.0-strict:cache-misses:242553970.7
4.7.0-strict:enp130s0f1_rx_bytes_phy:2633819353.9
4.7.0-strict:enp130s0f1_tx_packets_phy:7779.2
4.7.0-strict:cpu_13:2.037
4.7.0-strict:enp4s0f1_tx_packets:21382.8
4.7.0-strict:enp4s0f1_rx_bytes_phy:2984515628.7
4.7.0-strict:cpu_15:2.912
4.7.0-strict:Total_tx_queue_stopped:0
4.7.0-strict:enp130s0f1_tx_queue_stopped:0
4.7.0-strict:enp4s0f0_tx_bytes_phy:0
4.7.0-strict:enp4s0f1_tx_queue_stopped:0
4.7.0-strict:cpu_16:0
4.7.0-strict:cpu_18:0
4.7.0-strict:enp130s0f1_rx_bytes:2617265686.2
4.7.0-strict:enp4s0f1_tx_packets_phy:22391.5
4.7.0-strict:enp4s0f1_rx_bytes:2964327918.2
4.7.0-strict:cpu_8:1.068
4.7.0-strict:LLC-load:309090695.6
4.7.0-strict:SKT0_ipc:0.407
4.7.0-strict:enp130s0f1_tx_bytes:519623.3
4.7.0-strict:TOTAL_l2hit:0.252
4.7.0-strict:LLC-store:375794729.8
4.7.0-strict:SKT0_l3miss:498100
4.7.0-strict:cpu_0:0.097
4.7.0-strict:TOTAL_l3mpi:0.057
4.7.0-strict:enp130s0f1_rx_packets_phy:292396.2
4.7.0-strict:Total_tx_bytes:1936946.5
4.7.0-strict:cpu_19:0.097
4.7.0-strict:enp4s0f1_rx_packets:52090.5
4.7.0-strict:enp130s0f1_rx_packets:42110.9
4.7.0-strict:cpu_25:0
4.7.0-strict:cpu_3:1.359
4.7.0-strict:enp4s0f0_tx_bytes:0
4.7.0-strict:cpu_2:0
4.7.0-strict:16384:87380
4.7.0-strict:SKT0_l2hit:0.146
4.7.0-strict:cpu_total:3.778
4.7.0-strict:enp130s0f0_tx_packets:0
4.7.0-strict:SKT1_l3mpi:0.06
4.7.0-strict:Write:5564.78
4.7.0-strict:enp4s0f1_tx_bytes_phy:1567444.6
4.7.0-strict:cpu_14:0
4.7.0-strict:instructions:4358893634.2
4.7.0-strict:TOTAL_l3miss:242200000
4.7.0-strict:SKT0_l3hit:0.816
4.7.0-strict:enp4s0f1_tx_bytes:1417323.2
4.7.0-strict:cache-references:1087220805
4.7.0-strict:enp130s0f0_rx_bytes:0
4.7.0-strict:cpu_27:1.262
4.7.0-strict:cpu_11:1.553
4.7.0-strict:cpu_22:0
4.7.0-strict:cpu_1:100
4.7.0-strict:cpu_6:0
4.7.0-strict:enp4s0f0_tx_queue_stopped:0
4.7.0-strict:Total_rx_bytes:5581593604.4
4.7.0-strict:cycles:16188190222.1
4.7.0-strict:SKT1_l3miss:241600000
4.7.0-strict:SKT1_ipc:0.266
4.7.0-strict:enp4s0f0_rx_bytes:0
4.7.0-strict:cpu_12:0.097
4.7.0-strict:SKT1_l2mpi:0.071
4.7.0-strict:enp130s0f0_rx_packets:0
4.7.0-strict:cpu_5:2.718
4.7.0-unsafe:16384:87380
4.7.0-unsafe:cpu_2:0
4.7.0-unsafe:enp4s0f0_tx_bytes:0
4.7.0-unsafe:enp130s0f1_rx_packets_phy:305257.2
4.7.0-unsafe:cpu_3:1.165
4.7.0-unsafe:cpu_25:1.554
4.7.0-unsafe:enp130s0f1_rx_packets:43959.3
4.7.0-unsafe:enp4s0f1_rx_packets:60093.9
4.7.0-unsafe:Total_tx_bytes:2275778.1
4.7.0-unsafe:cpu_19:0.583
4.7.0-unsafe:TOTAL_l3mpi:0.078
4.7.0-unsafe:TOTAL_l2hit:0.235
4.7.0-unsafe:cpu_0:0.194
4.7.0-unsafe:SKT0_l3miss:281500
4.7.0-unsafe:LLC-store:418153742.7
4.7.0-unsafe:SKT1_l2mpi:0.096
4.7.0-unsafe:enp130s0f0_rx_packets:0
4.7.0-unsafe:cpu_12:0
4.7.0-unsafe:cpu_5:0
4.7.0-unsafe:cpu_6:0
4.7.0-unsafe:cpu_1:99.806
4.7.0-unsafe:enp4s0f0_rx_bytes:0
4.7.0-unsafe:SKT1_ipc:0.216
4.7.0-unsafe:SKT1_l3miss:274700000
4.7.0-unsafe:cycles:16158252674
4.7.0-unsafe:Total_rx_bytes:6158971137.2
4.7.0-unsafe:enp4s0f0_tx_queue_stopped:0
4.7.0-unsafe:cache-references:1201152377.6
4.7.0-unsafe:TOTAL_l3miss:275100000
4.7.0-unsafe:SKT0_l3hit:0.847
4.7.0-unsafe:instructions:3528531461.8
4.7.0-unsafe:enp4s0f1_tx_bytes:1810325.3
4.7.0-unsafe:cpu_22:0.097
4.7.0-unsafe:cpu_11:0
4.7.0-unsafe:cpu_27:1.457
4.7.0-unsafe:enp130s0f0_rx_bytes:0
4.7.0-unsafe:enp130s0f0_tx_packets:0
4.7.0-unsafe:cpu_total:3.474
4.7.0-unsafe:SKT0_l2hit:0.126
4.7.0-unsafe:cpu_14:0
4.7.0-unsafe:enp4s0f1_tx_bytes_phy:1928442.9
4.7.0-unsafe:SKT1_l3mpi:0.08
4.7.0-unsafe:Write:6102.039
4.7.0-unsafe:LLC-load-misses:186330134.7
4.7.0-unsafe:cpu_23:0
4.7.0-unsafe:cpu_10:0
4.7.0-unsafe:enp130s0f0_tx_bytes_phy:0
4.7.0-unsafe:enp130s0f1_tx_bytes_phy:494634.5
4.7.0-unsafe:SKT0_l2miss:1820800
4.7.0-unsafe:Total_tx_packets_phy:34452.9
4.7.0-unsafe:cpu_7:0
4.7.0-unsafe:enp130s0f0_rx_packets_phy:0
4.7.0-unsafe:SKT1_l2miss:331400000
4.7.0-unsafe:Total_tx_bytes_phy:2423077.4
4.7.0-unsafe:enp4s0f0_rx_bytes_phy:0
4.7.0-unsafe:Total_rx_bytes_phy:6203048171.2
4.7.0-unsafe:TOTAL_ipc:0.218
4.7.0-unsafe:SKT1_l2hit:0.235
4.7.0-unsafe:enp4s0f0_tx_packets_phy:0
4.7.0-unsafe:Total_tx_packets:34298.7
4.7.0-unsafe:cpu_24:0.291
4.7.0-unsafe:TOTAL_l2mpi:0.094
4.7.0-unsafe:TOTAL_l2miss:333100000
4.7.0-unsafe:Read:4782.689
4.7.0-unsafe:Memory:10884.729
4.7.0-unsafe:SKT0_l3mpi:0
4.7.0-unsafe:LLC-store-misses:1061754.6
4.7.0-unsafe:enp130s0f0_tx_packets_phy:0
4.7.0-unsafe:enp130s0f0_rx_bytes_phy:0
4.7.0-unsafe:enp130s0f1_rx_bytes:2728512644.5
4.7.0-unsafe:cpu_18:0.097
4.7.0-unsafe:cpu_16:0.194
4.7.0-unsafe:enp4s0f1_tx_queue_stopped:0
4.7.0-unsafe:enp4s0f0_tx_bytes_phy:0
4.7.0-unsafe:enp130s0f1_tx_bytes:465452.8
4.7.0-unsafe:SKT0_ipc:0.38
4.7.0-unsafe:LLC-load:348532097.8
4.7.0-unsafe:cpu_8:0
4.7.0-unsafe:enp4s0f1_tx_packets_phy:27472.4
4.7.0-unsafe:enp4s0f1_rx_bytes:3430458492.7
4.7.0-unsafe:cpu_13:0
4.7.0-unsafe:enp130s0f1_tx_packets_phy:6980.5
4.7.0-unsafe:enp130s0f1_rx_bytes_phy:2749051735.7
4.7.0-unsafe:cache-misses:276229843.1
4.7.0-unsafe:enp130s0f1_tx_queue_stopped:0
4.7.0-unsafe:Total_tx_queue_stopped:0
4.7.0-unsafe:cpu_15:0
4.7.0-unsafe:enp4s0f1_rx_bytes_phy:3453996435.5
4.7.0-unsafe:enp4s0f1_tx_packets:27336.7
4.7.0-unsafe:SKT1_l3hit:0.171
4.7.0-unsafe:cpu_20:0
4.7.0-unsafe:cpu_9:0.583
4.7.0-unsafe:Total_rx_packets:104053.2
4.7.0-unsafe:Total_rx_packets_phy:688651
4.7.0-unsafe:enp4s0f0_rx_packets_phy:0
4.7.0-unsafe:TOTAL_l3hit:0.173
4.7.0-unsafe:cpu_26:0
4.7.0-unsafe:SKT0_l2mpi:0.02
4.7.0-unsafe:cpu_17:0.485
4.7.0-unsafe:enp130s0f0_tx_queue_stopped:0
4.7.0-unsafe:enp4s0f1_rx_packets_phy:383393.8
4.7.0-unsafe:enp4s0f0_rx_packets:0
4.7.0-unsafe:enp130s0f1_tx_packets:6962
4.7.0-unsafe:enp130s0f0_tx_bytes:0
4.7.0-unsafe:cpu_21:1.166
4.7.0-unsafe:enp4s0f0_tx_packets:0
4.7.0-unsafe:cpu_4:0
