4.7.0-copy-plus-hp-strict:enp130s0f0_rx_packets_phy:0
4.7.0-copy-plus-hp-strict:enp4s0f0_rx_bytes:0
4.7.0-copy-plus-hp-strict:cpu_25:0
4.7.0-copy-plus-hp-strict:TOTAL_l3miss:210000000
4.7.0-copy-plus-hp-strict:enp4s0f0_tx_bytes_phy:0
4.7.0-copy-plus-hp-strict:cpu_16:0
4.7.0-copy-plus-hp-strict:cpu_20:0
4.7.0-copy-plus-hp-strict:SKT0_ipc:0.16
4.7.0-copy-plus-hp-strict:cpu_2:0
4.7.0-copy-plus-hp-strict:cpu_22:0
4.7.0-copy-plus-hp-strict:cpu_18:0
4.7.0-copy-plus-hp-strict:enp130s0f1_rx_packets:46576
4.7.0-copy-plus-hp-strict:SKT1_ipc:0.12
4.7.0-copy-plus-hp-strict:cpu_13:60.19
4.7.0-copy-plus-hp-strict:SKT1_l2mpi:0.13
4.7.0-copy-plus-hp-strict:enp130s0f0_tx_bytes_phy:0
4.7.0-copy-plus-hp-strict:Memory:12796.26
4.7.0-copy-plus-hp-strict:cpu_6:0
4.7.0-copy-plus-hp-strict:Total_rx_bytes_phy:5386999998
4.7.0-copy-plus-hp-strict:enp130s0f0_tx_packets:0
4.7.0-copy-plus-hp-strict:enp4s0f1_rx_bytes:2480780805
4.7.0-copy-plus-hp-strict:cpu_26:0
4.7.0-copy-plus-hp-strict:TOTAL_l2mpi:0.12
4.7.0-copy-plus-hp-strict:SKT0_l2mpi:0.07
4.7.0-copy-plus-hp-strict:cpu_9:0
4.7.0-copy-plus-hp-strict:cpu_11:0
4.7.0-copy-plus-hp-strict:cpu_27:0
4.7.0-copy-plus-hp-strict:SKT0_l2miss:31000000
4.7.0-copy-plus-hp-strict:enp130s0f0_tx_packets_phy:0
4.7.0-copy-plus-hp-strict:enp4s0f0_tx_bytes:0
4.7.0-copy-plus-hp-strict:SKT0_l3mpi:0.02
4.7.0-copy-plus-hp-strict:cpu_0:0
4.7.0-copy-plus-hp-strict:enp130s0f0_rx_bytes:0
4.7.0-copy-plus-hp-strict:enp4s0f0_tx_packets_phy:0
4.7.0-copy-plus-hp-strict:cpu_total:6.73
4.7.0-copy-plus-hp-strict:Read:3723.82
4.7.0-copy-plus-hp-strict:enp4s0f1_rx_packets_phy:277068
4.7.0-copy-plus-hp-strict:enp4s0f0_rx_bytes_phy:0
4.7.0-copy-plus-hp-strict:cpu_23:0
4.7.0-copy-plus-hp-strict:TOTAL_l2miss:370000000
4.7.0-copy-plus-hp-strict:enp4s0f0_tx_queue_stopped:0
4.7.0-copy-plus-hp-strict:cycles:25805002214
4.7.0-copy-plus-hp-strict:Total_rx_bytes:5346088813
4.7.0-copy-plus-hp-strict:enp4s0f1_tx_bytes_phy:1449355
4.7.0-copy-plus-hp-strict:enp4s0f0_rx_packets_phy:0
4.7.0-copy-plus-hp-strict:enp130s0f0_tx_bytes:0
4.7.0-copy-plus-hp-strict:cpu_4:0
4.7.0-copy-plus-hp-strict:enp130s0f1_rx_bytes:2865308008
4.7.0-copy-plus-hp-strict:instructions:3154751297
4.7.0-copy-plus-hp-strict:cpu_7:0
4.7.0-copy-plus-hp-strict:TOTAL_ipc:0.12
4.7.0-copy-plus-hp-strict:cpu_12:0
4.7.0-copy-plus-hp-strict:Total_tx_bytes_phy:3426718
4.7.0-copy-plus-hp-strict:TOTAL_l2hit:0.52
4.7.0-copy-plus-hp-strict:enp130s0f1_tx_bytes_phy:1977363
4.7.0-copy-plus-hp-strict:cpu_15:0
4.7.0-copy-plus-hp-strict:LLC-store:792369751
4.7.0-copy-plus-hp-strict:SKT1_l3mpi:0.08
4.7.0-copy-plus-hp-strict:Write:9072.44
4.7.0-copy-plus-hp-strict:16384:87380
4.7.0-copy-plus-hp-strict:enp4s0f0_rx_packets:0
4.7.0-copy-plus-hp-strict:cache-references:1946971866
4.7.0-copy-plus-hp-strict:LLC-load-misses:101763374
4.7.0-copy-plus-hp-strict:enp4s0f1_tx_bytes:1365923
4.7.0-copy-plus-hp-strict:cpu_19:0
4.7.0-copy-plus-hp-strict:enp4s0f0_tx_packets:0
4.7.0-copy-plus-hp-strict:cpu_14:0
4.7.0-copy-plus-hp-strict:enp4s0f1_tx_packets_phy:20531
4.7.0-copy-plus-hp-strict:Total_tx_queue_stopped:0
4.7.0-copy-plus-hp-strict:enp130s0f0_rx_packets:0
4.7.0-copy-plus-hp-strict:SKT1_l3hit:0.4
4.7.0-copy-plus-hp-strict:Total_tx_packets_phy:48056
4.7.0-copy-plus-hp-strict:Total_rx_packets_phy:598062
4.7.0-copy-plus-hp-strict:cpu_21:0
4.7.0-copy-plus-hp-strict:TOTAL_l3mpi:0.07
4.7.0-copy-plus-hp-strict:cpu_1:100
4.7.0-copy-plus-hp-strict:SKT0_l3hit:0.75
4.7.0-copy-plus-hp-strict:enp4s0f1_rx_packets:42461
4.7.0-copy-plus-hp-strict:enp4s0f1_rx_bytes_phy:2497226731
4.7.0-copy-plus-hp-strict:cpu_17:0
4.7.0-copy-plus-hp-strict:enp4s0f1_tx_packets:20512
4.7.0-copy-plus-hp-strict:cpu_24:0
4.7.0-copy-plus-hp-strict:SKT0_l3miss:7629000
4.7.0-copy-plus-hp-strict:cpu_5:0
4.7.0-copy-plus-hp-strict:enp130s0f1_rx_bytes_phy:2889773267
4.7.0-copy-plus-hp-strict:enp130s0f0_tx_queue_stopped:0
4.7.0-copy-plus-hp-strict:LLC-load:407282767
4.7.0-copy-plus-hp-strict:enp130s0f1_tx_queue_stopped:0
4.7.0-copy-plus-hp-strict:enp130s0f1_tx_packets:27436
4.7.0-copy-plus-hp-strict:Total_tx_bytes:3226892
4.7.0-copy-plus-hp-strict:enp130s0f1_tx_packets_phy:27525
4.7.0-copy-plus-hp-strict:enp130s0f1_rx_packets_phy:320994
4.7.0-copy-plus-hp-strict:cpu_8:0
4.7.0-copy-plus-hp-strict:enp130s0f0_rx_bytes_phy:0
4.7.0-copy-plus-hp-strict:Total_tx_packets:47948
4.7.0-copy-plus-hp-strict:SKT1_l3miss:203000000
4.7.0-copy-plus-hp-strict:cpu_3:0
4.7.0-copy-plus-hp-strict:TOTAL_l3hit:0.43
4.7.0-copy-plus-hp-strict:cache-misses:215379931
4.7.0-copy-plus-hp-strict:cpu_10:37.86
4.7.0-copy-plus-hp-strict:SKT1_l2miss:339000000
4.7.0-copy-plus-hp-strict:enp130s0f1_tx_bytes:1860969
4.7.0-copy-plus-hp-strict:SKT1_l2hit:0.47
4.7.0-copy-plus-hp-strict:enp4s0f1_tx_queue_stopped:0
4.7.0-copy-plus-hp-strict:LLC-store-misses:28780076
4.7.0-copy-plus-hp-strict:Total_rx_packets:89037
4.7.0-copy-plus-hp-strict:SKT0_l2hit:0.76
4.7.0-damn-strict:TOTAL_l2hit:0.3
4.7.0-damn-strict:Total_tx_bytes_phy:2881283
4.7.0-damn-strict:enp130s0f1_tx_bytes_phy:1046955
4.7.0-damn-strict:enp130s0f1_rx_bytes:2350229017
4.7.0-damn-strict:instructions:3468694167
4.7.0-damn-strict:cpu_7:0
4.7.0-damn-strict:cpu_12:0
4.7.0-damn-strict:TOTAL_ipc:0.21
4.7.0-damn-strict:enp130s0f0_tx_bytes:0
4.7.0-damn-strict:cpu_4:0
4.7.0-damn-strict:enp4s0f0_rx_packets_phy:0
4.7.0-damn-strict:enp4s0f1_tx_bytes_phy:1834328
4.7.0-damn-strict:TOTAL_l2miss:387000000
4.7.0-damn-strict:cycles:16287196627
4.7.0-damn-strict:enp4s0f0_tx_queue_stopped:0
4.7.0-damn-strict:Total_rx_bytes:5815268667
4.7.0-damn-strict:enp4s0f1_rx_packets_phy:387772
4.7.0-damn-strict:enp4s0f0_rx_bytes_phy:0
4.7.0-damn-strict:cpu_23:0
4.7.0-damn-strict:cpu_total:3.16
4.7.0-damn-strict:Read:4895.15
4.7.0-damn-strict:enp4s0f0_tx_packets_phy:0
4.7.0-damn-strict:enp130s0f0_rx_bytes:0
4.7.0-damn-strict:cpu_0:0
4.7.0-damn-strict:SKT0_l3mpi:0
4.7.0-damn-strict:enp130s0f0_tx_packets_phy:0
4.7.0-damn-strict:enp4s0f0_tx_bytes:0
4.7.0-damn-strict:SKT0_l2miss:1867000
4.7.0-damn-strict:cpu_27:0
4.7.0-damn-strict:cpu_11:0
4.7.0-damn-strict:cpu_26:0
4.7.0-damn-strict:SKT0_l2mpi:0.02
4.7.0-damn-strict:TOTAL_l2mpi:0.11
4.7.0-damn-strict:cpu_9:0
4.7.0-damn-strict:Memory:10718.89
4.7.0-damn-strict:cpu_6:0
4.7.0-damn-strict:Total_rx_bytes_phy:5860348946
4.7.0-damn-strict:enp4s0f1_rx_bytes:3465039650
4.7.0-damn-strict:enp130s0f0_tx_packets:0
4.7.0-damn-strict:enp130s0f0_tx_bytes_phy:0
4.7.0-damn-strict:SKT1_l2mpi:0.11
4.7.0-damn-strict:cpu_13:0
4.7.0-damn-strict:SKT1_ipc:0.21
4.7.0-damn-strict:enp130s0f1_rx_packets:38944
4.7.0-damn-strict:cpu_2:0
4.7.0-damn-strict:cpu_22:0
4.7.0-damn-strict:cpu_18:0
4.7.0-damn-strict:SKT0_ipc:0.43
4.7.0-damn-strict:cpu_16:0
4.7.0-damn-strict:cpu_20:0
4.7.0-damn-strict:cpu_25:0
4.7.0-damn-strict:enp4s0f0_tx_bytes_phy:0
4.7.0-damn-strict:TOTAL_l3miss:273000000
4.7.0-damn-strict:enp130s0f0_rx_packets_phy:0
4.7.0-damn-strict:enp4s0f0_rx_bytes:0
4.7.0-damn-strict:SKT0_l2hit:0.14
4.7.0-damn-strict:Total_rx_packets:97519
4.7.0-damn-strict:LLC-store-misses:487371
4.7.0-damn-strict:enp4s0f1_tx_queue_stopped:0
4.7.0-damn-strict:SKT1_l2hit:0.3
4.7.0-damn-strict:enp130s0f1_tx_bytes:986812
4.7.0-damn-strict:cpu_10:0
4.7.0-damn-strict:SKT1_l2miss:385000000
4.7.0-damn-strict:cache-misses:277147954
4.7.0-damn-strict:TOTAL_l3hit:0.29
4.7.0-damn-strict:enp130s0f0_rx_bytes_phy:0
4.7.0-damn-strict:SKT1_l3miss:273000000
4.7.0-damn-strict:cpu_3:0
4.7.0-damn-strict:Total_tx_packets:41148
4.7.0-damn-strict:cpu_8:0
4.7.0-damn-strict:enp130s0f1_rx_packets_phy:264352
4.7.0-damn-strict:Total_tx_bytes:2715814
4.7.0-damn-strict:enp130s0f1_tx_packets:14951
4.7.0-damn-strict:enp130s0f1_tx_packets_phy:14956
4.7.0-damn-strict:enp130s0f1_tx_queue_stopped:0
4.7.0-damn-strict:enp130s0f0_tx_queue_stopped:0
4.7.0-damn-strict:LLC-load:348808690
4.7.0-damn-strict:SKT0_l3miss:266000
4.7.0-damn-strict:cpu_24:0
4.7.0-damn-strict:enp130s0f1_rx_bytes_phy:2369319148
4.7.0-damn-strict:cpu_5:0
4.7.0-damn-strict:enp4s0f1_rx_bytes_phy:3491029798
4.7.0-damn-strict:enp4s0f1_tx_packets:26197
4.7.0-damn-strict:cpu_17:0
4.7.0-damn-strict:SKT0_l3hit:0.86
4.7.0-damn-strict:cpu_1:100
4.7.0-damn-strict:enp4s0f1_rx_packets:58575
4.7.0-damn-strict:TOTAL_l3mpi:0.08
4.7.0-damn-strict:cpu_21:0
4.7.0-damn-strict:Total_rx_packets_phy:652124
4.7.0-damn-strict:Total_tx_queue_stopped:0
4.7.0-damn-strict:SKT1_l3hit:0.29
4.7.0-damn-strict:enp130s0f0_rx_packets:0
4.7.0-damn-strict:Total_tx_packets_phy:41159
4.7.0-damn-strict:enp4s0f1_tx_packets_phy:26203
4.7.0-damn-strict:cpu_14:0
4.7.0-damn-strict:enp4s0f1_tx_bytes:1729002
4.7.0-damn-strict:cpu_19:0
4.7.0-damn-strict:enp4s0f0_tx_packets:0
4.7.0-damn-strict:LLC-load-misses:184036564
4.7.0-damn-strict:cache-references:1204519131
4.7.0-damn-strict:enp4s0f0_rx_packets:0
4.7.0-damn-strict:SKT1_l3mpi:0.08
4.7.0-damn-strict:Write:5823.74
4.7.0-damn-strict:16384:87380
4.7.0-damn-strict:cpu_15:0
4.7.0-damn-strict:LLC-store:419169507
4.7.0-unsafe:cpu_13:0
4.7.0-unsafe:SKT1_ipc:0.21
4.7.0-unsafe:enp130s0f1_rx_packets:47201
4.7.0-unsafe:cpu_18:0
4.7.0-unsafe:cpu_2:0
4.7.0-unsafe:cpu_22:0
4.7.0-unsafe:SKT0_l2mpi:0.02
4.7.0-unsafe:TOTAL_l2mpi:0.1
4.7.0-unsafe:cpu_9:0
4.7.0-unsafe:cpu_26:0
4.7.0-unsafe:enp130s0f0_tx_packets:0
4.7.0-unsafe:Total_rx_bytes_phy:6583117306
4.7.0-unsafe:enp4s0f1_rx_bytes:3592044041
4.7.0-unsafe:Memory:11003.76
4.7.0-unsafe:cpu_6:0
4.7.0-unsafe:enp130s0f0_tx_bytes_phy:0
4.7.0-unsafe:SKT1_l2mpi:0.1
4.7.0-unsafe:enp4s0f0_rx_bytes:0
4.7.0-unsafe:enp130s0f0_rx_packets_phy:0
4.7.0-unsafe:SKT0_ipc:0.37
4.7.0-unsafe:cpu_20:0
4.7.0-unsafe:cpu_16:0
4.7.0-unsafe:TOTAL_l3miss:278000000
4.7.0-unsafe:enp4s0f0_tx_bytes_phy:0
4.7.0-unsafe:cpu_25:0
4.7.0-unsafe:enp4s0f0_rx_packets_phy:0
4.7.0-unsafe:enp4s0f1_tx_bytes_phy:1735087
4.7.0-unsafe:cycles:16636273618
4.7.0-unsafe:enp4s0f0_tx_queue_stopped:0
4.7.0-unsafe:Total_rx_bytes:6532818916
4.7.0-unsafe:TOTAL_l2miss:338000000
4.7.0-unsafe:cpu_23:0
4.7.0-unsafe:enp4s0f1_rx_packets_phy:401456
4.7.0-unsafe:enp4s0f0_rx_bytes_phy:0
4.7.0-unsafe:TOTAL_l2hit:0.24
4.7.0-unsafe:Total_tx_bytes_phy:2977121
4.7.0-unsafe:enp130s0f1_tx_bytes_phy:1242034
4.7.0-unsafe:TOTAL_ipc:0.22
4.7.0-unsafe:cpu_12:0
4.7.0-unsafe:instructions:3535368682
4.7.0-unsafe:enp130s0f1_rx_bytes:2940774875
4.7.0-unsafe:cpu_7:0
4.7.0-unsafe:enp130s0f0_tx_bytes:0
4.7.0-unsafe:cpu_4:0
4.7.0-unsafe:SKT0_l3mpi:0
4.7.0-unsafe:enp4s0f0_tx_bytes:0
4.7.0-unsafe:enp130s0f0_tx_packets_phy:0
4.7.0-unsafe:SKT0_l2miss:1654000
4.7.0-unsafe:cpu_11:0
4.7.0-unsafe:cpu_27:0
4.7.0-unsafe:cpu_total:3.4
4.7.0-unsafe:Read:4731.42
4.7.0-unsafe:enp4s0f0_tx_packets_phy:0
4.7.0-unsafe:enp130s0f0_rx_bytes:0
4.7.0-unsafe:cpu_0:0
4.7.0-unsafe:cpu_21:0
4.7.0-unsafe:TOTAL_l3mpi:0.08
4.7.0-unsafe:Total_rx_packets_phy:730635
4.7.0-unsafe:Total_tx_packets_phy:42500
4.7.0-unsafe:SKT1_l3hit:0.17
4.7.0-unsafe:enp130s0f0_rx_packets:0
4.7.0-unsafe:Total_tx_queue_stopped:0
4.7.0-unsafe:enp4s0f1_tx_packets:24769
4.7.0-unsafe:cpu_17:0
4.7.0-unsafe:enp4s0f1_rx_bytes_phy:3617120469
4.7.0-unsafe:enp4s0f1_rx_packets:60696
4.7.0-unsafe:SKT0_l3hit:0.84
4.7.0-unsafe:cpu_1:100
4.7.0-unsafe:cache-references:1248266359
4.7.0-unsafe:LLC-load-misses:183960392
4.7.0-unsafe:enp4s0f0_rx_packets:0
4.7.0-unsafe:Write:6272.34
4.7.0-unsafe:16384:87380
4.7.0-unsafe:SKT1_l3mpi:0.08
4.7.0-unsafe:LLC-store:442462604
4.7.0-unsafe:cpu_15:0
4.7.0-unsafe:enp4s0f1_tx_packets_phy:24781
4.7.0-unsafe:cpu_14:0
4.7.0-unsafe:cpu_19:0
4.7.0-unsafe:enp4s0f0_tx_packets:0
4.7.0-unsafe:enp4s0f1_tx_bytes:1635200
4.7.0-unsafe:SKT1_l2miss:337000000
4.7.0-unsafe:cpu_10:0
4.7.0-unsafe:cache-misses:272173191
4.7.0-unsafe:TOTAL_l3hit:0.18
4.7.0-unsafe:SKT0_l2hit:0.12
4.7.0-unsafe:enp4s0f1_tx_queue_stopped:0
4.7.0-unsafe:LLC-store-misses:986273
4.7.0-unsafe:Total_rx_packets:107897
4.7.0-unsafe:enp130s0f1_tx_bytes:1168554
4.7.0-unsafe:SKT1_l2hit:0.24
4.7.0-unsafe:enp130s0f1_tx_packets_phy:17719
4.7.0-unsafe:Total_tx_bytes:2803754
4.7.0-unsafe:enp130s0f1_tx_packets:17679
4.7.0-unsafe:enp130s0f1_tx_queue_stopped:0
4.7.0-unsafe:LLC-load:354518036
4.7.0-unsafe:enp130s0f0_tx_queue_stopped:0
4.7.0-unsafe:cpu_5:0
4.7.0-unsafe:enp130s0f1_rx_bytes_phy:2965996837
4.7.0-unsafe:SKT0_l3miss:268000
4.7.0-unsafe:cpu_24:0
4.7.0-unsafe:SKT1_l3miss:278000000
4.7.0-unsafe:Total_tx_packets:42448
4.7.0-unsafe:cpu_3:8.74
4.7.0-unsafe:enp130s0f0_rx_bytes_phy:0
4.7.0-unsafe:cpu_8:0
4.7.0-unsafe:enp130s0f1_rx_packets_phy:329179
