4.7.0-damn-strict:enp4s0f0_tx_packets:0
4.7.0-damn-strict:cpu_15:32.35
4.7.0-damn-strict:TOTAL_l3mpi:0.03
4.7.0-damn-strict:cpu_22:43.1366666666667
4.7.0-damn-strict:cpu_20:33.66
4.7.0-damn-strict:LLC-store:1705029488.66667
4.7.0-damn-strict:enp4s0f1_rx_bytes:0
4.7.0-damn-strict:enp130s0f1_rx_packets:452638
4.7.0-damn-strict:SKT1_l2hit:0.336666666666667
4.7.0-damn-strict:Total_rx_bytes:10105692885
4.7.0-damn-strict:cpu_total:35.29
4.7.0-damn-strict:cpu_6:35.9466666666667
4.7.0-damn-strict:cpu_17:38.2366666666667
4.7.0-damn-strict:SKT0_l3mpi:0.04
4.7.0-damn-strict:enp4s0f0_rx_packets:0
4.7.0-damn-strict:enp130s0f0_rx_packets:456093.333333333
4.7.0-damn-strict:cpu_2:42.1566666666667
4.7.0-damn-strict:Total_rx_packets:908731.333333333
4.7.0-damn-strict:TOTAL_l2hit:0.303333333333333
4.7.0-damn-strict:cpu_1:34.6366666666667
4.7.0-damn-strict:SKT0_l3hit:0.17
4.7.0-damn-strict:Total_tx_bytes_phy:10354313562.6667
4.7.0-damn-strict:cpu_9:38.89
4.7.0-damn-strict:cpu_12:40.2
4.7.0-damn-strict:LLC-load-misses:622044629.333333
4.7.0-damn-strict:enp4s0f1_tx_packets_phy:0
4.7.0-damn-strict:TOTAL_l2miss:1743666666.66667
4.7.0-damn-strict:Total_rx_bytes_phy:10143474050.3333
4.7.0-damn-strict:16384:87380
4.7.0-damn-strict:cpu_16:34.6366666666667
4.7.0-damn-strict:cpu_27:32.0233333333333
4.7.0-damn-strict:SKT1_l3miss:609666666.666667
4.7.0-damn-strict:cpu_18:32.68
4.7.0-damn-strict:enp4s0f0_tx_bytes_phy:0
4.7.0-damn-strict:cpu_25:28.1033333333333
4.7.0-damn-strict:SKT0_l3miss:779000000
4.7.0-damn-strict:SKT1_l2mpi:0.03
4.7.0-damn-strict:Write:22143.34
4.7.0-damn-strict:cpu_19:33.66
4.7.0-damn-strict:TOTAL_l3miss:1389000000
4.7.0-damn-strict:SKT0_l2miss:939000000
4.7.0-damn-strict:SKT0_l2mpi:0.05
4.7.0-damn-strict:SKT0_l2hit:0.273333333333333
4.7.0-damn-strict:instructions:45236837527.3333
4.7.0-damn-strict:enp4s0f1_rx_packets_phy:0
4.7.0-damn-strict:cpu_4:36.6
4.7.0-damn-strict:enp130s0f1_rx_bytes_phy:4949529865
4.7.0-damn-strict:cpu_14:36.2733333333333
4.7.0-damn-strict:cpu_5:31.0466666666667
4.7.0-damn-strict:enp130s0f0_rx_bytes:5173448054
4.7.0-damn-strict:enp4s0f1_tx_packets:0
4.7.0-damn-strict:LLC-load:1360607016.33333
4.7.0-damn-strict:enp130s0f1_rx_bytes:4932244831
4.7.0-damn-strict:SKT0_ipc:0.313333333333333
4.7.0-damn-strict:enp130s0f1_tx_bytes_phy:4765421365.66667
4.7.0-damn-strict:enp4s0f1_tx_bytes:0
4.7.0-damn-strict:cpu_11:37.2533333333333
4.7.0-damn-strict:SKT1_l2miss:804333333.333333
4.7.0-damn-strict:cache-misses:1373193330
4.7.0-damn-strict:enp130s0f0_rx_bytes_phy:5193944185.33333
4.7.0-damn-strict:enp130s0f0_tx_bytes_phy:5588892197
4.7.0-damn-strict:cpu_10:39.2166666666667
4.7.0-damn-strict:cpu_26:25.8166666666667
4.7.0-damn-strict:enp4s0f0_tx_bytes:0
4.7.0-damn-strict:enp130s0f1_tx_packets:277186
4.7.0-damn-strict:cpu_7:32.0233333333333
4.7.0-damn-strict:TOTAL_ipc:0.34
4.7.0-damn-strict:enp130s0f0_tx_packets:316264.666666667
4.7.0-damn-strict:cpu_21:35.62
4.7.0-damn-strict:enp4s0f0_rx_bytes:0
4.7.0-damn-strict:cpu_8:40.5233333333333
4.7.0-damn-strict:enp130s0f1_tx_bytes:4762019122.66667
4.7.0-damn-strict:Read:33432.8633333333
4.7.0-damn-strict:SKT1_l3hit:0.243333333333333
4.7.0-damn-strict:SKT1_ipc:0.373333333333333
4.7.0-damn-strict:cpu_13:37.58
4.7.0-damn-strict:enp130s0f0_tx_bytes:5556875446.33333
4.7.0-damn-strict:cpu_24:31.6966666666667
4.7.0-damn-strict:enp130s0f0_rx_packets_phy:723745.666666667
4.7.0-damn-strict:LLC-store-misses:173982469
4.7.0-damn-strict:Memory:55576.2
4.7.0-damn-strict:Total_rx_packets_phy:1386397
4.7.0-damn-strict:cpu_23:35.2933333333333
4.7.0-damn-strict:enp4s0f0_rx_bytes_phy:0
4.7.0-damn-strict:cpu_0:37.2533333333333
4.7.0-damn-strict:enp130s0f1_rx_packets_phy:662651.333333333
4.7.0-damn-strict:enp4s0f1_rx_bytes_phy:0
4.7.0-damn-strict:enp4s0f1_tx_bytes_phy:0
4.7.0-damn-strict:enp4s0f0_tx_packets_phy:0
4.7.0-damn-strict:Total_tx_packets:593450.666666667
4.7.0-damn-strict:enp4s0f0_rx_packets_phy:0
4.7.0-damn-strict:SKT1_l3mpi:0.0266666666666667
4.7.0-damn-strict:enp130s0f1_tx_packets_phy:731193.333333333
4.7.0-damn-strict:enp130s0f0_tx_packets_phy:1293080.66666667
4.7.0-damn-strict:TOTAL_l3hit:0.203333333333333
4.7.0-damn-strict:cache-references:5130904075
4.7.0-damn-strict:cpu_3:31.0466666666667
4.7.0-damn-strict:TOTAL_l2mpi:0.04
4.7.0-damn-strict:enp4s0f1_rx_packets:0
4.7.0-damn-strict:Total_tx_bytes:10318894569
4.7.0-damn-strict:Total_tx_packets_phy:2024274
4.7.0-damn-strict:cycles:132494656267.667
4.7.0-unsafe:SKT0_l2mpi:0.0566666666666667
4.7.0-unsafe:SKT0_l2miss:1146666666.66667
4.7.0-unsafe:TOTAL_l3miss:1706000000
4.7.0-unsafe:instructions:50121364028.3333
4.7.0-unsafe:enp4s0f1_rx_packets_phy:0
4.7.0-unsafe:SKT0_l2hit:0.25
4.7.0-unsafe:cpu_4:49.1766666666667
4.7.0-unsafe:cpu_14:39.4266666666667
4.7.0-unsafe:enp130s0f1_rx_bytes_phy:4987575270.33333
4.7.0-unsafe:cpu_5:36.4833333333333
4.7.0-unsafe:enp130s0f0_rx_bytes:7961890616.66667
4.7.0-unsafe:enp4s0f1_tx_packets:0
4.7.0-unsafe:cpu_18:36.8033333333333
4.7.0-unsafe:cpu_27:42.3266666666667
4.7.0-unsafe:SKT1_l3miss:735666666.666667
4.7.0-unsafe:enp4s0f0_tx_bytes_phy:0
4.7.0-unsafe:cpu_25:38.78
4.7.0-unsafe:SKT0_l3miss:970333333.333333
4.7.0-unsafe:cpu_19:44.67
4.7.0-unsafe:SKT1_l2mpi:0.0333333333333333
4.7.0-unsafe:Write:26760.5633333333
4.7.0-unsafe:Total_rx_packets:1059450.33333333
4.7.0-unsafe:TOTAL_l2hit:0.283333333333333
4.7.0-unsafe:cpu_2:42.34
4.7.0-unsafe:cpu_1:43.9433333333333
4.7.0-unsafe:cpu_9:41.6666666666667
4.7.0-unsafe:SKT0_l3hit:0.153333333333333
4.7.0-unsafe:Total_tx_bytes_phy:11595208606.6667
4.7.0-unsafe:LLC-load-misses:781893164.666667
4.7.0-unsafe:enp4s0f1_tx_packets_phy:0
4.7.0-unsafe:cpu_12:47.86
4.7.0-unsafe:16384:87380
4.7.0-unsafe:Total_rx_bytes_phy:12984730328.6667
4.7.0-unsafe:TOTAL_l2miss:2123000000
4.7.0-unsafe:cpu_16:41.6933333333333
4.7.0-unsafe:enp4s0f0_tx_packets:0
4.7.0-unsafe:cpu_15:35.1933333333333
4.7.0-unsafe:TOTAL_l3mpi:0.0333333333333333
4.7.0-unsafe:cpu_22:38.12
4.7.0-unsafe:LLC-store:2039860264.66667
4.7.0-unsafe:cpu_20:42.35
4.7.0-unsafe:enp4s0f1_rx_bytes:0
4.7.0-unsafe:SKT1_l2hit:0.32
4.7.0-unsafe:enp130s0f1_rx_packets:444709.333333333
4.7.0-unsafe:cpu_6:42.9833333333333
4.7.0-unsafe:cpu_total:41.6833333333333
4.7.0-unsafe:Total_rx_bytes:12931401227.3333
4.7.0-unsafe:enp130s0f0_rx_packets:614741
4.7.0-unsafe:enp4s0f0_rx_packets:0
4.7.0-unsafe:SKT0_l3mpi:0.05
4.7.0-unsafe:cpu_17:40.72
4.7.0-unsafe:Total_tx_packets:654249.666666667
4.7.0-unsafe:enp4s0f1_tx_bytes_phy:0
4.7.0-unsafe:enp4s0f0_tx_packets_phy:0
4.7.0-unsafe:enp130s0f1_tx_packets_phy:734150.666666667
4.7.0-unsafe:enp4s0f0_rx_packets_phy:0
4.7.0-unsafe:SKT1_l3mpi:0.0233333333333333
4.7.0-unsafe:enp130s0f0_tx_packets_phy:1310089
4.7.0-unsafe:cache-references:6148976247.33333
4.7.0-unsafe:TOTAL_l3hit:0.196666666666667
4.7.0-unsafe:cpu_3:49.5433333333333
4.7.0-unsafe:enp4s0f1_rx_packets:0
4.7.0-unsafe:TOTAL_l2mpi:0.04
4.7.0-unsafe:Total_tx_packets_phy:2044239.66666667
4.7.0-unsafe:Total_tx_bytes:11569089855.3333
4.7.0-unsafe:cycles:151882642509.667
4.7.0-unsafe:cpu_24:38.7733333333333
4.7.0-unsafe:enp130s0f0_rx_packets_phy:1082395
4.7.0-unsafe:LLC-store-misses:192287597.666667
4.7.0-unsafe:Memory:66181.2466666667
4.7.0-unsafe:Total_rx_packets_phy:1757480.66666667
4.7.0-unsafe:enp4s0f0_rx_bytes_phy:0
4.7.0-unsafe:cpu_23:40.42
4.7.0-unsafe:cpu_0:43.9533333333333
4.7.0-unsafe:enp130s0f1_rx_packets_phy:675085.666666667
4.7.0-unsafe:enp4s0f1_rx_bytes_phy:0
4.7.0-unsafe:TOTAL_ipc:0.33
4.7.0-unsafe:enp130s0f0_tx_packets:381844.666666667
4.7.0-unsafe:enp4s0f0_rx_bytes:0
4.7.0-unsafe:cpu_8:41.6966666666667
4.7.0-unsafe:cpu_21:40.03
4.7.0-unsafe:SKT1_l3hit:0.246666666666667
4.7.0-unsafe:SKT1_ipc:0.373333333333333
4.7.0-unsafe:cpu_13:44.94
4.7.0-unsafe:Read:39420.68
4.7.0-unsafe:enp130s0f1_tx_bytes:4868733709.66667
4.7.0-unsafe:enp130s0f0_tx_bytes:6700356145.66667
4.7.0-unsafe:LLC-load:1670580537.66667
4.7.0-unsafe:enp130s0f1_rx_bytes:4969510610.66667
4.7.0-unsafe:enp130s0f1_tx_bytes_phy:4871945020.33333
4.7.0-unsafe:SKT0_ipc:0.283333333333333
4.7.0-unsafe:enp4s0f1_tx_bytes:0
4.7.0-unsafe:SKT1_l2miss:975666666.666667
4.7.0-unsafe:cpu_11:45.5333333333333
4.7.0-unsafe:cache-misses:1713748843
4.7.0-unsafe:cpu_26:42.3433333333333
4.7.0-unsafe:cpu_10:36.8233333333333
4.7.0-unsafe:enp130s0f0_tx_bytes_phy:6723263586.33333
4.7.0-unsafe:enp130s0f0_rx_bytes_phy:7997155058.33333
4.7.0-unsafe:cpu_7:40.0733333333333
4.7.0-unsafe:enp130s0f1_tx_packets:272405
4.7.0-unsafe:enp4s0f0_tx_bytes:0
