4.7.0-copy-plus-hp-strict:Memory:35805.72
4.7.0-copy-plus-hp-strict:cpu_6:0
4.7.0-copy-plus-hp-strict:enp130s0f0_tx_packets:0
4.7.0-copy-plus-hp-strict:Total_rx_bytes_phy:28096599
4.7.0-copy-plus-hp-strict:enp4s0f1_rx_bytes:14166480
4.7.0-copy-plus-hp-strict:cpu_26:22.12
4.7.0-copy-plus-hp-strict:TOTAL_l2mpi:0.05
4.7.0-copy-plus-hp-strict:cpu_9:0.96
4.7.0-copy-plus-hp-strict:SKT0_l2mpi:0.04
4.7.0-copy-plus-hp-strict:SKT1_l2mpi:0.06
4.7.0-copy-plus-hp-strict:enp130s0f0_tx_bytes_phy:0
4.7.0-copy-plus-hp-strict:enp130s0f1_rx_packets:187331
4.7.0-copy-plus-hp-strict:SKT1_ipc:0.24
4.7.0-copy-plus-hp-strict:cpu_13:0
4.7.0-copy-plus-hp-strict:cpu_22:0.96
4.7.0-copy-plus-hp-strict:cpu_2:100
4.7.0-copy-plus-hp-strict:cpu_18:7.69
4.7.0-copy-plus-hp-strict:SKT0_ipc:0.28
4.7.0-copy-plus-hp-strict:cpu_25:43.27
4.7.0-copy-plus-hp-strict:TOTAL_l3miss:927000000
4.7.0-copy-plus-hp-strict:enp4s0f0_tx_bytes_phy:0
4.7.0-copy-plus-hp-strict:cpu_20:15.38
4.7.0-copy-plus-hp-strict:cpu_16:12.5
4.7.0-copy-plus-hp-strict:enp130s0f0_rx_packets_phy:0
4.7.0-copy-plus-hp-strict:enp4s0f0_rx_bytes:0
4.7.0-copy-plus-hp-strict:TOTAL_l2hit:0.48
4.7.0-copy-plus-hp-strict:enp130s0f1_tx_bytes_phy:4932762014
4.7.0-copy-plus-hp-strict:Total_tx_bytes_phy:15679996305
4.7.0-copy-plus-hp-strict:cpu_4:93.27
4.7.0-copy-plus-hp-strict:enp130s0f0_tx_bytes:0
4.7.0-copy-plus-hp-strict:instructions:26729022034
4.7.0-copy-plus-hp-strict:enp130s0f1_rx_bytes:12364432
4.7.0-copy-plus-hp-strict:cpu_7:25.96
4.7.0-copy-plus-hp-strict:TOTAL_ipc:0.26
4.7.0-copy-plus-hp-strict:cpu_12:0
4.7.0-copy-plus-hp-strict:TOTAL_l2miss:1358000000
4.7.0-copy-plus-hp-strict:enp4s0f0_tx_queue_stopped:0
4.7.0-copy-plus-hp-strict:cycles:102211276343
4.7.0-copy-plus-hp-strict:Total_rx_bytes:26530912
4.7.0-copy-plus-hp-strict:enp4s0f1_tx_bytes_phy:10747234291
4.7.0-copy-plus-hp-strict:enp4s0f0_rx_packets_phy:0
4.7.0-copy-plus-hp-strict:enp4s0f1_rx_packets_phy:203989
4.7.0-copy-plus-hp-strict:enp4s0f0_rx_bytes_phy:0
4.7.0-copy-plus-hp-strict:cpu_23:0
4.7.0-copy-plus-hp-strict:enp4s0f0_tx_packets_phy:0
4.7.0-copy-plus-hp-strict:Read:19601.66
4.7.0-copy-plus-hp-strict:cpu_total:30.67
4.7.0-copy-plus-hp-strict:enp130s0f0_rx_bytes:0
4.7.0-copy-plus-hp-strict:cpu_0:95.19
4.7.0-copy-plus-hp-strict:enp130s0f0_tx_packets_phy:0
4.7.0-copy-plus-hp-strict:enp4s0f0_tx_bytes:0
4.7.0-copy-plus-hp-strict:SKT0_l3mpi:0.03
4.7.0-copy-plus-hp-strict:cpu_11:48.08
4.7.0-copy-plus-hp-strict:cpu_27:0
4.7.0-copy-plus-hp-strict:SKT0_l2miss:537000000
4.7.0-copy-plus-hp-strict:enp4s0f1_rx_bytes_phy:14987762
4.7.0-copy-plus-hp-strict:enp4s0f1_tx_packets:179500
4.7.0-copy-plus-hp-strict:cpu_17:22.12
4.7.0-copy-plus-hp-strict:SKT0_l3hit:0.37
4.7.0-copy-plus-hp-strict:cpu_1:100
4.7.0-copy-plus-hp-strict:enp4s0f1_rx_packets:203914
4.7.0-copy-plus-hp-strict:cpu_21:0
4.7.0-copy-plus-hp-strict:TOTAL_l3mpi:0.03
4.7.0-copy-plus-hp-strict:Total_tx_queue_stopped:0
4.7.0-copy-plus-hp-strict:SKT1_l3hit:0.28
4.7.0-copy-plus-hp-strict:enp130s0f0_rx_packets:0
4.7.0-copy-plus-hp-strict:Total_tx_packets_phy:1740404
4.7.0-copy-plus-hp-strict:Total_rx_packets_phy:391249
4.7.0-copy-plus-hp-strict:enp4s0f1_tx_packets_phy:1193387
4.7.0-copy-plus-hp-strict:enp4s0f1_tx_bytes:10743176327
4.7.0-copy-plus-hp-strict:enp4s0f0_tx_packets:0
4.7.0-copy-plus-hp-strict:cpu_19:0
4.7.0-copy-plus-hp-strict:cpu_14:7.69
4.7.0-copy-plus-hp-strict:enp4s0f0_rx_packets:0
4.7.0-copy-plus-hp-strict:LLC-load-misses:382755834
4.7.0-copy-plus-hp-strict:cache-references:6136677121
4.7.0-copy-plus-hp-strict:cpu_15:39.42
4.7.0-copy-plus-hp-strict:LLC-store:2505372637
4.7.0-copy-plus-hp-strict:SKT1_l3mpi:0.04
4.7.0-copy-plus-hp-strict:16384:87380
4.7.0-copy-plus-hp-strict:Write:16204.06
4.7.0-copy-plus-hp-strict:SKT0_l2hit:0.51
4.7.0-copy-plus-hp-strict:enp130s0f1_tx_bytes:4930792197
4.7.0-copy-plus-hp-strict:SKT1_l2hit:0.45
4.7.0-copy-plus-hp-strict:enp4s0f1_tx_queue_stopped:0
4.7.0-copy-plus-hp-strict:LLC-store-misses:109685630
4.7.0-copy-plus-hp-strict:Total_rx_packets:391245
4.7.0-copy-plus-hp-strict:cpu_10:16.35
4.7.0-copy-plus-hp-strict:SKT1_l2miss:820000000
4.7.0-copy-plus-hp-strict:TOTAL_l3hit:0.32
4.7.0-copy-plus-hp-strict:cache-misses:889745970
4.7.0-copy-plus-hp-strict:enp130s0f0_rx_bytes_phy:0
4.7.0-copy-plus-hp-strict:cpu_3:98.08
4.7.0-copy-plus-hp-strict:SKT1_l3miss:587000000
4.7.0-copy-plus-hp-strict:Total_tx_packets:257705
4.7.0-copy-plus-hp-strict:enp130s0f1_rx_packets_phy:187260
4.7.0-copy-plus-hp-strict:cpu_8:4.81
4.7.0-copy-plus-hp-strict:enp130s0f1_tx_queue_stopped:0
4.7.0-copy-plus-hp-strict:Total_tx_bytes:15673968524
4.7.0-copy-plus-hp-strict:enp130s0f1_tx_packets:78205
4.7.0-copy-plus-hp-strict:enp130s0f1_tx_packets_phy:547017
4.7.0-copy-plus-hp-strict:cpu_24:12.5
4.7.0-copy-plus-hp-strict:SKT0_l3miss:340000000
4.7.0-copy-plus-hp-strict:cpu_5:95.19
4.7.0-copy-plus-hp-strict:enp130s0f1_rx_bytes_phy:13108837
4.7.0-copy-plus-hp-strict:enp130s0f0_tx_queue_stopped:0
4.7.0-copy-plus-hp-strict:LLC-load:1119846713
4.7.0-damn-strict:LLC-load-misses:129955376
4.7.0-damn-strict:cache-references:3370887846
4.7.0-damn-strict:enp4s0f0_rx_packets:0
4.7.0-damn-strict:SKT1_l3mpi:0.02
4.7.0-damn-strict:Write:13729.87
4.7.0-damn-strict:16384:87380
4.7.0-damn-strict:cpu_15:0.96
4.7.0-damn-strict:LLC-store:1354031593
4.7.0-damn-strict:enp4s0f1_tx_packets_phy:1319120
4.7.0-damn-strict:cpu_14:8.65
4.7.0-damn-strict:enp4s0f1_tx_bytes:11891119909
4.7.0-damn-strict:enp4s0f0_tx_packets:0
4.7.0-damn-strict:cpu_19:0
4.7.0-damn-strict:cpu_21:0
4.7.0-damn-strict:TOTAL_l3mpi:0.02
4.7.0-damn-strict:Total_rx_packets_phy:401914
4.7.0-damn-strict:Total_tx_queue_stopped:0
4.7.0-damn-strict:SKT1_l3hit:0.29
4.7.0-damn-strict:enp130s0f0_rx_packets:0
4.7.0-damn-strict:Total_tx_packets_phy:1860271
4.7.0-damn-strict:enp4s0f1_rx_bytes_phy:15025178
4.7.0-damn-strict:enp4s0f1_tx_packets:188704
4.7.0-damn-strict:cpu_17:0.96
4.7.0-damn-strict:cpu_1:75
4.7.0-damn-strict:SKT0_l3hit:0.3
4.7.0-damn-strict:enp4s0f1_rx_packets:202359
4.7.0-damn-strict:Total_tx_bytes:16768811952
4.7.0-damn-strict:enp130s0f1_tx_packets:77303
4.7.0-damn-strict:enp130s0f1_tx_packets_phy:541151
4.7.0-damn-strict:enp130s0f1_tx_queue_stopped:0
4.7.0-damn-strict:enp130s0f0_tx_queue_stopped:0
4.7.0-damn-strict:LLC-load:594368524
4.7.0-damn-strict:SKT0_l3miss:228000000
4.7.0-damn-strict:cpu_24:0.96
4.7.0-damn-strict:enp130s0f1_rx_bytes_phy:13968050
4.7.0-damn-strict:cpu_5:86.54
4.7.0-damn-strict:enp130s0f0_rx_bytes_phy:0
4.7.0-damn-strict:Total_tx_packets:266007
4.7.0-damn-strict:SKT1_l3miss:240000000
4.7.0-damn-strict:cpu_3:80.77
4.7.0-damn-strict:cpu_8:0
4.7.0-damn-strict:enp130s0f1_rx_packets_phy:199539
4.7.0-damn-strict:cpu_10:0.96
4.7.0-damn-strict:SKT1_l2miss:336000000
4.7.0-damn-strict:cache-misses:465869900
4.7.0-damn-strict:TOTAL_l3hit:0.29
4.7.0-damn-strict:SKT0_l2hit:0.42
4.7.0-damn-strict:Total_rx_packets:401902
4.7.0-damn-strict:LLC-store-misses:169133939
4.7.0-damn-strict:enp4s0f1_tx_queue_stopped:0
4.7.0-damn-strict:enp130s0f1_tx_bytes:4877692043
4.7.0-damn-strict:SKT1_l2hit:0.44
4.7.0-damn-strict:enp130s0f0_rx_packets_phy:0
4.7.0-damn-strict:enp4s0f0_rx_bytes:0
4.7.0-damn-strict:SKT0_ipc:0.32
4.7.0-damn-strict:cpu_20:0.96
4.7.0-damn-strict:cpu_16:0
4.7.0-damn-strict:cpu_25:11.54
4.7.0-damn-strict:enp4s0f0_tx_bytes_phy:0
4.7.0-damn-strict:TOTAL_l3miss:468000000
4.7.0-damn-strict:cpu_13:13.46
4.7.0-damn-strict:SKT1_ipc:0.3
4.7.0-damn-strict:enp130s0f1_rx_packets:199543
4.7.0-damn-strict:cpu_2:71.15
4.7.0-damn-strict:cpu_22:13.46
4.7.0-damn-strict:cpu_18:20.19
4.7.0-damn-strict:cpu_26:0
4.7.0-damn-strict:cpu_9:0
4.7.0-damn-strict:TOTAL_l2mpi:0.03
4.7.0-damn-strict:SKT0_l2mpi:0.03
4.7.0-damn-strict:Memory:32698.67
4.7.0-damn-strict:cpu_6:15.38
4.7.0-damn-strict:Total_rx_bytes_phy:28993228
4.7.0-damn-strict:enp4s0f1_rx_bytes:14213941
4.7.0-damn-strict:enp130s0f0_tx_packets:0
4.7.0-damn-strict:enp130s0f0_tx_bytes_phy:0
4.7.0-damn-strict:SKT1_l2mpi:0.03
4.7.0-damn-strict:SKT0_l3mpi:0.02
4.7.0-damn-strict:enp130s0f0_tx_packets_phy:0
4.7.0-damn-strict:enp4s0f0_tx_bytes:0
4.7.0-damn-strict:SKT0_l2miss:324000000
4.7.0-damn-strict:cpu_11:12.5
4.7.0-damn-strict:cpu_27:23.08
4.7.0-damn-strict:cpu_total:21.63
4.7.0-damn-strict:Read:18968.8
4.7.0-damn-strict:enp4s0f0_tx_packets_phy:0
4.7.0-damn-strict:enp130s0f0_rx_bytes:0
4.7.0-damn-strict:cpu_0:73.08
4.7.0-damn-strict:enp4s0f0_rx_packets_phy:0
4.7.0-damn-strict:enp4s0f1_tx_bytes_phy:11895471501
4.7.0-damn-strict:TOTAL_l2miss:660000000
4.7.0-damn-strict:cycles:72506848447
4.7.0-damn-strict:Total_rx_bytes:27384087
4.7.0-damn-strict:enp4s0f0_tx_queue_stopped:0
4.7.0-damn-strict:enp4s0f0_rx_bytes_phy:0
4.7.0-damn-strict:enp4s0f1_rx_packets_phy:202375
4.7.0-damn-strict:cpu_23:0
4.7.0-damn-strict:enp130s0f1_tx_bytes_phy:4880107531
4.7.0-damn-strict:TOTAL_l2hit:0.43
4.7.0-damn-strict:Total_tx_bytes_phy:16775579032
4.7.0-damn-strict:enp130s0f1_rx_bytes:13170146
4.7.0-damn-strict:instructions:22583748985
4.7.0-damn-strict:cpu_7:0
4.7.0-damn-strict:cpu_12:13.46
4.7.0-damn-strict:TOTAL_ipc:0.31
4.7.0-damn-strict:cpu_4:83.65
4.7.0-damn-strict:enp130s0f0_tx_bytes:0
4.7.0-unsafe:TOTAL_l3hit:0.44
4.7.0-unsafe:cache-misses:239166549
4.7.0-unsafe:SKT1_l2miss:187000000
4.7.0-unsafe:cpu_10:0.96
4.7.0-unsafe:SKT1_l2hit:0.59
4.7.0-unsafe:enp130s0f1_tx_bytes:4814064407
4.7.0-unsafe:enp4s0f1_tx_queue_stopped:0
4.7.0-unsafe:LLC-store-misses:51509110
4.7.0-unsafe:Total_rx_packets:357869
4.7.0-unsafe:SKT0_l2hit:0.56
4.7.0-unsafe:enp130s0f1_rx_bytes_phy:12630527
4.7.0-unsafe:cpu_5:45.19
4.7.0-unsafe:cpu_24:5.77
4.7.0-unsafe:SKT0_l3miss:124000000
4.7.0-unsafe:LLC-load:507741599
4.7.0-unsafe:enp130s0f0_tx_queue_stopped:0
4.7.0-unsafe:enp130s0f1_tx_queue_stopped:0
4.7.0-unsafe:enp130s0f1_tx_packets_phy:534078
4.7.0-unsafe:enp130s0f1_tx_packets:76295
4.7.0-unsafe:Total_tx_bytes:16471864613
4.7.0-unsafe:enp130s0f1_rx_packets_phy:180436
4.7.0-unsafe:cpu_8:11.54
4.7.0-unsafe:SKT1_l3miss:114000000
4.7.0-unsafe:cpu_3:45.19
4.7.0-unsafe:Total_tx_packets:261176
4.7.0-unsafe:enp130s0f0_rx_bytes_phy:0
4.7.0-unsafe:SKT1_l3hit:0.39
4.7.0-unsafe:enp130s0f0_rx_packets:0
4.7.0-unsafe:Total_tx_packets_phy:1827393
4.7.0-unsafe:Total_tx_queue_stopped:0
4.7.0-unsafe:Total_rx_packets_phy:357898
4.7.0-unsafe:cpu_21:0.96
4.7.0-unsafe:TOTAL_l3mpi:0.01
4.7.0-unsafe:enp4s0f1_rx_packets:177434
4.7.0-unsafe:cpu_1:51.92
4.7.0-unsafe:SKT0_l3hit:0.47
4.7.0-unsafe:cpu_17:13.46
4.7.0-unsafe:enp4s0f1_tx_packets:184881
4.7.0-unsafe:enp4s0f1_rx_bytes_phy:12815434
4.7.0-unsafe:LLC-store:1336690207
4.7.0-unsafe:cpu_15:0
4.7.0-unsafe:16384:87380
4.7.0-unsafe:Write:3810.72
4.7.0-unsafe:SKT1_l3mpi:0.01
4.7.0-unsafe:enp4s0f0_rx_packets:0
4.7.0-unsafe:LLC-load-misses:90167134
4.7.0-unsafe:cache-references:3325174449
4.7.0-unsafe:cpu_19:0
4.7.0-unsafe:enp4s0f0_tx_packets:0
4.7.0-unsafe:enp4s0f1_tx_bytes:11657800206
4.7.0-unsafe:cpu_14:16.35
4.7.0-unsafe:enp4s0f1_tx_packets_phy:1293315
4.7.0-unsafe:cpu_23:0
4.7.0-unsafe:enp4s0f1_rx_packets_phy:177462
4.7.0-unsafe:enp4s0f0_rx_bytes_phy:0
4.7.0-unsafe:Total_rx_bytes:24012253
4.7.0-unsafe:cycles:56044074590
4.7.0-unsafe:enp4s0f0_tx_queue_stopped:0
4.7.0-unsafe:TOTAL_l2miss:423000000
4.7.0-unsafe:enp4s0f0_rx_packets_phy:0
4.7.0-unsafe:enp4s0f1_tx_bytes_phy:11663093969
4.7.0-unsafe:cpu_4:65.38
4.7.0-unsafe:enp130s0f0_tx_bytes:0
4.7.0-unsafe:cpu_12:0
4.7.0-unsafe:TOTAL_ipc:0.42
4.7.0-unsafe:enp130s0f1_rx_bytes:11908719
4.7.0-unsafe:instructions:23259265165
4.7.0-unsafe:cpu_7:12.5
4.7.0-unsafe:enp130s0f1_tx_bytes_phy:4816323794
4.7.0-unsafe:TOTAL_l2hit:0.57
4.7.0-unsafe:Total_tx_bytes_phy:16479417763
4.7.0-unsafe:cpu_27:14.42
4.7.0-unsafe:cpu_11:11.54
4.7.0-unsafe:SKT0_l2miss:236000000
4.7.0-unsafe:enp4s0f0_tx_bytes:0
4.7.0-unsafe:enp130s0f0_tx_packets_phy:0
4.7.0-unsafe:SKT0_l3mpi:0.01
4.7.0-unsafe:cpu_0:50.96
4.7.0-unsafe:enp130s0f0_rx_bytes:0
4.7.0-unsafe:enp4s0f0_tx_packets_phy:0
4.7.0-unsafe:Read:12237.22
4.7.0-unsafe:cpu_total:17.65
4.7.0-unsafe:cpu_18:0
4.7.0-unsafe:cpu_2:71.15
4.7.0-unsafe:cpu_22:8.65
4.7.0-unsafe:enp130s0f1_rx_packets:180435
4.7.0-unsafe:SKT1_ipc:0.41
4.7.0-unsafe:cpu_13:11.54
4.7.0-unsafe:SKT1_l2mpi:0.02
4.7.0-unsafe:enp130s0f0_tx_bytes_phy:0
4.7.0-unsafe:enp130s0f0_tx_packets:0
4.7.0-unsafe:Total_rx_bytes_phy:25445961
4.7.0-unsafe:enp4s0f1_rx_bytes:12103534
4.7.0-unsafe:Memory:16047.94
4.7.0-unsafe:cpu_6:0.96
4.7.0-unsafe:TOTAL_l2mpi:0.02
4.7.0-unsafe:SKT0_l2mpi:0.02
4.7.0-unsafe:cpu_9:12.5
4.7.0-unsafe:cpu_26:24.04
4.7.0-unsafe:enp4s0f0_rx_bytes:0
4.7.0-unsafe:enp130s0f0_rx_packets_phy:0
4.7.0-unsafe:enp4s0f0_tx_bytes_phy:0
4.7.0-unsafe:TOTAL_l3miss:239000000
4.7.0-unsafe:cpu_25:0.96
4.7.0-unsafe:cpu_16:18.27
4.7.0-unsafe:cpu_20:0.96
4.7.0-unsafe:SKT0_ipc:0.42
