4.7.0-copy-plus-hp-strict:enp130s0f0_rx_packets:1769442
4.7.0-copy-plus-hp-strict:Read:4827.9
4.7.0-copy-plus-hp-strict:Total_tx_packets:1769456
4.7.0-copy-plus-hp-strict:instructions:144547386060
4.7.0-copy-plus-hp-strict:enp4s0f0_tx_queue_stopped:0
4.7.0-copy-plus-hp-strict:enp130s0f1_rx_bytes:0
4.7.0-copy-plus-hp-strict:cpu_24:42.72
4.7.0-copy-plus-hp-strict:enp4s0f0_rx_packets:0
4.7.0-copy-plus-hp-strict:cpu_16:39.81
4.7.0-copy-plus-hp-strict:TOTAL_l3mpi:0
4.7.0-copy-plus-hp-strict:cpu_6:33.98
4.7.0-copy-plus-hp-strict:enp130s0f1_tx_packets:0
4.7.0-copy-plus-hp-strict:enp4s0f1_rx_bytes:0
4.7.0-copy-plus-hp-strict:cache-misses:389595821
4.7.0-copy-plus-hp-strict:SKT0_l3miss:156000000
4.7.0-copy-plus-hp-strict:cpu_17:85.44
4.7.0-copy-plus-hp-strict:LLC-load:1256318571
4.7.0-copy-plus-hp-strict:enp130s0f1_tx_bytes_phy:60
4.7.0-copy-plus-hp-strict:SKT1_l3hit:0.77
4.7.0-copy-plus-hp-strict:cpu_10:31.07
4.7.0-copy-plus-hp-strict:Total_tx_queue_stopped:0
4.7.0-copy-plus-hp-strict:cpu_22:46.6
4.7.0-copy-plus-hp-strict:cache-references:2773787532
4.7.0-copy-plus-hp-strict:cpu_total:61.06
4.7.0-copy-plus-hp-strict:enp130s0f0_tx_queue_stopped:0
4.7.0-copy-plus-hp-strict:cpu_11:86.41
4.7.0-copy-plus-hp-strict:LLC-load-misses:234833318
4.7.0-copy-plus-hp-strict:SKT1_ipc:0.69
4.7.0-copy-plus-hp-strict:enp130s0f0_rx_bytes_phy:113229745
4.7.0-copy-plus-hp-strict:LLC-store:641659645
4.7.0-copy-plus-hp-strict:enp4s0f0_tx_bytes_phy:0
4.7.0-copy-plus-hp-strict:enp130s0f1_rx_packets_phy:0
4.7.0-copy-plus-hp-strict:enp4s0f0_tx_bytes:0
4.7.0-copy-plus-hp-strict:enp130s0f0_tx_packets:1769456
4.7.0-copy-plus-hp-strict:cpu_0:25.24
4.7.0-copy-plus-hp-strict:cpu_25:77.67
4.7.0-copy-plus-hp-strict:cpu_2:24.27
4.7.0-copy-plus-hp-strict:cpu_4:29.13
4.7.0-copy-plus-hp-strict:cpu_27:81.55
4.7.0-copy-plus-hp-strict:Total_tx_packets_phy:1769221
4.7.0-copy-plus-hp-strict:enp4s0f0_rx_packets_phy:0
4.7.0-copy-plus-hp-strict:cpu_5:95.15
4.7.0-copy-plus-hp-strict:SKT1_l3miss:218000000
4.7.0-copy-plus-hp-strict:SKT1_l2miss:941000000
4.7.0-copy-plus-hp-strict:cpu_7:89.32
4.7.0-copy-plus-hp-strict:enp4s0f1_rx_packets_phy:0
4.7.0-copy-plus-hp-strict:SKT0_l3mpi:0
4.7.0-copy-plus-hp-strict:TOTAL_l3hit:0.67
4.7.0-copy-plus-hp-strict:Total_rx_bytes_phy:113229745
4.7.0-copy-plus-hp-strict:cpu_21:77.67
4.7.0-copy-plus-hp-strict:enp130s0f0_tx_packets_phy:1769221
4.7.0-copy-plus-hp-strict:Total_rx_packets_phy:1769214
4.7.0-copy-plus-hp-strict:enp4s0f0_rx_bytes_phy:0
4.7.0-copy-plus-hp-strict:enp130s0f0_rx_bytes:106166525
4.7.0-copy-plus-hp-strict:enp130s0f1_rx_packets:0
4.7.0-copy-plus-hp-strict:Write:1542.56
4.7.0-copy-plus-hp-strict:SKT0_l2mpi:0
4.7.0-copy-plus-hp-strict:enp4s0f1_tx_packets:0
4.7.0-copy-plus-hp-strict:Memory:6370.46
4.7.0-copy-plus-hp-strict:cpu_12:18.45
4.7.0-copy-plus-hp-strict:enp130s0f1_rx_bytes_phy:0
4.7.0-copy-plus-hp-strict:enp4s0f1_rx_bytes_phy:0
4.7.0-copy-plus-hp-strict:Total_rx_bytes:106166525
4.7.0-copy-plus-hp-strict:Total_rx_packets:1769442
4.7.0-copy-plus-hp-strict:enp4s0f1_tx_bytes_phy:0
4.7.0-copy-plus-hp-strict:cpu_9:95.15
4.7.0-copy-plus-hp-strict:enp4s0f0_tx_packets_phy:0
4.7.0-copy-plus-hp-strict:enp4s0f0_tx_packets:0
4.7.0-copy-plus-hp-strict:cpu_20:46.6
4.7.0-copy-plus-hp-strict:cpu_1:89.32
4.7.0-copy-plus-hp-strict:cpu_3:91.26
4.7.0-copy-plus-hp-strict:Total_tx_bytes:106167419
4.7.0-copy-plus-hp-strict:SKT1_l2mpi:0.01
4.7.0-copy-plus-hp-strict:SKT1_l3mpi:0
4.7.0-copy-plus-hp-strict:SKT0_l2miss:191000000
4.7.0-copy-plus-hp-strict:SKT1_l2hit:0.55
4.7.0-copy-plus-hp-strict:LLC-store-misses:105915021
4.7.0-copy-plus-hp-strict:SKT0_l3hit:0.18
4.7.0-copy-plus-hp-strict:enp4s0f1_tx_queue_stopped:0
4.7.0-copy-plus-hp-strict:TOTAL_l2miss:1132000000
4.7.0-copy-plus-hp-strict:cpu_26:43.69
4.7.0-copy-plus-hp-strict:SKT0_ipc:0.7
4.7.0-copy-plus-hp-strict:enp130s0f1_tx_queue_stopped:0
4.7.0-copy-plus-hp-strict:TOTAL_l3miss:375000000
4.7.0-copy-plus-hp-strict:enp4s0f0_rx_bytes:0
4.7.0-copy-plus-hp-strict:SKT0_l2hit:0.73
4.7.0-copy-plus-hp-strict:enp130s0f1_tx_packets_phy:0
4.7.0-copy-plus-hp-strict:TOTAL_l2mpi:0.01
4.7.0-copy-plus-hp-strict:Total_tx_bytes_phy:113230401
4.7.0-copy-plus-hp-strict:212992:212992
4.7.0-copy-plus-hp-strict:enp130s0f0_tx_bytes_phy:113230341
4.7.0-copy-plus-hp-strict:cpu_13:94.17
4.7.0-copy-plus-hp-strict:enp130s0f0_rx_packets_phy:1769214
4.7.0-copy-plus-hp-strict:cpu_18:45.63
4.7.0-copy-plus-hp-strict:cpu_15:89.32
4.7.0-copy-plus-hp-strict:cpu_8:34.95
4.7.0-copy-plus-hp-strict:cpu_14:28.16
4.7.0-copy-plus-hp-strict:enp4s0f1_tx_bytes:0
4.7.0-copy-plus-hp-strict:TOTAL_ipc:0.69
4.7.0-copy-plus-hp-strict:cpu_19:73.79
4.7.0-copy-plus-hp-strict:enp4s0f1_tx_packets_phy:0
4.7.0-copy-plus-hp-strict:TOTAL_l2hit:0.6
4.7.0-copy-plus-hp-strict:cpu_23:93.2
4.7.0-copy-plus-hp-strict:enp4s0f1_rx_packets:0
4.7.0-copy-plus-hp-strict:enp130s0f1_tx_bytes:56
4.7.0-copy-plus-hp-strict:enp130s0f0_tx_bytes:106167363
4.7.0-copy-plus-hp-strict:cycles:210120874461
4.7.0-damn-strict:enp4s0f0_tx_bytes_phy:0
4.7.0-damn-strict:enp130s0f1_rx_packets_phy:0
4.7.0-damn-strict:enp130s0f0_rx_bytes_phy:97844572
4.7.0-damn-strict:LLC-store:556844107
4.7.0-damn-strict:enp130s0f0_tx_packets:1528979
4.7.0-damn-strict:enp4s0f0_tx_bytes:0
4.7.0-damn-strict:cpu_5:65.05
4.7.0-damn-strict:enp4s0f0_rx_packets_phy:0
4.7.0-damn-strict:Total_tx_packets_phy:1528851
4.7.0-damn-strict:cpu_0:13.59
4.7.0-damn-strict:cpu_25:76.7
4.7.0-damn-strict:cpu_2:4.85
4.7.0-damn-strict:cpu_27:60.19
4.7.0-damn-strict:cpu_4:22.33
4.7.0-damn-strict:SKT1_l2miss:732000000
4.7.0-damn-strict:enp4s0f1_rx_packets_phy:0
4.7.0-damn-strict:cpu_7:66.99
4.7.0-damn-strict:SKT0_l3mpi:0
4.7.0-damn-strict:TOTAL_l3hit:0.76
4.7.0-damn-strict:SKT1_l3miss:111000000
4.7.0-damn-strict:cpu_16:32.04
4.7.0-damn-strict:enp4s0f0_rx_packets:0
4.7.0-damn-strict:enp130s0f1_rx_bytes:0
4.7.0-damn-strict:cpu_24:38.83
4.7.0-damn-strict:TOTAL_l3mpi:0
4.7.0-damn-strict:instructions:137748586327
4.7.0-damn-strict:Total_tx_packets:1528979
4.7.0-damn-strict:Read:3063.04
4.7.0-damn-strict:enp130s0f0_rx_packets:1528986
4.7.0-damn-strict:enp4s0f0_tx_queue_stopped:0
4.7.0-damn-strict:SKT0_l3miss:102000000
4.7.0-damn-strict:enp4s0f1_rx_bytes:0
4.7.0-damn-strict:cache-misses:221552153
4.7.0-damn-strict:cpu_17:65.05
4.7.0-damn-strict:cpu_6:31.07
4.7.0-damn-strict:enp130s0f1_tx_packets:0
4.7.0-damn-strict:SKT1_l3hit:0.85
4.7.0-damn-strict:cpu_10:32.04
4.7.0-damn-strict:LLC-load:1083071543
4.7.0-damn-strict:enp130s0f1_tx_bytes_phy:61
4.7.0-damn-strict:LLC-load-misses:130336619
4.7.0-damn-strict:SKT1_ipc:0.75
4.7.0-damn-strict:cpu_11:73.79
4.7.0-damn-strict:cpu_22:47.57
4.7.0-damn-strict:Total_tx_queue_stopped:0
4.7.0-damn-strict:cpu_total:47.12
4.7.0-damn-strict:cache-references:2597130899
4.7.0-damn-strict:enp130s0f0_tx_queue_stopped:0
4.7.0-damn-strict:enp130s0f1_tx_queue_stopped:0
4.7.0-damn-strict:enp130s0f1_tx_packets_phy:0
4.7.0-damn-strict:TOTAL_l3miss:213000000
4.7.0-damn-strict:enp4s0f0_rx_bytes:0
4.7.0-damn-strict:SKT0_l2hit:0.76
4.7.0-damn-strict:cpu_26:34.95
4.7.0-damn-strict:TOTAL_l2miss:883000000
4.7.0-damn-strict:SKT0_ipc:0.68
4.7.0-damn-strict:enp130s0f0_tx_bytes_phy:97846110
4.7.0-damn-strict:Total_tx_bytes_phy:97846171
4.7.0-damn-strict:TOTAL_l2mpi:0.01
4.7.0-damn-strict:212992:212992
4.7.0-damn-strict:cpu_14:16.5
4.7.0-damn-strict:TOTAL_ipc:0.73
4.7.0-damn-strict:enp4s0f1_tx_bytes:0
4.7.0-damn-strict:cpu_18:38.83
4.7.0-damn-strict:enp130s0f0_rx_packets_phy:1528820
4.7.0-damn-strict:cpu_13:85.44
4.7.0-damn-strict:cpu_8:4.85
4.7.0-damn-strict:cpu_15:66.02
4.7.0-damn-strict:enp4s0f1_rx_packets:0
4.7.0-damn-strict:cpu_23:64.08
4.7.0-damn-strict:cycles:188027726367
4.7.0-damn-strict:enp130s0f0_tx_bytes:91738742
4.7.0-damn-strict:enp130s0f1_tx_bytes:57
4.7.0-damn-strict:cpu_19:56.31
4.7.0-damn-strict:enp4s0f1_tx_packets_phy:0
4.7.0-damn-strict:TOTAL_l2hit:0.64
4.7.0-damn-strict:Total_rx_packets_phy:1528820
4.7.0-damn-strict:enp130s0f0_tx_packets_phy:1528851
4.7.0-damn-strict:cpu_21:60.19
4.7.0-damn-strict:Total_rx_bytes_phy:97844572
4.7.0-damn-strict:enp4s0f1_tx_packets:0
4.7.0-damn-strict:SKT0_l2mpi:0
4.7.0-damn-strict:Memory:3636.11
4.7.0-damn-strict:cpu_12:7.77
4.7.0-damn-strict:Write:573.07
4.7.0-damn-strict:enp130s0f1_rx_packets:0
4.7.0-damn-strict:enp130s0f0_rx_bytes:91739203
4.7.0-damn-strict:enp4s0f0_rx_bytes_phy:0
4.7.0-damn-strict:cpu_9:74.76
4.7.0-damn-strict:enp4s0f1_tx_bytes_phy:0
4.7.0-damn-strict:cpu_20:39.81
4.7.0-damn-strict:enp4s0f0_tx_packets:0
4.7.0-damn-strict:enp4s0f0_tx_packets_phy:0
4.7.0-damn-strict:Total_rx_bytes:91739203
4.7.0-damn-strict:Total_rx_packets:1528986
4.7.0-damn-strict:enp130s0f1_rx_bytes_phy:0
4.7.0-damn-strict:enp4s0f1_rx_bytes_phy:0
4.7.0-damn-strict:SKT1_l3mpi:0
4.7.0-damn-strict:SKT1_l2hit:0.6
4.7.0-damn-strict:LLC-store-misses:64456924
4.7.0-damn-strict:SKT0_l2miss:150000000
4.7.0-damn-strict:enp4s0f1_tx_queue_stopped:0
4.7.0-damn-strict:SKT0_l3hit:0.32
4.7.0-damn-strict:cpu_3:66.02
4.7.0-damn-strict:cpu_1:76.7
4.7.0-damn-strict:Total_tx_bytes:91738799
4.7.0-damn-strict:SKT1_l2mpi:0.01
4.7.0-defer:enp4s0f1_tx_queue_stopped:0
4.7.0-defer:SKT0_l3hit:0.37
4.7.0-defer:LLC-store-misses:73999441
4.7.0-defer:SKT1_l3mpi:0
4.7.0-defer:SKT1_l2hit:0.62
4.7.0-defer:SKT0_l2miss:210000000
4.7.0-defer:Total_tx_bytes:105256295
4.7.0-defer:SKT1_l2mpi:0.01
4.7.0-defer:cpu_3:52.94
4.7.0-defer:cpu_1:80.39
4.7.0-defer:enp4s0f0_tx_packets_phy:0
4.7.0-defer:cpu_20:50
4.7.0-defer:enp4s0f0_tx_packets:0
4.7.0-defer:cpu_9:90.2
4.7.0-defer:enp4s0f1_tx_bytes_phy:0
4.7.0-defer:Total_rx_bytes:105256124
4.7.0-defer:Total_rx_packets:1754268
4.7.0-defer:enp130s0f1_rx_bytes_phy:0
4.7.0-defer:enp4s0f1_rx_bytes_phy:0
4.7.0-defer:SKT0_l2mpi:0
4.7.0-defer:cpu_12:26.47
4.7.0-defer:Memory:3951.62
4.7.0-defer:enp4s0f1_tx_packets:0
4.7.0-defer:Write:690.23
4.7.0-defer:enp130s0f0_rx_bytes:105256124
4.7.0-defer:enp130s0f1_rx_packets:0
4.7.0-defer:enp4s0f0_rx_bytes_phy:0
4.7.0-defer:Total_rx_packets_phy:1754017
4.7.0-defer:cpu_21:84.31
4.7.0-defer:enp130s0f0_tx_packets_phy:1754047
4.7.0-defer:Total_rx_bytes_phy:112257113
4.7.0-defer:cycles:217551905325
4.7.0-defer:enp130s0f1_tx_bytes:57
4.7.0-defer:enp130s0f0_tx_bytes:105256238
4.7.0-defer:cpu_23:73.53
4.7.0-defer:enp4s0f1_rx_packets:0
4.7.0-defer:TOTAL_l2hit:0.66
4.7.0-defer:enp4s0f1_tx_packets_phy:0
4.7.0-defer:cpu_19:77.45
4.7.0-defer:TOTAL_ipc:0.78
4.7.0-defer:enp4s0f1_tx_bytes:0
4.7.0-defer:cpu_14:19.61
4.7.0-defer:cpu_8:26.47
4.7.0-defer:cpu_15:70.59
4.7.0-defer:cpu_18:49.02
4.7.0-defer:cpu_13:89.22
4.7.0-defer:enp130s0f0_rx_packets_phy:1754017
4.7.0-defer:enp130s0f0_tx_bytes_phy:112259063
4.7.0-defer:212992:212992
4.7.0-defer:Total_tx_bytes_phy:112259124
4.7.0-defer:TOTAL_l2mpi:0.01
4.7.0-defer:enp130s0f1_tx_packets_phy:0
4.7.0-defer:TOTAL_l3miss:250000000
4.7.0-defer:enp4s0f0_rx_bytes:0
4.7.0-defer:SKT0_l2hit:0.77
4.7.0-defer:enp130s0f1_tx_queue_stopped:0
4.7.0-defer:SKT0_ipc:0.7
4.7.0-defer:TOTAL_l2miss:948000000
4.7.0-defer:cpu_26:45.1
4.7.0-defer:SKT1_ipc:0.83
4.7.0-defer:LLC-load-misses:134344606
4.7.0-defer:cpu_11:86.27
4.7.0-defer:cache-references:2791746869
4.7.0-defer:enp130s0f0_tx_queue_stopped:0
4.7.0-defer:cpu_total:59.31
4.7.0-defer:cpu_22:49.02
4.7.0-defer:Total_tx_queue_stopped:0
4.7.0-defer:cpu_10:25.49
4.7.0-defer:SKT1_l3hit:0.84
4.7.0-defer:enp130s0f1_tx_bytes_phy:61
4.7.0-defer:LLC-load:1122353714
4.7.0-defer:cpu_17:78.43
4.7.0-defer:SKT0_l3miss:131000000
4.7.0-defer:cache-misses:258180280
4.7.0-defer:enp4s0f1_rx_bytes:0
4.7.0-defer:enp130s0f1_tx_packets:0
4.7.0-defer:cpu_6:37.25
4.7.0-defer:TOTAL_l3mpi:0
4.7.0-defer:cpu_16:50.98
4.7.0-defer:cpu_24:51.96
4.7.0-defer:enp130s0f1_rx_bytes:0
4.7.0-defer:enp4s0f0_rx_packets:0
4.7.0-defer:enp4s0f0_tx_queue_stopped:0
4.7.0-defer:instructions:171002872250
4.7.0-defer:enp130s0f0_rx_packets:1754268
4.7.0-defer:Read:3261.39
4.7.0-defer:Total_tx_packets:1754270
4.7.0-defer:TOTAL_l3hit:0.74
4.7.0-defer:SKT0_l3mpi:0
4.7.0-defer:cpu_7:80.39
4.7.0-defer:SKT1_l2miss:738000000
4.7.0-defer:enp4s0f1_rx_packets_phy:0
4.7.0-defer:SKT1_l3miss:118000000
4.7.0-defer:Total_tx_packets_phy:1754047
4.7.0-defer:cpu_5:84.31
4.7.0-defer:enp4s0f0_rx_packets_phy:0
4.7.0-defer:cpu_27:66.67
4.7.0-defer:cpu_4:39.22
4.7.0-defer:cpu_0:26.47
4.7.0-defer:cpu_25:100
4.7.0-defer:cpu_2:45.1
4.7.0-defer:enp130s0f0_tx_packets:1754270
4.7.0-defer:enp4s0f0_tx_bytes:0
4.7.0-defer:enp130s0f1_rx_packets_phy:0
4.7.0-defer:enp4s0f0_tx_bytes_phy:0
4.7.0-defer:LLC-store:555127305
4.7.0-defer:enp130s0f0_rx_bytes_phy:112257113
4.7.0-strict:enp4s0f0_rx_packets:0
4.7.0-strict:cpu_24:22.55
4.7.0-strict:enp130s0f1_rx_bytes:0
4.7.0-strict:cpu_16:4.9
4.7.0-strict:TOTAL_l3mpi:0
4.7.0-strict:Read:1766.55
4.7.0-strict:Total_tx_packets:367214
4.7.0-strict:enp130s0f0_rx_packets:367224
4.7.0-strict:instructions:54355771870
4.7.0-strict:enp4s0f0_tx_queue_stopped:0
4.7.0-strict:enp4s0f1_rx_bytes:0
4.7.0-strict:cache-misses:124356180
4.7.0-strict:SKT0_l3miss:64000000
4.7.0-strict:cpu_17:9.8
4.7.0-strict:cpu_6:5.88
4.7.0-strict:enp130s0f1_tx_packets:0
4.7.0-strict:SKT1_l3hit:0.64
4.7.0-strict:cpu_10:42.16
4.7.0-strict:LLC-load:207984090
4.7.0-strict:enp130s0f1_tx_bytes_phy:62
4.7.0-strict:cpu_11:91.18
4.7.0-strict:SKT1_ipc:0.42
4.7.0-strict:LLC-load-misses:77273975
4.7.0-strict:Total_tx_queue_stopped:767
4.7.0-strict:cpu_22:39.22
4.7.0-strict:cpu_total:28.96
4.7.0-strict:cache-references:542829362
4.7.0-strict:enp130s0f0_tx_queue_stopped:767
4.7.0-strict:enp4s0f0_tx_bytes_phy:0
4.7.0-strict:enp130s0f1_rx_packets_phy:0
4.7.0-strict:enp130s0f0_rx_bytes_phy:23506821
4.7.0-strict:LLC-store:169281359
4.7.0-strict:enp130s0f0_tx_packets:367214
4.7.0-strict:enp4s0f0_tx_bytes:0
4.7.0-strict:enp4s0f0_rx_packets_phy:0
4.7.0-strict:Total_tx_packets_phy:367290
4.7.0-strict:cpu_5:100
4.7.0-strict:cpu_25:9.8
4.7.0-strict:cpu_0:23.53
4.7.0-strict:cpu_2:56.86
4.7.0-strict:cpu_4:21.57
4.7.0-strict:cpu_27:8.82
4.7.0-strict:cpu_7:97.06
4.7.0-strict:SKT1_l2miss:164000000
4.7.0-strict:enp4s0f1_rx_packets_phy:0
4.7.0-strict:TOTAL_l3hit:0.51
4.7.0-strict:SKT0_l3mpi:0
4.7.0-strict:SKT1_l3miss:59000000
4.7.0-strict:cpu_21:7.84
4.7.0-strict:enp130s0f0_tx_packets_phy:367290
4.7.0-strict:Total_rx_packets_phy:367294
4.7.0-strict:Total_rx_bytes_phy:23506821
4.7.0-strict:Write:395.51
4.7.0-strict:SKT0_l2mpi:0
4.7.0-strict:Memory:2162.07
4.7.0-strict:cpu_12:26.47
4.7.0-strict:enp4s0f1_tx_packets:0
4.7.0-strict:map:1
4.7.0-strict:enp4s0f0_rx_bytes_phy:0
4.7.0-strict:enp130s0f0_rx_bytes:22033485
4.7.0-strict:enp130s0f1_rx_packets:0
4.7.0-strict:cpu_9:2.94
4.7.0-strict:enp4s0f1_tx_bytes_phy:0
4.7.0-strict:cpu_20:5.88
4.7.0-strict:enp4s0f0_tx_packets:0
4.7.0-strict:enp4s0f0_tx_packets_phy:0
4.7.0-strict:enp4s0f1_rx_bytes_phy:0
4.7.0-strict:enp130s0f1_rx_bytes_phy:0
4.7.0-strict:Total_rx_bytes:22033485
4.7.0-strict:Total_rx_packets:367224
4.7.0-strict:SKT1_l3mpi:0
4.7.0-strict:SKT0_l2miss:87000000
4.7.0-strict:SKT1_l2hit:0.51
4.7.0-strict:LLC-store-misses:47340361
4.7.0-strict:SKT0_l3hit:0.27
4.7.0-strict:enp4s0f1_tx_queue_stopped:0
4.7.0-strict:cpu_1:99.02
4.7.0-strict:cpu_3:8.82
4.7.0-strict:Total_tx_bytes:22032898
4.7.0-strict:SKT1_l2mpi:0
4.7.0-strict:enp130s0f1_tx_queue_stopped:0
4.7.0-strict:TOTAL_l3miss:123000000
4.7.0-strict:enp4s0f0_rx_bytes:0
4.7.0-strict:SKT0_l2hit:0.75
4.7.0-strict:enp130s0f1_tx_packets_phy:0
4.7.0-strict:cpu_26:4.9
4.7.0-strict:TOTAL_l2miss:252000000
4.7.0-strict:SKT0_ipc:0.45
4.7.0-strict:enp130s0f0_tx_bytes_phy:23506509
4.7.0-strict:TOTAL_l2mpi:0
4.7.0-strict:Total_tx_bytes_phy:23506571
4.7.0-strict:212992:212992
4.7.0-strict:cpu_14:19.61
4.7.0-strict:enp4s0f1_tx_bytes:0
4.7.0-strict:TOTAL_ipc:0.43
4.7.0-strict:enp130s0f0_rx_packets_phy:367294
4.7.0-strict:cpu_13:9.8
4.7.0-strict:cpu_18:42.16
4.7.0-strict:cpu_15:8.82
4.7.0-strict:cpu_8:22.55
4.7.0-strict:cpu_23:8.82
4.7.0-strict:enp4s0f1_rx_packets:0
4.7.0-strict:enp130s0f0_tx_bytes:22032840
4.7.0-strict:enp130s0f1_tx_bytes:58
4.7.0-strict:cycles:109115285081
4.7.0-strict:enp4s0f1_tx_packets_phy:0
4.7.0-strict:cpu_19:8.82
4.7.0-strict:TOTAL_l2hit:0.63
4.7.0-unsafe:enp4s0f0_tx_bytes_phy:0
4.7.0-unsafe:enp130s0f1_rx_packets_phy:0
4.7.0-unsafe:enp130s0f0_rx_bytes_phy:104889837
4.7.0-unsafe:LLC-store:536258562
4.7.0-unsafe:enp130s0f0_tx_packets:1638867
4.7.0-unsafe:enp4s0f0_tx_bytes:0
4.7.0-unsafe:Total_tx_packets_phy:1638906
4.7.0-unsafe:enp4s0f0_rx_packets_phy:0
4.7.0-unsafe:cpu_5:76.47
4.7.0-unsafe:cpu_25:55.88
4.7.0-unsafe:cpu_2:21.57
4.7.0-unsafe:cpu_0:15.69
4.7.0-unsafe:cpu_4:27.45
4.7.0-unsafe:cpu_27:57.84
4.7.0-unsafe:SKT1_l2miss:756000000
4.7.0-unsafe:cpu_7:67.65
4.7.0-unsafe:enp4s0f1_rx_packets_phy:0
4.7.0-unsafe:TOTAL_l3hit:0.73
4.7.0-unsafe:SKT0_l3mpi:0
4.7.0-unsafe:SKT1_l3miss:120000000
4.7.0-unsafe:enp130s0f1_rx_bytes:0
4.7.0-unsafe:cpu_24:35.29
4.7.0-unsafe:enp4s0f0_rx_packets:0
4.7.0-unsafe:cpu_16:34.31
4.7.0-unsafe:TOTAL_l3mpi:0
4.7.0-unsafe:Total_tx_packets:1638867
4.7.0-unsafe:Read:3222.91
4.7.0-unsafe:enp130s0f0_rx_packets:1638896
4.7.0-unsafe:instructions:139968987978
4.7.0-unsafe:enp4s0f0_tx_queue_stopped:0
4.7.0-unsafe:cache-misses:231621490
4.7.0-unsafe:enp4s0f1_rx_bytes:0
4.7.0-unsafe:SKT0_l3miss:133000000
4.7.0-unsafe:cpu_17:55.88
4.7.0-unsafe:cpu_6:6.86
4.7.0-unsafe:enp130s0f1_tx_packets:0
4.7.0-unsafe:SKT1_l3hit:0.84
4.7.0-unsafe:cpu_10:34.31
4.7.0-unsafe:LLC-load:1081710217
4.7.0-unsafe:enp130s0f1_tx_bytes_phy:62
4.7.0-unsafe:cpu_11:68.63
4.7.0-unsafe:SKT1_ipc:0.77
4.7.0-unsafe:LLC-load-misses:141157315
4.7.0-unsafe:Total_tx_queue_stopped:0
4.7.0-unsafe:cpu_22:35.29
4.7.0-unsafe:cache-references:2385088194
4.7.0-unsafe:cpu_total:48.91
4.7.0-unsafe:enp130s0f0_tx_queue_stopped:0
4.7.0-unsafe:enp130s0f1_tx_queue_stopped:0
4.7.0-unsafe:SKT0_l2hit:0.77
4.7.0-unsafe:TOTAL_l3miss:253000000
4.7.0-unsafe:enp4s0f0_rx_bytes:0
4.7.0-unsafe:enp130s0f1_tx_packets_phy:0
4.7.0-unsafe:TOTAL_l2miss:938000000
4.7.0-unsafe:cpu_26:42.16
4.7.0-unsafe:SKT0_ipc:0.69
4.7.0-unsafe:enp130s0f0_tx_bytes_phy:104890395
4.7.0-unsafe:TOTAL_l2mpi:0.01
4.7.0-unsafe:Total_tx_bytes_phy:104890457
4.7.0-unsafe:212992:212992
4.7.0-unsafe:cpu_14:25.49
4.7.0-unsafe:enp4s0f1_tx_bytes:0
4.7.0-unsafe:TOTAL_ipc:0.74
4.7.0-unsafe:enp130s0f0_rx_packets_phy:1638903
4.7.0-unsafe:cpu_13:64.71
4.7.0-unsafe:cpu_18:40.2
4.7.0-unsafe:cpu_15:74.51
4.7.0-unsafe:cpu_8:30.39
4.7.0-unsafe:enp4s0f1_rx_packets:0
4.7.0-unsafe:cpu_23:67.65
4.7.0-unsafe:enp130s0f0_tx_bytes:98332075
4.7.0-unsafe:enp130s0f1_tx_bytes:58
4.7.0-unsafe:cycles:188050185198
4.7.0-unsafe:cpu_19:60.78
4.7.0-unsafe:enp4s0f1_tx_packets_phy:0
4.7.0-unsafe:TOTAL_l2hit:0.66
4.7.0-unsafe:cpu_21:67.65
4.7.0-unsafe:enp130s0f0_tx_packets_phy:1638906
4.7.0-unsafe:Total_rx_packets_phy:1638903
4.7.0-unsafe:Total_rx_bytes_phy:104889837
4.7.0-unsafe:Write:731.75
4.7.0-unsafe:cpu_12:23.53
4.7.0-unsafe:SKT0_l2mpi:0
4.7.0-unsafe:Memory:3954.66
4.7.0-unsafe:enp4s0f1_tx_packets:0
4.7.0-unsafe:enp4s0f0_rx_bytes_phy:0
4.7.0-unsafe:enp130s0f0_rx_bytes:98333816
4.7.0-unsafe:enp130s0f1_rx_packets:0
4.7.0-unsafe:enp4s0f1_tx_bytes_phy:0
4.7.0-unsafe:cpu_9:80.39
4.7.0-unsafe:cpu_20:39.22
4.7.0-unsafe:enp4s0f0_tx_packets_phy:0
4.7.0-unsafe:enp4s0f0_tx_packets:0
4.7.0-unsafe:enp4s0f1_rx_bytes_phy:0
4.7.0-unsafe:enp130s0f1_rx_bytes_phy:0
4.7.0-unsafe:Total_rx_packets:1638896
4.7.0-unsafe:Total_rx_bytes:98333816
4.7.0-unsafe:SKT1_l3mpi:0
4.7.0-unsafe:SKT1_l2hit:0.61
4.7.0-unsafe:LLC-store-misses:79504396
4.7.0-unsafe:SKT0_l2miss:181000000
4.7.0-unsafe:SKT0_l3hit:0.26
4.7.0-unsafe:enp4s0f1_tx_queue_stopped:0
4.7.0-unsafe:cpu_1:76.47
4.7.0-unsafe:cpu_3:83.33
4.7.0-unsafe:Total_tx_bytes:98332133
4.7.0-unsafe:SKT1_l2mpi:0.01
