4.7.0-copy-plus-hp-strict:TOTAL_l2miss:158000000
4.7.0-copy-plus-hp-strict:Total_rx_bytes:1528189
4.7.0-copy-plus-hp-strict:cycles:16153672756
4.7.0-copy-plus-hp-strict:enp4s0f0_tx_queue_stopped:0
4.7.0-copy-plus-hp-strict:enp4s0f1_tx_bytes_phy:5253777263
4.7.0-copy-plus-hp-strict:enp4s0f0_rx_packets_phy:0
4.7.0-copy-plus-hp-strict:enp4s0f1_rx_packets_phy:22782
4.7.0-copy-plus-hp-strict:enp4s0f0_rx_bytes_phy:0
4.7.0-copy-plus-hp-strict:cpu_23:0
4.7.0-copy-plus-hp-strict:TOTAL_l2hit:0.74
4.7.0-copy-plus-hp-strict:Total_tx_bytes_phy:5253777263
4.7.0-copy-plus-hp-strict:enp130s0f1_tx_bytes_phy:0
4.7.0-copy-plus-hp-strict:enp130s0f0_tx_bytes:0
4.7.0-copy-plus-hp-strict:cpu_4:0
4.7.0-copy-plus-hp-strict:enp130s0f1_rx_bytes:0
4.7.0-copy-plus-hp-strict:instructions:5148784611
4.7.0-copy-plus-hp-strict:cpu_7:0
4.7.0-copy-plus-hp-strict:cpu_12:0
4.7.0-copy-plus-hp-strict:TOTAL_ipc:0.32
4.7.0-copy-plus-hp-strict:enp130s0f0_tx_packets_phy:0
4.7.0-copy-plus-hp-strict:enp4s0f0_tx_bytes:0
4.7.0-copy-plus-hp-strict:SKT0_l3mpi:0
4.7.0-copy-plus-hp-strict:cpu_11:0
4.7.0-copy-plus-hp-strict:cpu_27:0
4.7.0-copy-plus-hp-strict:SKT0_l2miss:1166000
4.7.0-copy-plus-hp-strict:enp4s0f0_tx_packets_phy:0
4.7.0-copy-plus-hp-strict:cpu_total:3.02
4.7.0-copy-plus-hp-strict:Read:5172.73
4.7.0-copy-plus-hp-strict:enp130s0f0_rx_bytes:0
4.7.0-copy-plus-hp-strict:cpu_0:0
4.7.0-copy-plus-hp-strict:enp130s0f1_rx_packets:0
4.7.0-copy-plus-hp-strict:cpu_13:0
4.7.0-copy-plus-hp-strict:SKT1_ipc:0.32
4.7.0-copy-plus-hp-strict:cpu_2:0
4.7.0-copy-plus-hp-strict:cpu_22:0
4.7.0-copy-plus-hp-strict:cpu_18:0
4.7.0-copy-plus-hp-strict:Memory:5251.43
4.7.0-copy-plus-hp-strict:cpu_6:0
4.7.0-copy-plus-hp-strict:enp130s0f0_tx_packets:0
4.7.0-copy-plus-hp-strict:Total_rx_bytes_phy:1617923
4.7.0-copy-plus-hp-strict:enp4s0f1_rx_bytes:1528189
4.7.0-copy-plus-hp-strict:cpu_26:0
4.7.0-copy-plus-hp-strict:TOTAL_l2mpi:0.03
4.7.0-copy-plus-hp-strict:cpu_9:0
4.7.0-copy-plus-hp-strict:SKT0_l2mpi:0.02
4.7.0-copy-plus-hp-strict:SKT1_l2mpi:0.03
4.7.0-copy-plus-hp-strict:enp130s0f0_tx_bytes_phy:0
4.7.0-copy-plus-hp-strict:enp130s0f0_rx_packets_phy:0
4.7.0-copy-plus-hp-strict:enp4s0f0_rx_bytes:0
4.7.0-copy-plus-hp-strict:SKT0_ipc:0.37
4.7.0-copy-plus-hp-strict:cpu_25:0
4.7.0-copy-plus-hp-strict:TOTAL_l3miss:5844000
4.7.0-copy-plus-hp-strict:enp4s0f0_tx_bytes_phy:0
4.7.0-copy-plus-hp-strict:cpu_16:0
4.7.0-copy-plus-hp-strict:cpu_20:0
4.7.0-copy-plus-hp-strict:cpu_10:0
4.7.0-copy-plus-hp-strict:SKT1_l2miss:157000000
4.7.0-copy-plus-hp-strict:TOTAL_l3hit:0.96
4.7.0-copy-plus-hp-strict:cache-misses:5648341
4.7.0-copy-plus-hp-strict:SKT0_l2hit:0.13
4.7.0-copy-plus-hp-strict:enp130s0f1_tx_bytes:0
4.7.0-copy-plus-hp-strict:SKT1_l2hit:0.74
4.7.0-copy-plus-hp-strict:Total_rx_packets:22801
4.7.0-copy-plus-hp-strict:LLC-store-misses:824077
4.7.0-copy-plus-hp-strict:enp4s0f1_tx_queue_stopped:0
4.7.0-copy-plus-hp-strict:enp130s0f1_tx_queue_stopped:0
4.7.0-copy-plus-hp-strict:enp130s0f1_tx_packets:0
4.7.0-copy-plus-hp-strict:Total_tx_bytes:5251862948
4.7.0-copy-plus-hp-strict:enp130s0f1_tx_packets_phy:0
4.7.0-copy-plus-hp-strict:cpu_24:0
4.7.0-copy-plus-hp-strict:SKT0_l3miss:161000
4.7.0-copy-plus-hp-strict:enp130s0f1_rx_bytes_phy:0
4.7.0-copy-plus-hp-strict:cpu_5:0
4.7.0-copy-plus-hp-strict:enp130s0f0_tx_queue_stopped:0
4.7.0-copy-plus-hp-strict:LLC-load:271500717
4.7.0-copy-plus-hp-strict:enp130s0f0_rx_bytes_phy:0
4.7.0-copy-plus-hp-strict:SKT1_l3miss:5683000
4.7.0-copy-plus-hp-strict:Total_tx_packets:84975
4.7.0-copy-plus-hp-strict:cpu_3:0
4.7.0-copy-plus-hp-strict:enp130s0f1_rx_packets_phy:0
4.7.0-copy-plus-hp-strict:cpu_8:0
4.7.0-copy-plus-hp-strict:TOTAL_l3mpi:0
4.7.0-copy-plus-hp-strict:cpu_21:0
4.7.0-copy-plus-hp-strict:Total_tx_queue_stopped:0
4.7.0-copy-plus-hp-strict:enp130s0f0_rx_packets:0
4.7.0-copy-plus-hp-strict:SKT1_l3hit:0.96
4.7.0-copy-plus-hp-strict:Total_tx_packets_phy:584128
4.7.0-copy-plus-hp-strict:Total_rx_packets_phy:22782
4.7.0-copy-plus-hp-strict:enp4s0f1_rx_bytes_phy:1617923
4.7.0-copy-plus-hp-strict:cpu_17:0
4.7.0-copy-plus-hp-strict:enp4s0f1_tx_packets:84975
4.7.0-copy-plus-hp-strict:cpu_1:100
4.7.0-copy-plus-hp-strict:SKT0_l3hit:0.86
4.7.0-copy-plus-hp-strict:enp4s0f1_rx_packets:22801
4.7.0-copy-plus-hp-strict:enp4s0f0_rx_packets:0
4.7.0-copy-plus-hp-strict:cache-references:1913593469
4.7.0-copy-plus-hp-strict:LLC-load-misses:2630014
4.7.0-copy-plus-hp-strict:cpu_15:0
4.7.0-copy-plus-hp-strict:LLC-store:829136913
4.7.0-copy-plus-hp-strict:SKT1_l3mpi:0
4.7.0-copy-plus-hp-strict:Write:78.7
4.7.0-copy-plus-hp-strict:16384:87380
4.7.0-copy-plus-hp-strict:enp4s0f1_tx_packets_phy:584128
4.7.0-copy-plus-hp-strict:enp4s0f1_tx_bytes:5251862948
4.7.0-copy-plus-hp-strict:enp4s0f0_tx_packets:0
4.7.0-copy-plus-hp-strict:cpu_19:0
4.7.0-copy-plus-hp-strict:cpu_14:0
4.7.0-damn-strict:cpu_18:0
4.7.0-damn-strict:cpu_2:0
4.7.0-damn-strict:cpu_22:0
4.7.0-damn-strict:enp130s0f1_rx_packets:0
4.7.0-damn-strict:SKT1_ipc:0.33
4.7.0-damn-strict:cpu_13:0
4.7.0-damn-strict:SKT1_l2mpi:0.02
4.7.0-damn-strict:enp130s0f0_tx_bytes_phy:0
4.7.0-damn-strict:enp4s0f1_rx_bytes:2278267
4.7.0-damn-strict:Total_rx_bytes_phy:2409456
4.7.0-damn-strict:enp130s0f0_tx_packets:0
4.7.0-damn-strict:cpu_6:0
4.7.0-damn-strict:Memory:9085.75
4.7.0-damn-strict:TOTAL_l2mpi:0.02
4.7.0-damn-strict:cpu_9:0
4.7.0-damn-strict:SKT0_l2mpi:0.02
4.7.0-damn-strict:cpu_26:0
4.7.0-damn-strict:enp4s0f0_rx_bytes:0
4.7.0-damn-strict:enp130s0f0_rx_packets_phy:0
4.7.0-damn-strict:enp4s0f0_tx_bytes_phy:0
4.7.0-damn-strict:TOTAL_l3miss:22000000
4.7.0-damn-strict:cpu_25:0
4.7.0-damn-strict:cpu_20:0
4.7.0-damn-strict:cpu_16:0
4.7.0-damn-strict:SKT0_ipc:0.43
4.7.0-damn-strict:cpu_23:0
4.7.0-damn-strict:enp4s0f0_rx_bytes_phy:0
4.7.0-damn-strict:enp4s0f1_rx_packets_phy:33133
4.7.0-damn-strict:cycles:16195837344
4.7.0-damn-strict:Total_rx_bytes:2278267
4.7.0-damn-strict:enp4s0f0_tx_queue_stopped:0
4.7.0-damn-strict:TOTAL_l2miss:124000000
4.7.0-damn-strict:enp4s0f1_tx_bytes_phy:8208140812
4.7.0-damn-strict:enp4s0f0_rx_packets_phy:0
4.7.0-damn-strict:cpu_4:0
4.7.0-damn-strict:enp130s0f0_tx_bytes:0
4.7.0-damn-strict:cpu_12:0
4.7.0-damn-strict:TOTAL_ipc:0.33
4.7.0-damn-strict:cpu_7:0
4.7.0-damn-strict:instructions:5338509029
4.7.0-damn-strict:enp130s0f1_rx_bytes:0
4.7.0-damn-strict:TOTAL_l2hit:0.67
4.7.0-damn-strict:Total_tx_bytes_phy:8208140812
4.7.0-damn-strict:enp130s0f1_tx_bytes_phy:0
4.7.0-damn-strict:cpu_27:0
4.7.0-damn-strict:cpu_11:0
4.7.0-damn-strict:SKT0_l2miss:1385000
4.7.0-damn-strict:enp4s0f0_tx_bytes:0
4.7.0-damn-strict:enp130s0f0_tx_packets_phy:0
4.7.0-damn-strict:SKT0_l3mpi:0
4.7.0-damn-strict:cpu_0:0
4.7.0-damn-strict:enp130s0f0_rx_bytes:0
4.7.0-damn-strict:enp4s0f0_tx_packets_phy:0
4.7.0-damn-strict:cpu_total:3.16
4.7.0-damn-strict:Read:8382.67
4.7.0-damn-strict:SKT1_l3hit:0.82
4.7.0-damn-strict:Total_tx_packets_phy:910438
4.7.0-damn-strict:enp130s0f0_rx_packets:0
4.7.0-damn-strict:Total_tx_queue_stopped:0
4.7.0-damn-strict:Total_rx_packets_phy:33133
4.7.0-damn-strict:cpu_21:0
4.7.0-damn-strict:TOTAL_l3mpi:0
4.7.0-damn-strict:enp4s0f1_rx_packets:33150
4.7.0-damn-strict:SKT0_l3hit:0.86
4.7.0-damn-strict:cpu_1:100
4.7.0-damn-strict:enp4s0f1_tx_packets:130436
4.7.0-damn-strict:cpu_17:0
4.7.0-damn-strict:enp4s0f1_rx_bytes_phy:2409456
4.7.0-damn-strict:LLC-store:650797287
4.7.0-damn-strict:cpu_15:0
4.7.0-damn-strict:16384:87380
4.7.0-damn-strict:Write:703.08
4.7.0-damn-strict:SKT1_l3mpi:0
4.7.0-damn-strict:enp4s0f0_rx_packets:0
4.7.0-damn-strict:cache-references:1533574620
4.7.0-damn-strict:LLC-load-misses:10401772
4.7.0-damn-strict:cpu_19:0
4.7.0-damn-strict:enp4s0f0_tx_packets:0
4.7.0-damn-strict:enp4s0f1_tx_bytes:8205169778
4.7.0-damn-strict:cpu_14:0.97
4.7.0-damn-strict:enp4s0f1_tx_packets_phy:910438
4.7.0-damn-strict:TOTAL_l3hit:0.82
4.7.0-damn-strict:cache-misses:23069799
4.7.0-damn-strict:SKT1_l2miss:123000000
4.7.0-damn-strict:cpu_10:0
4.7.0-damn-strict:SKT1_l2hit:0.68
4.7.0-damn-strict:enp130s0f1_tx_bytes:0
4.7.0-damn-strict:enp4s0f1_tx_queue_stopped:0
4.7.0-damn-strict:LLC-store-misses:6985754
4.7.0-damn-strict:Total_rx_packets:33150
4.7.0-damn-strict:SKT0_l2hit:0.15
4.7.0-damn-strict:enp130s0f1_rx_bytes_phy:0
4.7.0-damn-strict:cpu_5:0
4.7.0-damn-strict:SKT0_l3miss:198000
4.7.0-damn-strict:cpu_24:0
4.7.0-damn-strict:LLC-load:240573020
4.7.0-damn-strict:enp130s0f0_tx_queue_stopped:0
4.7.0-damn-strict:enp130s0f1_tx_queue_stopped:0
4.7.0-damn-strict:enp130s0f1_tx_packets_phy:0
4.7.0-damn-strict:enp130s0f1_tx_packets:0
4.7.0-damn-strict:Total_tx_bytes:8205169778
4.7.0-damn-strict:enp130s0f1_rx_packets_phy:0
4.7.0-damn-strict:cpu_8:0
4.7.0-damn-strict:SKT1_l3miss:21000000
4.7.0-damn-strict:cpu_3:0
4.7.0-damn-strict:Total_tx_packets:130436
4.7.0-damn-strict:enp130s0f0_rx_bytes_phy:0
4.7.0-unsafe:enp4s0f0_rx_packets:0
4.7.0-unsafe:cache-references:1700605034
4.7.0-unsafe:LLC-load-misses:1652954
4.7.0-unsafe:cpu_15:0
4.7.0-unsafe:LLC-store:704623285
4.7.0-unsafe:SKT1_l3mpi:0
4.7.0-unsafe:Write:73
4.7.0-unsafe:16384:87380
4.7.0-unsafe:enp4s0f1_tx_packets_phy:996483
4.7.0-unsafe:enp4s0f1_tx_bytes:8977841898
4.7.0-unsafe:cpu_19:0
4.7.0-unsafe:enp4s0f0_tx_packets:0
4.7.0-unsafe:cpu_14:0
4.7.0-unsafe:TOTAL_l3mpi:0
4.7.0-unsafe:cpu_21:0
4.7.0-unsafe:Total_tx_queue_stopped:0
4.7.0-unsafe:SKT1_l3hit:0.97
4.7.0-unsafe:Total_tx_packets_phy:996483
4.7.0-unsafe:enp130s0f0_rx_packets:0
4.7.0-unsafe:Total_rx_packets_phy:42839
4.7.0-unsafe:enp4s0f1_rx_bytes_phy:3124149
4.7.0-unsafe:enp4s0f1_tx_packets:142887
4.7.0-unsafe:cpu_17:0
4.7.0-unsafe:cpu_1:100
4.7.0-unsafe:SKT0_l3hit:0.85
4.7.0-unsafe:enp4s0f1_rx_packets:42856
4.7.0-unsafe:enp130s0f1_tx_queue_stopped:0
4.7.0-unsafe:Total_tx_bytes:8977841898
4.7.0-unsafe:enp130s0f1_tx_packets:0
4.7.0-unsafe:enp130s0f1_tx_packets_phy:0
4.7.0-unsafe:cpu_24:0
4.7.0-unsafe:SKT0_l3miss:201000
4.7.0-unsafe:cpu_5:0
4.7.0-unsafe:enp130s0f1_rx_bytes_phy:0
4.7.0-unsafe:enp130s0f0_tx_queue_stopped:0
4.7.0-unsafe:LLC-load:259490138
4.7.0-unsafe:enp130s0f0_rx_bytes_phy:0
4.7.0-unsafe:cpu_3:0
4.7.0-unsafe:SKT1_l3miss:4274000
4.7.0-unsafe:Total_tx_packets:142887
4.7.0-unsafe:enp130s0f1_rx_packets_phy:0
4.7.0-unsafe:cpu_8:0
4.7.0-unsafe:cpu_10:0
4.7.0-unsafe:SKT1_l2miss:123000000
4.7.0-unsafe:TOTAL_l3hit:0.96
4.7.0-unsafe:cache-misses:3426604
4.7.0-unsafe:SKT0_l2hit:0.15
4.7.0-unsafe:enp130s0f1_tx_bytes:0
4.7.0-unsafe:SKT1_l2hit:0.71
4.7.0-unsafe:Total_rx_packets:42856
4.7.0-unsafe:LLC-store-misses:657496
4.7.0-unsafe:enp4s0f1_tx_queue_stopped:0
4.7.0-unsafe:enp130s0f0_rx_packets_phy:0
4.7.0-unsafe:enp4s0f0_rx_bytes:0
4.7.0-unsafe:SKT0_ipc:0.4
4.7.0-unsafe:cpu_25:0
4.7.0-unsafe:enp4s0f0_tx_bytes_phy:0
4.7.0-unsafe:TOTAL_l3miss:4476000
4.7.0-unsafe:cpu_16:0
4.7.0-unsafe:cpu_20:0
4.7.0-unsafe:enp130s0f1_rx_packets:0
4.7.0-unsafe:cpu_13:0
4.7.0-unsafe:SKT1_ipc:0.44
4.7.0-unsafe:cpu_22:0
4.7.0-unsafe:cpu_2:0
4.7.0-unsafe:cpu_18:0
4.7.0-unsafe:cpu_6:0.97
4.7.0-unsafe:Memory:8688.07
4.7.0-unsafe:Total_rx_bytes_phy:3124149
4.7.0-unsafe:enp4s0f1_rx_bytes:2954263
4.7.0-unsafe:enp130s0f0_tx_packets:0
4.7.0-unsafe:cpu_26:0
4.7.0-unsafe:TOTAL_l2mpi:0.02
4.7.0-unsafe:cpu_9:0
4.7.0-unsafe:SKT0_l2mpi:0.01
4.7.0-unsafe:SKT1_l2mpi:0.02
4.7.0-unsafe:enp130s0f0_tx_bytes_phy:0
4.7.0-unsafe:enp130s0f0_tx_packets_phy:0
4.7.0-unsafe:enp4s0f0_tx_bytes:0
4.7.0-unsafe:SKT0_l3mpi:0
4.7.0-unsafe:cpu_27:0
4.7.0-unsafe:cpu_11:0
4.7.0-unsafe:SKT0_l2miss:1386000
4.7.0-unsafe:enp4s0f0_tx_packets_phy:0
4.7.0-unsafe:cpu_total:3.16
4.7.0-unsafe:Read:8615.07
4.7.0-unsafe:cpu_0:0
4.7.0-unsafe:enp130s0f0_rx_bytes:0
4.7.0-unsafe:TOTAL_l2miss:124000000
4.7.0-unsafe:enp4s0f0_tx_queue_stopped:0
4.7.0-unsafe:cycles:16211014761
4.7.0-unsafe:Total_rx_bytes:2954263
4.7.0-unsafe:enp4s0f1_tx_bytes_phy:8982593211
4.7.0-unsafe:enp4s0f0_rx_packets_phy:0
4.7.0-unsafe:enp4s0f0_rx_bytes_phy:0
4.7.0-unsafe:enp4s0f1_rx_packets_phy:42839
4.7.0-unsafe:cpu_23:0
4.7.0-unsafe:TOTAL_l2hit:0.71
4.7.0-unsafe:enp130s0f1_tx_bytes_phy:0
4.7.0-unsafe:Total_tx_bytes_phy:8982593211
4.7.0-unsafe:enp130s0f0_tx_bytes:0
4.7.0-unsafe:cpu_4:0
4.7.0-unsafe:enp130s0f1_rx_bytes:0
4.7.0-unsafe:instructions:7082145298
4.7.0-unsafe:cpu_7:0
4.7.0-unsafe:cpu_12:0
4.7.0-unsafe:TOTAL_ipc:0.44
