4.7.0-copy-plus-strict:enp130s0f1_rx_packets_phy:0
4.7.0-copy-plus-strict:cpu_4:38.176
4.7.0-copy-plus-strict:enp4s0f1_rx_packets:0
4.7.0-copy-plus-strict:TOTAL_l3miss:665600000
4.7.0-copy-plus-strict:enp130s0f1_tx_packets_phy:0
4.7.0-copy-plus-strict:enp4s0f1_tx_bytes:0
4.7.0-copy-plus-strict:cpu_26:43.408
4.7.0-copy-plus-strict:cache-misses:1952595860.4
4.7.0-copy-plus-strict:enp4s0f1_rx_bytes:0
4.7.0-copy-plus-strict:enp130s0f1_rx_packets:0
4.7.0-copy-plus-strict:enp130s0f0_rx_bytes_phy:8941134825.8
4.7.0-copy-plus-strict:enp130s0f0_rx_bytes:8146984150.2
4.7.0-copy-plus-strict:TOTAL_l3mpi:0.06
4.7.0-copy-plus-strict:SKT1_ipc:0.23
4.7.0-copy-plus-strict:Total_rx_packets_phy:1320931.4
4.7.0-copy-plus-strict:enp4s0f0_rx_bytes_phy:0
4.7.0-copy-plus-strict:Total_tx_queue_stopped:1.6
4.7.0-copy-plus-strict:enp4s0f0_rx_packets_phy:0
4.7.0-copy-plus-strict:LLC-store:2499823522
4.7.0-copy-plus-strict:enp4s0f0_tx_queue_stopped:0
4.7.0-copy-plus-strict:Total_rx_bytes_phy:8941134825.8
4.7.0-copy-plus-strict:cycles:223474357486.8
4.7.0-copy-plus-strict:TOTAL_l2hit:0.368
4.7.0-copy-plus-strict:Total_tx_packets_phy:1155361
4.7.0-copy-plus-strict:LLC-load:1604694694.6
4.7.0-copy-plus-strict:cpu_27:100
4.7.0-copy-plus-strict:cpu_5:100
4.7.0-copy-plus-strict:cpu_19:100
4.7.0-copy-plus-strict:SKT1_l3mpi:0.046
4.7.0-copy-plus-strict:cpu_8:37.984
4.7.0-copy-plus-strict:SKT0_l2miss:356600000
4.7.0-copy-plus-strict:cpu_24:41.946
4.7.0-copy-plus-strict:TOTAL_ipc:0.206
4.7.0-copy-plus-strict:cpu_22:44.698
4.7.0-copy-plus-strict:cpu_12:38.74
4.7.0-copy-plus-strict:cpu_20:42.368
4.7.0-copy-plus-strict:instructions:41239093346.6
4.7.0-copy-plus-strict:cpu_0:41.412
4.7.0-copy-plus-strict:Read:25966.522
4.7.0-copy-plus-strict:SKT1_l3miss:355000000
4.7.0-copy-plus-strict:enp4s0f1_tx_bytes_phy:0
4.7.0-copy-plus-strict:Total_rx_packets:675978
4.7.0-copy-plus-strict:TOTAL_l3hit:0.26
4.7.0-copy-plus-strict:TOTAL_l2miss:895000000
4.7.0-copy-plus-strict:enp4s0f1_tx_packets:0
4.7.0-copy-plus-strict:SKT1_l2mpi:0.064
4.7.0-copy-plus-strict:SKT0_ipc:0.166
4.7.0-copy-plus-strict:enp130s0f0_tx_packets_phy:1155361
4.7.0-copy-plus-strict:Memory:58358.948
4.7.0-copy-plus-strict:iops:18502.8
4.7.0-copy-plus-strict:cpu_17:100
4.7.0-copy-plus-strict:enp130s0f0_tx_bytes_phy:7720302825
4.7.0-copy-plus-strict:cpu_11:100
4.7.0-copy-plus-strict:cache-references:7308705149.8
4.7.0-copy-plus-strict:enp4s0f0_tx_bytes:0
4.7.0-copy-plus-strict:enp130s0f0_tx_bytes:7702407841
4.7.0-copy-plus-strict:cpu_16:42.814
4.7.0-copy-plus-strict:Total_tx_bytes_phy:7720302825
4.7.0-copy-plus-strict:enp4s0f0_rx_packets:0
4.7.0-copy-plus-strict:cpu_15:100
4.7.0-copy-plus-strict:enp4s0f0_tx_packets:0
4.7.0-copy-plus-strict:SKT0_l3miss:310400000
4.7.0-copy-plus-strict:SKT0_l2hit:0.184
4.7.0-copy-plus-strict:cpu_18:41.806
4.7.0-copy-plus-strict:enp130s0f1_tx_queue_stopped:0
4.7.0-copy-plus-strict:enp130s0f0_tx_queue_stopped:1.6
4.7.0-copy-plus-strict:cpu_21:100
4.7.0-copy-plus-strict:SKT0_l3mpi:0.1
4.7.0-copy-plus-strict:enp4s0f1_tx_packets_phy:0
4.7.0-copy-plus-strict:SKT0_l3hit:0.134
4.7.0-copy-plus-strict:Write:32392.428
4.7.0-copy-plus-strict:TOTAL_l2mpi:0.078
4.7.0-copy-plus-strict:SKT1_l2miss:538200000
4.7.0-copy-plus-strict:SKT1_l3hit:0.34
4.7.0-copy-plus-strict:cpu_total:70.268
4.7.0-copy-plus-strict:enp130s0f0_rx_packets:675978
4.7.0-copy-plus-strict:cpu_1:100
4.7.0-copy-plus-strict:LLC-load-misses:667840742.8
4.7.0-copy-plus-strict:enp4s0f0_tx_packets_phy:0
4.7.0-copy-plus-strict:enp4s0f1_rx_packets_phy:0
4.7.0-copy-plus-strict:cpu_23:100
4.7.0-copy-plus-strict:enp130s0f0_rx_packets_phy:1320931.4
4.7.0-copy-plus-strict:cpu_3:100
4.7.0-copy-plus-strict:cpu_25:100
4.7.0-copy-plus-strict:cpu_10:36.634
4.7.0-copy-plus-strict:enp130s0f0_tx_packets:696820.8
4.7.0-copy-plus-strict:cpu_9:100
4.7.0-copy-plus-strict:Total_tx_packets:696820.8
4.7.0-copy-plus-strict:cpu_6:40.656
4.7.0-copy-plus-strict:Total_tx_bytes:7702407841
4.7.0-copy-plus-strict:SKT1_l2hit:0.45
4.7.0-copy-plus-strict:enp4s0f0_rx_bytes:0
4.7.0-copy-plus-strict:cpu_14:36.902
4.7.0-copy-plus-strict:LLC-store-misses:265489257.2
4.7.0-copy-plus-strict:enp130s0f1_rx_bytes_phy:0
4.7.0-copy-plus-strict:enp130s0f1_tx_packets:0
4.7.0-copy-plus-strict:enp130s0f1_tx_bytes:0
4.7.0-copy-plus-strict:enp4s0f0_tx_bytes_phy:0
4.7.0-copy-plus-strict:enp130s0f1_tx_bytes_phy:0
4.7.0-copy-plus-strict:Total_rx_bytes:8146984150.2
4.7.0-copy-plus-strict:enp4s0f1_tx_queue_stopped:0
4.7.0-copy-plus-strict:enp130s0f1_rx_bytes:0
4.7.0-copy-plus-strict:SKT0_l2mpi:0.112
4.7.0-copy-plus-strict:cpu_2:40.59
4.7.0-copy-plus-strict:enp4s0f1_rx_bytes_phy:0
4.7.0-copy-plus-strict:cpu_13:99.616
4.7.0-copy-plus-strict:cpu_7:100
4.7.0-damn-strict:enp4s0f1_rx_bytes:0
4.7.0-damn-strict:enp130s0f0_rx_bytes_phy:7822729313.6
4.7.0-damn-strict:enp130s0f1_rx_packets:0
4.7.0-damn-strict:enp130s0f0_rx_bytes:7733330523
4.7.0-damn-strict:cpu_4:61.568
4.7.0-damn-strict:enp130s0f1_rx_packets_phy:0
4.7.0-damn-strict:enp4s0f1_rx_packets:0
4.7.0-damn-strict:enp130s0f1_tx_packets_phy:0
4.7.0-damn-strict:TOTAL_l3miss:171600000
4.7.0-damn-strict:cache-misses:1286596340
4.7.0-damn-strict:enp4s0f1_tx_bytes:0
4.7.0-damn-strict:cpu_26:29.802
4.7.0-damn-strict:Total_rx_bytes_phy:7822729313.6
4.7.0-damn-strict:enp4s0f0_tx_queue_stopped:0
4.7.0-damn-strict:LLC-load:1093403756.2
4.7.0-damn-strict:cycles:152643714472.8
4.7.0-damn-strict:TOTAL_l2hit:0.168
4.7.0-damn-strict:Total_tx_packets_phy:1101509
4.7.0-damn-strict:cpu_5:60.39
4.7.0-damn-strict:cpu_27:36.47
4.7.0-damn-strict:cpu_19:43.724
4.7.0-damn-strict:TOTAL_l3mpi:0.012
4.7.0-damn-strict:SKT1_ipc:0.496
4.7.0-damn-strict:Total_rx_packets_phy:1284755.4
4.7.0-damn-strict:enp4s0f0_rx_bytes_phy:0
4.7.0-damn-strict:Total_tx_queue_stopped:0.8
4.7.0-damn-strict:LLC-store:1401861599
4.7.0-damn-strict:enp4s0f0_rx_packets_phy:0
4.7.0-damn-strict:cpu_20:29.606
4.7.0-damn-strict:instructions:51895205275.6
4.7.0-damn-strict:TOTAL_ipc:0.502
4.7.0-damn-strict:SKT1_l3mpi:0.012
4.7.0-damn-strict:cpu_24:30.194
4.7.0-damn-strict:SKT0_l2miss:102600000
4.7.0-damn-strict:cpu_8:29.998
4.7.0-damn-strict:cpu_22:29.802
4.7.0-damn-strict:cpu_12:46.664
4.7.0-damn-strict:Memory:59871.45
4.7.0-damn-strict:iops:18766.7
4.7.0-damn-strict:cpu_17:52.352
4.7.0-damn-strict:enp130s0f0_tx_bytes_phy:8331590320
4.7.0-damn-strict:cpu_11:52.744
4.7.0-damn-strict:cache-references:4497863925.4
4.7.0-damn-strict:cpu_0:31.37
4.7.0-damn-strict:TOTAL_l2miss:216800000
4.7.0-damn-strict:TOTAL_l3hit:0.238
4.7.0-damn-strict:enp4s0f1_tx_packets:0
4.7.0-damn-strict:Total_rx_packets:663477.8
4.7.0-damn-strict:SKT1_l3miss:89200000
4.7.0-damn-strict:Read:29693.324
4.7.0-damn-strict:enp4s0f1_tx_bytes_phy:0
4.7.0-damn-strict:SKT0_ipc:0.528
4.7.0-damn-strict:SKT1_l2mpi:0.018
4.7.0-damn-strict:enp130s0f0_tx_packets_phy:1101509
4.7.0-damn-strict:enp4s0f0_tx_packets:0
4.7.0-damn-strict:cpu_15:46.272
4.7.0-damn-strict:enp4s0f0_rx_packets:0
4.7.0-damn-strict:SKT0_l3miss:82070400
4.7.0-damn-strict:enp130s0f1_tx_queue_stopped:0
4.7.0-damn-strict:enp130s0f0_tx_queue_stopped:0.8
4.7.0-damn-strict:SKT0_l2hit:0.17
4.7.0-damn-strict:cpu_18:30.39
4.7.0-damn-strict:enp4s0f1_tx_packets_phy:0
4.7.0-damn-strict:cpu_21:38.234
4.7.0-damn-strict:SKT0_l3mpi:0.018
4.7.0-damn-strict:enp130s0f0_tx_bytes:8328840687
4.7.0-damn-strict:enp4s0f0_tx_bytes:0
4.7.0-damn-strict:cpu_16:29.41
4.7.0-damn-strict:Total_tx_bytes_phy:8331590320
4.7.0-damn-strict:cpu_23:38.626
4.7.0-damn-strict:enp4s0f1_rx_packets_phy:0
4.7.0-damn-strict:enp130s0f0_rx_packets_phy:1284755.4
4.7.0-damn-strict:cpu_25:45.684
4.7.0-damn-strict:cpu_3:85.882
4.7.0-damn-strict:cpu_10:57.056
4.7.0-damn-strict:SKT0_l3hit:0.3
4.7.0-damn-strict:SKT1_l2miss:113800000
4.7.0-damn-strict:TOTAL_l2mpi:0.02
4.7.0-damn-strict:Write:30178.124
4.7.0-damn-strict:SKT1_l3hit:0.26
4.7.0-damn-strict:cpu_total:44.544
4.7.0-damn-strict:enp4s0f0_tx_packets_phy:0
4.7.0-damn-strict:LLC-load-misses:474018875.4
4.7.0-damn-strict:cpu_1:40.984
4.7.0-damn-strict:enp130s0f0_rx_packets:663477.8
4.7.0-damn-strict:LLC-store-misses:279792896.2
4.7.0-damn-strict:enp130s0f1_tx_packets:0
4.7.0-damn-strict:enp130s0f1_tx_bytes:0
4.7.0-damn-strict:enp130s0f1_rx_bytes_phy:0
4.7.0-damn-strict:enp4s0f0_tx_bytes_phy:0
4.7.0-damn-strict:enp130s0f1_tx_bytes_phy:0
4.7.0-damn-strict:enp130s0f0_tx_packets:754741.4
4.7.0-damn-strict:cpu_9:42.742
4.7.0-damn-strict:Total_tx_bytes:8328840687
4.7.0-damn-strict:cpu_6:61.372
4.7.0-damn-strict:Total_tx_packets:754741.4
4.7.0-damn-strict:SKT1_l2hit:0.176
4.7.0-damn-strict:enp4s0f0_rx_bytes:0
4.7.0-damn-strict:cpu_14:31.958
4.7.0-damn-strict:cpu_7:50.194
4.7.0-damn-strict:enp4s0f1_tx_queue_stopped:0
4.7.0-damn-strict:Total_rx_bytes:7733330523
4.7.0-damn-strict:enp130s0f1_rx_bytes:0
4.7.0-damn-strict:SKT0_l2mpi:0.022
4.7.0-damn-strict:cpu_2:63.924
4.7.0-damn-strict:cpu_13:50.392
4.7.0-damn-strict:enp4s0f1_rx_bytes_phy:0
4.7.0-deff:SKT1_l3mpi:0.004
4.7.0-deff:SKT0_l2miss:100000000
4.7.0-deff:cpu_24:31.838
4.7.0-deff:cpu_8:32.61
4.7.0-deff:TOTAL_ipc:0.536
4.7.0-deff:cpu_22:31.442
4.7.0-deff:cpu_12:31.638
4.7.0-deff:cpu_20:33.004
4.7.0-deff:instructions:66805667583.4
4.7.0-deff:cpu_0:31.64
4.7.0-deff:Total_rx_packets:680531.8
4.7.0-deff:SKT1_l3miss:82000000
4.7.0-deff:Read:30417.778
4.7.0-deff:enp4s0f1_tx_bytes_phy:0
4.7.0-deff:enp4s0f1_tx_packets:0
4.7.0-deff:TOTAL_l3hit:0.374
4.7.0-deff:TOTAL_l2miss:209600000
4.7.0-deff:SKT1_l2mpi:0.006
4.7.0-deff:SKT0_ipc:0.5
4.7.0-deff:enp130s0f0_tx_packets_phy:1109609.8
4.7.0-deff:iops:18553
4.7.0-deff:Memory:60725.532
4.7.0-deff:cpu_17:72.882
4.7.0-deff:enp130s0f0_tx_bytes_phy:8369599880
4.7.0-deff:cache-references:4846718903.4
4.7.0-deff:cpu_11:68.164
4.7.0-deff:enp130s0f1_rx_packets_phy:0
4.7.0-deff:cpu_4:31.834
4.7.0-deff:enp4s0f1_rx_packets:0
4.7.0-deff:TOTAL_l3miss:160800000
4.7.0-deff:enp130s0f1_tx_packets_phy:0
4.7.0-deff:enp4s0f1_tx_bytes:0
4.7.0-deff:cpu_26:31.83
4.7.0-deff:cache-misses:1338018560.4
4.7.0-deff:enp4s0f1_rx_bytes:0
4.7.0-deff:enp130s0f0_rx_bytes_phy:7954166166.2
4.7.0-deff:enp130s0f1_rx_packets:0
4.7.0-deff:enp130s0f0_rx_bytes:7809720136
4.7.0-deff:SKT1_ipc:0.558
4.7.0-deff:TOTAL_l3mpi:0.008
4.7.0-deff:Total_rx_packets_phy:1308303.6
4.7.0-deff:enp4s0f0_rx_bytes_phy:0
4.7.0-deff:Total_tx_queue_stopped:0.8
4.7.0-deff:enp4s0f0_rx_packets_phy:0
4.7.0-deff:LLC-store:1452513610.6
4.7.0-deff:enp4s0f0_tx_queue_stopped:0
4.7.0-deff:Total_rx_bytes_phy:7954166166.2
4.7.0-deff:Total_tx_packets_phy:1109609.8
4.7.0-deff:TOTAL_l2hit:0.178
4.7.0-deff:cycles:171412742355.2
4.7.0-deff:LLC-load:1198421306.2
4.7.0-deff:cpu_27:70.316
4.7.0-deff:cpu_5:73.632
4.7.0-deff:cpu_19:68.75
4.7.0-deff:enp130s0f0_tx_packets:761371.2
4.7.0-deff:cpu_9:67.574
4.7.0-deff:Total_tx_packets:761371.2
4.7.0-deff:Total_tx_bytes:8368449367.2
4.7.0-deff:cpu_6:35.55
4.7.0-deff:SKT1_l2hit:0.19
4.7.0-deff:enp4s0f0_rx_bytes:0
4.7.0-deff:cpu_14:31.838
4.7.0-deff:enp130s0f1_tx_bytes:0
4.7.0-deff:LLC-store-misses:275179730.4
4.7.0-deff:enp130s0f1_tx_packets:0
4.7.0-deff:enp130s0f1_rx_bytes_phy:0
4.7.0-deff:enp4s0f0_tx_bytes_phy:0
4.7.0-deff:enp130s0f1_tx_bytes_phy:0
4.7.0-deff:Total_rx_bytes:7809720136
4.7.0-deff:enp4s0f1_tx_queue_stopped:0
4.7.0-deff:SKT0_l2mpi:0.028
4.7.0-deff:enp130s0f1_rx_bytes:0
4.7.0-deff:cpu_2:31.838
4.7.0-deff:cpu_13:67.774
4.7.0-deff:enp4s0f1_rx_bytes_phy:0
4.7.0-deff:cpu_7:70.32
4.7.0-deff:enp4s0f0_tx_bytes:0
4.7.0-deff:enp130s0f0_tx_bytes:8368449367.2
4.7.0-deff:Total_tx_bytes_phy:8369599880
4.7.0-deff:cpu_16:31.252
4.7.0-deff:enp4s0f0_rx_packets:0
4.7.0-deff:cpu_15:68.366
4.7.0-deff:enp4s0f0_tx_packets:0
4.7.0-deff:SKT0_l3miss:78400000
4.7.0-deff:SKT0_l2hit:0.162
4.7.0-deff:cpu_18:32.618
4.7.0-deff:enp130s0f0_tx_queue_stopped:0.8
4.7.0-deff:enp130s0f1_tx_queue_stopped:0
4.7.0-deff:cpu_21:69.33
4.7.0-deff:SKT0_l3mpi:0.024
4.7.0-deff:enp4s0f1_tx_packets_phy:0
4.7.0-deff:SKT0_l3hit:0.364
4.7.0-deff:Write:30307.758
4.7.0-deff:TOTAL_l2mpi:0.01
4.7.0-deff:SKT1_l2miss:109000000
4.7.0-deff:SKT1_l3hit:0.398
4.7.0-deff:cpu_total:51.13
4.7.0-deff:cpu_1:78.118
4.7.0-deff:enp130s0f0_rx_packets:680531.8
4.7.0-deff:enp4s0f0_tx_packets_phy:0
4.7.0-deff:LLC-load-misses:501281402.6
4.7.0-deff:enp4s0f1_rx_packets_phy:0
4.7.0-deff:cpu_23:70.112
4.7.0-deff:enp130s0f0_rx_packets_phy:1308303.6
4.7.0-deff:cpu_25:63.454
4.7.0-deff:cpu_3:71.88
4.7.0-deff:cpu_10:31.054
4.7.0-strict:cpu_16:25.938
4.7.0-strict:Total_tx_bytes_phy:3725357559.8
4.7.0-strict:enp130s0f0_tx_bytes:3726447335.8
4.7.0-strict:enp4s0f0_tx_bytes:0
4.7.0-strict:enp4s0f1_tx_packets_phy:0
4.7.0-strict:SKT0_l3mpi:0.012
4.7.0-strict:cpu_21:96.952
4.7.0-strict:enp130s0f0_tx_queue_stopped:1493.6
4.7.0-strict:enp130s0f1_tx_queue_stopped:0
4.7.0-strict:SKT0_l2hit:0.188
4.7.0-strict:cpu_18:24.174
4.7.0-strict:SKT0_l3miss:51274000
4.7.0-strict:enp4s0f0_tx_packets:0
4.7.0-strict:cpu_15:44.974
4.7.0-strict:enp4s0f0_rx_packets:0
4.7.0-strict:enp4s0f0_tx_packets_phy:0
4.7.0-strict:LLC-load-misses:254828880.8
4.7.0-strict:cpu_1:92.82
4.7.0-strict:enp130s0f0_rx_packets:213096.4
4.7.0-strict:cpu_total:62.688
4.7.0-strict:SKT1_l3hit:0.44
4.7.0-strict:TOTAL_l2mpi:0.016
4.7.0-strict:SKT1_l2miss:72800000
4.7.0-strict:Write:13866.736
4.7.0-strict:SKT0_l3hit:0.342
4.7.0-strict:cpu_10:96.532
4.7.0-strict:cpu_3:100
4.7.0-strict:cpu_25:84.762
4.7.0-strict:enp130s0f0_rx_packets_phy:569997.6
4.7.0-strict:cpu_23:100
4.7.0-strict:enp4s0f1_rx_packets_phy:0
4.7.0-strict:cpu_14:28.85
4.7.0-strict:SKT1_l2hit:0.22
4.7.0-strict:enp4s0f0_rx_bytes:0
4.7.0-strict:cpu_6:100
4.7.0-strict:Total_tx_bytes:3726447335.8
4.7.0-strict:Total_tx_packets:298539.4
4.7.0-strict:cpu_9:53.91
4.7.0-strict:enp130s0f0_tx_packets:298539.4
4.7.0-strict:enp130s0f1_tx_bytes_phy:0
4.7.0-strict:enp4s0f0_tx_bytes_phy:0
4.7.0-strict:LLC-store-misses:134653529.4
4.7.0-strict:enp130s0f1_tx_packets:0
4.7.0-strict:enp130s0f1_rx_bytes_phy:0
4.7.0-strict:enp130s0f1_tx_bytes:0
4.7.0-strict:enp4s0f1_rx_bytes_phy:0
4.7.0-strict:cpu_13:100
4.7.0-strict:cpu_2:41.176
4.7.0-strict:SKT0_l2mpi:0.014
4.7.0-strict:enp130s0f1_rx_bytes:0
4.7.0-strict:enp4s0f1_tx_queue_stopped:0
4.7.0-strict:Total_rx_bytes:3777448101.8
4.7.0-strict:cpu_7:98.286
4.7.0-strict:cache-misses:690322163
4.7.0-strict:enp4s0f1_tx_bytes:0
4.7.0-strict:cpu_26:24.964
4.7.0-strict:enp130s0f1_tx_packets_phy:0
4.7.0-strict:TOTAL_l3miss:107800000
4.7.0-strict:enp4s0f1_rx_packets:0
4.7.0-strict:cpu_4:40.196
4.7.0-strict:enp130s0f1_rx_packets_phy:0
4.7.0-strict:enp130s0f0_rx_bytes:3777448101.8
4.7.0-strict:enp130s0f1_rx_packets:0
4.7.0-strict:enp130s0f0_rx_bytes_phy:4139811474
4.7.0-strict:enp4s0f1_rx_bytes:0
4.7.0-strict:LLC-store:817337643.8
4.7.0-strict:enp4s0f0_rx_packets_phy:0
4.7.0-strict:Total_tx_queue_stopped:1493.6
4.7.0-strict:Total_rx_packets_phy:569997.6
4.7.0-strict:enp4s0f0_rx_bytes_phy:0
4.7.0-strict:TOTAL_l3mpi:0.014
4.7.0-strict:SKT1_ipc:0.702
4.7.0-strict:cpu_19:24.55
4.7.0-strict:cpu_5:100
4.7.0-strict:cpu_27:100
4.7.0-strict:LLC-load:610716597.6
4.7.0-strict:Total_tx_packets_phy:506132.4
4.7.0-strict:TOTAL_l2hit:0.174
4.7.0-strict:cycles:210000464848.2
4.7.0-strict:Total_rx_bytes_phy:4139811474
4.7.0-strict:enp4s0f0_tx_queue_stopped:0
4.7.0-strict:cpu_12:40.196
4.7.0-strict:cpu_22:25.916
4.7.0-strict:TOTAL_ipc:0.528
4.7.0-strict:SKT1_l3mpi:0.008
4.7.0-strict:cpu_24:24.958
4.7.0-strict:SKT0_l2miss:66398200
4.7.0-strict:cpu_8:32.346
4.7.0-strict:instructions:62258354581
4.7.0-strict:cpu_20:27.472
4.7.0-strict:enp130s0f0_tx_packets_phy:506132.4
4.7.0-strict:SKT0_ipc:0.506
4.7.0-strict:SKT1_l2mpi:0.012
4.7.0-strict:TOTAL_l3hit:0.308
4.7.0-strict:enp4s0f1_tx_packets:0
4.7.0-strict:TOTAL_l2miss:139600000
4.7.0-strict:enp4s0f1_tx_bytes_phy:0
4.7.0-strict:SKT1_l3miss:56665600
4.7.0-strict:Read:15491.868
4.7.0-strict:Total_rx_packets:213096.4
4.7.0-strict:cpu_0:26.52
4.7.0-strict:cpu_11:100
4.7.0-strict:cache-references:2375587444.8
4.7.0-strict:enp130s0f0_tx_bytes_phy:3725357559.8
4.7.0-strict:cpu_17:100
4.7.0-strict:Memory:29358.604
4.7.0-strict:iops:9451.2
4.7.0-unsafe:cpu_7:48.626
4.7.0-unsafe:cpu_2:65.102
4.7.0-unsafe:cpu_13:53.528
4.7.0-unsafe:enp4s0f1_rx_bytes_phy:0
4.7.0-unsafe:enp4s0f1_tx_queue_stopped:0
4.7.0-unsafe:Total_rx_bytes:7764769558
4.7.0-unsafe:SKT0_l2mpi:0.026
4.7.0-unsafe:enp130s0f1_rx_bytes:0
4.7.0-unsafe:enp4s0f0_tx_bytes_phy:0
4.7.0-unsafe:enp130s0f1_tx_bytes_phy:0
4.7.0-unsafe:LLC-store-misses:287771862.2
4.7.0-unsafe:enp130s0f1_tx_bytes:0
4.7.0-unsafe:enp130s0f1_tx_packets:0
4.7.0-unsafe:enp130s0f1_rx_bytes_phy:0
4.7.0-unsafe:enp4s0f0_rx_bytes:0
4.7.0-unsafe:SKT1_l2hit:0.18
4.7.0-unsafe:cpu_14:30.194
4.7.0-unsafe:enp130s0f0_tx_packets:758795.4
4.7.0-unsafe:cpu_9:46.47
4.7.0-unsafe:Total_tx_bytes:8352515788
4.7.0-unsafe:cpu_6:64.904
4.7.0-unsafe:Total_tx_packets:758795.4
4.7.0-unsafe:cpu_3:87.252
4.7.0-unsafe:cpu_25:35.882
4.7.0-unsafe:cpu_10:59.606
4.7.0-unsafe:cpu_23:35.684
4.7.0-unsafe:enp4s0f1_rx_packets_phy:0
4.7.0-unsafe:enp130s0f0_rx_packets_phy:1287004.4
4.7.0-unsafe:cpu_total:45.006
4.7.0-unsafe:SKT1_l3hit:0.264
4.7.0-unsafe:LLC-load-misses:490706563
4.7.0-unsafe:enp4s0f0_tx_packets_phy:0
4.7.0-unsafe:cpu_1:47.258
4.7.0-unsafe:enp130s0f0_rx_packets:667917.2
4.7.0-unsafe:SKT0_l3hit:0.322
4.7.0-unsafe:SKT1_l2miss:105600000
4.7.0-unsafe:TOTAL_l2mpi:0.022
4.7.0-unsafe:Write:30693.188
4.7.0-unsafe:enp130s0f1_tx_queue_stopped:0
4.7.0-unsafe:enp130s0f0_tx_queue_stopped:0.2
4.7.0-unsafe:cpu_18:30.194
4.7.0-unsafe:SKT0_l2hit:0.16
4.7.0-unsafe:enp4s0f1_tx_packets_phy:0
4.7.0-unsafe:cpu_21:40.784
4.7.0-unsafe:SKT0_l3mpi:0.022
4.7.0-unsafe:enp4s0f0_tx_packets:0
4.7.0-unsafe:cpu_15:51.174
4.7.0-unsafe:enp4s0f0_rx_packets:0
4.7.0-unsafe:SKT0_l3miss:100600000
4.7.0-unsafe:enp130s0f0_tx_bytes:8352515788
4.7.0-unsafe:enp4s0f0_tx_bytes:0
4.7.0-unsafe:cpu_16:29.802
4.7.0-unsafe:Total_tx_bytes_phy:8355813358
4.7.0-unsafe:enp130s0f0_tx_bytes_phy:8355813358
4.7.0-unsafe:cache-references:4617383752.2
4.7.0-unsafe:cpu_11:52.94
4.7.0-unsafe:Memory:60573.744
4.7.0-unsafe:iops:18823.4
4.7.0-unsafe:cpu_17:53.92
4.7.0-unsafe:SKT0_ipc:0.492
4.7.0-unsafe:SKT1_l2mpi:0.012
4.7.0-unsafe:enp130s0f0_tx_packets_phy:1105803.4
4.7.0-unsafe:cpu_0:30.194
4.7.0-unsafe:TOTAL_l2miss:229400000
4.7.0-unsafe:TOTAL_l3hit:0.262
4.7.0-unsafe:enp4s0f1_tx_packets:0
4.7.0-unsafe:SKT1_l3miss:81400000
4.7.0-unsafe:enp4s0f1_tx_bytes_phy:0
4.7.0-unsafe:Read:29880.56
4.7.0-unsafe:Total_rx_packets:667917.2
4.7.0-unsafe:instructions:52648566879.4
4.7.0-unsafe:out:1
4.7.0-unsafe:cpu_20:30.782
4.7.0-unsafe:cpu_22:29.606
4.7.0-unsafe:cpu_12:46.862
4.7.0-unsafe:TOTAL_ipc:0.466
4.7.0-unsafe:SKT1_l3mpi:0.012
4.7.0-unsafe:cpu_8:31.174
4.7.0-unsafe:SKT0_l2miss:123400000
4.7.0-unsafe:cpu_24:30.39
4.7.0-unsafe:cpu_5:58.82
4.7.0-unsafe:cpu_27:34.114
4.7.0-unsafe:cpu_19:37.452
4.7.0-unsafe:Total_rx_bytes_phy:7825868556.2
4.7.0-unsafe:enp4s0f0_tx_queue_stopped:0
4.7.0-unsafe:LLC-load:1121506592.8
4.7.0-unsafe:TOTAL_l2hit:0.166
4.7.0-unsafe:Total_tx_packets_phy:1105803.4
4.7.0-unsafe:cycles:154103067201.4
4.7.0-unsafe:Total_tx_queue_stopped:0.2
4.7.0-unsafe:LLC-store:1422580075.6
4.7.0-unsafe:enp4s0f0_rx_packets_phy:0
4.7.0-unsafe:TOTAL_l3mpi:0.018
4.7.0-unsafe:SKT1_ipc:0.474
4.7.0-unsafe:enp4s0f0_rx_bytes_phy:0
4.7.0-unsafe:Total_rx_packets_phy:1287004.4
4.7.0-unsafe:enp130s0f0_rx_bytes:7764769558
4.7.0-unsafe:enp4s0f1_rx_bytes:0
4.7.0-unsafe:enp130s0f1_rx_packets:0
4.7.0-unsafe:enp130s0f0_rx_bytes_phy:7825868556.2
4.7.0-unsafe:enp130s0f1_tx_packets_phy:0
4.7.0-unsafe:TOTAL_l3miss:182200000
4.7.0-unsafe:cache-misses:1328583336.2
4.7.0-unsafe:cpu_26:29.998
4.7.0-unsafe:enp4s0f1_tx_bytes:0
4.7.0-unsafe:cpu_4:67.256
4.7.0-unsafe:enp130s0f1_rx_packets_phy:0
4.7.0-unsafe:enp4s0f1_rx_packets:0
