4.7.0-copy-plus-strict:Total_tx_packets:766256.333333333
4.7.0-copy-plus-strict:cpu_15:46.5933333333333
4.7.0-copy-plus-strict:enp4s0f0_rx_bytes_phy:0
4.7.0-copy-plus-strict:cpu_13:98.05
4.7.0-copy-plus-strict:SKT0_l2mpi:0.00333333333333333
4.7.0-copy-plus-strict:SKT1_ipc:0.573333333333333
4.7.0-copy-plus-strict:enp130s0f0_tx_bytes:8323363334
4.7.0-copy-plus-strict:enp130s0f1_rx_packets_phy:0
4.7.0-copy-plus-strict:Total_tx_bytes_phy:8329003588.66667
4.7.0-copy-plus-strict:SKT0_l3miss:60000000
4.7.0-copy-plus-strict:Read:39147.6433333333
4.7.0-copy-plus-strict:enp130s0f1_tx_queue_stopped:0
4.7.0-copy-plus-strict:iops:17954.5
4.7.0-copy-plus-strict:SKT1_l2mpi:0.00333333333333333
4.7.0-copy-plus-strict:SKT1_l3miss:29000000
4.7.0-copy-plus-strict:cpu_0:56.4233333333333
4.7.0-copy-plus-strict:enp4s0f0_rx_packets:0
4.7.0-copy-plus-strict:enp130s0f1_rx_bytes:0
4.7.0-copy-plus-strict:enp4s0f1_rx_packets_phy:0
4.7.0-copy-plus-strict:cpu_3:99.6766666666667
4.7.0-copy-plus-strict:TOTAL_ipc:0.56
4.7.0-copy-plus-strict:cpu_23:75.83
4.7.0-copy-plus-strict:LLC-store-misses:349574557.666667
4.7.0-copy-plus-strict:cpu_total:64.4433333333333
4.7.0-copy-plus-strict:LLC-load-misses:1001852217.66667
4.7.0-copy-plus-strict:TOTAL_l3mpi:0.00333333333333333
4.7.0-copy-plus-strict:enp4s0f1_tx_packets:0
4.7.0-copy-plus-strict:enp4s0f1_tx_queue_stopped:0
4.7.0-copy-plus-strict:Total_rx_packets:700634
4.7.0-copy-plus-strict:Total_rx_bytes_phy:7854470666
4.7.0-copy-plus-strict:cpu_1:46.5833333333333
4.7.0-copy-plus-strict:cache-misses:2288927949.66667
4.7.0-copy-plus-strict:cpu_4:99.3466666666667
4.7.0-copy-plus-strict:enp4s0f1_rx_packets:0
4.7.0-copy-plus-strict:cpu_5:96.75
4.7.0-copy-plus-strict:SKT0_ipc:0.553333333333333
4.7.0-copy-plus-strict:enp130s0f0_rx_bytes_phy:7854470666
4.7.0-copy-plus-strict:cpu_10:87.31
4.7.0-copy-plus-strict:TOTAL_l2hit:0.226666666666667
4.7.0-copy-plus-strict:SKT0_l2miss:83333333.3333333
4.7.0-copy-plus-strict:TOTAL_l2miss:136000000
4.7.0-copy-plus-strict:TOTAL_l3hit:0.363333333333333
4.7.0-copy-plus-strict:enp4s0f0_tx_bytes:0
4.7.0-copy-plus-strict:cpu_2:97.0866666666667
4.7.0-copy-plus-strict:enp130s0f1_tx_bytes_phy:0
4.7.0-copy-plus-strict:out:1
4.7.0-copy-plus-strict:enp130s0f0_rx_packets_phy:1315012
4.7.0-copy-plus-strict:LLC-store:2812834814
4.7.0-copy-plus-strict:enp4s0f0_tx_packets:0
4.7.0-copy-plus-strict:SKT0_l3mpi:0.00333333333333333
4.7.0-copy-plus-strict:enp130s0f0_tx_packets:766256.333333333
4.7.0-copy-plus-strict:cpu_22:32.8933333333333
4.7.0-copy-plus-strict:enp130s0f0_tx_queue_stopped:260
4.7.0-copy-plus-strict:enp4s0f0_tx_packets_phy:0
4.7.0-copy-plus-strict:cpu_19:29.97
4.7.0-copy-plus-strict:Total_tx_bytes:8323363334
4.7.0-copy-plus-strict:cpu_6:99.6766666666667
4.7.0-copy-plus-strict:enp130s0f1_rx_bytes_phy:0
4.7.0-copy-plus-strict:enp130s0f1_tx_packets_phy:0
4.7.0-copy-plus-strict:enp130s0f0_tx_packets_phy:1127287
4.7.0-copy-plus-strict:enp130s0f1_rx_packets:0
4.7.0-copy-plus-strict:SKT1_l2miss:52000000
4.7.0-copy-plus-strict:Memory:80687.2866666667
4.7.0-copy-plus-strict:Write:41539.6433333333
4.7.0-copy-plus-strict:cpu_27:75.8166666666667
4.7.0-copy-plus-strict:TOTAL_l2mpi:0.00333333333333333
4.7.0-copy-plus-strict:Total_rx_bytes:7808716708.66667
4.7.0-copy-plus-strict:cpu_17:98.0466666666667
4.7.0-copy-plus-strict:cache-references:7903433211.33333
4.7.0-copy-plus-strict:Total_tx_queue_stopped:260
4.7.0-copy-plus-strict:enp130s0f0_tx_bytes_phy:8329003588.66667
4.7.0-copy-plus-strict:cpu_12:89.25
4.7.0-copy-plus-strict:SKT0_l3hit:0.343333333333333
4.7.0-copy-plus-strict:cpu_11:94.8033333333333
4.7.0-copy-plus-strict:enp130s0f0_rx_packets:700634
4.7.0-copy-plus-strict:cycles:214793641843.333
4.7.0-copy-plus-strict:Total_tx_packets_phy:1127287
4.7.0-copy-plus-strict:SKT0_l2hit:0.196666666666667
4.7.0-copy-plus-strict:enp130s0f1_tx_bytes:0
4.7.0-copy-plus-strict:enp4s0f0_tx_bytes_phy:0
4.7.0-copy-plus-strict:enp4s0f0_rx_packets_phy:0
4.7.0-copy-plus-strict:SKT1_l3hit:0.423333333333333
4.7.0-copy-plus-strict:cpu_26:31.9133333333333
4.7.0-copy-plus-strict:cpu_7:92.2066666666667
4.7.0-copy-plus-strict:cpu_25:33.8733333333333
4.7.0-copy-plus-strict:cpu_18:32.2433333333333
4.7.0-copy-plus-strict:cpu_20:31.27
4.7.0-copy-plus-strict:enp130s0f1_tx_packets:0
4.7.0-copy-plus-strict:cpu_16:30.2966666666667
4.7.0-copy-plus-strict:enp4s0f0_tx_queue_stopped:0
4.7.0-copy-plus-strict:enp4s0f1_rx_bytes:0
4.7.0-copy-plus-strict:TOTAL_l3miss:90000000
4.7.0-copy-plus-strict:LLC-load:2054006971.33333
4.7.0-copy-plus-strict:cpu_9:95.7766666666667
4.7.0-copy-plus-strict:enp4s0f1_tx_bytes:0
4.7.0-copy-plus-strict:cpu_21:36.1666666666667
4.7.0-copy-plus-strict:Total_rx_packets_phy:1315012
4.7.0-copy-plus-strict:cpu_8:32.5766666666667
4.7.0-copy-plus-strict:enp130s0f0_rx_bytes:7808716708.66667
4.7.0-copy-plus-strict:enp4s0f0_rx_bytes:0
4.7.0-copy-plus-strict:enp4s0f1_rx_bytes_phy:0
4.7.0-copy-plus-strict:cpu_14:33.88
4.7.0-copy-plus-strict:instructions:51742436096.3333
4.7.0-copy-plus-strict:enp4s0f1_tx_bytes_phy:0
4.7.0-copy-plus-strict:SKT1_l2hit:0.276666666666667
4.7.0-copy-plus-strict:SKT1_l3mpi:0
4.7.0-copy-plus-strict:cpu_24:30.6266666666667
4.7.0-copy-plus-strict:enp4s0f1_tx_packets_phy:0
4.7.0-damn-unsafe:enp4s0f1_tx_queue_stopped:0
4.7.0-damn-unsafe:enp4s0f1_tx_packets:0
4.7.0-damn-unsafe:LLC-load-misses:501802540.333333
4.7.0-damn-unsafe:TOTAL_l3mpi:0.0333333333333333
4.7.0-damn-unsafe:cpu_23:34.64
4.7.0-damn-unsafe:LLC-store-misses:288665204.333333
4.7.0-damn-unsafe:cpu_total:46.1566666666667
4.7.0-damn-unsafe:cpu_3:95.7533333333333
4.7.0-damn-unsafe:TOTAL_ipc:0.343333333333333
4.7.0-damn-unsafe:cpu_4:67.65
4.7.0-damn-unsafe:cache-misses:1315146947.66667
4.7.0-damn-unsafe:enp4s0f1_rx_packets:0
4.7.0-damn-unsafe:cpu_1:41.1766666666667
4.7.0-damn-unsafe:Total_rx_bytes_phy:7951455717.33333
4.7.0-damn-unsafe:Total_rx_packets:680098.666666667
4.7.0-damn-unsafe:enp130s0f0_tx_bytes:8498673267.66667
4.7.0-damn-unsafe:SKT1_ipc:0.446666666666667
4.7.0-damn-unsafe:SKT0_l2mpi:0.0533333333333333
4.7.0-damn-unsafe:cpu_13:52.6133333333333
4.7.0-damn-unsafe:enp4s0f0_rx_bytes_phy:0
4.7.0-damn-unsafe:Total_tx_packets:767224
4.7.0-damn-unsafe:cpu_15:33.6566666666667
4.7.0-damn-unsafe:enp4s0f1_rx_packets_phy:0
4.7.0-damn-unsafe:enp130s0f1_rx_bytes:0
4.7.0-damn-unsafe:enp4s0f0_rx_packets:0
4.7.0-damn-unsafe:SKT1_l2mpi:0.0233333333333333
4.7.0-damn-unsafe:iops:19450.8333333333
4.7.0-damn-unsafe:SKT1_l3miss:130405333.333333
4.7.0-damn-unsafe:cpu_0:41.1733333333333
4.7.0-damn-unsafe:enp130s0f1_tx_queue_stopped:0
4.7.0-damn-unsafe:Read:29819.5
4.7.0-damn-unsafe:SKT0_l3miss:160666666.666667
4.7.0-damn-unsafe:Total_tx_bytes_phy:8505195137
4.7.0-damn-unsafe:enp130s0f1_rx_packets_phy:0
4.7.0-damn-unsafe:enp130s0f1_rx_bytes_phy:0
4.7.0-damn-unsafe:cpu_6:62.4166666666667
4.7.0-damn-unsafe:Total_tx_bytes:8498673267.66667
4.7.0-damn-unsafe:cpu_19:45.4233333333333
4.7.0-damn-unsafe:enp4s0f0_tx_packets_phy:0
4.7.0-damn-unsafe:enp4s0f0_tx_packets:0
4.7.0-damn-unsafe:SKT0_l3mpi:0.05
4.7.0-damn-unsafe:enp130s0f0_tx_queue_stopped:13.6666666666667
4.7.0-damn-unsafe:cpu_22:30.0633333333333
4.7.0-damn-unsafe:enp130s0f0_tx_packets:767224
4.7.0-damn-unsafe:Write:30646.32
4.7.0-damn-unsafe:Memory:60465.82
4.7.0-damn-unsafe:SKT1_l2miss:155666666.666667
4.7.0-damn-unsafe:enp130s0f1_rx_packets:0
4.7.0-damn-unsafe:enp130s0f0_tx_packets_phy:1126562
4.7.0-damn-unsafe:enp130s0f1_tx_packets_phy:0
4.7.0-damn-unsafe:SKT0_l2miss:184333333.333333
4.7.0-damn-unsafe:TOTAL_l2hit:0.153333333333333
4.7.0-damn-unsafe:enp130s0f0_rx_bytes_phy:7951455717.33333
4.7.0-damn-unsafe:SKT0_ipc:0.35
4.7.0-damn-unsafe:cpu_10:60.4566666666667
4.7.0-damn-unsafe:cpu_5:42.1533333333333
4.7.0-damn-unsafe:LLC-store:1448105610
4.7.0-damn-unsafe:enp130s0f0_rx_packets_phy:1314911.66666667
4.7.0-damn-unsafe:enp4s0f0_tx_bytes:0
4.7.0-damn-unsafe:TOTAL_l3hit:0.14
4.7.0-damn-unsafe:enp130s0f1_tx_bytes_phy:0
4.7.0-damn-unsafe:cpu_2:59.8033333333333
4.7.0-damn-unsafe:TOTAL_l2miss:340333333.333333
4.7.0-damn-unsafe:Total_tx_packets_phy:1126562
4.7.0-damn-unsafe:SKT0_l2hit:0.14
4.7.0-damn-unsafe:cycles:155738660291.667
4.7.0-damn-unsafe:SKT1_l3hit:0.276666666666667
4.7.0-damn-unsafe:enp4s0f0_rx_packets_phy:0
4.7.0-damn-unsafe:enp4s0f0_tx_bytes_phy:0
4.7.0-damn-unsafe:enp130s0f1_tx_bytes:0
4.7.0-damn-unsafe:cpu_17:59.15
4.7.0-damn-unsafe:Total_rx_bytes:7902310755
4.7.0-damn-unsafe:cpu_27:38.2366666666667
4.7.0-damn-unsafe:TOTAL_l2mpi:0.04
4.7.0-damn-unsafe:enp130s0f0_rx_packets:680098.666666667
4.7.0-damn-unsafe:cpu_11:51.96
4.7.0-damn-unsafe:SKT0_l3hit:0.156666666666667
4.7.0-damn-unsafe:cpu_12:58.4966666666667
4.7.0-damn-unsafe:enp130s0f0_tx_bytes_phy:8505195137
4.7.0-damn-unsafe:Total_tx_queue_stopped:13.6666666666667
4.7.0-damn-unsafe:cache-references:4559057587
4.7.0-damn-unsafe:enp4s0f1_tx_bytes_phy:0
4.7.0-damn-unsafe:instructions:52552423787.3333
4.7.0-damn-unsafe:cpu_14:32.6766666666667
4.7.0-damn-unsafe:enp4s0f1_rx_bytes_phy:0
4.7.0-damn-unsafe:cpu_8:32.0233333333333
4.7.0-damn-unsafe:enp4s0f0_rx_bytes:0
4.7.0-damn-unsafe:enp130s0f0_rx_bytes:7902310755
4.7.0-damn-unsafe:enp4s0f1_tx_packets_phy:0
4.7.0-damn-unsafe:cpu_24:32.35
4.7.0-damn-unsafe:SKT1_l3mpi:0.0133333333333333
4.7.0-damn-unsafe:SKT1_l2hit:0.206666666666667
4.7.0-damn-unsafe:enp130s0f1_tx_packets:0
4.7.0-damn-unsafe:cpu_20:31.37
4.7.0-damn-unsafe:cpu_25:39.54
4.7.0-damn-unsafe:cpu_18:30.7166666666667
4.7.0-damn-unsafe:cpu_7:48.6933333333333
4.7.0-damn-unsafe:cpu_26:31.6966666666667
4.7.0-damn-unsafe:Total_rx_packets_phy:1314911.66666667
4.7.0-damn-unsafe:cpu_21:45.75
4.7.0-damn-unsafe:enp4s0f1_tx_bytes:0
4.7.0-damn-unsafe:cpu_9:60.1266666666667
4.7.0-damn-unsafe:TOTAL_l3miss:291333333.333333
4.7.0-damn-unsafe:LLC-load:1138667454.66667
4.7.0-damn-unsafe:enp4s0f1_rx_bytes:0
4.7.0-damn-unsafe:enp4s0f0_tx_queue_stopped:0
4.7.0-damn-unsafe:cpu_16:30.39
4.7.0-damnn-hp-strict:cpu_8:31.37
4.7.0-damnn-hp-strict:enp4s0f0_rx_bytes:0
4.7.0-damnn-hp-strict:enp130s0f0_rx_bytes:7804188636.33333
4.7.0-damnn-hp-strict:enp4s0f1_rx_bytes_phy:0
4.7.0-damnn-hp-strict:instructions:53571318002
4.7.0-damnn-hp-strict:cpu_14:30.7166666666667
4.7.0-damnn-hp-strict:enp4s0f1_tx_bytes_phy:0
4.7.0-damnn-hp-strict:SKT1_l2hit:0.223333333333333
4.7.0-damnn-hp-strict:cpu_24:33.33
4.7.0-damnn-hp-strict:SKT1_l3mpi:0
4.7.0-damnn-hp-strict:enp4s0f1_tx_packets_phy:0
4.7.0-damnn-hp-strict:cpu_7:60.4533333333333
4.7.0-damnn-hp-strict:cpu_26:31.37
4.7.0-damnn-hp-strict:cpu_25:62.09
4.7.0-damnn-hp-strict:cpu_18:31.6966666666667
4.7.0-damnn-hp-strict:enp130s0f1_tx_packets:0
4.7.0-damnn-hp-strict:cpu_20:31.37
4.7.0-damnn-hp-strict:cpu_16:32.0233333333333
4.7.0-damnn-hp-strict:LLC-load:1158181849
4.7.0-damnn-hp-strict:TOTAL_l3miss:109666666.666667
4.7.0-damnn-hp-strict:enp4s0f1_rx_bytes:0
4.7.0-damnn-hp-strict:enp4s0f0_tx_queue_stopped:0
4.7.0-damnn-hp-strict:enp4s0f1_tx_bytes:0
4.7.0-damnn-hp-strict:cpu_9:59.8
4.7.0-damnn-hp-strict:Total_rx_packets_phy:1301531
4.7.0-damnn-hp-strict:cpu_21:61.7633333333333
4.7.0-damnn-hp-strict:cycles:159793952350.667
4.7.0-damnn-hp-strict:Total_tx_packets_phy:1081398.33333333
4.7.0-damnn-hp-strict:SKT0_l2hit:0.19
4.7.0-damnn-hp-strict:enp130s0f1_tx_bytes:19.3333333333333
4.7.0-damnn-hp-strict:SKT1_l3hit:0.473333333333333
4.7.0-damnn-hp-strict:enp4s0f0_tx_bytes_phy:0
4.7.0-damnn-hp-strict:enp4s0f0_rx_packets_phy:0
4.7.0-damnn-hp-strict:TOTAL_l2mpi:0.0266666666666667
4.7.0-damnn-hp-strict:cpu_27:63.0733333333333
4.7.0-damnn-hp-strict:Total_rx_bytes:7804188869.66667
4.7.0-damnn-hp-strict:cpu_17:58.1666666666667
4.7.0-damnn-hp-strict:cache-references:4627984778
4.7.0-damnn-hp-strict:Total_tx_queue_stopped:0
4.7.0-damnn-hp-strict:cpu_12:32.35
4.7.0-damnn-hp-strict:enp130s0f0_tx_bytes_phy:8492647737.66667
4.7.0-damnn-hp-strict:SKT0_l3hit:0.356666666666667
4.7.0-damnn-hp-strict:enp130s0f0_rx_packets:690409.666666667
4.7.0-damnn-hp-strict:cpu_11:59.8
4.7.0-damnn-hp-strict:enp4s0f0_tx_packets_phy:0
4.7.0-damnn-hp-strict:cpu_22:31.0433333333333
4.7.0-damnn-hp-strict:SKT0_l3mpi:0.0433333333333333
4.7.0-damnn-hp-strict:enp4s0f0_tx_packets:0
4.7.0-damnn-hp-strict:enp130s0f0_tx_packets:715357.333333333
4.7.0-damnn-hp-strict:enp130s0f0_tx_queue_stopped:0
4.7.0-damnn-hp-strict:Total_tx_bytes:8487067024.33333
4.7.0-damnn-hp-strict:cpu_19:62.75
4.7.0-damnn-hp-strict:cpu_6:31.6966666666667
4.7.0-damnn-hp-strict:enp130s0f1_rx_bytes_phy:234.666666666667
4.7.0-damnn-hp-strict:enp130s0f1_rx_packets:0
4.7.0-damnn-hp-strict:enp130s0f0_tx_packets_phy:1081398.33333333
4.7.0-damnn-hp-strict:enp130s0f1_tx_packets_phy:0
4.7.0-damnn-hp-strict:SKT1_l2miss:35000000
4.7.0-damnn-hp-strict:Memory:59850.19
4.7.0-damnn-hp-strict:Write:30219.2266666667
4.7.0-damnn-hp-strict:cpu_5:63.0733333333333
4.7.0-damnn-hp-strict:enp130s0f0_rx_bytes_phy:7848084181.66667
4.7.0-damnn-hp-strict:SKT0_ipc:0.476666666666667
4.7.0-damnn-hp-strict:cpu_10:32.35
4.7.0-damnn-hp-strict:TOTAL_l2hit:0.196666666666667
4.7.0-damnn-hp-strict:SKT0_l2miss:121666666.666667
4.7.0-damnn-hp-strict:cpu_2:29.7366666666667
4.7.0-damnn-hp-strict:TOTAL_l3hit:0.36
4.7.0-damnn-hp-strict:enp130s0f1_tx_bytes_phy:20.6666666666667
4.7.0-damnn-hp-strict:enp4s0f0_tx_bytes:0
4.7.0-damnn-hp-strict:TOTAL_l2miss:157000000
4.7.0-damnn-hp-strict:LLC-store:1421700105.66667
4.7.0-damnn-hp-strict:enp130s0f0_rx_packets_phy:1301531
4.7.0-damnn-hp-strict:TOTAL_ipc:0.5
4.7.0-damnn-hp-strict:cpu_3:63.73
4.7.0-damnn-hp-strict:LLC-store-misses:271719678
4.7.0-damnn-hp-strict:cpu_total:46.8333333333333
4.7.0-damnn-hp-strict:cpu_23:61.11
4.7.0-damnn-hp-strict:TOTAL_l3mpi:0.02
4.7.0-damnn-hp-strict:LLC-load-misses:491931240.333333
4.7.0-damnn-hp-strict:enp4s0f1_tx_queue_stopped:0
4.7.0-damnn-hp-strict:enp4s0f1_tx_packets:0
4.7.0-damnn-hp-strict:Total_rx_packets:690409.666666667
4.7.0-damnn-hp-strict:Total_rx_bytes_phy:7848084416.33333
4.7.0-damnn-hp-strict:enp4s0f1_rx_packets:0
4.7.0-damnn-hp-strict:cache-misses:1272847617
4.7.0-damnn-hp-strict:cpu_4:31.37
4.7.0-damnn-hp-strict:cpu_1:70.9166666666667
4.7.0-damnn-hp-strict:cpu_15:58.1666666666667
4.7.0-damnn-hp-strict:Total_tx_packets:715357.333333333
4.7.0-damnn-hp-strict:enp4s0f0_rx_bytes_phy:0
4.7.0-damnn-hp-strict:SKT1_ipc:0.596666666666667
4.7.0-damnn-hp-strict:SKT0_l2mpi:0.0566666666666667
4.7.0-damnn-hp-strict:cpu_13:63.0733333333333
4.7.0-damnn-hp-strict:enp130s0f0_tx_bytes:8487067005
4.7.0-damnn-hp-strict:enp130s0f1_rx_packets_phy:0
4.7.0-damnn-hp-strict:enp130s0f1_tx_queue_stopped:0
4.7.0-damnn-hp-strict:Read:29630.9566666667
4.7.0-damnn-hp-strict:Total_tx_bytes_phy:8492647758.33333
4.7.0-damnn-hp-strict:SKT0_l3miss:90000000
4.7.0-damnn-hp-strict:enp4s0f0_rx_packets:0
4.7.0-damnn-hp-strict:cpu_0:33.33
4.7.0-damnn-hp-strict:SKT1_l2mpi:0.00333333333333333
4.7.0-damnn-hp-strict:SKT1_l3miss:19330000
4.7.0-damnn-hp-strict:iops:18420.5
4.7.0-damnn-hp-strict:enp4s0f1_rx_packets_phy:0
4.7.0-damnn-hp-strict:enp130s0f1_rx_bytes:233.333333333333
4.7.0-defer:Total_tx_queue_stopped:0
4.7.0-defer:cache-references:4776418674
4.7.0-defer:enp130s0f0_tx_bytes_phy:8413452518.33333
4.7.0-defer:cpu_12:62.7466666666667
4.7.0-defer:SKT0_l3hit:0.466666666666667
4.7.0-defer:enp130s0f0_rx_packets:680363.666666667
4.7.0-defer:cpu_11:64.0533333333333
4.7.0-defer:TOTAL_l2mpi:0.00666666666666667
4.7.0-defer:cpu_27:65.0366666666667
4.7.0-defer:Total_rx_bytes:7792926270.33333
4.7.0-defer:cpu_17:61.7666666666667
4.7.0-defer:enp130s0f1_tx_bytes:0
4.7.0-defer:enp4s0f0_tx_bytes_phy:0
4.7.0-defer:enp4s0f0_rx_packets_phy:0
4.7.0-defer:SKT1_l3hit:0.333333333333333
4.7.0-defer:cycles:171403940606.333
4.7.0-defer:SKT0_l2hit:0.18
4.7.0-defer:Total_tx_packets_phy:1118476
4.7.0-defer:cpu_16:29.0833333333333
4.7.0-defer:enp4s0f0_tx_queue_stopped:0
4.7.0-defer:enp4s0f1_rx_bytes:0
4.7.0-defer:TOTAL_l3miss:83333333.3333333
4.7.0-defer:LLC-load:1181412444.33333
4.7.0-defer:cpu_9:44.4433333333333
4.7.0-defer:enp4s0f1_tx_bytes:0
4.7.0-defer:cpu_21:39.8666666666667
4.7.0-defer:Total_rx_packets_phy:1302931.33333333
4.7.0-defer:cpu_26:30.7166666666667
4.7.0-defer:cpu_7:53.5966666666667
4.7.0-defer:cpu_18:30.7166666666667
4.7.0-defer:cpu_25:45.7533333333333
4.7.0-defer:cpu_20:30.7166666666667
4.7.0-defer:enp130s0f1_tx_packets:0
4.7.0-defer:SKT1_l2hit:0.176666666666667
4.7.0-defer:cpu_24:29.7366666666667
4.7.0-defer:SKT1_l3mpi:0.00666666666666667
4.7.0-defer:enp4s0f1_tx_packets_phy:0
4.7.0-defer:enp4s0f0_rx_bytes:0
4.7.0-defer:cpu_8:29.41
4.7.0-defer:enp130s0f0_rx_bytes:7792926270.33333
4.7.0-defer:enp4s0f1_rx_bytes_phy:0
4.7.0-defer:cpu_14:30.0633333333333
4.7.0-defer:instructions:67453872826
4.7.0-defer:enp4s0f1_tx_bytes_phy:0
4.7.0-defer:enp130s0f1_rx_packets_phy:0
4.7.0-defer:Total_tx_bytes_phy:8413452518.33333
4.7.0-defer:SKT0_l3miss:22666666.6666667
4.7.0-defer:enp130s0f1_tx_queue_stopped:0
4.7.0-defer:Read:31163.21
4.7.0-defer:SKT1_l3miss:60000000
4.7.0-defer:SKT1_l2mpi:0.00666666666666667
4.7.0-defer:iops:18251.1666666667
4.7.0-defer:cpu_0:33.9833333333333
4.7.0-defer:enp4s0f0_rx_packets:0
4.7.0-defer:enp130s0f1_rx_bytes:0
4.7.0-defer:enp4s0f1_rx_packets_phy:0
4.7.0-defer:Total_tx_packets:760552.666666667
4.7.0-defer:cpu_15:50
4.7.0-defer:enp4s0f0_rx_bytes_phy:0
4.7.0-defer:SKT0_l2mpi:0
4.7.0-defer:cpu_13:65.6866666666667
4.7.0-defer:SKT1_ipc:0.55
4.7.0-defer:enp130s0f0_tx_bytes:8409347308.33333
4.7.0-defer:Total_rx_packets:680363.666666667
4.7.0-defer:Total_rx_bytes_phy:7836042917.66667
4.7.0-defer:cpu_1:42.4866666666667
4.7.0-defer:cache-misses:1380564563
4.7.0-defer:cpu_4:67.97
4.7.0-defer:enp4s0f1_rx_packets:0
4.7.0-defer:TOTAL_ipc:0.576666666666667
4.7.0-defer:cpu_3:76.4666666666667
4.7.0-defer:cpu_total:50.0466666666667
4.7.0-defer:LLC-store-misses:293793685.666667
4.7.0-defer:cpu_23:55.23
4.7.0-defer:LLC-load-misses:516752706.333333
4.7.0-defer:TOTAL_l3mpi:0
4.7.0-defer:enp4s0f1_tx_packets:0
4.7.0-defer:enp4s0f1_tx_queue_stopped:0
4.7.0-defer:TOTAL_l2miss:127333333.333333
4.7.0-defer:enp4s0f0_tx_bytes:0
4.7.0-defer:TOTAL_l3hit:0.373333333333333
4.7.0-defer:cpu_2:76.7966666666667
4.7.0-defer:enp130s0f1_tx_bytes_phy:0
4.7.0-defer:out:1
4.7.0-defer:LLC-store:1445998164.33333
4.7.0-defer:enp130s0f0_rx_packets_phy:1302931.33333333
4.7.0-defer:cpu_5:66.9966666666667
4.7.0-defer:SKT0_ipc:0.606666666666667
4.7.0-defer:enp130s0f0_rx_bytes_phy:7836042917.66667
4.7.0-defer:cpu_10:63.3966666666667
4.7.0-defer:TOTAL_l2hit:0.18
4.7.0-defer:SKT0_l2miss:42000000
4.7.0-defer:enp130s0f0_tx_packets_phy:1118476
4.7.0-defer:enp130s0f1_tx_packets_phy:0
4.7.0-defer:enp130s0f1_rx_packets:0
4.7.0-defer:SKT1_l2miss:84666666.6666667
4.7.0-defer:Memory:61825.6866666667
4.7.0-defer:Write:30662.4766666667
4.7.0-defer:SKT0_l3mpi:0
4.7.0-defer:enp4s0f0_tx_packets:0
4.7.0-defer:enp130s0f0_tx_queue_stopped:0
4.7.0-defer:enp130s0f0_tx_packets:760552.666666667
4.7.0-defer:cpu_22:30.39
4.7.0-defer:enp4s0f0_tx_packets_phy:0
4.7.0-defer:cpu_19:50.65
4.7.0-defer:Total_tx_bytes:8409347308.33333
4.7.0-defer:cpu_6:72.55
4.7.0-defer:enp130s0f1_rx_bytes_phy:0
4.7.0-strict:enp130s0f1_tx_bytes:0
4.7.0-strict:SKT1_l3hit:0.6
4.7.0-strict:enp4s0f0_tx_bytes_phy:0
4.7.0-strict:enp4s0f0_rx_packets_phy:0
4.7.0-strict:cycles:224475762763.333
4.7.0-strict:Total_tx_packets_phy:522100.333333333
4.7.0-strict:SKT0_l2hit:0.213333333333333
4.7.0-strict:cache-references:2430911687
4.7.0-strict:Total_tx_queue_stopped:1525.33333333333
4.7.0-strict:cpu_12:73.2033333333333
4.7.0-strict:enp130s0f0_tx_bytes_phy:3793868302
4.7.0-strict:SKT0_l3hit:0.666666666666667
4.7.0-strict:enp130s0f0_rx_packets:215589.666666667
4.7.0-strict:cpu_11:86.7033333333333
4.7.0-strict:TOTAL_l2mpi:0.01
4.7.0-strict:cpu_27:93.52
4.7.0-strict:Total_rx_bytes:3827914043
4.7.0-strict:cpu_17:99.02
4.7.0-strict:SKT1_l2hit:0.22
4.7.0-strict:SKT1_l3mpi:0.00333333333333333
4.7.0-strict:cpu_24:21.51
4.7.0-strict:enp4s0f1_tx_packets_phy:0
4.7.0-strict:cpu_8:24.08
4.7.0-strict:enp4s0f0_rx_bytes:0
4.7.0-strict:enp130s0f0_rx_bytes:3827914043
4.7.0-strict:enp4s0f1_rx_bytes_phy:0
4.7.0-strict:instructions:65881213710
4.7.0-strict:cpu_14:44.47
4.7.0-strict:enp4s0f1_tx_bytes_phy:0
4.7.0-strict:cpu_16:26.38
4.7.0-strict:enp4s0f1_rx_bytes:0
4.7.0-strict:TOTAL_l3miss:23136666.6666667
4.7.0-strict:LLC-load:615014537
4.7.0-strict:enp4s0f0_tx_queue_stopped:0
4.7.0-strict:enp4s0f1_tx_bytes:0
4.7.0-strict:cpu_9:99.6766666666667
4.7.0-strict:Total_rx_packets_phy:562856
4.7.0-strict:cpu_21:95.0966666666667
4.7.0-strict:cpu_26:27.0333333333333
4.7.0-strict:cpu_7:69.0133333333333
4.7.0-strict:cpu_18:25.0966666666667
4.7.0-strict:cpu_25:74.4333333333333
4.7.0-strict:enp130s0f1_tx_packets:0
4.7.0-strict:cpu_20:23.4433333333333
4.7.0-strict:Total_rx_packets:215589.666666667
4.7.0-strict:Total_rx_bytes_phy:4073759618.33333
4.7.0-strict:cpu_4:98.6933333333333
4.7.0-strict:cache-misses:723441390
4.7.0-strict:enp4s0f1_rx_packets:0
4.7.0-strict:cpu_1:88.2533333333333
4.7.0-strict:cpu_3:99.3466666666667
4.7.0-strict:TOTAL_ipc:0.586666666666667
4.7.0-strict:cpu_total:66.8933333333333
4.7.0-strict:LLC-store-misses:139390604.666667
4.7.0-strict:cpu_23:76.0533333333333
4.7.0-strict:LLC-load-misses:266083278
4.7.0-strict:TOTAL_l3mpi:0
4.7.0-strict:enp4s0f1_tx_queue_stopped:0
4.7.0-strict:enp4s0f1_tx_packets:0
4.7.0-strict:enp130s0f1_rx_packets_phy:0
4.7.0-strict:enp130s0f1_tx_queue_stopped:0
4.7.0-strict:Read:15676.3566666667
4.7.0-strict:Total_tx_bytes_phy:3793868302
4.7.0-strict:SKT0_l3miss:6076333.33333333
4.7.0-strict:enp4s0f0_rx_packets:0
4.7.0-strict:iops:8902.83333333333
4.7.0-strict:SKT1_l2mpi:0.01
4.7.0-strict:SKT1_l3miss:16726666.6666667
4.7.0-strict:cpu_0:47.7133333333333
4.7.0-strict:enp4s0f1_rx_packets_phy:0
4.7.0-strict:enp130s0f1_rx_bytes:0
4.7.0-strict:cpu_15:93.1666666666667
4.7.0-strict:Total_tx_packets:285225.333333333
4.7.0-strict:enp4s0f0_rx_bytes_phy:0
4.7.0-strict:SKT1_ipc:0.53
4.7.0-strict:cpu_13:100
4.7.0-strict:SKT0_l2mpi:0.00333333333333333
4.7.0-strict:enp130s0f0_tx_bytes:3782976085
4.7.0-strict:enp130s0f1_rx_packets:0
4.7.0-strict:enp130s0f1_tx_packets_phy:0
4.7.0-strict:enp130s0f0_tx_packets_phy:522100.333333333
4.7.0-strict:SKT1_l2miss:23581666.6666667
4.7.0-strict:Memory:29720.91
4.7.0-strict:Write:14044.5566666667
4.7.0-strict:enp4s0f0_tx_packets_phy:0
4.7.0-strict:SKT0_l3mpi:0
4.7.0-strict:enp4s0f0_tx_packets:0
4.7.0-strict:enp130s0f0_tx_queue_stopped:1525.33333333333
4.7.0-strict:enp130s0f0_tx_packets:285225.333333333
4.7.0-strict:cpu_22:23.7633333333333
4.7.0-strict:Total_tx_bytes:3782976085
4.7.0-strict:cpu_19:47.9533333333333
4.7.0-strict:cpu_6:61.4366666666667
4.7.0-strict:enp130s0f1_rx_bytes_phy:0
4.7.0-strict:TOTAL_l3hit:0.623333333333333
4.7.0-strict:cpu_2:74.51
4.7.0-strict:enp130s0f1_tx_bytes_phy:0
4.7.0-strict:enp4s0f0_tx_bytes:0
4.7.0-strict:TOTAL_l2miss:35570333.3333333
4.7.0-strict:LLC-store:842141997
4.7.0-strict:enp130s0f0_rx_packets_phy:562856
4.7.0-strict:cpu_5:91.5033333333333
4.7.0-strict:SKT0_ipc:0.63
4.7.0-strict:cpu_10:86.96
4.7.0-strict:enp130s0f0_rx_bytes_phy:4073759618.33333
4.7.0-strict:TOTAL_l2hit:0.22
4.7.0-strict:SKT0_l2miss:11988000
4.7.0-unsafe:SKT1_l2hit:0.18
4.7.0-unsafe:SKT1_l3mpi:0.00333333333333333
4.7.0-unsafe:cpu_24:32.35
4.7.0-unsafe:enp4s0f1_tx_packets_phy:0
4.7.0-unsafe:enp130s0f0_rx_bytes:7943103601.33333
4.7.0-unsafe:enp4s0f0_rx_bytes:0
4.7.0-unsafe:cpu_8:31.37
4.7.0-unsafe:enp4s0f1_rx_bytes_phy:0
4.7.0-unsafe:cpu_14:32.35
4.7.0-unsafe:instructions:52874663789
4.7.0-unsafe:enp4s0f1_tx_bytes_phy:0
4.7.0-unsafe:cpu_16:32.0233333333333
4.7.0-unsafe:enp4s0f0_tx_queue_stopped:0
4.7.0-unsafe:enp4s0f1_rx_bytes:0
4.7.0-unsafe:TOTAL_l3miss:134000000
4.7.0-unsafe:LLC-load:1153184068.66667
4.7.0-unsafe:cpu_9:60.13
4.7.0-unsafe:enp4s0f1_tx_bytes:0
4.7.0-unsafe:cpu_21:61.1066666666667
4.7.0-unsafe:Total_rx_packets_phy:1322435.66666667
4.7.0-unsafe:cpu_7:60.1266666666667
4.7.0-unsafe:cpu_26:31.37
4.7.0-unsafe:cpu_18:30.7166666666667
4.7.0-unsafe:cpu_25:60.4533333333333
4.7.0-unsafe:cpu_20:32.6766666666667
4.7.0-unsafe:enp130s0f1_tx_packets:0
4.7.0-unsafe:enp130s0f1_tx_bytes:0
4.7.0-unsafe:enp4s0f0_tx_bytes_phy:0
4.7.0-unsafe:enp4s0f0_rx_packets_phy:0
4.7.0-unsafe:SKT1_l3hit:0.34
4.7.0-unsafe:cycles:157984584866.667
4.7.0-unsafe:SKT0_l2hit:0.163333333333333
4.7.0-unsafe:Total_tx_packets_phy:1125390
4.7.0-unsafe:cache-references:4762526744
4.7.0-unsafe:Total_tx_queue_stopped:0
4.7.0-unsafe:enp130s0f0_tx_bytes_phy:8480027456
4.7.0-unsafe:cpu_12:32.6766666666667
4.7.0-unsafe:SKT0_l3hit:0.386666666666667
4.7.0-unsafe:enp130s0f0_rx_packets:688813
4.7.0-unsafe:cpu_11:58.82
4.7.0-unsafe:TOTAL_l2mpi:0.00666666666666667
4.7.0-unsafe:cpu_27:61.7633333333333
4.7.0-unsafe:Total_rx_bytes:7943103601.33333
4.7.0-unsafe:cpu_17:58.1666666666667
4.7.0-unsafe:enp130s0f1_tx_packets_phy:0
4.7.0-unsafe:enp130s0f0_tx_packets_phy:1125390
4.7.0-unsafe:enp130s0f1_rx_packets:0
4.7.0-unsafe:SKT1_l2miss:87666666.6666667
4.7.0-unsafe:Memory:60067.2
4.7.0-unsafe:Write:30935.06
4.7.0-unsafe:enp130s0f0_tx_queue_stopped:0
4.7.0-unsafe:SKT0_l3mpi:0.00666666666666667
4.7.0-unsafe:enp130s0f0_tx_packets:766067
4.7.0-unsafe:enp4s0f0_tx_packets:0
4.7.0-unsafe:cpu_22:33.33
4.7.0-unsafe:enp4s0f0_tx_packets_phy:0
4.7.0-unsafe:cpu_19:61.4366666666667
4.7.0-unsafe:Total_tx_bytes:8472956173.66667
4.7.0-unsafe:cpu_6:32.35
4.7.0-unsafe:enp130s0f1_rx_bytes_phy:0
4.7.0-unsafe:TOTAL_l2miss:182666666.666667
4.7.0-unsafe:enp130s0f1_tx_bytes_phy:0
4.7.0-unsafe:TOTAL_l3hit:0.353333333333333
4.7.0-unsafe:cpu_2:33.6566666666667
4.7.0-unsafe:enp4s0f0_tx_bytes:0
4.7.0-unsafe:enp130s0f0_rx_packets_phy:1322435.66666667
4.7.0-unsafe:LLC-store:1451664629.33333
4.7.0-unsafe:cpu_5:66.3433333333333
4.7.0-unsafe:enp130s0f0_rx_bytes_phy:7987572790.66667
4.7.0-unsafe:SKT0_ipc:0.54
4.7.0-unsafe:cpu_10:32.6766666666667
4.7.0-unsafe:TOTAL_l2hit:0.17
4.7.0-unsafe:SKT0_l2miss:94000000
4.7.0-unsafe:Total_rx_packets:688813
4.7.0-unsafe:Total_rx_bytes_phy:7987572790.66667
4.7.0-unsafe:cpu_1:71.57
4.7.0-unsafe:enp4s0f1_rx_packets:0
4.7.0-unsafe:cache-misses:1301608028.66667
4.7.0-unsafe:cpu_4:32.6766666666667
4.7.0-unsafe:TOTAL_ipc:0.546666666666667
4.7.0-unsafe:cpu_3:64.0533333333333
4.7.0-unsafe:cpu_total:47.06
4.7.0-unsafe:LLC-store-misses:278211925.666667
4.7.0-unsafe:cpu_23:61.4333333333333
4.7.0-unsafe:LLC-load-misses:476452186.666667
4.7.0-unsafe:TOTAL_l3mpi:0.00333333333333333
4.7.0-unsafe:enp4s0f1_tx_packets:0
4.7.0-unsafe:enp4s0f1_tx_queue_stopped:0
4.7.0-unsafe:enp130s0f1_rx_packets_phy:0
4.7.0-unsafe:Total_tx_bytes_phy:8480027456
4.7.0-unsafe:SKT0_l3miss:71333333.3333333
4.7.0-unsafe:Read:29132.14
4.7.0-unsafe:enp130s0f1_tx_queue_stopped:0
4.7.0-unsafe:SKT1_l2mpi:0.00666666666666667
4.7.0-unsafe:iops:18773.8333333333
4.7.0-unsafe:SKT1_l3miss:62333333.3333333
4.7.0-unsafe:cpu_0:32.6766666666667
4.7.0-unsafe:enp4s0f0_rx_packets:0
4.7.0-unsafe:enp130s0f1_rx_bytes:0
4.7.0-unsafe:enp4s0f1_rx_packets_phy:0
4.7.0-unsafe:cpu_15:59.4733333333333
4.7.0-unsafe:Total_tx_packets:766067
4.7.0-unsafe:enp4s0f0_rx_bytes_phy:0
4.7.0-unsafe:cpu_13:59.8
4.7.0-unsafe:SKT0_l2mpi:0.00666666666666667
4.7.0-unsafe:SKT1_ipc:0.553333333333333
4.7.0-unsafe:enp130s0f0_tx_bytes:8472956173.66667
