4.7.0-damn-ne-unsafe:enp4s0f1_rx_packets_phy:778440.125:4688.34796696822
4.7.0-damn-ne-unsafe:cpu_5:31.00325:33.8665930075273
4.7.0-damn-ne-unsafe:cpu_16:3.55475:1.621622624873
4.7.0-damn-ne-unsafe:cpu_19:3.23575:1.68662664437035
4.7.0-damn-ne-unsafe:TOTAL_l3hit:0.31325:0.0114864050076601
4.7.0-damn-ne-unsafe:cache-misses:352542040.925:19820511.2840385
4.7.0-damn-ne-unsafe:enp130s0f0_tx_packets:0:0
4.7.0-damn-ne-unsafe:TOTAL_l2mpi:0.01:5.20417042793042e-18
4.7.0-damn-ne-unsafe:Memory:21309.524:484.401976821937
4.7.0-damn-ne-unsafe:SKT0_l2hit:0.153:0.019131126469709
4.7.0-damn-ne-unsafe:LLC-store-misses:33434448.525:1476443.574037
4.7.0-damn-ne-unsafe:enp4s0f0_rx_bytes_phy:4949481538.475:6237924.32653509
4.7.0-damn-ne-unsafe:cpu_0:13.323:1.98489445563234
4.7.0-damn-ne-unsafe:enp130s0f0_tx_packets_phy:55571.125:5895.29023962137
4.7.0-damn-ne-unsafe:enp4s0f0_tx_packets_phy:6320.025:1377.77903684698
4.7.0-damn-ne-unsafe:enp130s0f0_rx_bytes_phy:6350489529.675:36896755.6233976
4.7.0-damn-ne-unsafe:enp4s0f1_rx_bytes_phy:6307707575.875:37987884.9074294
4.7.0-damn-ne-unsafe:enp130s0f1_rx_packets:609371.1:995.278574068587
4.7.0-damn-ne-unsafe:cpu_15:25.12025:30.5864355137617
4.7.0-damn-ne-unsafe:LLC-load-misses:189497697.525:11994335.0108654
4.7.0-damn-ne-unsafe:enp4s0f1_rx_bytes:6302350916.3:37925891.5207665
4.7.0-damn-ne-unsafe:cpu_2:48.69675:36.6890318342894
4.7.0-damn-ne-unsafe:enp130s0f1_rx_bytes:4935302698.5:8060290.80683482
4.7.0-damn-ne-unsafe:SKT1_l3hit:0.3295:0.0173132896931808
4.7.0-damn-ne-unsafe:instructions:59981194061.65:921808757.357174
4.7.0-damn-ne-unsafe:enp4s0f0_tx_bytes:0:0
4.7.0-damn-ne-unsafe:cpu_26:19.66125:28.5123293670914
4.7.0-damn-ne-unsafe:Read:5049.104:242.234686170251
4.7.0-damn-ne-unsafe:SKT0_l2miss:247050000:24456031.9757724
4.7.0-damn-ne-unsafe:cpu_21:3.16475:1.81564036568369
4.7.0-damn-ne-unsafe:cpu_1:48.1925:36.9415108482314
4.7.0-damn-ne-unsafe:cpu_20:3.23825:1.73426192874664
4.7.0-damn-ne-unsafe:cpu_17:3.45725:1.83220084529508
4.7.0-damn-ne-unsafe:Total_tx_packets:0:0
4.7.0-damn-ne-unsafe:cpu_23:44.5255:42.0778751216123
4.7.0-damn-ne-unsafe:cpu_12:8.20425:2.99952070129546
4.7.0-damn-ne-unsafe:SKT1_l3mpi:0.00525:0.00499374608885955
4.7.0-damn-ne-unsafe:cycles:60977788201.025:1443225842.62319
4.7.0-damn-ne-unsafe:SKT0_l3hit:0.293:0.0317175030543074
4.7.0-damn-ne-unsafe:enp4s0f0_tx_packets:0:0
4.7.0-damn-ne-unsafe:Total_rx_bytes_phy:22546820719.825:82551792.498781
4.7.0-damn-ne-unsafe:enp130s0f1_tx_bytes_phy:129669.5:24360.6532794176
4.7.0-damn-ne-unsafe:LLC-load:476741140.025:22624894.5296782
4.7.0-damn-ne-unsafe:enp4s0f1_rx_packets:778164.375:4682.40935677083
4.7.0-damn-ne-unsafe:enp4s0f1_tx_queue_stopped:0:0
4.7.0-damn-ne-unsafe:enp130s0f0_tx_queue_stopped:0:0
4.7.0-damn-ne-unsafe:enp4s0f0_rx_packets_phy:610820.8:769.99692207177
4.7.0-damn-ne-unsafe:SKT0_l2mpi:0.01:5.20417042793042e-18
4.7.0-damn-ne-unsafe:TOTAL_l3mpi:0.01:5.20417042793042e-18
4.7.0-damn-ne-unsafe:SKT1_l3miss:181500000:17767948.6716953
4.7.0-damn-ne-unsafe:cpu_9:25.56175:29.3683194009719
4.7.0-damn-ne-unsafe:SKT0_l3mpi:0.01:5.20417042793042e-18
4.7.0-damn-ne-unsafe:cpu_22:3.33425:2.18115208949307
4.7.0-damn-ne-unsafe:enp4s0f0_tx_queue_stopped:0:0
4.7.0-damn-ne-unsafe:SKT1_l2miss:271350000:27594881.7718069
4.7.0-damn-ne-unsafe:cpu_13:6.8235:3.23434811824578
4.7.0-damn-ne-unsafe:cpu_4:11.4915:3.30684180903774
4.7.0-damn-ne-unsafe:SKT0_ipc:0.8845:0.10219955968594
4.7.0-damn-ne-unsafe:cpu_27:2.79775:1.65624498112447
4.7.0-damn-ne-unsafe:enp130s0f0_rx_packets:783440.3:4538.19454849613
4.7.0-damn-ne-unsafe:LLC-store:216865825.025:9238064.16899831
4.7.0-damn-ne-unsafe:enp4s0f1_tx_bytes:0:0
4.7.0-damn-ne-unsafe:TOTAL_l3miss:356375000:22259478.3182356
4.7.0-damn-ne-unsafe:Total_rx_packets_phy:2782526.15:10188.2996484939
4.7.0-damn-ne-unsafe:enp4s0f0_rx_bytes:4946646288.95:6191075.39627701
4.7.0-damn-ne-unsafe:TOTAL_l2miss:518925000:25591392.5959491
4.7.0-damn-ne-unsafe:SKT1_l2mpi:0.01:5.20417042793042e-18
4.7.0-damn-ne-unsafe:SKT1_ipc:1.04125:0.0470206071845101
4.7.0-damn-ne-unsafe:cpu_18:3.676:1.92756167216512
4.7.0-damn-ne-unsafe:enp130s0f1_tx_queue_stopped:0:0
4.7.0-damn-ne-unsafe:cpu_25:24.17075:36.3491784217677
4.7.0-damn-ne-unsafe:SKT0_l3miss:174275000:16422526.4499711
4.7.0-damn-ne-unsafe:cpu_6:51.107:39.4150262717152
4.7.0-damn-ne-unsafe:cpu_14:8.327:2.9045956689357
4.7.0-damn-ne-unsafe:cpu_11:23.95725:28.3396068239752
4.7.0-damn-ne-unsafe:enp4s0f0_tx_bytes_phy:404514.375:88179.3071688839
4.7.0-damn-ne-unsafe:enp130s0f1_tx_packets_phy:2025.625:380.609162232072
4.7.0-damn-ne-unsafe:Total_tx_queue_stopped:0:0
4.7.0-damn-ne-unsafe:enp130s0f1_rx_bytes_phy:4939142075.8:7602973.00321299
4.7.0-damn-ne-unsafe:enp130s0f1_tx_packets:0:0
4.7.0-damn-ne-unsafe:cpu_3:10.278:2.82562577140003
4.7.0-damn-ne-unsafe:enp130s0f0_rx_bytes:6345093167.05:36757648.2564062
4.7.0-damn-ne-unsafe:Write:16260.41875:310.845625199933
4.7.0-damn-ne-unsafe:SKT1_l2hit:0.18525:0.0158094117537624
4.7.0-damn-ne-unsafe:cpu_total:17.64275:0.705652136324974
4.7.0-damn-ne-unsafe:enp4s0f1_tx_packets:0:0
4.7.0-damn-ne-unsafe:Total_tx_bytes_phy:23976852.475:2606812.49152894
4.7.0-damn-ne-unsafe:TOTAL_l2hit:0.1715:0.00357071421427142
4.7.0-damn-ne-unsafe:cpu_10:8.5705:3.55714769864846
4.7.0-damn-ne-unsafe:Total_tx_bytes:0:0
4.7.0-damn-ne-unsafe:TOTAL_ipc:0.983:0.0116619037896906
4.7.0-damn-ne-unsafe:enp130s0f1_tx_bytes:0:0
4.7.0-damn-ne-unsafe:Total_rx_packets:2781747.8:10184.6410128193
4.7.0-damn-ne-unsafe:enp130s0f0_rx_packets_phy:783720.525:4553.46386824086
4.7.0-damn-ne-unsafe:Total_tx_packets_phy:374632.9:40730.5598818627
4.7.0-damn-ne-unsafe:enp130s0f1_rx_packets_phy:609544.7:938.166142002577
4.7.0-damn-ne-unsafe:enp130s0f0_tx_bytes_phy:3556563.25:377271.199717309
4.7.0-damn-ne-unsafe:enp4s0f1_tx_packets_phy:310716.125:33380.7854777172
4.7.0-damn-ne-unsafe:cpu_8:26.391:29.0263295819502
4.7.0-damn-ne-unsafe:Total_rx_bytes:22529393070.8:82492816.6449857
4.7.0-damn-ne-unsafe:enp4s0f0_rx_packets:610772.025:764.117022696786
4.7.0-damn-ne-unsafe:cpu_7:29.0095:35.5199456608537
4.7.0-damn-ne-unsafe:enp4s0f1_tx_bytes_phy:19886105.35:2136446.17340617
4.7.0-damn-ne-unsafe:cache-references:1468720634.15:59877224.0659334
4.7.0-damn-ne-unsafe:enp130s0f0_tx_bytes:0:0
4.7.0-damn-ne-unsafe:cpu_24:3.259:1.68907637482738
4.7.0-unsafe:enp130s0f0_tx_bytes:0:0
4.7.0-unsafe:cpu_24:9.13675:4.43499570884798
4.7.0-unsafe:cache-references:4786012466.1:128828127.138583
4.7.0-unsafe:enp4s0f1_tx_bytes_phy:248167.625:439076.112303931
4.7.0-unsafe:enp4s0f0_rx_packets:613230.75:717.182638872414
4.7.0-unsafe:cpu_7:34.62725:14.6149613388986
4.7.0-unsafe:Total_rx_bytes:23143440239.65:35413312.9271448
4.7.0-unsafe:enp4s0f1_tx_packets_phy:3877.2:6860.56570262249
4.7.0-unsafe:cpu_8:38.24725:13.13717948943
4.7.0-unsafe:enp130s0f1_rx_packets_phy:613236.825:696.562232951945
4.7.0-unsafe:enp130s0f0_tx_bytes_phy:44506.075:81048.8573581971
4.7.0-unsafe:Total_tx_packets_phy:4647.875:8380.57436333423
4.7.0-unsafe:enp130s0f0_rx_packets_phy:816095.25:2115.64567862863
4.7.0-unsafe:Total_rx_packets:2857565.25:4372.51255429873
4.7.0-unsafe:Total_tx_bytes:0:0
4.7.0-unsafe:TOTAL_ipc:0.49875:0.010767427733679
4.7.0-unsafe:enp130s0f1_tx_bytes:0:0
4.7.0-unsafe:TOTAL_l2hit:0.18775:0.00417582327212252
4.7.0-unsafe:Total_tx_bytes_phy:297531.975:536375.479988995
4.7.0-unsafe:cpu_10:48.51675:31.3861261059325
4.7.0-unsafe:enp4s0f1_tx_packets:0:0
4.7.0-unsafe:cpu_total:33.82075:0.973938877702292
4.7.0-unsafe:SKT1_l2hit:0.188:0.004
4.7.0-unsafe:enp130s0f0_rx_bytes:6605499334.85:16751031.5479041
4.7.0-unsafe:enp130s0f1_rx_bytes_phy:4969062439.375:5644318.30650239
4.7.0-unsafe:enp130s0f1_tx_packets:0:0
4.7.0-unsafe:cpu_3:72.99:27.6866398286249
4.7.0-unsafe:Write:24484.16325:114.412137804245
4.7.0-unsafe:enp130s0f1_tx_packets_phy:16.35:63.4860417729756
4.7.0-unsafe:enp4s0f0_tx_bytes_phy:3801.875:17574.3045469622
4.7.0-unsafe:Total_tx_queue_stopped:0:0
4.7.0-unsafe:SKT0_l3miss:834700000:65909862.6914061
4.7.0-unsafe:cpu_14:40.28125:28.9704411588346
4.7.0-unsafe:cpu_11:44.1485:33.6849607057808
4.7.0-unsafe:cpu_6:82.7095:26.1567757904142
4.7.0-unsafe:SKT1_ipc:0.5025:0.024773978283675
4.7.0-unsafe:cpu_25:8.41075:4.6605275385411
4.7.0-unsafe:enp130s0f1_tx_queue_stopped:0:0
4.7.0-unsafe:cpu_18:9.38525:3.06189809391168
4.7.0-unsafe:TOTAL_l2miss:1957900000:49790460.9337974
4.7.0-unsafe:SKT1_l2mpi:0.03175:0.00379967103839267
4.7.0-unsafe:TOTAL_l3miss:1657650000:45110170.6935365
4.7.0-unsafe:Total_rx_packets_phy:2858615.775:4513.40105401404
4.7.0-unsafe:enp4s0f0_rx_bytes:4966559925.05:5811182.05588169
4.7.0-unsafe:SKT0_ipc:0.49775:0.0199358345699396
4.7.0-unsafe:LLC-store:1564554432.125:50778385.698833
4.7.0-unsafe:enp4s0f1_tx_bytes:0:0
4.7.0-unsafe:cpu_27:9.9255:4.93149315623575
4.7.0-unsafe:enp130s0f0_rx_packets:815593.7:2068.47273610265
4.7.0-unsafe:cpu_22:8.94925:5.02840103188877
4.7.0-unsafe:SKT0_l3mpi:0.0295:0.00217944947177034
4.7.0-unsafe:cpu_4:44.92975:10.9813866354618
4.7.0-unsafe:SKT1_l2miss:971775000:89183094.6704587
4.7.0-unsafe:cpu_13:29.9555:13.1691723259285
4.7.0-unsafe:enp4s0f0_tx_queue_stopped:0:0
4.7.0-unsafe:TOTAL_l3mpi:0.03:2.08166817117217e-17
4.7.0-unsafe:SKT0_l2mpi:0.031:0.003
4.7.0-unsafe:cpu_9:32.633:15.1203950345221
4.7.0-unsafe:SKT1_l3miss:822550000:76900568.9185717
4.7.0-unsafe:enp4s0f0_rx_packets_phy:613236.325:728.077859418208
4.7.0-unsafe:LLC-load:1707458263.3:49408097.382249
4.7.0-unsafe:enp4s0f1_rx_packets:815539.475:2081.13602375602
4.7.0-unsafe:enp130s0f0_tx_queue_stopped:0:0
4.7.0-unsafe:enp4s0f1_tx_queue_stopped:0:0
4.7.0-unsafe:enp130s0f1_tx_bytes_phy:1056.4:4066.978951261
4.7.0-unsafe:Total_rx_bytes_phy:23163386909.95:36571033.1380869
4.7.0-unsafe:cycles:119963629551.45:3196283616.97918
4.7.0-unsafe:SKT0_l3hit:0.1525:0.00580947501931113
4.7.0-unsafe:SKT1_l3mpi:0.029:0.003
4.7.0-unsafe:enp4s0f0_tx_packets:0:0
4.7.0-unsafe:Total_tx_packets:0:0
4.7.0-unsafe:cpu_21:43.6595:34.5072692305549
4.7.0-unsafe:cpu_20:8.7535:4.32985077687442
4.7.0-unsafe:cpu_1:61.603:23.6658127052506
4.7.0-unsafe:cpu_17:31.7225:36.987907872033
4.7.0-unsafe:cpu_12:25.75575:13.7409231654027
4.7.0-unsafe:cpu_23:9.7515:4.20957631478513
4.7.0-unsafe:SKT0_l2miss:985625000:77146512.3968673
4.7.0-unsafe:cpu_26:25.12625:29.1012150680603
4.7.0-unsafe:enp4s0f0_tx_bytes:0:0
4.7.0-unsafe:Read:26178.14225:800.605430738161
4.7.0-unsafe:enp130s0f1_rx_bytes:4966321112.175:5873148.62405712
4.7.0-unsafe:instructions:59818013872.775:435841865.478133
4.7.0-unsafe:SKT1_l3hit:0.1535:0.00614410286372225
4.7.0-unsafe:LLC-load-misses:1051712971.875:33054434.2358509
4.7.0-unsafe:cpu_2:71.86425:29.4208693691655
4.7.0-unsafe:enp4s0f1_rx_bytes:6605059867.575:16855837.0391185
4.7.0-unsafe:enp4s0f1_rx_bytes_phy:6612436800.45:16791941.1717615
4.7.0-unsafe:enp130s0f0_rx_bytes_phy:6612824679.875:17141101.8587265
4.7.0-unsafe:enp4s0f0_tx_packets_phy:59.325:274.432540663457
4.7.0-unsafe:enp130s0f1_rx_packets:613201.325:725.118279575822
4.7.0-unsafe:cpu_15:28.431:12.362428928006
4.7.0-unsafe:cpu_0:51.31775:5.37175180341572
4.7.0-unsafe:enp4s0f0_rx_bytes_phy:4969062990.25:5898900.50929283
4.7.0-unsafe:LLC-store-misses:64727082.975:2814113.45394365
4.7.0-unsafe:enp130s0f0_tx_packets_phy:695:1266.37922835144
4.7.0-unsafe:SKT0_l2hit:0.1845:0.00545435605731786
4.7.0-unsafe:TOTAL_l2mpi:0.03:2.08166817117217e-17
4.7.0-unsafe:cache-misses:1652839573.675:44198853.2266436
4.7.0-unsafe:enp130s0f0_tx_packets:0:0
4.7.0-unsafe:Memory:50662.305:851.791025527976
4.7.0-unsafe:cpu_19:10.245:4.86220217596924
4.7.0-unsafe:TOTAL_l3hit:0.15325:0.0046837484987988
4.7.0-unsafe:cpu_16:8.90025:4.38001169376293
4.7.0-unsafe:enp4s0f1_rx_packets_phy:816047.375:2072.2407279018
4.7.0-unsafe:cpu_5:54.97775:29.2102867571939
