4.7.0-copy-plus-strict:cpu_9:70.392
4.7.0-copy-plus-strict:cpu_23:45.098
4.7.0-copy-plus-strict:Total_tx_bytes:42789533
4.7.0-copy-plus-strict:enp130s0f1_tx_bytes_phy:20667827.4
4.7.0-copy-plus-strict:cpu_25:50.59
4.7.0-copy-plus-strict:enp4s0f1_tx_packets:0
4.7.0-copy-plus-strict:instructions:68584120167.2
4.7.0-copy-plus-strict:LLC-load-misses:765529564.4
4.7.0-copy-plus-strict:Total_rx_bytes_phy:9816260228.2
4.7.0-copy-plus-strict:cpu_4:52.158
4.7.0-copy-plus-strict:cpu_17:49.216
4.7.0-copy-plus-strict:enp130s0f0_tx_bytes:23846645.6
4.7.0-copy-plus-strict:cpu_7:50.588
4.7.0-copy-plus-strict:cache-references:5414602926.6
4.7.0-copy-plus-strict:cpu_1:48.626
4.7.0-copy-plus-strict:cpu_12:42.942
4.7.0-copy-plus-strict:cpu_18:18.826
4.7.0-copy-plus-strict:cpu_5:46.468
4.7.0-copy-plus-strict:cpu_24:20.394
4.7.0-copy-plus-strict:cpu_15:35.1
4.7.0-copy-plus-strict:enp4s0f1_tx_packets_phy:0
4.7.0-copy-plus-strict:cpu_21:54.706
4.7.0-copy-plus-strict:cpu_total:42.794
4.7.0-copy-plus-strict:cpu_20:16.67
4.7.0-copy-plus-strict:cache-misses:1492153406.2
4.7.0-copy-plus-strict:enp130s0f1_rx_bytes:4661379191.6
4.7.0-copy-plus-strict:cpu_13:50
4.7.0-copy-plus-strict:enp4s0f0_tx_packets:0
4.7.0-copy-plus-strict:enp130s0f1_tx_packets:277887.4
4.7.0-copy-plus-strict:cpu_11:49.018
4.7.0-copy-plus-strict:enp4s0f0_tx_bytes_phy:0
4.7.0-copy-plus-strict:enp4s0f1_tx_bytes_phy:0
4.7.0-copy-plus-strict:enp130s0f0_rx_bytes_phy:5031041710.2
4.7.0-copy-plus-strict:Total_rx_packets:2810866.8
4.7.0-copy-plus-strict:enp4s0f0_tx_bytes:0
4.7.0-copy-plus-strict:enp130s0f1_tx_bytes:18942887.4
4.7.0-copy-plus-strict:LLC-store:1747247579
4.7.0-copy-plus-strict:enp130s0f0_tx_packets:345512.6
4.7.0-copy-plus-strict:enp4s0f0_tx_packets_phy:0
4.7.0-copy-plus-strict:Total_rx_bytes:9542723721
4.7.0-copy-plus-strict:Total_tx_packets:623400
4.7.0-copy-plus-strict:cpu_27:61.176
4.7.0-copy-plus-strict:enp130s0f0_tx_bytes_phy:54025606
4.7.0-copy-plus-strict:enp4s0f0_rx_bytes_phy:0
4.7.0-copy-plus-strict:enp130s0f1_rx_bytes_phy:4785218518
4.7.0-copy-plus-strict:enp4s0f1_rx_packets:0
4.7.0-copy-plus-strict:enp4s0f0_rx_packets:0
4.7.0-copy-plus-strict:cpu_2:57.062
4.7.0-copy-plus-strict:cpu_10:49.804
4.7.0-copy-plus-strict:enp130s0f0_tx_packets_phy:795460
4.7.0-copy-plus-strict:Total_tx_bytes_phy:74693433.4
4.7.0-copy-plus-strict:cpu_8:63.922
4.7.0-copy-plus-strict:enp4s0f1_rx_bytes_phy:0
4.7.0-copy-plus-strict:enp4s0f1_rx_packets_phy:0
4.7.0-copy-plus-strict:enp130s0f1_tx_packets_phy:287474.8
4.7.0-copy-plus-strict:enp130s0f0_rx_packets_phy:3314258
4.7.0-copy-plus-strict:enp4s0f0_rx_bytes:0
4.7.0-copy-plus-strict:cycles:155796600971.2
4.7.0-copy-plus-strict:cpu_14:22.354
4.7.0-copy-plus-strict:enp4s0f1_tx_bytes:0
4.7.0-copy-plus-strict:enp4s0f0_rx_packets_phy:0
4.7.0-copy-plus-strict:16384:87380
4.7.0-copy-plus-strict:cpu_3:68.628
4.7.0-copy-plus-strict:cpu_0:33.924
4.7.0-copy-plus-strict:LLC-store-misses:86267192
4.7.0-copy-plus-strict:cpu_26:14.316
4.7.0-copy-plus-strict:enp130s0f0_rx_bytes:4881344529.4
4.7.0-copy-plus-strict:Total_tx_packets_phy:1082934.8
4.7.0-copy-plus-strict:Total_rx_packets_phy:6466579
4.7.0-copy-plus-strict:enp130s0f0_rx_packets:1328825.6
4.7.0-copy-plus-strict:cpu_6:41.962
4.7.0-copy-plus-strict:cpu_16:19.806
4.7.0-copy-plus-strict:enp4s0f1_rx_bytes:0
4.7.0-copy-plus-strict:cpu_19:40.194
4.7.0-copy-plus-strict:enp130s0f1_rx_packets:1482041.2
4.7.0-copy-plus-strict:cpu_22:22.746
4.7.0-copy-plus-strict:enp130s0f1_rx_packets_phy:3152321
4.7.0-copy-plus-strict:LLC-load:1629666195.4
4.7.0-damn-strict:SKT1_l2miss:664800000
4.7.0-damn-strict:enp4s0f0_tx_packets_phy:0
4.7.0-damn-strict:Total_rx_bytes:9756545731.8
4.7.0-damn-strict:SKT1_l2mpi:0.02
4.7.0-damn-strict:LLC-store:860924931.4
4.7.0-damn-strict:enp130s0f1_tx_bytes:21035092.2
4.7.0-damn-strict:SKT0_ipc:0.532
4.7.0-damn-strict:TOTAL_l3miss:1011000000
4.7.0-damn-strict:enp130s0f0_tx_packets:409221
4.7.0-damn-strict:SKT1_l3miss:490000000
4.7.0-damn-strict:Total_rx_packets:3425359.2
4.7.0-damn-strict:enp130s0f0_rx_bytes_phy:5116470280.4
4.7.0-damn-strict:enp4s0f1_tx_bytes_phy:0
4.7.0-damn-strict:enp4s0f0_tx_bytes:0
4.7.0-damn-strict:enp130s0f1_tx_packets:312634
4.7.0-damn-strict:SKT0_l3mpi:0.02
4.7.0-damn-strict:enp4s0f0_tx_bytes_phy:0
4.7.0-damn-strict:cpu_11:39.41
4.7.0-damn-strict:Write:10896.074
4.7.0-damn-strict:cpu_21:21.57
4.7.0-damn-strict:cpu_20:17.06
4.7.0-damn-strict:cpu_total:30.818
4.7.0-damn-strict:cpu_13:40
4.7.0-damn-strict:enp4s0f0_tx_packets:0
4.7.0-damn-strict:enp130s0f1_rx_bytes:4764811202.4
4.7.0-damn-strict:Read:15922.956
4.7.0-damn-strict:cache-misses:993360286.2
4.7.0-damn-strict:cpu_12:38.822
4.7.0-damn-strict:SKT0_l3miss:520600000
4.7.0-damn-strict:cpu_1:39.214
4.7.0-damn-strict:cache-references:3076929807
4.7.0-damn-strict:cpu_24:16.276
4.7.0-damn-strict:TOTAL_l2hit:0.358
4.7.0-damn-strict:cpu_5:43.922
4.7.0-damn-strict:enp4s0f1_tx_packets_phy:0
4.7.0-damn-strict:cpu_15:22.552
4.7.0-damn-strict:SKT1_l3hit:0.264
4.7.0-damn-strict:SKT1_l2hit:0.374
4.7.0-damn-strict:cpu_18:21.57
4.7.0-damn-strict:SKT0_l2miss:634400000
4.7.0-damn-strict:LLC-load-misses:572897814.2
4.7.0-damn-strict:cpu_7:27.254
4.7.0-damn-strict:enp130s0f0_tx_bytes:27977057.6
4.7.0-damn-strict:cpu_17:29.608
4.7.0-damn-strict:Total_rx_bytes_phy:9990750089.6
4.7.0-damn-strict:cpu_4:41.566
4.7.0-damn-strict:cpu_23:32.158
4.7.0-damn-strict:cpu_9:40.196
4.7.0-damn-strict:enp130s0f1_tx_bytes_phy:22554327.2
4.7.0-damn-strict:cpu_25:25.686
4.7.0-damn-strict:SKT1_l3mpi:0.01
4.7.0-damn-strict:instructions:65791170076.8
4.7.0-damn-strict:enp4s0f1_tx_packets:0
4.7.0-damn-strict:Total_tx_bytes:49012149.8
4.7.0-damn-strict:TOTAL_l3mpi:0.012
4.7.0-damn-strict:cpu_22:19.022
4.7.0-damn-strict:enp130s0f1_rx_packets_phy:3210987.6
4.7.0-damn-strict:LLC-load:1009580430.6
4.7.0-damn-strict:cpu_19:28.04
4.7.0-damn-strict:enp130s0f1_rx_packets:1746024.2
4.7.0-damn-strict:SKT0_l2mpi:0.022
4.7.0-damn-strict:SKT1_ipc:0.602
4.7.0-damn-strict:enp130s0f0_rx_bytes:4991734529.4
4.7.0-damn-strict:cpu_26:19.414
4.7.0-damn-strict:SKT0_l2hit:0.34
4.7.0-damn-strict:cpu_6:44.512
4.7.0-damn-strict:cpu_16:18.042
4.7.0-damn-strict:enp4s0f1_rx_bytes:0
4.7.0-damn-strict:Total_tx_packets_phy:1172522.6
4.7.0-damn-strict:enp130s0f0_rx_packets:1679335
4.7.0-damn-strict:Total_rx_packets_phy:6581520.8
4.7.0-damn-strict:cpu_0:34.314
4.7.0-damn-strict:cpu_3:40.98
4.7.0-damn-strict:SKT0_l3hit:0.178
4.7.0-damn-strict:LLC-store-misses:69991785.6
4.7.0-damn-strict:16384:87380
4.7.0-damn-strict:TOTAL_l3hit:0.222
4.7.0-damn-strict:Memory:26819.028
4.7.0-damn-strict:enp130s0f0_rx_packets_phy:3370533.2
4.7.0-damn-strict:enp130s0f1_tx_packets_phy:316831.4
4.7.0-damn-strict:Total_tx_bytes_phy:80741920.6
4.7.0-damn-strict:cpu_8:36.862
4.7.0-damn-strict:enp4s0f1_rx_bytes_phy:0
4.7.0-damn-strict:enp4s0f1_rx_packets_phy:0
4.7.0-damn-strict:TOTAL_ipc:0.57
4.7.0-damn-strict:enp4s0f1_tx_bytes:0
4.7.0-damn-strict:enp4s0f0_rx_packets_phy:0
4.7.0-damn-strict:TOTAL_l2miss:1299800000
4.7.0-damn-strict:enp4s0f0_rx_bytes:0
4.7.0-damn-strict:cycles:116251253791.6
4.7.0-damn-strict:cpu_14:26.078
4.7.0-damn-strict:enp4s0f0_rx_packets:0
4.7.0-damn-strict:cpu_2:34.51
4.7.0-damn-strict:cpu_10:39.216
4.7.0-damn-strict:enp130s0f0_tx_packets_phy:855691.2
4.7.0-damn-strict:cpu_27:25.098
4.7.0-damn-strict:TOTAL_l2mpi:0.02
4.7.0-damn-strict:enp130s0f0_tx_bytes_phy:58187593.4
4.7.0-damn-strict:Total_tx_packets:721855
4.7.0-damn-strict:enp4s0f1_rx_packets:0
4.7.0-damn-strict:enp130s0f1_rx_bytes_phy:4874279809.2
4.7.0-damn-strict:enp4s0f0_rx_bytes_phy:0
4.7.0-deff:SKT0_l2miss:709600000
4.7.0-deff:LLC-load-misses:587298342
4.7.0-deff:cpu_17:25.804
4.7.0-deff:enp130s0f0_tx_bytes:23367193
4.7.0-deff:cpu_7:44.83
4.7.0-deff:Total_rx_bytes_phy:10884589391.8
4.7.0-deff:cpu_4:46.786
4.7.0-deff:cpu_23:41.526
4.7.0-deff:cpu_9:37.548
4.7.0-deff:enp130s0f1_tx_bytes_phy:20347172.2
4.7.0-deff:cpu_25:30.168
4.7.0-deff:SKT1_l3mpi:0.01
4.7.0-deff:instructions:92301740784.8
4.7.0-deff:enp4s0f1_tx_packets:0
4.7.0-deff:Total_tx_bytes:42169073.8
4.7.0-deff:Write:11836.954
4.7.0-deff:cpu_21:39.728
4.7.0-deff:cpu_total:37.72
4.7.0-deff:cpu_20:26.046
4.7.0-deff:cpu_13:60.81
4.7.0-deff:enp4s0f0_tx_packets:0
4.7.0-deff:cache-misses:1027512557
4.7.0-deff:Read:15722.65
4.7.0-deff:enp130s0f1_rx_bytes:4714101436.2
4.7.0-deff:cpu_12:45.974
4.7.0-deff:SKT0_l3miss:584600000
4.7.0-deff:cache-references:3400960208.8
4.7.0-deff:cpu_1:58.094
4.7.0-deff:cpu_5:55.978
4.7.0-deff:TOTAL_l2hit:0.356
4.7.0-deff:cpu_24:21.154
4.7.0-deff:enp4s0f1_tx_packets_phy:0
4.7.0-deff:cpu_15:32.122
4.7.0-deff:SKT1_l3hit:0.302
4.7.0-deff:SKT1_l2hit:0.386
4.7.0-deff:cpu_18:20.542
4.7.0-deff:SKT1_l3miss:456600000
4.7.0-deff:enp130s0f0_rx_bytes_phy:6050189436
4.7.0-deff:Total_rx_packets:2933865.4
4.7.0-deff:enp4s0f1_tx_bytes_phy:0
4.7.0-deff:enp4s0f0_tx_bytes:0
4.7.0-deff:enp130s0f1_tx_packets:277378
4.7.0-deff:SKT0_l3mpi:0.02
4.7.0-deff:enp4s0f0_tx_bytes_phy:0
4.7.0-deff:cpu_11:34.206
4.7.0-deff:SKT1_l2miss:654400000
4.7.0-deff:enp4s0f0_tx_packets_phy:0
4.7.0-deff:Total_rx_bytes:10558771363.8
4.7.0-deff:SKT1_l2mpi:0.01
4.7.0-deff:LLC-store:959465617.2
4.7.0-deff:enp130s0f1_tx_bytes:18801880.8
4.7.0-deff:SKT0_ipc:0.59
4.7.0-deff:TOTAL_l3miss:1042200000
4.7.0-deff:enp130s0f0_tx_packets:339647.2
4.7.0-deff:enp4s0f0_rx_packets:0
4.7.0-deff:cpu_10:61.69
4.7.0-deff:cpu_2:42.038
4.7.0-deff:enp130s0f0_tx_packets_phy:732565.8
4.7.0-deff:cpu_27:38.77
4.7.0-deff:TOTAL_l2mpi:0.012
4.7.0-deff:enp130s0f0_tx_bytes_phy:49871946.8
4.7.0-deff:Total_tx_packets:617025.2
4.7.0-deff:enp4s0f1_rx_packets:0
4.7.0-deff:enp4s0f0_rx_bytes_phy:0
4.7.0-deff:enp130s0f1_rx_bytes_phy:4834399955.8
4.7.0-deff:16384:87380
4.7.0-deff:TOTAL_l3hit:0.236
4.7.0-deff:Memory:27559.606
4.7.0-deff:enp130s0f1_tx_packets_phy:284197.4
4.7.0-deff:enp130s0f0_rx_packets_phy:3985631.8
4.7.0-deff:cpu_8:32.826
4.7.0-deff:Total_tx_bytes_phy:70219119
4.7.0-deff:enp4s0f1_rx_bytes_phy:0
4.7.0-deff:enp4s0f1_rx_packets_phy:0
4.7.0-deff:TOTAL_ipc:0.674
4.7.0-deff:enp4s0f1_tx_bytes:0
4.7.0-deff:enp4s0f0_rx_packets_phy:0
4.7.0-deff:TOTAL_l2miss:1364600000
4.7.0-deff:enp4s0f0_rx_bytes:0
4.7.0-deff:cycles:137825394175
4.7.0-deff:cpu_14:23.676
4.7.0-deff:enp130s0f0_rx_bytes:5844669927.6
4.7.0-deff:SKT1_ipc:0.736
4.7.0-deff:cpu_26:19.378
4.7.0-deff:SKT0_l2hit:0.328
4.7.0-deff:cpu_6:39.552
4.7.0-deff:cpu_16:18.988
4.7.0-deff:enp4s0f1_rx_bytes:0
4.7.0-deff:Total_tx_packets_phy:1016763.2
4.7.0-deff:Total_rx_packets_phy:7170352
4.7.0-deff:enp130s0f0_rx_packets:1367919.8
4.7.0-deff:cpu_0:60.822
4.7.0-deff:cpu_3:48.362
4.7.0-deff:SKT0_l3hit:0.178
4.7.0-deff:LLC-store-misses:74955368.2
4.7.0-deff:TOTAL_l3mpi:0.01
4.7.0-deff:cpu_22:27.808
4.7.0-deff:enp130s0f1_rx_packets_phy:3184720.2
4.7.0-deff:LLC-load:1096271211.4
4.7.0-deff:cpu_19:22.106
4.7.0-deff:enp130s0f1_rx_packets:1565945.6
4.7.0-deff:SKT0_l2mpi:0.02
4.7.0-strict:TOTAL_l3miss:786000000
4.7.0-strict:SKT0_ipc:0.324
4.7.0-strict:enp130s0f0_tx_packets:118136.8
4.7.0-strict:LLC-store:788278605.8
4.7.0-strict:SKT1_l2mpi:0.01
4.7.0-strict:enp130s0f1_tx_bytes:8982189.8
4.7.0-strict:Total_rx_bytes:9533504962
4.7.0-strict:SKT1_l2miss:324600000
4.7.0-strict:enp4s0f0_tx_packets_phy:0
4.7.0-strict:enp4s0f0_tx_bytes_phy:0
4.7.0-strict:cpu_11:94.17
4.7.0-strict:SKT0_l3mpi:0.016
4.7.0-strict:enp130s0f1_tx_packets:131126
4.7.0-strict:enp4s0f0_tx_bytes:0
4.7.0-strict:SKT1_l3miss:236400000
4.7.0-strict:enp130s0f0_rx_bytes_phy:5224360497.4
4.7.0-strict:Total_rx_packets:465855
4.7.0-strict:enp4s0f1_tx_bytes_phy:0
4.7.0-strict:cpu_15:58.46
4.7.0-strict:enp4s0f1_tx_packets_phy:0
4.7.0-strict:TOTAL_l2hit:0.294
4.7.0-strict:cpu_5:76.038
4.7.0-strict:cpu_24:13.88
4.7.0-strict:cpu_18:32.764
4.7.0-strict:SKT1_l3hit:0.272
4.7.0-strict:SKT1_l2hit:0.3
4.7.0-strict:cpu_12:99.804
4.7.0-strict:SKT0_l3miss:549000000
4.7.0-strict:cache-references:2372488758
4.7.0-strict:cpu_1:76.61
4.7.0-strict:enp4s0f0_tx_packets:0
4.7.0-strict:cpu_13:85.492
4.7.0-strict:Read:11192.034
4.7.0-strict:enp130s0f1_rx_bytes:4559402544.2
4.7.0-strict:cache-misses:699855225
4.7.0-strict:cpu_20:13.08
4.7.0-strict:cpu_total:62.222
4.7.0-strict:Write:10343.068
4.7.0-strict:cpu_21:82.44
4.7.0-strict:instructions:68130996492.4
4.7.0-strict:SKT1_l3mpi:0.006
4.7.0-strict:enp4s0f1_tx_packets:0
4.7.0-strict:enp130s0f1_tx_bytes_phy:9543737.6
4.7.0-strict:cpu_25:73.732
4.7.0-strict:Total_tx_bytes:17177375.6
4.7.0-strict:cpu_23:70.586
4.7.0-strict:cpu_9:93.576
4.7.0-strict:cpu_7:80.24
4.7.0-strict:enp130s0f0_tx_bytes:8195185.8
4.7.0-strict:cpu_17:54.4
4.7.0-strict:cpu_4:63.394
4.7.0-strict:Total_rx_bytes_phy:9990133720.6
4.7.0-strict:LLC-load-misses:416458051.2
4.7.0-strict:SKT0_l2miss:657800000
4.7.0-strict:enp130s0f1_rx_packets:244454
4.7.0-strict:SKT0_l2mpi:0.02
4.7.0-strict:cpu_19:44.29
4.7.0-strict:LLC-load:756694514.8
4.7.0-strict:enp130s0f1_rx_packets_phy:3139524
4.7.0-strict:TOTAL_l3mpi:0.01
4.7.0-strict:cpu_22:36.41
4.7.0-strict:LLC-store-misses:47530189
4.7.0-strict:cpu_0:81.36
4.7.0-strict:cpu_3:66.408
4.7.0-strict:SKT0_l3hit:0.168
4.7.0-strict:cpu_16:16.376
4.7.0-strict:enp4s0f1_rx_bytes:0
4.7.0-strict:cpu_6:70.608
4.7.0-strict:SKT0_l2hit:0.284
4.7.0-strict:Total_rx_packets_phy:6581136.6
4.7.0-strict:enp130s0f0_rx_packets:221401
4.7.0-strict:Total_tx_packets_phy:538971.2
4.7.0-strict:enp130s0f0_rx_bytes:4974102417.8
4.7.0-strict:SKT1_ipc:0.304
4.7.0-strict:cpu_26:19.7
4.7.0-strict:enp4s0f0_rx_packets_phy:0
4.7.0-strict:TOTAL_ipc:0.314
4.7.0-strict:enp4s0f1_tx_bytes:0
4.7.0-strict:cpu_14:29.388
4.7.0-strict:cycles:217971942689.8
4.7.0-strict:enp4s0f0_rx_bytes:0
4.7.0-strict:TOTAL_l2miss:983200000
4.7.0-strict:enp130s0f1_tx_packets_phy:131702.4
4.7.0-strict:enp130s0f0_rx_packets_phy:3441612.6
4.7.0-strict:enp4s0f1_rx_packets_phy:0
4.7.0-strict:enp4s0f1_rx_bytes_phy:0
4.7.0-strict:Total_tx_bytes_phy:36715839.4
4.7.0-strict:cpu_8:57.232
4.7.0-strict:TOTAL_l3hit:0.2
4.7.0-strict:Memory:21535.102
4.7.0-strict:16384:87380
4.7.0-strict:enp4s0f1_rx_packets:0
4.7.0-strict:enp130s0f1_rx_bytes_phy:4765773223.2
4.7.0-strict:enp4s0f0_rx_bytes_phy:0
4.7.0-strict:TOTAL_l2mpi:0.01
4.7.0-strict:enp130s0f0_tx_bytes_phy:27172101.8
4.7.0-strict:cpu_27:66.616
4.7.0-strict:Total_tx_packets:249262.8
4.7.0-strict:enp130s0f0_tx_packets_phy:407268.8
4.7.0-strict:cpu_10:94.742
4.7.0-strict:cpu_2:92.4
4.7.0-strict:enp4s0f0_rx_packets:0
4.7.0-unsafe:cpu_22:20.592
4.7.0-unsafe:TOTAL_l3mpi:0.02
4.7.0-unsafe:enp130s0f1_rx_packets_phy:3248815.8
4.7.0-unsafe:LLC-load:1204783721.2
4.7.0-unsafe:cpu_19:31.764
4.7.0-unsafe:SKT0_l2mpi:0.026
4.7.0-unsafe:enp130s0f1_rx_packets:1710284.6
4.7.0-unsafe:cpu_26:18.434
4.7.0-unsafe:enp130s0f0_rx_bytes:7995120673.4
4.7.0-unsafe:SKT1_ipc:0.592
4.7.0-unsafe:Total_tx_packets_phy:930081.4
4.7.0-unsafe:enp130s0f0_rx_packets:2161754.6
4.7.0-unsafe:Total_rx_packets_phy:8674242
4.7.0-unsafe:cpu_6:39.41
4.7.0-unsafe:SKT0_l2hit:0.296
4.7.0-unsafe:cpu_16:24.118
4.7.0-unsafe:enp4s0f1_rx_bytes:0
4.7.0-unsafe:SKT0_l3hit:0.162
4.7.0-unsafe:cpu_3:33.924
4.7.0-unsafe:cpu_0:43.922
4.7.0-unsafe:LLC-store-misses:76904923.2
4.7.0-unsafe:16384:87380
4.7.0-unsafe:TOTAL_l3hit:0.206
4.7.0-unsafe:Memory:32079.182
4.7.0-unsafe:Total_tx_bytes_phy:64359645
4.7.0-unsafe:cpu_8:37.452
4.7.0-unsafe:enp4s0f1_rx_bytes_phy:0
4.7.0-unsafe:enp4s0f1_rx_packets_phy:0
4.7.0-unsafe:enp130s0f0_rx_packets_phy:5425426.2
4.7.0-unsafe:enp130s0f1_tx_packets_phy:281351
4.7.0-unsafe:TOTAL_l2miss:1503600000
4.7.0-unsafe:cycles:129068048952.4
4.7.0-unsafe:cpu_14:24.706
4.7.0-unsafe:enp4s0f0_rx_bytes:0
4.7.0-unsafe:TOTAL_ipc:0.546
4.7.0-unsafe:enp4s0f1_tx_bytes:0
4.7.0-unsafe:enp4s0f0_rx_packets_phy:0
4.7.0-unsafe:enp4s0f0_rx_packets:0
4.7.0-unsafe:cpu_10:43.53
4.7.0-unsafe:cpu_2:56.078
4.7.0-unsafe:enp130s0f0_tx_packets_phy:648730.4
4.7.0-unsafe:Total_tx_packets:657450.2
4.7.0-unsafe:cpu_27:46.862
4.7.0-unsafe:enp130s0f0_tx_bytes_phy:44450196.8
4.7.0-unsafe:TOTAL_l2mpi:0.02
4.7.0-unsafe:enp130s0f1_rx_bytes_phy:4931696297.6
4.7.0-unsafe:enp4s0f0_rx_bytes_phy:0
4.7.0-unsafe:enp4s0f1_rx_packets:0
4.7.0-unsafe:enp4s0f0_tx_packets_phy:0
4.7.0-unsafe:SKT1_l2miss:695000000
4.7.0-unsafe:Total_rx_bytes:12811717445
4.7.0-unsafe:enp130s0f1_tx_bytes:18769366.2
4.7.0-unsafe:SKT1_l2mpi:0.018
4.7.0-unsafe:LLC-store:1098253101.2
4.7.0-unsafe:enp130s0f0_tx_packets:376342
4.7.0-unsafe:SKT0_ipc:0.498
4.7.0-unsafe:TOTAL_l3miss:1194200000
4.7.0-unsafe:enp4s0f1_tx_bytes_phy:0
4.7.0-unsafe:Total_rx_packets:3872039.2
4.7.0-unsafe:SKT1_l3miss:515400000
4.7.0-unsafe:enp130s0f0_rx_bytes_phy:8235789657.4
4.7.0-unsafe:enp4s0f0_tx_bytes:0
4.7.0-unsafe:enp130s0f1_tx_packets:281108.2
4.7.0-unsafe:SKT0_l3mpi:0.024
4.7.0-unsafe:cpu_11:31.962
4.7.0-unsafe:enp4s0f0_tx_bytes_phy:0
4.7.0-unsafe:cpu_21:33.726
4.7.0-unsafe:Write:14201.034
4.7.0-unsafe:cpu_20:22.746
4.7.0-unsafe:cpu_total:33.95
4.7.0-unsafe:Read:17878.152
4.7.0-unsafe:cache-misses:1197233234.4
4.7.0-unsafe:enp130s0f1_rx_bytes:4816596771.6
4.7.0-unsafe:cpu_13:41.568
4.7.0-unsafe:enp4s0f0_tx_packets:0
4.7.0-unsafe:cpu_1:30.196
4.7.0-unsafe:cache-references:3792011911.6
4.7.0-unsafe:SKT0_l3miss:678200000
4.7.0-unsafe:cpu_12:22.746
4.7.0-unsafe:SKT1_l3hit:0.258
4.7.0-unsafe:SKT1_l2hit:0.376
4.7.0-unsafe:cpu_18:21.57
4.7.0-unsafe:TOTAL_l2hit:0.336
4.7.0-unsafe:cpu_24:22.356
4.7.0-unsafe:cpu_5:43.332
4.7.0-unsafe:enp4s0f1_tx_packets_phy:0
4.7.0-unsafe:cpu_15:36.078
4.7.0-unsafe:SKT0_l2miss:807800000
4.7.0-unsafe:LLC-load-misses:694729000.6
4.7.0-unsafe:Total_rx_bytes_phy:13167485955
4.7.0-unsafe:cpu_4:55.292
4.7.0-unsafe:cpu_7:35.294
4.7.0-unsafe:enp130s0f0_tx_bytes:25511869
4.7.0-unsafe:cpu_17:25.098
4.7.0-unsafe:cpu_9:48.236
4.7.0-unsafe:cpu_23:27.256
4.7.0-unsafe:Total_tx_bytes:44281235.2
4.7.0-unsafe:cpu_25:34.51
4.7.0-unsafe:enp130s0f1_tx_bytes_phy:19909448.2
4.7.0-unsafe:SKT1_l3mpi:0.01
4.7.0-unsafe:enp4s0f1_tx_packets:0
4.7.0-unsafe:instructions:70454079288
4.8.0-unsafe:cpu_8:31.568
4.8.0-unsafe:Total_tx_bytes_phy:62933766.2
4.8.0-unsafe:enp4s0f1_rx_packets_phy:0
4.8.0-unsafe:enp4s0f1_rx_bytes_phy:0
4.8.0-unsafe:enp130s0f0_rx_packets_phy:5452053.2
4.8.0-unsafe:enp130s0f1_tx_packets_phy:269228.2
4.8.0-unsafe:TOTAL_l2miss:1504000000
4.8.0-unsafe:cycles:130091209112.2
4.8.0-unsafe:cpu_14:25.686
4.8.0-unsafe:enp4s0f0_rx_bytes:0
4.8.0-unsafe:enp4s0f1_tx_bytes:0
4.8.0-unsafe:TOTAL_ipc:0.564
4.8.0-unsafe:enp4s0f0_rx_packets_phy:0
4.8.0-unsafe:16384:87380
4.8.0-unsafe:Memory:32184.078
4.8.0-unsafe:TOTAL_l3hit:0.202
4.8.0-unsafe:Total_tx_packets:639634.4
4.8.0-unsafe:cpu_27:33.92
4.8.0-unsafe:enp130s0f0_tx_bytes_phy:43862643.4
4.8.0-unsafe:TOTAL_l2mpi:0.02
4.8.0-unsafe:enp130s0f1_rx_bytes_phy:4929054686
4.8.0-unsafe:enp4s0f0_rx_bytes_phy:0
4.8.0-unsafe:enp4s0f1_rx_packets:0
4.8.0-unsafe:enp4s0f0_rx_packets:0
4.8.0-unsafe:cpu_10:39.998
4.8.0-unsafe:cpu_2:36.274
4.8.0-unsafe:enp130s0f0_tx_packets_phy:640679
4.8.0-unsafe:cpu_19:35.884
4.8.0-unsafe:SKT0_l2mpi:0.03
4.8.0-unsafe:enp130s0f1_rx_packets:1785436
4.8.0-unsafe:TOTAL_l3mpi:0.02
4.8.0-unsafe:cpu_22:28.04
4.8.0-unsafe:enp130s0f1_rx_packets_phy:3247070.8
4.8.0-unsafe:LLC-load:1199402493.8
4.8.0-unsafe:SKT0_l3hit:0.124
4.8.0-unsafe:cpu_3:50.196
4.8.0-unsafe:cpu_0:54.706
4.8.0-unsafe:LLC-store-misses:79114659.2
4.8.0-unsafe:cpu_26:22.158
4.8.0-unsafe:SKT1_ipc:0.63
4.8.0-unsafe:enp130s0f0_rx_bytes:8036040264
4.8.0-unsafe:Total_tx_packets_phy:909907.2
4.8.0-unsafe:enp130s0f0_rx_packets:2179306.2
4.8.0-unsafe:Total_rx_packets_phy:8699124
4.8.0-unsafe:SKT0_l2hit:0.3
4.8.0-unsafe:cpu_6:28.038
4.8.0-unsafe:enp4s0f1_rx_bytes:0
4.8.0-unsafe:cpu_16:21.766
4.8.0-unsafe:cpu_1:33.138
4.8.0-unsafe:cache-references:3755378926
4.8.0-unsafe:SKT0_l3miss:671400000
4.8.0-unsafe:cpu_12:30.98
4.8.0-unsafe:SKT1_l2hit:0.368
4.8.0-unsafe:SKT1_l3hit:0.274
4.8.0-unsafe:cpu_18:18.63
4.8.0-unsafe:TOTAL_l2hit:0.336
4.8.0-unsafe:cpu_5:40.586
4.8.0-unsafe:cpu_24:25.294
4.8.0-unsafe:enp4s0f1_tx_packets_phy:0
4.8.0-unsafe:cpu_15:26.47
4.8.0-unsafe:cpu_21:28.432
4.8.0-unsafe:Write:14268.384
4.8.0-unsafe:cpu_total:33.998
4.8.0-unsafe:cpu_20:17.258
4.8.0-unsafe:Read:17915.694
4.8.0-unsafe:enp130s0f1_rx_bytes:4820066104.4
4.8.0-unsafe:cache-misses:1192916289.6
4.8.0-unsafe:cpu_13:40.98
4.8.0-unsafe:enp4s0f0_tx_packets:0
4.8.0-unsafe:cpu_9:48.234
4.8.0-unsafe:cpu_23:40.39
4.8.0-unsafe:Total_tx_bytes:43077515.4
4.8.0-unsafe:enp130s0f1_tx_bytes_phy:19071122.8
4.8.0-unsafe:cpu_25:34.314
4.8.0-unsafe:SKT1_l3mpi:0.01
4.8.0-unsafe:instructions:72955743343.4
4.8.0-unsafe:enp4s0f1_tx_packets:0
4.8.0-unsafe:SKT0_l2miss:769600000
4.8.0-unsafe:LLC-load-misses:704110357
4.8.0-unsafe:Total_rx_bytes_phy:13205278060.6
4.8.0-unsafe:cpu_4:40.98
4.8.0-unsafe:cpu_7:41.96
4.8.0-unsafe:enp130s0f0_tx_bytes:25103482.8
4.8.0-unsafe:cpu_17:27.45
4.8.0-unsafe:enp130s0f1_tx_bytes:17974032.6
4.8.0-unsafe:SKT1_l2mpi:0.018
4.8.0-unsafe:LLC-store:1080489444.6
4.8.0-unsafe:enp130s0f0_tx_packets:370743.6
4.8.0-unsafe:SKT0_ipc:0.466
4.8.0-unsafe:TOTAL_l3miss:1203000000
4.8.0-unsafe:enp4s0f0_tx_packets_phy:0
4.8.0-unsafe:SKT1_l2miss:734400000
4.8.0-unsafe:Total_rx_bytes:12856106368.4
4.8.0-unsafe:enp130s0f1_tx_packets:268890.8
4.8.0-unsafe:SKT0_l3mpi:0.026
4.8.0-unsafe:cpu_11:46.862
4.8.0-unsafe:enp4s0f0_tx_bytes_phy:0
4.8.0-unsafe:enp4s0f1_tx_bytes_phy:0
4.8.0-unsafe:Total_rx_packets:3964742.2
4.8.0-unsafe:SKT1_l3miss:531200000
4.8.0-unsafe:enp130s0f0_rx_bytes_phy:8276223374.6
4.8.0-unsafe:enp4s0f0_tx_bytes:0
