4.7.0-damnn-hp-strict:enp130s0f0_rx_bytes:17205558.1
4.7.0-damnn-hp-strict:SKT0_ipc:0.282
4.7.0-damnn-hp-strict:enp130s0f1_tx_packets_phy:517300.4
4.7.0-damnn-hp-strict:enp130s0f0_tx_bytes_phy:6316702819.5
4.7.0-damnn-hp-strict:cpu_4:17.158
4.7.0-damnn-hp-strict:cpu_9:16.866
4.7.0-damnn-hp-strict:cpu_24:14.216
4.7.0-damnn-hp-strict:TOTAL_ipc:0.337
4.7.0-damnn-hp-strict:enp4s0f0_tx_packets_phy:0
4.7.0-damnn-hp-strict:cpu_26:13.529
4.7.0-damnn-hp-strict:Total_rx_bytes_phy:36418662
4.7.0-damnn-hp-strict:cpu_20:15
4.7.0-damnn-hp-strict:enp4s0f1_rx_bytes:0
4.7.0-damnn-hp-strict:enp4s0f1_tx_queue_stopped:0
4.7.0-damnn-hp-strict:enp4s0f1_tx_bytes:0
4.7.0-damnn-hp-strict:enp4s0f0_rx_bytes_phy:0
4.7.0-damnn-hp-strict:TOTAL_l3hit:0.159
4.7.0-damnn-hp-strict:enp130s0f1_rx_packets:259854.6
4.7.0-damnn-hp-strict:cache-misses:762160271.5
4.7.0-damnn-hp-strict:Total_rx_packets:516130.7
4.7.0-damnn-hp-strict:cpu_7:21.276
4.7.0-damnn-hp-strict:Total_tx_queue_stopped:0
4.7.0-damnn-hp-strict:cpu_3:24.706
4.7.0-damnn-hp-strict:SKT0_l3mpi:0.045
4.7.0-damnn-hp-strict:enp4s0f0_rx_bytes:0
4.7.0-damnn-hp-strict:TOTAL_l2hit:0.27
4.7.0-damnn-hp-strict:cpu_16:14.904
4.7.0-damnn-hp-strict:enp130s0f0_tx_packets:100078.1
4.7.0-damnn-hp-strict:enp130s0f0_tx_bytes:6314752607.9
4.7.0-damnn-hp-strict:Total_tx_packets_phy:1217754.9
4.7.0-damnn-hp-strict:cpu_22:12.353
4.7.0-damnn-hp-strict:cpu_21:18.336
4.7.0-damnn-hp-strict:cpu_25:18.826
4.7.0-damnn-hp-strict:Total_rx_packets_phy:516096.5
4.7.0-damnn-hp-strict:TOTAL_l2miss:910100000
4.7.0-damnn-hp-strict:Total_tx_packets:173979.4
4.7.0-damnn-hp-strict:enp4s0f1_tx_bytes_phy:0
4.7.0-damnn-hp-strict:enp130s0f1_rx_bytes_phy:18190573.1
4.7.0-damnn-hp-strict:cpu_13:19.414
4.7.0-damnn-hp-strict:enp4s0f1_tx_packets_phy:0
4.7.0-damnn-hp-strict:SKT1_l3miss:380300000
4.7.0-damnn-hp-strict:SKT0_l2hit:0.252
4.7.0-damnn-hp-strict:cpu_11:18.335
4.7.0-damnn-hp-strict:cpu_6:25.784
4.7.0-damnn-hp-strict:cpu_17:19.218
4.7.0-damnn-hp-strict:cpu_2:23.138
4.7.0-damnn-hp-strict:TOTAL_l3mpi:0.031
4.7.0-damnn-hp-strict:SKT1_ipc:0.384
4.7.0-damnn-hp-strict:enp130s0f1_tx_packets:73901.3
4.7.0-damnn-hp-strict:16384:87380
4.7.0-damnn-hp-strict:enp130s0f1_rx_packets_phy:259857.1
4.7.0-damnn-hp-strict:cpu_19:18.041
4.7.0-damnn-hp-strict:cpu_10:20.884
4.7.0-damnn-hp-strict:cache-references:2514140008.3
4.7.0-damnn-hp-strict:TOTAL_l2mpi:0.039
4.7.0-damnn-hp-strict:SKT0_l3hit:0.14
4.7.0-damnn-hp-strict:enp130s0f0_rx_bytes_phy:18228088.9
4.7.0-damnn-hp-strict:enp130s0f0_rx_packets_phy:256239.4
4.7.0-damnn-hp-strict:SKT1_l3mpi:0.027
4.7.0-damnn-hp-strict:enp130s0f0_tx_packets_phy:700454.5
4.7.0-damnn-hp-strict:Write:11419.085
4.7.0-damnn-hp-strict:enp4s0f0_tx_bytes_phy:0
4.7.0-damnn-hp-strict:SKT1_l2hit:0.285
4.7.0-damnn-hp-strict:enp130s0f0_rx_packets:256276.1
4.7.0-damnn-hp-strict:cpu_14:13.334
4.7.0-damnn-hp-strict:enp4s0f0_tx_packets:0
4.7.0-damnn-hp-strict:LLC-store:906335335.6
4.7.0-damnn-hp-strict:cpu_12:15.1
4.7.0-damnn-hp-strict:LLC-load-misses:266205963
4.7.0-damnn-hp-strict:SKT0_l2mpi:0.051
4.7.0-damnn-hp-strict:enp4s0f1_rx_packets_phy:0
4.7.0-damnn-hp-strict:enp130s0f1_tx_queue_stopped:0
4.7.0-damnn-hp-strict:Total_rx_bytes:34356547.1
4.7.0-damnn-hp-strict:SKT1_l3hit:0.176
4.7.0-damnn-hp-strict:cpu_18:12.647
4.7.0-damnn-hp-strict:enp4s0f0_tx_bytes:0
4.7.0-damnn-hp-strict:cycles:67939450153.5
4.7.0-damnn-hp-strict:cpu_total:18.558
4.7.0-damnn-hp-strict:Memory:35613.363
4.7.0-damnn-hp-strict:Read:24194.274
4.7.0-damnn-hp-strict:enp4s0f1_tx_packets:0
4.7.0-damnn-hp-strict:cpu_8:21.276
4.7.0-damnn-hp-strict:SKT1_l2mpi:0.033
4.7.0-damnn-hp-strict:Total_tx_bytes_phy:10981717538.8
4.7.0-damnn-hp-strict:enp4s0f1_rx_bytes_phy:0
4.7.0-damnn-hp-strict:enp4s0f0_tx_queue_stopped:0
4.7.0-damnn-hp-strict:enp4s0f0_rx_packets_phy:0
4.7.0-damnn-hp-strict:enp130s0f1_tx_bytes_phy:4665014719.3
4.7.0-damnn-hp-strict:LLC-store-misses:130643313.5
4.7.0-damnn-hp-strict:LLC-load:600274680.5
4.7.0-damnn-hp-strict:cpu_23:17.062
4.7.0-damnn-hp-strict:enp130s0f1_tx_bytes:4662890456.2
4.7.0-damnn-hp-strict:SKT0_l3miss:385000000
4.7.0-damnn-hp-strict:cpu_15:18.826
4.7.0-damnn-hp-strict:enp130s0f0_tx_queue_stopped:0
4.7.0-damnn-hp-strict:SKT1_l2miss:461700000
4.7.0-damnn-hp-strict:instructions:22657167561.3
4.7.0-damnn-hp-strict:TOTAL_l3miss:765800000
4.7.0-damnn-hp-strict:enp130s0f1_rx_bytes:17150989
4.7.0-damnn-hp-strict:enp4s0f0_rx_packets:0
4.7.0-damnn-hp-strict:Total_tx_bytes:10977643064.1
4.7.0-damnn-hp-strict:enp4s0f1_rx_packets:0
4.7.0-damnn-hp-strict:cpu_0:25.588
4.7.0-damnn-hp-strict:SKT0_l2miss:447900000
4.7.0-damnn-hp-strict:cpu_1:23.432
4.7.0-damnn-hp-strict:cpu_27:19.316
4.7.0-damnn-hp-strict:cpu_5:21.472
