4.7.0-copy-plus-strict:cpu_7:10.874
4.7.0-copy-plus-strict:enp130s0f0_rx_packets_phy:1493354.2
4.7.0-copy-plus-strict:enp130s0f0_tx_bytes_phy:7800733700.6
4.7.0-copy-plus-strict:cpu_19:41.052
4.7.0-copy-plus-strict:Total_tx_bytes:12631697712.4
4.7.0-copy-plus-strict:TOTAL_l3miss:661400000
4.7.0-copy-plus-strict:Total_tx_packets_phy:1559670
4.7.0-copy-plus-strict:cpu_22:0.194
4.7.0-copy-plus-strict:SKT1_l3miss:528600000
4.7.0-copy-plus-strict:enp4s0f0_rx_packets_phy:0
4.7.0-copy-plus-strict:enp4s0f0_rx_bytes:0
4.7.0-copy-plus-strict:TOTAL_l2miss:995400000
4.7.0-copy-plus-strict:enp4s0f0_tx_bytes:0
4.7.0-copy-plus-strict:70:212992
4.7.0-copy-plus-strict:TOTAL_ipc:0.65
4.7.0-copy-plus-strict:enp130s0f1_rx_bytes_phy:4987387838.6
4.7.0-copy-plus-strict:cpu_13:100
4.7.0-copy-plus-strict:enp130s0f0_rx_bytes:2539666872.4
4.7.0-copy-plus-strict:enp4s0f0_tx_queue_stopped:0
4.7.0-copy-plus-strict:SKT0_l2hit:0.608
4.7.0-copy-plus-strict:Total_rx_packets:628806.6
4.7.0-copy-plus-strict:enp130s0f0_tx_packets_phy:962697.4
4.7.0-copy-plus-strict:enp130s0f1_rx_packets:315747.6
4.7.0-copy-plus-strict:cpu_0:88.912
4.7.0-copy-plus-strict:enp130s0f1_tx_bytes_phy:4837269977
4.7.0-copy-plus-strict:enp4s0f1_rx_bytes_phy:0
4.7.0-copy-plus-strict:enp130s0f1_rx_bytes:2556019026.6
4.7.0-copy-plus-strict:cpu_6:0
4.7.0-copy-plus-strict:enp4s0f1_tx_queue_stopped:0
4.7.0-copy-plus-strict:enp4s0f1_tx_packets:0
4.7.0-copy-plus-strict:cpu_18:59.528
4.7.0-copy-plus-strict:enp4s0f1_tx_packets_phy:0
4.7.0-copy-plus-strict:enp130s0f1_rx_packets_phy:615498.2
4.7.0-copy-plus-strict:enp130s0f1_tx_packets_phy:596972.6
4.7.0-copy-plus-strict:enp4s0f0_rx_packets:0
4.7.0-copy-plus-strict:enp4s0f0_tx_bytes_phy:0
4.7.0-copy-plus-strict:enp130s0f0_tx_bytes:7797036486
4.7.0-copy-plus-strict:cpu_11:0.194
4.7.0-copy-plus-strict:enp4s0f0_tx_packets:0
4.7.0-copy-plus-strict:cpu_12:0.194
4.7.0-copy-plus-strict:Write:10799.522
4.7.0-copy-plus-strict:TOTAL_l3hit:0.334
4.7.0-copy-plus-strict:cpu_20:0
4.7.0-copy-plus-strict:enp130s0f0_tx_packets:962715.6
4.7.0-copy-plus-strict:TOTAL_l2mpi:0.01
4.7.0-copy-plus-strict:SKT0_l3mpi:0
4.7.0-copy-plus-strict:cpu_1:55.836
4.7.0-copy-plus-strict:Total_tx_queue_stopped:0
4.7.0-copy-plus-strict:enp130s0f1_tx_queue_stopped:0
4.7.0-copy-plus-strict:SKT0_l2mpi:0.01
4.7.0-copy-plus-strict:enp4s0f1_tx_bytes_phy:0
4.7.0-copy-plus-strict:cpu_2:88.522
4.7.0-copy-plus-strict:TOTAL_l3mpi:0.01
4.7.0-copy-plus-strict:enp130s0f1_tx_packets:596944.8
4.7.0-copy-plus-strict:enp130s0f0_tx_queue_stopped:0
4.7.0-copy-plus-strict:enp130s0f0_rx_bytes_phy:12100654248.6
4.7.0-copy-plus-strict:cpu_14:0
4.7.0-copy-plus-strict:Total_rx_packets_phy:2108852.4
4.7.0-copy-plus-strict:Total_tx_packets:1559660.4
4.7.0-copy-plus-strict:cpu_24:0.194
4.7.0-copy-plus-strict:enp4s0f1_rx_packets:0
4.7.0-copy-plus-strict:cpu_3:96.112
4.7.0-copy-plus-strict:cpu_15:100
4.7.0-copy-plus-strict:Read:17192.614
4.7.0-copy-plus-strict:SKT1_l3hit:0.33
4.7.0-copy-plus-strict:enp4s0f1_rx_bytes:0
4.7.0-copy-plus-strict:SKT1_l2miss:787000000
4.7.0-copy-plus-strict:cpu_25:0.194
4.7.0-copy-plus-strict:64512:212992
4.7.0-copy-plus-strict:cpu_27:0.194
4.7.0-copy-plus-strict:SKT1_l2hit:0.46
4.7.0-copy-plus-strict:enp4s0f1_tx_bytes:0
4.7.0-copy-plus-strict:TOTAL_l2hit:0.5
4.7.0-copy-plus-strict:Memory:27992.138
4.7.0-copy-plus-strict:cpu_21:0.194
4.7.0-copy-plus-strict:enp4s0f1_rx_packets_phy:0
4.7.0-copy-plus-strict:enp130s0f0_rx_packets:313059
4.7.0-copy-plus-strict:SKT0_l3miss:132400000
4.7.0-copy-plus-strict:Total_rx_bytes:5095685899
4.7.0-copy-plus-strict:enp130s0f1_tx_bytes:4834661226.4
4.7.0-copy-plus-strict:SKT0_l2miss:207600000
4.7.0-copy-plus-strict:enp4s0f0_tx_packets_phy:0
4.7.0-copy-plus-strict:SKT1_l2mpi:0.02
4.7.0-copy-plus-strict:cpu_8:0
4.7.0-copy-plus-strict:cpu_4:87.552
4.7.0-copy-plus-strict:Total_tx_bytes_phy:12638003677.6
4.7.0-copy-plus-strict:Total_rx_bytes_phy:17088042087.2
4.7.0-copy-plus-strict:cpu_10:0.194
4.7.0-copy-plus-strict:SKT1_l3mpi:0.01
4.7.0-copy-plus-strict:cpu_17:78.598
4.7.0-copy-plus-strict:cpu_9:43.6
4.7.0-copy-plus-strict:enp4s0f0_rx_bytes_phy:0
4.7.0-copy-plus-strict:cpu_5:96.112
4.7.0-copy-plus-strict:cpu_16:0.388
4.7.0-copy-plus-strict:cpu_23:0
4.7.0-copy-plus-strict:cpu_total:33.768
4.7.0-copy-plus-strict:SKT0_ipc:0.67
4.7.0-copy-plus-strict:SKT0_l3hit:0.362
4.7.0-copy-plus-strict:SKT1_ipc:0.64
4.7.0-copy-plus-strict:cpu_26:0.194
4.7.0-damn-strict:cpu_15:77.254
4.7.0-damn-strict:Read:12107.512
4.7.0-damn-strict:SKT1_l2miss:409400000
4.7.0-damn-strict:enp4s0f1_rx_bytes:0
4.7.0-damn-strict:SKT1_l3hit:0.402
4.7.0-damn-strict:64512:212992
4.7.0-damn-strict:cpu_25:0
4.7.0-damn-strict:cpu_27:0.392
4.7.0-damn-strict:cpu_2:45.688
4.7.0-damn-strict:SKT0_l2mpi:0.01
4.7.0-damn-strict:enp4s0f1_tx_bytes_phy:0
4.7.0-damn-strict:enp130s0f0_rx_bytes_phy:12214395578.2
4.7.0-damn-strict:TOTAL_l3mpi:0
4.7.0-damn-strict:enp130s0f1_tx_packets:587378.6
4.7.0-damn-strict:enp130s0f0_tx_queue_stopped:0
4.7.0-damn-strict:Total_rx_packets_phy:2122916.4
4.7.0-damn-strict:cpu_14:0
4.7.0-damn-strict:cpu_3:60.584
4.7.0-damn-strict:enp4s0f1_rx_packets:0
4.7.0-damn-strict:cpu_24:0
4.7.0-damn-strict:Total_tx_packets:1483936
4.7.0-damn-strict:SKT0_l3mpi:0
4.7.0-damn-strict:TOTAL_l2mpi:0.01
4.7.0-damn-strict:cpu_1:61.368
4.7.0-damn-strict:enp130s0f0_tx_packets:896557.4
4.7.0-damn-strict:cpu_20:0
4.7.0-damn-strict:TOTAL_l3hit:0.378
4.7.0-damn-strict:Total_tx_queue_stopped:0
4.7.0-damn-strict:enp130s0f1_tx_queue_stopped:0
4.7.0-damn-strict:cpu_11:15.298
4.7.0-damn-strict:enp4s0f0_tx_packets:0
4.7.0-damn-strict:Write:11262.964
4.7.0-damn-strict:cpu_12:0.392
4.7.0-damn-strict:enp4s0f0_rx_bytes_phy:0
4.7.0-damn-strict:cpu_5:45.29
4.7.0-damn-strict:cpu_16:17.258
4.7.0-damn-strict:cpu_total:21.728
4.7.0-damn-strict:cpu_23:0
4.7.0-damn-strict:SKT1_ipc:0.956
4.7.0-damn-strict:cpu_26:0
4.7.0-damn-strict:SKT0_l3hit:0.318
4.7.0-damn-strict:SKT0_ipc:1
4.7.0-damn-strict:Total_tx_bytes_phy:12024265305.4
4.7.0-damn-strict:cpu_8:0.196
4.7.0-damn-strict:SKT1_l2mpi:0.01
4.7.0-damn-strict:cpu_4:45.688
4.7.0-damn-strict:SKT1_l3mpi:0
4.7.0-damn-strict:cpu_10:0.196
4.7.0-damn-strict:Total_rx_bytes_phy:17201984070.6
4.7.0-damn-strict:cpu_17:46.276
4.7.0-damn-strict:cpu_9:22.354
4.7.0-damn-strict:cpu_21:0
4.7.0-damn-strict:enp4s0f1_rx_packets_phy:0
4.7.0-damn-strict:enp130s0f0_rx_packets:729065.8
4.7.0-damn-strict:SKT0_l2miss:153200000
4.7.0-damn-strict:enp4s0f0_tx_packets_phy:0
4.7.0-damn-strict:SKT0_l3miss:104400000
4.7.0-damn-strict:enp130s0f1_tx_bytes:4757190459
4.7.0-damn-strict:Total_rx_bytes:10897901818.8
4.7.0-damn-strict:enp4s0f1_tx_bytes:0
4.7.0-damn-strict:SKT1_l2hit:0.356
4.7.0-damn-strict:TOTAL_l2hit:0.358
4.7.0-damn-strict:Memory:23370.476
4.7.0-damn-strict:enp4s0f0_rx_bytes:0
4.7.0-damn-strict:70:212992
4.7.0-damn-strict:enp4s0f0_tx_bytes:0
4.7.0-damn-strict:TOTAL_l2miss:563000000
4.7.0-damn-strict:TOTAL_ipc:0.97
4.7.0-damn-strict:cpu_22:0.196
4.7.0-damn-strict:SKT1_l3miss:243600000
4.7.0-damn-strict:enp4s0f0_rx_packets_phy:0
4.7.0-damn-strict:Total_tx_bytes:12018411620.4
4.7.0-damn-strict:cpu_19:12.942
4.7.0-damn-strict:Total_tx_packets_phy:1483926.4
4.7.0-damn-strict:TOTAL_l3miss:348800000
4.7.0-damn-strict:cpu_7:17.842
4.7.0-damn-strict:enp130s0f0_rx_packets_phy:1507393.2
4.7.0-damn-strict:enp130s0f0_tx_bytes_phy:7264705759
4.7.0-damn-strict:enp4s0f1_tx_queue_stopped:0
4.7.0-damn-strict:enp4s0f1_tx_packets_phy:0
4.7.0-damn-strict:enp4s0f1_tx_packets:0
4.7.0-damn-strict:cpu_18:27.45
4.7.0-damn-strict:enp4s0f0_rx_packets:0
4.7.0-damn-strict:enp4s0f0_tx_bytes_phy:0
4.7.0-damn-strict:enp130s0f1_tx_packets_phy:587381.2
4.7.0-damn-strict:enp130s0f1_rx_packets_phy:615523.2
4.7.0-damn-strict:enp130s0f0_tx_bytes:7261221161.4
4.7.0-damn-strict:cpu_0:47.256
4.7.0-damn-strict:enp130s0f1_rx_bytes:4984000269.8
4.7.0-damn-strict:enp130s0f1_tx_bytes_phy:4759559546.4
4.7.0-damn-strict:enp4s0f1_rx_bytes_phy:0
4.7.0-damn-strict:cpu_6:0.196
4.7.0-damn-strict:enp130s0f0_rx_bytes:5913901549
4.7.0-damn-strict:enp4s0f0_tx_queue_stopped:0
4.7.0-damn-strict:Total_rx_packets:1344451.8
4.7.0-damn-strict:SKT0_l2hit:0.362
4.7.0-damn-strict:enp130s0f0_tx_packets_phy:896545.2
4.7.0-damn-strict:enp130s0f1_rx_packets:615386
4.7.0-damn-strict:enp130s0f1_rx_bytes_phy:4987588492.4
4.7.0-damn-strict:cpu_13:67.258
4.7.0-damn-unsafe:enp4s0f0_rx_packets_phy:0
4.7.0-damn-unsafe:SKT1_l3miss:253600000
4.7.0-damn-unsafe:cpu_22:0
4.7.0-damn-unsafe:TOTAL_ipc:0.938
4.7.0-damn-unsafe:enp4s0f0_tx_bytes:0
4.7.0-damn-unsafe:TOTAL_l2miss:599600000
4.7.0-damn-unsafe:70:212992
4.7.0-damn-unsafe:enp4s0f0_rx_bytes:0
4.7.0-damn-unsafe:enp130s0f0_tx_bytes_phy:7612914053
4.7.0-damn-unsafe:enp130s0f0_rx_packets_phy:1489082.4
4.7.0-damn-unsafe:cpu_7:3.528
4.7.0-damn-unsafe:TOTAL_l3miss:373800000
4.7.0-damn-unsafe:Total_tx_packets_phy:1506769.2
4.7.0-damn-unsafe:Total_tx_bytes:12203338388.4
4.7.0-damn-unsafe:cpu_19:23.138
4.7.0-damn-unsafe:cpu_6:1.96
4.7.0-damn-unsafe:enp130s0f1_tx_bytes_phy:4596459446.8
4.7.0-damn-unsafe:enp4s0f1_rx_bytes_phy:0
4.7.0-damn-unsafe:enp130s0f1_rx_bytes:4982677052
4.7.0-damn-unsafe:cpu_0:53.136
4.7.0-damn-unsafe:enp130s0f0_tx_bytes:7609327319
4.7.0-damn-unsafe:enp130s0f1_tx_packets_phy:567252.2
4.7.0-damn-unsafe:enp130s0f1_rx_packets_phy:615464.4
4.7.0-damn-unsafe:enp4s0f0_tx_bytes_phy:0
4.7.0-damn-unsafe:enp4s0f0_rx_packets:0
4.7.0-damn-unsafe:cpu_18:29.606
4.7.0-damn-unsafe:enp4s0f1_tx_packets:0
4.7.0-damn-unsafe:enp4s0f1_tx_packets_phy:0
4.7.0-damn-unsafe:enp4s0f1_tx_queue_stopped:0
4.7.0-damn-unsafe:cpu_13:72.156
4.7.0-damn-unsafe:enp130s0f1_rx_bytes_phy:4987121871.4
4.7.0-damn-unsafe:enp130s0f1_rx_packets:615215.6
4.7.0-damn-unsafe:enp130s0f0_tx_packets_phy:939517
4.7.0-damn-unsafe:SKT0_l2hit:0.348
4.7.0-damn-unsafe:Total_rx_packets:1513329.4
4.7.0-damn-unsafe:enp4s0f0_tx_queue_stopped:0
4.7.0-damn-unsafe:enp130s0f0_rx_bytes:7285418408
4.7.0-damn-unsafe:Total_tx_packets:1506768.8
4.7.0-damn-unsafe:cpu_24:0
4.7.0-damn-unsafe:enp4s0f1_rx_packets:0
4.7.0-damn-unsafe:cpu_3:62.356
4.7.0-damn-unsafe:cpu_14:1.176
4.7.0-damn-unsafe:Total_rx_packets_phy:2104546.8
4.7.0-damn-unsafe:TOTAL_l3mpi:0
4.7.0-damn-unsafe:enp130s0f0_tx_queue_stopped:0
4.7.0-damn-unsafe:enp130s0f1_tx_packets:567230.6
4.7.0-damn-unsafe:enp130s0f0_rx_bytes_phy:12066042819.4
4.7.0-damn-unsafe:SKT0_l2mpi:0.01
4.7.0-damn-unsafe:cpu_2:51.96
4.7.0-damn-unsafe:enp4s0f1_tx_bytes_phy:0
4.7.0-damn-unsafe:cpu_27:0.196
4.7.0-damn-unsafe:cpu_25:0
4.7.0-damn-unsafe:64512:212992
4.7.0-damn-unsafe:SKT1_l3hit:0.404
4.7.0-damn-unsafe:enp4s0f1_rx_bytes:0
4.7.0-damn-unsafe:SKT1_l2miss:424800000
4.7.0-damn-unsafe:Read:11728.682
4.7.0-damn-unsafe:cpu_15:93.334
4.7.0-damn-unsafe:cpu_12:1.96
4.7.0-damn-unsafe:Write:12615.474
4.7.0-damn-unsafe:enp4s0f0_tx_packets:0
4.7.0-damn-unsafe:cpu_11:15.688
4.7.0-damn-unsafe:enp130s0f1_tx_queue_stopped:0
4.7.0-damn-unsafe:Total_tx_queue_stopped:0
4.7.0-damn-unsafe:TOTAL_l3hit:0.376
4.7.0-damn-unsafe:cpu_20:0
4.7.0-damn-unsafe:TOTAL_l2mpi:0.01
4.7.0-damn-unsafe:cpu_1:64.122
4.7.0-damn-unsafe:SKT0_l3mpi:0
4.7.0-damn-unsafe:enp130s0f0_tx_packets:939538.2
4.7.0-damn-unsafe:cpu_9:15.296
4.7.0-damn-unsafe:cpu_17:51.372
4.7.0-damn-unsafe:Total_rx_bytes_phy:17053164690.8
4.7.0-damn-unsafe:cpu_10:1.764
4.7.0-damn-unsafe:SKT1_l3mpi:0
4.7.0-damn-unsafe:SKT1_l2mpi:0.01
4.7.0-damn-unsafe:cpu_8:1.96
4.7.0-damn-unsafe:cpu_4:51.568
4.7.0-damn-unsafe:Total_tx_bytes_phy:12209373499.8
4.7.0-damn-unsafe:SKT0_ipc:0.962
4.7.0-damn-unsafe:cpu_26:0
4.7.0-damn-unsafe:SKT1_ipc:0.926
4.7.0-damn-unsafe:SKT0_l3hit:0.312
4.7.0-damn-unsafe:cpu_23:0
4.7.0-damn-unsafe:cpu_total:24.128
4.7.0-damn-unsafe:cpu_5:63.14
4.7.0-damn-unsafe:cpu_16:18.63
4.7.0-damn-unsafe:enp4s0f0_rx_bytes_phy:0
4.7.0-damn-unsafe:Memory:24344.154
4.7.0-damn-unsafe:TOTAL_l2hit:0.356
4.7.0-damn-unsafe:SKT1_l2hit:0.362
4.7.0-damn-unsafe:enp4s0f1_tx_bytes:0
4.7.0-damn-unsafe:SKT0_l3miss:119800000
4.7.0-damn-unsafe:enp130s0f1_tx_bytes:4594011069.4
4.7.0-damn-unsafe:Total_rx_bytes:12268095460
4.7.0-damn-unsafe:SKT0_l2miss:174600000
4.7.0-damn-unsafe:enp4s0f0_tx_packets_phy:0
4.7.0-damn-unsafe:enp130s0f0_rx_packets:898113.8
4.7.0-damn-unsafe:cpu_21:0
4.7.0-damn-unsafe:enp4s0f1_rx_packets_phy:0
4.7.0-deff:cpu_25:0
4.7.0-deff:64512:212992
4.7.0-deff:cpu_27:0.388
4.7.0-deff:cpu_15:100
4.7.0-deff:Read:9912.816
4.7.0-deff:SKT1_l2miss:319800000
4.7.0-deff:enp4s0f1_rx_bytes:0
4.7.0-deff:SKT1_l3hit:0.532
4.7.0-deff:Total_rx_packets_phy:2120049.6
4.7.0-deff:cpu_14:0.386
4.7.0-deff:cpu_3:55.546
4.7.0-deff:enp4s0f1_rx_packets:0
4.7.0-deff:cpu_24:0.194
4.7.0-deff:Total_tx_packets:1465580.6
4.7.0-deff:cpu_2:69.05
4.7.0-deff:SKT0_l2mpi:0.01
4.7.0-deff:enp4s0f1_tx_bytes_phy:0
4.7.0-deff:enp130s0f0_tx_queue_stopped:0
4.7.0-deff:TOTAL_l3mpi:0
4.7.0-deff:enp130s0f1_tx_packets:582511
4.7.0-deff:enp130s0f0_rx_bytes_phy:12191188379.2
4.7.0-deff:enp130s0f1_tx_queue_stopped:0
4.7.0-deff:SKT0_l3mpi:0
4.7.0-deff:TOTAL_l2mpi:0
4.7.0-deff:enp130s0f0_tx_packets:883069.6
4.7.0-deff:cpu_1:90.134
4.7.0-deff:cpu_20:0.194
4.7.0-deff:TOTAL_l3hit:0.474
4.7.0-deff:Total_tx_queue_stopped:0
4.7.0-deff:enp4s0f0_tx_packets:0
4.7.0-deff:Write:11456.048
4.7.0-deff:cpu_12:0
4.7.0-deff:cpu_11:3.286
4.7.0-deff:cpu_total:29.588
4.7.0-deff:cpu_23:0
4.7.0-deff:SKT0_l3hit:0.382
4.7.0-deff:SKT1_ipc:1.11
4.7.0-deff:cpu_26:0
4.7.0-deff:SKT0_ipc:0.842
4.7.0-deff:enp4s0f0_rx_bytes_phy:0
4.7.0-deff:cpu_5:89.36
4.7.0-deff:cpu_16:3.674
4.7.0-deff:cpu_17:65.764
4.7.0-deff:cpu_9:3.48
4.7.0-deff:Total_tx_bytes_phy:11875452751.4
4.7.0-deff:cpu_4:68.856
4.7.0-deff:SKT1_l2mpi:0
4.7.0-deff:cpu_8:0
4.7.0-deff:cpu_10:0.192
4.7.0-deff:SKT1_l3mpi:0
4.7.0-deff:Total_rx_bytes_phy:17178779586.4
4.7.0-deff:SKT0_l2miss:195000000
4.7.0-deff:enp4s0f0_tx_packets_phy:0
4.7.0-deff:enp130s0f1_tx_bytes:4717759504.4
4.7.0-deff:SKT0_l3miss:120400000
4.7.0-deff:Total_rx_bytes:11344322807.6
4.7.0-deff:cpu_21:0
4.7.0-deff:enp4s0f1_rx_packets_phy:0
4.7.0-deff:enp130s0f0_rx_packets:784143.4
4.7.0-deff:Memory:21368.864
4.7.0-deff:enp4s0f1_tx_bytes:0
4.7.0-deff:SKT1_l2hit:0.434
4.7.0-deff:TOTAL_l2hit:0.398
4.7.0-deff:70:212992
4.7.0-deff:TOTAL_l2miss:515200000
4.7.0-deff:enp4s0f0_tx_bytes:0
4.7.0-deff:TOTAL_ipc:1.014
4.7.0-deff:enp4s0f0_rx_bytes:0
4.7.0-deff:SKT1_l3miss:149400000
4.7.0-deff:enp4s0f0_rx_packets_phy:0
4.7.0-deff:cpu_22:0.388
4.7.0-deff:Total_tx_packets_phy:1465560.2
4.7.0-deff:TOTAL_l3miss:270600000
4.7.0-deff:Total_tx_bytes:11869741293.4
4.7.0-deff:cpu_19:43.134
4.7.0-deff:enp130s0f0_rx_packets_phy:1504526
4.7.0-deff:enp130s0f0_tx_bytes_phy:7155284227
4.7.0-deff:cpu_7:44.444
4.7.0-deff:enp4s0f0_rx_packets:0
4.7.0-deff:enp4s0f0_tx_bytes_phy:0
4.7.0-deff:enp130s0f1_tx_packets_phy:582520.2
4.7.0-deff:enp130s0f1_rx_packets_phy:615523.6
4.7.0-deff:enp130s0f0_tx_bytes:7151981789
4.7.0-deff:enp4s0f1_tx_queue_stopped:0
4.7.0-deff:enp4s0f1_tx_packets_phy:0
4.7.0-deff:enp4s0f1_tx_packets:0
4.7.0-deff:cpu_18:51.452
4.7.0-deff:enp130s0f1_rx_bytes:4984877947
4.7.0-deff:enp130s0f1_tx_bytes_phy:4720168524.4
4.7.0-deff:enp4s0f1_rx_bytes_phy:0
4.7.0-deff:cpu_6:0
4.7.0-deff:cpu_0:68.858
4.7.0-deff:enp130s0f0_tx_packets_phy:883040
4.7.0-deff:enp130s0f1_rx_packets:615491.2
4.7.0-deff:enp4s0f0_tx_queue_stopped:0
4.7.0-deff:enp130s0f0_rx_bytes:6359444860.6
4.7.0-deff:Total_rx_packets:1399634.6
4.7.0-deff:SKT0_l2hit:0.334
4.7.0-deff:cpu_13:70.406
4.7.0-deff:enp130s0f1_rx_bytes_phy:4987591207.2
4.7.0-strict:enp130s0f0_tx_packets_phy:495055.2
4.7.0-strict:enp130s0f1_rx_packets:139301.2
4.7.0-strict:enp4s0f0_tx_queue_stopped:0
4.7.0-strict:enp130s0f0_rx_bytes:1126213636
4.7.0-strict:Total_rx_packets:278321.6
4.7.0-strict:SKT0_l2hit:0.384
4.7.0-strict:cpu_13:20
4.7.0-strict:enp130s0f1_rx_bytes_phy:4987724056.8
4.7.0-strict:enp4s0f0_tx_bytes_phy:0
4.7.0-strict:enp4s0f0_rx_packets:0
4.7.0-strict:enp130s0f1_rx_packets_phy:615539.2
4.7.0-strict:enp130s0f1_tx_packets_phy:135571
4.7.0-strict:enp130s0f0_tx_bytes:4009437996.8
4.7.0-strict:enp4s0f1_tx_queue_stopped:0
4.7.0-strict:enp4s0f1_tx_packets_phy:0
4.7.0-strict:enp4s0f1_tx_packets:0
4.7.0-strict:cpu_18:34.9
4.7.0-strict:enp130s0f1_rx_bytes:1128262252.2
4.7.0-strict:enp4s0f1_rx_bytes_phy:0
4.7.0-strict:enp130s0f1_tx_bytes_phy:1098530829.2
4.7.0-strict:cpu_6:0
4.7.0-strict:cpu_0:34.704
4.7.0-strict:Total_tx_packets_phy:630626.2
4.7.0-strict:TOTAL_l3miss:125200000
4.7.0-strict:Total_tx_bytes:5107414126
4.7.0-strict:cpu_19:0
4.7.0-strict:enp130s0f0_rx_packets_phy:1527284.4
4.7.0-strict:enp130s0f0_tx_bytes_phy:4011447640
4.7.0-strict:cpu_7:0.98
4.7.0-strict:70:212992
4.7.0-strict:enp4s0f0_tx_bytes:0
4.7.0-strict:TOTAL_l2miss:270600000
4.7.0-strict:TOTAL_ipc:0.496
4.7.0-strict:enp4s0f0_rx_bytes:0
4.7.0-strict:SKT1_l3miss:66400000
4.7.0-strict:enp4s0f0_rx_packets_phy:0
4.7.0-strict:cpu_22:0
4.7.0-strict:enp4s0f0_tx_packets_phy:0
4.7.0-strict:SKT0_l2miss:114200000
4.7.0-strict:SKT0_l3miss:58200000
4.7.0-strict:Total_rx_bytes:2254475888.2
4.7.0-strict:enp130s0f1_tx_bytes:1097976129.2
4.7.0-strict:enp4s0f1_rx_packets_phy:0
4.7.0-strict:cpu_21:0
4.7.0-strict:enp130s0f0_rx_packets:139020.4
4.7.0-strict:Memory:8277.91
4.7.0-strict:enp4s0f1_tx_bytes:0
4.7.0-strict:SKT1_l2hit:0.216
4.7.0-strict:TOTAL_l2hit:0.298
4.7.0-strict:cpu_total:29.112
4.7.0-strict:cpu_23:60
4.7.0-strict:cpu_26:0
4.7.0-strict:SKT1_ipc:0.354
4.7.0-strict:SKT0_l3hit:0.488
4.7.0-strict:SKT0_ipc:1.038
4.7.0-strict:enp4s0f0_rx_bytes_phy:0
4.7.0-strict:cpu_5:100
4.7.0-strict:cpu_16:0
4.7.0-strict:cpu_17:79.608
4.7.0-strict:cpu_9:40
4.7.0-strict:Total_tx_bytes_phy:5109978469.2
4.7.0-strict:cpu_4:34.9
4.7.0-strict:SKT1_l2mpi:0.002
4.7.0-strict:cpu_8:0
4.7.0-strict:SKT1_l3mpi:0
4.7.0-strict:cpu_10:0
4.7.0-strict:Total_rx_bytes_phy:17363307687.8
4.7.0-strict:enp130s0f1_tx_queue_stopped:0
4.7.0-strict:cpu_1:100
4.7.0-strict:TOTAL_l2mpi:0.008
4.7.0-strict:SKT0_l3mpi:0
4.7.0-strict:enp130s0f0_tx_packets:495053.4
4.7.0-strict:TOTAL_l3hit:0.536
4.7.0-strict:cpu_20:0
4.7.0-strict:Total_tx_queue_stopped:0
4.7.0-strict:enp4s0f0_tx_packets:0
4.7.0-strict:Write:2361.798
4.7.0-strict:cpu_12:0
4.7.0-strict:cpu_11:80
4.7.0-strict:cpu_25:40
4.7.0-strict:64512:212992
4.7.0-strict:cpu_27:0
4.7.0-strict:Read:5916.112
4.7.0-strict:cpu_15:60
4.7.0-strict:SKT1_l2miss:155800000
4.7.0-strict:SKT1_l3hit:0.57
4.7.0-strict:enp4s0f1_rx_bytes:0
4.7.0-strict:Total_rx_packets_phy:2142823.6
4.7.0-strict:cpu_14:0
4.7.0-strict:enp4s0f1_rx_packets:0
4.7.0-strict:cpu_24:0
4.7.0-strict:cpu_3:100
4.7.0-strict:Total_tx_packets:630622
4.7.0-strict:cpu_2:34.9
4.7.0-strict:SKT0_l2mpi:0.008
4.7.0-strict:enp4s0f1_tx_bytes_phy:0
4.7.0-strict:enp130s0f0_rx_bytes_phy:12375583631
4.7.0-strict:TOTAL_l3mpi:0
4.7.0-strict:enp130s0f1_tx_packets:135568.6
4.7.0-strict:enp130s0f0_tx_queue_stopped:0
4.7.0-unsafe:cpu_10:1.372
4.7.0-unsafe:SKT1_l3mpi:0
4.7.0-unsafe:Total_rx_bytes_phy:17103439897.6
4.7.0-unsafe:Total_tx_bytes_phy:12008202768.8
4.7.0-unsafe:SKT1_l2mpi:0.01
4.7.0-unsafe:cpu_4:74.51
4.7.0-unsafe:cpu_8:1.372
4.7.0-unsafe:cpu_9:10.978
4.7.0-unsafe:cpu_17:61.368
4.7.0-unsafe:cpu_16:12.35
4.7.0-unsafe:cpu_5:85.486
4.7.0-unsafe:enp4s0f0_rx_bytes_phy:0
4.7.0-unsafe:cpu_26:0
4.7.0-unsafe:SKT1_ipc:0.908
4.7.0-unsafe:SKT0_l3hit:0.316
4.7.0-unsafe:SKT0_ipc:0.772
4.7.0-unsafe:cpu_total:29.572
4.7.0-unsafe:cpu_23:0
4.7.0-unsafe:TOTAL_l2hit:0.316
4.7.0-unsafe:enp4s0f1_tx_bytes:0
4.7.0-unsafe:SKT1_l2hit:0.336
4.7.0-unsafe:Memory:24448.204
4.7.0-unsafe:enp130s0f0_rx_packets:879661.6
4.7.0-unsafe:cpu_21:0
4.7.0-unsafe:enp4s0f1_rx_packets_phy:0
4.7.0-unsafe:SKT0_l2miss:223000000
4.7.0-unsafe:enp4s0f0_tx_packets_phy:0
4.7.0-unsafe:enp130s0f1_tx_bytes:4612893729.6
4.7.0-unsafe:SKT0_l3miss:152600000
4.7.0-unsafe:Total_rx_bytes:12116724677.8
4.7.0-unsafe:enp130s0f0_tx_queue_stopped:0
4.7.0-unsafe:TOTAL_l3mpi:0
4.7.0-unsafe:enp130s0f1_tx_packets:569563
4.7.0-unsafe:enp130s0f0_rx_bytes_phy:12117042141
4.7.0-unsafe:cpu_2:74.902
4.7.0-unsafe:SKT0_l2mpi:0.01
4.7.0-unsafe:enp4s0f1_tx_bytes_phy:0
4.7.0-unsafe:cpu_3:85.878
4.7.0-unsafe:enp4s0f1_rx_packets:0
4.7.0-unsafe:cpu_24:0
4.7.0-unsafe:Total_tx_packets:1481947.6
4.7.0-unsafe:Total_rx_packets_phy:2110753.8
4.7.0-unsafe:cpu_14:0
4.7.0-unsafe:SKT1_l2miss:416200000
4.7.0-unsafe:enp4s0f1_rx_bytes:0
4.7.0-unsafe:SKT1_l3hit:0.412
4.7.0-unsafe:Read:11991.584
4.7.0-unsafe:cpu_15:81.372
4.7.0-unsafe:cpu_27:0.98
4.7.0-unsafe:cpu_25:0
4.7.0-unsafe:64512:212992
4.7.0-unsafe:cpu_11:11.37
4.7.0-unsafe:Write:12456.622
4.7.0-unsafe:cpu_12:0.98
4.7.0-unsafe:enp4s0f0_tx_packets:0
4.7.0-unsafe:Total_tx_queue_stopped:0
4.7.0-unsafe:TOTAL_l2mpi:0.01
4.7.0-unsafe:enp130s0f0_tx_packets:912384.6
4.7.0-unsafe:SKT0_l3mpi:0.004
4.7.0-unsafe:cpu_1:43.924
4.7.0-unsafe:TOTAL_l3hit:0.378
4.7.0-unsafe:cpu_20:0
4.7.0-unsafe:enp130s0f1_tx_queue_stopped:0
4.7.0-unsafe:cpu_0:74.706
4.7.0-unsafe:cpu_6:1.176
4.7.0-unsafe:enp130s0f1_rx_bytes:4983156466.8
4.7.0-unsafe:enp4s0f1_rx_bytes_phy:0
4.7.0-unsafe:enp130s0f1_tx_bytes_phy:4615077791.8
4.7.0-unsafe:enp4s0f1_tx_packets_phy:0
4.7.0-unsafe:cpu_18:52.744
4.7.0-unsafe:enp4s0f1_tx_packets:0
4.7.0-unsafe:enp4s0f1_tx_queue_stopped:0
4.7.0-unsafe:enp130s0f0_tx_bytes:7389405251.4
4.7.0-unsafe:enp4s0f0_rx_packets:0
4.7.0-unsafe:enp4s0f0_tx_bytes_phy:0
4.7.0-unsafe:enp130s0f1_rx_packets_phy:615376.8
4.7.0-unsafe:enp130s0f1_tx_packets_phy:569550.8
4.7.0-unsafe:enp130s0f1_rx_bytes_phy:4986397756.6
4.7.0-unsafe:cpu_13:61.958
4.7.0-unsafe:Total_rx_packets:1494942.2
4.7.0-unsafe:SKT0_l2hit:0.28
4.7.0-unsafe:enp130s0f0_rx_bytes:7133568211
4.7.0-unsafe:enp4s0f0_tx_queue_stopped:0
4.7.0-unsafe:enp130s0f1_rx_packets:615280.6
4.7.0-unsafe:enp130s0f0_tx_packets_phy:912393.4
4.7.0-unsafe:cpu_22:0
4.7.0-unsafe:enp4s0f0_rx_packets_phy:0
4.7.0-unsafe:SKT1_l3miss:244400000
4.7.0-unsafe:enp4s0f0_rx_bytes:0
4.7.0-unsafe:TOTAL_ipc:0.856
4.7.0-unsafe:70:212992
4.7.0-unsafe:TOTAL_l2miss:639600000
4.7.0-unsafe:enp4s0f0_tx_bytes:0
4.7.0-unsafe:cpu_7:53.136
4.7.0-unsafe:enp130s0f0_tx_bytes_phy:7393124977
4.7.0-unsafe:enp130s0f0_rx_packets_phy:1495377
4.7.0-unsafe:cpu_19:40.396
4.7.0-unsafe:Total_tx_bytes:12002298981
4.7.0-unsafe:Total_tx_packets_phy:1481944.2
4.7.0-unsafe:TOTAL_l3miss:397200000
