4.7.0-damn-strict:enp130s0f1_tx_bytes:0
4.7.0-damn-strict:cpu_9:0
4.7.0-damn-strict:Total_rx_packets:0.2
4.7.0-damn-strict:enp4s0f1_tx_bytes_phy:0
4.7.0-damn-strict:enp130s0f0_rx_packets_phy:0.2
4.7.0-damn-strict:enp130s0f0_rx_packets:0.2
4.7.0-damn-strict:cpu_11:0
4.7.0-damn-strict:SKT1_l2hit:0.238
4.7.0-damn-strict:SKT0_l3mpi:0
4.7.0-damn-strict:cpu_19:0
4.7.0-damn-strict:Total_rx_packets_phy:0.2
4.7.0-damn-strict:SKT1_l3miss:72000
4.7.0-damn-strict:cpu_20:0
4.7.0-damn-strict:enp4s0f0_tx_packets:0
4.7.0-damn-strict:cache-misses:79800.4
4.7.0-damn-strict:Total_rx_bytes:46.4
4.7.0-damn-strict:SKT1_ipc:0.446
4.7.0-damn-strict:Read:17.75
4.7.0-damn-strict:cpu_3:0
4.7.0-damn-strict:cpu_6:0
4.7.0-damn-strict:enp4s0f1_tx_packets_phy:0
4.7.0-damn-strict:enp130s0f1_rx_bytes_phy:0
4.7.0-damn-strict:cpu_16:0
4.7.0-damn-strict:enp130s0f0_tx_packets_phy:0.2
4.7.0-damn-strict:Total_rx_bytes_phy:49.6
4.7.0-damn-strict:cpu_15:0
4.7.0-damn-strict:enp130s0f1_tx_queue_stopped:0
4.7.0-damn-strict:enp130s0f0_tx_queue_stopped:0
4.7.0-damn-strict:Total_tx_bytes_phy:49.6
4.7.0-damn-strict:instructions:46788575.2
4.7.0-damn-strict:cache-references:4319450.2
4.7.0-damn-strict:TOTAL_l3mpi:0
4.7.0-damn-strict:cpu_4:0
4.7.0-damn-strict:TOTAL_l2hit:0.212
4.7.0-damn-strict:enp4s0f0_rx_packets_phy:0
4.7.0-damn-strict:enp4s0f1_tx_packets:0
4.7.0-damn-strict:enp130s0f0_rx_bytes:46.4
4.7.0-damn-strict:cpu_5:0.196
4.7.0-damn-strict:Total_tx_packets_phy:0.2
4.7.0-damn-strict:enp4s0f1_rx_packets_phy:0
4.7.0-damn-strict:Write:16.206
4.7.0-damn-strict:SKT0_l3miss:65600
4.7.0-damn-strict:cpu_2:0
4.7.0-damn-strict:enp130s0f1_rx_packets_phy:0
4.7.0-damn-strict:enp130s0f1_rx_bytes:0
4.7.0-damn-strict:SKT1_l3mpi:0
4.7.0-damn-strict:enp4s0f0_tx_packets_phy:0
4.7.0-damn-strict:cpu_13:0
4.7.0-damn-strict:Total_tx_queue_stopped:0
4.7.0-damn-strict:enp4s0f0_tx_queue_stopped:0
4.7.0-damn-strict:enp130s0f0_rx_bytes_phy:49.6
4.7.0-damn-strict:cpu_0:0
4.7.0-damn-strict:cpu_8:0
4.7.0-damn-strict:iops:0
4.7.0-damn-strict:LLC-store-misses:9624.2
4.7.0-damn-strict:cpu_10:0
4.7.0-damn-strict:cpu_21:0
4.7.0-damn-strict:SKT0_l2mpi:0.016
4.7.0-damn-strict:enp130s0f1_tx_packets_phy:0
4.7.0-damn-strict:cpu_23:0
4.7.0-damn-strict:TOTAL_l3hit:0.818
4.7.0-damn-strict:enp130s0f1_tx_packets:0
4.7.0-damn-strict:cpu_1:0
4.7.0-damn-strict:cpu_18:0
4.7.0-damn-strict:enp4s0f0_rx_bytes:0
4.7.0-damn-strict:cpu_25:0
4.7.0-damn-strict:enp4s0f0_rx_packets:0
4.7.0-damn-strict:SKT1_l3hit:0.814
4.7.0-damn-strict:TOTAL_l2miss:748200
4.7.0-damn-strict:cpu_24:0
4.7.0-damn-strict:enp4s0f1_tx_bytes:0
4.7.0-damn-strict:cpu_22:0
4.7.0-damn-strict:cpu_27:0
4.7.0-damn-strict:enp130s0f0_tx_bytes_phy:49.6
4.7.0-damn-strict:enp4s0f0_rx_bytes_phy:0
4.7.0-damn-strict:Memory:33.956
4.7.0-damn-strict:Total_tx_packets:0.2
4.7.0-damn-strict:cpu_12:0
4.7.0-damn-strict:enp4s0f1_rx_bytes_phy:0
4.7.0-damn-strict:SKT0_l2hit:0.172
4.7.0-damn-strict:TOTAL_l3miss:138000
4.7.0-damn-strict:enp4s0f0_tx_bytes_phy:0
4.7.0-damn-strict:enp130s0f0_tx_bytes:46.4
4.7.0-damn-strict:cycles:119648109.2
4.7.0-damn-strict:SKT0_ipc:0.328
4.7.0-damn-strict:cpu_14:0
4.7.0-damn-strict:SKT0_l2miss:356200
4.7.0-damn-strict:LLC-store:221177.6
4.7.0-damn-strict:cpu_7:0
4.7.0-damn-strict:enp130s0f1_rx_packets:0
4.7.0-damn-strict:Total_tx_bytes:46.4
4.7.0-damn-strict:enp4s0f0_tx_bytes:0
4.7.0-damn-strict:TOTAL_ipc:0.392
4.7.0-damn-strict:enp130s0f1_tx_bytes_phy:0
4.7.0-damn-strict:SKT0_l3hit:0.816
4.7.0-damn-strict:LLC-load-misses:21224.8
4.7.0-damn-strict:enp4s0f1_rx_bytes:0
4.7.0-damn-strict:enp4s0f1_tx_queue_stopped:0
4.7.0-damn-strict:cpu_26:0
4.7.0-damn-strict:enp4s0f1_rx_packets:0
4.7.0-damn-strict:SKT1_l2mpi:0.01
4.7.0-damn-strict:TOTAL_l2mpi:0.01
4.7.0-damn-strict:cpu_total:0
4.7.0-damn-strict:LLC-load:790010.8
4.7.0-damn-strict:cpu_17:0
4.7.0-damn-strict:enp130s0f0_tx_packets:0.2
4.7.0-damn-strict:SKT1_l2miss:391600
4.7.0-deff:cpu_25:0
4.7.0-deff:enp4s0f0_rx_packets:0
4.7.0-deff:enp130s0f1_tx_packets:0
4.7.0-deff:TOTAL_l3hit:0.824
4.7.0-deff:enp4s0f0_rx_bytes:0
4.7.0-deff:cpu_1:0
4.7.0-deff:cpu_18:0
4.7.0-deff:cpu_23:0
4.7.0-deff:enp130s0f1_tx_packets_phy:0
4.7.0-deff:cpu_10:0
4.7.0-deff:cpu_21:0
4.7.0-deff:LLC-store-misses:9604.6
4.7.0-deff:SKT0_l2mpi:0.01
4.7.0-deff:TOTAL_l3miss:126600
4.7.0-deff:enp130s0f0_tx_bytes:58
4.7.0-deff:enp4s0f0_tx_bytes_phy:0
4.7.0-deff:cpu_12:0
4.7.0-deff:Memory:33.916
4.7.0-deff:Total_tx_packets:0
4.7.0-deff:enp4s0f0_rx_bytes_phy:0
4.7.0-deff:enp4s0f1_rx_bytes_phy:0
4.7.0-deff:SKT0_l2hit:0.192
4.7.0-deff:cpu_27:0
4.7.0-deff:enp4s0f1_tx_bytes:0
4.7.0-deff:cpu_22:0
4.7.0-deff:enp130s0f0_tx_bytes_phy:62
4.7.0-deff:SKT1_l3hit:0.81
4.7.0-deff:cpu_24:0
4.7.0-deff:TOTAL_l2miss:728000
4.7.0-deff:enp4s0f0_tx_bytes:0
4.7.0-deff:TOTAL_ipc:0.39
4.7.0-deff:enp130s0f1_rx_packets:0
4.7.0-deff:Total_tx_bytes:58
4.7.0-deff:cpu_7:0
4.7.0-deff:SKT0_ipc:0.348
4.7.0-deff:cycles:130157708.8
4.7.0-deff:LLC-store:225557
4.7.0-deff:cpu_14:0
4.7.0-deff:SKT0_l2miss:393000
4.7.0-deff:cpu_17:0
4.7.0-deff:LLC-load:745175
4.7.0-deff:TOTAL_l2mpi:0.01
4.7.0-deff:cpu_total:0
4.7.0-deff:enp130s0f0_tx_packets:0
4.7.0-deff:SKT1_l2miss:334600
4.7.0-deff:SKT1_l2mpi:0.01
4.7.0-deff:enp4s0f1_rx_packets:0
4.7.0-deff:enp4s0f1_rx_bytes:0
4.7.0-deff:enp4s0f1_tx_queue_stopped:0
4.7.0-deff:cpu_26:0
4.7.0-deff:SKT0_l3hit:0.838
4.7.0-deff:enp130s0f1_tx_bytes_phy:0
4.7.0-deff:LLC-load-misses:19318.6
4.7.0-deff:cache-misses:84136.2
4.7.0-deff:SKT1_l2hit:0.228
4.7.0-deff:SKT0_l3mpi:0
4.7.0-deff:cpu_11:0
4.7.0-deff:cpu_19:0
4.7.0-deff:enp4s0f0_tx_packets:0
4.7.0-deff:SKT1_l3miss:63600
4.7.0-deff:cpu_20:0
4.7.0-deff:Total_rx_packets_phy:0
4.7.0-deff:enp4s0f1_tx_bytes_phy:0
4.7.0-deff:enp130s0f0_rx_packets_phy:0
4.7.0-deff:Total_rx_packets:0
4.7.0-deff:enp130s0f0_rx_packets:0
4.7.0-deff:enp130s0f1_tx_bytes:0
4.7.0-deff:cpu_9:0
4.7.0-deff:enp130s0f0_tx_queue_stopped:0
4.7.0-deff:Total_tx_bytes_phy:62
4.7.0-deff:cpu_15:0
4.7.0-deff:enp130s0f1_tx_queue_stopped:0
4.7.0-deff:TOTAL_l3mpi:0
4.7.0-deff:cpu_4:0
4.7.0-deff:instructions:55069367
4.7.0-deff:cache-references:4609660
4.7.0-deff:cpu_16:0
4.7.0-deff:Total_rx_bytes_phy:62
4.7.0-deff:enp130s0f0_tx_packets_phy:0
4.7.0-deff:cpu_6:0
4.7.0-deff:enp130s0f1_rx_bytes_phy:0
4.7.0-deff:enp4s0f1_tx_packets_phy:0
4.7.0-deff:Total_rx_bytes:58
4.7.0-deff:cpu_3:0
4.7.0-deff:Read:17.726
4.7.0-deff:SKT1_ipc:0.434
4.7.0-deff:enp130s0f1_rx_packets_phy:0
4.7.0-deff:cpu_2:0
4.7.0-deff:enp130s0f1_rx_bytes:0
4.7.0-deff:SKT0_l3miss:63000
4.7.0-deff:Write:16.186
4.7.0-deff:cpu_5:0
4.7.0-deff:enp130s0f0_rx_bytes:58
4.7.0-deff:enp4s0f1_rx_packets_phy:0
4.7.0-deff:Total_tx_packets_phy:0
4.7.0-deff:TOTAL_l2hit:0.21
4.7.0-deff:enp4s0f1_tx_packets:0
4.7.0-deff:enp4s0f0_rx_packets_phy:0
4.7.0-deff:cpu_0:0
4.7.0-deff:enp130s0f0_rx_bytes_phy:62
4.7.0-deff:enp4s0f0_tx_queue_stopped:0
4.7.0-deff:iops:0
4.7.0-deff:cpu_8:0
4.7.0-deff:Total_tx_queue_stopped:0
4.7.0-deff:cpu_13:0
4.7.0-deff:enp4s0f0_tx_packets_phy:0
4.7.0-deff:SKT1_l3mpi:0
4.7.0-strict:enp130s0f0_tx_packets:0.2
4.7.0-strict:SKT1_l2miss:348600
4.7.0-strict:TOTAL_l2mpi:0.01
4.7.0-strict:LLC-load:744576.6
4.7.0-strict:cpu_total:0
4.7.0-strict:cpu_17:0
4.7.0-strict:enp4s0f1_rx_packets:0
4.7.0-strict:SKT1_l2mpi:0.01
4.7.0-strict:enp4s0f1_rx_bytes:0
4.7.0-strict:enp4s0f1_tx_queue_stopped:0
4.7.0-strict:cpu_26:0
4.7.0-strict:LLC-load-misses:19217.2
4.7.0-strict:SKT0_l3hit:0.814
4.7.0-strict:enp130s0f1_tx_bytes_phy:0
4.7.0-strict:TOTAL_ipc:0.384
4.7.0-strict:enp4s0f0_tx_bytes:0
4.7.0-strict:cpu_7:0
4.7.0-strict:enp130s0f1_rx_packets:0
4.7.0-strict:Total_tx_bytes:58
4.7.0-strict:cpu_14:0
4.7.0-strict:SKT0_l2miss:409000
4.7.0-strict:LLC-store:215777.8
4.7.0-strict:cycles:120973094.6
4.7.0-strict:SKT0_ipc:0.34
4.7.0-strict:enp4s0f0_tx_bytes_phy:0
4.7.0-strict:enp130s0f0_tx_bytes:58
4.7.0-strict:TOTAL_l3miss:142800
4.7.0-strict:enp4s0f1_rx_bytes_phy:0
4.7.0-strict:SKT0_l2hit:0.212
4.7.0-strict:Memory:33.958
4.7.0-strict:Total_tx_packets:0.2
4.7.0-strict:enp4s0f0_rx_bytes_phy:0
4.7.0-strict:cpu_12:0
4.7.0-strict:enp130s0f0_tx_bytes_phy:62
4.7.0-strict:cpu_22:0
4.7.0-strict:enp4s0f1_tx_bytes:0
4.7.0-strict:cpu_27:0
4.7.0-strict:cpu_24:0
4.7.0-strict:TOTAL_l2miss:758400
4.7.0-strict:SKT1_l3hit:0.81
4.7.0-strict:cpu_25:0
4.7.0-strict:enp4s0f0_rx_packets:0
4.7.0-strict:cpu_18:0
4.7.0-strict:cpu_1:0
4.7.0-strict:enp4s0f0_rx_bytes:0
4.7.0-strict:TOTAL_l3hit:0.812
4.7.0-strict:enp130s0f1_tx_packets:0
4.7.0-strict:enp130s0f1_tx_packets_phy:0
4.7.0-strict:cpu_23:0
4.7.0-strict:SKT0_l2mpi:0.012
4.7.0-strict:LLC-store-misses:8994.4
4.7.0-strict:cpu_10:0
4.7.0-strict:cpu_21:0
4.7.0-strict:cpu_8:0
4.7.0-strict:iops:0
4.7.0-strict:enp4s0f0_tx_queue_stopped:0
4.7.0-strict:enp130s0f0_rx_bytes_phy:62
4.7.0-strict:cpu_0:0
4.7.0-strict:Total_tx_queue_stopped:0
4.7.0-strict:cpu_13:0
4.7.0-strict:enp4s0f0_tx_packets_phy:0
4.7.0-strict:SKT1_l3mpi:0
4.7.0-strict:enp130s0f1_rx_bytes:0
4.7.0-strict:cpu_2:0
4.7.0-strict:enp130s0f1_rx_packets_phy:0
4.7.0-strict:Write:16.216
4.7.0-strict:SKT0_l3miss:75800
4.7.0-strict:Total_tx_packets_phy:0.2
4.7.0-strict:enp4s0f1_rx_packets_phy:0
4.7.0-strict:enp130s0f0_rx_bytes:58
4.7.0-strict:cpu_5:0
4.7.0-strict:enp4s0f0_rx_packets_phy:0
4.7.0-strict:enp4s0f1_tx_packets:0
4.7.0-strict:TOTAL_l2hit:0.21
4.7.0-strict:cache-references:4334048.2
4.7.0-strict:instructions:45988696.6
4.7.0-strict:TOTAL_l3mpi:0
4.7.0-strict:cpu_4:0
4.7.0-strict:enp130s0f1_tx_queue_stopped:0
4.7.0-strict:cpu_15:0.196
4.7.0-strict:Total_tx_bytes_phy:62
4.7.0-strict:enp130s0f0_tx_queue_stopped:0
4.7.0-strict:enp130s0f0_tx_packets_phy:0.2
4.7.0-strict:Total_rx_bytes_phy:62
4.7.0-strict:cpu_16:0
4.7.0-strict:enp4s0f1_tx_packets_phy:0
4.7.0-strict:enp130s0f1_rx_bytes_phy:0
4.7.0-strict:cpu_6:0
4.7.0-strict:SKT1_ipc:0.44
4.7.0-strict:Read:17.742
4.7.0-strict:cpu_3:0
4.7.0-strict:Total_rx_bytes:58
4.7.0-strict:cache-misses:81214.2
4.7.0-strict:SKT1_l3miss:66400
4.7.0-strict:Total_rx_packets_phy:0.2
4.7.0-strict:cpu_20:0
4.7.0-strict:enp4s0f0_tx_packets:0
4.7.0-strict:SKT1_l2hit:0.206
4.7.0-strict:SKT0_l3mpi:0
4.7.0-strict:cpu_19:0
4.7.0-strict:cpu_11:0
4.7.0-strict:enp130s0f0_rx_packets:0.2
4.7.0-strict:Total_rx_packets:0.2
4.7.0-strict:enp130s0f0_rx_packets_phy:0.2
4.7.0-strict:enp4s0f1_tx_bytes_phy:0
4.7.0-strict:cpu_9:0
4.7.0-strict:enp130s0f1_tx_bytes:0
4.7.0-unsafe:cpu_17:0
4.7.0-unsafe:cpu_total:0
4.7.0-unsafe:TOTAL_l2mpi:0.01
4.7.0-unsafe:LLC-load:730847
4.7.0-unsafe:SKT1_l2miss:342000
4.7.0-unsafe:enp130s0f0_tx_packets:0.4
4.7.0-unsafe:SKT1_l2mpi:0.01
4.7.0-unsafe:enp4s0f1_rx_packets:0
4.7.0-unsafe:enp4s0f1_tx_queue_stopped:0
4.7.0-unsafe:enp4s0f1_rx_bytes:0
4.7.0-unsafe:cpu_26:0
4.7.0-unsafe:enp130s0f1_tx_bytes_phy:0
4.7.0-unsafe:SKT0_l3hit:0.822
4.7.0-unsafe:LLC-load-misses:19769.6
4.7.0-unsafe:enp4s0f0_tx_bytes:0
4.7.0-unsafe:TOTAL_ipc:0.374
4.7.0-unsafe:Total_tx_bytes:69.8
4.7.0-unsafe:enp130s0f1_rx_packets:0
4.7.0-unsafe:cpu_7:0
4.7.0-unsafe:SKT0_ipc:0.336
4.7.0-unsafe:cycles:120930139.4
4.7.0-unsafe:LLC-store:226299
4.7.0-unsafe:cpu_14:0
4.7.0-unsafe:SKT0_l2miss:385400
4.7.0-unsafe:TOTAL_l3miss:132200
4.7.0-unsafe:enp130s0f0_tx_bytes:69.8
4.7.0-unsafe:enp4s0f0_tx_bytes_phy:0
4.7.0-unsafe:cpu_12:0
4.7.0-unsafe:Memory:33.976
4.7.0-unsafe:Total_tx_packets:0.4
4.7.0-unsafe:enp4s0f0_rx_bytes_phy:0
4.7.0-unsafe:enp4s0f1_rx_bytes_phy:0
4.7.0-unsafe:SKT0_l2hit:0.208
4.7.0-unsafe:cpu_27:0
4.7.0-unsafe:enp4s0f1_tx_bytes:0
4.7.0-unsafe:cpu_22:0
4.7.0-unsafe:enp130s0f0_tx_bytes_phy:74.4
4.7.0-unsafe:SKT1_l3hit:0.812
4.7.0-unsafe:TOTAL_l2miss:727800
4.7.0-unsafe:cpu_24:0
4.7.0-unsafe:enp4s0f0_rx_packets:0
4.7.0-unsafe:cpu_25:0
4.7.0-unsafe:enp130s0f1_tx_packets:0
4.7.0-unsafe:TOTAL_l3hit:0.82
4.7.0-unsafe:enp4s0f0_rx_bytes:0
4.7.0-unsafe:cpu_1:0
4.7.0-unsafe:cpu_18:0
4.7.0-unsafe:cpu_23:0
4.7.0-unsafe:enp130s0f1_tx_packets_phy:0
4.7.0-unsafe:cpu_10:0
4.7.0-unsafe:cpu_21:0
4.7.0-unsafe:LLC-store-misses:9833
4.7.0-unsafe:SKT0_l2mpi:0.01
4.7.0-unsafe:enp130s0f0_rx_bytes_phy:74.4
4.7.0-unsafe:cpu_0:0
4.7.0-unsafe:enp4s0f0_tx_queue_stopped:0
4.7.0-unsafe:iops:0
4.7.0-unsafe:cpu_8:0
4.7.0-unsafe:cpu_13:0
4.7.0-unsafe:Total_tx_queue_stopped:0
4.7.0-unsafe:enp4s0f0_tx_packets_phy:0
4.7.0-unsafe:SKT1_l3mpi:0
4.7.0-unsafe:enp130s0f1_rx_packets_phy:0
4.7.0-unsafe:cpu_2:0
4.7.0-unsafe:enp130s0f1_rx_bytes:0
4.7.0-unsafe:SKT0_l3miss:67600
4.7.0-unsafe:Write:16.22
4.7.0-unsafe:enp130s0f0_rx_bytes:69.8
4.7.0-unsafe:cpu_5:0.392
4.7.0-unsafe:enp4s0f1_rx_packets_phy:0
4.7.0-unsafe:Total_tx_packets_phy:0.4
4.7.0-unsafe:TOTAL_l2hit:0.218
4.7.0-unsafe:enp4s0f1_tx_packets:0
4.7.0-unsafe:enp4s0f0_rx_packets_phy:0
4.7.0-unsafe:Total_tx_bytes_phy:74.4
4.7.0-unsafe:enp130s0f0_tx_queue_stopped:0
4.7.0-unsafe:enp130s0f1_tx_queue_stopped:0
4.7.0-unsafe:cpu_15:0
4.7.0-unsafe:TOTAL_l3mpi:0
4.7.0-unsafe:cpu_4:0
4.7.0-unsafe:instructions:44010544.8
4.7.0-unsafe:cache-references:4393373.2
4.7.0-unsafe:cpu_16:0
4.7.0-unsafe:Total_rx_bytes_phy:74.4
4.7.0-unsafe:enp130s0f0_tx_packets_phy:0.4
4.7.0-unsafe:cpu_6:0
4.7.0-unsafe:enp130s0f1_rx_bytes_phy:0
4.7.0-unsafe:enp4s0f1_tx_packets_phy:0
4.7.0-unsafe:Total_rx_bytes:69.8
4.7.0-unsafe:cpu_3:0
4.7.0-unsafe:SKT1_ipc:0.416
4.7.0-unsafe:Read:17.756
4.7.0-unsafe:cache-misses:79425.2
4.7.0-unsafe:SKT1_l2hit:0.23
4.7.0-unsafe:cpu_11:0.196
4.7.0-unsafe:SKT0_l3mpi:0
4.7.0-unsafe:cpu_19:0
4.7.0-unsafe:enp4s0f0_tx_packets:0
4.7.0-unsafe:SKT1_l3miss:64400
4.7.0-unsafe:Total_rx_packets_phy:0.4
4.7.0-unsafe:cpu_20:0
4.7.0-unsafe:enp130s0f0_rx_packets_phy:0.4
4.7.0-unsafe:enp4s0f1_tx_bytes_phy:0
4.7.0-unsafe:Total_rx_packets:0.4
4.7.0-unsafe:enp130s0f0_rx_packets:0.4
4.7.0-unsafe:enp130s0f1_tx_bytes:0
4.7.0-unsafe:cpu_9:0
