4.7.0-copy-plus-hp-strict:Total_tx_bytes:8018537325
4.7.0-copy-plus-hp-strict:enp130s0f1_rx_bytes:0
4.7.0-copy-plus-hp-strict:cpu_4:100
4.7.0-copy-plus-hp-strict:Total_tx_bytes_phy:8023257951.5
4.7.0-copy-plus-hp-strict:TOTAL_l3mpi:0
4.7.0-copy-plus-hp-strict:enp4s0f0_tx_bytes:0
4.7.0-copy-plus-hp-strict:SKT0_l3miss:37000000
4.7.0-copy-plus-hp-strict:instructions:55629397118
4.7.0-copy-plus-hp-strict:enp4s0f1_rx_bytes_phy:0
4.7.0-copy-plus-hp-strict:SKT0_l2hit:0.225
4.7.0-copy-plus-hp-strict:TOTAL_l2miss:146000000
4.7.0-copy-plus-hp-strict:enp130s0f1_tx_bytes_phy:0
4.7.0-copy-plus-hp-strict:enp4s0f0_rx_packets_phy:0
4.7.0-copy-plus-hp-strict:cpu_20:32.845
4.7.0-copy-plus-hp-strict:cpu_19:74.51
4.7.0-copy-plus-hp-strict:Total_rx_bytes:8144053275.5
4.7.0-copy-plus-hp-strict:cpu_16:30.88
4.7.0-copy-plus-hp-strict:cpu_total:68.455
4.7.0-copy-plus-hp-strict:cpu_3:100
4.7.0-copy-plus-hp-strict:cpu_21:47.55
4.7.0-copy-plus-hp-strict:cpu_10:97.06
4.7.0-copy-plus-hp-strict:enp4s0f0_tx_packets:0
4.7.0-copy-plus-hp-strict:TOTAL_l2mpi:0.005
4.7.0-copy-plus-hp-strict:cpu_23:98.53
4.7.0-copy-plus-hp-strict:cpu_0:35.295
4.7.0-copy-plus-hp-strict:cpu_13:100
4.7.0-copy-plus-hp-strict:SKT0_l3mpi:0
4.7.0-copy-plus-hp-strict:Total_tx_queue_stopped:0
4.7.0-copy-plus-hp-strict:enp130s0f1_rx_bytes_phy:0
4.7.0-copy-plus-hp-strict:SKT1_l3miss:57000000
4.7.0-copy-plus-hp-strict:Read:43042.27
4.7.0-copy-plus-hp-strict:enp130s0f0_rx_bytes_phy:8198548325
4.7.0-copy-plus-hp-strict:enp4s0f0_rx_packets:0
4.7.0-copy-plus-hp-strict:cpu_24:31.865
4.7.0-copy-plus-hp-strict:enp130s0f0_rx_packets_phy:1335117
4.7.0-copy-plus-hp-strict:enp4s0f1_tx_packets_phy:0
4.7.0-copy-plus-hp-strict:cpu_12:99.51
4.7.0-copy-plus-hp-strict:cache-misses:2302526535.5
4.7.0-copy-plus-hp-strict:enp130s0f1_tx_packets:0
4.7.0-copy-plus-hp-strict:enp130s0f0_tx_bytes_phy:8023257951.5
4.7.0-copy-plus-hp-strict:cpu_11:100
4.7.0-copy-plus-hp-strict:Write:46932.44
4.7.0-copy-plus-hp-strict:enp4s0f0_tx_bytes_phy:0
4.7.0-copy-plus-hp-strict:enp4s0f1_tx_queue_stopped:0
4.7.0-copy-plus-hp-strict:Total_tx_packets_phy:1162088
4.7.0-copy-plus-hp-strict:cpu_22:30.39
4.7.0-copy-plus-hp-strict:LLC-load:2038889875
4.7.0-copy-plus-hp-strict:Total_rx_packets_phy:1335117
4.7.0-copy-plus-hp-strict:enp130s0f0_rx_bytes:8144053275.5
4.7.0-copy-plus-hp-strict:cpu_5:100
4.7.0-copy-plus-hp-strict:enp130s0f0_tx_bytes:8018537325
4.7.0-copy-plus-hp-strict:LLC-load-misses:995122254.5
4.7.0-copy-plus-hp-strict:SKT0_l2mpi:0.005
4.7.0-copy-plus-hp-strict:Total_tx_packets:811177.5
4.7.0-copy-plus-hp-strict:Total_rx_packets:752787.5
4.7.0-copy-plus-hp-strict:enp4s0f1_tx_bytes_phy:0
4.7.0-copy-plus-hp-strict:enp130s0f0_tx_packets_phy:1162088
4.7.0-copy-plus-hp-strict:enp130s0f0_tx_packets:811177.5
4.7.0-copy-plus-hp-strict:cpu_9:100
4.7.0-copy-plus-hp-strict:cpu_17:100
4.7.0-copy-plus-hp-strict:enp130s0f1_tx_packets_phy:0
4.7.0-copy-plus-hp-strict:enp4s0f0_rx_bytes_phy:0
4.7.0-copy-plus-hp-strict:enp130s0f0_rx_packets:752787.5
4.7.0-copy-plus-hp-strict:LLC-store:2813153763.5
4.7.0-copy-plus-hp-strict:enp4s0f1_rx_bytes:0
4.7.0-copy-plus-hp-strict:cpu_15:47.55
4.7.0-copy-plus-hp-strict:SKT1_l2hit:0.255
4.7.0-copy-plus-hp-strict:TOTAL_l3miss:95000000
4.7.0-copy-plus-hp-strict:LLC-store-misses:383551988.5
4.7.0-copy-plus-hp-strict:cpu_25:68.135
4.7.0-copy-plus-hp-strict:enp130s0f1_tx_queue_stopped:0
4.7.0-copy-plus-hp-strict:enp130s0f1_rx_packets:0
4.7.0-copy-plus-hp-strict:enp4s0f1_rx_packets:0
4.7.0-copy-plus-hp-strict:TOTAL_ipc:0.615
4.7.0-copy-plus-hp-strict:enp4s0f1_rx_packets_phy:0
4.7.0-copy-plus-hp-strict:cpu_7:98.04
4.7.0-copy-plus-hp-strict:cpu_27:43.63
4.7.0-copy-plus-hp-strict:SKT1_l2miss:87000000
4.7.0-copy-plus-hp-strict:enp130s0f0_tx_queue_stopped:0
4.7.0-copy-plus-hp-strict:cpu_18:30.88
4.7.0-copy-plus-hp-strict:iops:18562.75
4.7.0-copy-plus-hp-strict:cpu_1:50.495
4.7.0-copy-plus-hp-strict:SKT1_l2mpi:0.005
4.7.0-copy-plus-hp-strict:cpu_8:37.255
4.7.0-copy-plus-hp-strict:enp4s0f1_tx_bytes:0
4.7.0-copy-plus-hp-strict:cpu_26:33.825
4.7.0-copy-plus-hp-strict:enp4s0f0_tx_queue_stopped:0
4.7.0-copy-plus-hp-strict:cache-references:7761248371.5
4.7.0-copy-plus-hp-strict:SKT1_l3hit:0.355
4.7.0-copy-plus-hp-strict:enp130s0f1_rx_packets_phy:0
4.7.0-copy-plus-hp-strict:SKT0_l2miss:59000000
4.7.0-copy-plus-hp-strict:enp4s0f1_tx_packets:0
4.7.0-copy-plus-hp-strict:SKT1_l3mpi:0.005
4.7.0-copy-plus-hp-strict:cpu_14:33.33
4.7.0-copy-plus-hp-strict:SKT0_ipc:0.635
4.7.0-copy-plus-hp-strict:Total_rx_bytes_phy:8198548325
4.7.0-copy-plus-hp-strict:enp4s0f0_rx_bytes:0
4.7.0-copy-plus-hp-strict:cycles:230066347966
4.7.0-copy-plus-hp-strict:cpu_6:97.06
4.7.0-copy-plus-hp-strict:TOTAL_l3hit:0.365
4.7.0-copy-plus-hp-strict:SKT1_ipc:0.595
4.7.0-copy-plus-hp-strict:enp4s0f0_tx_packets_phy:0
4.7.0-copy-plus-hp-strict:Memory:89974.705
4.7.0-copy-plus-hp-strict:SKT0_l3hit:0.375
4.7.0-copy-plus-hp-strict:TOTAL_l2hit:0.245
4.7.0-copy-plus-hp-strict:cpu_2:99.51
4.7.0-copy-plus-hp-strict:enp130s0f1_tx_bytes:0
4.7.0-copy-plus-strict:Write:40240.42
4.7.0-copy-plus-strict:Total_tx_packets_phy:1166553.5
4.7.0-copy-plus-strict:enp4s0f0_tx_bytes_phy:0
4.7.0-copy-plus-strict:enp4s0f1_tx_queue_stopped:0
4.7.0-copy-plus-strict:LLC-load:1992042900.5
4.7.0-copy-plus-strict:cpu_22:37.255
4.7.0-copy-plus-strict:enp130s0f0_rx_packets_phy:1377672
4.7.0-copy-plus-strict:cpu_24:36.765
4.7.0-copy-plus-strict:cache-misses:2322929452.5
4.7.0-copy-plus-strict:enp4s0f1_tx_packets_phy:0
4.7.0-copy-plus-strict:cpu_12:97.06
4.7.0-copy-plus-strict:enp130s0f0_tx_bytes_phy:8275504541.5
4.7.0-copy-plus-strict:enp130s0f1_tx_packets:0
4.7.0-copy-plus-strict:cpu_11:97.55
4.7.0-copy-plus-strict:SKT1_l3miss:180500000
4.7.0-copy-plus-strict:enp130s0f1_rx_bytes_phy:0
4.7.0-copy-plus-strict:Read:40307.55
4.7.0-copy-plus-strict:enp4s0f0_rx_packets:0
4.7.0-copy-plus-strict:enp130s0f0_rx_bytes_phy:8581182116
4.7.0-copy-plus-strict:SKT0_l3mpi:0.045
4.7.0-copy-plus-strict:Total_tx_queue_stopped:315.5
4.7.0-copy-plus-strict:cpu_21:38.725
4.7.0-copy-plus-strict:cpu_10:90.2
4.7.0-copy-plus-strict:enp4s0f0_tx_packets:0
4.7.0-copy-plus-strict:TOTAL_l2mpi:0.055
4.7.0-copy-plus-strict:cpu_23:40.685
4.7.0-copy-plus-strict:cpu_0:59.805
4.7.0-copy-plus-strict:cpu_13:97.55
4.7.0-copy-plus-strict:cpu_19:50
4.7.0-copy-plus-strict:cpu_20:39.215
4.7.0-copy-plus-strict:Total_rx_bytes:8319161178
4.7.0-copy-plus-strict:cpu_16:36.275
4.7.0-copy-plus-strict:cpu_3:100
4.7.0-copy-plus-strict:cpu_total:68.645
4.7.0-copy-plus-strict:SKT0_l3miss:120500000
4.7.0-copy-plus-strict:enp4s0f1_rx_bytes_phy:0
4.7.0-copy-plus-strict:instructions:52493801054.5
4.7.0-copy-plus-strict:enp4s0f0_rx_packets_phy:0
4.7.0-copy-plus-strict:TOTAL_l2miss:394500000
4.7.0-copy-plus-strict:enp130s0f1_tx_bytes_phy:0
4.7.0-copy-plus-strict:SKT0_l2hit:0.27
4.7.0-copy-plus-strict:enp130s0f1_rx_bytes:0
4.7.0-copy-plus-strict:Total_tx_bytes:8270769523
4.7.0-copy-plus-strict:Total_tx_bytes_phy:8275504541.5
4.7.0-copy-plus-strict:cpu_4:100
4.7.0-copy-plus-strict:TOTAL_l3mpi:0.045
4.7.0-copy-plus-strict:enp4s0f0_tx_bytes:0
4.7.0-copy-plus-strict:TOTAL_l2hit:0.325
4.7.0-copy-plus-strict:SKT0_l3hit:0.21
4.7.0-copy-plus-strict:cpu_2:97.06
4.7.0-copy-plus-strict:enp130s0f1_tx_bytes:0
4.7.0-copy-plus-strict:cpu_6:99.02
4.7.0-copy-plus-strict:TOTAL_l3hit:0.255
4.7.0-copy-plus-strict:enp4s0f0_tx_packets_phy:0
4.7.0-copy-plus-strict:SKT1_ipc:0.33
4.7.0-copy-plus-strict:Memory:80547.965
4.7.0-copy-plus-strict:SKT0_l2miss:149500000
4.7.0-copy-plus-strict:enp4s0f1_tx_packets:0
4.7.0-copy-plus-strict:SKT0_ipc:0.365
4.7.0-copy-plus-strict:Total_rx_bytes_phy:8581182116
4.7.0-copy-plus-strict:cpu_14:40.685
4.7.0-copy-plus-strict:SKT1_l3mpi:0.045
4.7.0-copy-plus-strict:cycles:218170687180.5
4.7.0-copy-plus-strict:enp4s0f0_rx_bytes:0
4.7.0-copy-plus-strict:cpu_18:42.645
4.7.0-copy-plus-strict:enp130s0f0_tx_queue_stopped:315.5
4.7.0-copy-plus-strict:cpu_1:54.905
4.7.0-copy-plus-strict:iops:18837.5
4.7.0-copy-plus-strict:enp4s0f0_tx_queue_stopped:0
4.7.0-copy-plus-strict:cpu_26:39.705
4.7.0-copy-plus-strict:SKT1_l2mpi:0.055
4.7.0-copy-plus-strict:cpu_8:34.805
4.7.0-copy-plus-strict:enp4s0f1_tx_bytes:0
4.7.0-copy-plus-strict:cache-references:7923696491
4.7.0-copy-plus-strict:SKT1_l3hit:0.28
4.7.0-copy-plus-strict:enp130s0f1_rx_packets_phy:0
4.7.0-copy-plus-strict:enp130s0f1_rx_packets:0
4.7.0-copy-plus-strict:enp130s0f1_tx_queue_stopped:0
4.7.0-copy-plus-strict:enp4s0f1_rx_packets_phy:0
4.7.0-copy-plus-strict:enp4s0f1_rx_packets:0
4.7.0-copy-plus-strict:TOTAL_ipc:0.345
4.7.0-copy-plus-strict:SKT1_l2miss:244500000
4.7.0-copy-plus-strict:cpu_7:95.1
4.7.0-copy-plus-strict:cpu_27:80.395
4.7.0-copy-plus-strict:cpu_17:97.06
4.7.0-copy-plus-strict:cpu_9:93.135
4.7.0-copy-plus-strict:enp130s0f0_rx_packets:745477
4.7.0-copy-plus-strict:LLC-store:2761158115.5
4.7.0-copy-plus-strict:enp4s0f0_rx_bytes_phy:0
4.7.0-copy-plus-strict:enp130s0f1_tx_packets_phy:0
4.7.0-copy-plus-strict:cpu_15:49.51
4.7.0-copy-plus-strict:enp4s0f1_rx_bytes:0
4.7.0-copy-plus-strict:cpu_25:78.92
4.7.0-copy-plus-strict:TOTAL_l3miss:301500000
4.7.0-copy-plus-strict:LLC-store-misses:339854808.5
4.7.0-copy-plus-strict:SKT1_l2hit:0.355
4.7.0-copy-plus-strict:Total_tx_packets:799513
4.7.0-copy-plus-strict:Total_rx_packets:745477
4.7.0-copy-plus-strict:enp130s0f0_tx_packets_phy:1166553.5
4.7.0-copy-plus-strict:enp4s0f1_tx_bytes_phy:0
4.7.0-copy-plus-strict:enp130s0f0_tx_packets:799513
4.7.0-copy-plus-strict:enp130s0f0_rx_bytes:8319161178
4.7.0-copy-plus-strict:Total_rx_packets_phy:1377672
4.7.0-copy-plus-strict:enp130s0f0_tx_bytes:8270769523
4.7.0-copy-plus-strict:cpu_5:97.06
4.7.0-copy-plus-strict:LLC-load-misses:972770015.5
4.7.0-copy-plus-strict:SKT0_l2mpi:0.055
4.7.0-damn-strict:cpu_23:35.785
4.7.0-damn-strict:cpu_0:48.035
4.7.0-damn-strict:cpu_13:52.94
4.7.0-damn-strict:cpu_10:54.9
4.7.0-damn-strict:cpu_21:36.765
4.7.0-damn-strict:enp4s0f0_tx_packets:0
4.7.0-damn-strict:TOTAL_l2mpi:0.03
4.7.0-damn-strict:Total_rx_bytes:7848748648.5
4.7.0-damn-strict:cpu_16:27.94
4.7.0-damn-strict:out:1
4.7.0-damn-strict:cpu_total:45.31
4.7.0-damn-strict:cpu_3:89.705
4.7.0-damn-strict:cpu_19:34.315
4.7.0-damn-strict:cpu_20:31.86
4.7.0-damn-strict:enp4s0f1_rx_bytes_phy:0
4.7.0-damn-strict:instructions:51238048055.5
4.7.0-damn-strict:TOTAL_l2miss:234500000
4.7.0-damn-strict:enp4s0f0_rx_packets_phy:0
4.7.0-damn-strict:enp130s0f1_tx_bytes_phy:0
4.7.0-damn-strict:SKT0_l2hit:0.16
4.7.0-damn-strict:SKT0_l3miss:49500000
4.7.0-damn-strict:TOTAL_l3mpi:0.025
4.7.0-damn-strict:enp4s0f0_tx_bytes:0
4.7.0-damn-strict:Total_tx_bytes:8408101955
4.7.0-damn-strict:enp130s0f1_rx_bytes:0
4.7.0-damn-strict:Total_tx_bytes_phy:8414111799.5
4.7.0-damn-strict:cpu_4:65.685
4.7.0-damn-strict:Total_tx_packets_phy:1119802
4.7.0-damn-strict:enp4s0f0_tx_bytes_phy:0
4.7.0-damn-strict:enp4s0f1_tx_queue_stopped:0
4.7.0-damn-strict:LLC-load:1100826147.5
4.7.0-damn-strict:cpu_22:27.94
4.7.0-damn-strict:Write:28515.415
4.7.0-damn-strict:enp130s0f1_tx_packets:0
4.7.0-damn-strict:enp130s0f0_tx_bytes_phy:8414111799.5
4.7.0-damn-strict:cpu_11:53.43
4.7.0-damn-strict:enp130s0f0_rx_packets_phy:1302438.5
4.7.0-damn-strict:cpu_24:30.88
4.7.0-damn-strict:cache-misses:1308185913.5
4.7.0-damn-strict:enp4s0f1_tx_packets_phy:0
4.7.0-damn-strict:cpu_12:53.43
4.7.0-damn-strict:enp4s0f0_rx_packets:0
4.7.0-damn-strict:enp130s0f0_rx_bytes_phy:7954017502
4.7.0-damn-strict:SKT1_l3miss:143000000
4.7.0-damn-strict:enp130s0f1_rx_bytes_phy:0
4.7.0-damn-strict:Read:29620.195
4.7.0-damn-strict:SKT0_l3mpi:0.02
4.7.0-damn-strict:Total_tx_queue_stopped:0
4.7.0-damn-strict:enp4s0f1_rx_packets_phy:0
4.7.0-damn-strict:enp4s0f1_rx_packets:0
4.7.0-damn-strict:TOTAL_ipc:0.44
4.7.0-damn-strict:SKT1_l2miss:170500000
4.7.0-damn-strict:cpu_7:44.115
4.7.0-damn-strict:cpu_27:27.94
4.7.0-damn-strict:enp130s0f1_rx_packets:0
4.7.0-damn-strict:enp130s0f1_tx_queue_stopped:0
4.7.0-damn-strict:cpu_15:44.605
4.7.0-damn-strict:enp4s0f1_rx_bytes:0
4.7.0-damn-strict:cpu_25:36.765
4.7.0-damn-strict:TOTAL_l3miss:192500000
4.7.0-damn-strict:LLC-store-misses:289104465.5
4.7.0-damn-strict:SKT1_l2hit:0.17
4.7.0-damn-strict:cpu_9:55.39
4.7.0-damn-strict:cpu_17:51.96
4.7.0-damn-strict:enp130s0f0_rx_packets:677496.5
4.7.0-damn-strict:LLC-store:1424689568
4.7.0-damn-strict:enp130s0f1_tx_packets_phy:0
4.7.0-damn-strict:enp4s0f0_rx_bytes_phy:0
4.7.0-damn-strict:enp130s0f0_tx_packets_phy:1119802
4.7.0-damn-strict:enp4s0f1_tx_bytes_phy:0
4.7.0-damn-strict:enp130s0f0_tx_packets:767709
4.7.0-damn-strict:Total_tx_packets:767709
4.7.0-damn-strict:Total_rx_packets:677496.5
4.7.0-damn-strict:LLC-load-misses:494501882
4.7.0-damn-strict:SKT0_l2mpi:0.025
4.7.0-damn-strict:enp130s0f0_rx_bytes:7848748648.5
4.7.0-damn-strict:Total_rx_packets_phy:1302438.5
4.7.0-damn-strict:enp130s0f0_tx_bytes:8408101955
4.7.0-damn-strict:cpu_5:58.82
4.7.0-damn-strict:enp130s0f1_tx_bytes:0
4.7.0-damn-strict:SKT0_l3hit:0.28
4.7.0-damn-strict:TOTAL_l2hit:0.17
4.7.0-damn-strict:cpu_2:67.65
4.7.0-damn-strict:enp4s0f0_tx_packets_phy:0
4.7.0-damn-strict:SKT1_ipc:0.43
4.7.0-damn-strict:Memory:58135.6
4.7.0-damn-strict:cpu_6:63.73
4.7.0-damn-strict:TOTAL_l3hit:0.275
4.7.0-damn-strict:enp4s0f0_rx_bytes:0
4.7.0-damn-strict:cycles:152385127282
4.7.0-damn-strict:SKT0_l2miss:64000000
4.7.0-damn-strict:enp4s0f1_tx_packets:0
4.7.0-damn-strict:SKT0_ipc:0.46
4.7.0-damn-strict:Total_rx_bytes_phy:7954017502
4.7.0-damn-strict:cpu_14:35.29
4.7.0-damn-strict:SKT1_l3mpi:0.03
4.7.0-damn-strict:cpu_26:28.92
4.7.0-damn-strict:enp4s0f0_tx_queue_stopped:0
4.7.0-damn-strict:cpu_8:30.88
4.7.0-damn-strict:SKT1_l2mpi:0.035
4.7.0-damn-strict:enp4s0f1_tx_bytes:0
4.7.0-damn-strict:cache-references:4509842435.5
4.7.0-damn-strict:SKT1_l3hit:0.275
4.7.0-damn-strict:enp130s0f1_rx_packets_phy:0
4.7.0-damn-strict:cpu_18:31.37
4.7.0-damn-strict:enp130s0f0_tx_queue_stopped:0
4.7.0-damn-strict:cpu_1:50.49
4.7.0-damn-strict:iops:18714.5
4.7.0-damnn-hp-strict:enp4s0f1_tx_packets_phy:0
4.7.0-damnn-hp-strict:cpu_12:53.92
4.7.0-damnn-hp-strict:cache-misses:1344585438.5
4.7.0-damnn-hp-strict:cpu_24:32.84
4.7.0-damnn-hp-strict:enp130s0f0_rx_packets_phy:1320085.5
4.7.0-damnn-hp-strict:cpu_11:52.94
4.7.0-damnn-hp-strict:enp130s0f0_tx_bytes_phy:8535408232.5
4.7.0-damnn-hp-strict:enp130s0f1_tx_packets:0
4.7.0-damnn-hp-strict:Write:30748.375
4.7.0-damnn-hp-strict:cpu_22:30.88
4.7.0-damnn-hp-strict:LLC-load:1170770844.5
4.7.0-damnn-hp-strict:enp4s0f0_tx_bytes_phy:0
4.7.0-damnn-hp-strict:enp4s0f1_tx_queue_stopped:0
4.7.0-damnn-hp-strict:Total_tx_packets_phy:1080215.5
4.7.0-damnn-hp-strict:Total_tx_queue_stopped:0
4.7.0-damnn-hp-strict:SKT0_l3mpi:0
4.7.0-damnn-hp-strict:Read:30974.945
4.7.0-damnn-hp-strict:enp130s0f1_rx_bytes_phy:0
4.7.0-damnn-hp-strict:SKT1_l3miss:115000000
4.7.0-damnn-hp-strict:enp130s0f0_rx_bytes_phy:8041835150
4.7.0-damnn-hp-strict:enp4s0f0_rx_packets:0
4.7.0-damnn-hp-strict:cpu_20:32.84
4.7.0-damnn-hp-strict:cpu_19:31.37
4.7.0-damnn-hp-strict:cpu_total:46.165
4.7.0-damnn-hp-strict:cpu_3:92.16
4.7.0-damnn-hp-strict:cpu_16:32.84
4.7.0-damnn-hp-strict:Total_rx_bytes:7976963899.5
4.7.0-damnn-hp-strict:TOTAL_l2mpi:0.04
4.7.0-damnn-hp-strict:enp4s0f0_tx_packets:0
4.7.0-damnn-hp-strict:cpu_10:58.825
4.7.0-damnn-hp-strict:cpu_21:45.095
4.7.0-damnn-hp-strict:cpu_13:54.9
4.7.0-damnn-hp-strict:cpu_0:33.82
4.7.0-damnn-hp-strict:cpu_23:32.84
4.7.0-damnn-hp-strict:cpu_4:69.61
4.7.0-damnn-hp-strict:Total_tx_bytes_phy:8535408232.5
4.7.0-damnn-hp-strict:Total_tx_bytes:8531523713.5
4.7.0-damnn-hp-strict:enp130s0f1_rx_bytes:0
4.7.0-damnn-hp-strict:enp4s0f0_tx_bytes:0
4.7.0-damnn-hp-strict:TOTAL_l3mpi:0.03
4.7.0-damnn-hp-strict:SKT0_l3miss:14002000
4.7.0-damnn-hp-strict:SKT0_l2hit:0.21
4.7.0-damnn-hp-strict:enp130s0f1_tx_bytes_phy:0
4.7.0-damnn-hp-strict:TOTAL_l2miss:184500000
4.7.0-damnn-hp-strict:enp4s0f0_rx_packets_phy:0
4.7.0-damnn-hp-strict:instructions:53549063547.5
4.7.0-damnn-hp-strict:enp4s0f1_rx_bytes_phy:0
4.7.0-damnn-hp-strict:TOTAL_l3hit:0.295
4.7.0-damnn-hp-strict:cpu_6:63.235
4.7.0-damnn-hp-strict:Memory:61723.33
4.7.0-damnn-hp-strict:SKT1_ipc:0.36
4.7.0-damnn-hp-strict:enp4s0f0_tx_packets_phy:0
4.7.0-damnn-hp-strict:cpu_2:67.16
4.7.0-damnn-hp-strict:TOTAL_l2hit:0.265
4.7.0-damnn-hp-strict:SKT0_l3hit:0.515
4.7.0-damnn-hp-strict:enp130s0f1_tx_bytes:0
4.7.0-damnn-hp-strict:iops:19122.75
4.7.0-damnn-hp-strict:cpu_1:40.195
4.7.0-damnn-hp-strict:enp130s0f0_tx_queue_stopped:0
4.7.0-damnn-hp-strict:cpu_18:33.33
4.7.0-damnn-hp-strict:SKT1_l3hit:0.27
4.7.0-damnn-hp-strict:enp130s0f1_rx_packets_phy:0
4.7.0-damnn-hp-strict:cache-references:4673756773
4.7.0-damnn-hp-strict:SKT1_l2mpi:0.05
4.7.0-damnn-hp-strict:enp4s0f1_tx_bytes:0
4.7.0-damnn-hp-strict:cpu_8:30.39
4.7.0-damnn-hp-strict:enp4s0f0_tx_queue_stopped:0
4.7.0-damnn-hp-strict:cpu_26:32.35
4.7.0-damnn-hp-strict:cpu_14:30.39
4.7.0-damnn-hp-strict:SKT1_l3mpi:0.035
4.7.0-damnn-hp-strict:Total_rx_bytes_phy:8041835150
4.7.0-damnn-hp-strict:SKT0_ipc:0.595
4.7.0-damnn-hp-strict:SKT0_l2miss:25438000
4.7.0-damnn-hp-strict:enp4s0f1_tx_packets:0
4.7.0-damnn-hp-strict:cycles:156525761373.5
4.7.0-damnn-hp-strict:enp4s0f0_rx_bytes:0
4.7.0-damnn-hp-strict:enp130s0f1_tx_packets_phy:0
4.7.0-damnn-hp-strict:enp4s0f0_rx_bytes_phy:0
4.7.0-damnn-hp-strict:enp130s0f0_rx_packets:692480
4.7.0-damnn-hp-strict:LLC-store:1447443399.5
4.7.0-damnn-hp-strict:cpu_9:53.92
4.7.0-damnn-hp-strict:cpu_17:52.45
4.7.0-damnn-hp-strict:LLC-store-misses:288528172
4.7.0-damnn-hp-strict:TOTAL_l3miss:129000000
4.7.0-damnn-hp-strict:SKT1_l2hit:0.28
4.7.0-damnn-hp-strict:cpu_25:33.33
4.7.0-damnn-hp-strict:enp4s0f1_rx_bytes:0
4.7.0-damnn-hp-strict:cpu_15:43.625
4.7.0-damnn-hp-strict:enp130s0f1_tx_queue_stopped:0
4.7.0-damnn-hp-strict:enp130s0f1_rx_packets:0
4.7.0-damnn-hp-strict:cpu_27:38.725
4.7.0-damnn-hp-strict:cpu_7:56.37
4.7.0-damnn-hp-strict:SKT1_l2miss:159000000
4.7.0-damnn-hp-strict:TOTAL_ipc:0.405
4.7.0-damnn-hp-strict:enp4s0f1_rx_packets:0
4.7.0-damnn-hp-strict:enp4s0f1_rx_packets_phy:0
4.7.0-damnn-hp-strict:cpu_5:62.255
4.7.0-damnn-hp-strict:enp130s0f0_tx_bytes:8531523713.5
4.7.0-damnn-hp-strict:Total_rx_packets_phy:1320085.5
4.7.0-damnn-hp-strict:enp130s0f0_rx_bytes:7976963899.5
4.7.0-damnn-hp-strict:SKT0_l2mpi:0.005
4.7.0-damnn-hp-strict:LLC-load-misses:520385444
4.7.0-damnn-hp-strict:Total_rx_packets:692480
4.7.0-damnn-hp-strict:Total_tx_packets:723775.5
4.7.0-damnn-hp-strict:enp130s0f0_tx_packets:723775.5
4.7.0-damnn-hp-strict:enp4s0f1_tx_bytes_phy:0
4.7.0-damnn-hp-strict:enp130s0f0_tx_packets_phy:1080215.5
4.7.0-unsafe:enp4s0f0_rx_bytes:0
4.7.0-unsafe:cycles:153650056204
4.7.0-unsafe:Total_rx_bytes_phy:8034151659
4.7.0-unsafe:SKT0_ipc:0.605
4.7.0-unsafe:cpu_14:34.8
4.7.0-unsafe:SKT1_l3mpi:0.02
4.7.0-unsafe:enp4s0f1_tx_packets:0
4.7.0-unsafe:SKT0_l2miss:28000000
4.7.0-unsafe:SKT1_l3hit:0.2
4.7.0-unsafe:cache-references:4687994613.5
4.7.0-unsafe:enp130s0f1_rx_packets_phy:0
4.7.0-unsafe:cpu_26:29.9
4.7.0-unsafe:enp4s0f0_tx_queue_stopped:0
4.7.0-unsafe:SKT1_l2mpi:0.02
4.7.0-unsafe:enp4s0f1_tx_bytes:0
4.7.0-unsafe:cpu_8:31.86
4.7.0-unsafe:cpu_1:40.69
4.7.0-unsafe:iops:19105.5
4.7.0-unsafe:cpu_18:32.35
4.7.0-unsafe:enp130s0f0_tx_queue_stopped:0
4.7.0-unsafe:enp130s0f1_tx_bytes:0
4.7.0-unsafe:cpu_2:68.14
4.7.0-unsafe:TOTAL_l2hit:0.175
4.7.0-unsafe:SKT0_l3hit:0.515
4.7.0-unsafe:Memory:61494.695
4.7.0-unsafe:enp4s0f0_tx_packets_phy:0
4.7.0-unsafe:SKT1_ipc:0.43
4.7.0-unsafe:TOTAL_l3hit:0.245
4.7.0-unsafe:cpu_6:65.2
4.7.0-unsafe:enp130s0f0_tx_packets:774663.5
4.7.0-unsafe:enp130s0f0_tx_packets_phy:1127763.5
4.7.0-unsafe:enp4s0f1_tx_bytes_phy:0
4.7.0-unsafe:Total_tx_packets:774663.5
4.7.0-unsafe:Total_rx_packets:689872
4.7.0-unsafe:SKT0_l2mpi:0
4.7.0-unsafe:LLC-load-misses:505684395.5
4.7.0-unsafe:enp130s0f0_tx_bytes:8487094822.5
4.7.0-unsafe:cpu_5:69.115
4.7.0-unsafe:enp130s0f0_rx_bytes:7976434704
4.7.0-unsafe:Total_rx_packets_phy:1316954
4.7.0-unsafe:SKT1_l2miss:171000000
4.7.0-unsafe:cpu_7:53.43
4.7.0-unsafe:cpu_27:29.9
4.7.0-unsafe:enp4s0f1_rx_packets_phy:0
4.7.0-unsafe:TOTAL_ipc:0.485
4.7.0-unsafe:enp4s0f1_rx_packets:0
4.7.0-unsafe:enp130s0f1_rx_packets:0
4.7.0-unsafe:enp130s0f1_tx_queue_stopped:0
4.7.0-unsafe:cpu_25:37.25
4.7.0-unsafe:LLC-store-misses:292456822
4.7.0-unsafe:TOTAL_l3miss:152500000
4.7.0-unsafe:SKT1_l2hit:0.175
4.7.0-unsafe:cpu_15:43.135
4.7.0-unsafe:enp4s0f1_rx_bytes:0
4.7.0-unsafe:enp130s0f0_rx_packets:689872
4.7.0-unsafe:LLC-store:1442796508.5
4.7.0-unsafe:enp130s0f1_tx_packets_phy:0
4.7.0-unsafe:enp4s0f0_rx_bytes_phy:0
4.7.0-unsafe:cpu_17:56.37
4.7.0-unsafe:cpu_9:42.155
4.7.0-unsafe:enp4s0f0_rx_packets:0
4.7.0-unsafe:enp130s0f0_rx_bytes_phy:8034151659
4.7.0-unsafe:Read:30450.295
4.7.0-unsafe:SKT1_l3miss:138500000
4.7.0-unsafe:enp130s0f1_rx_bytes_phy:0
4.7.0-unsafe:Total_tx_queue_stopped:0
4.7.0-unsafe:SKT0_l3mpi:0
4.7.0-unsafe:LLC-load:1147869947
4.7.0-unsafe:cpu_22:31.37
4.7.0-unsafe:Total_tx_packets_phy:1127763.5
4.7.0-unsafe:enp4s0f0_tx_bytes_phy:0
4.7.0-unsafe:enp4s0f1_tx_queue_stopped:0
4.7.0-unsafe:Write:31044.4
4.7.0-unsafe:cpu_11:53.43
4.7.0-unsafe:enp130s0f1_tx_packets:0
4.7.0-unsafe:enp130s0f0_tx_bytes_phy:8492337862
4.7.0-unsafe:cache-misses:1361296309
4.7.0-unsafe:cpu_12:54.41
4.7.0-unsafe:enp4s0f1_tx_packets_phy:0
4.7.0-unsafe:enp130s0f0_rx_packets_phy:1316954
4.7.0-unsafe:cpu_24:30.39
4.7.0-unsafe:TOTAL_l2miss:199000000
4.7.0-unsafe:enp4s0f0_rx_packets_phy:0
4.7.0-unsafe:enp130s0f1_tx_bytes_phy:0
4.7.0-unsafe:SKT0_l2hit:0.195
4.7.0-unsafe:enp4s0f1_rx_bytes_phy:0
4.7.0-unsafe:instructions:52651155879.5
4.7.0-unsafe:SKT0_l3miss:13917000
4.7.0-unsafe:enp4s0f0_tx_bytes:0
4.7.0-unsafe:TOTAL_l3mpi:0.01
4.7.0-unsafe:Total_tx_bytes_phy:8492337862
4.7.0-unsafe:cpu_4:68.14
4.7.0-unsafe:enp130s0f1_rx_bytes:0
4.7.0-unsafe:Total_tx_bytes:8487094822.5
4.7.0-unsafe:cpu_13:54.9
4.7.0-unsafe:cpu_0:45.585
4.7.0-unsafe:cpu_23:30.39
4.7.0-unsafe:TOTAL_l2mpi:0.015
4.7.0-unsafe:enp4s0f0_tx_packets:0
4.7.0-unsafe:cpu_21:30.39
4.7.0-unsafe:cpu_10:54.41
4.7.0-unsafe:cpu_3:93.63
4.7.0-unsafe:cpu_total:45.64
4.7.0-unsafe:cpu_16:30.39
4.7.0-unsafe:Total_rx_bytes:7976434704
4.7.0-unsafe:cpu_19:36.76
4.7.0-unsafe:cpu_20:31.86
