4.7.0-copy-plus-strict:enp130s0f0_tx_packets:100448.4
4.7.0-copy-plus-strict:enp130s0f1_tx_bytes:4734219925.4
4.7.0-copy-plus-strict:LLC-store:1840851107.2
4.7.0-copy-plus-strict:Total_rx_bytes:31875419.6
4.7.0-copy-plus-strict:enp4s0f0_tx_packets_phy:0
4.7.0-copy-plus-strict:cpu_11:28.04
4.7.0-copy-plus-strict:enp4s0f0_tx_bytes_phy:0
4.7.0-copy-plus-strict:enp130s0f1_tx_packets:69544.6
4.7.0-copy-plus-strict:enp4s0f0_tx_bytes:0
4.7.0-copy-plus-strict:enp4s0f1_tx_bytes_phy:0
4.7.0-copy-plus-strict:enp130s0f0_rx_bytes_phy:19514643.4
4.7.0-copy-plus-strict:Total_rx_packets:482940.2
4.7.0-copy-plus-strict:cpu_18:14.706
4.7.0-copy-plus-strict:cpu_5:46.08
4.7.0-copy-plus-strict:cpu_24:9.214
4.7.0-copy-plus-strict:cpu_15:31.568
4.7.0-copy-plus-strict:enp4s0f1_tx_packets_phy:0
4.7.0-copy-plus-strict:cpu_1:59.216
4.7.0-copy-plus-strict:cache-references:5074724983.6
4.7.0-copy-plus-strict:cpu_12:46.276
4.7.0-copy-plus-strict:cache-misses:1597097393.2
4.7.0-copy-plus-strict:enp130s0f1_rx_bytes:13472817.6
4.7.0-copy-plus-strict:cpu_13:36.664
4.7.0-copy-plus-strict:enp4s0f0_tx_packets:0
4.7.0-copy-plus-strict:cpu_21:29.412
4.7.0-copy-plus-strict:cpu_total:31.54
4.7.0-copy-plus-strict:cpu_20:12.154
4.7.0-copy-plus-strict:Total_tx_bytes:11557678694.2
4.7.0-copy-plus-strict:enp130s0f1_tx_bytes_phy:4747057588
4.7.0-copy-plus-strict:cpu_25:27.06
4.7.0-copy-plus-strict:instructions:26183919279.8
4.7.0-copy-plus-strict:enp4s0f1_tx_packets:0
4.7.0-copy-plus-strict:cpu_9:33.724
4.7.0-copy-plus-strict:cpu_23:26.078
4.7.0-copy-plus-strict:Total_rx_bytes_phy:33803515
4.7.0-copy-plus-strict:cpu_4:56.078
4.7.0-copy-plus-strict:cpu_7:39.412
4.7.0-copy-plus-strict:enp130s0f0_tx_bytes:6823458768.8
4.7.0-copy-plus-strict:cpu_17:39.018
4.7.0-copy-plus-strict:LLC-load-misses:746308419.4
4.7.0-copy-plus-strict:enp130s0f1_rx_packets:204124.6
4.7.0-copy-plus-strict:cpu_19:30.784
4.7.0-copy-plus-strict:enp130s0f1_rx_packets_phy:204118.6
4.7.0-copy-plus-strict:LLC-load:1381720164.6
4.7.0-copy-plus-strict:cpu_22:10.39
4.7.0-copy-plus-strict:LLC-store-misses:124836324
4.7.0-copy-plus-strict:cpu_3:36.666
4.7.0-copy-plus-strict:cpu_0:44.904
4.7.0-copy-plus-strict:Total_tx_packets_phy:7634355.2
4.7.0-copy-plus-strict:Total_rx_packets_phy:482888
4.7.0-copy-plus-strict:enp130s0f0_rx_packets:278815.6
4.7.0-copy-plus-strict:cpu_6:35.688
4.7.0-copy-plus-strict:enp4s0f1_rx_bytes:0
4.7.0-copy-plus-strict:cpu_16:16.276
4.7.0-copy-plus-strict:cpu_26:11.568
4.7.0-copy-plus-strict:enp130s0f0_rx_bytes:18402602
4.7.0-copy-plus-strict:enp4s0f0_rx_bytes:0
4.7.0-copy-plus-strict:cycles:110670995535.8
4.7.0-copy-plus-strict:cpu_14:23.726
4.7.0-copy-plus-strict:enp4s0f1_tx_bytes:0
4.7.0-copy-plus-strict:enp4s0f0_rx_packets_phy:0
4.7.0-copy-plus-strict:Total_tx_bytes_phy:11588923173.8
4.7.0-copy-plus-strict:cpu_8:26.078
4.7.0-copy-plus-strict:enp4s0f1_rx_packets_phy:0
4.7.0-copy-plus-strict:enp4s0f1_rx_bytes_phy:0
4.7.0-copy-plus-strict:enp130s0f1_tx_packets_phy:3127181.4
4.7.0-copy-plus-strict:enp130s0f0_rx_packets_phy:278769.4
4.7.0-copy-plus-strict:16384:87380
4.7.0-copy-plus-strict:enp4s0f0_rx_bytes_phy:0
4.7.0-copy-plus-strict:enp130s0f1_rx_bytes_phy:14288871.6
4.7.0-copy-plus-strict:enp4s0f1_rx_packets:0
4.7.0-copy-plus-strict:Total_tx_packets:169993
4.7.0-copy-plus-strict:cpu_27:43.138
4.7.0-copy-plus-strict:enp130s0f0_tx_bytes_phy:6841865585.8
4.7.0-copy-plus-strict:enp130s0f0_tx_packets_phy:4507173.8
4.7.0-copy-plus-strict:enp4s0f0_rx_packets:0
4.7.0-copy-plus-strict:cpu_10:36.472
4.7.0-copy-plus-strict:cpu_2:33.724
4.7.0-damn-strict:cpu_19:18.65
4.7.0-damn-strict:SKT0_l2mpi:0.046
4.7.0-damn-strict:enp130s0f1_rx_packets:219837.8
4.7.0-damn-strict:TOTAL_l3mpi:0.036
4.7.0-damn-strict:cpu_22:9.816
4.7.0-damn-strict:enp130s0f1_rx_packets_phy:219858.4
4.7.0-damn-strict:LLC-load:571735654
4.7.0-damn-strict:SKT0_l3hit:0.16
4.7.0-damn-strict:cpu_3:19.048
4.7.0-damn-strict:cpu_0:24.356
4.7.0-damn-strict:LLC-store-misses:135787086
4.7.0-damn-strict:cpu_26:12.184
4.7.0-damn-strict:SKT1_ipc:0.31
4.7.0-damn-strict:enp130s0f0_rx_bytes:17098959.2
4.7.0-damn-strict:Total_tx_packets_phy:7546661.4
4.7.0-damn-strict:Total_rx_packets_phy:478933.8
4.7.0-damn-strict:enp130s0f0_rx_packets:259043.2
4.7.0-damn-strict:SKT0_l2hit:0.29
4.7.0-damn-strict:cpu_6:30.654
4.7.0-damn-strict:cpu_16:14.346
4.7.0-damn-strict:enp4s0f1_rx_bytes:0
4.7.0-damn-strict:Total_tx_bytes_phy:11455698616.8
4.7.0-damn-strict:cpu_8:17.678
4.7.0-damn-strict:enp4s0f1_rx_packets_phy:0
4.7.0-damn-strict:enp4s0f1_rx_bytes_phy:0
4.7.0-damn-strict:enp130s0f1_tx_packets_phy:3162232.8
4.7.0-damn-strict:enp130s0f0_rx_packets_phy:259075.4
4.7.0-damn-strict:TOTAL_l2miss:890600000
4.7.0-damn-strict:cycles:68373437537.6
4.7.0-damn-strict:enp4s0f0_rx_bytes:0
4.7.0-damn-strict:cpu_14:14.158
4.7.0-damn-strict:enp4s0f1_tx_bytes:0
4.7.0-damn-strict:TOTAL_ipc:0.306
4.7.0-damn-strict:enp4s0f0_rx_packets_phy:0
4.7.0-damn-strict:16384:87380
4.7.0-damn-strict:TOTAL_l3hit:0.172
4.7.0-damn-strict:Memory:35613.878
4.7.0-damn-strict:Total_tx_packets:168584.6
4.7.0-damn-strict:cpu_27:18.076
4.7.0-damn-strict:enp130s0f0_tx_bytes_phy:6655436864.2
4.7.0-damn-strict:TOTAL_l2mpi:0.044
4.7.0-damn-strict:enp4s0f0_rx_bytes_phy:0
4.7.0-damn-strict:enp130s0f1_rx_bytes_phy:15390227.8
4.7.0-damn-strict:enp4s0f1_rx_packets:0
4.7.0-damn-strict:enp4s0f0_rx_packets:0
4.7.0-damn-strict:cpu_10:19.65
4.7.0-damn-strict:cpu_2:27.122
4.7.0-damn-strict:enp130s0f0_tx_packets_phy:4384428.6
4.7.0-damn-strict:enp130s0f1_tx_bytes:4787836002
4.7.0-damn-strict:SKT1_l2mpi:0.044
4.7.0-damn-strict:LLC-store:919287783.4
4.7.0-damn-strict:enp130s0f0_tx_packets:98287.6
4.7.0-damn-strict:TOTAL_l3miss:738000000
4.7.0-damn-strict:SKT0_ipc:0.3
4.7.0-damn-strict:enp4s0f0_tx_packets_phy:0
4.7.0-damn-strict:SKT1_l2miss:462800000
4.7.0-damn-strict:Total_rx_bytes:31608356.2
4.7.0-damn-strict:enp130s0f1_tx_packets:70297
4.7.0-damn-strict:SKT0_l3mpi:0.038
4.7.0-damn-strict:cpu_11:17.866
4.7.0-damn-strict:enp4s0f0_tx_bytes_phy:0
4.7.0-damn-strict:enp4s0f1_tx_bytes_phy:0
4.7.0-damn-strict:Total_rx_packets:478881
4.7.0-damn-strict:SKT1_l3miss:378800000
4.7.0-damn-strict:enp130s0f0_rx_bytes_phy:18137369.6
4.7.0-damn-strict:enp4s0f0_tx_bytes:0
4.7.0-damn-strict:cpu_1:19.838
4.7.0-damn-strict:cache-references:2480736362.4
4.7.0-damn-strict:cpu_12:22.594
4.7.0-damn-strict:SKT0_l3miss:358800000
4.7.0-damn-strict:SKT1_l2hit:0.296
4.7.0-damn-strict:SKT1_l3hit:0.182
4.7.0-damn-strict:cpu_18:11.584
4.7.0-damn-strict:cpu_5:19.064
4.7.0-damn-strict:TOTAL_l2hit:0.292
4.7.0-damn-strict:cpu_24:11.194
4.7.0-damn-strict:cpu_15:16.112
4.7.0-damn-strict:enp4s0f1_tx_packets_phy:0
4.7.0-damn-strict:Write:11550.672
4.7.0-damn-strict:cpu_21:14.356
4.7.0-damn-strict:cpu_20:11.978
4.7.0-damn-strict:cpu_total:18.522
4.7.0-damn-strict:Read:24063.204
4.7.0-damn-strict:enp130s0f1_rx_bytes:14509397
4.7.0-damn-strict:cache-misses:760675281.4
4.7.0-damn-strict:cpu_13:23.972
4.7.0-damn-strict:enp4s0f0_tx_packets:0
4.7.0-damn-strict:cpu_9:22.778
4.7.0-damn-strict:cpu_23:22.018
4.7.0-damn-strict:Total_tx_bytes:11425262003
4.7.0-damn-strict:cpu_25:16.9
4.7.0-damn-strict:enp130s0f1_tx_bytes_phy:4800261752.6
4.7.0-damn-strict:SKT1_l3mpi:0.034
4.7.0-damn-strict:enp4s0f1_tx_packets:0
4.7.0-damn-strict:instructions:20377566908.6
4.7.0-damn-strict:SKT0_l2miss:427200000
4.7.0-damn-strict:LLC-load-misses:253781353.4
4.7.0-damn-strict:Total_rx_bytes_phy:33527597.4
4.7.0-damn-strict:cpu_4:25.33
4.7.0-damn-strict:enp130s0f0_tx_bytes:6637426001
4.7.0-damn-strict:cpu_17:16.306
4.7.0-damn-strict:cpu_7:20.224
4.7.0-deff:cpu_27:21.37
4.7.0-deff:TOTAL_l2mpi:0.032
4.7.0-deff:enp130s0f0_tx_bytes_phy:6755231270.2
4.7.0-deff:Total_tx_packets:168210.6
4.7.0-deff:enp4s0f1_rx_packets:0
4.7.0-deff:enp4s0f0_rx_bytes_phy:0
4.7.0-deff:enp130s0f1_rx_bytes_phy:14234999
4.7.0-deff:enp4s0f0_rx_packets:0
4.7.0-deff:cpu_2:34.118
4.7.0-deff:cpu_10:23.334
4.7.0-deff:enp130s0f0_tx_packets_phy:4450085
4.7.0-deff:enp130s0f1_tx_packets_phy:3118883.4
4.7.0-deff:enp130s0f0_rx_packets_phy:268828
4.7.0-deff:Total_tx_bytes_phy:11489696879.2
4.7.0-deff:cpu_8:20
4.7.0-deff:enp4s0f1_rx_bytes_phy:0
4.7.0-deff:enp4s0f1_rx_packets_phy:0
4.7.0-deff:TOTAL_ipc:0.42
4.7.0-deff:enp4s0f1_tx_bytes:0
4.7.0-deff:enp4s0f0_rx_packets_phy:0
4.7.0-deff:TOTAL_l2miss:1079600000
4.7.0-deff:cycles:79670073449
4.7.0-deff:enp4s0f0_rx_bytes:0
4.7.0-deff:cpu_14:15.49
4.7.0-deff:16384:87380
4.7.0-deff:TOTAL_l3hit:0.17
4.7.0-deff:Memory:38182.456
4.7.0-deff:cpu_3:28.04
4.7.0-deff:cpu_0:35.096
4.7.0-deff:SKT0_l3hit:0.154
4.7.0-deff:LLC-store-misses:133012573.4
4.7.0-deff:SKT1_ipc:0.466
4.7.0-deff:enp130s0f0_rx_bytes:17742393.8
4.7.0-deff:cpu_26:13.922
4.7.0-deff:SKT0_l2hit:0.266
4.7.0-deff:cpu_6:27.646
4.7.0-deff:enp4s0f1_rx_bytes:0
4.7.0-deff:cpu_16:12.548
4.7.0-deff:Total_tx_packets_phy:7568968.4
4.7.0-deff:enp130s0f0_rx_packets:268822.4
4.7.0-deff:Total_rx_packets_phy:472184.8
4.7.0-deff:cpu_19:20.982
4.7.0-deff:enp130s0f1_rx_packets:203283.6
4.7.0-deff:SKT0_l2mpi:0.042
4.7.0-deff:cpu_22:11.372
4.7.0-deff:TOTAL_l3mpi:0.026
4.7.0-deff:enp130s0f1_rx_packets_phy:203356.8
4.7.0-deff:LLC-load:667266117.4
4.7.0-deff:cpu_23:20.784
4.7.0-deff:cpu_9:27.45
4.7.0-deff:enp130s0f1_tx_bytes_phy:4734465609
4.7.0-deff:cpu_25:23.922
4.7.0-deff:SKT1_l3mpi:0.022
4.7.0-deff:instructions:31530927328
4.7.0-deff:enp4s0f1_tx_packets:0
4.7.0-deff:Total_tx_bytes:11458821685.8
4.7.0-deff:SKT0_l2miss:521800000
4.7.0-deff:LLC-load-misses:311740516.2
4.7.0-deff:cpu_17:18.236
4.7.0-deff:enp130s0f0_tx_bytes:6737139581
4.7.0-deff:cpu_7:20.786
4.7.0-deff:Total_rx_bytes_phy:33053056.2
4.7.0-deff:cpu_4:24.904
4.7.0-deff:cpu_12:20.978
4.7.0-deff:SKT0_l3miss:442200000
4.7.0-deff:cache-references:2690063783.6
4.7.0-deff:cpu_1:33.334
4.7.0-deff:TOTAL_l2hit:0.286
4.7.0-deff:cpu_5:27.646
4.7.0-deff:cpu_24:12.744
4.7.0-deff:cpu_15:24.118
4.7.0-deff:enp4s0f1_tx_packets_phy:0
4.7.0-deff:SKT1_l2hit:0.304
4.7.0-deff:SKT1_l3hit:0.188
4.7.0-deff:cpu_18:15.098
4.7.0-deff:Write:11822.024
4.7.0-deff:cpu_21:24.118
4.7.0-deff:cpu_20:14.116
4.7.0-deff:cpu_total:22.036
4.7.0-deff:cpu_13:24.314
4.7.0-deff:enp4s0f0_tx_packets:0
4.7.0-deff:Read:26360.43
4.7.0-deff:cache-misses:886452656.2
4.7.0-deff:enp130s0f1_rx_bytes:13416748.6
4.7.0-deff:enp130s0f1_tx_packets:69304.4
4.7.0-deff:SKT0_l3mpi:0.034
4.7.0-deff:enp4s0f0_tx_bytes_phy:0
4.7.0-deff:cpu_11:20.198
4.7.0-deff:SKT1_l3miss:453000000
4.7.0-deff:Total_rx_packets:472106
4.7.0-deff:enp130s0f0_rx_bytes_phy:18818057.2
4.7.0-deff:enp4s0f1_tx_bytes_phy:0
4.7.0-deff:enp4s0f0_tx_bytes:0
4.7.0-deff:SKT1_l2mpi:0.028
4.7.0-deff:LLC-store:932134975.6
4.7.0-deff:enp130s0f1_tx_bytes:4721682104.8
4.7.0-deff:TOTAL_l3miss:895600000
4.7.0-deff:SKT0_ipc:0.354
4.7.0-deff:enp130s0f0_tx_packets:98906.2
4.7.0-deff:SKT1_l2miss:557400000
4.7.0-deff:enp4s0f0_tx_packets_phy:0
4.7.0-deff:Total_rx_bytes:31159142.4
4.7.0-strict:enp130s0f1_rx_packets:98218.6
4.7.0-strict:SKT0_l2mpi:0.02
4.7.0-strict:cpu_19:51.284
4.7.0-strict:enp130s0f1_rx_packets_phy:98133.4
4.7.0-strict:LLC-load:500863839.2
4.7.0-strict:TOTAL_l3mpi:0.01
4.7.0-strict:cpu_22:8.17
4.7.0-strict:LLC-store-misses:113537619.6
4.7.0-strict:cpu_0:84.84
4.7.0-strict:cpu_3:77.608
4.7.0-strict:SKT0_l3hit:0.176
4.7.0-strict:cpu_6:79.938
4.7.0-strict:SKT0_l2hit:0.242
4.7.0-strict:enp4s0f1_rx_bytes:0
4.7.0-strict:cpu_16:8.37
4.7.0-strict:Total_tx_packets_phy:5726114.8
4.7.0-strict:Total_rx_packets_phy:177930.2
4.7.0-strict:enp130s0f0_rx_packets:79707.8
4.7.0-strict:SKT1_ipc:0.28
4.7.0-strict:enp130s0f0_rx_bytes:5260747.6
4.7.0-strict:cpu_26:10.116
4.7.0-strict:enp4s0f1_tx_bytes:0
4.7.0-strict:TOTAL_ipc:0.274
4.7.0-strict:enp4s0f0_rx_packets_phy:0
4.7.0-strict:TOTAL_l2miss:816400000
4.7.0-strict:cycles:183526041980.6
4.7.0-strict:cpu_14:72.77
4.7.0-strict:enp4s0f0_rx_bytes:0
4.7.0-strict:enp130s0f1_tx_packets_phy:2942225
4.7.0-strict:enp130s0f0_rx_packets_phy:79796.8
4.7.0-strict:cpu_8:66.704
4.7.0-strict:Total_tx_bytes_phy:8692232249.2
4.7.0-strict:enp4s0f1_rx_bytes_phy:0
4.7.0-strict:enp4s0f1_rx_packets_phy:0
4.7.0-strict:Memory:27755.882
4.7.0-strict:TOTAL_l3hit:0.192
4.7.0-strict:16384:87380
4.7.0-strict:enp4s0f1_rx_packets:0
4.7.0-strict:enp130s0f1_rx_bytes_phy:6871065.6
4.7.0-strict:enp4s0f0_rx_bytes_phy:0
4.7.0-strict:cpu_27:52.442
4.7.0-strict:TOTAL_l2mpi:0.014
4.7.0-strict:enp130s0f0_tx_bytes_phy:4225938692
4.7.0-strict:Total_tx_packets:128677.2
4.7.0-strict:enp130s0f0_tx_packets_phy:2783889.8
4.7.0-strict:enp4s0f0_rx_packets:0
4.7.0-strict:cpu_2:69.86
4.7.0-strict:cpu_10:64.398
4.7.0-strict:SKT0_ipc:0.268
4.7.0-strict:TOTAL_l3miss:659800000
4.7.0-strict:enp130s0f0_tx_packets:61821.4
4.7.0-strict:SKT1_l2mpi:0.01
4.7.0-strict:LLC-store:741509407.8
4.7.0-strict:enp130s0f1_tx_bytes:4462262240.6
4.7.0-strict:Total_rx_bytes:11744894.6
4.7.0-strict:SKT1_l2miss:432600000
4.7.0-strict:enp4s0f0_tx_packets_phy:0
4.7.0-strict:enp4s0f0_tx_bytes_phy:0
4.7.0-strict:cpu_11:64.208
4.7.0-strict:enp130s0f1_tx_packets:66855.8
4.7.0-strict:SKT0_l3mpi:0.016
4.7.0-strict:enp4s0f0_tx_bytes:0
4.7.0-strict:enp130s0f0_rx_bytes_phy:5585812
4.7.0-strict:SKT1_l3miss:343400000
4.7.0-strict:Total_rx_packets:177926.4
4.7.0-strict:enp4s0f1_tx_bytes_phy:0
4.7.0-strict:cpu_5:83.48
4.7.0-strict:TOTAL_l2hit:0.242
4.7.0-strict:cpu_24:8.76
4.7.0-strict:cpu_15:64.192
4.7.0-strict:enp4s0f1_tx_packets_phy:0
4.7.0-strict:SKT1_l2hit:0.244
4.7.0-strict:SKT1_l3hit:0.206
4.7.0-strict:cpu_18:8.562
4.7.0-strict:SKT0_l3miss:315800000
4.7.0-strict:cpu_12:74.142
4.7.0-strict:cache-references:2078521446
4.7.0-strict:cpu_1:86.954
4.7.0-strict:cpu_13:68.444
4.7.0-strict:enp4s0f0_tx_packets:0
4.7.0-strict:Read:19116.236
4.7.0-strict:enp130s0f1_rx_bytes:6484147
4.7.0-strict:cache-misses:645180386.4
4.7.0-strict:Write:8639.644
4.7.0-strict:cpu_21:60.48
4.7.0-strict:cpu_total:54.794
4.7.0-strict:cpu_20:9.536
4.7.0-strict:enp130s0f1_tx_bytes_phy:4466293557.2
4.7.0-strict:cpu_25:61.328
4.7.0-strict:enp4s0f1_tx_packets:0
4.7.0-strict:SKT1_l3mpi:0.01
4.7.0-strict:instructions:50118349435
4.7.0-strict:Total_tx_bytes:8672102450.6
4.7.0-strict:cpu_23:56.034
4.7.0-strict:cpu_9:54.222
4.7.0-strict:enp130s0f0_tx_bytes:4209840210
4.7.0-strict:cpu_7:71.768
4.7.0-strict:cpu_17:60.404
4.7.0-strict:Total_rx_bytes_phy:12456877.6
4.7.0-strict:cpu_4:55.214
4.7.0-strict:SKT0_l2miss:383000000
4.7.0-strict:LLC-load-misses:214575338.8
4.7.0-unsafe:TOTAL_l3hit:0.158
4.7.0-unsafe:Memory:38960.562
4.7.0-unsafe:16384:87380
4.7.0-unsafe:enp4s0f0_rx_packets_phy:0
4.7.0-unsafe:TOTAL_ipc:0.326
4.7.0-unsafe:enp4s0f1_tx_bytes:0
4.7.0-unsafe:cycles:72305460119.6
4.7.0-unsafe:enp4s0f0_rx_bytes:0
4.7.0-unsafe:cpu_14:15.494
4.7.0-unsafe:TOTAL_l2miss:1073200000
4.7.0-unsafe:enp130s0f0_rx_packets_phy:281487.8
4.7.0-unsafe:enp130s0f1_tx_packets_phy:3199262.6
4.7.0-unsafe:enp4s0f1_rx_packets_phy:0
4.7.0-unsafe:enp4s0f1_rx_bytes_phy:0
4.7.0-unsafe:cpu_8:26.274
4.7.0-unsafe:Total_tx_bytes_phy:12064324820.6
4.7.0-unsafe:enp130s0f0_tx_packets_phy:4748318.4
4.7.0-unsafe:cpu_10:22.942
4.7.0-unsafe:cpu_2:24.314
4.7.0-unsafe:enp4s0f0_rx_packets:0
4.7.0-unsafe:enp4s0f1_rx_packets:0
4.7.0-unsafe:enp130s0f1_rx_bytes_phy:13739407.4
4.7.0-unsafe:enp4s0f0_rx_bytes_phy:0
4.7.0-unsafe:TOTAL_l2mpi:0.048
4.7.0-unsafe:enp130s0f0_tx_bytes_phy:7207853912.6
4.7.0-unsafe:cpu_27:16.668
4.7.0-unsafe:Total_tx_packets:177488.6
4.7.0-unsafe:LLC-load:657537739.8
4.7.0-unsafe:enp130s0f1_rx_packets_phy:196257.8
4.7.0-unsafe:cpu_22:16.276
4.7.0-unsafe:TOTAL_l3mpi:0.04
4.7.0-unsafe:enp130s0f1_rx_packets:196265.4
4.7.0-unsafe:SKT0_l2mpi:0.048
4.7.0-unsafe:cpu_19:16.276
4.7.0-unsafe:cpu_16:13.332
4.7.0-unsafe:enp4s0f1_rx_bytes:0
4.7.0-unsafe:SKT0_l2hit:0.26
4.7.0-unsafe:cpu_6:27.646
4.7.0-unsafe:enp130s0f0_rx_packets:281526.8
4.7.0-unsafe:Total_rx_packets_phy:477745.6
4.7.0-unsafe:Total_tx_packets_phy:7947581
4.7.0-unsafe:SKT1_ipc:0.348
4.7.0-unsafe:enp130s0f0_rx_bytes:18581766.6
4.7.0-unsafe:cpu_26:17.648
4.7.0-unsafe:LLC-store-misses:137269262.8
4.7.0-unsafe:cpu_3:24.706
4.7.0-unsafe:cpu_0:24.902
4.7.0-unsafe:SKT0_l3hit:0.146
4.7.0-unsafe:enp4s0f0_tx_packets:0
4.7.0-unsafe:cpu_13:25.294
4.7.0-unsafe:enp130s0f1_rx_bytes:12954867.2
4.7.0-unsafe:Read:26797.384
4.7.0-unsafe:cache-misses:896171884.8
4.7.0-unsafe:cpu_20:11.374
4.7.0-unsafe:cpu_total:19.636
4.7.0-unsafe:Write:12163.176
4.7.0-unsafe:cpu_21:17.846
4.7.0-unsafe:cpu_15:20.002
4.7.0-unsafe:enp4s0f1_tx_packets_phy:0
4.7.0-unsafe:TOTAL_l2hit:0.268
4.7.0-unsafe:cpu_24:14.706
4.7.0-unsafe:cpu_5:21.372
4.7.0-unsafe:cpu_18:13.92
4.7.0-unsafe:SKT1_l2hit:0.272
4.7.0-unsafe:SKT1_l3hit:0.168
4.7.0-unsafe:cpu_12:16.67
4.7.0-unsafe:SKT0_l3miss:457400000
4.7.0-unsafe:cpu_1:29.412
4.7.0-unsafe:cache-references:2712637029.8
4.7.0-unsafe:cpu_17:19.02
4.7.0-unsafe:enp130s0f0_tx_bytes:7189552886.4
4.7.0-unsafe:cpu_7:20.786
4.7.0-unsafe:cpu_4:20.394
4.7.0-unsafe:Total_rx_bytes_phy:33444628
4.7.0-unsafe:LLC-load-misses:313433081.2
4.7.0-unsafe:SKT0_l2miss:536600000
4.7.0-unsafe:enp4s0f1_tx_packets:0
4.7.0-unsafe:SKT1_l3mpi:0.032
4.7.0-unsafe:instructions:22739923226.4
4.7.0-unsafe:cpu_25:13.722
4.7.0-unsafe:enp130s0f1_tx_bytes_phy:4856470908
4.7.0-unsafe:Total_tx_bytes:12032716375
4.7.0-unsafe:cpu_23:20.198
4.7.0-unsafe:cpu_9:17.452
4.7.0-unsafe:Total_rx_bytes:31536633.8
4.7.0-unsafe:SKT1_l2miss:536000000
4.7.0-unsafe:enp4s0f0_tx_packets_phy:0
4.7.0-unsafe:SKT0_ipc:0.3
4.7.0-unsafe:TOTAL_l3miss:904600000
4.7.0-unsafe:enp130s0f0_tx_packets:106016.4
4.7.0-unsafe:LLC-store:969493726.8
4.7.0-unsafe:SKT1_l2mpi:0.04
4.7.0-unsafe:enp130s0f1_tx_bytes:4843163488.6
4.7.0-unsafe:enp4s0f0_tx_bytes:0
4.7.0-unsafe:SKT1_l3miss:446200000
4.7.0-unsafe:enp130s0f0_rx_bytes_phy:19705220.6
4.7.0-unsafe:Total_rx_packets:477792.2
4.7.0-unsafe:enp4s0f1_tx_bytes_phy:0
4.7.0-unsafe:enp4s0f0_tx_bytes_phy:0
4.7.0-unsafe:cpu_11:22.55
4.7.0-unsafe:SKT0_l3mpi:0.044
4.7.0-unsafe:enp130s0f1_tx_packets:71472.2
4.8.0-unsafe:TOTAL_l2mpi:0.04
4.8.0-unsafe:enp130s0f0_tx_bytes_phy:7061770373
4.8.0-unsafe:cpu_27:17.088
4.8.0-unsafe:Total_tx_packets:173417.6
4.8.0-unsafe:enp4s0f1_rx_packets:0
4.8.0-unsafe:enp4s0f0_rx_bytes_phy:0
4.8.0-unsafe:enp130s0f1_rx_bytes_phy:12683230.8
4.8.0-unsafe:cpu_10:20.032
4.8.0-unsafe:cpu_2:27.89
4.8.0-unsafe:enp4s0f0_rx_packets:0
4.8.0-unsafe:enp130s0f0_tx_packets_phy:4652039
4.8.0-unsafe:enp130s0f0_rx_packets_phy:269862
4.8.0-unsafe:enp130s0f1_tx_packets_phy:3127006.2
4.8.0-unsafe:enp4s0f1_rx_bytes_phy:0
4.8.0-unsafe:enp4s0f1_rx_packets_phy:0
4.8.0-unsafe:cpu_8:16.31
4.8.0-unsafe:Total_tx_bytes_phy:11808560725.8
4.8.0-unsafe:enp4s0f0_rx_packets_phy:0
4.8.0-unsafe:enp4s0f1_tx_bytes:0
4.8.0-unsafe:TOTAL_ipc:0.334
4.8.0-unsafe:enp4s0f0_rx_bytes:0
4.8.0-unsafe:cycles:71798798191.6
4.8.0-unsafe:cpu_14:17.478
4.8.0-unsafe:TOTAL_l2miss:1041600000
4.8.0-unsafe:16384:87380
4.8.0-unsafe:Memory:38341.812
4.8.0-unsafe:TOTAL_l3hit:0.16
4.8.0-unsafe:cpu_3:26.314
4.8.0-unsafe:cpu_0:24.978
4.8.0-unsafe:SKT0_l3hit:0.142
4.8.0-unsafe:LLC-store-misses:132161137.6
4.8.0-unsafe:SKT1_ipc:0.4
4.8.0-unsafe:enp130s0f0_rx_bytes:17815836
4.8.0-unsafe:cpu_26:12.774
4.8.0-unsafe:enp4s0f1_rx_bytes:0
4.8.0-unsafe:cpu_16:15.712
4.8.0-unsafe:cpu_6:20.04
4.8.0-unsafe:SKT0_l2hit:0.242
4.8.0-unsafe:enp130s0f0_rx_packets:269908
4.8.0-unsafe:Total_rx_packets_phy:451044.8
4.8.0-unsafe:Total_tx_packets_phy:7779045.2
4.8.0-unsafe:cpu_19:20.636
4.8.0-unsafe:enp130s0f1_rx_packets:181165.4
4.8.0-unsafe:SKT0_l2mpi:0.072
4.8.0-unsafe:cpu_22:11.588
4.8.0-unsafe:TOTAL_l3mpi:0.036
4.8.0-unsafe:LLC-load:645216467.6
4.8.0-unsafe:enp130s0f1_rx_packets_phy:181182.8
4.8.0-unsafe:cpu_23:22.784
4.8.0-unsafe:cpu_9:16.89
4.8.0-unsafe:enp4s0f1_tx_packets:0
4.8.0-unsafe:SKT1_l3mpi:0.024
4.8.0-unsafe:instructions:23186986383.2
4.8.0-unsafe:enp130s0f1_tx_bytes_phy:4746790352.8
4.8.0-unsafe:cpu_25:22.58
4.8.0-unsafe:Total_tx_bytes:11778550835.8
4.8.0-unsafe:LLC-load-misses:300899807.6
4.8.0-unsafe:SKT0_l2miss:522400000
4.8.0-unsafe:enp130s0f0_tx_bytes:7043853161.2
4.8.0-unsafe:cpu_7:23.77
4.8.0-unsafe:cpu_17:16.898
4.8.0-unsafe:cpu_4:20.84
4.8.0-unsafe:Total_rx_bytes_phy:31575467.2
4.8.0-unsafe:SKT0_l3miss:448000000
4.8.0-unsafe:cpu_12:19.828
4.8.0-unsafe:cache-references:2667458113.4
4.8.0-unsafe:cpu_1:24.952
4.8.0-unsafe:enp4s0f1_tx_packets_phy:0
4.8.0-unsafe:cpu_15:21.014
4.8.0-unsafe:cpu_5:23.594
4.8.0-unsafe:TOTAL_l2hit:0.268
4.8.0-unsafe:cpu_24:13.94
4.8.0-unsafe:cpu_18:11.972
4.8.0-unsafe:SKT1_l2hit:0.292
4.8.0-unsafe:SKT1_l3hit:0.18
4.8.0-unsafe:cpu_total:19.45
4.8.0-unsafe:cpu_20:12.188
4.8.0-unsafe:cpu_21:19.064
4.8.0-unsafe:Write:12025.592
4.8.0-unsafe:enp4s0f0_tx_packets:0
4.8.0-unsafe:cpu_13:23.962
4.8.0-unsafe:enp130s0f1_rx_bytes:11957347.8
4.8.0-unsafe:Read:26316.222
4.8.0-unsafe:cache-misses:871363606.2
4.8.0-unsafe:SKT0_l3mpi:0.062
4.8.0-unsafe:enp130s0f1_tx_packets:69550.2
4.8.0-unsafe:enp4s0f0_tx_bytes_phy:0
4.8.0-unsafe:cpu_11:18.458
4.8.0-unsafe:enp130s0f0_rx_bytes_phy:18892236.4
4.8.0-unsafe:SKT1_l3miss:424600000
4.8.0-unsafe:Total_rx_packets:451073.4
4.8.0-unsafe:enp4s0f1_tx_bytes_phy:0
4.8.0-unsafe:enp4s0f0_tx_bytes:0
4.8.0-unsafe:LLC-store:954176216.6
4.8.0-unsafe:SKT1_l2mpi:0.034
4.8.0-unsafe:enp130s0f1_tx_bytes:4734697674.6
4.8.0-unsafe:TOTAL_l3miss:873400000
4.8.0-unsafe:SKT0_ipc:0.248
4.8.0-unsafe:enp130s0f0_tx_packets:103867.4
4.8.0-unsafe:SKT1_l2miss:518600000
4.8.0-unsafe:enp4s0f0_tx_packets_phy:0
4.8.0-unsafe:Total_rx_bytes:29773183.8
