4.7.0-copy-plus-strict:enp130s0f1_rx_packets:174257.2
4.7.0-copy-plus-strict:enp130s0f0_tx_packets_phy:763496.2
4.7.0-copy-plus-strict:enp130s0f0_rx_bytes:16399220.4
4.7.0-copy-plus-strict:enp4s0f0_tx_queue_stopped:0
4.7.0-copy-plus-strict:Total_rx_packets:419972.2
4.7.0-copy-plus-strict:SKT0_l2hit:0.238
4.7.0-copy-plus-strict:cpu_13:32.466
4.7.0-copy-plus-strict:enp130s0f1_rx_bytes_phy:12409015.8
4.7.0-copy-plus-strict:enp4s0f0_rx_packets:0
4.7.0-copy-plus-strict:enp4s0f0_tx_bytes_phy:0
4.7.0-copy-plus-strict:enp130s0f1_tx_packets_phy:524241.4
4.7.0-copy-plus-strict:enp130s0f1_rx_packets_phy:174244.4
4.7.0-copy-plus-strict:enp130s0f0_tx_bytes:6881803835.4
4.7.0-copy-plus-strict:enp4s0f1_tx_queue_stopped:0
4.7.0-copy-plus-strict:enp4s0f1_tx_packets_phy:0
4.7.0-copy-plus-strict:cpu_18:12.508
4.7.0-copy-plus-strict:enp4s0f1_tx_packets:0
4.7.0-copy-plus-strict:enp130s0f1_rx_bytes:11712911.6
4.7.0-copy-plus-strict:enp130s0f1_tx_bytes_phy:4727615432.8
4.7.0-copy-plus-strict:enp4s0f1_rx_bytes_phy:0
4.7.0-copy-plus-strict:cpu_6:31.32
4.7.0-copy-plus-strict:cpu_0:64.844
4.7.0-copy-plus-strict:Total_tx_packets_phy:1287737.6
4.7.0-copy-plus-strict:TOTAL_l3miss:1639600000
4.7.0-copy-plus-strict:cpu_19:22.486
4.7.0-copy-plus-strict:Total_tx_bytes:11607592963
4.7.0-copy-plus-strict:enp130s0f0_rx_packets_phy:245727.6
4.7.0-copy-plus-strict:enp130s0f0_tx_bytes_phy:6885216987
4.7.0-copy-plus-strict:cpu_7:34.23
4.7.0-copy-plus-strict:enp4s0f0_tx_bytes:0
4.7.0-copy-plus-strict:TOTAL_l2miss:2015000000
4.7.0-copy-plus-strict:TOTAL_ipc:0.222
4.7.0-copy-plus-strict:enp4s0f0_rx_bytes:0
4.7.0-copy-plus-strict:SKT1_l3miss:875400000
4.7.0-copy-plus-strict:enp4s0f0_rx_packets_phy:0
4.7.0-copy-plus-strict:cpu_22:11.338
4.7.0-copy-plus-strict:SKT0_l2miss:931800000
4.7.0-copy-plus-strict:enp4s0f0_tx_packets_phy:0
4.7.0-copy-plus-strict:SKT0_l3miss:763800000
4.7.0-copy-plus-strict:Total_rx_bytes:28112132
4.7.0-copy-plus-strict:enp130s0f1_tx_bytes:4725789127.6
4.7.0-copy-plus-strict:cpu_21:25.23
4.7.0-copy-plus-strict:enp4s0f1_rx_packets_phy:0
4.7.0-copy-plus-strict:enp130s0f0_rx_packets:245715
4.7.0-copy-plus-strict:Memory:49952.392
4.7.0-copy-plus-strict:enp4s0f1_tx_bytes:0
4.7.0-copy-plus-strict:SKT1_l2hit:0.254
4.7.0-copy-plus-strict:TOTAL_l2hit:0.25
4.7.0-copy-plus-strict:cpu_total:31.406
4.7.0-copy-plus-strict:cpu_23:23.67
4.7.0-copy-plus-strict:SKT0_l3hit:0.18
4.7.0-copy-plus-strict:SKT1_ipc:0.232
4.7.0-copy-plus-strict:cpu_26:13.516
4.7.0-copy-plus-strict:SKT0_ipc:0.214
4.7.0-copy-plus-strict:enp4s0f0_rx_bytes_phy:0
4.7.0-copy-plus-strict:cpu_5:46.15
4.7.0-copy-plus-strict:cpu_16:10.376
4.7.0-copy-plus-strict:cpu_17:25.256
4.7.0-copy-plus-strict:cpu_9:34.44
4.7.0-copy-plus-strict:Total_tx_bytes_phy:11612832419.8
4.7.0-copy-plus-strict:cpu_4:56.016
4.7.0-copy-plus-strict:SKT1_l2mpi:0.078
4.7.0-copy-plus-strict:cpu_8:36.808
4.7.0-copy-plus-strict:cpu_10:24.836
4.7.0-copy-plus-strict:SKT1_l3mpi:0.062
4.7.0-copy-plus-strict:Total_rx_bytes_phy:29792059.4
4.7.0-copy-plus-strict:enp130s0f1_tx_queue_stopped:0
4.7.0-copy-plus-strict:SKT0_l3mpi:0.068
4.7.0-copy-plus-strict:TOTAL_l2mpi:0.08
4.7.0-copy-plus-strict:enp130s0f0_tx_packets:109064.6
4.7.0-copy-plus-strict:cpu_1:56.178
4.7.0-copy-plus-strict:16384:87380
4.7.0-copy-plus-strict:TOTAL_l3hit:0.188
4.7.0-copy-plus-strict:cpu_20:15.272
4.7.0-copy-plus-strict:Total_tx_queue_stopped:0
4.7.0-copy-plus-strict:enp4s0f0_tx_packets:0
4.7.0-copy-plus-strict:Write:16458.77
4.7.0-copy-plus-strict:cpu_12:33.464
4.7.0-copy-plus-strict:cpu_11:31.722
4.7.0-copy-plus-strict:cpu_25:21.122
4.7.0-copy-plus-strict:cpu_27:30.332
4.7.0-copy-plus-strict:Read:33493.624
4.7.0-copy-plus-strict:cpu_15:33.624
4.7.0-copy-plus-strict:SKT1_l2miss:1083000000
4.7.0-copy-plus-strict:SKT1_l3hit:0.192
4.7.0-copy-plus-strict:enp4s0f1_rx_bytes:0
4.7.0-copy-plus-strict:Total_rx_packets_phy:419972
4.7.0-copy-plus-strict:cpu_14:39.344
4.7.0-copy-plus-strict:cpu_24:13.904
4.7.0-copy-plus-strict:enp4s0f1_rx_packets:0
4.7.0-copy-plus-strict:cpu_3:45.582
4.7.0-copy-plus-strict:Total_tx_packets:183960
4.7.0-copy-plus-strict:SKT0_l2mpi:0.088
4.7.0-copy-plus-strict:enp4s0f1_tx_bytes_phy:0
4.7.0-copy-plus-strict:cpu_2:54.37
4.7.0-copy-plus-strict:enp130s0f0_rx_bytes_phy:17383043.6
4.7.0-copy-plus-strict:TOTAL_l3mpi:0.07
4.7.0-copy-plus-strict:enp130s0f1_tx_packets:74895.4
4.7.0-copy-plus-strict:enp130s0f0_tx_queue_stopped:0
4.7.0-damn-strict:Memory:38113.866
4.7.0-damn-strict:enp4s0f1_tx_bytes:0
4.7.0-damn-strict:SKT1_l2hit:0.268
4.7.0-damn-strict:TOTAL_l2hit:0.266
4.7.0-damn-strict:SKT0_l2miss:424800000
4.7.0-damn-strict:enp4s0f0_tx_packets_phy:0
4.7.0-damn-strict:SKT0_l3miss:361600000
4.7.0-damn-strict:Total_rx_bytes:28930933.8
4.7.0-damn-strict:enp130s0f1_tx_bytes:4753568039.6
4.7.0-damn-strict:enp4s0f1_rx_packets_phy:0
4.7.0-damn-strict:cpu_21:19.02
4.7.0-damn-strict:enp130s0f0_rx_packets:254757.6
4.7.0-damn-strict:cpu_17:13.336
4.7.0-damn-strict:cpu_9:19.414
4.7.0-damn-strict:Total_tx_bytes_phy:11973119593.6
4.7.0-damn-strict:SKT1_l2mpi:0.046
4.7.0-damn-strict:cpu_4:29.608
4.7.0-damn-strict:cpu_8:22.55
4.7.0-damn-strict:cpu_10:19.61
4.7.0-damn-strict:SKT1_l3mpi:0.038
4.7.0-damn-strict:Total_rx_bytes_phy:30658403.4
4.7.0-damn-strict:cpu_total:19.432
4.7.0-damn-strict:cpu_23:20.59
4.7.0-damn-strict:SKT0_l3hit:0.148
4.7.0-damn-strict:SKT1_ipc:0.294
4.7.0-damn-strict:cpu_26:12.742
4.7.0-damn-strict:SKT0_ipc:0.276
4.7.0-damn-strict:enp4s0f0_rx_bytes_phy:0
4.7.0-damn-strict:cpu_16:9.41
4.7.0-damn-strict:cpu_5:24.312
4.7.0-damn-strict:enp4s0f0_tx_packets:0
4.7.0-damn-strict:Write:12499.096
4.7.0-damn-strict:cpu_12:24.706
4.7.0-damn-strict:cpu_11:20.784
4.7.0-damn-strict:enp130s0f1_tx_queue_stopped:0
4.7.0-damn-strict:SKT0_l3mpi:0.042
4.7.0-damn-strict:TOTAL_l2mpi:0.05
4.7.0-damn-strict:enp130s0f0_tx_packets:114346.8
4.7.0-damn-strict:cpu_1:22.942
4.7.0-damn-strict:cpu_20:12.156
4.7.0-damn-strict:TOTAL_l3hit:0.158
4.7.0-damn-strict:16384:87380
4.7.0-damn-strict:Total_tx_queue_stopped:0
4.7.0-damn-strict:Total_rx_packets_phy:431733.2
4.7.0-damn-strict:cpu_14:15.884
4.7.0-damn-strict:enp4s0f1_rx_packets:0
4.7.0-damn-strict:cpu_3:24.314
4.7.0-damn-strict:cpu_24:13.528
4.7.0-damn-strict:Total_tx_packets:189685.2
4.7.0-damn-strict:SKT0_l2mpi:0.05
4.7.0-damn-strict:cpu_2:24.902
4.7.0-damn-strict:enp4s0f1_tx_bytes_phy:0
4.7.0-damn-strict:TOTAL_l3mpi:0.04
4.7.0-damn-strict:enp130s0f1_tx_packets:75338.4
4.7.0-damn-strict:enp130s0f0_tx_queue_stopped:0
4.7.0-damn-strict:enp130s0f0_rx_bytes_phy:18061895.2
4.7.0-damn-strict:cpu_25:18.432
4.7.0-damn-strict:cpu_27:21.57
4.7.0-damn-strict:Read:25614.766
4.7.0-damn-strict:cpu_15:20.786
4.7.0-damn-strict:SKT1_l2miss:503200000
4.7.0-damn-strict:enp4s0f1_rx_bytes:0
4.7.0-damn-strict:SKT1_l3hit:0.166
4.7.0-damn-strict:cpu_13:20.394
4.7.0-damn-strict:enp130s0f1_rx_bytes_phy:12596508.2
4.7.0-damn-strict:enp130s0f1_rx_packets:176965.8
4.7.0-damn-strict:enp130s0f0_tx_packets_phy:800348.6
4.7.0-damn-strict:enp130s0f0_rx_bytes:17042708.4
4.7.0-damn-strict:enp4s0f0_tx_queue_stopped:0
4.7.0-damn-strict:Total_rx_packets:431723.4
4.7.0-damn-strict:SKT0_l2hit:0.264
4.7.0-damn-strict:enp130s0f1_rx_bytes:11888225.4
4.7.0-damn-strict:enp4s0f1_rx_bytes_phy:0
4.7.0-damn-strict:enp130s0f1_tx_bytes_phy:4755571426.8
4.7.0-damn-strict:cpu_6:25.686
4.7.0-damn-strict:cpu_0:24.314
4.7.0-damn-strict:enp4s0f0_rx_packets:0
4.7.0-damn-strict:enp4s0f0_tx_bytes_phy:0
4.7.0-damn-strict:enp130s0f1_tx_packets_phy:527341.6
4.7.0-damn-strict:enp130s0f1_rx_packets_phy:176972.8
4.7.0-damn-strict:enp130s0f0_tx_bytes:7214407829.4
4.7.0-damn-strict:enp4s0f1_tx_queue_stopped:0
4.7.0-damn-strict:enp4s0f1_tx_packets_phy:0
4.7.0-damn-strict:enp4s0f1_tx_packets:0
4.7.0-damn-strict:cpu_18:13.53
4.7.0-damn-strict:enp130s0f0_rx_packets_phy:254760.4
4.7.0-damn-strict:enp130s0f0_tx_bytes_phy:7217548166.8
4.7.0-damn-strict:cpu_7:21.962
4.7.0-damn-strict:Total_tx_packets_phy:1327690.2
4.7.0-damn-strict:TOTAL_l3miss:781200000
4.7.0-damn-strict:cpu_19:18.628
4.7.0-damn-strict:Total_tx_bytes:11967975869
4.7.0-damn-strict:SKT1_l3miss:419200000
4.7.0-damn-strict:enp4s0f0_rx_packets_phy:0
4.7.0-damn-strict:cpu_22:9.41
4.7.0-damn-strict:TOTAL_l2miss:928600000
4.7.0-damn-strict:enp4s0f0_tx_bytes:0
4.7.0-damn-strict:TOTAL_ipc:0.284
4.7.0-damn-strict:enp4s0f0_rx_bytes:0
4.7.0-damn-unsafe:enp130s0f1_rx_bytes_phy:12465737
4.7.0-damn-unsafe:cpu_13:25.882
4.7.0-damn-unsafe:SKT0_l2hit:0.254
4.7.0-damn-unsafe:Total_rx_packets:432228.4
4.7.0-damn-unsafe:enp4s0f0_tx_queue_stopped:0
4.7.0-damn-unsafe:enp130s0f0_rx_bytes:17172503.4
4.7.0-damn-unsafe:enp130s0f1_rx_packets:175110.2
4.7.0-damn-unsafe:enp130s0f0_tx_packets_phy:786003.8
4.7.0-damn-unsafe:cpu_0:25.882
4.7.0-damn-unsafe:cpu_6:26.664
4.7.0-damn-unsafe:enp4s0f1_rx_bytes_phy:0
4.7.0-damn-unsafe:enp130s0f1_tx_bytes_phy:4656955456.2
4.7.0-damn-unsafe:enp130s0f1_rx_bytes:11761998.4
4.7.0-damn-unsafe:enp4s0f1_tx_packets:0
4.7.0-damn-unsafe:cpu_18:16.864
4.7.0-damn-unsafe:enp4s0f1_tx_packets_phy:0
4.7.0-damn-unsafe:enp4s0f1_tx_queue_stopped:0
4.7.0-damn-unsafe:enp130s0f0_tx_bytes:7085288614.4
4.7.0-damn-unsafe:enp130s0f1_tx_packets_phy:516406.4
4.7.0-damn-unsafe:enp130s0f1_rx_packets_phy:175155.2
4.7.0-damn-unsafe:enp4s0f0_rx_packets:0
4.7.0-damn-unsafe:enp4s0f0_tx_bytes_phy:0
4.7.0-damn-unsafe:cpu_7:20
4.7.0-damn-unsafe:enp130s0f0_tx_bytes_phy:7088159924.2
4.7.0-damn-unsafe:enp130s0f0_rx_packets_phy:257148.8
4.7.0-damn-unsafe:cpu_19:19.412
4.7.0-damn-unsafe:Total_tx_bytes:11740712740.6
4.7.0-damn-unsafe:TOTAL_l3miss:758600000
4.7.0-damn-unsafe:Total_tx_packets_phy:1302410.2
4.7.0-damn-unsafe:cpu_22:9.214
4.7.0-damn-unsafe:enp4s0f0_rx_packets_phy:0
4.7.0-damn-unsafe:SKT1_l3miss:380800000
4.7.0-damn-unsafe:enp4s0f0_rx_bytes:0
4.7.0-damn-unsafe:TOTAL_ipc:0.288
4.7.0-damn-unsafe:enp4s0f0_tx_bytes:0
4.7.0-damn-unsafe:TOTAL_l2miss:905800000
4.7.0-damn-unsafe:TOTAL_l2hit:0.272
4.7.0-damn-unsafe:SKT1_l2hit:0.284
4.7.0-damn-unsafe:enp4s0f1_tx_bytes:0
4.7.0-damn-unsafe:Memory:36788.474
4.7.0-damn-unsafe:enp130s0f0_rx_packets:257118.2
4.7.0-damn-unsafe:cpu_21:19.806
4.7.0-damn-unsafe:enp4s0f1_rx_packets_phy:0
4.7.0-damn-unsafe:enp130s0f1_tx_bytes:4655424126.2
4.7.0-damn-unsafe:SKT0_l3miss:377800000
4.7.0-damn-unsafe:Total_rx_bytes:28934501.8
4.7.0-damn-unsafe:enp4s0f0_tx_packets_phy:0
4.7.0-damn-unsafe:SKT0_l2miss:441000000
4.7.0-damn-unsafe:Total_rx_bytes_phy:30668787.8
4.7.0-damn-unsafe:cpu_10:23.53
4.7.0-damn-unsafe:SKT1_l3mpi:0.028
4.7.0-damn-unsafe:SKT1_l2mpi:0.034
4.7.0-damn-unsafe:cpu_4:21.178
4.7.0-damn-unsafe:cpu_8:20.59
4.7.0-damn-unsafe:Total_tx_bytes_phy:11745115380.4
4.7.0-damn-unsafe:cpu_9:20.784
4.7.0-damn-unsafe:cpu_17:20.982
4.7.0-damn-unsafe:cpu_16:15.296
4.7.0-damn-unsafe:cpu_5:17.454
4.7.0-damn-unsafe:enp4s0f0_rx_bytes_phy:0
4.7.0-damn-unsafe:SKT0_ipc:0.208
4.7.0-damn-unsafe:SKT1_ipc:0.35
4.7.0-damn-unsafe:cpu_26:11.568
4.7.0-damn-unsafe:SKT0_l3hit:0.142
4.7.0-damn-unsafe:cpu_23:17.844
4.7.0-damn-unsafe:cpu_total:19.314
4.7.0-damn-unsafe:cpu_11:17.846
4.7.0-damn-unsafe:cpu_12:14.118
4.7.0-damn-unsafe:Write:12282.046
4.7.0-damn-unsafe:enp4s0f0_tx_packets:0
4.7.0-damn-unsafe:Total_tx_queue_stopped:0
4.7.0-damn-unsafe:16384:87380
4.7.0-damn-unsafe:TOTAL_l3hit:0.16
4.7.0-damn-unsafe:cpu_20:13.922
4.7.0-damn-unsafe:TOTAL_l2mpi:0.046
4.7.0-damn-unsafe:SKT0_l3mpi:0.06
4.7.0-damn-unsafe:enp130s0f0_tx_packets:112289.6
4.7.0-damn-unsafe:cpu_1:26.274
4.7.0-damn-unsafe:enp130s0f1_tx_queue_stopped:0
4.7.0-damn-unsafe:enp130s0f0_tx_queue_stopped:0
4.7.0-damn-unsafe:TOTAL_l3mpi:0.04
4.7.0-damn-unsafe:enp130s0f1_tx_packets:73780.4
4.7.0-damn-unsafe:enp130s0f0_rx_bytes_phy:18203050.8
4.7.0-damn-unsafe:SKT0_l2mpi:0.07
4.7.0-damn-unsafe:cpu_2:20.392
4.7.0-damn-unsafe:enp4s0f1_tx_bytes_phy:0
4.7.0-damn-unsafe:Total_tx_packets:186070
4.7.0-damn-unsafe:cpu_24:14.51
4.7.0-damn-unsafe:enp4s0f1_rx_packets:0
4.7.0-damn-unsafe:cpu_3:23.922
4.7.0-damn-unsafe:cpu_14:12.744
4.7.0-damn-unsafe:Total_rx_packets_phy:432304
4.7.0-damn-unsafe:SKT1_l3hit:0.18
4.7.0-damn-unsafe:enp4s0f1_rx_bytes:0
4.7.0-damn-unsafe:SKT1_l2miss:464200000
4.7.0-damn-unsafe:Read:24506.428
4.7.0-damn-unsafe:cpu_15:18.63
4.7.0-damn-unsafe:cpu_27:23.724
4.7.0-damn-unsafe:cpu_25:21.178
4.7.0-deff:cpu_23:20.98
4.7.0-deff:cpu_total:22.456
4.7.0-deff:SKT0_ipc:0.34
4.7.0-deff:SKT1_ipc:0.416
4.7.0-deff:cpu_26:14.118
4.7.0-deff:SKT0_l3hit:0.14
4.7.0-deff:enp4s0f0_rx_bytes_phy:0
4.7.0-deff:cpu_5:23.922
4.7.0-deff:cpu_16:18.434
4.7.0-deff:cpu_17:24.508
4.7.0-deff:cpu_9:28.038
4.7.0-deff:cpu_8:31.178
4.7.0-deff:SKT1_l2mpi:0.032
4.7.0-deff:cpu_4:30.782
4.7.0-deff:Total_tx_bytes_phy:11786503010.4
4.7.0-deff:Total_rx_bytes_phy:30610070.6
4.7.0-deff:cpu_10:33.92
4.7.0-deff:SKT1_l3mpi:0.024
4.7.0-deff:SKT0_l3miss:483000000
4.7.0-deff:Total_rx_bytes:28884871.4
4.7.0-deff:enp130s0f1_tx_bytes:4695598804
4.7.0-deff:SKT0_l2miss:561600000
4.7.0-deff:enp4s0f0_tx_packets_phy:0
4.7.0-deff:enp4s0f1_rx_packets_phy:0
4.7.0-deff:cpu_21:19.804
4.7.0-deff:enp130s0f0_rx_packets:261107.8
4.7.0-deff:Memory:40325.932
4.7.0-deff:SKT1_l2hit:0.272
4.7.0-deff:enp4s0f1_tx_bytes:0
4.7.0-deff:TOTAL_l2hit:0.258
4.7.0-deff:cpu_25:22.942
4.7.0-deff:cpu_27:18.824
4.7.0-deff:cpu_15:18.238
4.7.0-deff:Read:27766.062
4.7.0-deff:SKT1_l3hit:0.168
4.7.0-deff:enp4s0f1_rx_bytes:0
4.7.0-deff:SKT1_l2miss:546600000
4.7.0-deff:cpu_14:16.866
4.7.0-deff:Total_rx_packets_phy:431605.8
4.7.0-deff:Total_tx_packets:186714
4.7.0-deff:cpu_3:25.688
4.7.0-deff:enp4s0f1_rx_packets:0
4.7.0-deff:cpu_24:13.138
4.7.0-deff:enp4s0f1_tx_bytes_phy:0
4.7.0-deff:SKT0_l2mpi:0.046
4.7.0-deff:cpu_2:23.334
4.7.0-deff:enp130s0f0_tx_queue_stopped:0
4.7.0-deff:TOTAL_l3mpi:0.03
4.7.0-deff:enp130s0f1_tx_packets:74417
4.7.0-deff:enp130s0f0_rx_bytes_phy:18494622.4
4.7.0-deff:enp130s0f1_tx_queue_stopped:0
4.7.0-deff:cpu_20:11.762
4.7.0-deff:TOTAL_l3hit:0.154
4.7.0-deff:16384:87380
4.7.0-deff:SKT0_l3mpi:0.036
4.7.0-deff:TOTAL_l2mpi:0.04
4.7.0-deff:cpu_1:28.236
4.7.0-deff:enp130s0f0_tx_packets:112297
4.7.0-deff:Total_tx_queue_stopped:0
4.7.0-deff:enp4s0f0_tx_packets:0
4.7.0-deff:cpu_12:30.586
4.7.0-deff:Write:12559.872
4.7.0-deff:cpu_11:27.842
4.7.0-deff:enp130s0f1_rx_packets_phy:170500.6
4.7.0-deff:enp130s0f1_tx_packets_phy:520933.2
4.7.0-deff:enp4s0f0_rx_packets:0
4.7.0-deff:enp4s0f0_tx_bytes_phy:0
4.7.0-deff:enp130s0f0_tx_bytes:7085564551.4
4.7.0-deff:enp4s0f1_tx_queue_stopped:0
4.7.0-deff:cpu_18:13.138
4.7.0-deff:enp4s0f1_tx_packets:0
4.7.0-deff:enp4s0f1_tx_packets_phy:0
4.7.0-deff:enp4s0f1_rx_bytes_phy:0
4.7.0-deff:enp130s0f1_tx_bytes_phy:4697787784.4
4.7.0-deff:enp130s0f1_rx_bytes:11434505.4
4.7.0-deff:cpu_6:21.57
4.7.0-deff:cpu_0:31.566
4.7.0-deff:enp130s0f0_tx_packets_phy:786062.6
4.7.0-deff:enp130s0f1_rx_packets:170515.4
4.7.0-deff:enp130s0f0_rx_bytes:17450366
4.7.0-deff:enp4s0f0_tx_queue_stopped:0
4.7.0-deff:SKT0_l2hit:0.242
4.7.0-deff:Total_rx_packets:431623.2
4.7.0-deff:cpu_13:24.706
4.7.0-deff:enp130s0f1_rx_bytes_phy:12115448.2
4.7.0-deff:enp4s0f0_tx_bytes:0
4.7.0-deff:TOTAL_l2miss:1108600000
4.7.0-deff:TOTAL_ipc:0.382
4.7.0-deff:enp4s0f0_rx_bytes:0
4.7.0-deff:SKT1_l3miss:455000000
4.7.0-deff:enp4s0f0_rx_packets_phy:0
4.7.0-deff:cpu_22:12.548
4.7.0-deff:TOTAL_l3miss:938800000
4.7.0-deff:Total_tx_packets_phy:1306995.8
4.7.0-deff:Total_tx_bytes:11781163355.4
4.7.0-deff:cpu_19:14.904
4.7.0-deff:enp130s0f0_rx_packets_phy:261105.2
4.7.0-deff:enp130s0f0_tx_bytes_phy:7088715226
4.7.0-deff:cpu_7:27.45
4.7.0-strict:enp4s0f0_tx_bytes:0
4.7.0-strict:TOTAL_l2miss:761800000
4.7.0-strict:TOTAL_ipc:0.276
4.7.0-strict:enp4s0f0_rx_bytes:0
4.7.0-strict:SKT1_l3miss:325400000
4.7.0-strict:enp4s0f0_rx_packets_phy:0
4.7.0-strict:cpu_22:9.37
4.7.0-strict:Total_tx_packets_phy:878915.8
4.7.0-strict:TOTAL_l3miss:629000000
4.7.0-strict:cpu_19:46.808
4.7.0-strict:Total_tx_bytes:7913646771.2
4.7.0-strict:enp130s0f0_rx_packets_phy:68521.6
4.7.0-strict:enp130s0f0_tx_bytes_phy:3774990047.4
4.7.0-strict:cpu_7:81.72
4.7.0-strict:enp4s0f0_tx_bytes_phy:0
4.7.0-strict:enp4s0f0_rx_packets:0
4.7.0-strict:enp130s0f1_tx_packets_phy:460304.4
4.7.0-strict:enp130s0f1_rx_packets_phy:108971
4.7.0-strict:enp130s0f0_tx_bytes:3768334583.2
4.7.0-strict:enp4s0f1_tx_queue_stopped:0
4.7.0-strict:enp4s0f1_tx_packets_phy:0
4.7.0-strict:enp4s0f1_tx_packets:0
4.7.0-strict:cpu_18:9.182
4.7.0-strict:enp130s0f1_rx_bytes:7289625
4.7.0-strict:enp130s0f1_tx_bytes_phy:4150945946.8
4.7.0-strict:enp4s0f1_rx_bytes_phy:0
4.7.0-strict:cpu_6:66.966
4.7.0-strict:cpu_0:93.508
4.7.0-strict:enp130s0f0_tx_packets_phy:418611.4
4.7.0-strict:enp130s0f1_rx_packets:108620
4.7.0-strict:enp130s0f0_rx_bytes:4579121
4.7.0-strict:enp4s0f0_tx_queue_stopped:0
4.7.0-strict:Total_rx_packets:176933.2
4.7.0-strict:SKT0_l2hit:0.222
4.7.0-strict:cpu_13:74.372
4.7.0-strict:enp130s0f1_rx_bytes_phy:7749257.8
4.7.0-strict:cpu_25:46.852
4.7.0-strict:cpu_27:69.828
4.7.0-strict:Read:17702.64
4.7.0-strict:cpu_15:55.048
4.7.0-strict:SKT1_l2miss:400200000
4.7.0-strict:enp4s0f1_rx_bytes:0
4.7.0-strict:SKT1_l3hit:0.188
4.7.0-strict:Total_rx_packets_phy:177492.6
4.7.0-strict:cpu_14:77.058
4.7.0-strict:enp4s0f1_rx_packets:0
4.7.0-strict:cpu_3:75.696
4.7.0-strict:cpu_24:8.974
4.7.0-strict:Total_tx_packets:125634
4.7.0-strict:cpu_2:89.256
4.7.0-strict:SKT0_l2mpi:0.02
4.7.0-strict:enp4s0f1_tx_bytes_phy:0
4.7.0-strict:enp130s0f0_rx_bytes_phy:4867148.2
4.7.0-strict:TOTAL_l3mpi:0.01
4.7.0-strict:enp130s0f1_tx_packets:65853.6
4.7.0-strict:enp130s0f0_tx_queue_stopped:124.6
4.7.0-strict:enp130s0f1_tx_queue_stopped:120
4.7.0-strict:cpu_1:79.984
4.7.0-strict:TOTAL_l2mpi:0.014
4.7.0-strict:SKT0_l3mpi:0.012
4.7.0-strict:enp130s0f0_tx_packets:59780.4
4.7.0-strict:TOTAL_l3hit:0.174
4.7.0-strict:16384:87380
4.7.0-strict:cpu_20:9.184
4.7.0-strict:Total_tx_queue_stopped:244.6
4.7.0-strict:enp4s0f0_tx_packets:0
4.7.0-strict:Write:8150.068
4.7.0-strict:cpu_12:59.98
4.7.0-strict:cpu_11:40.186
4.7.0-strict:cpu_total:54.172
4.7.0-strict:cpu_23:40.982
4.7.0-strict:SKT1_ipc:0.278
4.7.0-strict:cpu_26:9.948
4.7.0-strict:SKT0_l3hit:0.16
4.7.0-strict:SKT0_ipc:0.27
4.7.0-strict:enp4s0f0_rx_bytes_phy:0
4.7.0-strict:cpu_5:73.404
4.7.0-strict:cpu_16:9.182
4.7.0-strict:cpu_17:53.264
4.7.0-strict:cpu_9:62.648
4.7.0-strict:Total_tx_bytes_phy:7925935994.2
4.7.0-strict:SKT1_l2mpi:0.012
4.7.0-strict:cpu_8:58.328
4.7.0-strict:cpu_4:82.008
4.7.0-strict:cpu_10:73.862
4.7.0-strict:SKT1_l3mpi:0.01
4.7.0-strict:Total_rx_bytes_phy:12616406
4.7.0-strict:enp4s0f0_tx_packets_phy:0
4.7.0-strict:SKT0_l2miss:361000000
4.7.0-strict:enp130s0f1_tx_bytes:4145312188
4.7.0-strict:SKT0_l3miss:303400000
4.7.0-strict:Total_rx_bytes:11868746
4.7.0-strict:cpu_21:57.52
4.7.0-strict:enp4s0f1_rx_packets_phy:0
4.7.0-strict:enp130s0f0_rx_packets:68313.2
4.7.0-strict:Memory:25852.708
4.7.0-strict:enp4s0f1_tx_bytes:0
4.7.0-strict:SKT1_l2hit:0.222
4.7.0-strict:TOTAL_l2hit:0.22
4.7.0-unsafe:enp4s0f0_tx_packets:0
4.7.0-unsafe:cpu_12:22.158
4.7.0-unsafe:Write:12525.434
4.7.0-unsafe:cpu_11:25.098
4.7.0-unsafe:enp130s0f1_tx_queue_stopped:0
4.7.0-unsafe:TOTAL_l3hit:0.144
4.7.0-unsafe:cpu_20:12.55
4.7.0-unsafe:16384:87380
4.7.0-unsafe:SKT0_l3mpi:0.062
4.7.0-unsafe:TOTAL_l2mpi:0.05
4.7.0-unsafe:cpu_1:28.626
4.7.0-unsafe:enp130s0f0_tx_packets:114153
4.7.0-unsafe:Total_tx_queue_stopped:0
4.7.0-unsafe:cpu_14:21.178
4.7.0-unsafe:Total_rx_packets_phy:442116.2
4.7.0-unsafe:Total_tx_packets:187965.6
4.7.0-unsafe:cpu_3:27.254
4.7.0-unsafe:enp4s0f1_rx_packets:0
4.7.0-unsafe:cpu_24:13.726
4.7.0-unsafe:enp4s0f1_tx_bytes_phy:0
4.7.0-unsafe:SKT0_l2mpi:0.07
4.7.0-unsafe:cpu_2:18.234
4.7.0-unsafe:TOTAL_l3mpi:0.04
4.7.0-unsafe:enp130s0f1_tx_packets:73812.6
4.7.0-unsafe:enp130s0f0_tx_queue_stopped:0
4.7.0-unsafe:enp130s0f0_rx_bytes_phy:18600795.8
4.7.0-unsafe:cpu_25:16.866
4.7.0-unsafe:cpu_27:20.394
4.7.0-unsafe:Read:27290.692
4.7.0-unsafe:cpu_15:21.766
4.7.0-unsafe:enp4s0f1_rx_bytes:0
4.7.0-unsafe:SKT1_l3hit:0.164
4.7.0-unsafe:SKT1_l2miss:559000000
4.7.0-unsafe:Memory:39816.13
4.7.0-unsafe:SKT1_l2hit:0.258
4.7.0-unsafe:enp4s0f1_tx_bytes:0
4.7.0-unsafe:TOTAL_l2hit:0.24
4.7.0-unsafe:enp130s0f1_tx_bytes:4657466473.4
4.7.0-unsafe:SKT0_l3miss:446800000
4.7.0-unsafe:Total_rx_bytes:29660249.4
4.7.0-unsafe:SKT0_l2miss:509400000
4.7.0-unsafe:enp4s0f0_tx_packets_phy:0
4.7.0-unsafe:cpu_21:17.648
4.7.0-unsafe:enp4s0f1_rx_packets_phy:0
4.7.0-unsafe:enp130s0f0_rx_packets:261590
4.7.0-unsafe:cpu_17:21.374
4.7.0-unsafe:cpu_9:26.862
4.7.0-unsafe:SKT1_l2mpi:0.038
4.7.0-unsafe:cpu_8:20.198
4.7.0-unsafe:cpu_4:21.962
4.7.0-unsafe:Total_tx_bytes_phy:11865977283
4.7.0-unsafe:Total_rx_bytes_phy:31429162.6
4.7.0-unsafe:SKT1_l3mpi:0.032
4.7.0-unsafe:cpu_10:13.532
4.7.0-unsafe:cpu_23:18.826
4.7.0-unsafe:cpu_total:20.104
4.7.0-unsafe:SKT0_ipc:0.234
4.7.0-unsafe:cpu_26:16.666
4.7.0-unsafe:SKT1_ipc:0.354
4.7.0-unsafe:SKT0_l3hit:0.122
4.7.0-unsafe:enp4s0f0_rx_bytes_phy:0
4.7.0-unsafe:cpu_16:11.764
4.7.0-unsafe:cpu_5:25.098
4.7.0-unsafe:enp130s0f0_rx_packets_phy:261601
4.7.0-unsafe:enp130s0f0_tx_bytes_phy:7206061255.4
4.7.0-unsafe:cpu_7:23.922
4.7.0-unsafe:TOTAL_l3miss:913400000
4.7.0-unsafe:Total_tx_packets_phy:1315807.2
4.7.0-unsafe:Total_tx_bytes:11860327176.6
4.7.0-unsafe:cpu_19:18.238
4.7.0-unsafe:SKT1_l3miss:466200000
4.7.0-unsafe:enp4s0f0_rx_packets_phy:0
4.7.0-unsafe:cpu_22:15.1
4.7.0-unsafe:enp4s0f0_tx_bytes:0
4.7.0-unsafe:TOTAL_l2miss:1069000000
4.7.0-unsafe:TOTAL_ipc:0.304
4.7.0-unsafe:enp4s0f0_rx_bytes:0
4.7.0-unsafe:cpu_13:25.294
4.7.0-unsafe:enp130s0f1_rx_bytes_phy:12828366.8
4.7.0-unsafe:enp130s0f0_tx_packets_phy:799073.6
4.7.0-unsafe:enp130s0f1_rx_packets:180517.6
4.7.0-unsafe:enp4s0f0_tx_queue_stopped:0
4.7.0-unsafe:enp130s0f0_rx_bytes:17553665.8
4.7.0-unsafe:SKT0_l2hit:0.22
4.7.0-unsafe:Total_rx_packets:442107.6
4.7.0-unsafe:enp4s0f1_rx_bytes_phy:0
4.7.0-unsafe:enp130s0f1_tx_bytes_phy:4659916027.6
4.7.0-unsafe:enp130s0f1_rx_bytes:12106583.6
4.7.0-unsafe:cpu_6:24.904
4.7.0-unsafe:cpu_0:22.942
4.7.0-unsafe:enp130s0f1_tx_packets_phy:516733.6
4.7.0-unsafe:enp130s0f1_rx_packets_phy:180515.2
4.7.0-unsafe:enp4s0f0_tx_bytes_phy:0
4.7.0-unsafe:enp4s0f0_rx_packets:0
4.7.0-unsafe:enp130s0f0_tx_bytes:7202860703.2
4.7.0-unsafe:enp4s0f1_tx_queue_stopped:0
4.7.0-unsafe:cpu_18:12.158
4.7.0-unsafe:enp4s0f1_tx_packets:0
4.7.0-unsafe:enp4s0f1_tx_packets_phy:0
