4.7.0-copy-plus-hp-strict:cpu_6:0
4.7.0-copy-plus-hp-strict:enp130s0f1_rx_packets:0
4.7.0-copy-plus-hp-strict:enp4s0f1_tx_bytes:5308793611.2
4.7.0-copy-plus-hp-strict:enp130s0f1_tx_bytes:0
4.7.0-copy-plus-hp-strict:cpu_2:0
4.7.0-copy-plus-hp-strict:cpu_8:0
4.7.0-copy-plus-hp-strict:SKT0_l3mpi:0
4.7.0-copy-plus-hp-strict:enp130s0f0_rx_bytes:0
4.7.0-copy-plus-hp-strict:Total_tx_queue_stopped:0
4.7.0-copy-plus-hp-strict:cpu_14:0
4.7.0-copy-plus-hp-strict:SKT0_l2mpi:0.01
4.7.0-copy-plus-hp-strict:cpu_21:0
4.7.0-copy-plus-hp-strict:cpu_17:0
4.7.0-copy-plus-hp-strict:SKT1_l3miss:5742000
4.7.0-copy-plus-hp-strict:TOTAL_l3mpi:0
4.7.0-copy-plus-hp-strict:enp4s0f0_tx_packets:0
4.7.0-copy-plus-hp-strict:SKT0_l3miss:183400
4.7.0-copy-plus-hp-strict:SKT1_l2mpi:0.03
4.7.0-copy-plus-hp-strict:SKT1_l3mpi:0
4.7.0-copy-plus-hp-strict:TOTAL_l3hit:0.964
4.7.0-copy-plus-hp-strict:Read:5130.754
4.7.0-copy-plus-hp-strict:Total_rx_bytes_phy:1673228
4.7.0-copy-plus-hp-strict:Write:86.83
4.7.0-copy-plus-hp-strict:TOTAL_l2hit:0.732
4.7.0-copy-plus-hp-strict:enp4s0f1_tx_packets_phy:590567.8
4.7.0-copy-plus-hp-strict:enp130s0f0_tx_packets_phy:0
4.7.0-copy-plus-hp-strict:LLC-store-misses:795056.2
4.7.0-copy-plus-hp-strict:SKT1_ipc:0.306
4.7.0-copy-plus-hp-strict:SKT0_ipc:0.356
4.7.0-copy-plus-hp-strict:TOTAL_l3miss:5926200
4.7.0-copy-plus-hp-strict:LLC-load:275233527.2
4.7.0-copy-plus-hp-strict:cpu_25:0
4.7.0-copy-plus-hp-strict:enp4s0f1_tx_packets:85831
4.7.0-copy-plus-hp-strict:enp130s0f0_tx_bytes_phy:0
4.7.0-copy-plus-hp-strict:enp4s0f1_rx_bytes:1580335.6
4.7.0-copy-plus-hp-strict:TOTAL_l2mpi:0.03
4.7.0-copy-plus-hp-strict:cpu_total:3.154
4.7.0-copy-plus-hp-strict:cycles:16063945418.6
4.7.0-copy-plus-hp-strict:Total_tx_packets:85831
4.7.0-copy-plus-hp-strict:cpu_16:0.194
4.7.0-copy-plus-hp-strict:cpu_24:0
4.7.0-copy-plus-hp-strict:SKT0_l2hit:0.146
4.7.0-copy-plus-hp-strict:enp130s0f0_tx_packets:0
4.7.0-copy-plus-hp-strict:cpu_22:0
4.7.0-copy-plus-hp-strict:SKT1_l3hit:0.964
4.7.0-copy-plus-hp-strict:enp4s0f0_rx_packets_phy:0
4.7.0-copy-plus-hp-strict:enp4s0f0_tx_packets_phy:0
4.7.0-copy-plus-hp-strict:cpu_1:100
4.7.0-copy-plus-hp-strict:enp4s0f0_tx_queue_stopped:0
4.7.0-copy-plus-hp-strict:Total_rx_packets:23646.6
4.7.0-copy-plus-hp-strict:SKT0_l3hit:0.858
4.7.0-copy-plus-hp-strict:enp130s0f1_tx_queue_stopped:0
4.7.0-copy-plus-hp-strict:cache-misses:5847875.6
4.7.0-copy-plus-hp-strict:enp4s0f1_rx_bytes_phy:1673228
4.7.0-copy-plus-hp-strict:enp4s0f1_rx_packets_phy:23624.4
4.7.0-copy-plus-hp-strict:SKT1_l2hit:0.732
4.7.0-copy-plus-hp-strict:Memory:5217.586
4.7.0-copy-plus-hp-strict:cpu_18:0.194
4.7.0-copy-plus-hp-strict:Total_rx_bytes:1580335.6
4.7.0-copy-plus-hp-strict:enp4s0f1_tx_bytes_phy:5311253341.2
4.7.0-copy-plus-hp-strict:enp130s0f1_rx_packets_phy:0
4.7.0-copy-plus-hp-strict:enp130s0f0_tx_queue_stopped:0
4.7.0-copy-plus-hp-strict:cpu_0:0.194
4.7.0-copy-plus-hp-strict:instructions:4962148241.8
4.7.0-copy-plus-hp-strict:cache-references:1900071950.6
4.7.0-copy-plus-hp-strict:16384:87380
4.7.0-copy-plus-hp-strict:enp130s0f0_rx_bytes_phy:0
4.7.0-copy-plus-hp-strict:cpu_23:0
4.7.0-copy-plus-hp-strict:TOTAL_ipc:0.306
4.7.0-copy-plus-hp-strict:enp4s0f0_tx_bytes_phy:0
4.7.0-copy-plus-hp-strict:cpu_9:0
4.7.0-copy-plus-hp-strict:cpu_4:0
4.7.0-copy-plus-hp-strict:SKT1_l2miss:162800000
4.7.0-copy-plus-hp-strict:LLC-load-misses:2745666.2
4.7.0-copy-plus-hp-strict:enp130s0f1_tx_bytes_phy:0
4.7.0-copy-plus-hp-strict:enp130s0f1_tx_packets:0
4.7.0-copy-plus-hp-strict:Total_rx_packets_phy:23624.4
4.7.0-copy-plus-hp-strict:enp130s0f0_rx_packets_phy:0
4.7.0-copy-plus-hp-strict:enp4s0f0_tx_bytes:0
4.7.0-copy-plus-hp-strict:Total_tx_bytes_phy:5311253341.2
4.7.0-copy-plus-hp-strict:cpu_3:0
4.7.0-copy-plus-hp-strict:SKT0_l2miss:1265400
4.7.0-copy-plus-hp-strict:cpu_20:0
4.7.0-copy-plus-hp-strict:cpu_27:0
4.7.0-copy-plus-hp-strict:enp4s0f0_rx_packets:0
4.7.0-copy-plus-hp-strict:LLC-store:826930412.6
4.7.0-copy-plus-hp-strict:cpu_12:0
4.7.0-copy-plus-hp-strict:enp130s0f1_rx_bytes:0
4.7.0-copy-plus-hp-strict:enp130s0f0_rx_packets:0
4.7.0-copy-plus-hp-strict:Total_tx_packets_phy:590567.8
4.7.0-copy-plus-hp-strict:Total_tx_bytes:5308793611.2
4.7.0-copy-plus-hp-strict:enp130s0f1_tx_packets_phy:0
4.7.0-copy-plus-hp-strict:cpu_11:0
4.7.0-copy-plus-hp-strict:enp4s0f0_rx_bytes_phy:0
4.7.0-copy-plus-hp-strict:enp130s0f1_rx_bytes_phy:0
4.7.0-copy-plus-hp-strict:cpu_15:0
4.7.0-copy-plus-hp-strict:enp4s0f1_tx_queue_stopped:0
4.7.0-copy-plus-hp-strict:enp130s0f0_tx_bytes:0
4.7.0-copy-plus-hp-strict:cpu_5:0
4.7.0-copy-plus-hp-strict:cpu_7:0
4.7.0-copy-plus-hp-strict:cpu_26:0
4.7.0-copy-plus-hp-strict:cpu_19:0
4.7.0-copy-plus-hp-strict:TOTAL_l2miss:164400000
4.7.0-copy-plus-hp-strict:cpu_10:0
4.7.0-copy-plus-hp-strict:cpu_13:0
4.7.0-copy-plus-hp-strict:enp4s0f1_rx_packets:23646.6
4.7.0-copy-plus-hp-strict:enp4s0f0_rx_bytes:0
4.7.0-damn-strict:enp130s0f0_tx_packets:0
4.7.0-damn-strict:SKT0_l2hit:0.138
4.7.0-damn-strict:SKT1_l3hit:0.842
4.7.0-damn-strict:cpu_22:0
4.7.0-damn-strict:cycles:15828994778.4
4.7.0-damn-strict:Total_tx_packets:129672.4
4.7.0-damn-strict:cpu_16:0
4.7.0-damn-strict:cpu_24:0
4.7.0-damn-strict:cpu_total:3.122
4.7.0-damn-strict:enp4s0f1_rx_bytes:2314000.6
4.7.0-damn-strict:TOTAL_l2mpi:0.02
4.7.0-damn-strict:Total_rx_packets:34080.4
4.7.0-damn-strict:SKT0_l3hit:0.86
4.7.0-damn-strict:cache-misses:19138803.4
4.7.0-damn-strict:enp130s0f1_tx_queue_stopped:0
4.7.0-damn-strict:enp4s0f1_rx_bytes_phy:2450627.8
4.7.0-damn-strict:enp4s0f0_tx_queue_stopped:0
4.7.0-damn-strict:enp4s0f0_tx_packets_phy:0
4.7.0-damn-strict:enp4s0f0_rx_packets_phy:0
4.7.0-damn-strict:cpu_1:100
4.7.0-damn-strict:SKT0_l3miss:191400
4.7.0-damn-strict:SKT1_l2mpi:0.02
4.7.0-damn-strict:enp130s0f0_rx_bytes:0
4.7.0-damn-strict:Total_tx_queue_stopped:0
4.7.0-damn-strict:cpu_21:0
4.7.0-damn-strict:SKT0_l2mpi:0.018
4.7.0-damn-strict:cpu_14:0.194
4.7.0-damn-strict:cpu_17:0
4.7.0-damn-strict:TOTAL_l3mpi:0
4.7.0-damn-strict:SKT1_l3miss:18600000
4.7.0-damn-strict:enp4s0f0_tx_packets:0
4.7.0-damn-strict:cpu_2:0
4.7.0-damn-strict:enp130s0f1_tx_bytes:0
4.7.0-damn-strict:cpu_8:0
4.7.0-damn-strict:SKT0_l3mpi:0
4.7.0-damn-strict:cpu_6:0
4.7.0-damn-strict:enp130s0f1_rx_packets:0
4.7.0-damn-strict:enp4s0f1_tx_bytes:8153021190.8
4.7.0-damn-strict:enp130s0f0_tx_bytes_phy:0
4.7.0-damn-strict:enp4s0f1_tx_packets:129672.4
4.7.0-damn-strict:SKT1_ipc:0.334
4.7.0-damn-strict:TOTAL_l3miss:18600000
4.7.0-damn-strict:SKT0_ipc:0.378
4.7.0-damn-strict:LLC-load:233080370
4.7.0-damn-strict:cpu_25:0
4.7.0-damn-strict:TOTAL_l2hit:0.68
4.7.0-damn-strict:enp130s0f0_tx_packets_phy:0
4.7.0-damn-strict:enp4s0f1_tx_packets_phy:904834.4
4.7.0-damn-strict:LLC-store-misses:6777139.2
4.7.0-damn-strict:Read:8202.896
4.7.0-damn-strict:TOTAL_l3hit:0.842
4.7.0-damn-strict:SKT1_l3mpi:0
4.7.0-damn-strict:Total_rx_bytes_phy:2450627.8
4.7.0-damn-strict:Write:688.224
4.7.0-damn-strict:Total_tx_bytes:8153021190.8
4.7.0-damn-strict:enp130s0f1_tx_packets_phy:0
4.7.0-damn-strict:cpu_11:0
4.7.0-damn-strict:enp130s0f0_rx_packets:0
4.7.0-damn-strict:Total_tx_packets_phy:904834.4
4.7.0-damn-strict:LLC-store:645082054.8
4.7.0-damn-strict:cpu_12:0.194
4.7.0-damn-strict:enp130s0f1_rx_bytes:0
4.7.0-damn-strict:SKT0_l2miss:1349200
4.7.0-damn-strict:cpu_20:0
4.7.0-damn-strict:cpu_27:0
4.7.0-damn-strict:enp4s0f0_rx_packets:0
4.7.0-damn-strict:cpu_13:0
4.7.0-damn-strict:enp4s0f1_rx_packets:34080.4
4.7.0-damn-strict:enp4s0f0_rx_bytes:0
4.7.0-damn-strict:cpu_7:0
4.7.0-damn-strict:cpu_5:0.194
4.7.0-damn-strict:cpu_26:0.194
4.7.0-damn-strict:cpu_10:0
4.7.0-damn-strict:TOTAL_l2miss:120800000
4.7.0-damn-strict:cpu_19:0
4.7.0-damn-strict:enp4s0f1_tx_queue_stopped:0
4.7.0-damn-strict:enp130s0f0_tx_bytes:0
4.7.0-damn-strict:enp4s0f0_rx_bytes_phy:0
4.7.0-damn-strict:enp130s0f1_rx_bytes_phy:0
4.7.0-damn-strict:cpu_15:0
4.7.0-damn-strict:cache-references:1517055434
4.7.0-damn-strict:enp130s0f0_rx_bytes_phy:0
4.7.0-damn-strict:16384:87380
4.7.0-damn-strict:cpu_23:0
4.7.0-damn-strict:TOTAL_ipc:0.336
4.7.0-damn-strict:enp4s0f1_tx_bytes_phy:8156735445.8
4.7.0-damn-strict:enp130s0f1_rx_packets_phy:0
4.7.0-damn-strict:enp130s0f0_tx_queue_stopped:0
4.7.0-damn-strict:instructions:5307144025
4.7.0-damn-strict:cpu_0:0.194
4.7.0-damn-strict:Total_rx_bytes:2314000.6
4.7.0-damn-strict:Memory:8891.122
4.7.0-damn-strict:cpu_18:0
4.7.0-damn-strict:enp4s0f1_rx_packets_phy:34085
4.7.0-damn-strict:SKT1_l2hit:0.682
4.7.0-damn-strict:enp4s0f0_tx_bytes:0
4.7.0-damn-strict:cpu_3:0
4.7.0-damn-strict:Total_tx_bytes_phy:8156735445.8
4.7.0-damn-strict:enp130s0f0_rx_packets_phy:0
4.7.0-damn-strict:Total_rx_packets_phy:34085
4.7.0-damn-strict:SKT1_l2miss:119600000
4.7.0-damn-strict:enp130s0f1_tx_bytes_phy:0
4.7.0-damn-strict:LLC-load-misses:7455385.4
4.7.0-damn-strict:enp130s0f1_tx_packets:0
4.7.0-damn-strict:enp4s0f0_tx_bytes_phy:0
4.7.0-damn-strict:cpu_4:0
4.7.0-damn-strict:cpu_9:0
4.7.0-unsafe:enp130s0f1_tx_packets:0
4.7.0-unsafe:SKT1_l2miss:114600000
4.7.0-unsafe:enp130s0f1_tx_bytes_phy:0
4.7.0-unsafe:LLC-load-misses:1606317.2
4.7.0-unsafe:cpu_9:0
4.7.0-unsafe:enp4s0f0_tx_bytes_phy:0
4.7.0-unsafe:cpu_4:0
4.7.0-unsafe:enp4s0f0_tx_bytes:0
4.7.0-unsafe:cpu_3:0
4.7.0-unsafe:Total_tx_bytes_phy:8898299436
4.7.0-unsafe:Total_rx_packets_phy:35662.6
4.7.0-unsafe:enp130s0f0_rx_packets_phy:0
4.7.0-unsafe:Memory:8607.09
4.7.0-unsafe:cpu_18:0
4.7.0-unsafe:Total_rx_bytes:2460685.8
4.7.0-unsafe:SKT1_l2hit:0.72
4.7.0-unsafe:enp4s0f1_rx_packets_phy:35662.6
4.7.0-unsafe:cpu_23:0
4.7.0-unsafe:TOTAL_ipc:0.446
4.7.0-unsafe:cache-references:1666768649
4.7.0-unsafe:enp130s0f0_rx_bytes_phy:0
4.7.0-unsafe:16384:87380
4.7.0-unsafe:instructions:6929844894.4
4.7.0-unsafe:cpu_0:0.194
4.7.0-unsafe:enp130s0f1_rx_packets_phy:0
4.7.0-unsafe:enp4s0f1_tx_bytes_phy:8898299436
4.7.0-unsafe:enp130s0f0_tx_queue_stopped:0
4.7.0-unsafe:enp130s0f0_tx_bytes:0
4.7.0-unsafe:enp4s0f1_tx_queue_stopped:0
4.7.0-unsafe:enp4s0f0_rx_bytes_phy:0
4.7.0-unsafe:enp130s0f1_rx_bytes_phy:0
4.7.0-unsafe:cpu_15:0
4.7.0-unsafe:enp4s0f1_rx_packets:35646.4
4.7.0-unsafe:enp4s0f0_rx_bytes:0
4.7.0-unsafe:cpu_13:0
4.7.0-unsafe:cpu_26:0
4.7.0-unsafe:TOTAL_l2miss:116200000
4.7.0-unsafe:cpu_10:0
4.7.0-unsafe:cpu_19:0
4.7.0-unsafe:cpu_7:0
4.7.0-unsafe:cpu_5:0
4.7.0-unsafe:LLC-store:697797947
4.7.0-unsafe:enp130s0f1_rx_bytes:0
4.7.0-unsafe:cpu_12:0
4.7.0-unsafe:enp4s0f0_rx_packets:0
4.7.0-unsafe:cpu_20:0.388
4.7.0-unsafe:SKT0_l2miss:1285200
4.7.0-unsafe:cpu_27:0
4.7.0-unsafe:cpu_11:0
4.7.0-unsafe:Total_tx_bytes:8895405216.8
4.7.0-unsafe:enp130s0f1_tx_packets_phy:0
4.7.0-unsafe:Total_tx_packets_phy:987008.2
4.7.0-unsafe:enp130s0f0_rx_packets:0
4.7.0-unsafe:LLC-store-misses:457196.8
4.7.0-unsafe:TOTAL_l2hit:0.718
4.7.0-unsafe:enp4s0f1_tx_packets_phy:987008.2
4.7.0-unsafe:enp130s0f0_tx_packets_phy:0
4.7.0-unsafe:Write:54.696
4.7.0-unsafe:TOTAL_l3hit:0.97
4.7.0-unsafe:SKT1_l3mpi:0
4.7.0-unsafe:Read:8552.394
4.7.0-unsafe:Total_rx_bytes_phy:2604466.2
4.7.0-unsafe:enp4s0f1_tx_packets:141463.6
4.7.0-unsafe:enp130s0f0_tx_bytes_phy:0
4.7.0-unsafe:TOTAL_l3miss:3157600
4.7.0-unsafe:SKT0_ipc:0.342
4.7.0-unsafe:cpu_25:0
4.7.0-unsafe:LLC-load:251760749.8
4.7.0-unsafe:SKT1_ipc:0.446
4.7.0-unsafe:SKT0_l3mpi:0
4.7.0-unsafe:cpu_8:0
4.7.0-unsafe:cpu_2:0
4.7.0-unsafe:enp130s0f1_tx_bytes:0
4.7.0-unsafe:enp4s0f1_tx_bytes:8895405216.8
4.7.0-unsafe:enp130s0f1_rx_packets:0
4.7.0-unsafe:cpu_6:0
4.7.0-unsafe:SKT0_l3miss:190800
4.7.0-unsafe:SKT1_l2mpi:0.02
4.7.0-unsafe:TOTAL_l3mpi:0
4.7.0-unsafe:enp4s0f0_tx_packets:0
4.7.0-unsafe:SKT1_l3miss:2966000
4.7.0-unsafe:enp130s0f0_rx_bytes:0
4.7.0-unsafe:Total_tx_queue_stopped:0
4.7.0-unsafe:SKT0_l2mpi:0.02
4.7.0-unsafe:cpu_17:0
4.7.0-unsafe:cpu_21:0
4.7.0-unsafe:cpu_14:0
4.7.0-unsafe:cpu_1:100
4.7.0-unsafe:enp4s0f0_tx_packets_phy:0
4.7.0-unsafe:enp4s0f0_rx_packets_phy:0
4.7.0-unsafe:enp130s0f1_tx_queue_stopped:0
4.7.0-unsafe:cache-misses:3227961.8
4.7.0-unsafe:enp4s0f1_rx_bytes_phy:2604466.2
4.7.0-unsafe:Total_rx_packets:35646.4
4.7.0-unsafe:SKT0_l3hit:0.852
4.7.0-unsafe:enp4s0f0_tx_queue_stopped:0
4.7.0-unsafe:cpu_total:3.144
4.7.0-unsafe:TOTAL_l2mpi:0.02
4.7.0-unsafe:enp4s0f1_rx_bytes:2460685.8
4.7.0-unsafe:cpu_22:0
4.7.0-unsafe:SKT1_l3hit:0.972
4.7.0-unsafe:enp130s0f0_tx_packets:0
4.7.0-unsafe:SKT0_l2hit:0.126
4.7.0-unsafe:cpu_16:0
4.7.0-unsafe:Total_tx_packets:141463.6
4.7.0-unsafe:cpu_24:0
4.7.0-unsafe:cycles:15607975754
