4.7.0-damn-ne-strict:enp130s0f1_tx_bytes_phy:4865506965.46429
4.7.0-damn-ne-strict:Total_rx_packets:1391922.60714286
4.7.0-damn-ne-strict:Memory:26243.7389285714
4.7.0-damn-ne-strict:cpu_10:31.4985714285714
4.7.0-damn-ne-strict:cycles:112536147650.964
4.7.0-damn-ne-strict:enp4s0f1_rx_bytes_phy:0
4.7.0-damn-ne-strict:64512:212992
4.7.0-damn-ne-strict:cpu_14:15.8942857142857
4.7.0-damn-ne-strict:70:212992
4.7.0-damn-ne-strict:cpu_9:30.9407142857143
4.7.0-damn-ne-strict:Total_tx_packets:1509789.96428571
4.7.0-damn-ne-strict:enp130s0f1_rx_packets_phy:615581.678571429
4.7.0-damn-ne-strict:enp130s0f0_rx_packets:776666.464285714
4.7.0-damn-ne-strict:SKT1_l3mpi:0
4.7.0-damn-ne-strict:cpu_8:33.0732142857143
4.7.0-damn-ne-strict:LLC-load-misses:390195484.642857
4.7.0-damn-ne-strict:cpu_11:26.8817857142857
4.7.0-damn-ne-strict:SKT0_l2mpi:0.01
4.7.0-damn-ne-strict:SKT0_l2miss:566785714.285714
4.7.0-damn-ne-strict:SKT1_l3hit:0.407857142857143
4.7.0-damn-ne-strict:cache-misses:746500546.392857
4.7.0-damn-ne-strict:cpu_24:0.245
4.7.0-damn-ne-strict:enp4s0f1_tx_bytes_phy:0
4.7.0-damn-ne-strict:TOTAL_l3miss:744785714.285714
4.7.0-damn-ne-strict:SKT1_l3miss:255928571.428571
4.7.0-damn-ne-strict:enp130s0f1_rx_packets:615256.142857143
4.7.0-damn-ne-strict:enp4s0f0_rx_bytes:0
4.7.0-damn-ne-strict:enp4s0f0_rx_bytes_phy:0
4.7.0-damn-ne-strict:enp4s0f0_tx_packets_phy:0
4.7.0-damn-ne-strict:Total_tx_queue_stopped:0
4.7.0-damn-ne-strict:enp4s0f0_tx_bytes_phy:0
4.7.0-damn-ne-strict:SKT0_l2hit:0.2125
4.7.0-damn-ne-strict:cache-references:4904172919.25
4.7.0-damn-ne-strict:cpu_12:31.4346428571429
4.7.0-damn-ne-strict:enp4s0f0_rx_packets:0
4.7.0-damn-ne-strict:enp4s0f0_rx_packets_phy:0
4.7.0-damn-ne-strict:cpu_3:52.7814285714286
4.7.0-damn-ne-strict:Total_tx_bytes_phy:12258452500.3929
4.7.0-damn-ne-strict:cpu_0:43.055
4.7.0-damn-ne-strict:enp130s0f1_rx_bytes_phy:4988063211.57143
4.7.0-damn-ne-strict:cpu_2:42.425
4.7.0-damn-ne-strict:cpu_5:53.3064285714286
4.7.0-damn-ne-strict:Total_rx_bytes:11273187878.75
4.7.0-damn-ne-strict:Total_tx_packets_phy:1896674.10714286
4.7.0-damn-ne-strict:enp130s0f1_tx_packets:600467.035714286
4.7.0-damn-ne-strict:enp130s0f1_rx_bytes:4982964293.25
4.7.0-damn-ne-strict:enp4s0f1_tx_packets:0
4.7.0-damn-ne-strict:Total_tx_bytes:12227796807.25
4.7.0-damn-ne-strict:cpu_17:63.0382142857143
4.7.0-damn-ne-strict:cpu_total:30.7703571428571
4.7.0-damn-ne-strict:TOTAL_l3hit:0.253571428571429
4.7.0-damn-ne-strict:enp130s0f0_rx_bytes_phy:6293720417.03571
4.7.0-damn-ne-strict:LLC-store-misses:59486362.4285714
4.7.0-damn-ne-strict:cpu_22:0.21
4.7.0-damn-ne-strict:Total_rx_bytes_phy:11281783628.6071
4.7.0-damn-ne-strict:Write:8711.74285714286
4.7.0-damn-ne-strict:cpu_15:99.4403571428571
4.7.0-damn-ne-strict:enp130s0f0_rx_bytes:6290223585.5
4.7.0-damn-ne-strict:cpu_18:56.3864285714286
4.7.0-damn-ne-strict:LLC-load:1230030669.71429
4.7.0-damn-ne-strict:enp4s0f1_tx_queue_stopped:0
4.7.0-damn-ne-strict:cpu_1:50.0907142857143
4.7.0-damn-ne-strict:enp4s0f1_rx_packets:0
4.7.0-damn-ne-strict:enp4s0f0_tx_queue_stopped:0
4.7.0-damn-ne-strict:cpu_26:0.104642857142857
4.7.0-damn-ne-strict:LLC-store:838059137.071429
4.7.0-damn-ne-strict:enp130s0f1_tx_bytes:4863187528.75
4.7.0-damn-ne-strict:enp130s0f1_tx_packets_phy:600456.928571429
4.7.0-damn-ne-strict:cpu_6:34.2639285714286
4.7.0-damn-ne-strict:enp130s0f0_tx_bytes_phy:7392945534.92857
4.7.0-damn-ne-strict:SKT0_l3miss:488392857.142857
4.7.0-damn-ne-strict:SKT1_l2miss:431750000
4.7.0-damn-ne-strict:enp4s0f0_tx_bytes:0
4.7.0-damn-ne-strict:cpu_19:10.82
4.7.0-damn-ne-strict:cpu_13:61.6339285714286
4.7.0-damn-ne-strict:SKT1_ipc:1.02642857142857
4.7.0-damn-ne-strict:cpu_27:0.139642857142857
4.7.0-damn-ne-strict:enp130s0f0_tx_packets:909322.928571429
4.7.0-damn-ne-strict:cpu_21:0.0696428571428571
4.7.0-damn-ne-strict:TOTAL_l2mpi:0.01
4.7.0-damn-ne-strict:SKT0_ipc:0.973571428571429
4.7.0-damn-ne-strict:cpu_4:42.39
4.7.0-damn-ne-strict:SKT1_l2hit:0.367142857142857
4.7.0-damn-ne-strict:cpu_20:0.14
4.7.0-damn-ne-strict:enp4s0f1_tx_bytes:0
4.7.0-damn-ne-strict:SKT0_l3hit:0.14
4.7.0-damn-ne-strict:TOTAL_l3mpi:0.01
4.7.0-damn-ne-strict:Read:17531.9953571429
4.7.0-damn-ne-strict:cpu_16:35.9775
4.7.0-damn-ne-strict:cpu_7:45.885
4.7.0-damn-ne-strict:cpu_23:0.104642857142857
4.7.0-damn-ne-strict:TOTAL_l2hit:0.287142857142857
4.7.0-damn-ne-strict:enp4s0f0_tx_packets:0
4.7.0-damn-ne-strict:SKT0_l3mpi:0.01
4.7.0-damn-ne-strict:enp4s0f1_tx_packets_phy:0
4.7.0-damn-ne-strict:TOTAL_ipc:1.00392857142857
4.7.0-damn-ne-strict:enp130s0f0_rx_packets_phy:776714.357142857
4.7.0-damn-ne-strict:enp4s0f1_rx_bytes:0
4.7.0-damn-ne-strict:SKT1_l2mpi:0.01
4.7.0-damn-ne-strict:enp130s0f0_tx_bytes:7364609278.5
4.7.0-damn-ne-strict:enp130s0f0_tx_queue_stopped:0
4.7.0-damn-ne-strict:enp130s0f1_tx_queue_stopped:0
4.7.0-damn-ne-strict:instructions:112997885507.036
4.7.0-damn-ne-strict:TOTAL_l2miss:999107142.857143
4.7.0-damn-ne-strict:enp4s0f1_rx_packets_phy:0
4.7.0-damn-ne-strict:Total_rx_packets_phy:1392296.03571429
4.7.0-damn-ne-strict:enp130s0f0_tx_packets_phy:1296217.17857143
4.7.0-damn-ne-strict:cpu_25:0
4.7.0-damn-ne-unsafe:Total_rx_bytes_phy:12454552566.6429
4.7.0-damn-ne-unsafe:Write:9326.00357142857
4.7.0-damn-ne-unsafe:cpu_15:61.8360714285715
4.7.0-damn-ne-unsafe:enp130s0f0_rx_bytes:7302137593.07143
4.7.0-damn-ne-unsafe:cpu_18:49.72
4.7.0-damn-ne-unsafe:LLC-load:1112240313.17857
4.7.0-damn-ne-unsafe:enp4s0f1_tx_queue_stopped:0
4.7.0-damn-ne-unsafe:enp4s0f1_rx_packets:0
4.7.0-damn-ne-unsafe:cpu_1:54.62
4.7.0-damn-ne-unsafe:enp4s0f0_tx_queue_stopped:0
4.7.0-damn-ne-unsafe:enp4s0f1_tx_packets:0
4.7.0-damn-ne-unsafe:Total_tx_bytes:12768651432.6071
4.7.0-damn-ne-unsafe:cpu_17:64.6692857142857
4.7.0-damn-ne-unsafe:cpu_total:28.6521428571428
4.7.0-damn-ne-unsafe:TOTAL_l3hit:0.285714285714286
4.7.0-damn-ne-unsafe:enp130s0f0_rx_bytes_phy:7468777313.25
4.7.0-damn-ne-unsafe:LLC-store-misses:52862799.5357143
4.7.0-damn-ne-unsafe:cpu_22:0.07
4.7.0-damn-ne-unsafe:TOTAL_l2mpi:0.01
4.7.0-damn-ne-unsafe:cpu_4:45.975
4.7.0-damn-ne-unsafe:SKT0_ipc:1.01464285714286
4.7.0-damn-ne-unsafe:SKT1_l2hit:0.370357142857143
4.7.0-damn-ne-unsafe:enp4s0f1_tx_bytes:0
4.7.0-damn-ne-unsafe:cpu_20:0.14
4.7.0-damn-ne-unsafe:SKT0_l3hit:0.16
4.7.0-damn-ne-unsafe:TOTAL_l3mpi:0.01
4.7.0-damn-ne-unsafe:cpu_26:0.07
4.7.0-damn-ne-unsafe:LLC-store:804822106.892857
4.7.0-damn-ne-unsafe:enp130s0f1_tx_bytes:4828874772.25
4.7.0-damn-ne-unsafe:enp130s0f1_tx_packets_phy:596321.714285714
4.7.0-damn-ne-unsafe:cpu_6:24.335
4.7.0-damn-ne-unsafe:enp130s0f0_tx_bytes_phy:7963657435.03571
4.7.0-damn-ne-unsafe:SKT0_l3miss:369821428.571429
4.7.0-damn-ne-unsafe:SKT1_l2miss:399178571.428571
4.7.0-damn-ne-unsafe:enp4s0f0_tx_bytes:0
4.7.0-damn-ne-unsafe:cpu_19:19.96
4.7.0-damn-ne-unsafe:cpu_13:46.57
4.7.0-damn-ne-unsafe:SKT1_ipc:1.06857142857143
4.7.0-damn-ne-unsafe:cpu_27:0.14
4.7.0-damn-ne-unsafe:enp130s0f0_tx_packets:980339.678571429
4.7.0-damn-ne-unsafe:cpu_21:0.07
4.7.0-damn-ne-unsafe:cpu_7:56.9675
4.7.0-damn-ne-unsafe:TOTAL_l2hit:0.303571428571428
4.7.0-damn-ne-unsafe:cpu_23:0.315
4.7.0-damn-ne-unsafe:enp4s0f0_tx_packets:0
4.7.0-damn-ne-unsafe:SKT0_l3mpi:0.01
4.7.0-damn-ne-unsafe:cpu_16:27.765
4.7.0-damn-ne-unsafe:Read:15449.4642857143
4.7.0-damn-ne-unsafe:TOTAL_l2miss:840107142.857143
4.7.0-damn-ne-unsafe:enp4s0f1_rx_packets_phy:0
4.7.0-damn-ne-unsafe:Total_rx_packets_phy:1537029.14285714
4.7.0-damn-ne-unsafe:cpu_25:0.105
4.7.0-damn-ne-unsafe:enp130s0f0_tx_packets_phy:1293130.64285714
4.7.0-damn-ne-unsafe:TOTAL_ipc:1.0475
4.7.0-damn-ne-unsafe:enp130s0f0_rx_packets_phy:921729.678571429
4.7.0-damn-ne-unsafe:enp4s0f1_rx_bytes:0
4.7.0-damn-ne-unsafe:enp4s0f1_tx_packets_phy:0
4.7.0-damn-ne-unsafe:SKT1_l2mpi:0.01
4.7.0-damn-ne-unsafe:enp130s0f0_tx_queue_stopped:0
4.7.0-damn-ne-unsafe:enp130s0f0_tx_bytes:7939776660.35714
4.7.0-damn-ne-unsafe:enp130s0f1_tx_queue_stopped:0
4.7.0-damn-ne-unsafe:instructions:108545680195.286
4.7.0-damn-ne-unsafe:64512:212992
4.7.0-damn-ne-unsafe:70:212992
4.7.0-damn-ne-unsafe:cpu_14:10.29
4.7.0-damn-ne-unsafe:cpu_9:23.0414285714286
4.7.0-damn-ne-unsafe:enp130s0f1_rx_packets_phy:615299.464285714
4.7.0-damn-ne-unsafe:Total_tx_packets:1576570.21428571
4.7.0-damn-ne-unsafe:enp130s0f0_rx_packets:901611.964285714
4.7.0-damn-ne-unsafe:SKT1_l3mpi:0
4.7.0-damn-ne-unsafe:cpu_8:24.72
4.7.0-damn-ne-unsafe:enp130s0f1_tx_bytes_phy:4831335856.92857
4.7.0-damn-ne-unsafe:Total_rx_packets:1516869.67857143
4.7.0-damn-ne-unsafe:cpu_10:23.67
4.7.0-damn-ne-unsafe:Memory:24775.4660714286
4.7.0-damn-ne-unsafe:cycles:103760188842.286
4.7.0-damn-ne-unsafe:enp4s0f1_rx_bytes_phy:0
4.7.0-damn-ne-unsafe:cpu_11:49.5814285714286
4.7.0-damn-ne-unsafe:SKT0_l2mpi:0.01
4.7.0-damn-ne-unsafe:SKT0_l2miss:440464285.714286
4.7.0-damn-ne-unsafe:SKT1_l3hit:0.423928571428571
4.7.0-damn-ne-unsafe:cache-misses:604881267.535714
4.7.0-damn-ne-unsafe:cpu_24:0.105
4.7.0-damn-ne-unsafe:LLC-load-misses:309727202.928571
4.7.0-damn-ne-unsafe:enp4s0f0_rx_bytes_phy:0
4.7.0-damn-ne-unsafe:Total_tx_queue_stopped:0
4.7.0-damn-ne-unsafe:enp4s0f0_tx_packets_phy:0
4.7.0-damn-ne-unsafe:enp4s0f0_tx_bytes_phy:0
4.7.0-damn-ne-unsafe:SKT0_l2hit:0.231071428571429
4.7.0-damn-ne-unsafe:enp4s0f1_tx_bytes_phy:0
4.7.0-damn-ne-unsafe:TOTAL_l3miss:599821428.571429
4.7.0-damn-ne-unsafe:SKT1_l3miss:229357142.857143
4.7.0-damn-ne-unsafe:enp130s0f1_rx_packets:615257.714285714
4.7.0-damn-ne-unsafe:enp4s0f0_rx_bytes:0
4.7.0-damn-ne-unsafe:cpu_0:47.165
4.7.0-damn-ne-unsafe:enp130s0f1_rx_bytes_phy:4985775253.39286
4.7.0-damn-ne-unsafe:cpu_2:46.045
4.7.0-damn-ne-unsafe:Total_rx_bytes:12285113779.25
4.7.0-damn-ne-unsafe:cpu_5:49.2628571428572
4.7.0-damn-ne-unsafe:Total_tx_packets_phy:1889452.35714286
4.7.0-damn-ne-unsafe:enp130s0f1_tx_packets:596230.535714286
4.7.0-damn-ne-unsafe:enp130s0f1_rx_bytes:4982976186.17857
4.7.0-damn-ne-unsafe:cache-references:4569097599.17857
4.7.0-damn-ne-unsafe:cpu_12:24.125
4.7.0-damn-ne-unsafe:enp4s0f0_rx_packets:0
4.7.0-damn-ne-unsafe:Total_tx_bytes_phy:12794993291.9643
4.7.0-damn-ne-unsafe:enp4s0f0_rx_packets_phy:0
4.7.0-damn-ne-unsafe:cpu_3:51.855
4.7.0-damn-strict:Memory:26136.4991304348
4.7.0-damn-strict:cpu_10:32.0952173913043
4.7.0-damn-strict:enp130s0f1_tx_bytes_phy:4864683008.95652
4.7.0-damn-strict:Total_rx_packets:1391981.86956522
4.7.0-damn-strict:enp4s0f1_rx_bytes_phy:0
4.7.0-damn-strict:cycles:111863160145.652
4.7.0-damn-strict:cpu_9:43.5639130434783
4.7.0-damn-strict:70:212992
4.7.0-damn-strict:cpu_14:16.0308695652174
4.7.0-damn-strict:64512:212992
4.7.0-damn-strict:enp130s0f0_rx_packets:776514.652173913
4.7.0-damn-strict:SKT1_l3mpi:0
4.7.0-damn-strict:cpu_8:34.2260869565217
4.7.0-damn-strict:enp130s0f1_rx_packets_phy:615484.739130435
4.7.0-damn-strict:Total_tx_packets:1509287.08695652
4.7.0-damn-strict:LLC-load-misses:386167268.043478
4.7.0-damn-strict:SKT0_l2miss:561043478.26087
4.7.0-damn-strict:SKT0_l2mpi:0.01
4.7.0-damn-strict:cpu_11:32.1847826086956
4.7.0-damn-strict:cpu_24:0.170434782608696
4.7.0-damn-strict:cache-misses:741090051.869565
4.7.0-damn-strict:SKT1_l3hit:0.406956521739131
4.7.0-damn-strict:SKT1_l3miss:258913043.478261
4.7.0-damn-strict:TOTAL_l3miss:742130434.782609
4.7.0-damn-strict:enp4s0f1_tx_bytes_phy:0
4.7.0-damn-strict:enp4s0f0_rx_bytes:0
4.7.0-damn-strict:enp130s0f1_rx_packets:615467.217391304
4.7.0-damn-strict:Total_tx_queue_stopped:0
4.7.0-damn-strict:enp4s0f0_rx_bytes_phy:0
4.7.0-damn-strict:enp4s0f0_tx_packets_phy:0
4.7.0-damn-strict:SKT0_l2hit:0.213913043478261
4.7.0-damn-strict:enp4s0f0_tx_bytes_phy:0
4.7.0-damn-strict:cpu_12:30.9447826086956
4.7.0-damn-strict:cache-references:4890485032.26087
4.7.0-damn-strict:enp4s0f0_rx_packets_phy:0
4.7.0-damn-strict:cpu_3:52.5139130434783
4.7.0-damn-strict:Total_tx_bytes_phy:12254537183.4783
4.7.0-damn-strict:enp4s0f0_rx_packets:0
4.7.0-damn-strict:enp130s0f1_rx_bytes_phy:4987275779.91304
4.7.0-damn-strict:cpu_0:43.0121739130435
4.7.0-damn-strict:enp130s0f1_rx_bytes:4984674619
4.7.0-damn-strict:enp130s0f1_tx_packets:600356.608695652
4.7.0-damn-strict:Total_tx_packets_phy:1896165.60869565
4.7.0-damn-strict:Total_rx_bytes:11273673262.6957
4.7.0-damn-strict:cpu_5:50.8513043478261
4.7.0-damn-strict:cpu_2:42.5434782608695
4.7.0-damn-strict:cpu_17:68.7539130434783
4.7.0-damn-strict:Total_tx_bytes:12223724142.4348
4.7.0-damn-strict:enp4s0f1_tx_packets:0
4.7.0-damn-strict:LLC-store-misses:59151077.0869565
4.7.0-damn-strict:cpu_22:0.21304347826087
4.7.0-damn-strict:enp130s0f0_rx_bytes_phy:6292184368.04348
4.7.0-damn-strict:TOTAL_l3hit:0.254347826086956
4.7.0-damn-strict:cpu_total:30.5021739130435
4.7.0-damn-strict:cpu_18:49.7460869565217
4.7.0-damn-strict:enp130s0f0_rx_bytes:6288998643.69565
4.7.0-damn-strict:cpu_15:79.795652173913
4.7.0-damn-strict:Write:8698.09173913043
4.7.0-damn-strict:Total_rx_bytes_phy:11279460147.9565
4.7.0-damn-strict:enp4s0f0_tx_queue_stopped:0
4.7.0-damn-strict:cpu_1:49.1452173913043
4.7.0-damn-strict:enp4s0f1_rx_packets:0
4.7.0-damn-strict:enp4s0f1_tx_queue_stopped:0
4.7.0-damn-strict:LLC-load:1227396721
4.7.0-damn-strict:enp130s0f1_tx_packets_phy:600355.869565217
4.7.0-damn-strict:cpu_6:34.1830434782609
4.7.0-damn-strict:enp130s0f1_tx_bytes:4862292869.04348
4.7.0-damn-strict:LLC-store:838255165.347826
4.7.0-damn-strict:cpu_26:0
4.7.0-damn-strict:cpu_21:0.0852173913043478
4.7.0-damn-strict:enp130s0f0_tx_packets:908930.47826087
4.7.0-damn-strict:SKT1_ipc:1.02695652173913
4.7.0-damn-strict:cpu_13:74.3395652173913
4.7.0-damn-strict:cpu_27:0.255652173913044
4.7.0-damn-strict:cpu_19:8.61130434782609
4.7.0-damn-strict:SKT1_l2miss:436086956.521739
4.7.0-damn-strict:SKT0_l3miss:482869565.217391
4.7.0-damn-strict:enp4s0f0_tx_bytes:0
4.7.0-damn-strict:enp130s0f0_tx_bytes_phy:7389854174.52174
4.7.0-damn-strict:enp4s0f1_tx_bytes:0
4.7.0-damn-strict:cpu_20:0.170434782608696
4.7.0-damn-strict:SKT1_l2hit:0.369565217391304
4.7.0-damn-strict:SKT0_ipc:0.974782608695652
4.7.0-damn-strict:cpu_4:42.415652173913
4.7.0-damn-strict:TOTAL_l2mpi:0.01
4.7.0-damn-strict:TOTAL_l3mpi:0.01
4.7.0-damn-strict:SKT0_l3hit:0.140434782608696
4.7.0-damn-strict:Read:17438.4060869565
4.7.0-damn-strict:cpu_16:35.7586956521739
4.7.0-damn-strict:enp4s0f0_tx_packets:0
4.7.0-damn-strict:TOTAL_l2hit:0.290869565217391
4.7.0-damn-strict:cpu_23:0.255652173913044
4.7.0-damn-strict:cpu_7:33.2478260869565
4.7.0-damn-strict:SKT0_l3mpi:0.01
4.7.0-damn-strict:enp130s0f0_tx_queue_stopped:0
4.7.0-damn-strict:SKT1_l2mpi:0.01
4.7.0-damn-strict:enp130s0f0_tx_bytes:7361431273.3913
4.7.0-damn-strict:enp4s0f1_tx_packets_phy:0
4.7.0-damn-strict:TOTAL_ipc:1.00608695652174
4.7.0-damn-strict:enp130s0f0_rx_packets_phy:776524.608695652
4.7.0-damn-strict:enp4s0f1_rx_bytes:0
4.7.0-damn-strict:instructions:112668076778.217
4.7.0-damn-strict:enp130s0f1_tx_queue_stopped:0
4.7.0-damn-strict:enp130s0f0_tx_packets_phy:1295809.73913043
4.7.0-damn-strict:Total_rx_packets_phy:1392009.34782609
4.7.0-damn-strict:cpu_25:0.0426086956521739
4.7.0-damn-strict:enp4s0f1_rx_packets_phy:0
4.7.0-damn-strict:TOTAL_l2miss:997521739.130435
4.7.0-damnn-hp-strict:enp4s0f0_tx_bytes_phy:0
4.7.0-damnn-hp-strict:SKT0_l2hit:0.19952380952381
4.7.0-damnn-hp-strict:enp4s0f0_tx_packets_phy:0
4.7.0-damnn-hp-strict:enp4s0f0_rx_bytes_phy:0
4.7.0-damnn-hp-strict:Total_tx_queue_stopped:0
4.7.0-damnn-hp-strict:enp4s0f0_rx_bytes:0
4.7.0-damnn-hp-strict:enp130s0f1_rx_packets:615575.571428571
4.7.0-damnn-hp-strict:TOTAL_l3miss:964000000
4.7.0-damnn-hp-strict:SKT1_l3miss:399047619.047619
4.7.0-damnn-hp-strict:enp4s0f1_tx_bytes_phy:0
4.7.0-damnn-hp-strict:enp130s0f1_tx_packets:600462.904761905
4.7.0-damnn-hp-strict:Total_tx_packets_phy:1869717.28571429
4.7.0-damnn-hp-strict:enp130s0f1_rx_bytes:4985546340.38095
4.7.0-damnn-hp-strict:cpu_2:44.68
4.7.0-damnn-hp-strict:cpu_5:48.5038095238095
4.7.0-damnn-hp-strict:Total_rx_bytes:12300525597.619
4.7.0-damnn-hp-strict:cpu_0:45.52
4.7.0-damnn-hp-strict:enp130s0f1_rx_bytes_phy:4988033039.38095
4.7.0-damnn-hp-strict:enp4s0f0_rx_packets_phy:0
4.7.0-damnn-hp-strict:cpu_3:47.9904761904762
4.7.0-damnn-hp-strict:Total_tx_bytes_phy:12514647081.2381
4.7.0-damnn-hp-strict:enp4s0f0_rx_packets:0
4.7.0-damnn-hp-strict:cache-references:5193783632.09524
4.7.0-damnn-hp-strict:cpu_12:35.8561904761905
4.7.0-damnn-hp-strict:enp130s0f0_rx_packets:903194.333333333
4.7.0-damnn-hp-strict:SKT1_l3mpi:0.01
4.7.0-damnn-hp-strict:cpu_8:37.8638095238095
4.7.0-damnn-hp-strict:Total_tx_packets:1541870.47619048
4.7.0-damnn-hp-strict:enp130s0f1_rx_packets_phy:615578
4.7.0-damnn-hp-strict:cpu_9:45.6585714285714
4.7.0-damnn-hp-strict:64512:212992
4.7.0-damnn-hp-strict:cpu_14:15.1766666666667
4.7.0-damnn-hp-strict:70:212992
4.7.0-damnn-hp-strict:cycles:117145112945.19
4.7.0-damnn-hp-strict:enp4s0f1_rx_bytes_phy:0
4.7.0-damnn-hp-strict:cpu_10:33.9419047619048
4.7.0-damnn-hp-strict:Memory:33228.6823809524
4.7.0-damnn-hp-strict:Total_rx_packets:1518769.9047619
4.7.0-damnn-hp-strict:enp130s0f1_tx_bytes_phy:4865597929.38095
4.7.0-damnn-hp-strict:cpu_24:0.14
4.7.0-damnn-hp-strict:cache-misses:965161820.952381
4.7.0-damnn-hp-strict:SKT1_l3hit:0.305714285714286
4.7.0-damnn-hp-strict:SKT0_l2mpi:0.01
4.7.0-damnn-hp-strict:SKT0_l2miss:646857142.857143
4.7.0-damnn-hp-strict:cpu_11:49.487619047619
4.7.0-damnn-hp-strict:LLC-load-misses:447492864.142857
4.7.0-damnn-hp-strict:SKT0_l3mpi:0.01
4.7.0-damnn-hp-strict:enp4s0f0_tx_packets:0
4.7.0-damnn-hp-strict:cpu_7:44.3514285714286
4.7.0-damnn-hp-strict:cpu_23:0.14
4.7.0-damnn-hp-strict:TOTAL_l2hit:0.255238095238095
4.7.0-damnn-hp-strict:Read:20943.8895238095
4.7.0-damnn-hp-strict:cpu_16:34.8233333333333
4.7.0-damnn-hp-strict:enp4s0f1_rx_packets_phy:0
4.7.0-damnn-hp-strict:enp130s0f0_tx_packets_phy:1269247.95238095
4.7.0-damnn-hp-strict:Total_rx_packets_phy:1518832.14285714
4.7.0-damnn-hp-strict:cpu_25:0.186666666666667
4.7.0-damnn-hp-strict:TOTAL_l2miss:1222476190.47619
4.7.0-damnn-hp-strict:instructions:118097079100.619
4.7.0-damnn-hp-strict:enp130s0f1_tx_queue_stopped:0
4.7.0-damnn-hp-strict:TOTAL_ipc:1.00809523809524
4.7.0-damnn-hp-strict:enp4s0f1_rx_bytes:0
4.7.0-damnn-hp-strict:enp130s0f0_rx_packets_phy:903254.142857143
4.7.0-damnn-hp-strict:enp4s0f1_tx_packets_phy:0
4.7.0-damnn-hp-strict:SKT1_l2mpi:0.01
4.7.0-damnn-hp-strict:enp130s0f0_tx_queue_stopped:0
4.7.0-damnn-hp-strict:enp130s0f0_tx_bytes:7624462281.90476
4.7.0-damnn-hp-strict:enp4s0f1_rx_packets:0
4.7.0-damnn-hp-strict:cpu_1:55.46
4.7.0-damnn-hp-strict:enp4s0f0_tx_queue_stopped:0
4.7.0-damnn-hp-strict:LLC-load:1291179210
4.7.0-damnn-hp-strict:enp4s0f1_tx_queue_stopped:0
4.7.0-damnn-hp-strict:cpu_18:60.0390476190476
4.7.0-damnn-hp-strict:cpu_15:56.1628571428571
4.7.0-damnn-hp-strict:Write:12284.7919047619
4.7.0-damnn-hp-strict:Total_rx_bytes_phy:12307110213.2857
4.7.0-damnn-hp-strict:enp130s0f0_rx_bytes:7314979257.2381
4.7.0-damnn-hp-strict:enp130s0f0_rx_bytes_phy:7319077173.90476
4.7.0-damnn-hp-strict:LLC-store-misses:126255887.095238
4.7.0-damnn-hp-strict:cpu_22:0.0466666666666667
4.7.0-damnn-hp-strict:cpu_total:32.0557142857143
4.7.0-damnn-hp-strict:TOTAL_l3hit:0.21047619047619
4.7.0-damnn-hp-strict:Total_tx_bytes:12487615416.3333
4.7.0-damnn-hp-strict:cpu_17:71.9414285714285
4.7.0-damnn-hp-strict:enp4s0f1_tx_packets:0
4.7.0-damnn-hp-strict:SKT0_l3hit:0.127619047619048
4.7.0-damnn-hp-strict:TOTAL_l3mpi:0.01
4.7.0-damnn-hp-strict:SKT1_l2hit:0.31047619047619
4.7.0-damnn-hp-strict:cpu_20:0.0466666666666667
4.7.0-damnn-hp-strict:enp4s0f1_tx_bytes:0
4.7.0-damnn-hp-strict:TOTAL_l2mpi:0.01
4.7.0-damnn-hp-strict:SKT0_ipc:0.966190476190476
4.7.0-damnn-hp-strict:cpu_4:44.9133333333333
4.7.0-damnn-hp-strict:cpu_13:76.75
4.7.0-damnn-hp-strict:SKT1_ipc:1.03857142857143
4.7.0-damnn-hp-strict:cpu_27:0.0466666666666667
4.7.0-damnn-hp-strict:cpu_21:0
4.7.0-damnn-hp-strict:enp130s0f0_tx_packets:941407.571428571
4.7.0-damnn-hp-strict:enp130s0f0_tx_bytes_phy:7649049151.85714
4.7.0-damnn-hp-strict:SKT1_l2miss:575190476.190476
4.7.0-damnn-hp-strict:enp4s0f0_tx_bytes:0
4.7.0-damnn-hp-strict:SKT0_l3miss:564428571.428571
4.7.0-damnn-hp-strict:cpu_19:14.847619047619
4.7.0-damnn-hp-strict:enp130s0f1_tx_bytes:4863153134.42857
4.7.0-damnn-hp-strict:cpu_6:33.3347619047619
4.7.0-damnn-hp-strict:enp130s0f1_tx_packets_phy:600469.333333333
4.7.0-damnn-hp-strict:cpu_26:0
4.7.0-damnn-hp-strict:LLC-store:875425734.285714
4.7.0-damnn-hpne-strict:cpu_11:23.9417857142857
4.7.0-damnn-hpne-strict:SKT0_l2mpi:0.01
4.7.0-damnn-hpne-strict:SKT0_l2miss:654928571.428571
4.7.0-damnn-hpne-strict:cache-misses:976513595.892857
4.7.0-damnn-hpne-strict:SKT1_l3hit:0.298214285714286
4.7.0-damnn-hpne-strict:cpu_24:0.07
4.7.0-damnn-hpne-strict:LLC-load-misses:465419676.071429
4.7.0-damnn-hpne-strict:64512:212992
4.7.0-damnn-hpne-strict:cpu_14:15.2992857142857
4.7.0-damnn-hpne-strict:70:212992
4.7.0-damnn-hpne-strict:cpu_9:24.2914285714286
4.7.0-damnn-hpne-strict:enp130s0f1_rx_packets_phy:615510.678571429
4.7.0-damnn-hpne-strict:Total_tx_packets:1575285.82142857
4.7.0-damnn-hpne-strict:cpu_8:36.0585714285714
4.7.0-damnn-hpne-strict:SKT1_l3mpi:0.01
4.7.0-damnn-hpne-strict:enp130s0f0_rx_packets:923731.571428571
4.7.0-damnn-hpne-strict:enp130s0f1_tx_bytes_phy:4864187850
4.7.0-damnn-hpne-strict:Total_rx_packets:1539166.03571429
4.7.0-damnn-hpne-strict:Memory:33034.6778571429
4.7.0-damnn-hpne-strict:cpu_10:37.3475
4.7.0-damnn-hpne-strict:cycles:119003777620.964
4.7.0-damnn-hpne-strict:enp4s0f1_rx_bytes_phy:0
4.7.0-damnn-hpne-strict:cpu_0:47.0782142857143
4.7.0-damnn-hpne-strict:enp130s0f1_rx_bytes_phy:4987486063.03571
4.7.0-damnn-hpne-strict:cpu_2:45.9235714285714
4.7.0-damnn-hpne-strict:cpu_5:54.4253571428572
4.7.0-damnn-hpne-strict:Total_rx_bytes:12465709129.3929
4.7.0-damnn-hpne-strict:enp130s0f1_tx_packets:600295.714285714
4.7.0-damnn-hpne-strict:Total_tx_packets_phy:1887870.39285714
4.7.0-damnn-hpne-strict:enp130s0f1_rx_bytes:4984406837
4.7.0-damnn-hpne-strict:cache-references:5246683944.07143
4.7.0-damnn-hpne-strict:cpu_12:36.4717857142857
4.7.0-damnn-hpne-strict:enp4s0f0_rx_packets:0
4.7.0-damnn-hpne-strict:Total_tx_bytes_phy:12784473646.5714
4.7.0-damnn-hpne-strict:enp4s0f0_rx_packets_phy:0
4.7.0-damnn-hpne-strict:cpu_3:54.0760714285714
4.7.0-damnn-hpne-strict:Total_tx_queue_stopped:0
4.7.0-damnn-hpne-strict:enp4s0f0_tx_packets_phy:0
4.7.0-damnn-hpne-strict:enp4s0f0_rx_bytes_phy:0
4.7.0-damnn-hpne-strict:enp4s0f0_tx_bytes_phy:0
4.7.0-damnn-hpne-strict:SKT0_l2hit:0.201428571428572
4.7.0-damnn-hpne-strict:enp4s0f1_tx_bytes_phy:0
4.7.0-damnn-hpne-strict:TOTAL_l3miss:967928571.428571
4.7.0-damnn-hpne-strict:SKT1_l3miss:397428571.428571
4.7.0-damnn-hpne-strict:enp130s0f1_rx_packets:615434.464285714
4.7.0-damnn-hpne-strict:enp4s0f0_rx_bytes:0
4.7.0-damnn-hpne-strict:TOTAL_l2mpi:0.01
4.7.0-damnn-hpne-strict:cpu_4:45.9585714285714
4.7.0-damnn-hpne-strict:SKT0_ipc:0.962857142857143
4.7.0-damnn-hpne-strict:SKT1_l2hit:0.313928571428571
4.7.0-damnn-hpne-strict:cpu_20:0.139642857142857
4.7.0-damnn-hpne-strict:enp4s0f1_tx_bytes:0
4.7.0-damnn-hpne-strict:SKT0_l3hit:0.129642857142857
4.7.0-damnn-hpne-strict:TOTAL_l3mpi:0.01
4.7.0-damnn-hpne-strict:cpu_26:0.105
4.7.0-damnn-hpne-strict:LLC-store:884960691.357143
4.7.0-damnn-hpne-strict:enp130s0f1_tx_bytes:4861799502.92857
4.7.0-damnn-hpne-strict:enp130s0f1_tx_packets_phy:600295.035714286
4.7.0-damnn-hpne-strict:cpu_6:39.6932142857143
4.7.0-damnn-hpne-strict:enp130s0f0_tx_bytes_phy:7920285796.57143
4.7.0-damnn-hpne-strict:cpu_19:19.3228571428571
4.7.0-damnn-hpne-strict:SKT1_l2miss:566285714.285714
4.7.0-damnn-hpne-strict:SKT0_l3miss:569928571.428571
4.7.0-damnn-hpne-strict:enp4s0f0_tx_bytes:0
4.7.0-damnn-hpne-strict:SKT1_ipc:1.04607142857143
4.7.0-damnn-hpne-strict:cpu_13:77.6321428571429
4.7.0-damnn-hpne-strict:cpu_27:0.104642857142857
4.7.0-damnn-hpne-strict:cpu_21:0.0696428571428571
4.7.0-damnn-hpne-strict:enp130s0f0_tx_packets:974990.107142857
4.7.0-damnn-hpne-strict:Write:12058.0332142857
4.7.0-damnn-hpne-strict:cpu_15:100
4.7.0-damnn-hpne-strict:Total_rx_bytes_phy:12472422419.8214
4.7.0-damnn-hpne-strict:enp130s0f0_rx_bytes:7481302292.39286
4.7.0-damnn-hpne-strict:cpu_18:60.2003571428572
4.7.0-damnn-hpne-strict:LLC-load:1316997479.67857
4.7.0-damnn-hpne-strict:enp4s0f1_tx_queue_stopped:0
4.7.0-damnn-hpne-strict:cpu_1:56.105
4.7.0-damnn-hpne-strict:enp4s0f1_rx_packets:0
4.7.0-damnn-hpne-strict:enp4s0f0_tx_queue_stopped:0
4.7.0-damnn-hpne-strict:enp4s0f1_tx_packets:0
4.7.0-damnn-hpne-strict:Total_tx_bytes:12758248294.7857
4.7.0-damnn-hpne-strict:cpu_17:73.5428571428571
4.7.0-damnn-hpne-strict:cpu_total:32.6582142857143
4.7.0-damnn-hpne-strict:TOTAL_l3hit:0.207857142857143
4.7.0-damnn-hpne-strict:enp130s0f0_rx_bytes_phy:7484936356.78571
4.7.0-damnn-hpne-strict:LLC-store-misses:117956374.642857
4.7.0-damnn-hpne-strict:cpu_22:0.104642857142857
4.7.0-damnn-hpne-strict:TOTAL_l2miss:1221678571.42857
4.7.0-damnn-hpne-strict:enp4s0f1_rx_packets_phy:0
4.7.0-damnn-hpne-strict:Total_rx_packets_phy:1539233.75
4.7.0-damnn-hpne-strict:cpu_25:0.104642857142857
4.7.0-damnn-hpne-strict:enp130s0f0_tx_packets_phy:1287575.35714286
4.7.0-damnn-hpne-strict:enp130s0f0_rx_packets_phy:923723.071428571
4.7.0-damnn-hpne-strict:TOTAL_ipc:1.00857142857143
4.7.0-damnn-hpne-strict:enp4s0f1_rx_bytes:0
4.7.0-damnn-hpne-strict:enp4s0f1_tx_packets_phy:0
4.7.0-damnn-hpne-strict:SKT1_l2mpi:0.01
4.7.0-damnn-hpne-strict:enp130s0f0_tx_queue_stopped:0
4.7.0-damnn-hpne-strict:enp130s0f0_tx_bytes:7896448791.85714
4.7.0-damnn-hpne-strict:enp130s0f1_tx_queue_stopped:0
4.7.0-damnn-hpne-strict:instructions:120182603975.071
4.7.0-damnn-hpne-strict:cpu_7:32.3707142857143
4.7.0-damnn-hpne-strict:TOTAL_l2hit:0.259642857142857
4.7.0-damnn-hpne-strict:cpu_23:0.104642857142857
4.7.0-damnn-hpne-strict:enp4s0f0_tx_packets:0
4.7.0-damnn-hpne-strict:SKT0_l3mpi:0.01
4.7.0-damnn-hpne-strict:Read:20976.6460714286
4.7.0-damnn-hpne-strict:cpu_16:34.6828571428571
4.7.0-damnn-hpne-unsafe:cpu_total:32.6638095238095
4.7.0-damnn-hpne-unsafe:TOTAL_l3hit:0.21
4.7.0-damnn-hpne-unsafe:enp130s0f0_rx_bytes_phy:7466794434.28571
4.7.0-damnn-hpne-unsafe:LLC-store-misses:118691844.571429
4.7.0-damnn-hpne-unsafe:cpu_22:0.0466666666666667
4.7.0-damnn-hpne-unsafe:enp4s0f1_tx_packets:0
4.7.0-damnn-hpne-unsafe:Total_tx_bytes:12781489525.7143
4.7.0-damnn-hpne-unsafe:cpu_17:75.91
4.7.0-damnn-hpne-unsafe:LLC-load:1322735146.42857
4.7.0-damnn-hpne-unsafe:enp4s0f1_tx_queue_stopped:0
4.7.0-damnn-hpne-unsafe:enp4s0f1_rx_packets:0
4.7.0-damnn-hpne-unsafe:cpu_1:55.6933333333333
4.7.0-damnn-hpne-unsafe:enp4s0f0_tx_queue_stopped:0
4.7.0-damnn-hpne-unsafe:Write:12042.2804761905
4.7.0-damnn-hpne-unsafe:Total_rx_bytes_phy:12453978221.4286
4.7.0-damnn-hpne-unsafe:cpu_15:78.2914285714286
4.7.0-damnn-hpne-unsafe:enp130s0f0_rx_bytes:7463151624.57143
4.7.0-damnn-hpne-unsafe:cpu_18:59.8519047619048
4.7.0-damnn-hpne-unsafe:enp130s0f0_tx_bytes_phy:7943450008.80952
4.7.0-damnn-hpne-unsafe:SKT1_l2miss:573571428.571429
4.7.0-damnn-hpne-unsafe:SKT0_l3miss:569380952.380952
4.7.0-damnn-hpne-unsafe:cpu_19:13.2133333333333
4.7.0-damnn-hpne-unsafe:enp4s0f0_tx_bytes:0
4.7.0-damnn-hpne-unsafe:cpu_27:0.326666666666667
4.7.0-damnn-hpne-unsafe:SKT1_ipc:1.04142857142857
4.7.0-damnn-hpne-unsafe:cpu_13:77.31
4.7.0-damnn-hpne-unsafe:enp130s0f0_tx_packets:977850.666666667
4.7.0-damnn-hpne-unsafe:cpu_21:0
4.7.0-damnn-hpne-unsafe:cpu_26:0
4.7.0-damnn-hpne-unsafe:LLC-store:888690984.857143
4.7.0-damnn-hpne-unsafe:enp130s0f1_tx_bytes:4861869660.95238
4.7.0-damnn-hpne-unsafe:enp130s0f1_tx_packets_phy:600293.095238095
4.7.0-damnn-hpne-unsafe:cpu_6:39.6847619047619
4.7.0-damnn-hpne-unsafe:SKT0_l3hit:0.13
4.7.0-damnn-hpne-unsafe:TOTAL_l3mpi:0.01
4.7.0-damnn-hpne-unsafe:TOTAL_l2mpi:0.01
4.7.0-damnn-hpne-unsafe:SKT0_ipc:0.965238095238095
4.7.0-damnn-hpne-unsafe:cpu_4:46.0333333333333
4.7.0-damnn-hpne-unsafe:SKT1_l2hit:0.31047619047619
4.7.0-damnn-hpne-unsafe:cpu_20:0
4.7.0-damnn-hpne-unsafe:enp4s0f1_tx_bytes:0
4.7.0-damnn-hpne-unsafe:Read:20954.1219047619
4.7.0-damnn-hpne-unsafe:cpu_16:34.9633333333333
4.7.0-damnn-hpne-unsafe:SKT0_l3mpi:0.01
4.7.0-damnn-hpne-unsafe:cpu_7:41.177619047619
4.7.0-damnn-hpne-unsafe:TOTAL_l2hit:0.257142857142857
4.7.0-damnn-hpne-unsafe:cpu_23:0
4.7.0-damnn-hpne-unsafe:enp4s0f0_tx_packets:0
4.7.0-damnn-hpne-unsafe:enp130s0f1_tx_queue_stopped:0
4.7.0-damnn-hpne-unsafe:instructions:120117173173.524
4.7.0-damnn-hpne-unsafe:TOTAL_ipc:1.00904761904762
4.7.0-damnn-hpne-unsafe:enp4s0f1_rx_bytes:0
4.7.0-damnn-hpne-unsafe:enp4s0f1_tx_packets_phy:0
4.7.0-damnn-hpne-unsafe:enp130s0f0_rx_packets_phy:921483.047619048
4.7.0-damnn-hpne-unsafe:enp130s0f0_tx_queue_stopped:0
4.7.0-damnn-hpne-unsafe:SKT1_l2mpi:0.01
4.7.0-damnn-hpne-unsafe:enp130s0f0_tx_bytes:7919619864.7619
4.7.0-damnn-hpne-unsafe:TOTAL_l2miss:1229809523.80952
4.7.0-damnn-hpne-unsafe:enp4s0f1_rx_packets_phy:0
4.7.0-damnn-hpne-unsafe:Total_rx_packets_phy:1536956.0952381
4.7.0-damnn-hpne-unsafe:enp130s0f0_tx_packets_phy:1291514.38095238
4.7.0-damnn-hpne-unsafe:cpu_25:0
4.7.0-damnn-hpne-unsafe:cycles:119025920010.429
4.7.0-damnn-hpne-unsafe:enp4s0f1_rx_bytes_phy:0
4.7.0-damnn-hpne-unsafe:enp130s0f1_tx_bytes_phy:4864171695.90476
4.7.0-damnn-hpne-unsafe:Total_rx_packets:1536947.52380952
4.7.0-damnn-hpne-unsafe:Memory:32996.4028571429
4.7.0-damnn-hpne-unsafe:cpu_10:36.5566666666667
4.7.0-damnn-hpne-unsafe:enp130s0f1_rx_packets_phy:615473.047619048
4.7.0-damnn-hpne-unsafe:Total_tx_packets:1578155.04761905
4.7.0-damnn-hpne-unsafe:enp130s0f0_rx_packets:921490
4.7.0-damnn-hpne-unsafe:SKT1_l3mpi:0.01
4.7.0-damnn-hpne-unsafe:cpu_8:37.6771428571428
4.7.0-damnn-hpne-unsafe:64512:212992
4.7.0-damnn-hpne-unsafe:70:212992
4.7.0-damnn-hpne-unsafe:cpu_14:15.27
4.7.0-damnn-hpne-unsafe:cpu_9:24.3233333333333
4.7.0-damnn-hpne-unsafe:LLC-load-misses:464797016.285714
4.7.0-damnn-hpne-unsafe:SKT1_l3hit:0.304285714285714
4.7.0-damnn-hpne-unsafe:cache-misses:974193385.47619
4.7.0-damnn-hpne-unsafe:cpu_24:0.14
4.7.0-damnn-hpne-unsafe:cpu_11:45.5652380952381
4.7.0-damnn-hpne-unsafe:SKT0_l2mpi:0.01
4.7.0-damnn-hpne-unsafe:SKT0_l2miss:655571428.571429
4.7.0-damnn-hpne-unsafe:enp130s0f1_rx_packets:615457.523809524
4.7.0-damnn-hpne-unsafe:enp4s0f0_rx_bytes:0
4.7.0-damnn-hpne-unsafe:enp4s0f1_tx_bytes_phy:0
4.7.0-damnn-hpne-unsafe:TOTAL_l3miss:969380952.380952
4.7.0-damnn-hpne-unsafe:SKT1_l3miss:399571428.571429
4.7.0-damnn-hpne-unsafe:enp4s0f0_tx_bytes_phy:0
4.7.0-damnn-hpne-unsafe:SKT0_l2hit:0.201428571428571
4.7.0-damnn-hpne-unsafe:enp4s0f0_rx_bytes_phy:0
4.7.0-damnn-hpne-unsafe:Total_tx_queue_stopped:0
4.7.0-damnn-hpne-unsafe:enp4s0f0_tx_packets_phy:0
4.7.0-damnn-hpne-unsafe:enp4s0f0_rx_packets:0
4.7.0-damnn-hpne-unsafe:cpu_3:51.96
4.7.0-damnn-hpne-unsafe:Total_tx_bytes_phy:12807621704.7143
4.7.0-damnn-hpne-unsafe:enp4s0f0_rx_packets_phy:0
4.7.0-damnn-hpne-unsafe:cache-references:5282976790.09524
4.7.0-damnn-hpne-unsafe:cpu_12:35.7161904761905
4.7.0-damnn-hpne-unsafe:cpu_2:46.1266666666667
4.7.0-damnn-hpne-unsafe:Total_rx_bytes:12447746605.9524
4.7.0-damnn-hpne-unsafe:cpu_5:51.6333333333333
4.7.0-damnn-hpne-unsafe:Total_tx_packets_phy:1891807.47619048
4.7.0-damnn-hpne-unsafe:enp130s0f1_tx_packets:600304.380952381
4.7.0-damnn-hpne-unsafe:enp130s0f1_rx_bytes:4984594981.38095
4.7.0-damnn-hpne-unsafe:cpu_0:47.3866666666666
4.7.0-damnn-hpne-unsafe:enp130s0f1_rx_bytes_phy:4987183787.14286
4.7.0-defer:LLC-load-misses:178487049.333333
4.7.0-defer:SKT0_l2mpi:0.01
4.7.0-defer:SKT0_l2miss:267571428.571429
4.7.0-defer:cpu_11:30.1709523809524
4.7.0-defer:cpu_24:0.138571428571429
4.7.0-defer:cache-misses:382709140.666667
4.7.0-defer:SKT1_l3hit:0.465714285714286
4.7.0-defer:Memory:22886.870952381
4.7.0-defer:cpu_10:5.39142857142857
4.7.0-defer:enp130s0f1_tx_bytes_phy:4659167001.57143
4.7.0-defer:Total_rx_packets:1362587.0952381
4.7.0-defer:cycles:108193811833
4.7.0-defer:enp4s0f1_rx_bytes_phy:0
4.7.0-defer:cpu_9:41.5238095238095
4.7.0-defer:64512:212992
4.7.0-defer:70:212992
4.7.0-defer:cpu_14:3.2047619047619
4.7.0-defer:SKT1_l3mpi:0
4.7.0-defer:cpu_8:5.2047619047619
4.7.0-defer:enp130s0f0_rx_packets:749854.095238095
4.7.0-defer:enp130s0f1_rx_packets_phy:613095.666666667
4.7.0-defer:Total_tx_packets:1448728.9047619
4.7.0-defer:cache-references:3645909198.52381
4.7.0-defer:cpu_12:4.36857142857143
4.7.0-defer:enp4s0f0_rx_packets_phy:0
4.7.0-defer:cpu_3:90.1
4.7.0-defer:Total_tx_bytes_phy:11763575390.6667
4.7.0-defer:enp4s0f0_rx_packets:0
4.7.0-defer:cpu_0:71.5004761904762
4.7.0-defer:enp130s0f1_rx_bytes_phy:4967913953.14286
4.7.0-defer:Total_tx_packets_phy:1833485.9047619
4.7.0-defer:enp130s0f1_tx_packets:574971.428571429
4.7.0-defer:enp130s0f1_rx_bytes:4962526067.42857
4.7.0-defer:cpu_2:71.3147619047619
4.7.0-defer:cpu_5:90.2376190476191
4.7.0-defer:Total_rx_bytes:11035321167.4286
4.7.0-defer:TOTAL_l3miss:382238095.238095
4.7.0-defer:SKT1_l3miss:196809523.809524
4.7.0-defer:enp4s0f1_tx_bytes_phy:0
4.7.0-defer:enp4s0f0_rx_bytes:0
4.7.0-defer:enp130s0f1_rx_packets:612733
4.7.0-defer:enp4s0f0_tx_packets_phy:0
4.7.0-defer:Total_tx_queue_stopped:0
4.7.0-defer:enp4s0f0_rx_bytes_phy:0
4.7.0-defer:enp4s0f0_tx_bytes_phy:0
4.7.0-defer:SKT0_l2hit:0.303333333333333
4.7.0-defer:enp130s0f1_tx_bytes:4656698579.28571
4.7.0-defer:enp130s0f1_tx_packets_phy:576331.619047619
4.7.0-defer:cpu_6:5.29809523809524
4.7.0-defer:cpu_26:0
4.7.0-defer:LLC-store:684813359.52381
4.7.0-defer:cpu_27:0.184761904761905
4.7.0-defer:SKT1_ipc:1.04428571428571
4.7.0-defer:cpu_13:30.2171428571429
4.7.0-defer:enp130s0f0_tx_packets:873757.476190476
4.7.0-defer:cpu_21:0.0461904761904762
4.7.0-defer:enp130s0f0_tx_bytes_phy:7104408389.09524
4.7.0-defer:SKT1_l2miss:369142857.142857
4.7.0-defer:SKT0_l3miss:184952380.952381
4.7.0-defer:enp4s0f0_tx_bytes:0
4.7.0-defer:cpu_19:32.1580952380952
4.7.0-defer:SKT1_l2hit:0.436190476190476
4.7.0-defer:cpu_20:0.138571428571429
4.7.0-defer:enp4s0f1_tx_bytes:0
4.7.0-defer:TOTAL_l2mpi:0.01
4.7.0-defer:cpu_4:71.3619047619047
4.7.0-defer:SKT0_ipc:0.84047619047619
4.7.0-defer:SKT0_l3hit:0.308095238095238
4.7.0-defer:TOTAL_l3mpi:0
4.7.0-defer:Total_tx_bytes:11733264866.619
4.7.0-defer:cpu_17:69.4557142857143
4.7.0-defer:enp4s0f1_tx_packets:0
4.7.0-defer:enp130s0f0_rx_bytes_phy:6255130140.80952
4.7.0-defer:LLC-store-misses:58960808.3809524
4.7.0-defer:cpu_22:0.0461904761904762
4.7.0-defer:cpu_total:31.5266666666667
4.7.0-defer:TOTAL_l3hit:0.400476190476191
4.7.0-defer:cpu_18:58.9919047619048
4.7.0-defer:Write:11306.8595238095
4.7.0-defer:Total_rx_bytes_phy:11223044093.9524
4.7.0-defer:cpu_15:99.9533333333333
4.7.0-defer:enp130s0f0_rx_bytes:6072795100
4.7.0-defer:cpu_1:90.5176190476191
4.7.0-defer:enp4s0f1_rx_packets:0
4.7.0-defer:enp4s0f0_tx_queue_stopped:0
4.7.0-defer:LLC-load:818576969.809524
4.7.0-defer:enp4s0f1_tx_queue_stopped:0
4.7.0-defer:enp130s0f0_rx_packets_phy:771951.238095238
4.7.0-defer:TOTAL_ipc:0.971428571428572
4.7.0-defer:enp4s0f1_rx_bytes:0
4.7.0-defer:enp4s0f1_tx_packets_phy:0
4.7.0-defer:SKT1_l2mpi:0.00904761904761905
4.7.0-defer:enp130s0f0_tx_queue_stopped:0
4.7.0-defer:enp130s0f0_tx_bytes:7076566287.33333
4.7.0-defer:instructions:104960280538.381
4.7.0-defer:enp130s0f1_tx_queue_stopped:0
4.7.0-defer:enp4s0f1_rx_packets_phy:0
4.7.0-defer:Total_rx_packets_phy:1385046.9047619
4.7.0-defer:enp130s0f0_tx_packets_phy:1257154.28571429
4.7.0-defer:cpu_25:0.0461904761904762
4.7.0-defer:TOTAL_l2miss:637047619.047619
4.7.0-defer:cpu_16:7.57619047619048
4.7.0-defer:Read:11580.0114285714
4.7.0-defer:enp4s0f0_tx_packets:0
4.7.0-defer:cpu_7:5.43809523809524
4.7.0-defer:TOTAL_l2hit:0.386666666666667
4.7.0-defer:cpu_23:0.0923809523809524
4.7.0-defer:SKT0_l3mpi:0.01
4.7.0-strict:SKT1_l2hit:0.298928571428571
4.7.0-strict:enp4s0f1_tx_bytes:0
4.7.0-strict:cpu_20:0.035
4.7.0-strict:TOTAL_l2mpi:0.01
4.7.0-strict:cpu_4:78.8932142857143
4.7.0-strict:SKT0_ipc:0.596071428571428
4.7.0-strict:SKT0_l3hit:0.1625
4.7.0-strict:TOTAL_l3mpi:0.01
4.7.0-strict:enp130s0f1_tx_bytes:4817853952.60714
4.7.0-strict:enp130s0f1_tx_packets_phy:594862.642857143
4.7.0-strict:cpu_6:35.0521428571429
4.7.0-strict:cpu_26:0.07
4.7.0-strict:LLC-store:1122846935.5
4.7.0-strict:cpu_27:0.314285714285714
4.7.0-strict:SKT1_ipc:0.817142857142857
4.7.0-strict:cpu_13:78.0225
4.7.0-strict:cpu_21:21.4985714285714
4.7.0-strict:enp130s0f0_tx_packets:949990.571428571
4.7.0-strict:enp130s0f0_tx_bytes_phy:7717152612.57143
4.7.0-strict:SKT1_l2miss:711178571.428571
4.7.0-strict:SKT0_l3miss:623285714.285714
4.7.0-strict:cpu_19:39.7878571428571
4.7.0-strict:enp4s0f0_tx_bytes:0
4.7.0-strict:cpu_18:84.6232142857143
4.7.0-strict:cpu_15:51.3746428571429
4.7.0-strict:Write:13201.4692857143
4.7.0-strict:Total_rx_bytes_phy:12630192996.3571
4.7.0-strict:enp130s0f0_rx_bytes:7632480260
4.7.0-strict:cpu_1:66.5939285714286
4.7.0-strict:enp4s0f1_rx_packets:0
4.7.0-strict:enp4s0f0_tx_queue_stopped:0
4.7.0-strict:LLC-load:1527036527.32143
4.7.0-strict:enp4s0f1_tx_queue_stopped:0
4.7.0-strict:Total_tx_bytes:12511831816.3214
4.7.0-strict:cpu_17:86.2664285714286
4.7.0-strict:enp4s0f1_tx_packets:0
4.7.0-strict:enp130s0f0_rx_bytes_phy:7642596909.75
4.7.0-strict:LLC-store-misses:80963679.6428571
4.7.0-strict:cpu_22:0.104285714285714
4.7.0-strict:cpu_total:41.5785714285714
4.7.0-strict:TOTAL_l3hit:0.225714285714286
4.7.0-strict:enp4s0f1_rx_packets_phy:0
4.7.0-strict:Total_rx_packets_phy:1558704.39285714
4.7.0-strict:enp130s0f0_tx_packets_phy:1255753.78571429
4.7.0-strict:cpu_25:0.278928571428571
4.7.0-strict:TOTAL_l2miss:1455857142.85714
4.7.0-strict:TOTAL_ipc:0.72
4.7.0-strict:enp4s0f1_tx_packets_phy:0
4.7.0-strict:enp130s0f0_rx_packets_phy:943180.321428571
4.7.0-strict:enp4s0f1_rx_bytes:0
4.7.0-strict:enp130s0f0_tx_queue_stopped:0
4.7.0-strict:SKT1_l2mpi:0.01
4.7.0-strict:enp130s0f0_tx_bytes:7693977863.71429
4.7.0-strict:instructions:103386294614.25
4.7.0-strict:enp130s0f1_tx_queue_stopped:0
4.7.0-strict:enp4s0f0_tx_packets:0
4.7.0-strict:cpu_7:64.5885714285714
4.7.0-strict:cpu_23:0
4.7.0-strict:TOTAL_l2hit:0.258571428571428
4.7.0-strict:SKT0_l3mpi:0.02
4.7.0-strict:cpu_16:31.27
4.7.0-strict:Read:23755.2507142857
4.7.0-strict:SKT0_l2mpi:0.02
4.7.0-strict:SKT0_l2miss:744035714.285714
4.7.0-strict:cpu_11:44.2492857142857
4.7.0-strict:cpu_24:0.0696428571428571
4.7.0-strict:SKT1_l3hit:0.290714285714286
4.7.0-strict:cache-misses:1143686861.96429
4.7.0-strict:LLC-load-misses:673099600.964286
4.7.0-strict:cpu_9:40.0407142857143
4.7.0-strict:64512:212992
4.7.0-strict:cpu_14:13.5246428571429
4.7.0-strict:70:212992
4.7.0-strict:enp130s0f0_rx_packets:942397.535714286
4.7.0-strict:SKT1_l3mpi:0.01
4.7.0-strict:cpu_8:33.505
4.7.0-strict:Total_tx_packets:1544860.28571429
4.7.0-strict:enp130s0f1_rx_packets_phy:615524.071428571
4.7.0-strict:Memory:36956.7192857143
4.7.0-strict:cpu_10:34.8289285714286
4.7.0-strict:Total_rx_packets:1557818.53571429
4.7.0-strict:enp130s0f1_tx_bytes_phy:4820167140.75
4.7.0-strict:cycles:144846142408.607
4.7.0-strict:enp4s0f1_rx_bytes_phy:0
4.7.0-strict:cpu_0:78.9635714285714
4.7.0-strict:enp130s0f1_rx_bytes_phy:4987596086.60714
4.7.0-strict:Total_tx_packets_phy:1850616.42857143
4.7.0-strict:enp130s0f1_tx_packets:594869.714285714
4.7.0-strict:enp130s0f1_rx_bytes:4984297039.28571
4.7.0-strict:cpu_2:78.8589285714286
4.7.0-strict:Total_rx_bytes:12616777299.2857
4.7.0-strict:cpu_5:79.9767857142857
4.7.0-strict:cache-references:5458006582.42857
4.7.0-strict:cpu_12:33.0914285714286
4.7.0-strict:cpu_3:89.2389285714286
4.7.0-strict:enp4s0f0_rx_packets_phy:0
4.7.0-strict:Total_tx_bytes_phy:12537319753.3214
4.7.0-strict:enp4s0f0_rx_packets:0
4.7.0-strict:Total_tx_queue_stopped:0
4.7.0-strict:enp4s0f0_tx_packets_phy:0
4.7.0-strict:enp4s0f0_rx_bytes_phy:0
4.7.0-strict:enp4s0f0_tx_bytes_phy:0
4.7.0-strict:SKT0_l2hit:0.2125
4.7.0-strict:TOTAL_l3miss:1129142857.14286
4.7.0-strict:SKT1_l3miss:505535714.285714
4.7.0-strict:enp4s0f1_tx_bytes_phy:0
4.7.0-strict:enp4s0f0_rx_bytes:0
4.7.0-strict:enp130s0f1_rx_packets:615421
4.7.0-unsafe:Total_tx_packets_phy:1823942.66666667
4.7.0-unsafe:enp130s0f1_tx_packets:597946.428571429
4.7.0-unsafe:enp130s0f1_rx_bytes:4985565341.38095
4.7.0-unsafe:cpu_2:77.0471428571429
4.7.0-unsafe:cpu_5:86.9609523809524
4.7.0-unsafe:Total_rx_bytes:13056423651.2857
4.7.0-unsafe:cpu_0:77.1871428571429
4.7.0-unsafe:enp130s0f1_rx_bytes_phy:4987926925.57143
4.7.0-unsafe:cpu_3:86.5438095238095
4.7.0-unsafe:enp4s0f0_rx_packets_phy:0
4.7.0-unsafe:Total_tx_bytes_phy:12516165965.9524
4.7.0-unsafe:enp4s0f0_rx_packets:0
4.7.0-unsafe:cache-references:5448613304
4.7.0-unsafe:cpu_12:36.68
4.7.0-unsafe:enp4s0f0_tx_bytes_phy:0
4.7.0-unsafe:SKT0_l2hit:0.208095238095238
4.7.0-unsafe:Total_tx_queue_stopped:0
4.7.0-unsafe:enp4s0f0_rx_bytes_phy:0
4.7.0-unsafe:enp4s0f0_tx_packets_phy:0
4.7.0-unsafe:enp4s0f0_rx_bytes:0
4.7.0-unsafe:enp130s0f1_rx_packets:615577.666666667
4.7.0-unsafe:TOTAL_l3miss:1151380952.38095
4.7.0-unsafe:SKT1_l3miss:495523809.52381
4.7.0-unsafe:enp4s0f1_tx_bytes_phy:0
4.7.0-unsafe:cpu_24:0.0923809523809524
4.7.0-unsafe:SKT1_l3hit:0.291428571428571
4.7.0-unsafe:cache-misses:1147785805.85714
4.7.0-unsafe:SKT0_l2mpi:0.02
4.7.0-unsafe:SKT0_l2miss:778714285.714286
4.7.0-unsafe:cpu_11:24.0209523809524
4.7.0-unsafe:LLC-load-misses:672042513.333333
4.7.0-unsafe:SKT1_l3mpi:0.01
4.7.0-unsafe:enp130s0f0_rx_packets:996524.952380952
4.7.0-unsafe:cpu_8:36.9685714285714
4.7.0-unsafe:Total_tx_packets:1542433.52380952
4.7.0-unsafe:enp130s0f1_rx_packets_phy:615565.047619048
4.7.0-unsafe:cpu_9:62.8014285714286
4.7.0-unsafe:64512:212992
4.7.0-unsafe:cpu_14:13.4085714285714
4.7.0-unsafe:70:212992
4.7.0-unsafe:cycles:142189311086.238
4.7.0-unsafe:enp4s0f1_rx_bytes_phy:0
4.7.0-unsafe:Memory:37476.4061904762
4.7.0-unsafe:cpu_10:36.82
4.7.0-unsafe:enp130s0f1_tx_bytes_phy:4845011705.57143
4.7.0-unsafe:Total_rx_packets:1612102.61904762
4.7.0-unsafe:enp4s0f1_rx_packets_phy:0
4.7.0-unsafe:cpu_25:0.0461904761904762
4.7.0-unsafe:enp130s0f0_tx_packets_phy:1226015.04761905
4.7.0-unsafe:Total_rx_packets_phy:1612836.04761905
4.7.0-unsafe:TOTAL_l2miss:1478761904.7619
4.7.0-unsafe:instructions:99281538523.3333
4.7.0-unsafe:enp130s0f1_tx_queue_stopped:0
4.7.0-unsafe:TOTAL_ipc:0.697619047619047
4.7.0-unsafe:enp130s0f0_rx_packets_phy:997271
4.7.0-unsafe:enp4s0f1_tx_packets_phy:0
4.7.0-unsafe:enp4s0f1_rx_bytes:0
4.7.0-unsafe:enp130s0f0_tx_queue_stopped:0
4.7.0-unsafe:SKT1_l2mpi:0.01
4.7.0-unsafe:enp130s0f0_tx_bytes:7649405741.33333
4.7.0-unsafe:SKT0_l3mpi:0.02
4.7.0-unsafe:enp4s0f0_tx_packets:0
4.7.0-unsafe:cpu_7:48.562380952381
4.7.0-unsafe:cpu_23:0.0928571428571429
4.7.0-unsafe:TOTAL_l2hit:0.25
4.7.0-unsafe:cpu_16:31.7480952380952
4.7.0-unsafe:Read:23804.6161904762
4.7.0-unsafe:SKT0_l3hit:0.15952380952381
4.7.0-unsafe:TOTAL_l3mpi:0.01
4.7.0-unsafe:SKT1_l2hit:0.291904761904762
4.7.0-unsafe:cpu_20:0.0923809523809524
4.7.0-unsafe:enp4s0f1_tx_bytes:0
4.7.0-unsafe:TOTAL_l2mpi:0.0119047619047619
4.7.0-unsafe:cpu_4:77.1880952380953
4.7.0-unsafe:SKT0_ipc:0.575714285714286
4.7.0-unsafe:cpu_13:54.1228571428571
4.7.0-unsafe:SKT1_ipc:0.800952380952381
4.7.0-unsafe:cpu_27:0.185238095238095
4.7.0-unsafe:cpu_21:0.13952380952381
4.7.0-unsafe:enp130s0f0_tx_packets:944487.095238095
4.7.0-unsafe:enp130s0f0_tx_bytes_phy:7671154260.38095
4.7.0-unsafe:SKT0_l3miss:655285714.285714
4.7.0-unsafe:SKT1_l2miss:699523809.52381
4.7.0-unsafe:cpu_19:41.6666666666667
4.7.0-unsafe:enp4s0f0_tx_bytes:0
4.7.0-unsafe:enp130s0f1_tx_bytes:4842771841.14286
4.7.0-unsafe:enp130s0f1_tx_packets_phy:597927.619047619
4.7.0-unsafe:cpu_6:35.5214285714286
4.7.0-unsafe:cpu_26:0.138571428571429
4.7.0-unsafe:LLC-store:1112852637.90476
4.7.0-unsafe:enp4s0f1_rx_packets:0
4.7.0-unsafe:cpu_1:87.1947619047619
4.7.0-unsafe:enp4s0f0_tx_queue_stopped:0
4.7.0-unsafe:LLC-load:1528432957.2381
4.7.0-unsafe:enp4s0f1_tx_queue_stopped:0
4.7.0-unsafe:cpu_18:84.6428571428572
4.7.0-unsafe:Total_rx_bytes_phy:13068815236.0476
4.7.0-unsafe:Write:13671.790952381
4.7.0-unsafe:cpu_15:56.477619047619
4.7.0-unsafe:enp130s0f0_rx_bytes:8070858309.90476
4.7.0-unsafe:enp130s0f0_rx_bytes_phy:8080888310.47619
4.7.0-unsafe:LLC-store-misses:82474944.5238095
4.7.0-unsafe:cpu_22:0.184761904761905
4.7.0-unsafe:cpu_total:40.7347619047619
4.7.0-unsafe:TOTAL_l3hit:0.22
4.7.0-unsafe:Total_tx_bytes:12492177582.4762
4.7.0-unsafe:cpu_17:85.572380952381
4.7.0-unsafe:enp4s0f1_tx_packets:0
