4.7.0-copy-plus-strict:cpu_18:79.98
4.7.0-copy-plus-strict:SKT0_l2hit:0.562
4.7.0-copy-plus-strict:enp130s0f1_tx_queue_stopped:0
4.7.0-copy-plus-strict:enp130s0f0_tx_queue_stopped:0
4.7.0-copy-plus-strict:cpu_21:99.44
4.7.0-copy-plus-strict:SKT0_l3mpi:0
4.7.0-copy-plus-strict:enp4s0f1_tx_packets_phy:0
4.7.0-copy-plus-strict:enp4s0f0_rx_packets:0
4.7.0-copy-plus-strict:cpu_15:100
4.7.0-copy-plus-strict:enp4s0f0_tx_packets:0
4.7.0-copy-plus-strict:SKT0_l3miss:242800000
4.7.0-copy-plus-strict:enp4s0f0_tx_bytes:0
4.7.0-copy-plus-strict:enp130s0f0_tx_bytes:75491865
4.7.0-copy-plus-strict:cpu_16:74.304
4.7.0-copy-plus-strict:Total_tx_bytes_phy:163357386
4.7.0-copy-plus-strict:cpu_3:99.82
4.7.0-copy-plus-strict:cpu_25:99.834
4.7.0-copy-plus-strict:cpu_10:88.68
4.7.0-copy-plus-strict:enp4s0f1_rx_packets_phy:0
4.7.0-copy-plus-strict:cpu_23:98.022
4.7.0-copy-plus-strict:enp130s0f0_rx_packets_phy:1269453.8
4.7.0-copy-plus-strict:cpu_total:93.296
4.7.0-copy-plus-strict:SKT1_l3hit:0.684
4.7.0-copy-plus-strict:enp130s0f0_rx_packets:1270652
4.7.0-copy-plus-strict:cpu_1:99.81
4.7.0-copy-plus-strict:LLC-load-misses:449146500.4
4.7.0-copy-plus-strict:enp4s0f0_tx_packets_phy:0
4.7.0-copy-plus-strict:SKT0_l3hit:0.602
4.7.0-copy-plus-strict:SKT1_l2miss:813800000
4.7.0-copy-plus-strict:TOTAL_l2mpi:0.01
4.7.0-copy-plus-strict:Write:2643.312
4.7.0-copy-plus-strict:enp4s0f0_tx_bytes_phy:0
4.7.0-copy-plus-strict:enp130s0f1_tx_bytes_phy:82908304.2
4.7.0-copy-plus-strict:LLC-store-misses:179627649.6
4.7.0-copy-plus-strict:enp130s0f1_tx_bytes:77496606.8
4.7.0-copy-plus-strict:enp130s0f1_tx_packets:1291609.6
4.7.0-copy-plus-strict:enp130s0f1_rx_bytes_phy:82907840.6
4.7.0-copy-plus-strict:SKT1_l2hit:0.516
4.7.0-copy-plus-strict:enp4s0f0_rx_bytes:0
4.7.0-copy-plus-strict:cpu_14:83.66
4.7.0-copy-plus-strict:cpu_9:100
4.7.0-copy-plus-strict:enp130s0f0_tx_packets:1258197.2
4.7.0-copy-plus-strict:Total_tx_packets:2549806.8
4.7.0-copy-plus-strict:Total_tx_bytes:152988471.8
4.7.0-copy-plus-strict:cpu_6:98.768
4.7.0-copy-plus-strict:cpu_7:100
4.7.0-copy-plus-strict:cpu_2:98.702
4.7.0-copy-plus-strict:cpu_13:100
4.7.0-copy-plus-strict:enp4s0f1_rx_bytes_phy:0
4.7.0-copy-plus-strict:Total_rx_bytes:253807638.2
4.7.0-copy-plus-strict:enp4s0f1_tx_queue_stopped:0
4.7.0-copy-plus-strict:SKT0_l2mpi:0.01
4.7.0-copy-plus-strict:enp130s0f1_rx_bytes:77496187
4.7.0-copy-plus-strict:enp130s0f0_rx_bytes:176311451.2
4.7.0-copy-plus-strict:enp4s0f1_rx_bytes:0
4.7.0-copy-plus-strict:212992:212992
4.7.0-copy-plus-strict:enp130s0f0_rx_bytes_phy:181270622.6
4.7.0-copy-plus-strict:enp130s0f1_rx_packets:1291602.8
4.7.0-copy-plus-strict:TOTAL_l3miss:499600000
4.7.0-copy-plus-strict:enp130s0f1_tx_packets_phy:1295441.8
4.7.0-copy-plus-strict:cpu_26:77.692
4.7.0-copy-plus-strict:enp4s0f1_tx_bytes:0
4.7.0-copy-plus-strict:cache-misses:711912087.4
4.7.0-copy-plus-strict:enp130s0f1_rx_packets_phy:1295434.6
4.7.0-copy-plus-strict:cpu_4:96.526
4.7.0-copy-plus-strict:enp4s0f1_rx_packets:0
4.7.0-copy-plus-strict:cpu_27:95.83
4.7.0-copy-plus-strict:cpu_5:100
4.7.0-copy-plus-strict:cpu_19:94.402
4.7.0-copy-plus-strict:enp4s0f0_tx_queue_stopped:0
4.7.0-copy-plus-strict:Total_rx_bytes_phy:264178463.2
4.7.0-copy-plus-strict:cycles:319348477447.6
4.7.0-copy-plus-strict:TOTAL_l2hit:0.538
4.7.0-copy-plus-strict:Total_tx_packets_phy:2552459.2
4.7.0-copy-plus-strict:LLC-load:2342809918.8
4.7.0-copy-plus-strict:Total_tx_queue_stopped:0
4.7.0-copy-plus-strict:enp4s0f0_rx_packets_phy:0
4.7.0-copy-plus-strict:LLC-store:1021623493.2
4.7.0-copy-plus-strict:TOTAL_l3mpi:0
4.7.0-copy-plus-strict:SKT1_ipc:0.656
4.7.0-copy-plus-strict:Total_rx_packets_phy:2564888.4
4.7.0-copy-plus-strict:enp4s0f0_rx_bytes_phy:0
4.7.0-copy-plus-strict:instructions:209891024223.2
4.7.0-copy-plus-strict:cpu_20:74.874
4.7.0-copy-plus-strict:cpu_22:79.09
4.7.0-copy-plus-strict:cpu_12:99.81
4.7.0-copy-plus-strict:SKT1_l3mpi:0
4.7.0-copy-plus-strict:cpu_24:76.832
4.7.0-copy-plus-strict:SKT0_l2miss:618800000
4.7.0-copy-plus-strict:cpu_8:100
4.7.0-copy-plus-strict:TOTAL_ipc:0.652
4.7.0-copy-plus-strict:enp130s0f0_tx_bytes_phy:80449081.8
4.7.0-copy-plus-strict:cpu_11:100
4.7.0-copy-plus-strict:cache-references:4699971728
4.7.0-copy-plus-strict:Memory:12538.994
4.7.0-copy-plus-strict:cpu_17:96.38
4.7.0-copy-plus-strict:SKT1_l2mpi:0.01
4.7.0-copy-plus-strict:SKT0_ipc:0.648
4.7.0-copy-plus-strict:enp130s0f0_tx_packets_phy:1257017.4
4.7.0-copy-plus-strict:cpu_0:100
4.7.0-copy-plus-strict:SKT1_l3miss:256400000
4.7.0-copy-plus-strict:Read:9895.68
4.7.0-copy-plus-strict:Total_rx_packets:2562254.8
4.7.0-copy-plus-strict:enp4s0f1_tx_bytes_phy:0
4.7.0-copy-plus-strict:enp4s0f1_tx_packets:0
4.7.0-copy-plus-strict:TOTAL_l3hit:0.648
4.7.0-copy-plus-strict:TOTAL_l2miss:1433200000
4.7.0-damn-strict:SKT1_l3hit:0.712
4.7.0-damn-strict:cpu_total:92.066
4.7.0-damn-strict:enp130s0f0_rx_packets:1324515.2
4.7.0-damn-strict:cpu_1:100
4.7.0-damn-strict:LLC-load-misses:364955960.4
4.7.0-damn-strict:enp4s0f0_tx_packets_phy:0
4.7.0-damn-strict:SKT0_l3hit:0.622
4.7.0-damn-strict:SKT1_l2miss:1098600000
4.7.0-damn-strict:TOTAL_l2mpi:0.01
4.7.0-damn-strict:Write:1843.152
4.7.0-damn-strict:cpu_3:100
4.7.0-damn-strict:cpu_25:93.73
4.7.0-damn-strict:cpu_10:99.81
4.7.0-damn-strict:enp4s0f1_rx_packets_phy:0
4.7.0-damn-strict:cpu_23:96.63
4.7.0-damn-strict:enp130s0f0_rx_packets_phy:1324535.2
4.7.0-damn-strict:enp4s0f0_tx_bytes:0
4.7.0-damn-strict:enp130s0f0_tx_bytes:79470955.2
4.7.0-damn-strict:Total_tx_bytes_phy:170168524.4
4.7.0-damn-strict:cpu_16:71.93
4.7.0-damn-strict:cpu_18:78.202
4.7.0-damn-strict:SKT0_l2hit:0.564
4.7.0-damn-strict:enp130s0f1_tx_queue_stopped:0
4.7.0-damn-strict:enp130s0f0_tx_queue_stopped:0
4.7.0-damn-strict:SKT0_l3mpi:0
4.7.0-damn-strict:cpu_21:97.92
4.7.0-damn-strict:enp4s0f1_tx_packets_phy:0
4.7.0-damn-strict:enp4s0f0_rx_packets:0
4.7.0-damn-strict:cpu_15:100
4.7.0-damn-strict:enp4s0f0_tx_packets:0
4.7.0-damn-strict:SKT0_l3miss:328600000
4.7.0-damn-strict:cpu_2:99.28
4.7.0-damn-strict:cpu_13:100
4.7.0-damn-strict:enp4s0f1_rx_bytes_phy:0
4.7.0-damn-strict:Total_rx_bytes:159401299.2
4.7.0-damn-strict:enp4s0f1_tx_queue_stopped:0
4.7.0-damn-strict:SKT0_l2mpi:0.01
4.7.0-damn-strict:enp130s0f1_rx_bytes:79930352.2
4.7.0-damn-strict:cpu_7:100
4.7.0-damn-strict:SKT1_l2hit:0.532
4.7.0-damn-strict:enp4s0f0_rx_bytes:0
4.7.0-damn-strict:cpu_14:70.122
4.7.0-damn-strict:enp130s0f0_tx_packets:1324515.2
4.7.0-damn-strict:cpu_9:100
4.7.0-damn-strict:Total_tx_packets:2656675.2
4.7.0-damn-strict:cpu_6:100
4.7.0-damn-strict:Total_tx_bytes:159400605.6
4.7.0-damn-strict:enp4s0f0_tx_bytes_phy:0
4.7.0-damn-strict:enp130s0f1_tx_bytes_phy:85397564.6
4.7.0-damn-strict:LLC-store-misses:193444678
4.7.0-damn-strict:enp130s0f1_rx_bytes_phy:85396469.4
4.7.0-damn-strict:enp130s0f1_tx_packets:1332160
4.7.0-damn-strict:enp130s0f1_tx_bytes:79929650.4
4.7.0-damn-strict:Total_tx_queue_stopped:0
4.7.0-damn-strict:enp4s0f0_rx_packets_phy:0
4.7.0-damn-strict:LLC-store:966744198.4
4.7.0-damn-strict:SKT1_ipc:0.666
4.7.0-damn-strict:TOTAL_l3mpi:0
4.7.0-damn-strict:enp4s0f0_rx_bytes_phy:0
4.7.0-damn-strict:Total_rx_packets_phy:2658855.8
4.7.0-damn-strict:cpu_27:94.668
4.7.0-damn-strict:cpu_5:100
4.7.0-damn-strict:cpu_19:90.692
4.7.0-damn-strict:enp4s0f0_tx_queue_stopped:0
4.7.0-damn-strict:Total_rx_bytes_phy:170166771.2
4.7.0-damn-strict:TOTAL_l2hit:0.548
4.7.0-damn-strict:cycles:315602013484.6
4.7.0-damn-strict:Total_tx_packets_phy:2658878.2
4.7.0-damn-strict:LLC-load:2208170776.6
4.7.0-damn-strict:TOTAL_l3miss:643800000
4.7.0-damn-strict:enp130s0f1_tx_packets_phy:1334335.4
4.7.0-damn-strict:enp4s0f1_tx_bytes:0
4.7.0-damn-strict:cpu_26:79.506
4.7.0-damn-strict:cache-misses:641820801.2
4.7.0-damn-strict:enp130s0f1_rx_packets_phy:1334320.6
4.7.0-damn-strict:cpu_4:81.47
4.7.0-damn-strict:enp4s0f1_rx_packets:0
4.7.0-damn-strict:enp130s0f0_rx_bytes:79470947
4.7.0-damn-strict:enp4s0f1_rx_bytes:0
4.7.0-damn-strict:212992:212992
4.7.0-damn-strict:enp130s0f0_rx_bytes_phy:84770301.8
4.7.0-damn-strict:enp130s0f1_rx_packets:1332171.8
4.7.0-damn-strict:SKT1_l2mpi:0.01
4.7.0-damn-strict:SKT0_ipc:0.646
4.7.0-damn-strict:enp130s0f0_tx_packets_phy:1324542.8
4.7.0-damn-strict:cpu_0:99.622
4.7.0-damn-strict:SKT1_l3miss:314400000
4.7.0-damn-strict:Read:8894.4
4.7.0-damn-strict:enp4s0f1_tx_bytes_phy:0
4.7.0-damn-strict:Total_rx_packets:2656687
4.7.0-damn-strict:TOTAL_l2miss:1968000000
4.7.0-damn-strict:TOTAL_l3hit:0.674
4.7.0-damn-strict:enp4s0f1_tx_packets:0
4.7.0-damn-strict:enp130s0f0_tx_bytes_phy:84770959.8
4.7.0-damn-strict:cache-references:4624295388.6
4.7.0-damn-strict:cpu_11:100
4.7.0-damn-strict:Memory:10737.552
4.7.0-damn-strict:cpu_17:97.328
4.7.0-damn-strict:cpu_22:79.088
4.7.0-damn-strict:cpu_12:99.062
4.7.0-damn-strict:SKT1_l3mpi:0
4.7.0-damn-strict:cpu_24:71.568
4.7.0-damn-strict:SKT0_l2miss:868400000
4.7.0-damn-strict:cpu_8:100
4.7.0-damn-strict:TOTAL_ipc:0.656
4.7.0-damn-strict:instructions:206959845233.8
4.7.0-damn-strict:cpu_20:76.09
4.7.0-deff:Total_tx_queue_stopped:0
4.7.0-deff:enp4s0f0_rx_packets_phy:0
4.7.0-deff:LLC-store:777878034.6
4.7.0-deff:SKT1_ipc:0.694
4.7.0-deff:TOTAL_l3mpi:0
4.7.0-deff:Total_rx_packets_phy:2140029
4.7.0-deff:enp4s0f0_rx_bytes_phy:0
4.7.0-deff:cpu_27:85.022
4.7.0-deff:cpu_5:99.034
4.7.0-deff:cpu_19:78.652
4.7.0-deff:enp4s0f0_tx_queue_stopped:0
4.7.0-deff:Total_rx_bytes_phy:136962002.6
4.7.0-deff:TOTAL_l2hit:0.482
4.7.0-deff:cycles:290230608022.8
4.7.0-deff:Total_tx_packets_phy:2140037.8
4.7.0-deff:LLC-load:1880431443.8
4.7.0-deff:TOTAL_l3miss:402888600
4.7.0-deff:enp130s0f1_tx_packets_phy:1240403.8
4.7.0-deff:cpu_26:59.848
4.7.0-deff:enp4s0f1_tx_bytes:0
4.7.0-deff:cache-misses:567673088.2
4.7.0-deff:enp130s0f1_rx_packets_phy:1240397.4
4.7.0-deff:cpu_4:90.912
4.7.0-deff:enp4s0f1_rx_packets:0
4.7.0-deff:enp130s0f0_rx_bytes:54086738.6
4.7.0-deff:212992:212992
4.7.0-deff:enp4s0f1_rx_bytes:0
4.7.0-deff:enp130s0f1_rx_packets:1242160.8
4.7.0-deff:enp130s0f0_rx_bytes_phy:57576528.6
4.7.0-deff:SKT1_l2mpi:0.01
4.7.0-deff:SKT0_ipc:0.628
4.7.0-deff:enp130s0f0_tx_packets_phy:899634
4.7.0-deff:cpu_0:95.948
4.7.0-deff:Read:7461.766
4.7.0-deff:SKT1_l3miss:196852600
4.7.0-deff:Total_rx_packets:2143606.2
4.7.0-deff:enp4s0f1_tx_bytes_phy:0
4.7.0-deff:TOTAL_l3hit:0.652
4.7.0-deff:TOTAL_l2miss:1188430200
4.7.0-deff:enp4s0f1_tx_packets:0
4.7.0-deff:enp130s0f0_tx_bytes_phy:57576418.2
4.7.0-deff:cpu_11:93.86
4.7.0-deff:cache-references:3928297994.4
4.7.0-deff:Memory:8806.874
4.7.0-deff:cpu_17:79.52
4.7.0-deff:cpu_22:59.444
4.7.0-deff:cpu_12:83.104
4.7.0-deff:SKT1_l3mpi:0
4.7.0-deff:cpu_24:60.822
4.7.0-deff:SKT0_l2miss:537302600
4.7.0-deff:cpu_8:97.54
4.7.0-deff:TOTAL_ipc:0.666
4.7.0-deff:instructions:203410726727.4
4.7.0-deff:cpu_20:61.186
4.7.0-deff:cpu_total:83.162
4.7.0-deff:SKT1_l3hit:0.674
4.7.0-deff:cpu_1:97.302
4.7.0-deff:enp130s0f0_rx_packets:901445.4
4.7.0-deff:LLC-load-misses:319263115.2
4.7.0-deff:enp4s0f0_tx_packets_phy:0
4.7.0-deff:SKT0_l3hit:0.62
4.7.0-deff:Write:1345.11
4.7.0-deff:TOTAL_l2mpi:0.01
4.7.0-deff:SKT1_l2miss:651127400
4.7.0-deff:cpu_25:81.152
4.7.0-deff:cpu_3:98.062
4.7.0-deff:cpu_10:88.86
4.7.0-deff:enp4s0f1_rx_packets_phy:0
4.7.0-deff:cpu_23:78.662
4.7.0-deff:enp130s0f0_rx_packets_phy:899631.6
4.7.0-deff:enp4s0f0_tx_bytes:0
4.7.0-deff:enp130s0f0_tx_bytes:54086560.2
4.7.0-deff:Total_tx_bytes_phy:136962237
4.7.0-deff:cpu_16:61.166
4.7.0-deff:SKT0_l2hit:0.494
4.7.0-deff:cpu_18:59.932
4.7.0-deff:enp130s0f1_tx_queue_stopped:0
4.7.0-deff:enp130s0f0_tx_queue_stopped:0
4.7.0-deff:cpu_21:79.42
4.7.0-deff:SKT0_l3mpi:0.002
4.7.0-deff:enp4s0f1_tx_packets_phy:0
4.7.0-deff:enp4s0f0_rx_packets:0
4.7.0-deff:enp4s0f0_tx_packets:0
4.7.0-deff:cpu_15:92.158
4.7.0-deff:SKT0_l3miss:205835800
4.7.0-deff:cpu_2:97.328
4.7.0-deff:cpu_13:95.606
4.7.0-deff:enp4s0f1_rx_bytes_phy:0
4.7.0-deff:Total_rx_bytes:128616428.4
4.7.0-deff:enp4s0f1_tx_queue_stopped:0
4.7.0-deff:enp130s0f1_rx_bytes:74529689.8
4.7.0-deff:SKT0_l2mpi:0.012
4.7.0-deff:cpu_7:95.792
4.7.0-deff:SKT1_l2hit:0.47
4.7.0-deff:enp4s0f0_rx_bytes:0
4.7.0-deff:cpu_14:61.94
4.7.0-deff:cpu_9:98.236
4.7.0-deff:enp130s0f0_tx_packets:901442.2
4.7.0-deff:Total_tx_packets:2143609.6
4.7.0-deff:Total_tx_bytes:128616630.2
4.7.0-deff:cpu_6:98.122
4.7.0-deff:enp4s0f0_tx_bytes_phy:0
4.7.0-deff:enp130s0f1_tx_bytes_phy:79385818.8
4.7.0-deff:enp130s0f1_rx_bytes_phy:79385474
4.7.0-deff:LLC-store-misses:169551902.8
4.7.0-deff:enp130s0f1_tx_bytes:74530070
4.7.0-deff:enp130s0f1_tx_packets:1242167.4
4.7.0-strict:cpu_14:26.14
4.7.0-strict:SKT1_l2hit:0.596
4.7.0-strict:enp4s0f0_rx_bytes:0
4.7.0-strict:Total_tx_packets:372203.4
4.7.0-strict:cpu_6:97.938
4.7.0-strict:Total_tx_bytes:22333068.6
4.7.0-strict:cpu_9:100
4.7.0-strict:enp130s0f0_tx_packets:172093.2
4.7.0-strict:enp130s0f1_tx_bytes_phy:12826537
4.7.0-strict:enp4s0f0_tx_bytes_phy:0
4.7.0-strict:enp130s0f1_tx_bytes:12007054.6
4.7.0-strict:LLC-store-misses:41392430.4
4.7.0-strict:enp130s0f1_rx_bytes_phy:677213903.2
4.7.0-strict:enp130s0f1_tx_packets:200110.2
4.7.0-strict:cpu_13:97.516
4.7.0-strict:enp4s0f1_rx_bytes_phy:0
4.7.0-strict:cpu_2:100
4.7.0-strict:enp130s0f1_rx_bytes:26450365.6
4.7.0-strict:SKT0_l2mpi:0.006
4.7.0-strict:Total_rx_bytes:36775877.8
4.7.0-strict:enp4s0f1_tx_queue_stopped:0
4.7.0-strict:cpu_7:93.524
4.7.0-strict:Total_tx_bytes_phy:23983950.6
4.7.0-strict:cpu_16:23.168
4.7.0-strict:enp4s0f0_tx_bytes:0
4.7.0-strict:enp130s0f0_tx_bytes:10326014
4.7.0-strict:cpu_21:97.932
4.7.0-strict:SKT0_l3mpi:0
4.7.0-strict:enp4s0f1_tx_packets_phy:0
4.7.0-strict:cpu_18:19.746
4.7.0-strict:SKT0_l2hit:0.5
4.7.0-strict:enp130s0f0_tx_queue_stopped:645.6
4.7.0-strict:enp130s0f1_tx_queue_stopped:706.2
4.7.0-strict:SKT0_l3miss:42856600
4.7.0-strict:enp4s0f0_rx_packets:0
4.7.0-strict:enp4s0f0_tx_packets:0
4.7.0-strict:cpu_15:80.834
4.7.0-strict:enp130s0f0_rx_packets:172084
4.7.0-strict:cpu_1:83.07
4.7.0-strict:LLC-load-misses:65815005.6
4.7.0-strict:enp4s0f0_tx_packets_phy:0
4.7.0-strict:cpu_total:68.54
4.7.0-strict:SKT1_l3hit:0.726
4.7.0-strict:TOTAL_l2mpi:0.004
4.7.0-strict:SKT1_l2miss:148600000
4.7.0-strict:Write:378.804
4.7.0-strict:SKT0_l3hit:0.338
4.7.0-strict:cpu_10:71.502
4.7.0-strict:cpu_3:100
4.7.0-strict:cpu_25:54.196
4.7.0-strict:enp130s0f0_rx_packets_phy:174327.8
4.7.0-strict:enp4s0f1_rx_packets_phy:0
4.7.0-strict:cpu_23:79.448
4.7.0-strict:cpu_12:15.118
4.7.0-strict:cpu_22:14.072
4.7.0-strict:map:3
4.7.0-strict:cpu_8:69.596
4.7.0-strict:SKT1_l3mpi:0
4.7.0-strict:SKT0_l2miss:73522200
4.7.0-strict:cpu_24:14.732
4.7.0-strict:TOTAL_ipc:0.486
4.7.0-strict:instructions:85044924528.4
4.7.0-strict:cpu_20:14.144
4.7.0-strict:enp130s0f0_tx_packets_phy:174328.2
4.7.0-strict:SKT1_l2mpi:0.004
4.7.0-strict:SKT0_ipc:0.44
4.7.0-strict:Read:1785.404
4.7.0-strict:SKT1_l3miss:44932600
4.7.0-strict:enp4s0f1_tx_bytes_phy:0
4.7.0-strict:Total_rx_packets:373970.8
4.7.0-strict:TOTAL_l3hit:0.642
4.7.0-strict:TOTAL_l2miss:222400000
4.7.0-strict:enp4s0f1_tx_packets:0
4.7.0-strict:cpu_0:99.066
4.7.0-strict:cache-references:684478349.6
4.7.0-strict:cpu_11:100
4.7.0-strict:enp130s0f0_tx_bytes_phy:11157413.6
4.7.0-strict:cpu_17:98.13
4.7.0-strict:Memory:2164.208
4.7.0-strict:cpu_26:11.762
4.7.0-strict:enp4s0f1_tx_bytes:0
4.7.0-strict:cache-misses:133860183.6
4.7.0-strict:TOTAL_l3miss:88189400
4.7.0-strict:enp130s0f1_tx_packets_phy:200407
4.7.0-strict:enp4s0f1_rx_packets:0
4.7.0-strict:enp130s0f1_rx_packets_phy:282400
4.7.0-strict:cpu_4:63.968
4.7.0-strict:enp130s0f0_rx_bytes:10325512.2
4.7.0-strict:enp130s0f0_rx_bytes_phy:11157445.6
4.7.0-strict:enp130s0f1_rx_packets:201886.8
4.7.0-strict:enp4s0f1_rx_bytes:0
4.7.0-strict:212992:212992
4.7.0-strict:enp4s0f0_rx_packets_phy:0
4.7.0-strict:LLC-store:180855843.6
4.7.0-strict:Total_tx_queue_stopped:1351.8
4.7.0-strict:enp4s0f0_rx_bytes_phy:0
4.7.0-strict:Total_rx_packets_phy:456727.8
4.7.0-strict:TOTAL_l3mpi:0
4.7.0-strict:SKT1_ipc:0.5
4.7.0-strict:cpu_19:98.64
4.7.0-strict:cpu_27:96.822
4.7.0-strict:cpu_5:98.476
4.7.0-strict:TOTAL_l2hit:0.588
4.7.0-strict:Total_tx_packets_phy:374735.2
4.7.0-strict:cycles:236210043388.2
4.7.0-strict:LLC-load:327457082.2
4.7.0-strict:enp4s0f0_tx_queue_stopped:0
4.7.0-strict:Total_rx_bytes_phy:688371348.8
4.7.0-unsafe:Total_tx_packets:2679432.8
4.7.0-unsafe:Total_tx_bytes:160766023.8
4.7.0-unsafe:cpu_6:99.618
4.7.0-unsafe:cpu_9:100
4.7.0-unsafe:enp130s0f0_tx_packets:1346582.4
4.7.0-unsafe:cpu_14:71.696
4.7.0-unsafe:enp4s0f0_rx_bytes:0
4.7.0-unsafe:SKT1_l2hit:0.526
4.7.0-unsafe:enp130s0f1_tx_bytes:79971044.4
4.7.0-unsafe:LLC-store-misses:201410272
4.7.0-unsafe:enp130s0f1_rx_bytes_phy:85585125.2
4.7.0-unsafe:enp130s0f1_tx_packets:1332850.4
4.7.0-unsafe:enp130s0f1_tx_bytes_phy:85585098.6
4.7.0-unsafe:enp4s0f0_tx_bytes_phy:0
4.7.0-unsafe:enp130s0f1_rx_bytes:79971315
4.7.0-unsafe:SKT0_l2mpi:0.01
4.7.0-unsafe:Total_rx_bytes:160767140.8
4.7.0-unsafe:enp4s0f1_tx_queue_stopped:0
4.7.0-unsafe:enp4s0f1_rx_bytes_phy:0
4.7.0-unsafe:cpu_13:100
4.7.0-unsafe:cpu_2:100
4.7.0-unsafe:cpu_7:100
4.7.0-unsafe:cpu_16:70.734
4.7.0-unsafe:Total_tx_bytes_phy:171808077.8
4.7.0-unsafe:enp4s0f0_tx_bytes:0
4.7.0-unsafe:enp130s0f0_tx_bytes:80794979.4
4.7.0-unsafe:SKT0_l3miss:337200000
4.7.0-unsafe:enp4s0f0_rx_packets:0
4.7.0-unsafe:cpu_15:100
4.7.0-unsafe:enp4s0f0_tx_packets:0
4.7.0-unsafe:cpu_21:95.22
4.7.0-unsafe:SKT0_l3mpi:0
4.7.0-unsafe:enp4s0f1_tx_packets_phy:0
4.7.0-unsafe:SKT0_l2hit:0.55
4.7.0-unsafe:cpu_18:74.57
4.7.0-unsafe:enp130s0f1_tx_queue_stopped:0
4.7.0-unsafe:enp130s0f0_tx_queue_stopped:0
4.7.0-unsafe:TOTAL_l2mpi:0.01
4.7.0-unsafe:SKT1_l2miss:1068600000
4.7.0-unsafe:Write:1630.396
4.7.0-unsafe:SKT0_l3hit:0.61
4.7.0-unsafe:cpu_1:100
4.7.0-unsafe:enp130s0f0_rx_packets:1346596.6
4.7.0-unsafe:enp4s0f0_tx_packets_phy:0
4.7.0-unsafe:LLC-load-misses:379081484.4
4.7.0-unsafe:cpu_total:91.33
4.7.0-unsafe:SKT1_l3hit:0.698
4.7.0-unsafe:enp130s0f0_rx_packets_phy:1347254.2
4.7.0-unsafe:enp4s0f1_rx_packets_phy:0
4.7.0-unsafe:cpu_23:92.918
4.7.0-unsafe:cpu_10:99.81
4.7.0-unsafe:cpu_25:97.702
4.7.0-unsafe:cpu_3:100
4.7.0-unsafe:SKT1_l3mpi:0
4.7.0-unsafe:cpu_24:72.844
4.7.0-unsafe:SKT0_l2miss:864800000
4.7.0-unsafe:cpu_8:99.616
4.7.0-unsafe:TOTAL_ipc:0.66
4.7.0-unsafe:cpu_12:99.618
4.7.0-unsafe:cpu_22:74.58
4.7.0-unsafe:cpu_20:72.466
4.7.0-unsafe:instructions:207350503817
4.7.0-unsafe:Total_rx_packets:2679451.4
4.7.0-unsafe:SKT1_l3miss:321600000
4.7.0-unsafe:Read:8152.286
4.7.0-unsafe:enp4s0f1_tx_bytes_phy:0
4.7.0-unsafe:TOTAL_l3hit:0.66
4.7.0-unsafe:TOTAL_l2miss:1933600000
4.7.0-unsafe:enp4s0f1_tx_packets:0
4.7.0-unsafe:cpu_0:99.81
4.7.0-unsafe:enp130s0f0_tx_packets_phy:1347234
4.7.0-unsafe:SKT1_l2mpi:0.01
4.7.0-unsafe:SKT0_ipc:0.652
4.7.0-unsafe:cpu_17:89.062
4.7.0-unsafe:Memory:9782.682
4.7.0-unsafe:cpu_11:100
4.7.0-unsafe:cache-references:4508024225.4
4.7.0-unsafe:enp130s0f0_tx_bytes_phy:86222979.2
4.7.0-unsafe:enp4s0f1_rx_packets:0
4.7.0-unsafe:enp130s0f1_rx_packets_phy:1337268.8
4.7.0-unsafe:cpu_4:93.332
4.7.0-unsafe:cpu_26:76.874
4.7.0-unsafe:enp4s0f1_tx_bytes:0
4.7.0-unsafe:cache-misses:656314462
4.7.0-unsafe:TOTAL_l3miss:659400000
4.7.0-unsafe:enp130s0f1_tx_packets_phy:1337265.6
4.7.0-unsafe:enp130s0f0_rx_bytes_phy:86224357.4
4.7.0-unsafe:enp130s0f1_rx_packets:1332854.8
4.7.0-unsafe:enp4s0f1_rx_bytes:0
4.7.0-unsafe:212992:212992
4.7.0-unsafe:enp130s0f0_rx_bytes:80795825.8
4.7.0-unsafe:Total_rx_packets_phy:2684523
4.7.0-unsafe:enp4s0f0_rx_bytes_phy:0
4.7.0-unsafe:SKT1_ipc:0.664
4.7.0-unsafe:TOTAL_l3mpi:0
4.7.0-unsafe:enp4s0f0_rx_packets_phy:0
4.7.0-unsafe:LLC-store:964411465.8
4.7.0-unsafe:Total_tx_queue_stopped:0
4.7.0-unsafe:Total_tx_packets_phy:2684499.6
4.7.0-unsafe:TOTAL_l2hit:0.536
4.7.0-unsafe:cycles:314491728818.4
4.7.0-unsafe:LLC-load:2182456651.4
4.7.0-unsafe:enp4s0f0_tx_queue_stopped:0
4.7.0-unsafe:Total_rx_bytes_phy:171809482.6
4.7.0-unsafe:cpu_19:92.128
4.7.0-unsafe:cpu_27:85.468
4.7.0-unsafe:cpu_5:99.808
