4.7.0-copy-plus-strict:enp130s0f1_tx_bytes_phy:4796283312
4.7.0-copy-plus-strict:enp4s0f0_tx_bytes_phy:0
4.7.0-copy-plus-strict:enp130s0f1_rx_bytes_phy:4985843210.4
4.7.0-copy-plus-strict:LLC-store-misses:81810975.2
4.7.0-copy-plus-strict:enp130s0f1_tx_bytes:4793729278
4.7.0-copy-plus-strict:enp130s0f1_tx_packets:591891.2
4.7.0-copy-plus-strict:cpu_14:0
4.7.0-copy-plus-strict:SKT1_l2hit:0.45
4.7.0-copy-plus-strict:enp4s0f0_rx_bytes:0
4.7.0-copy-plus-strict:Total_tx_bytes:12558907805.8
4.7.0-copy-plus-strict:cpu_6:0
4.7.0-copy-plus-strict:Total_tx_packets:1550672.8
4.7.0-copy-plus-strict:enp130s0f0_tx_packets:958781.6
4.7.0-copy-plus-strict:cpu_9:0.978
4.7.0-copy-plus-strict:cpu_7:80
4.7.0-copy-plus-strict:64512:212992
4.7.0-copy-plus-strict:cpu_13:20.39
4.7.0-copy-plus-strict:enp4s0f1_rx_bytes_phy:0
4.7.0-copy-plus-strict:cpu_2:85.71
4.7.0-copy-plus-strict:enp130s0f1_rx_bytes:2551657335.8
4.7.0-copy-plus-strict:SKT0_l2mpi:0.01
4.7.0-copy-plus-strict:enp4s0f1_tx_queue_stopped:0
4.7.0-copy-plus-strict:Total_rx_bytes:5087157322.8
4.7.0-copy-plus-strict:enp4s0f1_tx_packets_phy:0
4.7.0-copy-plus-strict:cpu_21:0
4.7.0-copy-plus-strict:SKT0_l3mpi:0
4.7.0-copy-plus-strict:enp130s0f1_tx_queue_stopped:0
4.7.0-copy-plus-strict:enp130s0f0_tx_queue_stopped:0
4.7.0-copy-plus-strict:cpu_18:60.466
4.7.0-copy-plus-strict:SKT0_l2hit:0.606
4.7.0-copy-plus-strict:SKT0_l3miss:134600000
4.7.0-copy-plus-strict:enp4s0f0_tx_packets:0
4.7.0-copy-plus-strict:cpu_15:100
4.7.0-copy-plus-strict:enp4s0f0_rx_packets:0
4.7.0-copy-plus-strict:Total_tx_bytes_phy:12564984916.8
4.7.0-copy-plus-strict:cpu_16:0.586
4.7.0-copy-plus-strict:enp130s0f0_tx_bytes:7765178527.8
4.7.0-copy-plus-strict:70:212992
4.7.0-copy-plus-strict:enp4s0f0_tx_bytes:0
4.7.0-copy-plus-strict:cpu_10:0
4.7.0-copy-plus-strict:cpu_25:0
4.7.0-copy-plus-strict:cpu_3:93.934
4.7.0-copy-plus-strict:enp130s0f0_rx_packets_phy:1495761.8
4.7.0-copy-plus-strict:cpu_23:0
4.7.0-copy-plus-strict:enp4s0f1_rx_packets_phy:0
4.7.0-copy-plus-strict:LLC-load-misses:270260581
4.7.0-copy-plus-strict:enp4s0f0_tx_packets_phy:0
4.7.0-copy-plus-strict:cpu_1:93.934
4.7.0-copy-plus-strict:enp130s0f0_rx_packets:312655.6
4.7.0-copy-plus-strict:SKT1_l3hit:0.33
4.7.0-copy-plus-strict:cpu_total:32.68
4.7.0-copy-plus-strict:TOTAL_l2mpi:0.01
4.7.0-copy-plus-strict:Write:10821.656
4.7.0-copy-plus-strict:SKT1_l2miss:790000000
4.7.0-copy-plus-strict:SKT0_l3hit:0.362
4.7.0-copy-plus-strict:instructions:77122988817.2
4.7.0-copy-plus-strict:cpu_20:0
4.7.0-copy-plus-strict:cpu_12:0.194
4.7.0-copy-plus-strict:cpu_22:0
4.7.0-copy-plus-strict:TOTAL_ipc:0.642
4.7.0-copy-plus-strict:SKT1_l3mpi:0.01
4.7.0-copy-plus-strict:cpu_8:0
4.7.0-copy-plus-strict:SKT0_l2miss:210800000
4.7.0-copy-plus-strict:cpu_24:0
4.7.0-copy-plus-strict:cache-references:5594762052.8
4.7.0-copy-plus-strict:cpu_11:0
4.7.0-copy-plus-strict:enp130s0f0_tx_bytes_phy:7768701604.8
4.7.0-copy-plus-strict:cpu_17:77.3
4.7.0-copy-plus-strict:Memory:28047.388
4.7.0-copy-plus-strict:enp130s0f0_tx_packets_phy:958743.6
4.7.0-copy-plus-strict:SKT0_ipc:0.688
4.7.0-copy-plus-strict:SKT1_l2mpi:0.02
4.7.0-copy-plus-strict:TOTAL_l3hit:0.34
4.7.0-copy-plus-strict:TOTAL_l2miss:1001200000
4.7.0-copy-plus-strict:enp4s0f1_tx_packets:0
4.7.0-copy-plus-strict:SKT1_l3miss:528600000
4.7.0-copy-plus-strict:Total_rx_packets:628198.8
4.7.0-copy-plus-strict:Read:17225.728
4.7.0-copy-plus-strict:enp4s0f1_tx_bytes_phy:0
4.7.0-copy-plus-strict:cpu_0:86.102
4.7.0-copy-plus-strict:enp130s0f0_rx_bytes:2535499987
4.7.0-copy-plus-strict:enp130s0f0_rx_bytes_phy:12120162451.2
4.7.0-copy-plus-strict:enp130s0f1_rx_packets:315543.2
4.7.0-copy-plus-strict:enp4s0f1_rx_bytes:0
4.7.0-copy-plus-strict:cache-misses:663654477.8
4.7.0-copy-plus-strict:enp4s0f1_tx_bytes:0
4.7.0-copy-plus-strict:cpu_26:0
4.7.0-copy-plus-strict:enp130s0f1_tx_packets_phy:591914
4.7.0-copy-plus-strict:TOTAL_l3miss:663600000
4.7.0-copy-plus-strict:enp4s0f1_rx_packets:0
4.7.0-copy-plus-strict:cpu_4:85.124
4.7.0-copy-plus-strict:enp130s0f1_rx_packets_phy:615307.6
4.7.0-copy-plus-strict:cpu_19:41.296
4.7.0-copy-plus-strict:cpu_5:94.522
4.7.0-copy-plus-strict:cpu_27:0
4.7.0-copy-plus-strict:LLC-load:1040100912.6
4.7.0-copy-plus-strict:Total_tx_packets_phy:1550657.6
4.7.0-copy-plus-strict:TOTAL_l2hit:0.492
4.7.0-copy-plus-strict:cycles:120198737048.4
4.7.0-copy-plus-strict:Total_rx_bytes_phy:17106005661.6
4.7.0-copy-plus-strict:enp4s0f0_tx_queue_stopped:0
4.7.0-copy-plus-strict:LLC-store:2003000702.2
4.7.0-copy-plus-strict:enp4s0f0_rx_packets_phy:0
4.7.0-copy-plus-strict:Total_tx_queue_stopped:0
4.7.0-copy-plus-strict:enp4s0f0_rx_bytes_phy:0
4.7.0-copy-plus-strict:Total_rx_packets_phy:2111069.4
4.7.0-copy-plus-strict:SKT1_ipc:0.614
4.7.0-copy-plus-strict:TOTAL_l3mpi:0.01
4.7.0-damn-strict:cpu_11:15.298
4.7.0-damn-strict:cache-references:3495798166.2
4.7.0-damn-strict:enp130s0f0_tx_bytes_phy:7391271523
4.7.0-damn-strict:cpu_17:49.02
4.7.0-damn-strict:Memory:24443.474
4.7.0-damn-strict:enp130s0f0_tx_packets_phy:912164.4
4.7.0-damn-strict:SKT1_l2mpi:0.01
4.7.0-damn-strict:SKT0_ipc:1.074
4.7.0-damn-strict:SKT1_l3miss:263400000
4.7.0-damn-strict:Read:12297.036
4.7.0-damn-strict:Total_rx_packets:1461246.8
4.7.0-damn-strict:enp4s0f1_tx_bytes_phy:0
4.7.0-damn-strict:enp4s0f1_tx_packets:0
4.7.0-damn-strict:TOTAL_l3hit:0.358
4.7.0-damn-strict:TOTAL_l2miss:597200000
4.7.0-damn-strict:cpu_0:42.552
4.7.0-damn-strict:instructions:80453295766.4
4.7.0-damn-strict:cpu_20:0
4.7.0-damn-strict:cpu_12:1.96
4.7.0-damn-strict:cpu_22:0.196
4.7.0-damn-strict:cpu_24:2.352
4.7.0-damn-strict:SKT1_l3mpi:0.002
4.7.0-damn-strict:SKT0_l2miss:172800000
4.7.0-damn-strict:cpu_8:1.372
4.7.0-damn-strict:TOTAL_ipc:1.012
4.7.0-damn-strict:cpu_19:20.002
4.7.0-damn-strict:cpu_27:0.784
4.7.0-damn-strict:cpu_5:54.704
4.7.0-damn-strict:Total_tx_packets_phy:1493489.2
4.7.0-damn-strict:TOTAL_l2hit:0.352
4.7.0-damn-strict:cycles:78899864108.6
4.7.0-damn-strict:LLC-load:786204733.2
4.7.0-damn-strict:enp4s0f0_tx_queue_stopped:0
4.7.0-damn-strict:Total_rx_bytes_phy:17158225498.4
4.7.0-damn-strict:enp4s0f0_rx_packets_phy:0
4.7.0-damn-strict:LLC-store:751801370.4
4.7.0-damn-strict:Total_tx_queue_stopped:0
4.7.0-damn-strict:enp4s0f0_rx_bytes_phy:0
4.7.0-damn-strict:Total_rx_packets_phy:2117513.6
4.7.0-damn-strict:SKT1_ipc:0.986
4.7.0-damn-strict:TOTAL_l3mpi:0.002
4.7.0-damn-strict:enp130s0f0_rx_bytes:6859475213.8
4.7.0-damn-strict:enp130s0f0_rx_bytes_phy:12170986807.4
4.7.0-damn-strict:enp130s0f1_rx_packets:615313.8
4.7.0-damn-strict:enp4s0f1_rx_bytes:0
4.7.0-damn-strict:cpu_26:0
4.7.0-damn-strict:enp4s0f1_tx_bytes:0
4.7.0-damn-strict:cache-misses:370241608.4
4.7.0-damn-strict:TOTAL_l3miss:384000000
4.7.0-damn-strict:enp130s0f1_tx_packets_phy:581324.8
4.7.0-damn-strict:enp4s0f1_rx_packets:0
4.7.0-damn-strict:enp130s0f1_rx_packets_phy:615480.6
4.7.0-damn-strict:cpu_4:41.376
4.7.0-damn-strict:cpu_7:2.156
4.7.0-damn-strict:64512:212992
4.7.0-damn-strict:cpu_13:72.942
4.7.0-damn-strict:enp4s0f1_rx_bytes_phy:0
4.7.0-damn-strict:cpu_2:40.592
4.7.0-damn-strict:SKT0_l2mpi:0.01
4.7.0-damn-strict:enp130s0f1_rx_bytes:4983438306.8
4.7.0-damn-strict:Total_rx_bytes:11842913520.6
4.7.0-damn-strict:enp4s0f1_tx_queue_stopped:0
4.7.0-damn-strict:enp130s0f1_tx_bytes_phy:4710481110.8
4.7.0-damn-strict:enp4s0f0_tx_bytes_phy:0
4.7.0-damn-strict:enp130s0f1_rx_bytes_phy:4987238691
4.7.0-damn-strict:LLC-store-misses:97695422.4
4.7.0-damn-strict:enp130s0f1_tx_bytes:4707986938.6
4.7.0-damn-strict:enp130s0f1_tx_packets:581304.8
4.7.0-damn-strict:cpu_14:1.372
4.7.0-damn-strict:SKT1_l2hit:0.356
4.7.0-damn-strict:enp4s0f0_rx_bytes:0
4.7.0-damn-strict:Total_tx_packets:1493456.2
4.7.0-damn-strict:Total_tx_bytes:12095508466.2
4.7.0-damn-strict:cpu_6:0.98
4.7.0-damn-strict:enp130s0f0_tx_packets:912151.4
4.7.0-damn-strict:cpu_9:15.102
4.7.0-damn-strict:cpu_10:1.372
4.7.0-damn-strict:cpu_3:55.096
4.7.0-damn-strict:cpu_25:0
4.7.0-damn-strict:enp130s0f0_rx_packets_phy:1502033
4.7.0-damn-strict:enp4s0f1_rx_packets_phy:0
4.7.0-damn-strict:cpu_23:0
4.7.0-damn-strict:cpu_1:55.684
4.7.0-damn-strict:enp130s0f0_rx_packets:845933
4.7.0-damn-strict:enp4s0f0_tx_packets_phy:0
4.7.0-damn-strict:LLC-load-misses:155083194.2
4.7.0-damn-strict:cpu_total:21.66
4.7.0-damn-strict:SKT1_l3hit:0.38
4.7.0-damn-strict:TOTAL_l2mpi:0.01
4.7.0-damn-strict:Write:12146.436
4.7.0-damn-strict:SKT1_l2miss:423800000
4.7.0-damn-strict:SKT0_l3hit:0.302
4.7.0-damn-strict:cpu_21:0
4.7.0-damn-strict:SKT0_l3mpi:0
4.7.0-damn-strict:enp4s0f1_tx_packets_phy:0
4.7.0-damn-strict:SKT0_l2hit:0.338
4.7.0-damn-strict:cpu_18:26.666
4.7.0-damn-strict:enp130s0f1_tx_queue_stopped:0
4.7.0-damn-strict:enp130s0f0_tx_queue_stopped:0
4.7.0-damn-strict:SKT0_l3miss:120600000
4.7.0-damn-strict:enp4s0f0_rx_packets:0
4.7.0-damn-strict:cpu_15:85.686
4.7.0-damn-strict:enp4s0f0_tx_packets:0
4.7.0-damn-strict:Total_tx_bytes_phy:12101752633.8
4.7.0-damn-strict:cpu_16:19.61
4.7.0-damn-strict:70:212992
4.7.0-damn-strict:enp4s0f0_tx_bytes:0
4.7.0-damn-strict:enp130s0f0_tx_bytes:7387521527.6
4.7.0-deff:cpu_16:3.116
4.7.0-deff:Total_tx_bytes_phy:11907511026
4.7.0-deff:70:212992
4.7.0-deff:enp4s0f0_tx_bytes:0
4.7.0-deff:enp130s0f0_tx_bytes:7175673952
4.7.0-deff:SKT0_l3mpi:0
4.7.0-deff:cpu_21:42.928
4.7.0-deff:enp4s0f1_tx_packets_phy:0
4.7.0-deff:cpu_18:50.874
4.7.0-deff:SKT0_l2hit:0.336
4.7.0-deff:enp130s0f1_tx_queue_stopped:0
4.7.0-deff:enp130s0f0_tx_queue_stopped:0
4.7.0-deff:SKT0_l3miss:120800000
4.7.0-deff:enp4s0f0_rx_packets:0
4.7.0-deff:cpu_15:22.146
4.7.0-deff:enp4s0f0_tx_packets:0
4.7.0-deff:enp130s0f0_rx_packets:780146.2
4.7.0-deff:cpu_1:82.64
4.7.0-deff:enp4s0f0_tx_packets_phy:0
4.7.0-deff:LLC-load-misses:107792467.2
4.7.0-deff:SKT1_l3hit:0.534
4.7.0-deff:cpu_total:29.81
4.7.0-deff:TOTAL_l2mpi:0.002
4.7.0-deff:SKT1_l2miss:329800000
4.7.0-deff:Write:11382.662
4.7.0-deff:SKT0_l3hit:0.382
4.7.0-deff:cpu_10:0.194
4.7.0-deff:cpu_3:55.91
4.7.0-deff:cpu_25:0
4.7.0-deff:enp130s0f0_rx_packets_phy:1504434.8
4.7.0-deff:enp4s0f1_rx_packets_phy:0
4.7.0-deff:cpu_23:0
4.7.0-deff:cpu_14:0
4.7.0-deff:enp4s0f0_rx_bytes:0
4.7.0-deff:SKT1_l2hit:0.416
4.7.0-deff:Total_tx_packets:1469497
4.7.0-deff:cpu_6:0
4.7.0-deff:Total_tx_bytes:11901460297.2
4.7.0-deff:cpu_9:19.508
4.7.0-deff:enp130s0f0_tx_packets:885994.6
4.7.0-deff:enp130s0f1_tx_bytes_phy:4728609938.4
4.7.0-deff:enp4s0f0_tx_bytes_phy:0
4.7.0-deff:LLC-store-misses:55058757.4
4.7.0-deff:enp130s0f1_tx_bytes:4725786345.2
4.7.0-deff:enp130s0f1_rx_bytes_phy:4987962371.8
4.7.0-deff:enp130s0f1_tx_packets:583502.4
4.7.0-deff:enp4s0f1_rx_bytes_phy:0
4.7.0-deff:cpu_13:17.096
4.7.0-deff:cpu_2:67.836
4.7.0-deff:enp130s0f1_rx_bytes:4974080274.8
4.7.0-deff:SKT0_l2mpi:0.01
4.7.0-deff:Total_rx_bytes:11300928739.8
4.7.0-deff:enp4s0f1_tx_queue_stopped:0
4.7.0-deff:cpu_7:57.364
4.7.0-deff:64512:212992
4.7.0-deff:cpu_26:0
4.7.0-deff:enp4s0f1_tx_bytes:0
4.7.0-deff:cache-misses:266357892.8
4.7.0-deff:TOTAL_l3miss:275400000
4.7.0-deff:enp130s0f1_tx_packets_phy:583562.8
4.7.0-deff:enp4s0f1_rx_packets:0
4.7.0-deff:enp130s0f1_rx_packets_phy:615568.8
4.7.0-deff:cpu_4:67.64
4.7.0-deff:enp130s0f0_rx_bytes:6326848465
4.7.0-deff:enp130s0f1_rx_packets:614167.6
4.7.0-deff:enp130s0f0_rx_bytes_phy:12190447397.6
4.7.0-deff:enp4s0f1_rx_bytes:0
4.7.0-deff:enp4s0f0_rx_packets_phy:0
4.7.0-deff:LLC-store:619590931.2
4.7.0-deff:Total_tx_queue_stopped:0
4.7.0-deff:Total_rx_packets_phy:2120003.6
4.7.0-deff:enp4s0f0_rx_bytes_phy:0
4.7.0-deff:TOTAL_l3mpi:0
4.7.0-deff:SKT1_ipc:1.1
4.7.0-deff:cpu_19:42.69
4.7.0-deff:cpu_27:0
4.7.0-deff:cpu_5:89.476
4.7.0-deff:TOTAL_l2hit:0.386
4.7.0-deff:Total_tx_packets_phy:1469519
4.7.0-deff:cycles:104524430295.6
4.7.0-deff:LLC-load:730703699.8
4.7.0-deff:enp4s0f0_tx_queue_stopped:0
4.7.0-deff:Total_rx_bytes_phy:17178409769.4
4.7.0-deff:cpu_12:0.194
4.7.0-deff:cpu_22:0
4.7.0-deff:SKT1_l3mpi:0
4.7.0-deff:SKT0_l2miss:195800000
4.7.0-deff:cpu_8:0
4.7.0-deff:cpu_24:0.194
4.7.0-deff:TOTAL_ipc:1.008
4.7.0-deff:instructions:105838196122
4.7.0-deff:cpu_20:0.194
4.7.0-deff:enp130s0f0_tx_packets_phy:885956.2
4.7.0-deff:SKT1_l2mpi:0.002
4.7.0-deff:SKT0_ipc:0.844
4.7.0-deff:Read:9818.782
4.7.0-deff:SKT1_l3miss:154200000
4.7.0-deff:Total_rx_packets:1394313.8
4.7.0-deff:enp4s0f1_tx_bytes_phy:0
4.7.0-deff:TOTAL_l3hit:0.476
4.7.0-deff:enp4s0f1_tx_packets:0
4.7.0-deff:TOTAL_l2miss:526000000
4.7.0-deff:cpu_0:68.81
4.7.0-deff:cpu_11:80.776
4.7.0-deff:cache-references:3416792391.6
4.7.0-deff:enp130s0f0_tx_bytes_phy:7178901087.6
4.7.0-deff:cpu_17:66.668
4.7.0-deff:Memory:21201.448
4.7.0-strict:cpu_19:98.432
4.7.0-strict:cpu_5:100
4.7.0-strict:cpu_27:0.784
4.7.0-strict:LLC-load:346147059.2
4.7.0-strict:TOTAL_l2hit:0.332
4.7.0-strict:Total_tx_packets_phy:655002.2
4.7.0-strict:cycles:112666853151
4.7.0-strict:Total_rx_bytes_phy:17408079583.2
4.7.0-strict:enp4s0f0_tx_queue_stopped:0
4.7.0-strict:LLC-store:329144725
4.7.0-strict:enp4s0f0_rx_packets_phy:0
4.7.0-strict:Total_tx_queue_stopped:0
4.7.0-strict:enp4s0f0_rx_bytes_phy:0
4.7.0-strict:Total_rx_packets_phy:2148350
4.7.0-strict:SKT1_ipc:0.376
4.7.0-strict:TOTAL_l3mpi:0
4.7.0-strict:enp130s0f0_rx_bytes:987497833.8
4.7.0-strict:enp130s0f0_rx_bytes_phy:12420524394.6
4.7.0-strict:enp130s0f1_rx_packets:121671.2
4.7.0-strict:enp4s0f1_rx_bytes:0
4.7.0-strict:cache-misses:104541042.8
4.7.0-strict:enp4s0f1_tx_bytes:0
4.7.0-strict:cpu_26:0
4.7.0-strict:enp130s0f1_tx_packets_phy:196178.6
4.7.0-strict:TOTAL_l3miss:106000000
4.7.0-strict:enp4s0f1_rx_packets:0
4.7.0-strict:cpu_4:30.39
4.7.0-strict:enp130s0f1_rx_packets_phy:615519.6
4.7.0-strict:cache-references:1613816977.6
4.7.0-strict:cpu_11:0
4.7.0-strict:enp130s0f0_tx_bytes_phy:3717842942
4.7.0-strict:cpu_17:99.804
4.7.0-strict:Memory:7225.902
4.7.0-strict:enp130s0f0_tx_packets_phy:458823.6
4.7.0-strict:SKT0_ipc:1.048
4.7.0-strict:SKT1_l2mpi:0
4.7.0-strict:TOTAL_l2miss:253200000
4.7.0-strict:TOTAL_l3hit:0.582
4.7.0-strict:enp4s0f1_tx_packets:0
4.7.0-strict:SKT1_l3miss:56400000
4.7.0-strict:enp4s0f1_tx_bytes_phy:0
4.7.0-strict:Read:5151.63
4.7.0-strict:Total_rx_packets:243551.2
4.7.0-strict:cpu_0:30.586
4.7.0-strict:instructions:54367574122.2
4.7.0-strict:cpu_20:0
4.7.0-strict:cpu_12:0
4.7.0-strict:cpu_22:0
4.7.0-strict:TOTAL_ipc:0.482
4.7.0-strict:cpu_8:0
4.7.0-strict:SKT1_l3mpi:0
4.7.0-strict:SKT0_l2miss:103200000
4.7.0-strict:cpu_24:0
4.7.0-strict:cpu_10:0
4.7.0-strict:cpu_3:100
4.7.0-strict:cpu_25:60
4.7.0-strict:enp130s0f0_rx_packets_phy:1532830.4
4.7.0-strict:cpu_23:80
4.7.0-strict:enp4s0f1_rx_packets_phy:0
4.7.0-strict:enp4s0f0_tx_packets_phy:0
4.7.0-strict:LLC-load-misses:49289582.4
4.7.0-strict:enp130s0f0_rx_packets:121880
4.7.0-strict:cpu_1:100
4.7.0-strict:cpu_total:32.184
4.7.0-strict:SKT1_l3hit:0.62
4.7.0-strict:TOTAL_l2mpi:0
4.7.0-strict:Write:2074.272
4.7.0-strict:SKT1_l2miss:149400000
4.7.0-strict:SKT0_l3hit:0.526
4.7.0-strict:enp4s0f1_tx_packets_phy:0
4.7.0-strict:cpu_21:20
4.7.0-strict:SKT0_l3mpi:0
4.7.0-strict:enp130s0f1_tx_queue_stopped:0
4.7.0-strict:enp130s0f0_tx_queue_stopped:0
4.7.0-strict:cpu_18:35.29
4.7.0-strict:SKT0_l2hit:0.376
4.7.0-strict:SKT0_l3miss:48800000
4.7.0-strict:cpu_15:20
4.7.0-strict:enp4s0f0_tx_packets:0
4.7.0-strict:enp4s0f0_rx_packets:0
4.7.0-strict:cpu_16:0.196
4.7.0-strict:Total_tx_bytes_phy:5307493116.4
4.7.0-strict:enp130s0f0_tx_bytes:3716089631
4.7.0-strict:70:212992
4.7.0-strict:enp4s0f0_tx_bytes:0
4.7.0-strict:cpu_7:80
4.7.0-strict:64512:212992
4.7.0-strict:enp4s0f1_rx_bytes_phy:0
4.7.0-strict:cpu_13:20
4.7.0-strict:cpu_2:30.586
4.7.0-strict:SKT0_l2mpi:0.01
4.7.0-strict:enp130s0f1_rx_bytes:985289594.6
4.7.0-strict:enp4s0f1_tx_queue_stopped:0
4.7.0-strict:Total_rx_bytes:1972787428.4
4.7.0-strict:enp130s0f1_tx_bytes_phy:1589650174.4
4.7.0-strict:enp4s0f0_tx_bytes_phy:0
4.7.0-strict:LLC-store-misses:21258795.6
4.7.0-strict:enp130s0f1_rx_bytes_phy:4987555188.6
4.7.0-strict:enp130s0f1_tx_bytes:1588869246.2
4.7.0-strict:enp130s0f1_tx_packets:196180
4.7.0-strict:cpu_14:0
4.7.0-strict:SKT1_l2hit:0.292
4.7.0-strict:enp4s0f0_rx_bytes:0
4.7.0-strict:cpu_6:0
4.7.0-strict:Total_tx_bytes:5304958877.2
4.7.0-strict:Total_tx_packets:655013.2
4.7.0-strict:cpu_9:0.196
4.7.0-strict:enp130s0f0_tx_packets:458833.2
4.7.0-unsafe:cpu_0:73.638
4.7.0-unsafe:TOTAL_l3hit:0.36
4.7.0-unsafe:enp4s0f1_tx_packets:0
4.7.0-unsafe:TOTAL_l2miss:707200000
4.7.0-unsafe:Read:12461.54
4.7.0-unsafe:SKT1_l3miss:284200000
4.7.0-unsafe:enp4s0f1_tx_bytes_phy:0
4.7.0-unsafe:Total_rx_packets:1507999.6
4.7.0-unsafe:SKT0_ipc:0.774
4.7.0-unsafe:SKT1_l2mpi:0.01
4.7.0-unsafe:enp130s0f0_tx_packets_phy:915689.4
4.7.0-unsafe:Memory:24998.096
4.7.0-unsafe:cpu_17:61.716
4.7.0-unsafe:enp130s0f0_tx_bytes_phy:7419848761
4.7.0-unsafe:cpu_11:13.472
4.7.0-unsafe:cache-references:3829940264.2
4.7.0-unsafe:TOTAL_ipc:0.828
4.7.0-unsafe:cpu_8:1.56
4.7.0-unsafe:SKT1_l3mpi:0.002
4.7.0-unsafe:SKT0_l2miss:240200000
4.7.0-unsafe:cpu_24:0
4.7.0-unsafe:cpu_22:0.194
4.7.0-unsafe:cpu_12:1.364
4.7.0-unsafe:cpu_20:0
4.7.0-unsafe:instructions:89127193198.6
4.7.0-unsafe:SKT1_ipc:0.858
4.7.0-unsafe:TOTAL_l3mpi:0.006
4.7.0-unsafe:Total_rx_packets_phy:2111626.2
4.7.0-unsafe:enp4s0f0_rx_bytes_phy:0
4.7.0-unsafe:Total_tx_queue_stopped:0
4.7.0-unsafe:LLC-store:738357311
4.7.0-unsafe:enp4s0f0_rx_packets_phy:0
4.7.0-unsafe:Total_rx_bytes_phy:17110520471.4
4.7.0-unsafe:enp4s0f0_tx_queue_stopped:0
4.7.0-unsafe:LLC-load:886920982.4
4.7.0-unsafe:TOTAL_l2hit:0.318
4.7.0-unsafe:Total_tx_packets_phy:1481772.8
4.7.0-unsafe:cycles:107616439670.6
4.7.0-unsafe:cpu_5:85.548
4.7.0-unsafe:cpu_27:0.388
4.7.0-unsafe:cpu_19:41.216
4.7.0-unsafe:cpu_4:73.44
4.7.0-unsafe:enp130s0f1_rx_packets_phy:615689.4
4.7.0-unsafe:enp4s0f1_rx_packets:0
4.7.0-unsafe:enp130s0f1_tx_packets_phy:566083.4
4.7.0-unsafe:TOTAL_l3miss:452200000
4.7.0-unsafe:cache-misses:454421704.8
4.7.0-unsafe:enp4s0f1_tx_bytes:0
4.7.0-unsafe:cpu_26:0
4.7.0-unsafe:enp4s0f1_rx_bytes:0
4.7.0-unsafe:enp130s0f1_rx_packets:615477.8
4.7.0-unsafe:enp130s0f0_rx_bytes_phy:12121582782
4.7.0-unsafe:enp130s0f0_rx_bytes:7236668786.2
4.7.0-unsafe:enp4s0f1_tx_queue_stopped:0
4.7.0-unsafe:Total_rx_bytes:12221399722.6
4.7.0-unsafe:enp130s0f1_rx_bytes:4984730936.4
4.7.0-unsafe:SKT0_l2mpi:0.01
4.7.0-unsafe:cpu_2:73.44
4.7.0-unsafe:enp4s0f1_rx_bytes_phy:0
4.7.0-unsafe:cpu_13:12.886
4.7.0-unsafe:64512:212992
4.7.0-unsafe:cpu_7:60.934
4.7.0-unsafe:cpu_9:13.276
4.7.0-unsafe:enp130s0f0_tx_packets:915786.4
4.7.0-unsafe:cpu_6:1.172
4.7.0-unsafe:Total_tx_bytes:12001345675.6
4.7.0-unsafe:Total_tx_packets:1481829.6
4.7.0-unsafe:enp4s0f0_rx_bytes:0
4.7.0-unsafe:SKT1_l2hit:0.338
4.7.0-unsafe:cpu_14:0.388
4.7.0-unsafe:enp130s0f1_tx_bytes:4584390727.4
4.7.0-unsafe:LLC-store-misses:60442664
4.7.0-unsafe:enp130s0f1_rx_bytes_phy:4988937689.4
4.7.0-unsafe:enp130s0f1_tx_packets:566043.2
4.7.0-unsafe:enp4s0f0_tx_bytes_phy:0
4.7.0-unsafe:enp130s0f1_tx_bytes_phy:4586976957
4.7.0-unsafe:SKT0_l3hit:0.304
4.7.0-unsafe:SKT1_l2miss:466600000
4.7.0-unsafe:TOTAL_l2mpi:0.01
4.7.0-unsafe:Write:12536.554
4.7.0-unsafe:cpu_total:30.334
4.7.0-unsafe:SKT1_l3hit:0.392
4.7.0-unsafe:LLC-load-misses:224776149.2
4.7.0-unsafe:enp4s0f0_tx_packets_phy:0
4.7.0-unsafe:enp130s0f0_rx_packets:892521.8
4.7.0-unsafe:cpu_1:87.5
4.7.0-unsafe:cpu_23:76.754
4.7.0-unsafe:enp4s0f1_rx_packets_phy:0
4.7.0-unsafe:enp130s0f0_rx_packets_phy:1495936.8
4.7.0-unsafe:cpu_25:0.194
4.7.0-unsafe:cpu_3:85.936
4.7.0-unsafe:cpu_10:1.95
4.7.0-unsafe:enp130s0f0_tx_bytes:7416954948.2
4.7.0-unsafe:enp4s0f0_tx_bytes:0
4.7.0-unsafe:70:212992
4.7.0-unsafe:cpu_16:15.624
4.7.0-unsafe:Total_tx_bytes_phy:12006825718
4.7.0-unsafe:enp4s0f0_tx_packets:0
4.7.0-unsafe:cpu_15:14.06
4.7.0-unsafe:enp4s0f0_rx_packets:0
4.7.0-unsafe:SKT0_l3miss:167400000
4.7.0-unsafe:enp130s0f0_tx_queue_stopped:0
4.7.0-unsafe:enp130s0f1_tx_queue_stopped:0
4.7.0-unsafe:SKT0_l2hit:0.27
4.7.0-unsafe:cpu_18:54.296
4.7.0-unsafe:enp4s0f1_tx_packets_phy:0
4.7.0-unsafe:SKT0_l3mpi:0.01
4.7.0-unsafe:cpu_21:0.194
