4.7.0-damn-strict:enp130s0f0_tx_packets:194007.666666667
4.7.0-damn-strict:TOTAL_ipc:0.266666666666667
4.7.0-damn-strict:enp130s0f0_tx_bytes:5207212518.33333
4.7.0-damn-strict:SKT1_l3hit:0.263333333333333
4.7.0-damn-strict:cpu_13:54.07
4.7.0-damn-strict:SKT1_ipc:0.263333333333333
4.7.0-damn-strict:Read:26974.0733333333
4.7.0-damn-strict:enp130s0f1_tx_bytes:4592373027.33333
4.7.0-damn-strict:cpu_8:0
4.7.0-damn-strict:enp4s0f0_rx_bytes:0
4.7.0-damn-strict:cpu_21:70.05
4.7.0-damn-strict:enp4s0f1_tx_bytes:0
4.7.0-damn-strict:enp130s0f1_tx_bytes_phy:4595045799
4.7.0-damn-strict:SKT0_ipc:0.716666666666667
4.7.0-damn-strict:enp130s0f1_rx_bytes:4887436236.66667
4.7.0-damn-strict:LLC-load:1181012807.66667
4.7.0-damn-strict:enp130s0f1_tx_packets:224852.666666667
4.7.0-damn-strict:cpu_7:55.7033333333333
4.7.0-damn-strict:enp4s0f0_tx_bytes:0
4.7.0-damn-strict:cpu_26:0.323333333333333
4.7.0-damn-strict:enp130s0f0_rx_bytes_phy:4718981588
4.7.0-damn-strict:enp130s0f0_tx_bytes_phy:5232409141
4.7.0-damn-strict:cpu_10:0
4.7.0-damn-strict:cache-misses:945560130
4.7.0-damn-strict:cpu_11:57.3266666666667
4.7.0-damn-strict:SKT1_l2miss:1290666666.66667
4.7.0-damn-strict:cache-references:4689083752
4.7.0-damn-strict:TOTAL_l3hit:0.263333333333333
4.7.0-damn-strict:enp130s0f0_tx_packets_phy:1003088.33333333
4.7.0-damn-strict:enp130s0f1_tx_packets_phy:665628.333333333
4.7.0-damn-strict:enp4s0f0_rx_packets_phy:0
4.7.0-damn-strict:SKT1_l3mpi:0.0333333333333333
4.7.0-damn-strict:Total_tx_packets:418860.333333333
4.7.0-damn-strict:enp4s0f0_tx_packets_phy:0
4.7.0-damn-strict:enp4s0f1_tx_bytes_phy:0
4.7.0-damn-strict:cycles:106206397721
4.7.0-damn-strict:Total_tx_packets_phy:1668716.66666667
4.7.0-damn-strict:Total_tx_bytes:9799585545.66667
4.7.0-damn-strict:enp4s0f1_rx_packets:0
4.7.0-damn-strict:TOTAL_l2mpi:0.0466666666666667
4.7.0-damn-strict:cpu_3:58.3133333333333
4.7.0-damn-strict:cpu_23:53.4033333333333
4.7.0-damn-strict:enp4s0f0_rx_bytes_phy:0
4.7.0-damn-strict:Total_rx_packets_phy:1249448.33333333
4.7.0-damn-strict:Memory:47838.96
4.7.0-damn-strict:LLC-store-misses:130569276.333333
4.7.0-damn-strict:cpu_24:0
4.7.0-damn-strict:enp130s0f0_rx_packets_phy:612805.666666667
4.7.0-damn-strict:enp4s0f1_rx_bytes_phy:0
4.7.0-damn-strict:enp130s0f1_rx_packets_phy:636642.666666667
4.7.0-damn-strict:cpu_0:0.323333333333333
4.7.0-damn-strict:SKT0_l3hit:0.853333333333333
4.7.0-damn-strict:Total_tx_bytes_phy:9827454940
4.7.0-damn-strict:cpu_9:65.5066666666667
4.7.0-damn-strict:cpu_1:58.93
4.7.0-damn-strict:Total_rx_packets:586615.333333333
4.7.0-damn-strict:TOTAL_l2hit:0.306666666666667
4.7.0-damn-strict:cpu_2:0
4.7.0-damn-strict:cpu_16:0
4.7.0-damn-strict:16384:87380
4.7.0-damn-strict:TOTAL_l2miss:1295666666.66667
4.7.0-damn-strict:Total_rx_bytes_phy:9628009782.66667
4.7.0-damn-strict:LLC-load-misses:422691687
4.7.0-damn-strict:enp4s0f1_tx_packets_phy:0
4.7.0-damn-strict:cpu_12:0
4.7.0-damn-strict:LLC-store:1603853583
4.7.0-damn-strict:cpu_20:0
4.7.0-damn-strict:cpu_22:1.94333333333333
4.7.0-damn-strict:TOTAL_l3mpi:0.03
4.7.0-damn-strict:cpu_15:53.4266666666667
4.7.0-damn-strict:enp4s0f0_tx_packets:0
4.7.0-damn-strict:enp130s0f0_rx_packets:238622
4.7.0-damn-strict:enp4s0f0_rx_packets:0
4.7.0-damn-strict:cpu_17:55.36
4.7.0-damn-strict:SKT0_l3mpi:0
4.7.0-damn-strict:cpu_6:0.323333333333333
4.7.0-damn-strict:Total_rx_bytes:9577094555.33333
4.7.0-damn-strict:cpu_total:29.1733333333333
4.7.0-damn-strict:enp130s0f1_rx_packets:347993.333333333
4.7.0-damn-strict:SKT1_l2hit:0.31
4.7.0-damn-strict:enp4s0f1_rx_bytes:0
4.7.0-damn-strict:cpu_4:0
4.7.0-damn-strict:enp4s0f1_rx_packets_phy:0
4.7.0-damn-strict:instructions:29270539488.3333
4.7.0-damn-strict:SKT0_l2hit:0.206666666666667
4.7.0-damn-strict:SKT0_l2mpi:0.01
4.7.0-damn-strict:SKT0_l2miss:5259666.66666667
4.7.0-damn-strict:TOTAL_l3miss:950666666.666667
4.7.0-damn-strict:enp4s0f1_tx_packets:0
4.7.0-damn-strict:enp130s0f0_rx_bytes:4689658318.66667
4.7.0-damn-strict:cpu_5:62.5
4.7.0-damn-strict:cpu_14:0
4.7.0-damn-strict:enp130s0f1_rx_bytes_phy:4909028194.66667
4.7.0-damn-strict:cpu_25:66.8366666666667
4.7.0-damn-strict:enp4s0f0_tx_bytes_phy:0
4.7.0-damn-strict:cpu_18:0.323333333333333
4.7.0-damn-strict:SKT1_l3miss:949333333.333333
4.7.0-damn-strict:cpu_27:53.74
4.7.0-damn-strict:Write:20864.8866666667
4.7.0-damn-strict:SKT1_l2mpi:0.05
4.7.0-damn-strict:cpu_19:49.51
4.7.0-damn-strict:SKT0_l3miss:820666.666666667
4.7.0-unsafe:cpu_21:56.6333333333333
4.7.0-unsafe:cpu_8:0.323333333333333
4.7.0-unsafe:enp4s0f0_rx_bytes:0
4.7.0-unsafe:enp130s0f0_tx_bytes:6234511722
4.7.0-unsafe:enp130s0f1_tx_bytes:4802929546.66667
4.7.0-unsafe:SKT1_l3hit:0.263333333333333
4.7.0-unsafe:Read:30082.9733333333
4.7.0-unsafe:SKT1_ipc:0.27
4.7.0-unsafe:cpu_13:60.1933333333333
4.7.0-unsafe:TOTAL_ipc:0.276666666666667
4.7.0-unsafe:enp130s0f0_tx_packets:196318
4.7.0-unsafe:cache-misses:1063513581
4.7.0-unsafe:cpu_11:70.8733333333333
4.7.0-unsafe:SKT1_l2miss:1468666666.66667
4.7.0-unsafe:enp4s0f0_tx_bytes:0
4.7.0-unsafe:enp130s0f1_tx_packets:234439.666666667
4.7.0-unsafe:cpu_7:64.7266666666667
4.7.0-unsafe:enp130s0f0_rx_bytes_phy:5237764353.33333
4.7.0-unsafe:enp130s0f0_tx_bytes_phy:6242176330.66667
4.7.0-unsafe:cpu_10:0.323333333333333
4.7.0-unsafe:cpu_26:0
4.7.0-unsafe:enp130s0f1_rx_bytes:4956745962
4.7.0-unsafe:LLC-load:1293241376
4.7.0-unsafe:enp4s0f1_tx_bytes:0
4.7.0-unsafe:SKT0_ipc:0.853333333333333
4.7.0-unsafe:enp130s0f1_tx_bytes_phy:4805541455.66667
4.7.0-unsafe:TOTAL_l2mpi:0.05
4.7.0-unsafe:enp4s0f1_rx_packets:0
4.7.0-unsafe:cpu_3:65.3733333333333
4.7.0-unsafe:cycles:111159832899.667
4.7.0-unsafe:Total_tx_bytes:11037441268.6667
4.7.0-unsafe:Total_tx_packets_phy:1570790
4.7.0-unsafe:enp4s0f0_rx_packets_phy:0
4.7.0-unsafe:SKT1_l3mpi:0.0366666666666667
4.7.0-unsafe:enp130s0f1_tx_packets_phy:690458
4.7.0-unsafe:enp4s0f0_tx_packets_phy:0
4.7.0-unsafe:enp4s0f1_tx_bytes_phy:0
4.7.0-unsafe:Total_tx_packets:430757.666666667
4.7.0-unsafe:TOTAL_l3hit:0.263333333333333
4.7.0-unsafe:cache-references:5209558712.33333
4.7.0-unsafe:enp130s0f0_tx_packets_phy:880332
4.7.0-unsafe:cpu_0:0.646666666666667
4.7.0-unsafe:enp4s0f1_rx_bytes_phy:0
4.7.0-unsafe:enp130s0f1_rx_packets_phy:633639
4.7.0-unsafe:LLC-store-misses:139214947.666667
4.7.0-unsafe:Memory:53492.86
4.7.0-unsafe:enp130s0f0_rx_packets_phy:703495
4.7.0-unsafe:cpu_24:0.646666666666667
4.7.0-unsafe:cpu_23:66.34
4.7.0-unsafe:enp4s0f0_rx_bytes_phy:0
4.7.0-unsafe:Total_rx_packets_phy:1337134
4.7.0-unsafe:TOTAL_l2miss:1477000000
4.7.0-unsafe:Total_rx_bytes_phy:10216142065
4.7.0-unsafe:16384:87380
4.7.0-unsafe:cpu_12:0
4.7.0-unsafe:LLC-load-misses:454581814.333333
4.7.0-unsafe:enp4s0f1_tx_packets_phy:0
4.7.0-unsafe:cpu_16:3.23333333333333
4.7.0-unsafe:cpu_2:0.323333333333333
4.7.0-unsafe:Total_rx_packets:606352.333333333
4.7.0-unsafe:TOTAL_l2hit:0.293333333333333
4.7.0-unsafe:Total_tx_bytes_phy:11047717786.3333
4.7.0-unsafe:SKT0_l3hit:0.833333333333333
4.7.0-unsafe:cpu_9:59.2233333333333
4.7.0-unsafe:cpu_1:76.0533333333333
4.7.0-unsafe:SKT1_l2hit:0.293333333333333
4.7.0-unsafe:enp130s0f1_rx_packets:344201.666666667
4.7.0-unsafe:enp4s0f1_rx_bytes:0
4.7.0-unsafe:SKT0_l3mpi:0
4.7.0-unsafe:cpu_17:60.5166666666667
4.7.0-unsafe:enp4s0f0_rx_packets:0
4.7.0-unsafe:enp130s0f0_rx_packets:262150.666666667
4.7.0-unsafe:cpu_total:31.4833333333333
4.7.0-unsafe:Total_rx_bytes:10164188104
4.7.0-unsafe:cpu_6:0.323333333333333
4.7.0-unsafe:TOTAL_l3mpi:0.0333333333333333
4.7.0-unsafe:cpu_15:52.1066666666667
4.7.0-unsafe:cpu_22:1.61666666666667
4.7.0-unsafe:enp4s0f0_tx_packets:0
4.7.0-unsafe:cpu_20:0.323333333333333
4.7.0-unsafe:LLC-store:1800138658
4.7.0-unsafe:cpu_5:62.1366666666667
4.7.0-unsafe:enp130s0f1_rx_bytes_phy:4978377711.66667
4.7.0-unsafe:cpu_14:0
4.7.0-unsafe:enp4s0f1_tx_packets:0
4.7.0-unsafe:enp130s0f0_rx_bytes:5207442142
4.7.0-unsafe:TOTAL_l3miss:1086666666.66667
4.7.0-unsafe:SKT0_l2miss:8096666.66666667
4.7.0-unsafe:SKT0_l2mpi:0.01
4.7.0-unsafe:cpu_4:0.323333333333333
4.7.0-unsafe:SKT0_l2hit:0.226666666666667
4.7.0-unsafe:instructions:32001109666.3333
4.7.0-unsafe:enp4s0f1_rx_packets_phy:0
4.7.0-unsafe:SKT0_l3miss:1355333.33333333
4.7.0-unsafe:cpu_19:55.6633333333333
4.7.0-unsafe:SKT1_l2mpi:0.05
4.7.0-unsafe:Write:23409.8866666667
4.7.0-unsafe:SKT1_l3miss:1085666666.66667
4.7.0-unsafe:cpu_27:56.96
4.7.0-unsafe:cpu_18:0
4.7.0-unsafe:cpu_25:66.02
4.7.0-unsafe:enp4s0f0_tx_bytes_phy:0
