4.7.0-damn-strict:enp130s0f1_rx_packets_phy:0
4.7.0-damn-strict:cpu_1:0
4.7.0-damn-strict:cpu_2:100
4.7.0-damn-strict:enp130s0f1_rx_packets:0
4.7.0-damn-strict:Total_rx_bytes_phy:3763720
4.7.0-damn-strict:SKT1_l3miss:363333.333333333
4.7.0-damn-strict:cpu_total:3.70333333333333
4.7.0-damn-strict:enp130s0f1_rx_bytes:0
4.7.0-damn-strict:Write:205.49
4.7.0-damn-strict:enp130s0f1_tx_packets_phy:0
4.7.0-damn-strict:TOTAL_l3miss:9128666.66666667
4.7.0-damn-strict:cpu_7:0
4.7.0-damn-strict:enp130s0f1_rx_bytes_phy:0
4.7.0-damn-strict:enp130s0f0_tx_bytes:8690920938
4.7.0-damn-strict:enp4s0f0_tx_packets_phy:0
4.7.0-damn-strict:enp130s0f0_tx_packets_phy:965551.333333333
4.7.0-damn-strict:enp130s0f0_rx_packets:53762
4.7.0-damn-strict:cpu_17:0
4.7.0-damn-strict:cpu_25:0
4.7.0-damn-strict:enp130s0f0_tx_bytes_phy:8694426965
4.7.0-damn-strict:cpu_27:0.653333333333333
4.7.0-damn-strict:cpu_5:0
4.7.0-damn-strict:SKT0_l3miss:8879666.66666667
4.7.0-damn-strict:enp4s0f1_rx_bytes_phy:0
4.7.0-damn-strict:cpu_24:0
4.7.0-damn-strict:cpu_3:0
4.7.0-damn-strict:TOTAL_l2mpi:0.02
4.7.0-damn-strict:Total_tx_packets_phy:965551.333333333
4.7.0-damn-strict:enp130s0f1_tx_bytes_phy:0
4.7.0-damn-strict:TOTAL_ipc:0.4
4.7.0-damn-strict:cpu_12:0
4.7.0-damn-strict:cpu_14:4.9
4.7.0-damn-strict:cpu_20:0
4.7.0-damn-strict:cpu_21:0
4.7.0-damn-strict:SKT0_l2hit:0.693333333333333
4.7.0-damn-strict:LLC-store-misses:2064679.66666667
4.7.0-damn-strict:cache-misses:9083226.66666667
4.7.0-damn-strict:Total_rx_packets:53762
4.7.0-damn-strict:cpu_6:0
4.7.0-damn-strict:enp4s0f1_rx_bytes:0
4.7.0-damn-strict:cpu_4:0
4.7.0-damn-strict:SKT0_l2miss:121333333.333333
4.7.0-damn-strict:enp130s0f1_tx_bytes:0
4.7.0-damn-strict:enp130s0f0_rx_bytes:3548465.66666667
4.7.0-damn-strict:cache-references:1635975390
4.7.0-damn-strict:SKT0_ipc:0.383333333333333
4.7.0-damn-strict:enp4s0f1_tx_bytes:0
4.7.0-damn-strict:16384:87380
4.7.0-damn-strict:Total_tx_packets:139657.666666667
4.7.0-damn-strict:enp4s0f0_rx_bytes_phy:0
4.7.0-damn-strict:cpu_19:0
4.7.0-damn-strict:enp4s0f0_tx_packets:0
4.7.0-damn-strict:TOTAL_l3mpi:0
4.7.0-damn-strict:SKT1_ipc:1.01666666666667
4.7.0-damn-strict:Total_tx_bytes:8690920938
4.7.0-damn-strict:Total_tx_bytes_phy:8694426965
4.7.0-damn-strict:SKT0_l2mpi:0.02
4.7.0-damn-strict:Total_rx_bytes:3548465.66666667
4.7.0-damn-strict:enp4s0f1_rx_packets_phy:0
4.7.0-damn-strict:cpu_11:0.653333333333333
4.7.0-damn-strict:enp130s0f0_rx_bytes_phy:3763720
4.7.0-damn-strict:Total_rx_packets_phy:53764.3333333333
4.7.0-damn-strict:SKT1_l2miss:1366333.33333333
4.7.0-damn-strict:LLC-load:254496909.333333
4.7.0-damn-strict:Read:8596.54
4.7.0-damn-strict:LLC-load-misses:3836277
4.7.0-damn-strict:cpu_8:0
4.7.0-damn-strict:cpu_26:0
4.7.0-damn-strict:SKT0_l3mpi:0
4.7.0-damn-strict:SKT1_l2hit:0.3
4.7.0-damn-strict:enp4s0f1_tx_bytes_phy:0
4.7.0-damn-strict:enp4s0f0_tx_bytes_phy:0
4.7.0-damn-strict:cpu_10:0.653333333333333
4.7.0-damn-strict:cpu_22:0
4.7.0-damn-strict:enp4s0f0_rx_packets:0
4.7.0-damn-strict:enp4s0f1_tx_packets_phy:0
4.7.0-damn-strict:enp4s0f0_rx_bytes:0
4.7.0-damn-strict:TOTAL_l3hit:0.926666666666667
4.7.0-damn-strict:SKT1_l3hit:0.733333333333333
4.7.0-damn-strict:cpu_16:0
4.7.0-damn-strict:cpu_0:0.326666666666667
4.7.0-damn-strict:cpu_15:0
4.7.0-damn-strict:cpu_9:0
4.7.0-damn-strict:Memory:8802.03
4.7.0-damn-strict:TOTAL_l2hit:0.69
4.7.0-damn-strict:cycles:16715763234
4.7.0-damn-strict:SKT1_l3mpi:0
4.7.0-damn-strict:SKT1_l2mpi:0
4.7.0-damn-strict:enp4s0f1_tx_packets:0
4.7.0-damn-strict:SKT0_l3hit:0.93
4.7.0-damn-strict:cpu_13:0.326666666666667
4.7.0-damn-strict:enp130s0f1_tx_packets:0
4.7.0-damn-strict:cpu_18:0
4.7.0-damn-strict:LLC-store:684645663
4.7.0-damn-strict:enp130s0f0_tx_packets:139657.666666667
4.7.0-damn-strict:enp4s0f0_rx_packets_phy:0
4.7.0-damn-strict:cpu_23:0
4.7.0-damn-strict:enp4s0f0_tx_bytes:0
4.7.0-damn-strict:enp130s0f0_rx_packets_phy:53764.3333333333
4.7.0-damn-strict:TOTAL_l2miss:123000000
4.7.0-damn-strict:enp4s0f1_rx_packets:0
4.7.0-damn-strict:instructions:6676270808.66667
4.7.0-unsafe:enp4s0f1_tx_packets:0
4.7.0-unsafe:SKT0_l3hit:0.963333333333333
4.7.0-unsafe:Memory:8546.49666666667
4.7.0-unsafe:cycles:16652269896.3333
4.7.0-unsafe:TOTAL_l2hit:0.706666666666667
4.7.0-unsafe:SKT1_l3mpi:0
4.7.0-unsafe:SKT1_l2mpi:0
4.7.0-unsafe:cpu_9:0
4.7.0-unsafe:enp4s0f0_rx_bytes:0
4.7.0-unsafe:TOTAL_l3hit:0.96
4.7.0-unsafe:cpu_16:0
4.7.0-unsafe:SKT1_l3hit:0.703333333333333
4.7.0-unsafe:cpu_0:0
4.7.0-unsafe:cpu_15:0.326666666666667
4.7.0-unsafe:enp4s0f0_tx_bytes:0
4.7.0-unsafe:enp130s0f0_rx_packets_phy:55943
4.7.0-unsafe:TOTAL_l2miss:122666666.666667
4.7.0-unsafe:instructions:7941108850.66667
4.7.0-unsafe:enp4s0f1_rx_packets:0
4.7.0-unsafe:cpu_23:0.326666666666667
4.7.0-unsafe:enp4s0f0_rx_packets_phy:0
4.7.0-unsafe:cpu_18:0
4.7.0-unsafe:LLC-store:691373026.333333
4.7.0-unsafe:enp130s0f0_tx_packets:139358.333333333
4.7.0-unsafe:cpu_13:0
4.7.0-unsafe:enp130s0f1_tx_packets:0
4.7.0-unsafe:LLC-load:260054757.333333
4.7.0-unsafe:LLC-load-misses:2125217
4.7.0-unsafe:Read:8456.88666666667
4.7.0-unsafe:cpu_8:0
4.7.0-unsafe:enp130s0f0_rx_bytes_phy:3916133.66666667
4.7.0-unsafe:cpu_11:0
4.7.0-unsafe:Total_rx_packets_phy:55943
4.7.0-unsafe:SKT1_l2miss:1272333.33333333
4.7.0-unsafe:Total_rx_bytes:3691693.66666667
4.7.0-unsafe:enp4s0f1_rx_packets_phy:0
4.7.0-unsafe:SKT1_ipc:1.07666666666667
4.7.0-unsafe:Total_tx_bytes:8677637798.33333
4.7.0-unsafe:Total_tx_bytes_phy:8684050116
4.7.0-unsafe:SKT0_l2mpi:0.02
4.7.0-unsafe:enp4s0f1_tx_packets_phy:0
4.7.0-unsafe:cpu_10:0
4.7.0-unsafe:cpu_22:0
4.7.0-unsafe:enp4s0f0_rx_packets:0
4.7.0-unsafe:cpu_26:0.326666666666667
4.7.0-unsafe:SKT0_l3mpi:0
4.7.0-unsafe:SKT1_l2hit:0.323333333333333
4.7.0-unsafe:enp4s0f0_tx_bytes_phy:0
4.7.0-unsafe:enp4s0f1_tx_bytes_phy:0
4.7.0-unsafe:SKT0_l2miss:121333333.333333
4.7.0-unsafe:enp130s0f0_rx_bytes:3691693.66666667
4.7.0-unsafe:enp130s0f1_tx_bytes:0
4.7.0-unsafe:SKT0_ipc:0.463333333333333
4.7.0-unsafe:cache-references:1667634745.66667
4.7.0-unsafe:cpu_6:0
4.7.0-unsafe:cpu_4:0
4.7.0-unsafe:enp4s0f1_rx_bytes:0
4.7.0-unsafe:cache-misses:5117243
4.7.0-unsafe:Total_rx_packets:55933.3333333333
4.7.0-unsafe:LLC-store-misses:880728
4.7.0-unsafe:enp4s0f0_tx_packets:0
4.7.0-unsafe:TOTAL_l3mpi:0
4.7.0-unsafe:enp4s0f0_rx_bytes_phy:0
4.7.0-unsafe:Total_tx_packets:139358.333333333
4.7.0-unsafe:cpu_19:0
4.7.0-unsafe:enp4s0f1_tx_bytes:0
4.7.0-unsafe:16384:87380
4.7.0-unsafe:enp130s0f1_rx_bytes_phy:0
4.7.0-unsafe:cpu_7:0.326666666666667
4.7.0-unsafe:enp130s0f0_tx_packets_phy:964426.666666667
4.7.0-unsafe:enp4s0f0_tx_packets_phy:0
4.7.0-unsafe:enp130s0f0_tx_bytes:8677637798.33333
4.7.0-unsafe:enp130s0f0_rx_packets:55933.3333333333
4.7.0-unsafe:cpu_total:3.60666666666667
4.7.0-unsafe:Write:89.6133333333333
4.7.0-unsafe:enp130s0f1_tx_packets_phy:0
4.7.0-unsafe:enp130s0f1_rx_bytes:0
4.7.0-unsafe:TOTAL_l3miss:5098000
4.7.0-unsafe:enp130s0f1_rx_packets:0
4.7.0-unsafe:Total_rx_bytes_phy:3916133.66666667
4.7.0-unsafe:SKT1_l3miss:373333.333333333
4.7.0-unsafe:enp130s0f1_rx_packets_phy:0
4.7.0-unsafe:cpu_1:0
4.7.0-unsafe:cpu_2:100
4.7.0-unsafe:cpu_20:0.653333333333333
4.7.0-unsafe:cpu_14:0
4.7.0-unsafe:SKT0_l2hit:0.71
4.7.0-unsafe:cpu_21:0
4.7.0-unsafe:cpu_3:0
4.7.0-unsafe:TOTAL_l2mpi:0.02
4.7.0-unsafe:Total_tx_packets_phy:964426.666666667
4.7.0-unsafe:enp130s0f1_tx_bytes_phy:0
4.7.0-unsafe:TOTAL_ipc:0.476666666666667
4.7.0-unsafe:cpu_12:2.61333333333333
4.7.0-unsafe:enp4s0f1_rx_bytes_phy:0
4.7.0-unsafe:SKT0_l3miss:4724333.33333333
4.7.0-unsafe:cpu_24:0
4.7.0-unsafe:cpu_17:0
4.7.0-unsafe:cpu_25:0
4.7.0-unsafe:enp130s0f0_tx_bytes_phy:8684050116
4.7.0-unsafe:cpu_27:0.326666666666667
4.7.0-unsafe:cpu_5:0.653333333333333
