4.7.0-copy-plus-strict:cpu_11:99.424
4.7.0-copy-plus-strict:cpu_12:0.192
4.7.0-copy-plus-strict:Write:27843.5
4.7.0-copy-plus-strict:enp4s0f0_tx_packets:0
4.7.0-copy-plus-strict:Total_tx_queue_stopped:0
4.7.0-copy-plus-strict:TOTAL_l3hit:0.312
4.7.0-copy-plus-strict:cpu_20:1.338
4.7.0-copy-plus-strict:16384:87380
4.7.0-copy-plus-strict:TOTAL_l2mpi:0.086
4.7.0-copy-plus-strict:SKT0_l3mpi:0
4.7.0-copy-plus-strict:cpu_1:98.854
4.7.0-copy-plus-strict:enp130s0f0_tx_packets:150989.6
4.7.0-copy-plus-strict:enp130s0f1_tx_queue_stopped:0
4.7.0-copy-plus-strict:enp130s0f0_tx_queue_stopped:0
4.7.0-copy-plus-strict:TOTAL_l3mpi:0.06
4.7.0-copy-plus-strict:enp130s0f0_rx_bytes_phy:3054909778.6
4.7.0-copy-plus-strict:enp130s0f1_tx_packets:132675.6
4.7.0-copy-plus-strict:SKT0_l2mpi:0.03
4.7.0-copy-plus-strict:cpu_2:0.576
4.7.0-copy-plus-strict:enp4s0f1_tx_bytes_phy:0
4.7.0-copy-plus-strict:Total_tx_packets:283665.2
4.7.0-copy-plus-strict:enp4s0f1_rx_packets:0
4.7.0-copy-plus-strict:cpu_24:0
4.7.0-copy-plus-strict:cpu_3:98.472
4.7.0-copy-plus-strict:cpu_14:0.19
4.7.0-copy-plus-strict:Total_rx_packets_phy:970372.8
4.7.0-copy-plus-strict:enp4s0f1_rx_bytes:0
4.7.0-copy-plus-strict:SKT1_l3hit:0.306
4.7.0-copy-plus-strict:SKT1_l2miss:2013200000
4.7.0-copy-plus-strict:Read:27723.364
4.7.0-copy-plus-strict:cpu_15:99.808
4.7.0-copy-plus-strict:cpu_27:99.622
4.7.0-copy-plus-strict:cpu_25:99.43
4.7.0-copy-plus-strict:TOTAL_l2hit:0.334
4.7.0-copy-plus-strict:SKT1_l2hit:0.336
4.7.0-copy-plus-strict:enp4s0f1_tx_bytes:0
4.7.0-copy-plus-strict:Memory:55566.868
4.7.0-copy-plus-strict:enp130s0f0_rx_packets:212142.4
4.7.0-copy-plus-strict:cpu_21:98.864
4.7.0-copy-plus-strict:enp4s0f1_rx_packets_phy:0
4.7.0-copy-plus-strict:enp130s0f1_tx_bytes:4784263066.4
4.7.0-copy-plus-strict:SKT0_l3miss:1134800
4.7.0-copy-plus-strict:Total_rx_bytes:5921813547.4
4.7.0-copy-plus-strict:enp4s0f0_tx_packets_phy:0
4.7.0-copy-plus-strict:SKT0_l2miss:12400000
4.7.0-copy-plus-strict:Total_rx_bytes_phy:6112399752
4.7.0-copy-plus-strict:SKT1_l3mpi:0.06
4.7.0-copy-plus-strict:cpu_10:0
4.7.0-copy-plus-strict:SKT1_l2mpi:0.088
4.7.0-copy-plus-strict:cpu_4:0.382
4.7.0-copy-plus-strict:cpu_8:0.574
4.7.0-copy-plus-strict:Total_tx_bytes_phy:10073990203.6
4.7.0-copy-plus-strict:cpu_9:99.43
4.7.0-copy-plus-strict:cpu_17:98.466
4.7.0-copy-plus-strict:cpu_5:100
4.7.0-copy-plus-strict:cpu_16:0.19
4.7.0-copy-plus-strict:enp4s0f0_rx_bytes_phy:0
4.7.0-copy-plus-strict:SKT0_ipc:0.718
4.7.0-copy-plus-strict:cpu_26:0.38
4.7.0-copy-plus-strict:SKT1_ipc:0.138
4.7.0-copy-plus-strict:SKT0_l3hit:0.91
4.7.0-copy-plus-strict:cpu_23:99.238
4.7.0-copy-plus-strict:cpu_total:49.744
4.7.0-copy-plus-strict:cpu_7:99.424
4.7.0-copy-plus-strict:enp130s0f0_tx_bytes_phy:5292938500.8
4.7.0-copy-plus-strict:enp130s0f0_rx_packets_phy:484166.4
4.7.0-copy-plus-strict:Total_tx_bytes:10078756799.6
4.7.0-copy-plus-strict:cpu_19:98.858
4.7.0-copy-plus-strict:TOTAL_l3miss:1396400000
4.7.0-copy-plus-strict:Total_tx_packets_phy:1234887.2
4.7.0-copy-plus-strict:cpu_22:0.764
4.7.0-copy-plus-strict:enp4s0f0_rx_packets_phy:0
4.7.0-copy-plus-strict:SKT1_l3miss:1395400000
4.7.0-copy-plus-strict:enp4s0f0_rx_bytes:0
4.7.0-copy-plus-strict:TOTAL_ipc:0.14
4.7.0-copy-plus-strict:enp4s0f0_tx_bytes:0
4.7.0-copy-plus-strict:TOTAL_l2miss:2025800000
4.7.0-copy-plus-strict:enp130s0f1_rx_bytes_phy:3057489973.4
4.7.0-copy-plus-strict:cpu_13:99.234
4.7.0-copy-plus-strict:SKT0_l2hit:0.066
4.7.0-copy-plus-strict:Total_rx_packets:441319.8
4.7.0-copy-plus-strict:enp130s0f0_rx_bytes:2900751479.4
4.7.0-copy-plus-strict:enp4s0f0_tx_queue_stopped:0
4.7.0-copy-plus-strict:enp130s0f1_rx_packets:229177.4
4.7.0-copy-plus-strict:enp130s0f0_tx_packets_phy:648309
4.7.0-copy-plus-strict:cpu_0:0.188
4.7.0-copy-plus-strict:cpu_6:0
4.7.0-copy-plus-strict:enp130s0f1_tx_bytes_phy:4781051702.8
4.7.0-copy-plus-strict:enp4s0f1_rx_bytes_phy:0
4.7.0-copy-plus-strict:enp130s0f1_rx_bytes:3021062068
4.7.0-copy-plus-strict:enp4s0f1_tx_packets:0
4.7.0-copy-plus-strict:cpu_18:0.38
4.7.0-copy-plus-strict:enp4s0f1_tx_packets_phy:0
4.7.0-copy-plus-strict:enp4s0f1_tx_queue_stopped:0
4.7.0-copy-plus-strict:enp130s0f0_tx_bytes:5294493733.2
4.7.0-copy-plus-strict:enp130s0f1_rx_packets_phy:486206.4
4.7.0-copy-plus-strict:enp130s0f1_tx_packets_phy:586578.2
4.7.0-copy-plus-strict:enp4s0f0_rx_packets:0
4.7.0-copy-plus-strict:enp4s0f0_tx_bytes_phy:0
4.7.0-damn-strict:Total_rx_bytes_phy:7968114792.2
4.7.0-damn-strict:cpu_10:0.194
4.7.0-damn-strict:SKT1_l3mpi:0.03
4.7.0-damn-strict:cpu_4:0.194
4.7.0-damn-strict:SKT1_l2mpi:0.04
4.7.0-damn-strict:cpu_8:0.194
4.7.0-damn-strict:Total_tx_bytes_phy:10075652846.4
4.7.0-damn-strict:cpu_9:62.626
4.7.0-damn-strict:cpu_17:47.486
4.7.0-damn-strict:cpu_5:63.028
4.7.0-damn-strict:cpu_16:0
4.7.0-damn-strict:enp4s0f0_rx_bytes_phy:0
4.7.0-damn-strict:SKT0_ipc:0.526
4.7.0-damn-strict:SKT0_l3hit:0.866
4.7.0-damn-strict:SKT1_ipc:0.29
4.7.0-damn-strict:cpu_26:0
4.7.0-damn-strict:cpu_23:45.13
4.7.0-damn-strict:cpu_total:29.564
4.7.0-damn-strict:TOTAL_l2hit:0.3
4.7.0-damn-strict:SKT1_l2hit:0.3
4.7.0-damn-strict:enp4s0f1_tx_bytes:0
4.7.0-damn-strict:Memory:47020.922
4.7.0-damn-strict:enp130s0f0_rx_packets:249692.6
4.7.0-damn-strict:cpu_21:57.95
4.7.0-damn-strict:enp4s0f1_rx_packets_phy:0
4.7.0-damn-strict:Total_rx_bytes:7745401634.6
4.7.0-damn-strict:SKT0_l3miss:265800
4.7.0-damn-strict:enp130s0f1_tx_bytes:4643862679.8
4.7.0-damn-strict:enp4s0f0_tx_packets_phy:0
4.7.0-damn-strict:SKT0_l2miss:1991000
4.7.0-damn-strict:enp130s0f1_tx_packets:249819
4.7.0-damn-strict:TOTAL_l3mpi:0.03
4.7.0-damn-strict:enp130s0f0_tx_queue_stopped:0
4.7.0-damn-strict:enp130s0f0_rx_bytes_phy:3001082172.6
4.7.0-damn-strict:SKT0_l2mpi:0.024
4.7.0-damn-strict:cpu_2:0
4.7.0-damn-strict:enp4s0f1_tx_bytes_phy:0
4.7.0-damn-strict:Total_tx_packets:410137.2
4.7.0-damn-strict:enp4s0f1_rx_packets:0
4.7.0-damn-strict:cpu_24:0.194
4.7.0-damn-strict:cpu_3:74.336
4.7.0-damn-strict:cpu_14:0.194
4.7.0-damn-strict:Total_rx_packets_phy:1225050
4.7.0-damn-strict:enp4s0f1_rx_bytes:0
4.7.0-damn-strict:SKT1_l3hit:0.248
4.7.0-damn-strict:SKT1_l2miss:1291000000
4.7.0-damn-strict:Read:27605.962
4.7.0-damn-strict:cpu_15:51.934
4.7.0-damn-strict:cpu_27:57.778
4.7.0-damn-strict:cpu_25:62.646
4.7.0-damn-strict:cpu_11:50.582
4.7.0-damn-strict:cpu_12:0.194
4.7.0-damn-strict:Write:19414.962
4.7.0-damn-strict:enp4s0f0_tx_packets:0
4.7.0-damn-strict:Total_tx_queue_stopped:0
4.7.0-damn-strict:cpu_20:0.194
4.7.0-damn-strict:TOTAL_l3hit:0.25
4.7.0-damn-strict:16384:87380
4.7.0-damn-strict:TOTAL_l2mpi:0.04
4.7.0-damn-strict:SKT0_l3mpi:0
4.7.0-damn-strict:enp130s0f0_tx_packets:160318.2
4.7.0-damn-strict:cpu_1:66.34
4.7.0-damn-strict:enp130s0f1_tx_queue_stopped:0
4.7.0-damn-strict:cpu_0:0.388
4.7.0-damn-strict:cpu_6:0.388
4.7.0-damn-strict:enp130s0f1_tx_bytes_phy:4646450398.8
4.7.0-damn-strict:enp4s0f1_rx_bytes_phy:0
4.7.0-damn-strict:enp130s0f1_rx_bytes:4945083495.6
4.7.0-damn-strict:cpu_18:0
4.7.0-damn-strict:enp4s0f1_tx_packets:0
4.7.0-damn-strict:enp4s0f1_tx_packets_phy:0
4.7.0-damn-strict:enp4s0f1_tx_queue_stopped:0
4.7.0-damn-strict:enp130s0f0_tx_bytes:5427170792.6
4.7.0-damn-strict:enp130s0f1_tx_packets_phy:690241.2
4.7.0-damn-strict:enp130s0f1_rx_packets_phy:716807.2
4.7.0-damn-strict:enp4s0f0_rx_packets:0
4.7.0-damn-strict:enp4s0f0_tx_bytes_phy:0
4.7.0-damn-strict:enp130s0f1_rx_bytes_phy:4967032619.6
4.7.0-damn-strict:cpu_13:62.664
4.7.0-damn-strict:SKT0_l2hit:0.09
4.7.0-damn-strict:Total_rx_packets:719876.6
4.7.0-damn-strict:enp130s0f0_rx_bytes:2800318139
4.7.0-damn-strict:enp4s0f0_tx_queue_stopped:0
4.7.0-damn-strict:enp130s0f1_rx_packets:470184
4.7.0-damn-strict:enp130s0f0_tx_packets_phy:675756.8
4.7.0-damn-strict:cpu_22:0
4.7.0-damn-strict:enp4s0f0_rx_packets_phy:0
4.7.0-damn-strict:SKT1_l3miss:970600000
4.7.0-damn-strict:enp4s0f0_rx_bytes:0
4.7.0-damn-strict:TOTAL_ipc:0.29
4.7.0-damn-strict:enp4s0f0_tx_bytes:0
4.7.0-damn-strict:TOTAL_l2miss:1293000000
4.7.0-damn-strict:cpu_7:58.586
4.7.0-damn-strict:enp130s0f0_tx_bytes_phy:5429202447.6
4.7.0-damn-strict:enp130s0f0_rx_packets_phy:508242.8
4.7.0-damn-strict:cpu_19:66.332
4.7.0-damn-strict:Total_tx_bytes:10071033472.4
4.7.0-damn-strict:TOTAL_l3miss:971000000
4.7.0-damn-strict:Total_tx_packets_phy:1365998
4.7.0-damn-unsafe:cpu_23:60.388
4.7.0-damn-unsafe:cpu_total:31.596
4.7.0-damn-unsafe:SKT0_ipc:0.54
4.7.0-damn-unsafe:SKT1_ipc:0.278
4.7.0-damn-unsafe:SKT0_l3hit:0.86
4.7.0-damn-unsafe:cpu_26:0.388
4.7.0-damn-unsafe:enp4s0f0_rx_bytes_phy:0
4.7.0-damn-unsafe:cpu_16:0
4.7.0-damn-unsafe:cpu_5:69.71
4.7.0-damn-unsafe:cpu_17:66.408
4.7.0-damn-unsafe:cpu_9:50.098
4.7.0-damn-unsafe:SKT1_l2mpi:0.042
4.7.0-damn-unsafe:cpu_4:0
4.7.0-damn-unsafe:cpu_8:0.388
4.7.0-damn-unsafe:Total_tx_bytes_phy:10216946889.6
4.7.0-damn-unsafe:Total_rx_bytes_phy:8920156253.2
4.7.0-damn-unsafe:cpu_10:0.582
4.7.0-damn-unsafe:SKT1_l3mpi:0.03
4.7.0-damn-unsafe:SKT0_l3miss:391400
4.7.0-damn-unsafe:enp130s0f1_tx_bytes:4675656294
4.7.0-damn-unsafe:Total_rx_bytes:8732766647.6
4.7.0-damn-unsafe:SKT0_l2miss:2705800
4.7.0-damn-unsafe:enp4s0f0_tx_packets_phy:0
4.7.0-damn-unsafe:enp4s0f1_rx_packets_phy:0
4.7.0-damn-unsafe:cpu_21:65.436
4.7.0-damn-unsafe:enp130s0f0_rx_packets:273549
4.7.0-damn-unsafe:Memory:48275.616
4.7.0-damn-unsafe:SKT1_l2hit:0.294
4.7.0-damn-unsafe:enp4s0f1_tx_bytes:0
4.7.0-damn-unsafe:TOTAL_l2hit:0.294
4.7.0-damn-unsafe:cpu_25:60.582
4.7.0-damn-unsafe:cpu_27:67.574
4.7.0-damn-unsafe:cpu_15:55.728
4.7.0-damn-unsafe:Read:27817.526
4.7.0-damn-unsafe:SKT1_l3hit:0.244
4.7.0-damn-unsafe:enp4s0f1_rx_bytes:0
4.7.0-damn-unsafe:SKT1_l2miss:1318200000
4.7.0-damn-unsafe:cpu_14:0.194
4.7.0-damn-unsafe:Total_rx_packets_phy:1355197
4.7.0-damn-unsafe:Total_tx_packets:409538.6
4.7.0-damn-unsafe:cpu_24:0.388
4.7.0-damn-unsafe:enp4s0f1_rx_packets:0
4.7.0-damn-unsafe:cpu_3:59.224
4.7.0-damn-unsafe:enp4s0f1_tx_bytes_phy:0
4.7.0-damn-unsafe:SKT0_l2mpi:0.026
4.7.0-damn-unsafe:cpu_2:0.388
4.7.0-damn-unsafe:enp130s0f0_tx_queue_stopped:0
4.7.0-damn-unsafe:TOTAL_l3mpi:0.03
4.7.0-damn-unsafe:enp130s0f0_rx_bytes_phy:3931693987.4
4.7.0-damn-unsafe:enp130s0f1_tx_packets:237183.4
4.7.0-damn-unsafe:enp130s0f1_tx_queue_stopped:0
4.7.0-damn-unsafe:TOTAL_l3hit:0.246
4.7.0-damn-unsafe:16384:87380
4.7.0-damn-unsafe:cpu_20:0.194
4.7.0-damn-unsafe:SKT0_l3mpi:0
4.7.0-damn-unsafe:TOTAL_l2mpi:0.042
4.7.0-damn-unsafe:enp130s0f0_tx_packets:172355.2
4.7.0-damn-unsafe:cpu_1:61.942
4.7.0-damn-unsafe:Total_tx_queue_stopped:0
4.7.0-damn-unsafe:enp4s0f0_tx_packets:0
4.7.0-damn-unsafe:cpu_12:0.194
4.7.0-damn-unsafe:Write:20458.094
4.7.0-damn-unsafe:cpu_11:63.108
4.7.0-damn-unsafe:enp130s0f1_tx_packets_phy:680813.6
4.7.0-damn-unsafe:enp130s0f1_rx_packets_phy:736028.2
4.7.0-damn-unsafe:enp4s0f0_rx_packets:0
4.7.0-damn-unsafe:enp4s0f0_tx_bytes_phy:0
4.7.0-damn-unsafe:enp130s0f0_tx_bytes:5535475131.2
4.7.0-damn-unsafe:enp4s0f1_tx_queue_stopped:0
4.7.0-damn-unsafe:enp4s0f1_tx_packets:0
4.7.0-damn-unsafe:cpu_18:0.194
4.7.0-damn-unsafe:enp4s0f1_tx_packets_phy:0
4.7.0-damn-unsafe:enp4s0f1_rx_bytes_phy:0
4.7.0-damn-unsafe:enp130s0f1_tx_bytes_phy:4678752523.6
4.7.0-damn-unsafe:enp130s0f1_rx_bytes:4965249592.2
4.7.0-damn-unsafe:cpu_6:0.194
4.7.0-damn-unsafe:cpu_0:0.97
4.7.0-damn-unsafe:enp130s0f1_rx_packets:474807.8
4.7.0-damn-unsafe:enp130s0f0_tx_packets_phy:698058.2
4.7.0-damn-unsafe:enp130s0f0_rx_bytes:3767517055.4
4.7.0-damn-unsafe:enp4s0f0_tx_queue_stopped:0
4.7.0-damn-unsafe:SKT0_l2hit:0.092
4.7.0-damn-unsafe:Total_rx_packets:748356.8
4.7.0-damn-unsafe:cpu_13:69.516
4.7.0-damn-unsafe:enp130s0f1_rx_bytes_phy:4988462265.8
4.7.0-damn-unsafe:enp4s0f0_tx_bytes:0
4.7.0-damn-unsafe:TOTAL_l2miss:1321000000
4.7.0-damn-unsafe:TOTAL_ipc:0.278
4.7.0-damn-unsafe:enp4s0f0_rx_bytes:0
4.7.0-damn-unsafe:SKT1_l3miss:994200000
4.7.0-damn-unsafe:enp4s0f0_rx_packets_phy:0
4.7.0-damn-unsafe:cpu_22:0.194
4.7.0-damn-unsafe:TOTAL_l3miss:994600000
4.7.0-damn-unsafe:Total_tx_packets_phy:1378871.8
4.7.0-damn-unsafe:cpu_19:71.652
4.7.0-damn-unsafe:Total_tx_bytes:10211131425.2
4.7.0-damn-unsafe:enp130s0f0_rx_packets_phy:619168.8
4.7.0-damn-unsafe:enp130s0f0_tx_bytes_phy:5538194366
4.7.0-damn-unsafe:cpu_7:61.746
4.7.0-deff:cpu_22:0.194
4.7.0-deff:SKT1_l3miss:1124600000
4.7.0-deff:enp4s0f0_rx_packets_phy:0
4.7.0-deff:enp4s0f0_rx_bytes:0
4.7.0-deff:enp4s0f0_tx_bytes:0
4.7.0-deff:TOTAL_l2miss:1501400000
4.7.0-deff:TOTAL_ipc:0.38
4.7.0-deff:cpu_7:57.67
4.7.0-deff:enp130s0f0_rx_packets_phy:571202.4
4.7.0-deff:enp130s0f0_tx_bytes_phy:5967728337.8
4.7.0-deff:cpu_19:74.176
4.7.0-deff:Total_tx_bytes:10712725988.2
4.7.0-deff:TOTAL_l3miss:1125600000
4.7.0-deff:Total_tx_packets_phy:1438721.8
4.7.0-deff:cpu_0:0.582
4.7.0-deff:enp4s0f1_rx_bytes_phy:0
4.7.0-deff:enp130s0f1_tx_bytes_phy:4749172122.2
4.7.0-deff:enp130s0f1_rx_bytes:4961216086.6
4.7.0-deff:cpu_6:0.388
4.7.0-deff:enp4s0f1_tx_queue_stopped:0
4.7.0-deff:cpu_18:0.194
4.7.0-deff:enp4s0f1_tx_packets:0
4.7.0-deff:enp4s0f1_tx_packets_phy:0
4.7.0-deff:enp130s0f1_rx_packets_phy:734668
4.7.0-deff:enp130s0f1_tx_packets_phy:696225.6
4.7.0-deff:enp4s0f0_tx_bytes_phy:0
4.7.0-deff:enp4s0f0_rx_packets:0
4.7.0-deff:enp130s0f0_tx_bytes:5964899185.6
4.7.0-deff:enp130s0f1_rx_bytes_phy:4983746983.4
4.7.0-deff:cpu_13:69.322
4.7.0-deff:enp4s0f0_tx_queue_stopped:0
4.7.0-deff:enp130s0f0_rx_bytes:3314234246.6
4.7.0-deff:SKT0_l2hit:0.076
4.7.0-deff:Total_rx_packets:710111.4
4.7.0-deff:enp130s0f0_tx_packets_phy:742496.2
4.7.0-deff:enp130s0f1_rx_packets:444330.8
4.7.0-deff:cpu_2:0
4.7.0-deff:SKT0_l2mpi:0.03
4.7.0-deff:enp4s0f1_tx_bytes_phy:0
4.7.0-deff:TOTAL_l3mpi:0.024
4.7.0-deff:enp130s0f1_tx_packets:246095.6
4.7.0-deff:enp130s0f0_rx_bytes_phy:3507104361.2
4.7.0-deff:enp130s0f0_tx_queue_stopped:0
4.7.0-deff:cpu_14:0.194
4.7.0-deff:Total_rx_packets_phy:1305870.4
4.7.0-deff:Total_tx_packets:422065.2
4.7.0-deff:enp4s0f1_rx_packets:0
4.7.0-deff:cpu_24:0.388
4.7.0-deff:cpu_3:55.146
4.7.0-deff:Read:30376.256
4.7.0-deff:cpu_15:71.454
4.7.0-deff:SKT1_l3hit:0.248
4.7.0-deff:enp4s0f1_rx_bytes:0
4.7.0-deff:SKT1_l2miss:1496800000
4.7.0-deff:cpu_25:69.902
4.7.0-deff:cpu_27:83.884
4.7.0-deff:cpu_11:71.456
4.7.0-deff:enp4s0f0_tx_packets:0
4.7.0-deff:cpu_12:0.194
4.7.0-deff:Write:20923.256
4.7.0-deff:TOTAL_l3hit:0.25
4.7.0-deff:16384:87380
4.7.0-deff:cpu_20:0.388
4.7.0-deff:cpu_1:55.338
4.7.0-deff:TOTAL_l2mpi:0.03
4.7.0-deff:SKT0_l3mpi:0
4.7.0-deff:enp130s0f0_tx_packets:175969.6
4.7.0-deff:Total_tx_queue_stopped:0
4.7.0-deff:enp130s0f1_tx_queue_stopped:0
4.7.0-deff:cpu_4:0.194
4.7.0-deff:SKT1_l2mpi:0.03
4.7.0-deff:cpu_8:0.194
4.7.0-deff:Total_tx_bytes_phy:10716900460
4.7.0-deff:Total_rx_bytes_phy:8490851344.6
4.7.0-deff:SKT1_l3mpi:0.024
4.7.0-deff:cpu_10:0.388
4.7.0-deff:cpu_17:63.494
4.7.0-deff:cpu_9:67.766
4.7.0-deff:enp4s0f0_rx_bytes_phy:0
4.7.0-deff:cpu_5:76.698
4.7.0-deff:cpu_16:0
4.7.0-deff:cpu_23:60.192
4.7.0-deff:cpu_total:33.938
4.7.0-deff:SKT0_ipc:0.576
4.7.0-deff:cpu_26:0.194
4.7.0-deff:SKT1_ipc:0.378
4.7.0-deff:SKT0_l3hit:0.854
4.7.0-deff:SKT1_l2hit:0.288
4.7.0-deff:enp4s0f1_tx_bytes:0
4.7.0-deff:TOTAL_l2hit:0.288
4.7.0-deff:Memory:51299.514
4.7.0-deff:cpu_21:72.234
4.7.0-deff:enp4s0f1_rx_packets_phy:0
4.7.0-deff:enp130s0f0_rx_packets:265780.6
4.7.0-deff:Total_rx_bytes:8275450333.2
4.7.0-deff:SKT0_l3miss:702400
4.7.0-deff:enp130s0f1_tx_bytes:4747826802.6
4.7.0-deff:SKT0_l2miss:4706400
4.7.0-deff:enp4s0f0_tx_packets_phy:0
4.7.0-strict:cpu_20:0
4.7.0-strict:TOTAL_l3hit:0.25
4.7.0-strict:16384:87380
4.7.0-strict:SKT0_l3mpi:0
4.7.0-strict:TOTAL_l2mpi:0.02
4.7.0-strict:enp130s0f0_tx_packets:107763.2
4.7.0-strict:cpu_1:100
4.7.0-strict:Total_tx_queue_stopped:0
4.7.0-strict:enp130s0f1_tx_queue_stopped:0
4.7.0-strict:cpu_11:99.81
4.7.0-strict:enp4s0f0_tx_packets:0
4.7.0-strict:cpu_12:0.376
4.7.0-strict:Write:11205.984
4.7.0-strict:Read:17900.898
4.7.0-strict:cpu_15:99.05
4.7.0-strict:enp4s0f1_rx_bytes:0
4.7.0-strict:SKT1_l3hit:0.24
4.7.0-strict:SKT1_l2miss:994000000
4.7.0-strict:cpu_25:100
4.7.0-strict:cpu_27:99.432
4.7.0-strict:SKT0_l2mpi:0.03
4.7.0-strict:cpu_2:0
4.7.0-strict:enp4s0f1_tx_bytes_phy:0
4.7.0-strict:enp130s0f0_rx_bytes_phy:2686117234.4
4.7.0-strict:TOTAL_l3mpi:0.016
4.7.0-strict:enp130s0f0_tx_queue_stopped:0
4.7.0-strict:enp130s0f1_tx_packets:106033.6
4.7.0-strict:cpu_14:0
4.7.0-strict:Total_rx_packets_phy:736242.8
4.7.0-strict:Total_tx_packets:213796.8
4.7.0-strict:enp4s0f1_rx_packets:0
4.7.0-strict:cpu_24:0
4.7.0-strict:cpu_3:99.242
4.7.0-strict:cpu_21:96.722
4.7.0-strict:enp4s0f1_rx_packets_phy:0
4.7.0-strict:enp130s0f0_rx_packets:141571.6
4.7.0-strict:SKT0_l3miss:881000
4.7.0-strict:enp130s0f1_tx_bytes:4439508813.6
4.7.0-strict:Total_rx_bytes:4341722938.8
4.7.0-strict:enp4s0f0_tx_packets_phy:0
4.7.0-strict:SKT0_l2miss:9831000
4.7.0-strict:SKT1_l2hit:0.242
4.7.0-strict:enp4s0f1_tx_bytes:0
4.7.0-strict:TOTAL_l2hit:0.24
4.7.0-strict:Memory:29106.878
4.7.0-strict:enp4s0f0_rx_bytes_phy:0
4.7.0-strict:cpu_16:0.756
4.7.0-strict:cpu_5:99.618
4.7.0-strict:cpu_23:99.23
4.7.0-strict:cpu_total:49.786
4.7.0-strict:SKT0_ipc:0.738
4.7.0-strict:SKT0_l3hit:0.91
4.7.0-strict:SKT1_ipc:0.3
4.7.0-strict:cpu_26:0.192
4.7.0-strict:SKT1_l2mpi:0.02
4.7.0-strict:cpu_8:0.76
4.7.0-strict:cpu_4:0.944
4.7.0-strict:Total_tx_bytes_phy:7701035247
4.7.0-strict:Total_rx_bytes_phy:4528044889.2
4.7.0-strict:SKT1_l3mpi:0.02
4.7.0-strict:cpu_10:0.376
4.7.0-strict:cpu_17:100
4.7.0-strict:cpu_9:99.434
4.7.0-strict:Total_tx_bytes:7693481281.2
4.7.0-strict:cpu_19:98.848
4.7.0-strict:TOTAL_l3miss:755800000
4.7.0-strict:Total_tx_packets_phy:940899.4
4.7.0-strict:cpu_7:99.812
4.7.0-strict:enp130s0f0_rx_packets_phy:379582.8
4.7.0-strict:enp130s0f0_tx_bytes_phy:3251354552.6
4.7.0-strict:enp4s0f0_rx_bytes:0
4.7.0-strict:enp4s0f0_tx_bytes:0
4.7.0-strict:TOTAL_l2miss:1004000000
4.7.0-strict:TOTAL_ipc:0.3
4.7.0-strict:cpu_22:0
4.7.0-strict:SKT1_l3miss:754800000
4.7.0-strict:enp4s0f0_rx_packets_phy:0
4.7.0-strict:enp130s0f0_rx_bytes:2534782114.6
4.7.0-strict:enp4s0f0_tx_queue_stopped:0
4.7.0-strict:SKT0_l2hit:0.056
4.7.0-strict:Total_rx_packets:336128.2
4.7.0-strict:enp130s0f0_tx_packets_phy:411976.2
4.7.0-strict:enp130s0f1_rx_packets:194556.6
4.7.0-strict:enp130s0f1_rx_bytes_phy:1841927654.8
4.7.0-strict:cpu_13:99.614
4.7.0-strict:enp4s0f1_tx_queue_stopped:0
4.7.0-strict:enp4s0f1_tx_packets:0
4.7.0-strict:cpu_18:0.19
4.7.0-strict:enp4s0f1_tx_packets_phy:0
4.7.0-strict:enp130s0f1_tx_packets_phy:528923.2
4.7.0-strict:enp130s0f1_rx_packets_phy:356660
4.7.0-strict:enp4s0f0_rx_packets:0
4.7.0-strict:enp4s0f0_tx_bytes_phy:0
4.7.0-strict:enp130s0f0_tx_bytes:3253972467.6
4.7.0-strict:cpu_0:0.954
4.7.0-strict:enp4s0f1_rx_bytes_phy:0
4.7.0-strict:enp130s0f1_tx_bytes_phy:4449680694.4
4.7.0-strict:enp130s0f1_rx_bytes:1806940824.2
4.7.0-strict:cpu_6:0.386
4.7.0-unsafe:enp4s0f1_tx_packets:0
4.7.0-unsafe:cpu_18:19.418
4.7.0-unsafe:enp4s0f1_tx_packets_phy:0
4.7.0-unsafe:enp4s0f1_tx_queue_stopped:0
4.7.0-unsafe:enp130s0f0_tx_bytes:6170867293.4
4.7.0-unsafe:enp130s0f1_tx_packets_phy:695505.4
4.7.0-unsafe:enp130s0f1_rx_packets_phy:740595.4
4.7.0-unsafe:enp4s0f0_tx_bytes_phy:0
4.7.0-unsafe:enp4s0f0_rx_packets:0
4.7.0-unsafe:cpu_0:0.582
4.7.0-unsafe:cpu_6:0
4.7.0-unsafe:enp4s0f1_rx_bytes_phy:0
4.7.0-unsafe:enp130s0f1_tx_bytes_phy:4791979070.8
4.7.0-unsafe:enp130s0f1_rx_bytes:4962128010.6
4.7.0-unsafe:SKT0_l2hit:0.142
4.7.0-unsafe:Total_rx_packets:760613
4.7.0-unsafe:enp4s0f0_tx_queue_stopped:0
4.7.0-unsafe:enp130s0f0_rx_bytes:4102672027.6
4.7.0-unsafe:enp130s0f0_tx_packets_phy:775662.6
4.7.0-unsafe:enp130s0f1_rx_packets:466435
4.7.0-unsafe:enp130s0f1_rx_bytes_phy:4985080461.6
4.7.0-unsafe:cpu_13:64
4.7.0-unsafe:enp4s0f0_rx_bytes:0
4.7.0-unsafe:TOTAL_ipc:0.304
4.7.0-unsafe:enp4s0f0_tx_bytes:0
4.7.0-unsafe:TOTAL_l2miss:1460600000
4.7.0-unsafe:cpu_22:0.582
4.7.0-unsafe:enp4s0f0_rx_packets_phy:0
4.7.0-unsafe:SKT1_l3miss:1095400000
4.7.0-unsafe:cpu_19:57.764
4.7.0-unsafe:Total_tx_bytes:10960148199
4.7.0-unsafe:TOTAL_l3miss:1096000000
4.7.0-unsafe:Total_tx_packets_phy:1471168
4.7.0-unsafe:cpu_7:62.816
4.7.0-unsafe:enp130s0f0_tx_bytes_phy:6174353980.4
4.7.0-unsafe:enp130s0f0_rx_packets_phy:668047.6
4.7.0-unsafe:cpu_16:0
4.7.0-unsafe:cpu_5:65.972
4.7.0-unsafe:enp4s0f0_rx_bytes_phy:0
4.7.0-unsafe:SKT0_ipc:0.626
4.7.0-unsafe:SKT1_ipc:0.302
4.7.0-unsafe:cpu_26:0.194
4.7.0-unsafe:SKT0_l3hit:0.858
4.7.0-unsafe:cpu_23:69.67
4.7.0-unsafe:cpu_total:32.274
4.7.0-unsafe:Total_rx_bytes_phy:9250835483.6
4.7.0-unsafe:SKT1_l3mpi:0.03
4.7.0-unsafe:cpu_10:0.194
4.7.0-unsafe:SKT1_l2mpi:0.04
4.7.0-unsafe:cpu_8:0.194
4.7.0-unsafe:cpu_4:0.388
4.7.0-unsafe:Total_tx_bytes_phy:10966333051.2
4.7.0-unsafe:cpu_9:60.872
4.7.0-unsafe:cpu_17:62.032
4.7.0-unsafe:enp130s0f0_rx_packets:294178
4.7.0-unsafe:cpu_21:65.6
4.7.0-unsafe:enp4s0f1_rx_packets_phy:0
4.7.0-unsafe:SKT0_l3miss:586800
4.7.0-unsafe:Total_rx_bytes:9064800038.2
4.7.0-unsafe:enp130s0f1_tx_bytes:4789280905.6
4.7.0-unsafe:SKT0_l2miss:3854600
4.7.0-unsafe:enp4s0f0_tx_packets_phy:0
4.7.0-unsafe:TOTAL_l2hit:0.29
4.7.0-unsafe:SKT1_l2hit:0.29
4.7.0-unsafe:enp4s0f1_tx_bytes:0
4.7.0-unsafe:Memory:52166.358
4.7.0-unsafe:SKT1_l3hit:0.25
4.7.0-unsafe:enp4s0f1_rx_bytes:0
4.7.0-unsafe:SKT1_l2miss:1456800000
4.7.0-unsafe:cpu_15:55.64
4.7.0-unsafe:Read:30473.674
4.7.0-unsafe:cpu_27:63.99
4.7.0-unsafe:cpu_25:58.384
4.7.0-unsafe:TOTAL_l3mpi:0.03
4.7.0-unsafe:enp130s0f0_tx_queue_stopped:0
4.7.0-unsafe:enp130s0f1_tx_packets:241198.8
4.7.0-unsafe:enp130s0f0_rx_bytes_phy:4265755022
4.7.0-unsafe:SKT0_l2mpi:0.022
4.7.0-unsafe:cpu_2:0.388
4.7.0-unsafe:enp4s0f1_tx_bytes_phy:0
4.7.0-unsafe:Total_tx_packets:430856.4
4.7.0-unsafe:enp4s0f1_rx_packets:0
4.7.0-unsafe:cpu_3:67.698
4.7.0-unsafe:cpu_24:0.194
4.7.0-unsafe:cpu_14:0.194
4.7.0-unsafe:Total_rx_packets_phy:1408643
4.7.0-unsafe:Total_tx_queue_stopped:0
4.7.0-unsafe:16384:87380
4.7.0-unsafe:TOTAL_l3hit:0.25
4.7.0-unsafe:cpu_20:0.388
4.7.0-unsafe:TOTAL_l2mpi:0.04
4.7.0-unsafe:enp130s0f0_tx_packets:189657.6
4.7.0-unsafe:SKT0_l3mpi:0
4.7.0-unsafe:cpu_1:69.254
4.7.0-unsafe:enp130s0f1_tx_queue_stopped:0
4.7.0-unsafe:cpu_11:58.4
4.7.0-unsafe:cpu_12:0.194
4.7.0-unsafe:Write:21692.686
4.7.0-unsafe:enp4s0f0_tx_packets:0
