4.7.0-damnn-hp-strict:enp130s0f1_rx_packets:587201.2
4.7.0-damnn-hp-strict:enp4s0f0_rx_bytes_phy:0
4.7.0-damnn-hp-strict:TOTAL_l3hit:0.27
4.7.0-damnn-hp-strict:enp4s0f1_rx_bytes:0
4.7.0-damnn-hp-strict:enp4s0f1_tx_bytes:0
4.7.0-damnn-hp-strict:enp4s0f1_tx_queue_stopped:0
4.7.0-damnn-hp-strict:TOTAL_l2hit:0.334
4.7.0-damnn-hp-strict:cpu_16:25.688
4.7.0-damnn-hp-strict:cpu_7:49.608
4.7.0-damnn-hp-strict:Total_tx_queue_stopped:0
4.7.0-damnn-hp-strict:cpu_3:47.058
4.7.0-damnn-hp-strict:SKT0_l3mpi:0.067
4.7.0-damnn-hp-strict:enp4s0f0_rx_bytes:0
4.7.0-damnn-hp-strict:Total_rx_packets:1130335
4.7.0-damnn-hp-strict:cache-misses:1341319499.9
4.7.0-damnn-hp-strict:cpu_4:25.392
4.7.0-damnn-hp-strict:enp130s0f0_rx_bytes:5820242415.5
4.7.0-damnn-hp-strict:SKT0_ipc:0.222
4.7.0-damnn-hp-strict:enp130s0f1_tx_packets_phy:723937.1
4.7.0-damnn-hp-strict:enp130s0f0_tx_bytes_phy:5335895544
4.7.0-damnn-hp-strict:cpu_20:24.314
4.7.0-damnn-hp-strict:TOTAL_ipc:0.359
4.7.0-damnn-hp-strict:cpu_26:26.373
4.7.0-damnn-hp-strict:Total_rx_bytes_phy:10735292691.7
4.7.0-damnn-hp-strict:enp4s0f0_tx_packets_phy:0
4.7.0-damnn-hp-strict:cpu_24:27.746
4.7.0-damnn-hp-strict:cpu_9:49.511
4.7.0-damnn-hp-strict:cpu_17:45.883
4.7.0-damnn-hp-strict:cpu_6:23.433
4.7.0-damnn-hp-strict:cpu_2:22.746
4.7.0-damnn-hp-strict:TOTAL_l3mpi:0.03
4.7.0-damnn-hp-strict:cpu_11:56.373
4.7.0-damnn-hp-strict:SKT0_l2hit:0.289
4.7.0-damnn-hp-strict:enp4s0f1_tx_packets_phy:0
4.7.0-damnn-hp-strict:SKT1_l3miss:682200000
4.7.0-damnn-hp-strict:cpu_19:41.962
4.7.0-damnn-hp-strict:enp130s0f1_rx_packets_phy:781478.4
4.7.0-damnn-hp-strict:enp130s0f1_tx_packets:275515.5
4.7.0-damnn-hp-strict:SKT1_ipc:0.431
4.7.0-damnn-hp-strict:16384:87380
4.7.0-damnn-hp-strict:cpu_21:43.921
4.7.0-damnn-hp-strict:cpu_22:22.648
4.7.0-damnn-hp-strict:Total_tx_packets_phy:1946595.4
4.7.0-damnn-hp-strict:enp130s0f0_tx_bytes:5306121348.6
4.7.0-damnn-hp-strict:enp130s0f0_tx_packets:304314
4.7.0-damnn-hp-strict:cpu_13:53.53
4.7.0-damnn-hp-strict:Total_tx_packets:579829.5
4.7.0-damnn-hp-strict:enp4s0f1_tx_bytes_phy:0
4.7.0-damnn-hp-strict:enp130s0f1_rx_bytes_phy:4891337060.8
4.7.0-damnn-hp-strict:Total_rx_packets_phy:1631819
4.7.0-damnn-hp-strict:cpu_25:40.195
4.7.0-damnn-hp-strict:TOTAL_l2miss:1862700000
4.7.0-damnn-hp-strict:enp4s0f1_rx_packets_phy:0
4.7.0-damnn-hp-strict:SKT0_l2mpi:0.081
4.7.0-damnn-hp-strict:cpu_12:24.803
4.7.0-damnn-hp-strict:LLC-load-misses:607890576.8
4.7.0-damnn-hp-strict:LLC-store:1709196244.7
4.7.0-damnn-hp-strict:cpu_18:22.746
4.7.0-damnn-hp-strict:Total_rx_bytes:10695436689.5
4.7.0-damnn-hp-strict:SKT1_l3hit:0.341
4.7.0-damnn-hp-strict:enp130s0f1_tx_queue_stopped:0
4.7.0-damnn-hp-strict:SKT0_l3hit:0.186
4.7.0-damnn-hp-strict:cache-references:5215579004.4
4.7.0-damnn-hp-strict:TOTAL_l2mpi:0.04
4.7.0-damnn-hp-strict:cpu_10:24.609
4.7.0-damnn-hp-strict:enp130s0f0_rx_packets:543133.8
4.7.0-damnn-hp-strict:SKT1_l2hit:0.367
4.7.0-damnn-hp-strict:enp4s0f0_tx_packets:0
4.7.0-damnn-hp-strict:cpu_14:24.805
4.7.0-damnn-hp-strict:SKT1_l3mpi:0.02
4.7.0-damnn-hp-strict:enp130s0f0_tx_packets_phy:1222658.3
4.7.0-damnn-hp-strict:Write:22321.625
4.7.0-damnn-hp-strict:enp4s0f0_tx_bytes_phy:0
4.7.0-damnn-hp-strict:enp130s0f0_rx_packets_phy:850340.6
4.7.0-damnn-hp-strict:enp130s0f0_rx_bytes_phy:5843955630.9
4.7.0-damnn-hp-strict:enp130s0f1_rx_bytes:4875194274
4.7.0-damnn-hp-strict:enp4s0f0_rx_packets:0
4.7.0-damnn-hp-strict:SKT1_l2miss:1033800000
4.7.0-damnn-hp-strict:instructions:48398209192.4
4.7.0-damnn-hp-strict:TOTAL_l3miss:1356700000
4.7.0-damnn-hp-strict:cpu_15:46.962
4.7.0-damnn-hp-strict:enp130s0f0_tx_queue_stopped:0
4.7.0-damnn-hp-strict:enp130s0f1_tx_bytes:4668074034.6
4.7.0-damnn-hp-strict:cpu_23:50.586
4.7.0-damnn-hp-strict:SKT0_l3miss:674200000
4.7.0-damnn-hp-strict:cpu_1:56.47
4.7.0-damnn-hp-strict:cpu_27:48.53
4.7.0-damnn-hp-strict:cpu_5:52.55
4.7.0-damnn-hp-strict:cpu_0:23.825
4.7.0-damnn-hp-strict:SKT0_l2miss:828500000
4.7.0-damnn-hp-strict:Total_tx_bytes:9974195383.2
4.7.0-damnn-hp-strict:enp4s0f1_rx_packets:0
4.7.0-damnn-hp-strict:Read:32286.32
4.7.0-damnn-hp-strict:Memory:54607.947
4.7.0-damnn-hp-strict:cpu_total:36.662
4.7.0-damnn-hp-strict:cycles:134274466469.8
4.7.0-damnn-hp-strict:enp4s0f0_tx_bytes:0
4.7.0-damnn-hp-strict:LLC-load:1400801688.1
4.7.0-damnn-hp-strict:LLC-store-misses:167246661.7
4.7.0-damnn-hp-strict:enp4s0f0_rx_packets_phy:0
4.7.0-damnn-hp-strict:enp130s0f1_tx_bytes_phy:4671538265.6
4.7.0-damnn-hp-strict:enp4s0f1_rx_bytes_phy:0
4.7.0-damnn-hp-strict:Total_tx_bytes_phy:10007433809.6
4.7.0-damnn-hp-strict:enp4s0f0_tx_queue_stopped:0
4.7.0-damnn-hp-strict:cpu_8:25.099
4.7.0-damnn-hp-strict:enp4s0f1_tx_packets:0
4.7.0-damnn-hp-strict:SKT1_l2mpi:0.03
