4.7.0-copy-plus-hp-strict:TOTAL_l2hit:0.59
4.7.0-copy-plus-hp-strict:enp130s0f1_rx_packets_phy:637816.333333333
4.7.0-copy-plus-hp-strict:Read:42380.3433333333
4.7.0-copy-plus-hp-strict:enp4s0f1_rx_bytes_phy:0
4.7.0-copy-plus-hp-strict:cpu_0:39.94
4.7.0-copy-plus-hp-strict:cpu_13:97.5766666666667
4.7.0-copy-plus-hp-strict:Total_rx_packets_phy:1363677
4.7.0-copy-plus-hp-strict:enp4s0f1_tx_packets:0
4.7.0-copy-plus-hp-strict:enp4s0f0_tx_bytes_phy:0
4.7.0-copy-plus-hp-strict:enp4s0f1_tx_queue_stopped:0
4.7.0-copy-plus-hp-strict:LLC-load:2174159991
4.7.0-copy-plus-hp-strict:enp130s0f1_tx_bytes_phy:3628660096.66667
4.7.0-copy-plus-hp-strict:enp4s0f0_tx_bytes:0
4.7.0-copy-plus-hp-strict:cycles:247529798218.333
4.7.0-copy-plus-hp-strict:cpu_23:95.1933333333333
4.7.0-copy-plus-hp-strict:enp4s0f0_tx_packets:0
4.7.0-copy-plus-hp-strict:enp4s0f0_tx_packets_phy:0
4.7.0-copy-plus-hp-strict:SKT0_l2hit:0.113333333333333
4.7.0-copy-plus-hp-strict:Total_tx_packets:430631.666666667
4.7.0-copy-plus-hp-strict:SKT1_l2mpi:0.05
4.7.0-copy-plus-hp-strict:enp4s0f0_tx_queue_stopped:0
4.7.0-copy-plus-hp-strict:Write:41900.37
4.7.0-copy-plus-hp-strict:Total_tx_bytes_phy:9104904390.66667
4.7.0-copy-plus-hp-strict:Total_tx_bytes:9072988570.33333
4.7.0-copy-plus-hp-strict:TOTAL_l3miss:158000000
4.7.0-copy-plus-hp-strict:cpu_2:78.4066666666667
4.7.0-copy-plus-hp-strict:cpu_15:100
4.7.0-copy-plus-hp-strict:Total_rx_packets:705737
4.7.0-copy-plus-hp-strict:SKT0_l2miss:1746000
4.7.0-copy-plus-hp-strict:cache-references:8195917168.66667
4.7.0-copy-plus-hp-strict:enp130s0f1_tx_queue_stopped:0
4.7.0-copy-plus-hp-strict:enp4s0f0_rx_packets_phy:0
4.7.0-copy-plus-hp-strict:SKT1_ipc:0.23
4.7.0-copy-plus-hp-strict:SKT0_l3hit:0.84
4.7.0-copy-plus-hp-strict:SKT0_l3mpi:0
4.7.0-copy-plus-hp-strict:enp4s0f1_rx_packets:0
4.7.0-copy-plus-hp-strict:enp4s0f1_tx_bytes_phy:0
4.7.0-copy-plus-hp-strict:enp130s0f0_tx_bytes_phy:5476244294
4.7.0-copy-plus-hp-strict:TOTAL_l3hit:0.546666666666667
4.7.0-copy-plus-hp-strict:enp130s0f1_rx_bytes:4663456874
4.7.0-copy-plus-hp-strict:cpu_11:100
4.7.0-copy-plus-hp-strict:SKT1_l3mpi:0.02
4.7.0-copy-plus-hp-strict:cpu_20:79.88
4.7.0-copy-plus-hp-strict:enp130s0f1_tx_packets:198330.666666667
4.7.0-copy-plus-hp-strict:LLC-store:3051607558.33333
4.7.0-copy-plus-hp-strict:cpu_9:100
4.7.0-copy-plus-hp-strict:Total_tx_queue_stopped:0
4.7.0-copy-plus-hp-strict:enp4s0f1_tx_packets_phy:0
4.7.0-copy-plus-hp-strict:cpu_24:68.36
4.7.0-copy-plus-hp-strict:cpu_16:26.24
4.7.0-copy-plus-hp-strict:cpu_10:36.4533333333333
4.7.0-copy-plus-hp-strict:enp130s0f0_rx_bytes_phy:5096890333.66667
4.7.0-copy-plus-hp-strict:cpu_17:100
4.7.0-copy-plus-hp-strict:enp130s0f0_rx_packets:385684.666666667
4.7.0-copy-plus-hp-strict:cpu_4:43.1066666666667
4.7.0-copy-plus-hp-strict:enp130s0f1_rx_packets:320052.333333333
4.7.0-copy-plus-hp-strict:TOTAL_l3mpi:0.02
4.7.0-copy-plus-hp-strict:cpu_18:53.4066666666667
4.7.0-copy-plus-hp-strict:instructions:34486407040.3333
4.7.0-copy-plus-hp-strict:cpu_7:100
4.7.0-copy-plus-hp-strict:enp130s0f0_tx_bytes:5460288857.33333
4.7.0-copy-plus-hp-strict:cpu_19:81.73
4.7.0-copy-plus-hp-strict:Memory:84280.7133333333
4.7.0-copy-plus-hp-strict:cpu_total:72.4466666666667
4.7.0-copy-plus-hp-strict:TOTAL_l2mpi:0.05
4.7.0-copy-plus-hp-strict:SKT1_l2miss:359000000
4.7.0-copy-plus-hp-strict:SKT1_l2hit:0.59
4.7.0-copy-plus-hp-strict:SKT1_l3miss:157666666.666667
4.7.0-copy-plus-hp-strict:enp130s0f1_tx_packets_phy:552637
4.7.0-copy-plus-hp-strict:enp4s0f1_rx_packets_phy:0
4.7.0-copy-plus-hp-strict:16384:87380
4.7.0-copy-plus-hp-strict:enp130s0f1_tx_bytes:3612699713
4.7.0-copy-plus-hp-strict:cpu_3:100
4.7.0-copy-plus-hp-strict:Total_rx_bytes_phy:9795436787.66667
4.7.0-copy-plus-hp-strict:TOTAL_l2miss:361000000
4.7.0-copy-plus-hp-strict:Total_tx_packets_phy:1684069
4.7.0-copy-plus-hp-strict:TOTAL_ipc:0.23
4.7.0-copy-plus-hp-strict:cpu_27:100
4.7.0-copy-plus-hp-strict:SKT0_ipc:0.446666666666667
4.7.0-copy-plus-hp-strict:enp4s0f0_rx_bytes_phy:0
4.7.0-copy-plus-hp-strict:SKT0_l3miss:269333.333333333
4.7.0-copy-plus-hp-strict:cpu_6:50.8266666666667
4.7.0-copy-plus-hp-strict:enp4s0f1_tx_bytes:0
4.7.0-copy-plus-hp-strict:enp130s0f0_rx_bytes:5059735145.66667
4.7.0-copy-plus-hp-strict:cpu_1:82.4233333333333
4.7.0-copy-plus-hp-strict:Total_rx_bytes:9723192019.66667
4.7.0-copy-plus-hp-strict:enp4s0f1_rx_bytes:0
4.7.0-copy-plus-hp-strict:cpu_12:50.5266666666667
4.7.0-copy-plus-hp-strict:enp130s0f0_tx_queue_stopped:0
4.7.0-copy-plus-hp-strict:SKT0_l2mpi:0.02
4.7.0-copy-plus-hp-strict:cpu_25:100
4.7.0-copy-plus-hp-strict:cpu_26:26.4966666666667
4.7.0-copy-plus-hp-strict:cpu_21:83.3533333333333
4.7.0-copy-plus-hp-strict:enp130s0f1_rx_bytes_phy:4698546454
4.7.0-copy-plus-hp-strict:cpu_22:34.96
4.7.0-copy-plus-hp-strict:enp130s0f0_tx_packets_phy:1131432
4.7.0-copy-plus-hp-strict:enp4s0f0_rx_packets:0
4.7.0-copy-plus-hp-strict:cpu_14:49.6366666666667
4.7.0-copy-plus-hp-strict:enp130s0f0_tx_packets:232301
4.7.0-copy-plus-hp-strict:LLC-store-misses:245016823
4.7.0-copy-plus-hp-strict:LLC-load-misses:986607736
4.7.0-copy-plus-hp-strict:cache-misses:2213170940.66667
4.7.0-copy-plus-hp-strict:cpu_8:56.7266666666667
4.7.0-copy-plus-hp-strict:enp130s0f0_rx_packets_phy:725860.666666667
4.7.0-copy-plus-hp-strict:map:2
4.7.0-copy-plus-hp-strict:SKT1_l3hit:0.543333333333333
4.7.0-copy-plus-hp-strict:cpu_5:92.3066666666667
4.7.0-copy-plus-hp-strict:enp4s0f0_rx_bytes:0
4.7.0-damnn-hp-strict:cpu_10:30.3933333333333
4.7.0-damnn-hp-strict:enp130s0f0_rx_bytes_phy:6211310272
4.7.0-damnn-hp-strict:cpu_24:26.47
4.7.0-damnn-hp-strict:cpu_16:25.8166666666667
4.7.0-damnn-hp-strict:cpu_17:42.81
4.7.0-damnn-hp-strict:Total_tx_queue_stopped:0
4.7.0-damnn-hp-strict:enp4s0f1_tx_packets_phy:0
4.7.0-damnn-hp-strict:LLC-store:1781381788.33333
4.7.0-damnn-hp-strict:cpu_9:48.6933333333333
4.7.0-damnn-hp-strict:enp130s0f1_rx_bytes:4927608513.66667
4.7.0-damnn-hp-strict:SKT1_l3mpi:0.02
4.7.0-damnn-hp-strict:cpu_20:23.2033333333333
4.7.0-damnn-hp-strict:enp130s0f1_tx_packets:271907.666666667
4.7.0-damnn-hp-strict:cpu_11:48.04
4.7.0-damnn-hp-strict:enp130s0f0_tx_bytes_phy:5751843109
4.7.0-damnn-hp-strict:TOTAL_l3hit:0.27
4.7.0-damnn-hp-strict:SKT0_l3mpi:0.07
4.7.0-damnn-hp-strict:SKT0_l3hit:0.18
4.7.0-damnn-hp-strict:SKT1_ipc:0.436666666666667
4.7.0-damnn-hp-strict:enp4s0f1_tx_bytes_phy:0
4.7.0-damnn-hp-strict:enp4s0f1_rx_packets:0
4.7.0-damnn-hp-strict:cache-references:5384924836
4.7.0-damnn-hp-strict:enp4s0f0_rx_packets_phy:0
4.7.0-damnn-hp-strict:enp130s0f1_tx_queue_stopped:0
4.7.0-damnn-hp-strict:SKT0_l2miss:858000000
4.7.0-damnn-hp-strict:Total_rx_packets:1134667
4.7.0-damnn-hp-strict:cpu_15:52.94
4.7.0-damnn-hp-strict:Total_tx_bytes_phy:10529824463.3333
4.7.0-damnn-hp-strict:enp4s0f0_tx_queue_stopped:0
4.7.0-damnn-hp-strict:Write:23172.49
4.7.0-damnn-hp-strict:TOTAL_l3miss:1420000000
4.7.0-damnn-hp-strict:cpu_2:26.1433333333333
4.7.0-damnn-hp-strict:Total_tx_bytes:10496859770
4.7.0-damnn-hp-strict:Total_tx_packets:583141
4.7.0-damnn-hp-strict:SKT1_l2mpi:0.03
4.7.0-damnn-hp-strict:cpu_23:43.79
4.7.0-damnn-hp-strict:cycles:137474329772
4.7.0-damnn-hp-strict:enp4s0f0_tx_bytes:0
4.7.0-damnn-hp-strict:SKT0_l2hit:0.283333333333333
4.7.0-damnn-hp-strict:enp4s0f0_tx_packets_phy:0
4.7.0-damnn-hp-strict:enp4s0f0_tx_packets:0
4.7.0-damnn-hp-strict:enp130s0f1_tx_bytes_phy:4777981354.33333
4.7.0-damnn-hp-strict:enp4s0f1_tx_queue_stopped:0
4.7.0-damnn-hp-strict:LLC-load:1445149305.66667
4.7.0-damnn-hp-strict:Total_rx_packets_phy:1705928.33333333
4.7.0-damnn-hp-strict:enp4s0f1_tx_packets:0
4.7.0-damnn-hp-strict:enp4s0f0_tx_bytes_phy:0
4.7.0-damnn-hp-strict:cpu_0:27.45
4.7.0-damnn-hp-strict:enp4s0f1_rx_bytes_phy:0
4.7.0-damnn-hp-strict:cpu_13:50.6533333333333
4.7.0-damnn-hp-strict:TOTAL_l2hit:0.33
4.7.0-damnn-hp-strict:Read:33768.22
4.7.0-damnn-hp-strict:enp130s0f1_rx_packets_phy:804168
4.7.0-damnn-hp-strict:cpu_5:48.6933333333333
4.7.0-damnn-hp-strict:SKT1_l3hit:0.34
4.7.0-damnn-hp-strict:enp4s0f0_rx_bytes:0
4.7.0-damnn-hp-strict:LLC-load-misses:630302557.333333
4.7.0-damnn-hp-strict:LLC-store-misses:172688589.666667
4.7.0-damnn-hp-strict:enp130s0f0_rx_packets_phy:901760.333333333
4.7.0-damnn-hp-strict:cpu_8:27.45
4.7.0-damnn-hp-strict:cache-misses:1415660131.33333
4.7.0-damnn-hp-strict:cpu_14:28.1033333333333
4.7.0-damnn-hp-strict:enp130s0f0_tx_packets:311233.333333333
4.7.0-damnn-hp-strict:enp130s0f0_tx_packets_phy:1249533.66666667
4.7.0-damnn-hp-strict:enp130s0f1_rx_bytes_phy:4946324838.33333
4.7.0-damnn-hp-strict:enp4s0f0_rx_packets:0
4.7.0-damnn-hp-strict:cpu_22:21.2433333333333
4.7.0-damnn-hp-strict:cpu_21:41.1766666666667
4.7.0-damnn-hp-strict:cpu_26:26.1433333333333
4.7.0-damnn-hp-strict:SKT0_l2mpi:0.0833333333333333
4.7.0-damnn-hp-strict:cpu_25:45.4266666666667
4.7.0-damnn-hp-strict:Total_rx_bytes:11111816254
4.7.0-damnn-hp-strict:enp130s0f0_tx_queue_stopped:0
4.7.0-damnn-hp-strict:enp4s0f1_rx_bytes:0
4.7.0-damnn-hp-strict:cpu_12:31.6966666666667
4.7.0-damnn-hp-strict:cpu_1:48.3666666666667
4.7.0-damnn-hp-strict:enp130s0f0_rx_bytes:6184207740.33333
4.7.0-damnn-hp-strict:enp4s0f1_tx_bytes:0
4.7.0-damnn-hp-strict:SKT0_l3miss:705000000
4.7.0-damnn-hp-strict:cpu_6:30.0633333333333
4.7.0-damnn-hp-strict:TOTAL_l2miss:1941000000
4.7.0-damnn-hp-strict:Total_rx_bytes_phy:11157635110.3333
4.7.0-damnn-hp-strict:enp130s0f1_tx_bytes:4774827792.66667
4.7.0-damnn-hp-strict:16384:87380
4.7.0-damnn-hp-strict:cpu_3:50.98
4.7.0-damnn-hp-strict:enp4s0f0_rx_bytes_phy:0
4.7.0-damnn-hp-strict:SKT0_ipc:0.213333333333333
4.7.0-damnn-hp-strict:cpu_27:44.4466666666667
4.7.0-damnn-hp-strict:TOTAL_ipc:0.363333333333333
4.7.0-damnn-hp-strict:Total_tx_packets_phy:1976225.33333333
4.7.0-damnn-hp-strict:enp4s0f1_rx_packets_phy:0
4.7.0-damnn-hp-strict:SKT1_l3miss:715000000
4.7.0-damnn-hp-strict:enp130s0f1_tx_packets_phy:726691.666666667
4.7.0-damnn-hp-strict:SKT1_l2hit:0.36
4.7.0-damnn-hp-strict:TOTAL_l2mpi:0.04
4.7.0-damnn-hp-strict:SKT1_l2miss:1082000000
4.7.0-damnn-hp-strict:cpu_19:45.4233333333333
4.7.0-damnn-hp-strict:enp130s0f0_tx_bytes:5722031977.33333
4.7.0-damnn-hp-strict:cpu_total:37.29
4.7.0-damnn-hp-strict:Memory:56940.71
4.7.0-damnn-hp-strict:cpu_18:24.51
4.7.0-damnn-hp-strict:TOTAL_l3mpi:0.03
4.7.0-damnn-hp-strict:enp130s0f1_rx_packets:576665
4.7.0-damnn-hp-strict:cpu_4:31.7
4.7.0-damnn-hp-strict:enp130s0f0_rx_packets:558002
4.7.0-damnn-hp-strict:instructions:49150081976
4.7.0-damnn-hp-strict:cpu_7:53.5966666666667
4.7.0-defer:cpu_26:25.6633333333333
4.7.0-defer:cpu_21:51.2966666666667
4.7.0-defer:SKT0_l2mpi:0.0766666666666667
4.7.0-defer:cpu_25:44.82
4.7.0-defer:Total_rx_bytes:11172719372.6667
4.7.0-defer:cpu_12:30.19
4.7.0-defer:enp4s0f1_rx_bytes:0
4.7.0-defer:enp130s0f0_tx_queue_stopped:0
4.7.0-defer:cpu_1:58.7633333333333
4.7.0-defer:enp4s0f0_rx_bytes:0
4.7.0-defer:SKT1_l3hit:0.283333333333333
4.7.0-defer:cpu_5:63.2866666666667
4.7.0-defer:LLC-load-misses:695126621
4.7.0-defer:LLC-store-misses:178441782
4.7.0-defer:cache-misses:1552292194.33333
4.7.0-defer:enp130s0f0_rx_packets_phy:918081.666666667
4.7.0-defer:cpu_8:25.6333333333333
4.7.0-defer:cpu_14:28.9
4.7.0-defer:enp130s0f0_tx_packets:338014.666666667
4.7.0-defer:enp130s0f1_rx_bytes_phy:4940804426.66667
4.7.0-defer:enp4s0f0_rx_packets:0
4.7.0-defer:enp130s0f0_tx_packets_phy:1300955.33333333
4.7.0-defer:cpu_22:23.6966666666667
4.7.0-defer:SKT1_l3miss:783000000
4.7.0-defer:enp130s0f1_tx_packets_phy:729287.333333333
4.7.0-defer:TOTAL_l2mpi:0.03
4.7.0-defer:SKT1_l2miss:1099000000
4.7.0-defer:SKT1_l2hit:0.333333333333333
4.7.0-defer:enp130s0f0_tx_bytes:6039268730.33333
4.7.0-defer:cpu_19:59.12
4.7.0-defer:Memory:60373.2033333333
4.7.0-defer:cpu_total:43.2166666666667
4.7.0-defer:cpu_4:24.6666666666667
4.7.0-defer:enp130s0f0_rx_packets:569235.333333333
4.7.0-defer:cpu_18:23.3933333333333
4.7.0-defer:TOTAL_l3mpi:0.02
4.7.0-defer:enp130s0f1_rx_packets:577658.666666667
4.7.0-defer:instructions:66324631363.6667
4.7.0-defer:cpu_7:73.7333333333333
4.7.0-defer:enp4s0f1_tx_bytes:0
4.7.0-defer:enp130s0f0_rx_bytes:6249261240
4.7.0-defer:SKT0_l3miss:778333333.333333
4.7.0-defer:cpu_6:29.2366666666667
4.7.0-defer:16384:87380
4.7.0-defer:enp130s0f1_tx_bytes:4777066063.33333
4.7.0-defer:cpu_3:66.8633333333333
4.7.0-defer:Total_rx_bytes_phy:11216229847.6667
4.7.0-defer:TOTAL_l2miss:1985333333.33333
4.7.0-defer:Total_tx_packets_phy:2030242.66666667
4.7.0-defer:TOTAL_ipc:0.43
4.7.0-defer:SKT0_ipc:0.236666666666667
4.7.0-defer:enp4s0f0_rx_bytes_phy:0
4.7.0-defer:cpu_27:50.0166666666667
4.7.0-defer:enp4s0f1_rx_packets_phy:0
4.7.0-defer:enp130s0f0_tx_bytes_phy:6067325698
4.7.0-defer:TOTAL_l3hit:0.213333333333333
4.7.0-defer:SKT1_ipc:0.52
4.7.0-defer:SKT0_l3mpi:0.0666666666666667
4.7.0-defer:SKT0_l3hit:0.12
4.7.0-defer:enp4s0f1_rx_packets:0
4.7.0-defer:enp4s0f1_tx_bytes_phy:0
4.7.0-defer:cache-references:5690157918.33333
4.7.0-defer:enp4s0f0_rx_packets_phy:0
4.7.0-defer:enp130s0f1_tx_queue_stopped:0
4.7.0-defer:cpu_15:71.7566666666667
4.7.0-defer:Total_rx_packets:1146894
4.7.0-defer:SKT0_l2miss:885666666.666667
4.7.0-defer:cpu_16:22.07
4.7.0-defer:cpu_24:27.9233333333333
4.7.0-defer:cpu_10:29.1833333333333
4.7.0-defer:enp130s0f0_rx_bytes_phy:6275425421
4.7.0-defer:cpu_17:55.18
4.7.0-defer:Total_tx_queue_stopped:0
4.7.0-defer:enp4s0f1_tx_packets_phy:0
4.7.0-defer:LLC-store:1849417772.33333
4.7.0-defer:cpu_9:59.69
4.7.0-defer:enp130s0f1_rx_bytes:4923458132.66667
4.7.0-defer:cpu_11:64.6633333333333
4.7.0-defer:cpu_20:26.2933333333333
4.7.0-defer:SKT1_l3mpi:0.01
4.7.0-defer:enp130s0f1_tx_packets:274231
4.7.0-defer:enp4s0f1_tx_queue_stopped:0
4.7.0-defer:LLC-load:1569037259.33333
4.7.0-defer:Total_rx_packets_phy:1706609
4.7.0-defer:enp4s0f1_tx_packets:0
4.7.0-defer:enp4s0f0_tx_bytes_phy:0
4.7.0-defer:enp4s0f1_rx_bytes_phy:0
4.7.0-defer:cpu_13:61.6733333333333
4.7.0-defer:cpu_0:25.0266666666667
4.7.0-defer:TOTAL_l2hit:0.303333333333333
4.7.0-defer:enp130s0f1_rx_packets_phy:788527.333333333
4.7.0-defer:Read:36047.2866666667
4.7.0-defer:enp4s0f0_tx_queue_stopped:0
4.7.0-defer:Write:24325.9166666667
4.7.0-defer:Total_tx_bytes_phy:10847787470.3333
4.7.0-defer:Total_tx_bytes:10816334793.6667
4.7.0-defer:TOTAL_l3miss:1562000000
4.7.0-defer:cpu_2:39.64
4.7.0-defer:Total_tx_packets:612245.666666667
4.7.0-defer:SKT1_l2mpi:0.02
4.7.0-defer:cycles:155013878246.333
4.7.0-defer:enp4s0f0_tx_bytes:0
4.7.0-defer:cpu_23:48.6966666666667
4.7.0-defer:enp4s0f0_tx_packets:0
4.7.0-defer:enp4s0f0_tx_packets_phy:0
4.7.0-defer:SKT0_l2hit:0.256666666666667
4.7.0-defer:enp130s0f1_tx_bytes_phy:4780461772.33333
4.7.0-unsafe:SKT0_l2miss:947666666.666667
4.7.0-unsafe:Total_rx_packets:1370485.33333333
4.7.0-unsafe:cpu_15:64.7933333333333
4.7.0-unsafe:enp4s0f0_rx_packets_phy:0
4.7.0-unsafe:enp130s0f1_tx_queue_stopped:0
4.7.0-unsafe:cache-references:6063866341.33333
4.7.0-unsafe:enp4s0f1_tx_bytes_phy:0
4.7.0-unsafe:enp4s0f1_rx_packets:0
4.7.0-unsafe:SKT0_l3mpi:0.0766666666666667
4.7.0-unsafe:SKT0_l3hit:0.12
4.7.0-unsafe:SKT1_ipc:0.41
4.7.0-unsafe:TOTAL_l3hit:0.203333333333333
4.7.0-unsafe:enp130s0f0_tx_bytes_phy:6515897953.33333
4.7.0-unsafe:SKT1_l3mpi:0.02
4.7.0-unsafe:enp130s0f1_tx_packets:272888.666666667
4.7.0-unsafe:cpu_20:23.1233333333333
4.7.0-unsafe:cpu_11:49.2066666666667
4.7.0-unsafe:enp130s0f1_rx_bytes:4964071191.33333
4.7.0-unsafe:cpu_9:58.6533333333333
4.7.0-unsafe:LLC-store:1992276834
4.7.0-unsafe:Total_tx_queue_stopped:0
4.7.0-unsafe:enp4s0f1_tx_packets_phy:0
4.7.0-unsafe:cpu_17:52.4633333333333
4.7.0-unsafe:cpu_10:30.2933333333333
4.7.0-unsafe:enp130s0f0_rx_bytes_phy:8092921769.33333
4.7.0-unsafe:cpu_24:31.5733333333333
4.7.0-unsafe:cpu_16:34.2233333333333
4.7.0-unsafe:Read:38606.6733333333
4.7.0-unsafe:enp130s0f1_rx_packets_phy:802376
4.7.0-unsafe:TOTAL_l2hit:0.283333333333333
4.7.0-unsafe:cpu_0:28.9666666666667
4.7.0-unsafe:enp4s0f1_rx_bytes_phy:0
4.7.0-unsafe:cpu_13:57.9366666666667
4.7.0-unsafe:enp4s0f0_tx_bytes_phy:0
4.7.0-unsafe:enp4s0f1_tx_packets:0
4.7.0-unsafe:Total_rx_packets_phy:1957525
4.7.0-unsafe:LLC-load:1669191560.33333
4.7.0-unsafe:enp4s0f1_tx_queue_stopped:0
4.7.0-unsafe:enp130s0f1_tx_bytes_phy:4851228903.33333
4.7.0-unsafe:SKT0_l2hit:0.236666666666667
4.7.0-unsafe:enp4s0f0_tx_packets_phy:0
4.7.0-unsafe:enp4s0f0_tx_packets:0
4.7.0-unsafe:cpu_23:42.6466666666667
4.7.0-unsafe:cycles:151879448823
4.7.0-unsafe:enp4s0f0_tx_bytes:0
4.7.0-unsafe:SKT1_l2mpi:0.03
4.7.0-unsafe:Total_tx_packets:640365
4.7.0-unsafe:TOTAL_l3miss:1657000000
4.7.0-unsafe:Total_tx_bytes:11342002279.6667
4.7.0-unsafe:cpu_2:37.4233333333333
4.7.0-unsafe:Total_tx_bytes_phy:11367126856.6667
4.7.0-unsafe:Write:26504.0633333333
4.7.0-unsafe:enp4s0f0_tx_queue_stopped:0
4.7.0-unsafe:cpu_1:59.9366666666667
4.7.0-unsafe:enp130s0f0_tx_queue_stopped:0
4.7.0-unsafe:cpu_12:31.9266666666667
4.7.0-unsafe:enp4s0f1_rx_bytes:0
4.7.0-unsafe:Total_rx_bytes:13028039831.6667
4.7.0-unsafe:cpu_25:46.24
4.7.0-unsafe:SKT0_l2mpi:0.0866666666666667
4.7.0-unsafe:cpu_26:21.81
4.7.0-unsafe:cpu_21:48.2133333333333
4.7.0-unsafe:enp4s0f0_rx_packets:0
4.7.0-unsafe:enp130s0f1_rx_bytes_phy:4981473796.66667
4.7.0-unsafe:cpu_22:28.9733333333333
4.7.0-unsafe:enp130s0f0_tx_packets_phy:1266651.33333333
4.7.0-unsafe:enp130s0f0_tx_packets:367476.333333333
4.7.0-unsafe:cpu_14:24.74
4.7.0-unsafe:cpu_8:33.8833333333333
4.7.0-unsafe:enp130s0f0_rx_packets_phy:1155149
4.7.0-unsafe:cache-misses:1658988902
4.7.0-unsafe:LLC-store-misses:185727012.333333
4.7.0-unsafe:LLC-load-misses:772611017.333333
4.7.0-unsafe:SKT1_l3hit:0.27
4.7.0-unsafe:enp4s0f0_rx_bytes:0
4.7.0-unsafe:cpu_5:61.9266666666667
4.7.0-unsafe:instructions:51954364605.6667
4.7.0-unsafe:cpu_7:58.63
4.7.0-unsafe:TOTAL_l3mpi:0.03
4.7.0-unsafe:cpu_18:23.7866666666667
4.7.0-unsafe:enp130s0f1_rx_packets:589577
4.7.0-unsafe:cpu_4:37.1666666666667
4.7.0-unsafe:enp130s0f0_rx_packets:780908.333333333
4.7.0-unsafe:cpu_total:41.9733333333333
4.7.0-unsafe:Memory:65110.7333333333
4.7.0-unsafe:cpu_19:55.3966666666667
4.7.0-unsafe:enp130s0f0_tx_bytes:6493979308
4.7.0-unsafe:SKT1_l2hit:0.313333333333333
4.7.0-unsafe:SKT1_l2miss:1127333333.33333
4.7.0-unsafe:TOTAL_l2mpi:0.04
4.7.0-unsafe:enp130s0f1_tx_packets_phy:731693
4.7.0-unsafe:SKT1_l3miss:823333333.333333
4.7.0-unsafe:enp4s0f1_rx_packets_phy:0
4.7.0-unsafe:cpu_27:42.6933333333333
4.7.0-unsafe:SKT0_ipc:0.213333333333333
4.7.0-unsafe:enp4s0f0_rx_bytes_phy:0
4.7.0-unsafe:TOTAL_ipc:0.34
4.7.0-unsafe:Total_tx_packets_phy:1998344.33333333
4.7.0-unsafe:Total_rx_bytes_phy:13074395566
4.7.0-unsafe:TOTAL_l2miss:2075000000
4.7.0-unsafe:16384:87380
4.7.0-unsafe:cpu_3:56.6533333333333
4.7.0-unsafe:enp130s0f1_tx_bytes:4848022971.66667
4.7.0-unsafe:cpu_6:32.28
4.7.0-unsafe:SKT0_l3miss:833333333.333333
4.7.0-unsafe:enp130s0f0_rx_bytes:8063968640.33333
4.7.0-unsafe:enp4s0f1_tx_bytes:0
