4.7.0-copy-plus-strict:Write:10687.2633333333
4.7.0-copy-plus-strict:Memory:27812.9833333333
4.7.0-copy-plus-strict:SKT1_l2miss:781333333.333333
4.7.0-copy-plus-strict:enp130s0f1_tx_packets_phy:594147.666666667
4.7.0-copy-plus-strict:enp130s0f0_tx_packets_phy:1381352.66666667
4.7.0-copy-plus-strict:enp130s0f1_rx_packets:312965
4.7.0-copy-plus-strict:enp130s0f1_rx_bytes_phy:4941214780.66667
4.7.0-copy-plus-strict:cpu_6:0.646666666666667
4.7.0-copy-plus-strict:cpu_19:40.9066666666667
4.7.0-copy-plus-strict:70:212992
4.7.0-copy-plus-strict:Total_tx_bytes:12498095552
4.7.0-copy-plus-strict:SKT0_l3mpi:0
4.7.0-copy-plus-strict:enp4s0f0_tx_packets:0
4.7.0-copy-plus-strict:enp130s0f0_tx_queue_stopped:0
4.7.0-copy-plus-strict:enp130s0f0_tx_packets:952127.333333333
4.7.0-copy-plus-strict:cpu_22:0
4.7.0-copy-plus-strict:enp4s0f0_tx_packets_phy:0
4.7.0-copy-plus-strict:enp130s0f0_rx_packets_phy:667756.333333333
4.7.0-copy-plus-strict:LLC-store:1989068208.33333
4.7.0-copy-plus-strict:TOTAL_l2miss:988000000
4.7.0-copy-plus-strict:enp4s0f0_tx_bytes:0
4.7.0-copy-plus-strict:TOTAL_l3hit:0.33
4.7.0-copy-plus-strict:cpu_2:87.9766666666667
4.7.0-copy-plus-strict:enp130s0f1_tx_bytes_phy:4789221322.66667
4.7.0-copy-plus-strict:SKT0_l2miss:206000000
4.7.0-copy-plus-strict:TOTAL_l2hit:0.5
4.7.0-copy-plus-strict:enp130s0f0_rx_bytes_phy:5410824969
4.7.0-copy-plus-strict:SKT0_ipc:0.67
4.7.0-copy-plus-strict:cpu_10:0.323333333333333
4.7.0-copy-plus-strict:cpu_5:67.94
4.7.0-copy-plus-strict:cpu_1:95.1233333333333
4.7.0-copy-plus-strict:cache-misses:661895948.333333
4.7.0-copy-plus-strict:enp4s0f1_rx_packets:0
4.7.0-copy-plus-strict:cpu_4:87.0066666666667
4.7.0-copy-plus-strict:Total_rx_bytes_phy:10352039749.6667
4.7.0-copy-plus-strict:Total_rx_packets:621037.333333333
4.7.0-copy-plus-strict:enp4s0f1_tx_packets:0
4.7.0-copy-plus-strict:enp4s0f1_tx_queue_stopped:0
4.7.0-copy-plus-strict:TOTAL_l3mpi:0.01
4.7.0-copy-plus-strict:LLC-load-misses:269205131.666667
4.7.0-copy-plus-strict:cpu_23:0.323333333333333
4.7.0-copy-plus-strict:LLC-store-misses:80305430.6666667
4.7.0-copy-plus-strict:cpu_total:33.5533333333333
4.7.0-copy-plus-strict:cpu_3:95.1266666666667
4.7.0-copy-plus-strict:TOTAL_ipc:0.643333333333333
4.7.0-copy-plus-strict:enp130s0f1_rx_bytes:2532627083.33333
4.7.0-copy-plus-strict:enp4s0f1_rx_packets_phy:0
4.7.0-copy-plus-strict:cpu_0:87.98
4.7.0-copy-plus-strict:SKT1_l2mpi:0.02
4.7.0-copy-plus-strict:SKT1_l3miss:528000000
4.7.0-copy-plus-strict:enp4s0f0_rx_packets:0
4.7.0-copy-plus-strict:Total_tx_bytes_phy:12531749419.3333
4.7.0-copy-plus-strict:SKT0_l3miss:135333333.333333
4.7.0-copy-plus-strict:enp130s0f1_tx_queue_stopped:0
4.7.0-copy-plus-strict:Read:17125.7233333333
4.7.0-copy-plus-strict:enp130s0f1_rx_packets_phy:609800
4.7.0-copy-plus-strict:enp130s0f0_tx_bytes:7711282222
4.7.0-copy-plus-strict:SKT0_l2mpi:0.01
4.7.0-copy-plus-strict:cpu_13:100
4.7.0-copy-plus-strict:SKT1_ipc:0.63
4.7.0-copy-plus-strict:enp4s0f0_rx_bytes_phy:0
4.7.0-copy-plus-strict:Total_tx_packets:1543164
4.7.0-copy-plus-strict:cpu_15:100
4.7.0-copy-plus-strict:enp4s0f1_tx_packets_phy:0
4.7.0-copy-plus-strict:cpu_24:0
4.7.0-copy-plus-strict:SKT1_l3mpi:0.01
4.7.0-copy-plus-strict:SKT1_l2hit:0.45
4.7.0-copy-plus-strict:enp4s0f1_tx_bytes_phy:0
4.7.0-copy-plus-strict:cpu_14:0
4.7.0-copy-plus-strict:instructions:77335753102
4.7.0-copy-plus-strict:enp4s0f1_rx_bytes_phy:0
4.7.0-copy-plus-strict:enp130s0f0_rx_bytes:2495058200.33333
4.7.0-copy-plus-strict:enp4s0f0_rx_bytes:0
4.7.0-copy-plus-strict:cpu_8:0.646666666666667
4.7.0-copy-plus-strict:cpu_21:0.323333333333333
4.7.0-copy-plus-strict:Total_rx_packets_phy:1277556.33333333
4.7.0-copy-plus-strict:cpu_9:0.973333333333333
4.7.0-copy-plus-strict:enp4s0f1_tx_bytes:0
4.7.0-copy-plus-strict:enp4s0f0_tx_queue_stopped:0
4.7.0-copy-plus-strict:enp4s0f1_rx_bytes:0
4.7.0-copy-plus-strict:TOTAL_l3miss:664000000
4.7.0-copy-plus-strict:LLC-load:1014517833.33333
4.7.0-copy-plus-strict:cpu_16:0.646666666666667
4.7.0-copy-plus-strict:cpu_20:0
4.7.0-copy-plus-strict:enp130s0f1_tx_packets:591036.666666667
4.7.0-copy-plus-strict:cpu_18:60.06
4.7.0-copy-plus-strict:cpu_25:0.323333333333333
4.7.0-copy-plus-strict:cpu_7:36.8933333333333
4.7.0-copy-plus-strict:cpu_26:0
4.7.0-copy-plus-strict:enp4s0f0_tx_bytes_phy:0
4.7.0-copy-plus-strict:enp4s0f0_rx_packets_phy:0
4.7.0-copy-plus-strict:SKT1_l3hit:0.32
4.7.0-copy-plus-strict:enp130s0f1_tx_bytes:4786813330
4.7.0-copy-plus-strict:SKT0_l2hit:0.61
4.7.0-copy-plus-strict:Total_tx_packets_phy:1975500.33333333
4.7.0-copy-plus-strict:cycles:119753683350.333
4.7.0-copy-plus-strict:enp130s0f0_rx_packets:308072.333333333
4.7.0-copy-plus-strict:cpu_11:0.97
4.7.0-copy-plus-strict:SKT0_l3hit:0.343333333333333
4.7.0-copy-plus-strict:enp130s0f0_tx_bytes_phy:7742528096.66667
4.7.0-copy-plus-strict:cpu_12:0.646666666666667
4.7.0-copy-plus-strict:Total_tx_queue_stopped:0
4.7.0-copy-plus-strict:cache-references:5593469569
4.7.0-copy-plus-strict:cpu_17:77.9166666666667
4.7.0-copy-plus-strict:Total_rx_bytes:5027685283.66667
4.7.0-copy-plus-strict:64512:212992
4.7.0-copy-plus-strict:TOTAL_l2mpi:0.01
4.7.0-copy-plus-strict:cpu_27:0.323333333333333
4.7.0-damn-unsafe:Total_tx_packets:1606465
4.7.0-damn-unsafe:cpu_15:19.2833333333333
4.7.0-damn-unsafe:enp4s0f0_rx_bytes_phy:0
4.7.0-damn-unsafe:SKT1_ipc:0.873333333333333
4.7.0-damn-unsafe:cpu_13:18.9566666666667
4.7.0-damn-unsafe:SKT0_l2mpi:0.02
4.7.0-damn-unsafe:enp130s0f0_tx_bytes:8149087301.66667
4.7.0-damn-unsafe:enp130s0f1_rx_packets_phy:615608.666666667
4.7.0-damn-unsafe:Read:18143.2633333333
4.7.0-damn-unsafe:enp130s0f1_tx_queue_stopped:0
4.7.0-damn-unsafe:SKT0_l3miss:529666666.666667
4.7.0-damn-unsafe:Total_tx_bytes_phy:13037521947
4.7.0-damn-unsafe:enp4s0f0_rx_packets:0
4.7.0-damn-unsafe:SKT1_l2mpi:0.01
4.7.0-damn-unsafe:cpu_0:53.5933333333333
4.7.0-damn-unsafe:SKT1_l3miss:251000000
4.7.0-damn-unsafe:enp4s0f1_rx_packets_phy:0
4.7.0-damn-unsafe:enp130s0f1_rx_bytes:4985899850
4.7.0-damn-unsafe:cpu_3:65.3633333333333
4.7.0-damn-unsafe:TOTAL_ipc:0.786666666666667
4.7.0-damn-unsafe:cpu_23:33.3333333333333
4.7.0-damn-unsafe:LLC-store-misses:73008897.6666667
4.7.0-damn-unsafe:cpu_total:33.8
4.7.0-damn-unsafe:TOTAL_l3mpi:0.01
4.7.0-damn-unsafe:LLC-load-misses:479762858
4.7.0-damn-unsafe:enp4s0f1_tx_queue_stopped:0
4.7.0-damn-unsafe:enp4s0f1_tx_packets:0
4.7.0-damn-unsafe:Total_rx_packets:1510086.66666667
4.7.0-damn-unsafe:Total_rx_bytes_phy:12259024028.6667
4.7.0-damn-unsafe:cache-misses:786591507.666667
4.7.0-damn-unsafe:cpu_4:52.94
4.7.0-damn-unsafe:enp4s0f1_rx_packets:0
4.7.0-damn-unsafe:cpu_1:66.9966666666667
4.7.0-damn-unsafe:cpu_5:65.3633333333333
4.7.0-damn-unsafe:enp130s0f0_rx_bytes_phy:7270739346.33333
4.7.0-damn-unsafe:SKT0_ipc:0.673333333333333
4.7.0-damn-unsafe:cpu_10:33.6566666666667
4.7.0-damn-unsafe:TOTAL_l2hit:0.336666666666667
4.7.0-damn-unsafe:SKT0_l2miss:634333333.333333
4.7.0-damn-unsafe:enp4s0f0_tx_bytes:0
4.7.0-damn-unsafe:TOTAL_l3hit:0.286666666666667
4.7.0-damn-unsafe:enp130s0f1_tx_bytes_phy:4864079214.66667
4.7.0-damn-unsafe:cpu_2:53.5933333333333
4.7.0-damn-unsafe:TOTAL_l2miss:1094000000
4.7.0-damn-unsafe:enp130s0f0_rx_packets_phy:897289
4.7.0-damn-unsafe:LLC-store:1115180502.33333
4.7.0-damn-unsafe:enp4s0f0_tx_packets_phy:0
4.7.0-damn-unsafe:SKT0_l3mpi:0.02
4.7.0-damn-unsafe:enp130s0f0_tx_queue_stopped:0
4.7.0-damn-unsafe:enp4s0f0_tx_packets:0
4.7.0-damn-unsafe:enp130s0f0_tx_packets:1006184.33333333
4.7.0-damn-unsafe:cpu_22:0.326666666666667
4.7.0-damn-unsafe:Total_tx_bytes:13010760068.6667
4.7.0-damn-unsafe:70:212992
4.7.0-damn-unsafe:cpu_19:23.2033333333333
4.7.0-damn-unsafe:cpu_6:33.6566666666667
4.7.0-damn-unsafe:enp130s0f1_rx_bytes_phy:4988284682.33333
4.7.0-damn-unsafe:enp130s0f1_rx_packets:615619.666666667
4.7.0-damn-unsafe:enp130s0f1_tx_packets_phy:600280.666666667
4.7.0-damn-unsafe:enp130s0f0_tx_packets_phy:1328412.66666667
4.7.0-damn-unsafe:SKT1_l2miss:459000000
4.7.0-damn-unsafe:Memory:27969.2833333333
4.7.0-damn-unsafe:Write:9826.02333333333
4.7.0-damn-unsafe:TOTAL_l2mpi:0.01
4.7.0-damn-unsafe:64512:212992
4.7.0-damn-unsafe:cpu_27:0.326666666666667
4.7.0-damn-unsafe:Total_rx_bytes:12230244802.6667
4.7.0-damn-unsafe:cpu_17:77.1233333333333
4.7.0-damn-unsafe:Total_tx_queue_stopped:0
4.7.0-damn-unsafe:cache-references:4946406377
4.7.0-damn-unsafe:enp130s0f0_tx_bytes_phy:8173442732.33333
4.7.0-damn-unsafe:cpu_12:33.33
4.7.0-damn-unsafe:SKT0_l3hit:0.163333333333333
4.7.0-damn-unsafe:cpu_11:19.2833333333333
4.7.0-damn-unsafe:enp130s0f0_rx_packets:894467
4.7.0-damn-unsafe:cycles:120267984179.667
4.7.0-damn-unsafe:Total_tx_packets_phy:1928693.33333333
4.7.0-damn-unsafe:SKT0_l2hit:0.25
4.7.0-damn-unsafe:enp130s0f1_tx_bytes:4861672767
4.7.0-damn-unsafe:SKT1_l3hit:0.453333333333333
4.7.0-damn-unsafe:enp4s0f0_tx_bytes_phy:0
4.7.0-damn-unsafe:enp4s0f0_rx_packets_phy:0
4.7.0-damn-unsafe:cpu_7:74.51
4.7.0-damn-unsafe:cpu_26:0
4.7.0-damn-unsafe:cpu_25:0.326666666666667
4.7.0-damn-unsafe:cpu_18:58.4966666666667
4.7.0-damn-unsafe:enp130s0f1_tx_packets:600280.666666667
4.7.0-damn-unsafe:cpu_20:0
4.7.0-damn-unsafe:cpu_16:30.0633333333333
4.7.0-damn-unsafe:TOTAL_l3miss:781333333.333333
4.7.0-damn-unsafe:LLC-load:1379792316.33333
4.7.0-damn-unsafe:enp4s0f1_rx_bytes:0
4.7.0-damn-unsafe:enp4s0f0_tx_queue_stopped:0
4.7.0-damn-unsafe:enp4s0f1_tx_bytes:0
4.7.0-damn-unsafe:cpu_9:19.2833333333333
4.7.0-damn-unsafe:Total_rx_packets_phy:1512897.66666667
4.7.0-damn-unsafe:cpu_21:66.0166666666667
4.7.0-damn-unsafe:enp130s0f0_rx_bytes:7244344952.66667
4.7.0-damn-unsafe:enp4s0f0_rx_bytes:0
4.7.0-damn-unsafe:cpu_8:33.33
4.7.0-damn-unsafe:enp4s0f1_rx_bytes_phy:0
4.7.0-damn-unsafe:instructions:94417198271.3333
4.7.0-damn-unsafe:cpu_14:13.0733333333333
4.7.0-damn-unsafe:enp4s0f1_tx_bytes_phy:0
4.7.0-damn-unsafe:SKT1_l2hit:0.43
4.7.0-damn-unsafe:cpu_24:0.326666666666667
4.7.0-damn-unsafe:SKT1_l3mpi:0
4.7.0-damn-unsafe:enp4s0f1_tx_packets_phy:0
4.7.0-damnn-hp-strict:cpu_26:0
4.7.0-damnn-hp-strict:cpu_7:30.0633333333333
4.7.0-damnn-hp-strict:cpu_18:55.8833333333333
4.7.0-damnn-hp-strict:cpu_25:0
4.7.0-damnn-hp-strict:enp130s0f1_tx_packets:600445.666666667
4.7.0-damnn-hp-strict:cpu_20:0
4.7.0-damnn-hp-strict:cpu_16:35.29
4.7.0-damnn-hp-strict:enp4s0f1_rx_bytes:0
4.7.0-damnn-hp-strict:TOTAL_l3miss:949666666.666667
4.7.0-damnn-hp-strict:LLC-load:1277222504
4.7.0-damnn-hp-strict:enp4s0f0_tx_queue_stopped:0
4.7.0-damnn-hp-strict:enp4s0f1_tx_bytes:0
4.7.0-damnn-hp-strict:cpu_9:24.51
4.7.0-damnn-hp-strict:Total_rx_packets_phy:1515927.33333333
4.7.0-damnn-hp-strict:cpu_21:0
4.7.0-damnn-hp-strict:enp4s0f0_rx_bytes:0
4.7.0-damnn-hp-strict:cpu_8:40.2
4.7.0-damnn-hp-strict:enp130s0f0_rx_bytes:7292122307
4.7.0-damnn-hp-strict:enp4s0f1_rx_bytes_phy:0
4.7.0-damnn-hp-strict:instructions:117704214140
4.7.0-damnn-hp-strict:cpu_14:14.71
4.7.0-damnn-hp-strict:enp4s0f1_tx_bytes_phy:0
4.7.0-damnn-hp-strict:SKT1_l2hit:0.31
4.7.0-damnn-hp-strict:cpu_24:0
4.7.0-damnn-hp-strict:SKT1_l3mpi:0.01
4.7.0-damnn-hp-strict:enp4s0f1_tx_packets_phy:0
4.7.0-damnn-hp-strict:TOTAL_l2mpi:0.01
4.7.0-damnn-hp-strict:cpu_27:0
4.7.0-damnn-hp-strict:64512:212992
4.7.0-damnn-hp-strict:Total_rx_bytes:12277478993.6667
4.7.0-damnn-hp-strict:cpu_17:71.8966666666667
4.7.0-damnn-hp-strict:Total_tx_queue_stopped:0
4.7.0-damnn-hp-strict:cache-references:5090871973.66667
4.7.0-damnn-hp-strict:enp130s0f0_tx_bytes_phy:7643112282
4.7.0-damnn-hp-strict:cpu_12:39.5466666666667
4.7.0-damnn-hp-strict:SKT0_l3hit:0.126666666666667
4.7.0-damnn-hp-strict:enp130s0f0_rx_packets:900373.666666667
4.7.0-damnn-hp-strict:cpu_11:39.87
4.7.0-damnn-hp-strict:cycles:116295830503.667
4.7.0-damnn-hp-strict:SKT0_l2hit:0.203333333333333
4.7.0-damnn-hp-strict:Total_tx_packets_phy:1870142.33333333
4.7.0-damnn-hp-strict:enp130s0f1_tx_bytes:4863015142.66667
4.7.0-damnn-hp-strict:SKT1_l3hit:0.306666666666667
4.7.0-damnn-hp-strict:enp4s0f0_tx_bytes_phy:0
4.7.0-damnn-hp-strict:enp4s0f0_rx_packets_phy:0
4.7.0-damnn-hp-strict:cpu_5:54.2466666666667
4.7.0-damnn-hp-strict:SKT0_ipc:0.97
4.7.0-damnn-hp-strict:cpu_10:26.4733333333333
4.7.0-damnn-hp-strict:enp130s0f0_rx_bytes_phy:7295673064.33333
4.7.0-damnn-hp-strict:TOTAL_l2hit:0.256666666666667
4.7.0-damnn-hp-strict:SKT0_l2miss:636000000
4.7.0-damnn-hp-strict:enp4s0f0_tx_bytes:0
4.7.0-damnn-hp-strict:TOTAL_l3hit:0.21
4.7.0-damnn-hp-strict:cpu_2:44.7733333333333
4.7.0-damnn-hp-strict:enp130s0f1_tx_bytes_phy:4865373353.33333
4.7.0-damnn-hp-strict:TOTAL_l2miss:1203333333.33333
4.7.0-damnn-hp-strict:enp130s0f0_rx_packets_phy:900366.333333333
4.7.0-damnn-hp-strict:LLC-store:849595100.666667
4.7.0-damnn-hp-strict:enp4s0f0_tx_packets_phy:0
4.7.0-damnn-hp-strict:enp130s0f0_tx_queue_stopped:0
4.7.0-damnn-hp-strict:SKT0_l3mpi:0.01
4.7.0-damnn-hp-strict:cpu_22:0.326666666666667
4.7.0-damnn-hp-strict:enp4s0f0_tx_packets:0
4.7.0-damnn-hp-strict:enp130s0f0_tx_packets:940622.666666667
4.7.0-damnn-hp-strict:Total_tx_bytes:12481114196.6667
4.7.0-damnn-hp-strict:70:212992
4.7.0-damnn-hp-strict:cpu_19:19.2833333333333
4.7.0-damnn-hp-strict:cpu_6:39.5466666666667
4.7.0-damnn-hp-strict:enp130s0f1_rx_bytes_phy:4987898133.66667
4.7.0-damnn-hp-strict:enp130s0f1_rx_packets:615553
4.7.0-damnn-hp-strict:enp130s0f0_tx_packets_phy:1269701.33333333
4.7.0-damnn-hp-strict:enp130s0f1_tx_packets_phy:600441
4.7.0-damnn-hp-strict:SKT1_l2miss:567333333.333333
4.7.0-damnn-hp-strict:Memory:32886.42
4.7.0-damnn-hp-strict:Write:12088.2766666667
4.7.0-damnn-hp-strict:Total_tx_packets:1541068.33333333
4.7.0-damnn-hp-strict:cpu_15:100
4.7.0-damnn-hp-strict:enp4s0f0_rx_bytes_phy:0
4.7.0-damnn-hp-strict:SKT1_ipc:1.05
4.7.0-damnn-hp-strict:cpu_13:58.4966666666667
4.7.0-damnn-hp-strict:SKT0_l2mpi:0.01
4.7.0-damnn-hp-strict:enp130s0f0_tx_bytes:7618099054
4.7.0-damnn-hp-strict:enp130s0f1_rx_packets_phy:615561
4.7.0-damnn-hp-strict:Read:20798.14
4.7.0-damnn-hp-strict:enp130s0f1_tx_queue_stopped:0
4.7.0-damnn-hp-strict:SKT0_l3miss:555666666.666667
4.7.0-damnn-hp-strict:Total_tx_bytes_phy:12508485635.3333
4.7.0-damnn-hp-strict:enp4s0f0_rx_packets:0
4.7.0-damnn-hp-strict:SKT1_l2mpi:0.01
4.7.0-damnn-hp-strict:SKT1_l3miss:393333333.333333
4.7.0-damnn-hp-strict:cpu_0:45.4266666666667
4.7.0-damnn-hp-strict:enp4s0f1_rx_packets_phy:0
4.7.0-damnn-hp-strict:enp130s0f1_rx_bytes:4985356686.66667
4.7.0-damnn-hp-strict:TOTAL_ipc:1.01333333333333
4.7.0-damnn-hp-strict:cpu_3:53.2666666666667
4.7.0-damnn-hp-strict:cpu_total:31.8533333333333
4.7.0-damnn-hp-strict:LLC-store-misses:122999729
4.7.0-damnn-hp-strict:cpu_23:0
4.7.0-damnn-hp-strict:TOTAL_l3mpi:0.01
4.7.0-damnn-hp-strict:LLC-load-misses:444514605.666667
4.7.0-damnn-hp-strict:enp4s0f1_tx_queue_stopped:0
4.7.0-damnn-hp-strict:enp4s0f1_tx_packets:0
4.7.0-damnn-hp-strict:Total_rx_packets:1515926.66666667
4.7.0-damnn-hp-strict:Total_rx_bytes_phy:12283571198
4.7.0-damnn-hp-strict:enp4s0f1_rx_packets:0
4.7.0-damnn-hp-strict:cache-misses:958202692
4.7.0-damnn-hp-strict:cpu_4:44.12
4.7.0-damnn-hp-strict:cpu_1:55.2266666666667
4.7.0-defer:TOTAL_ipc:0.993333333333333
4.7.0-defer:cpu_3:60.96
4.7.0-defer:LLC-store-misses:58024532.3333333
4.7.0-defer:cpu_23:0
4.7.0-defer:cpu_total:32.1166666666667
4.7.0-defer:TOTAL_l3mpi:0
4.7.0-defer:LLC-load-misses:181258660.333333
4.7.0-defer:enp4s0f1_tx_packets:0
4.7.0-defer:enp4s0f1_tx_queue_stopped:0
4.7.0-defer:Total_rx_packets:1349447
4.7.0-defer:Total_rx_bytes_phy:11112373931
4.7.0-defer:cpu_1:89.9066666666667
4.7.0-defer:cache-misses:382088418.666667
4.7.0-defer:cpu_4:71.0066666666667
4.7.0-defer:enp4s0f1_rx_packets:0
4.7.0-defer:cpu_15:100
4.7.0-defer:Total_tx_packets:1444815
4.7.0-defer:enp4s0f0_rx_bytes_phy:0
4.7.0-defer:SKT0_l2mpi:0.01
4.7.0-defer:cpu_13:77.1966666666667
4.7.0-defer:SKT1_ipc:1.08
4.7.0-defer:enp130s0f0_tx_bytes:6990218846.66667
4.7.0-defer:enp130s0f1_rx_packets_phy:613295.666666667
4.7.0-defer:SKT0_l3miss:192333333.333333
4.7.0-defer:Total_tx_bytes_phy:11732488700.3333
4.7.0-defer:Read:11326.9866666667
4.7.0-defer:enp130s0f1_tx_queue_stopped:0
4.7.0-defer:SKT1_l2mpi:0.00333333333333333
4.7.0-defer:cpu_0:71.9866666666667
4.7.0-defer:SKT1_l3miss:194666666.666667
4.7.0-defer:enp4s0f0_rx_packets:0
4.7.0-defer:enp130s0f1_rx_bytes:4966264765
4.7.0-defer:enp4s0f1_rx_packets_phy:0
4.7.0-defer:enp4s0f0_tx_packets:0
4.7.0-defer:SKT0_l3mpi:0.01
4.7.0-defer:enp130s0f0_tx_queue_stopped:0
4.7.0-defer:enp130s0f0_tx_packets:863095.666666667
4.7.0-defer:cpu_22:0
4.7.0-defer:enp4s0f0_tx_packets_phy:0
4.7.0-defer:cpu_19:42.6733333333333
4.7.0-defer:70:212992
4.7.0-defer:Total_tx_bytes:11701565966.3333
4.7.0-defer:cpu_6:6.18666666666667
4.7.0-defer:enp130s0f1_rx_bytes_phy:4969546287.66667
4.7.0-defer:enp130s0f1_tx_packets_phy:582940
4.7.0-defer:enp130s0f0_tx_packets_phy:1252641.33333333
4.7.0-defer:enp130s0f1_rx_packets:613195
4.7.0-defer:SKT1_l2miss:370000000
4.7.0-defer:Memory:22507.4333333333
4.7.0-defer:Write:11180.4433333333
4.7.0-defer:cpu_5:47.5566666666667
4.7.0-defer:SKT0_ipc:0.823333333333333
4.7.0-defer:enp130s0f0_rx_bytes_phy:6142827643.33333
4.7.0-defer:cpu_10:6.18666666666667
4.7.0-defer:TOTAL_l2hit:0.35
4.7.0-defer:SKT0_l2miss:272666666.666667
4.7.0-defer:TOTAL_l2miss:643000000
4.7.0-defer:cpu_2:71.0066666666667
4.7.0-defer:TOTAL_l3hit:0.393333333333333
4.7.0-defer:enp130s0f1_tx_bytes_phy:4713954903
4.7.0-defer:enp4s0f0_tx_bytes:0
4.7.0-defer:LLC-store:674275221.666667
4.7.0-defer:enp130s0f0_rx_packets_phy:758091
4.7.0-defer:cycles:107142255767.333
4.7.0-defer:SKT0_l2hit:0.293333333333333
4.7.0-defer:Total_tx_packets_phy:1835581.33333333
4.7.0-defer:enp130s0f1_tx_bytes:4711347119.66667
4.7.0-defer:enp4s0f0_rx_packets_phy:0
4.7.0-defer:enp4s0f0_tx_bytes_phy:0
4.7.0-defer:SKT1_l3hit:0.473333333333333
4.7.0-defer:TOTAL_l2mpi:0.01
4.7.0-defer:64512:212992
4.7.0-defer:cpu_27:0.65
4.7.0-defer:Total_rx_bytes:10928672619.6667
4.7.0-defer:cpu_17:69.7066666666667
4.7.0-defer:Total_tx_queue_stopped:0
4.7.0-defer:cache-references:3646731666.33333
4.7.0-defer:enp130s0f0_tx_bytes_phy:7018533797.33333
4.7.0-defer:cpu_12:4.55333333333333
4.7.0-defer:SKT0_l3hit:0.293333333333333
4.7.0-defer:cpu_11:7.16333333333333
4.7.0-defer:enp130s0f0_rx_packets:736252
4.7.0-defer:enp4s0f0_rx_bytes:0
4.7.0-defer:enp130s0f0_rx_bytes:5962407854.66667
4.7.0-defer:cpu_8:6.18666666666667
4.7.0-defer:enp4s0f1_rx_bytes_phy:0
4.7.0-defer:cpu_14:3.25333333333333
4.7.0-defer:instructions:105713445826.333
4.7.0-defer:enp4s0f1_tx_bytes_phy:0
4.7.0-defer:SKT1_l2hit:0.386666666666667
4.7.0-defer:cpu_24:0
4.7.0-defer:SKT1_l3mpi:0
4.7.0-defer:enp4s0f1_tx_packets_phy:0
4.7.0-defer:cpu_7:38.3766666666667
4.7.0-defer:cpu_26:0
4.7.0-defer:cpu_18:56.0266666666667
4.7.0-defer:cpu_25:0
4.7.0-defer:cpu_20:0
4.7.0-defer:enp130s0f1_tx_packets:581719.333333333
4.7.0-defer:cpu_16:8.14
4.7.0-defer:enp4s0f0_tx_queue_stopped:0
4.7.0-defer:TOTAL_l3miss:387666666.666667
4.7.0-defer:enp4s0f1_rx_bytes:0
4.7.0-defer:LLC-load:813059934
4.7.0-defer:cpu_9:7.49
4.7.0-defer:enp4s0f1_tx_bytes:0
4.7.0-defer:cpu_21:55.6966666666667
4.7.0-defer:Total_rx_packets_phy:1371386.66666667
4.7.0-strict:enp130s0f1_rx_bytes_phy:4931110503.33333
4.7.0-strict:cpu_6:0
4.7.0-strict:Total_tx_bytes:5388492895
4.7.0-strict:70:212992
4.7.0-strict:cpu_19:100
4.7.0-strict:enp4s0f0_tx_packets_phy:0
4.7.0-strict:SKT0_l3mpi:0
4.7.0-strict:enp130s0f0_tx_queue_stopped:0
4.7.0-strict:enp4s0f0_tx_packets:0
4.7.0-strict:cpu_22:0
4.7.0-strict:enp130s0f0_tx_packets:462586
4.7.0-strict:Write:2049.69
4.7.0-strict:Memory:7184.01333333333
4.7.0-strict:SKT1_l2miss:156333333.333333
4.7.0-strict:enp130s0f1_rx_packets:122609.333333333
4.7.0-strict:enp130s0f0_tx_packets_phy:877571.333333333
4.7.0-strict:enp130s0f1_tx_packets_phy:206598.333333333
4.7.0-strict:SKT0_l2miss:94000000
4.7.0-strict:TOTAL_l2hit:0.36
4.7.0-strict:SKT0_ipc:1.05
4.7.0-strict:enp130s0f0_rx_bytes_phy:5613609776
4.7.0-strict:cpu_10:0
4.7.0-strict:cpu_5:100
4.7.0-strict:enp130s0f0_rx_packets_phy:692780
4.7.0-strict:LLC-store:339631570
4.7.0-strict:TOTAL_l3hit:0.576666666666667
4.7.0-strict:cpu_2:30.39
4.7.0-strict:enp4s0f0_tx_bytes:0
4.7.0-strict:enp130s0f1_tx_bytes_phy:1642636385
4.7.0-strict:TOTAL_l2miss:250333333.333333
4.7.0-strict:enp4s0f1_tx_queue_stopped:0
4.7.0-strict:enp4s0f1_tx_packets:0
4.7.0-strict:LLC-load-misses:49176520
4.7.0-strict:TOTAL_l3mpi:0
4.7.0-strict:cpu_total:32.2133333333333
4.7.0-strict:LLC-store-misses:21250536.6666667
4.7.0-strict:cpu_23:0
4.7.0-strict:cpu_3:100
4.7.0-strict:TOTAL_ipc:0.48
4.7.0-strict:cache-misses:104216397
4.7.0-strict:enp4s0f1_rx_packets:0
4.7.0-strict:cpu_4:30.7166666666667
4.7.0-strict:cpu_1:100
4.7.0-strict:Total_rx_bytes_phy:10544720279.3333
4.7.0-strict:Total_rx_packets:245373
4.7.0-strict:enp130s0f0_tx_bytes:3746490051.66667
4.7.0-strict:SKT1_ipc:0.376666666666667
4.7.0-strict:cpu_13:100
4.7.0-strict:SKT0_l2mpi:0.00666666666666667
4.7.0-strict:enp4s0f0_rx_bytes_phy:0
4.7.0-strict:Total_tx_packets:665327.333333333
4.7.0-strict:cpu_15:33.3333333333333
4.7.0-strict:enp4s0f1_rx_packets_phy:0
4.7.0-strict:enp130s0f1_rx_bytes:993036474.666667
4.7.0-strict:enp4s0f0_rx_packets:0
4.7.0-strict:SKT1_l3miss:56000000
4.7.0-strict:SKT1_l2mpi:0
4.7.0-strict:cpu_0:31.37
4.7.0-strict:Read:5134.32333333333
4.7.0-strict:enp130s0f1_tx_queue_stopped:0
4.7.0-strict:Total_tx_bytes_phy:5417872458.66667
4.7.0-strict:SKT0_l3miss:49333333.3333333
4.7.0-strict:enp130s0f1_rx_packets_phy:608553
4.7.0-strict:enp4s0f1_tx_bytes_phy:0
4.7.0-strict:instructions:54885738449
4.7.0-strict:cpu_14:0
4.7.0-strict:enp4s0f1_rx_bytes_phy:0
4.7.0-strict:cpu_8:0
4.7.0-strict:enp4s0f0_rx_bytes:0
4.7.0-strict:enp130s0f0_rx_bytes:993998202.666667
4.7.0-strict:enp4s0f1_tx_packets_phy:0
4.7.0-strict:SKT1_l3mpi:0
4.7.0-strict:cpu_24:0
4.7.0-strict:SKT1_l2hit:0.336666666666667
4.7.0-strict:enp130s0f1_tx_packets:202741.333333333
4.7.0-strict:cpu_20:0
4.7.0-strict:cpu_18:30.7166666666667
4.7.0-strict:cpu_25:0
4.7.0-strict:cpu_26:0
4.7.0-strict:cpu_7:82.3533333333333
4.7.0-strict:Total_rx_packets_phy:1301333
4.7.0-strict:cpu_21:33.3333333333333
4.7.0-strict:enp4s0f1_tx_bytes:0
4.7.0-strict:cpu_9:33.3333333333333
4.7.0-strict:enp4s0f1_rx_bytes:0
4.7.0-strict:TOTAL_l3miss:105666666.666667
4.7.0-strict:LLC-load:345916457.666667
4.7.0-strict:enp4s0f0_tx_queue_stopped:0
4.7.0-strict:cpu_16:0
4.7.0-strict:SKT0_l2hit:0.396666666666667
4.7.0-strict:Total_tx_packets_phy:1084169.66666667
4.7.0-strict:cycles:114270888195.667
4.7.0-strict:SKT1_l3hit:0.64
4.7.0-strict:enp4s0f0_tx_bytes_phy:0
4.7.0-strict:enp4s0f0_rx_packets_phy:0
4.7.0-strict:enp130s0f1_tx_bytes:1642002843.33333
4.7.0-strict:cpu_17:99.6733333333333
4.7.0-strict:Total_rx_bytes:1987034677.33333
4.7.0-strict:cpu_27:0
4.7.0-strict:TOTAL_l2mpi:0
4.7.0-strict:64512:212992
4.7.0-strict:cpu_11:0.326666666666667
4.7.0-strict:enp130s0f0_rx_packets:122763.666666667
4.7.0-strict:SKT0_l3hit:0.47
4.7.0-strict:cpu_12:0
4.7.0-strict:enp130s0f0_tx_bytes_phy:3775236073.66667
4.7.0-strict:cache-references:1644962388.33333
4.7.0-strict:Total_tx_queue_stopped:0
4.7.0-unsafe:cpu_20:3.20666666666667
4.7.0-unsafe:enp130s0f1_tx_packets:601126
4.7.0-unsafe:cpu_18:81.3033333333333
4.7.0-unsafe:cpu_25:0.32
4.7.0-unsafe:cpu_7:39.01
4.7.0-unsafe:cpu_26:7.05
4.7.0-unsafe:cpu_21:1.28333333333333
4.7.0-unsafe:Total_rx_packets_phy:1613945
4.7.0-unsafe:cpu_9:54.1433333333333
4.7.0-unsafe:enp4s0f1_tx_bytes:0
4.7.0-unsafe:enp4s0f0_tx_queue_stopped:0
4.7.0-unsafe:LLC-load:1529638721.66667
4.7.0-unsafe:TOTAL_l3miss:1163666666.66667
4.7.0-unsafe:enp4s0f1_rx_bytes:0
4.7.0-unsafe:cpu_16:32.8966666666667
4.7.0-unsafe:enp4s0f1_tx_bytes_phy:0
4.7.0-unsafe:cpu_14:14.8266666666667
4.7.0-unsafe:instructions:100211882126
4.7.0-unsafe:enp4s0f1_rx_bytes_phy:0
4.7.0-unsafe:enp4s0f0_rx_bytes:0
4.7.0-unsafe:cpu_8:35.8133333333333
4.7.0-unsafe:enp130s0f0_rx_bytes:8084441804
4.7.0-unsafe:enp4s0f1_tx_packets_phy:0
4.7.0-unsafe:SKT1_l3mpi:0.01
4.7.0-unsafe:cpu_24:5.77
4.7.0-unsafe:SKT1_l2hit:0.28
4.7.0-unsafe:cpu_17:91.93
4.7.0-unsafe:Total_rx_bytes:13069657709
4.7.0-unsafe:cpu_27:0.96
4.7.0-unsafe:TOTAL_l2mpi:0.0133333333333333
4.7.0-unsafe:64512:212992
4.7.0-unsafe:cpu_11:24.1933333333333
4.7.0-unsafe:enp130s0f0_rx_packets:998201.666666667
4.7.0-unsafe:SKT0_l3hit:0.16
4.7.0-unsafe:enp130s0f0_tx_bytes_phy:7625435151
4.7.0-unsafe:cpu_12:31.5833333333333
4.7.0-unsafe:cache-references:5509890363.66667
4.7.0-unsafe:Total_tx_queue_stopped:0
4.7.0-unsafe:Total_tx_packets_phy:1821083.66666667
4.7.0-unsafe:SKT0_l2hit:0.21
4.7.0-unsafe:cycles:143400068923.667
4.7.0-unsafe:enp4s0f0_rx_packets_phy:0
4.7.0-unsafe:enp4s0f0_tx_bytes_phy:0
4.7.0-unsafe:SKT1_l3hit:0.296666666666667
4.7.0-unsafe:enp130s0f1_tx_bytes:4868526761
4.7.0-unsafe:SKT0_l2miss:755666666.666667
4.7.0-unsafe:TOTAL_l2hit:0.246666666666667
4.7.0-unsafe:SKT0_ipc:0.573333333333333
4.7.0-unsafe:cpu_10:37.73
4.7.0-unsafe:enp130s0f0_rx_bytes_phy:8090256522.66667
4.7.0-unsafe:cpu_5:82.2666666666667
4.7.0-unsafe:LLC-store:1146274191
4.7.0-unsafe:enp130s0f0_rx_packets_phy:998429
4.7.0-unsafe:TOTAL_l2miss:1501666666.66667
4.7.0-unsafe:enp4s0f0_tx_bytes:0
4.7.0-unsafe:TOTAL_l3hit:0.226666666666667
4.7.0-unsafe:cpu_2:79.6766666666667
4.7.0-unsafe:enp130s0f1_tx_bytes_phy:4870825078.66667
4.7.0-unsafe:enp130s0f1_rx_bytes_phy:4987534014
4.7.0-unsafe:cpu_6:39.02
4.7.0-unsafe:cpu_19:40.6466666666667
4.7.0-unsafe:Total_tx_bytes:12472553189
4.7.0-unsafe:70:212992
4.7.0-unsafe:cpu_22:3.52666666666667
4.7.0-unsafe:SKT0_l3mpi:0.02
4.7.0-unsafe:enp130s0f0_tx_queue_stopped:0
4.7.0-unsafe:enp4s0f0_tx_packets:0
4.7.0-unsafe:enp130s0f0_tx_packets:938884
4.7.0-unsafe:enp4s0f0_tx_packets_phy:0
4.7.0-unsafe:Write:13671.4066666667
4.7.0-unsafe:Memory:37306.8033333333
4.7.0-unsafe:SKT1_l2miss:745666666.666667
4.7.0-unsafe:enp130s0f0_tx_packets_phy:1219967.33333333
4.7.0-unsafe:enp130s0f1_tx_packets_phy:601116.333333333
4.7.0-unsafe:enp130s0f1_rx_packets:615534.666666667
4.7.0-unsafe:enp130s0f0_tx_bytes:7604026428
4.7.0-unsafe:cpu_13:89.3233333333333
4.7.0-unsafe:SKT0_l2mpi:0.02
4.7.0-unsafe:SKT1_ipc:0.793333333333333
4.7.0-unsafe:enp4s0f0_rx_bytes_phy:0
4.7.0-unsafe:cpu_15:49.4333333333333
4.7.0-unsafe:Total_tx_packets:1540010
4.7.0-unsafe:enp130s0f1_rx_bytes:4985215905
4.7.0-unsafe:enp4s0f1_rx_packets_phy:0
4.7.0-unsafe:SKT1_l2mpi:0.01
4.7.0-unsafe:cpu_0:80.3166666666667
4.7.0-unsafe:SKT1_l3miss:525666666.666667
4.7.0-unsafe:enp4s0f0_rx_packets:0
4.7.0-unsafe:Total_tx_bytes_phy:12496260229.6667
4.7.0-unsafe:SKT0_l3miss:637000000
4.7.0-unsafe:enp130s0f1_tx_queue_stopped:0
4.7.0-unsafe:Read:23635.3966666667
4.7.0-unsafe:enp130s0f1_rx_packets_phy:615516
4.7.0-unsafe:enp4s0f1_tx_packets:0
4.7.0-unsafe:enp4s0f1_tx_queue_stopped:0
4.7.0-unsafe:LLC-load-misses:668551595.666667
4.7.0-unsafe:TOTAL_l3mpi:0.01
4.7.0-unsafe:LLC-store-misses:81860972.3333333
4.7.0-unsafe:cpu_total:42.62
4.7.0-unsafe:cpu_23:54.52
4.7.0-unsafe:TOTAL_ipc:0.696666666666667
4.7.0-unsafe:cpu_3:87.7466666666667
4.7.0-unsafe:cpu_1:45.16
4.7.0-unsafe:cpu_4:79.6766666666667
4.7.0-unsafe:cache-misses:1143092172.66667
4.7.0-unsafe:enp4s0f1_rx_packets:0
4.7.0-unsafe:Total_rx_bytes_phy:13077790536.6667
4.7.0-unsafe:Total_rx_packets:1613736.33333333
