4.7.0-copy-plus-strict:enp130s0f0_rx_packets_phy:172575.4
4.7.0-copy-plus-strict:enp4s0f1_rx_packets_phy:0
4.7.0-copy-plus-strict:cpu_23:0
4.7.0-copy-plus-strict:cpu_10:0
4.7.0-copy-plus-strict:cpu_3:0
4.7.0-copy-plus-strict:cpu_25:0
4.7.0-copy-plus-strict:TOTAL_l2mpi:0.01
4.7.0-copy-plus-strict:SKT1_l2miss:2813800
4.7.0-copy-plus-strict:Write:154.114
4.7.0-copy-plus-strict:SKT0_l3hit:0.836
4.7.0-copy-plus-strict:enp130s0f0_rx_packets:172569.2
4.7.0-copy-plus-strict:cpu_1:0
4.7.0-copy-plus-strict:LLC-load-misses:10739883
4.7.0-copy-plus-strict:enp4s0f0_tx_packets_phy:0
4.7.0-copy-plus-strict:SKT1_l3hit:0.796
4.7.0-copy-plus-strict:cpu_total:3.202
4.7.0-copy-plus-strict:SKT0_l3miss:11000000
4.7.0-copy-plus-strict:enp4s0f0_rx_packets:0
4.7.0-copy-plus-strict:enp4s0f0_tx_packets:0
4.7.0-copy-plus-strict:cpu_15:0
4.7.0-copy-plus-strict:cpu_21:0
4.7.0-copy-plus-strict:SKT0_l3mpi:0
4.7.0-copy-plus-strict:enp4s0f1_tx_packets_phy:0
4.7.0-copy-plus-strict:cpu_18:0
4.7.0-copy-plus-strict:SKT0_l2hit:0.754
4.7.0-copy-plus-strict:enp130s0f1_tx_queue_stopped:0
4.7.0-copy-plus-strict:enp130s0f0_tx_queue_stopped:0
4.7.0-copy-plus-strict:cpu_16:0
4.7.0-copy-plus-strict:Total_tx_bytes_phy:11044861.8
4.7.0-copy-plus-strict:enp4s0f0_tx_bytes:0
4.7.0-copy-plus-strict:enp130s0f0_tx_bytes:10354266
4.7.0-copy-plus-strict:cpu_7:0.196
4.7.0-copy-plus-strict:SKT0_l2mpi:0.01
4.7.0-copy-plus-strict:enp130s0f1_rx_bytes:0
4.7.0-copy-plus-strict:Total_rx_bytes:10354172.4
4.7.0-copy-plus-strict:enp4s0f1_tx_queue_stopped:0
4.7.0-copy-plus-strict:enp4s0f1_rx_bytes_phy:0
4.7.0-copy-plus-strict:cpu_13:0
4.7.0-copy-plus-strict:cpu_2:99.804
4.7.0-copy-plus-strict:LLC-store-misses:410125.4
4.7.0-copy-plus-strict:enp130s0f1_tx_packets:0
4.7.0-copy-plus-strict:enp130s0f1_rx_bytes_phy:0
4.7.0-copy-plus-strict:enp130s0f1_tx_bytes:0
4.7.0-copy-plus-strict:enp130s0f1_tx_bytes_phy:0
4.7.0-copy-plus-strict:enp4s0f0_tx_bytes_phy:0
4.7.0-copy-plus-strict:Total_tx_packets:172570.6
4.7.0-copy-plus-strict:cpu_6:0
4.7.0-copy-plus-strict:Total_tx_bytes:10354266
4.7.0-copy-plus-strict:cpu_9:0.392
4.7.0-copy-plus-strict:enp130s0f0_tx_packets:172570.6
4.7.0-copy-plus-strict:cpu_14:0
4.7.0-copy-plus-strict:SKT1_l2hit:0.12
4.7.0-copy-plus-strict:enp4s0f0_rx_bytes:0
4.7.0-copy-plus-strict:TOTAL_l2hit:0.748
4.7.0-copy-plus-strict:Total_tx_packets_phy:172575.8
4.7.0-copy-plus-strict:cycles:16313197600.2
4.7.0-copy-plus-strict:LLC-load:107616500.6
4.7.0-copy-plus-strict:enp4s0f0_tx_queue_stopped:0
4.7.0-copy-plus-strict:Total_rx_bytes_phy:11044874.4
4.7.0-copy-plus-strict:cpu_19:0
4.7.0-copy-plus-strict:cpu_27:1.176
4.7.0-copy-plus-strict:cpu_5:0.392
4.7.0-copy-plus-strict:Total_rx_packets_phy:172575.4
4.7.0-copy-plus-strict:enp4s0f0_rx_bytes_phy:0
4.7.0-copy-plus-strict:TOTAL_l3mpi:0
4.7.0-copy-plus-strict:SKT1_ipc:0.424
4.7.0-copy-plus-strict:enp4s0f0_rx_packets_phy:0
4.7.0-copy-plus-strict:LLC-store:22527743.6
4.7.0-copy-plus-strict:Total_tx_queue_stopped:0
4.7.0-copy-plus-strict:enp130s0f0_rx_bytes_phy:11044874.4
4.7.0-copy-plus-strict:enp130s0f1_rx_packets:0
4.7.0-copy-plus-strict:212992:212992
4.7.0-copy-plus-strict:enp4s0f1_rx_bytes:0
4.7.0-copy-plus-strict:enp130s0f0_rx_bytes:10354172.4
4.7.0-copy-plus-strict:enp4s0f1_rx_packets:0
4.7.0-copy-plus-strict:enp130s0f1_rx_packets_phy:0
4.7.0-copy-plus-strict:cpu_4:0
4.7.0-copy-plus-strict:cpu_26:0
4.7.0-copy-plus-strict:enp4s0f1_tx_bytes:0
4.7.0-copy-plus-strict:cache-misses:12204531.6
4.7.0-copy-plus-strict:TOTAL_l3miss:12000000
4.7.0-copy-plus-strict:enp130s0f1_tx_packets_phy:0
4.7.0-copy-plus-strict:cpu_17:0
4.7.0-copy-plus-strict:Memory:391.038
4.7.0-copy-plus-strict:cpu_11:0
4.7.0-copy-plus-strict:cache-references:207580654.8
4.7.0-copy-plus-strict:enp130s0f0_tx_bytes_phy:11044861.8
4.7.0-copy-plus-strict:SKT1_l3miss:566200
4.7.0-copy-plus-strict:Read:236.924
4.7.0-copy-plus-strict:Total_rx_packets:172569.2
4.7.0-copy-plus-strict:enp4s0f1_tx_bytes_phy:0
4.7.0-copy-plus-strict:TOTAL_l3hit:0.834
4.7.0-copy-plus-strict:TOTAL_l2miss:73200000
4.7.0-copy-plus-strict:enp4s0f1_tx_packets:0
4.7.0-copy-plus-strict:cpu_0:0
4.7.0-copy-plus-strict:enp130s0f0_tx_packets_phy:172575.8
4.7.0-copy-plus-strict:SKT1_l2mpi:0.02
4.7.0-copy-plus-strict:SKT0_ipc:0.862
4.7.0-copy-plus-strict:cpu_20:0
4.7.0-copy-plus-strict:instructions:13963879107.4
4.7.0-copy-plus-strict:cpu_24:0
4.7.0-copy-plus-strict:SKT1_l3mpi:0
4.7.0-copy-plus-strict:SKT0_l2miss:70400000
4.7.0-copy-plus-strict:cpu_8:0
4.7.0-copy-plus-strict:TOTAL_ipc:0.852
4.7.0-copy-plus-strict:cpu_12:0
4.7.0-copy-plus-strict:cpu_22:0
4.7.0-damn-strict:TOTAL_l2mpi:0
4.7.0-damn-strict:Write:82.95
4.7.0-damn-strict:SKT1_l2miss:4213800
4.7.0-damn-strict:SKT0_l3hit:0.898
4.7.0-damn-strict:LLC-load-misses:4449420
4.7.0-damn-strict:enp4s0f0_tx_packets_phy:0
4.7.0-damn-strict:enp130s0f0_rx_packets:189764
4.7.0-damn-strict:cpu_1:0
4.7.0-damn-strict:SKT1_l3hit:0.804
4.7.0-damn-strict:cpu_total:3.516
4.7.0-damn-strict:enp130s0f0_rx_packets_phy:189763
4.7.0-damn-strict:cpu_23:0
4.7.0-damn-strict:enp4s0f1_rx_packets_phy:0
4.7.0-damn-strict:cpu_10:0.392
4.7.0-damn-strict:cpu_25:0
4.7.0-damn-strict:cpu_3:0
4.7.0-damn-strict:Total_tx_bytes_phy:12144937.8
4.7.0-damn-strict:cpu_16:0
4.7.0-damn-strict:enp130s0f0_tx_bytes:11386019.4
4.7.0-damn-strict:enp4s0f0_tx_bytes:0
4.7.0-damn-strict:SKT0_l3miss:6694200
4.7.0-damn-strict:enp4s0f0_tx_packets:0
4.7.0-damn-strict:cpu_15:0
4.7.0-damn-strict:enp4s0f0_rx_packets:0
4.7.0-damn-strict:enp4s0f1_tx_packets_phy:0
4.7.0-damn-strict:SKT0_l3mpi:0
4.7.0-damn-strict:cpu_21:0
4.7.0-damn-strict:enp130s0f0_tx_queue_stopped:0
4.7.0-damn-strict:enp130s0f1_tx_queue_stopped:0
4.7.0-damn-strict:cpu_18:0
4.7.0-damn-strict:SKT0_l2hit:0.786
4.7.0-damn-strict:enp130s0f1_rx_bytes:0
4.7.0-damn-strict:SKT0_l2mpi:0
4.7.0-damn-strict:enp4s0f1_tx_queue_stopped:0
4.7.0-damn-strict:Total_rx_bytes:11385879
4.7.0-damn-strict:enp4s0f1_rx_bytes_phy:0
4.7.0-damn-strict:cpu_13:0.392
4.7.0-damn-strict:cpu_2:98.628
4.7.0-damn-strict:cpu_7:0.196
4.7.0-damn-strict:Total_tx_bytes:11386019.4
4.7.0-damn-strict:cpu_6:0
4.7.0-damn-strict:Total_tx_packets:189766.4
4.7.0-damn-strict:cpu_9:0.588
4.7.0-damn-strict:enp130s0f0_tx_packets:189766.4
4.7.0-damn-strict:cpu_14:3.92
4.7.0-damn-strict:SKT1_l2hit:0.17
4.7.0-damn-strict:enp4s0f0_rx_bytes:0
4.7.0-damn-strict:enp130s0f1_tx_bytes:0
4.7.0-damn-strict:LLC-store-misses:914012
4.7.0-damn-strict:enp130s0f1_tx_packets:0
4.7.0-damn-strict:enp130s0f1_rx_bytes_phy:0
4.7.0-damn-strict:enp130s0f1_tx_bytes_phy:0
4.7.0-damn-strict:enp4s0f0_tx_bytes_phy:0
4.7.0-damn-strict:Total_rx_packets_phy:189763
4.7.0-damn-strict:enp4s0f0_rx_bytes_phy:0
4.7.0-damn-strict:SKT1_ipc:0.862
4.7.0-damn-strict:TOTAL_l3mpi:0
4.7.0-damn-strict:LLC-store:20697701
4.7.0-damn-strict:enp4s0f0_rx_packets_phy:0
4.7.0-damn-strict:Total_tx_queue_stopped:0
4.7.0-damn-strict:LLC-load:99021359
4.7.0-damn-strict:cycles:16783092954.2
4.7.0-damn-strict:TOTAL_l2hit:0.774
4.7.0-damn-strict:Total_tx_packets_phy:189765.8
4.7.0-damn-strict:Total_rx_bytes_phy:12144863
4.7.0-damn-strict:enp4s0f0_tx_queue_stopped:0
4.7.0-damn-strict:cpu_19:0
4.7.0-damn-strict:cpu_5:1.176
4.7.0-damn-strict:cpu_27:1.764
4.7.0-damn-strict:enp4s0f1_rx_packets:0
4.7.0-damn-strict:cpu_4:0
4.7.0-damn-strict:enp130s0f1_rx_packets_phy:0
4.7.0-damn-strict:cache-misses:7419800.2
4.7.0-damn-strict:enp4s0f1_tx_bytes:0
4.7.0-damn-strict:cpu_26:0
4.7.0-damn-strict:enp130s0f1_tx_packets_phy:0
4.7.0-damn-strict:TOTAL_l3miss:7520200
4.7.0-damn-strict:enp130s0f1_rx_packets:0
4.7.0-damn-strict:enp130s0f0_rx_bytes_phy:12144863
4.7.0-damn-strict:enp4s0f1_rx_bytes:0
4.7.0-damn-strict:212992:212992
4.7.0-damn-strict:enp130s0f0_rx_bytes:11385879
4.7.0-damn-strict:TOTAL_l2miss:68400000
4.7.0-damn-strict:TOTAL_l3hit:0.89
4.7.0-damn-strict:enp4s0f1_tx_packets:0
4.7.0-damn-strict:Total_rx_packets:189764
4.7.0-damn-strict:SKT1_l3miss:825200
4.7.0-damn-strict:Read:178.78
4.7.0-damn-strict:enp4s0f1_tx_bytes_phy:0
4.7.0-damn-strict:cpu_0:0
4.7.0-damn-strict:enp130s0f0_tx_packets_phy:189765.8
4.7.0-damn-strict:SKT0_ipc:0.914
4.7.0-damn-strict:SKT1_l2mpi:0.01
4.7.0-damn-strict:cpu_17:0
4.7.0-damn-strict:Memory:261.728
4.7.0-damn-strict:cpu_11:0
4.7.0-damn-strict:cache-references:204661640.2
4.7.0-damn-strict:enp130s0f0_tx_bytes_phy:12144937.8
4.7.0-damn-strict:TOTAL_ipc:0.914
4.7.0-damn-strict:cpu_8:0
4.7.0-damn-strict:SKT1_l3mpi:0
4.7.0-damn-strict:SKT0_l2miss:64200000
4.7.0-damn-strict:cpu_24:0
4.7.0-damn-strict:cpu_12:0
4.7.0-damn-strict:cpu_22:0
4.7.0-damn-strict:cpu_20:0
4.7.0-damn-strict:instructions:15340271773.2
4.7.0-deff:cpu_19:0
4.7.0-deff:cpu_27:0.588
4.7.0-deff:cpu_5:0
4.7.0-deff:TOTAL_l2hit:0.73
4.7.0-deff:Total_tx_packets_phy:169776.4
4.7.0-deff:cycles:16473742201.2
4.7.0-deff:LLC-load:103667854.8
4.7.0-deff:enp4s0f0_tx_queue_stopped:0
4.7.0-deff:Total_rx_bytes_phy:10865782.4
4.7.0-deff:enp4s0f0_rx_packets_phy:0
4.7.0-deff:LLC-store:20769979.8
4.7.0-deff:Total_tx_queue_stopped:0
4.7.0-deff:Total_rx_packets_phy:169777.8
4.7.0-deff:enp4s0f0_rx_bytes_phy:0
4.7.0-deff:SKT1_ipc:0.306
4.7.0-deff:TOTAL_l3mpi:0
4.7.0-deff:enp130s0f0_rx_bytes:10186764.6
4.7.0-deff:enp130s0f0_rx_bytes_phy:10865782.4
4.7.0-deff:enp130s0f1_rx_packets:0
4.7.0-deff:212992:212992
4.7.0-deff:enp4s0f1_rx_bytes:0
4.7.0-deff:cpu_26:0
4.7.0-deff:enp4s0f1_tx_bytes:0
4.7.0-deff:cache-misses:6415385.6
4.7.0-deff:TOTAL_l3miss:6464400
4.7.0-deff:enp130s0f1_tx_packets_phy:0
4.7.0-deff:enp4s0f1_rx_packets:0
4.7.0-deff:enp130s0f1_rx_packets_phy:0
4.7.0-deff:cpu_4:0
4.7.0-deff:cache-references:211702103
4.7.0-deff:cpu_11:0
4.7.0-deff:enp130s0f0_tx_bytes_phy:10865707.8
4.7.0-deff:cpu_17:0
4.7.0-deff:Memory:239.194
4.7.0-deff:enp130s0f0_tx_packets_phy:169776.4
4.7.0-deff:SKT1_l2mpi:0.02
4.7.0-deff:SKT0_ipc:0.974
4.7.0-deff:Total_rx_packets:169779
4.7.0-deff:SKT1_l3miss:587000
4.7.0-deff:Read:164.238
4.7.0-deff:enp4s0f1_tx_bytes_phy:0
4.7.0-deff:TOTAL_l3hit:0.91
4.7.0-deff:enp4s0f1_tx_packets:0
4.7.0-deff:TOTAL_l2miss:71800000
4.7.0-deff:cpu_0:0
4.7.0-deff:instructions:15752836673.4
4.7.0-deff:cpu_20:0
4.7.0-deff:cpu_12:0
4.7.0-deff:cpu_22:0
4.7.0-deff:SKT1_l3mpi:0
4.7.0-deff:cpu_24:0
4.7.0-deff:SKT0_l2miss:68600000
4.7.0-deff:cpu_8:0
4.7.0-deff:TOTAL_ipc:0.952
4.7.0-deff:cpu_10:0
4.7.0-deff:cpu_3:0.196
4.7.0-deff:cpu_25:0
4.7.0-deff:enp130s0f0_rx_packets_phy:169777.8
4.7.0-deff:enp4s0f1_rx_packets_phy:0
4.7.0-deff:cpu_23:0.588
4.7.0-deff:cpu_1:0.196
4.7.0-deff:enp130s0f0_rx_packets:169779
4.7.0-deff:enp4s0f0_tx_packets_phy:0
4.7.0-deff:LLC-load-misses:4028495
4.7.0-deff:SKT1_l3hit:0.814
4.7.0-deff:cpu_total:3.238
4.7.0-deff:TOTAL_l2mpi:0
4.7.0-deff:Write:74.958
4.7.0-deff:SKT1_l2miss:3208600
4.7.0-deff:SKT0_l3hit:0.916
4.7.0-deff:cpu_21:0
4.7.0-deff:SKT0_l3mpi:0
4.7.0-deff:enp4s0f1_tx_packets_phy:0
4.7.0-deff:cpu_18:0
4.7.0-deff:SKT0_l2hit:0.74
4.7.0-deff:enp130s0f0_tx_queue_stopped:0
4.7.0-deff:enp130s0f1_tx_queue_stopped:0
4.7.0-deff:SKT0_l3miss:5877000
4.7.0-deff:enp4s0f0_rx_packets:0
4.7.0-deff:enp4s0f0_tx_packets:0
4.7.0-deff:cpu_15:0
4.7.0-deff:cpu_16:0
4.7.0-deff:Total_tx_bytes_phy:10865707.8
4.7.0-deff:enp4s0f0_tx_bytes:0
4.7.0-deff:enp130s0f0_tx_bytes:10186928.2
4.7.0-deff:cpu_7:0.392
4.7.0-deff:enp4s0f1_rx_bytes_phy:0
4.7.0-deff:cpu_13:0
4.7.0-deff:cpu_2:99.412
4.7.0-deff:SKT0_l2mpi:0
4.7.0-deff:enp130s0f1_rx_bytes:0
4.7.0-deff:Total_rx_bytes:10186764.6
4.7.0-deff:enp4s0f1_tx_queue_stopped:0
4.7.0-deff:enp130s0f1_tx_bytes_phy:0
4.7.0-deff:enp4s0f0_tx_bytes_phy:0
4.7.0-deff:LLC-store-misses:1200107
4.7.0-deff:enp130s0f1_tx_packets:0
4.7.0-deff:enp130s0f1_rx_bytes_phy:0
4.7.0-deff:enp130s0f1_tx_bytes:0
4.7.0-deff:cpu_14:0
4.7.0-deff:enp4s0f0_rx_bytes:0
4.7.0-deff:SKT1_l2hit:0.112
4.7.0-deff:Total_tx_packets:169781.8
4.7.0-deff:Total_tx_bytes:10186928.2
4.7.0-deff:cpu_6:0
4.7.0-deff:enp130s0f0_tx_packets:169781.8
4.7.0-deff:cpu_9:0
4.7.0-strict:cpu_25:0
4.7.0-strict:cpu_3:0.784
4.7.0-strict:cpu_10:0
4.7.0-strict:enp4s0f1_rx_packets_phy:0
4.7.0-strict:cpu_23:0
4.7.0-strict:enp130s0f0_rx_packets_phy:132462
4.7.0-strict:SKT1_l3hit:0.77
4.7.0-strict:cpu_total:3.236
4.7.0-strict:enp130s0f0_rx_packets:132462.2
4.7.0-strict:cpu_1:0.588
4.7.0-strict:LLC-load-misses:5557715
4.7.0-strict:enp4s0f0_tx_packets_phy:0
4.7.0-strict:SKT0_l3hit:0.862
4.7.0-strict:SKT1_l2miss:1958800
4.7.0-strict:TOTAL_l2mpi:0
4.7.0-strict:Write:79.65
4.7.0-strict:cpu_18:0
4.7.0-strict:SKT0_l2hit:0.76
4.7.0-strict:enp130s0f1_tx_queue_stopped:0
4.7.0-strict:enp130s0f0_tx_queue_stopped:0
4.7.0-strict:SKT0_l3mpi:0
4.7.0-strict:cpu_21:0
4.7.0-strict:enp4s0f1_tx_packets_phy:0
4.7.0-strict:enp4s0f0_rx_packets:0
4.7.0-strict:enp4s0f0_tx_packets:0
4.7.0-strict:cpu_15:0
4.7.0-strict:SKT0_l3miss:7060400
4.7.0-strict:enp4s0f0_tx_bytes:0
4.7.0-strict:enp130s0f0_tx_bytes:7948058.2
4.7.0-strict:Total_tx_bytes_phy:8477692
4.7.0-strict:cpu_16:0
4.7.0-strict:cpu_7:0.588
4.7.0-strict:cpu_2:100
4.7.0-strict:cpu_13:0
4.7.0-strict:enp4s0f1_rx_bytes_phy:0
4.7.0-strict:Total_rx_bytes:7947766.4
4.7.0-strict:enp4s0f1_tx_queue_stopped:0
4.7.0-strict:enp130s0f1_rx_bytes:0
4.7.0-strict:SKT0_l2mpi:0
4.7.0-strict:enp4s0f0_tx_bytes_phy:0
4.7.0-strict:enp130s0f1_tx_bytes_phy:0
4.7.0-strict:LLC-store-misses:952456.2
4.7.0-strict:enp130s0f1_tx_bytes:0
4.7.0-strict:enp130s0f1_tx_packets:0
4.7.0-strict:enp130s0f1_rx_bytes_phy:0
4.7.0-strict:enp4s0f0_rx_bytes:0
4.7.0-strict:SKT1_l2hit:0.142
4.7.0-strict:cpu_14:0
4.7.0-strict:enp130s0f0_tx_packets:132467
4.7.0-strict:cpu_9:0.196
4.7.0-strict:Total_tx_packets:132467
4.7.0-strict:cpu_6:0
4.7.0-strict:Total_tx_bytes:7948058.2
4.7.0-strict:cpu_27:0
4.7.0-strict:cpu_5:0
4.7.0-strict:cpu_19:0
4.7.0-strict:enp4s0f0_tx_queue_stopped:0
4.7.0-strict:Total_rx_bytes_phy:8477567.6
4.7.0-strict:TOTAL_l2hit:0.754
4.7.0-strict:Total_tx_packets_phy:132462.8
4.7.0-strict:cycles:16406827523.4
4.7.0-strict:LLC-load:76713208
4.7.0-strict:Total_tx_queue_stopped:0
4.7.0-strict:enp4s0f0_rx_packets_phy:0
4.7.0-strict:LLC-store:15016950
4.7.0-strict:TOTAL_l3mpi:0
4.7.0-strict:SKT1_ipc:0.264
4.7.0-strict:Total_rx_packets_phy:132462
4.7.0-strict:enp4s0f0_rx_bytes_phy:0
4.7.0-strict:enp130s0f0_rx_bytes:7947766.4
4.7.0-strict:212992:212992
4.7.0-strict:enp4s0f1_rx_bytes:0
4.7.0-strict:enp130s0f0_rx_bytes_phy:8477567.6
4.7.0-strict:enp130s0f1_rx_packets:0
4.7.0-strict:TOTAL_l3miss:7505000
4.7.0-strict:enp130s0f1_tx_packets_phy:0
4.7.0-strict:enp4s0f1_tx_bytes:0
4.7.0-strict:cpu_26:0
4.7.0-strict:cache-misses:7470055.6
4.7.0-strict:enp130s0f1_rx_packets_phy:0
4.7.0-strict:cpu_4:0
4.7.0-strict:enp4s0f1_rx_packets:0
4.7.0-strict:enp130s0f0_tx_bytes_phy:8477692
4.7.0-strict:cache-references:154317589
4.7.0-strict:cpu_11:0
4.7.0-strict:Memory:298.832
4.7.0-strict:cpu_17:0
4.7.0-strict:SKT1_l2mpi:0.02
4.7.0-strict:SKT0_ipc:0.762
4.7.0-strict:enp130s0f0_tx_packets_phy:132462.8
4.7.0-strict:cpu_0:0
4.7.0-strict:Read:219.182
4.7.0-strict:SKT1_l3miss:444000
4.7.0-strict:Total_rx_packets:132462.2
4.7.0-strict:enp4s0f1_tx_bytes_phy:0
4.7.0-strict:TOTAL_l3hit:0.86
4.7.0-strict:enp4s0f1_tx_packets:0
4.7.0-strict:TOTAL_l2miss:53000000
4.7.0-strict:instructions:12323046221.8
4.7.0-strict:cpu_20:0
4.7.0-strict:cpu_22:0
4.7.0-strict:cpu_12:0
4.7.0-strict:cpu_24:0
4.7.0-strict:SKT1_l3mpi:0
4.7.0-strict:SKT0_l2miss:51000000
4.7.0-strict:cpu_8:0
4.7.0-strict:TOTAL_ipc:0.748
4.7.0-unsafe:SKT1_ipc:0.686
4.7.0-unsafe:TOTAL_l3mpi:0
4.7.0-unsafe:enp4s0f0_rx_bytes_phy:0
4.7.0-unsafe:Total_rx_packets_phy:194036.6
4.7.0-unsafe:Total_tx_queue_stopped:0
4.7.0-unsafe:enp4s0f0_rx_packets_phy:0
4.7.0-unsafe:LLC-store:18435586.6
4.7.0-unsafe:enp4s0f0_tx_queue_stopped:0
4.7.0-unsafe:Total_rx_bytes_phy:12418372.4
4.7.0-unsafe:Total_tx_packets_phy:194035.8
4.7.0-unsafe:TOTAL_l2hit:0.776
4.7.0-unsafe:cycles:16415101244.2
4.7.0-unsafe:LLC-load:98215957.8
4.7.0-unsafe:cpu_27:1.176
4.7.0-unsafe:cpu_5:0.196
4.7.0-unsafe:cpu_19:0
4.7.0-unsafe:enp130s0f1_rx_packets_phy:0
4.7.0-unsafe:cpu_4:0
4.7.0-unsafe:enp4s0f1_rx_packets:0
4.7.0-unsafe:TOTAL_l3miss:7567200
4.7.0-unsafe:enp130s0f1_tx_packets_phy:0
4.7.0-unsafe:enp4s0f1_tx_bytes:0
4.7.0-unsafe:cpu_26:0
4.7.0-unsafe:cache-misses:7220707.6
4.7.0-unsafe:enp4s0f1_rx_bytes:0
4.7.0-unsafe:212992:212992
4.7.0-unsafe:enp130s0f0_rx_bytes_phy:12418372.4
4.7.0-unsafe:enp130s0f1_rx_packets:0
4.7.0-unsafe:enp130s0f0_rx_bytes:11642680
4.7.0-unsafe:cpu_0:0
4.7.0-unsafe:SKT1_l3miss:973400
4.7.0-unsafe:enp4s0f1_tx_bytes_phy:0
4.7.0-unsafe:Read:173.234
4.7.0-unsafe:Total_rx_packets:194044.4
4.7.0-unsafe:TOTAL_l2miss:69600000
4.7.0-unsafe:TOTAL_l3hit:0.892
4.7.0-unsafe:enp4s0f1_tx_packets:0
4.7.0-unsafe:SKT1_l2mpi:0.016
4.7.0-unsafe:SKT0_ipc:0.914
4.7.0-unsafe:enp130s0f0_tx_packets_phy:194035.8
4.7.0-unsafe:Memory:276.188
4.7.0-unsafe:cpu_17:0
4.7.0-unsafe:enp130s0f0_tx_bytes_phy:12418397.4
4.7.0-unsafe:cache-references:188388583.4
4.7.0-unsafe:cpu_11:0
4.7.0-unsafe:cpu_8:0
4.7.0-unsafe:SKT1_l3mpi:0
4.7.0-unsafe:SKT0_l2miss:63200000
4.7.0-unsafe:cpu_24:0
4.7.0-unsafe:TOTAL_ipc:1.002
4.7.0-unsafe:cpu_22:0
4.7.0-unsafe:cpu_12:0
4.7.0-unsafe:cpu_20:0
4.7.0-unsafe:instructions:14752162067.2
4.7.0-unsafe:SKT0_l3hit:0.898
4.7.0-unsafe:SKT1_l2miss:6185400
4.7.0-unsafe:TOTAL_l2mpi:0
4.7.0-unsafe:Write:102.952
4.7.0-unsafe:SKT1_l3hit:0.832
4.7.0-unsafe:cpu_total:3.258
4.7.0-unsafe:enp130s0f0_rx_packets:194044.4
4.7.0-unsafe:cpu_1:0.196
4.7.0-unsafe:LLC-load-misses:4597786.8
4.7.0-unsafe:enp4s0f0_tx_packets_phy:0
4.7.0-unsafe:enp4s0f1_rx_packets_phy:0
4.7.0-unsafe:cpu_23:0
4.7.0-unsafe:enp130s0f0_rx_packets_phy:194036.6
4.7.0-unsafe:cpu_3:0
4.7.0-unsafe:cpu_25:0
4.7.0-unsafe:cpu_10:0
4.7.0-unsafe:enp4s0f0_tx_bytes:0
4.7.0-unsafe:enp130s0f0_tx_bytes:11642609.8
4.7.0-unsafe:Total_tx_bytes_phy:12418397.4
4.7.0-unsafe:cpu_16:0
4.7.0-unsafe:enp4s0f0_rx_packets:0
4.7.0-unsafe:cpu_15:0
4.7.0-unsafe:enp4s0f0_tx_packets:0
4.7.0-unsafe:SKT0_l3miss:6593000
4.7.0-unsafe:SKT0_l2hit:0.764
4.7.0-unsafe:cpu_18:0
4.7.0-unsafe:enp130s0f0_tx_queue_stopped:0
4.7.0-unsafe:enp130s0f1_tx_queue_stopped:0
4.7.0-unsafe:SKT0_l3mpi:0
4.7.0-unsafe:cpu_21:0
4.7.0-unsafe:enp4s0f1_tx_packets_phy:0
4.7.0-unsafe:Total_rx_bytes:11642680
4.7.0-unsafe:enp4s0f1_tx_queue_stopped:0
4.7.0-unsafe:SKT0_l2mpi:0
4.7.0-unsafe:enp130s0f1_rx_bytes:0
4.7.0-unsafe:cpu_2:99.412
4.7.0-unsafe:cpu_13:0
4.7.0-unsafe:enp4s0f1_rx_bytes_phy:0
4.7.0-unsafe:cpu_7:0.196
4.7.0-unsafe:cpu_9:0
4.7.0-unsafe:enp130s0f0_tx_packets:194043.2
4.7.0-unsafe:Total_tx_packets:194043.2
4.7.0-unsafe:cpu_6:0
4.7.0-unsafe:Total_tx_bytes:11642609.8
4.7.0-unsafe:SKT1_l2hit:0.274
4.7.0-unsafe:enp4s0f0_rx_bytes:0
4.7.0-unsafe:cpu_14:0
4.7.0-unsafe:LLC-store-misses:1364689
4.7.0-unsafe:enp130s0f1_tx_packets:0
4.7.0-unsafe:enp130s0f1_tx_bytes:0
4.7.0-unsafe:enp130s0f1_rx_bytes_phy:0
4.7.0-unsafe:enp4s0f0_tx_bytes_phy:0
4.7.0-unsafe:enp130s0f1_tx_bytes_phy:0
