4.7.0-copy-plus-hp-strict:cpu_24:41.35
4.7.0-copy-plus-hp-strict:SKT0_l3miss:606000000
4.7.0-copy-plus-hp-strict:cpu_5:29.81
4.7.0-copy-plus-hp-strict:enp130s0f1_rx_bytes_phy:4996145093
4.7.0-copy-plus-hp-strict:enp130s0f0_tx_queue_stopped:0
4.7.0-copy-plus-hp-strict:LLC-load:1965949083
4.7.0-copy-plus-hp-strict:enp130s0f1_tx_queue_stopped:0
4.7.0-copy-plus-hp-strict:enp130s0f1_tx_packets:181670
4.7.0-copy-plus-hp-strict:Total_tx_bytes:32508048
4.7.0-copy-plus-hp-strict:enp130s0f1_tx_packets_phy:181644
4.7.0-copy-plus-hp-strict:enp130s0f1_rx_packets_phy:554022
4.7.0-copy-plus-hp-strict:cpu_8:47.12
4.7.0-copy-plus-hp-strict:enp130s0f0_rx_bytes_phy:0
4.7.0-copy-plus-hp-strict:Total_tx_packets:479582
4.7.0-copy-plus-hp-strict:SKT1_l3miss:747000000
4.7.0-copy-plus-hp-strict:cpu_3:25
4.7.0-copy-plus-hp-strict:TOTAL_l3hit:0.38
4.7.0-copy-plus-hp-strict:cache-misses:1333090598
4.7.0-copy-plus-hp-strict:cpu_10:34.62
4.7.0-copy-plus-hp-strict:SKT1_l2miss:1028000000
4.7.0-copy-plus-hp-strict:SKT1_l2hit:0.37
4.7.0-copy-plus-hp-strict:enp130s0f1_tx_bytes:12344066
4.7.0-copy-plus-hp-strict:LLC-store-misses:125001343
4.7.0-copy-plus-hp-strict:Total_rx_packets:1130079
4.7.0-copy-plus-hp-strict:enp4s0f1_tx_queue_stopped:0
4.7.0-copy-plus-hp-strict:SKT0_l2hit:0.47
4.7.0-copy-plus-hp-strict:cpu_15:43.27
4.7.0-copy-plus-hp-strict:LLC-store:2838898336
4.7.0-copy-plus-hp-strict:SKT1_l3mpi:0.04
4.7.0-copy-plus-hp-strict:16384:87380
4.7.0-copy-plus-hp-strict:Write:36956.45
4.7.0-copy-plus-hp-strict:enp4s0f0_rx_packets:0
4.7.0-copy-plus-hp-strict:cache-references:7874138817
4.7.0-copy-plus-hp-strict:LLC-load-misses:625717352
4.7.0-copy-plus-hp-strict:enp4s0f1_tx_bytes:20163982
4.7.0-copy-plus-hp-strict:cpu_19:26.92
4.7.0-copy-plus-hp-strict:enp4s0f0_tx_packets:0
4.7.0-copy-plus-hp-strict:cpu_14:51.92
4.7.0-copy-plus-hp-strict:enp4s0f1_tx_packets_phy:302910
4.7.0-copy-plus-hp-strict:Total_tx_queue_stopped:0
4.7.0-copy-plus-hp-strict:Total_tx_packets_phy:484554
4.7.0-copy-plus-hp-strict:SKT1_l3hit:0.27
4.7.0-copy-plus-hp-strict:enp130s0f0_rx_packets:0
4.7.0-copy-plus-hp-strict:Total_rx_packets_phy:1936287
4.7.0-copy-plus-hp-strict:cpu_21:39.42
4.7.0-copy-plus-hp-strict:TOTAL_l3mpi:0.03
4.7.0-copy-plus-hp-strict:SKT0_l3hit:0.48
4.7.0-copy-plus-hp-strict:cpu_1:40.38
4.7.0-copy-plus-hp-strict:enp4s0f1_rx_packets:689401
4.7.0-copy-plus-hp-strict:enp4s0f1_rx_bytes_phy:12465259288
4.7.0-copy-plus-hp-strict:enp4s0f1_tx_packets:297912
4.7.0-copy-plus-hp-strict:cpu_17:30.77
4.7.0-copy-plus-hp-strict:cpu_27:22.12
4.7.0-copy-plus-hp-strict:cpu_11:37.5
4.7.0-copy-plus-hp-strict:SKT0_l2miss:1163000000
4.7.0-copy-plus-hp-strict:enp130s0f0_tx_packets_phy:0
4.7.0-copy-plus-hp-strict:enp4s0f0_tx_bytes:0
4.7.0-copy-plus-hp-strict:SKT0_l3mpi:0.02
4.7.0-copy-plus-hp-strict:enp130s0f0_rx_bytes:0
4.7.0-copy-plus-hp-strict:cpu_0:15.38
4.7.0-copy-plus-hp-strict:enp4s0f0_tx_packets_phy:0
4.7.0-copy-plus-hp-strict:Read:20552.79
4.7.0-copy-plus-hp-strict:cpu_total:44.57
4.7.0-copy-plus-hp-strict:enp4s0f0_rx_bytes_phy:0
4.7.0-copy-plus-hp-strict:enp4s0f1_rx_packets_phy:1382265
4.7.0-copy-plus-hp-strict:cpu_23:21.15
4.7.0-copy-plus-hp-strict:TOTAL_l2miss:2191000000
4.7.0-copy-plus-hp-strict:Total_rx_bytes:17401108709
4.7.0-copy-plus-hp-strict:cycles:161877346623
4.7.0-copy-plus-hp-strict:enp4s0f0_tx_queue_stopped:0
4.7.0-copy-plus-hp-strict:enp4s0f1_tx_bytes_phy:21675709
4.7.0-copy-plus-hp-strict:enp4s0f0_rx_packets_phy:0
4.7.0-copy-plus-hp-strict:cpu_4:52.88
4.7.0-copy-plus-hp-strict:enp130s0f0_tx_bytes:0
4.7.0-copy-plus-hp-strict:instructions:44923791091
4.7.0-copy-plus-hp-strict:cpu_7:63.46
4.7.0-copy-plus-hp-strict:enp130s0f1_rx_bytes:4987218449
4.7.0-copy-plus-hp-strict:cpu_12:73.08
4.7.0-copy-plus-hp-strict:TOTAL_ipc:0.28
4.7.0-copy-plus-hp-strict:Total_tx_bytes_phy:34744614
4.7.0-copy-plus-hp-strict:TOTAL_l2hit:0.43
4.7.0-copy-plus-hp-strict:enp130s0f1_tx_bytes_phy:13068905
4.7.0-copy-plus-hp-strict:enp130s0f0_rx_packets_phy:0
4.7.0-copy-plus-hp-strict:enp4s0f0_rx_bytes:0
4.7.0-copy-plus-hp-strict:cpu_25:37.5
4.7.0-copy-plus-hp-strict:TOTAL_l3miss:1353000000
4.7.0-copy-plus-hp-strict:enp4s0f0_tx_bytes_phy:0
4.7.0-copy-plus-hp-strict:cpu_16:50
4.7.0-copy-plus-hp-strict:cpu_20:74.04
4.7.0-copy-plus-hp-strict:SKT0_ipc:0.26
4.7.0-copy-plus-hp-strict:cpu_2:50
4.7.0-copy-plus-hp-strict:cpu_22:87.5
4.7.0-copy-plus-hp-strict:cpu_18:77.88
4.7.0-copy-plus-hp-strict:enp130s0f1_rx_packets:440678
4.7.0-copy-plus-hp-strict:SKT1_ipc:0.3
4.7.0-copy-plus-hp-strict:cpu_13:41.35
4.7.0-copy-plus-hp-strict:SKT1_l2mpi:0.05
4.7.0-copy-plus-hp-strict:enp130s0f0_tx_bytes_phy:0
4.7.0-copy-plus-hp-strict:Memory:57509.23
4.7.0-copy-plus-hp-strict:cpu_6:63.46
4.7.0-copy-plus-hp-strict:enp4s0f1_rx_bytes:12413890260
4.7.0-copy-plus-hp-strict:enp130s0f0_tx_packets:0
4.7.0-copy-plus-hp-strict:Total_rx_bytes_phy:17461404381
4.7.0-copy-plus-hp-strict:cpu_26:29.81
4.7.0-copy-plus-hp-strict:SKT0_l2mpi:0.05
4.7.0-copy-plus-hp-strict:TOTAL_l2mpi:0.05
4.7.0-copy-plus-hp-strict:cpu_9:36.54
4.7.0-damn-strict:enp130s0f0_rx_packets_phy:0
4.7.0-damn-strict:enp4s0f0_rx_bytes:0
4.7.0-damn-strict:SKT0_ipc:0.47
4.7.0-damn-strict:cpu_25:19.42
4.7.0-damn-strict:TOTAL_l3miss:1013000000
4.7.0-damn-strict:enp4s0f0_tx_bytes_phy:0
4.7.0-damn-strict:cpu_16:34.95
4.7.0-damn-strict:cpu_20:28.16
4.7.0-damn-strict:enp130s0f1_rx_packets:527416
4.7.0-damn-strict:cpu_13:48.54
4.7.0-damn-strict:SKT1_ipc:0.44
4.7.0-damn-strict:cpu_22:25.24
4.7.0-damn-strict:cpu_2:26.21
4.7.0-damn-strict:cpu_18:29.13
4.7.0-damn-strict:Memory:33905.43
4.7.0-damn-strict:cpu_6:35.92
4.7.0-damn-strict:Total_rx_bytes_phy:17471420324
4.7.0-damn-strict:enp4s0f1_rx_bytes:12423590511
4.7.0-damn-strict:enp130s0f0_tx_packets:0
4.7.0-damn-strict:cpu_26:33.01
4.7.0-damn-strict:TOTAL_l2mpi:0.03
4.7.0-damn-strict:cpu_9:30.1
4.7.0-damn-strict:SKT0_l2mpi:0.02
4.7.0-damn-strict:SKT1_l2mpi:0.03
4.7.0-damn-strict:enp130s0f0_tx_bytes_phy:0
4.7.0-damn-strict:enp130s0f0_tx_packets_phy:0
4.7.0-damn-strict:enp4s0f0_tx_bytes:0
4.7.0-damn-strict:SKT0_l3mpi:0.01
4.7.0-damn-strict:cpu_27:37.86
4.7.0-damn-strict:cpu_11:24.27
4.7.0-damn-strict:SKT0_l2miss:673000000
4.7.0-damn-strict:enp4s0f0_tx_packets_phy:0
4.7.0-damn-strict:cpu_total:30.76
4.7.0-damn-strict:Read:15825.06
4.7.0-damn-strict:enp130s0f0_rx_bytes:0
4.7.0-damn-strict:cpu_0:20.39
4.7.0-damn-strict:TOTAL_l2miss:1561000000
4.7.0-damn-strict:cycles:118002241178
4.7.0-damn-strict:Total_rx_bytes:17410531179
4.7.0-damn-strict:enp4s0f0_tx_queue_stopped:0
4.7.0-damn-strict:enp4s0f0_rx_packets_phy:0
4.7.0-damn-strict:enp4s0f1_tx_bytes_phy:25498256
4.7.0-damn-strict:enp4s0f0_rx_bytes_phy:0
4.7.0-damn-strict:enp4s0f1_rx_packets_phy:1383851
4.7.0-damn-strict:cpu_23:32.04
4.7.0-damn-strict:Total_tx_bytes_phy:41334902
4.7.0-damn-strict:TOTAL_l2hit:0.43
4.7.0-damn-strict:enp130s0f1_tx_bytes_phy:15836646
4.7.0-damn-strict:cpu_4:41.75
4.7.0-damn-strict:enp130s0f0_tx_bytes:0
4.7.0-damn-strict:cpu_7:31.07
4.7.0-damn-strict:instructions:54136443479
4.7.0-damn-strict:enp130s0f1_rx_bytes:4986940668
4.7.0-damn-strict:TOTAL_ipc:0.45
4.7.0-damn-strict:cpu_12:26.21
4.7.0-damn-strict:enp4s0f0_rx_packets:0
4.7.0-damn-strict:cache-references:4588095544
4.7.0-damn-strict:LLC-load-misses:586874626
4.7.0-damn-strict:cpu_15:28.16
4.7.0-damn-strict:LLC-store:1446590034
4.7.0-damn-strict:SKT1_l3mpi:0.02
4.7.0-damn-strict:16384:87380
4.7.0-damn-strict:Write:18080.37
4.7.0-damn-strict:enp4s0f1_tx_packets_phy:364260
4.7.0-damn-strict:enp4s0f1_tx_bytes:24038848
4.7.0-damn-strict:cpu_19:38.83
4.7.0-damn-strict:enp4s0f0_tx_packets:0
4.7.0-damn-strict:cpu_14:27.18
4.7.0-damn-strict:TOTAL_l3mpi:0.02
4.7.0-damn-strict:cpu_21:33.98
4.7.0-damn-strict:Total_tx_queue_stopped:0
4.7.0-damn-strict:Total_tx_packets_phy:590498
4.7.0-damn-strict:SKT1_l3hit:0.29
4.7.0-damn-strict:enp130s0f0_rx_packets:0
4.7.0-damn-strict:Total_rx_packets_phy:1937392
4.7.0-damn-strict:enp4s0f1_rx_bytes_phy:12479580338
4.7.0-damn-strict:cpu_17:30.1
4.7.0-damn-strict:enp4s0f1_tx_packets:364224
4.7.0-damn-strict:SKT0_l3hit:0.43
4.7.0-damn-strict:cpu_1:23.3
4.7.0-damn-strict:enp4s0f1_rx_packets:635672
4.7.0-damn-strict:enp130s0f1_tx_queue_stopped:0
4.7.0-damn-strict:Total_tx_bytes:38968755
4.7.0-damn-strict:enp130s0f1_tx_packets:226210
4.7.0-damn-strict:enp130s0f1_tx_packets_phy:226238
4.7.0-damn-strict:SKT0_l3miss:382000000
4.7.0-damn-strict:cpu_24:26.21
4.7.0-damn-strict:cpu_5:23.3
4.7.0-damn-strict:enp130s0f1_rx_bytes_phy:4991839986
4.7.0-damn-strict:enp130s0f0_tx_queue_stopped:0
4.7.0-damn-strict:LLC-load:1294216149
4.7.0-damn-strict:enp130s0f0_rx_bytes_phy:0
4.7.0-damn-strict:Total_tx_packets:590434
4.7.0-damn-strict:SKT1_l3miss:630000000
4.7.0-damn-strict:cpu_3:48.54
4.7.0-damn-strict:enp130s0f1_rx_packets_phy:553541
4.7.0-damn-strict:cpu_8:31.07
4.7.0-damn-strict:cpu_10:28.16
4.7.0-damn-strict:SKT1_l2miss:887000000
4.7.0-damn-strict:TOTAL_l3hit:0.35
4.7.0-damn-strict:cache-misses:1023960712
4.7.0-damn-strict:SKT0_l2hit:0.49
4.7.0-damn-strict:enp130s0f1_tx_bytes:14929907
4.7.0-damn-strict:SKT1_l2hit:0.38
4.7.0-damn-strict:LLC-store-misses:52417322
4.7.0-damn-strict:enp4s0f1_tx_queue_stopped:0
4.7.0-damn-strict:Total_rx_packets:1163088
4.7.0-unsafe:cpu_27:19.42
4.7.0-unsafe:cpu_11:23.3
4.7.0-unsafe:SKT0_l2miss:528000000
4.7.0-unsafe:enp130s0f0_tx_packets_phy:0
4.7.0-unsafe:enp4s0f0_tx_bytes:0
4.7.0-unsafe:SKT0_l3mpi:0.01
4.7.0-unsafe:enp130s0f0_rx_bytes:0
4.7.0-unsafe:cpu_0:21.36
4.7.0-unsafe:enp4s0f0_tx_packets_phy:0
4.7.0-unsafe:cpu_total:24.2
4.7.0-unsafe:Read:13427.67
4.7.0-unsafe:enp4s0f1_rx_packets_phy:1383164
4.7.0-unsafe:enp4s0f0_rx_bytes_phy:0
4.7.0-unsafe:cpu_23:16.5
4.7.0-unsafe:TOTAL_l2miss:1227000000
4.7.0-unsafe:enp4s0f0_tx_queue_stopped:0
4.7.0-unsafe:cycles:94966501561
4.7.0-unsafe:Total_rx_bytes:17393014300
4.7.0-unsafe:enp4s0f1_tx_bytes_phy:21668039
4.7.0-unsafe:enp4s0f0_rx_packets_phy:0
4.7.0-unsafe:cpu_4:32.04
4.7.0-unsafe:enp130s0f0_tx_bytes:0
4.7.0-unsafe:cpu_7:19.42
4.7.0-unsafe:instructions:41758273181
4.7.0-unsafe:enp130s0f1_rx_bytes:4979967743
4.7.0-unsafe:TOTAL_ipc:0.43
4.7.0-unsafe:cpu_12:17.48
4.7.0-unsafe:Total_tx_bytes_phy:34914532
4.7.0-unsafe:TOTAL_l2hit:0.38
4.7.0-unsafe:enp130s0f1_tx_bytes_phy:13246493
4.7.0-unsafe:enp130s0f0_rx_packets_phy:0
4.7.0-unsafe:enp4s0f0_rx_bytes:0
4.7.0-unsafe:cpu_25:23.3
4.7.0-unsafe:TOTAL_l3miss:907000000
4.7.0-unsafe:enp4s0f0_tx_bytes_phy:0
4.7.0-unsafe:cpu_20:29.13
4.7.0-unsafe:cpu_16:24.27
4.7.0-unsafe:SKT0_ipc:0.45
4.7.0-unsafe:cpu_22:26.21
4.7.0-unsafe:cpu_2:20.39
4.7.0-unsafe:cpu_18:27.18
4.7.0-unsafe:enp130s0f1_rx_packets:444357
4.7.0-unsafe:SKT1_ipc:0.41
4.7.0-unsafe:cpu_13:23.3
4.7.0-unsafe:SKT1_l2mpi:0.04
4.7.0-unsafe:enp130s0f0_tx_bytes_phy:0
4.7.0-unsafe:Memory:31459.82
4.7.0-unsafe:cpu_6:27.18
4.7.0-unsafe:Total_rx_bytes_phy:17463128977
4.7.0-unsafe:enp130s0f0_tx_packets:0
4.7.0-unsafe:enp4s0f1_rx_bytes:12413046557
4.7.0-unsafe:cpu_26:18.45
4.7.0-unsafe:TOTAL_l2mpi:0.03
4.7.0-unsafe:cpu_9:26.21
4.7.0-unsafe:SKT0_l2mpi:0.02
4.7.0-unsafe:cpu_24:20.39
4.7.0-unsafe:SKT0_l3miss:344000000
4.7.0-unsafe:enp130s0f1_rx_bytes_phy:4989744671
4.7.0-unsafe:cpu_5:22.33
4.7.0-unsafe:enp130s0f0_tx_queue_stopped:0
4.7.0-unsafe:LLC-load:1180860204
4.7.0-unsafe:enp130s0f1_tx_queue_stopped:0
4.7.0-unsafe:enp130s0f1_tx_packets:185386
4.7.0-unsafe:Total_tx_bytes:32956064
4.7.0-unsafe:enp130s0f1_tx_packets_phy:185381
4.7.0-unsafe:enp130s0f1_rx_packets_phy:553308
4.7.0-unsafe:cpu_8:32.04
4.7.0-unsafe:enp130s0f0_rx_bytes_phy:0
4.7.0-unsafe:cpu_3:26.21
4.7.0-unsafe:SKT1_l3miss:563000000
4.7.0-unsafe:Total_tx_packets:490155
4.7.0-unsafe:TOTAL_l3hit:0.26
4.7.0-unsafe:cache-misses:861406424
4.7.0-unsafe:cpu_10:20.39
4.7.0-unsafe:SKT1_l2miss:698000000
4.7.0-unsafe:SKT1_l2hit:0.33
4.7.0-unsafe:enp130s0f1_tx_bytes:12505363
4.7.0-unsafe:enp4s0f1_tx_queue_stopped:0
4.7.0-unsafe:LLC-store-misses:39239689
4.7.0-unsafe:Total_rx_packets:993988
4.7.0-unsafe:SKT0_l2hit:0.44
4.7.0-unsafe:cpu_15:27.18
4.7.0-unsafe:LLC-store:1417842289
4.7.0-unsafe:SKT1_l3mpi:0.03
4.7.0-unsafe:Write:18032.15
4.7.0-unsafe:16384:87380
4.7.0-unsafe:enp4s0f0_rx_packets:0
4.7.0-unsafe:LLC-load-misses:531965466
4.7.0-unsafe:cache-references:4280958202
4.7.0-unsafe:enp4s0f1_tx_bytes:20450701
4.7.0-unsafe:cpu_19:25.24
4.7.0-unsafe:enp4s0f0_tx_packets:0
4.7.0-unsafe:cpu_14:31.07
4.7.0-unsafe:enp4s0f1_tx_packets_phy:304744
4.7.0-unsafe:Total_tx_queue_stopped:0
4.7.0-unsafe:SKT1_l3hit:0.19
4.7.0-unsafe:enp130s0f0_rx_packets:0
4.7.0-unsafe:Total_tx_packets_phy:490125
4.7.0-unsafe:Total_rx_packets_phy:1936472
4.7.0-unsafe:cpu_21:32.04
4.7.0-unsafe:TOTAL_l3mpi:0.02
4.7.0-unsafe:SKT0_l3hit:0.35
4.7.0-unsafe:cpu_1:19.42
4.7.0-unsafe:enp4s0f1_rx_packets:549631
4.7.0-unsafe:enp4s0f1_rx_bytes_phy:12473384306
4.7.0-unsafe:enp4s0f1_tx_packets:304769
4.7.0-unsafe:cpu_17:22.33
