4.7.0-damn-strict:enp4s0f1_tx_packets:0
4.7.0-damn-strict:enp130s0f0_rx_bytes:9853802.33333333
4.7.0-damn-strict:cpu_5:25.49
4.7.0-damn-strict:enp130s0f1_rx_bytes_phy:6995913.66666667
4.7.0-damn-strict:cpu_14:19.2833333333333
4.7.0-damn-strict:cpu_4:20.9166666666667
4.7.0-damn-strict:SKT0_l2hit:0.263333333333333
4.7.0-damn-strict:enp4s0f1_rx_packets_phy:0
4.7.0-damn-strict:instructions:17062574212.6667
4.7.0-damn-strict:TOTAL_l3miss:758333333.333333
4.7.0-damn-strict:SKT0_l2miss:445333333.333333
4.7.0-damn-strict:SKT0_l2mpi:0.0566666666666667
4.7.0-damn-strict:SKT1_l2mpi:0.0533333333333333
4.7.0-damn-strict:Write:11930.9033333333
4.7.0-damn-strict:cpu_19:11.7633333333333
4.7.0-damn-strict:SKT0_l3miss:378333333.333333
4.7.0-damn-strict:cpu_25:9.8
4.7.0-damn-strict:enp4s0f0_tx_bytes_phy:0
4.7.0-damn-strict:cpu_27:20.2633333333333
4.7.0-damn-strict:SKT1_l3miss:379666666.666667
4.7.0-damn-strict:cpu_18:11.1133333333333
4.7.0-damn-strict:cpu_16:16.67
4.7.0-damn-strict:TOTAL_l2miss:899333333.333333
4.7.0-damn-strict:Total_rx_bytes_phy:17447692.6666667
4.7.0-damn-strict:16384:87380
4.7.0-damn-strict:cpu_12:15.3633333333333
4.7.0-damn-strict:LLC-load-misses:245545518
4.7.0-damn-strict:enp4s0f1_tx_packets_phy:0
4.7.0-damn-strict:SKT0_l3hit:0.153333333333333
4.7.0-damn-strict:cpu_9:16.0133333333333
4.7.0-damn-strict:Total_tx_bytes_phy:11510949105.6667
4.7.0-damn-strict:cpu_1:27.1233333333333
4.7.0-damn-strict:cpu_2:32.35
4.7.0-damn-strict:TOTAL_l2hit:0.263333333333333
4.7.0-damn-strict:Total_rx_packets:249241
4.7.0-damn-strict:cpu_17:14.3833333333333
4.7.0-damn-strict:SKT0_l3mpi:0.0466666666666667
4.7.0-damn-strict:enp130s0f0_rx_packets:149299.333333333
4.7.0-damn-strict:enp4s0f0_rx_packets:0
4.7.0-damn-strict:Total_rx_bytes:16449971
4.7.0-damn-strict:cpu_total:18.0566666666667
4.7.0-damn-strict:cpu_6:19.9366666666667
4.7.0-damn-strict:SKT1_l2hit:0.266666666666667
4.7.0-damn-strict:enp130s0f1_rx_packets:99941.6666666667
4.7.0-damn-strict:enp4s0f1_rx_bytes:0
4.7.0-damn-strict:LLC-store:950823863
4.7.0-damn-strict:cpu_20:13.3966666666667
4.7.0-damn-strict:cpu_22:13.4
4.7.0-damn-strict:TOTAL_l3mpi:0.0466666666666667
4.7.0-damn-strict:cpu_15:15.69
4.7.0-damn-strict:enp4s0f0_tx_packets:0
4.7.0-damn-strict:cycles:65767868368
4.7.0-damn-strict:Total_tx_bytes:11505301787.6667
4.7.0-damn-strict:Total_tx_packets_phy:1276439
4.7.0-damn-strict:TOTAL_l2mpi:0.05
4.7.0-damn-strict:enp4s0f1_rx_packets:0
4.7.0-damn-strict:cpu_3:21.57
4.7.0-damn-strict:TOTAL_l3hit:0.156666666666667
4.7.0-damn-strict:cache-references:2588203675.66667
4.7.0-damn-strict:enp130s0f0_tx_packets_phy:753864.666666667
4.7.0-damn-strict:SKT1_l3mpi:0.0433333333333333
4.7.0-damn-strict:enp4s0f0_rx_packets_phy:0
4.7.0-damn-strict:enp130s0f1_tx_packets_phy:522574.333333333
4.7.0-damn-strict:enp4s0f0_tx_packets_phy:0
4.7.0-damn-strict:enp4s0f1_tx_bytes_phy:0
4.7.0-damn-strict:Total_tx_packets:182339
4.7.0-damn-strict:enp4s0f1_rx_bytes_phy:0
4.7.0-damn-strict:enp130s0f1_rx_packets_phy:99941.6666666667
4.7.0-damn-strict:cpu_0:32.0266666666667
4.7.0-damn-strict:enp4s0f0_rx_bytes_phy:0
4.7.0-damn-strict:cpu_23:11.4366666666667
4.7.0-damn-strict:Total_rx_packets_phy:249252.666666667
4.7.0-damn-strict:LLC-store-misses:143233563.333333
4.7.0-damn-strict:Memory:36575.51
4.7.0-damn-strict:cpu_24:13.7266666666667
4.7.0-damn-strict:enp130s0f0_rx_packets_phy:149311
4.7.0-damn-strict:enp130s0f0_tx_bytes:6795000819
4.7.0-damn-strict:enp130s0f1_tx_bytes:4710300968.66667
4.7.0-damn-strict:Read:24644.6033333333
4.7.0-damn-strict:SKT1_l3hit:0.163333333333333
4.7.0-damn-strict:SKT1_ipc:0.266666666666667
4.7.0-damn-strict:cpu_13:17.32
4.7.0-damn-strict:cpu_21:13.0733333333333
4.7.0-damn-strict:enp4s0f0_rx_bytes:0
4.7.0-damn-strict:cpu_8:18.6266666666667
4.7.0-damn-strict:enp130s0f0_tx_packets:107689
4.7.0-damn-strict:TOTAL_ipc:0.26
4.7.0-damn-strict:enp4s0f0_tx_bytes:0
4.7.0-damn-strict:enp130s0f1_tx_packets:74650
4.7.0-damn-strict:cpu_7:22.2233333333333
4.7.0-damn-strict:enp130s0f0_rx_bytes_phy:10451779
4.7.0-damn-strict:enp130s0f0_tx_bytes_phy:6798367401.33333
4.7.0-damn-strict:cpu_10:23.53
4.7.0-damn-strict:cpu_26:13.0733333333333
4.7.0-damn-strict:cache-misses:766138076.666667
4.7.0-damn-strict:SKT1_l2miss:453333333.333333
4.7.0-damn-strict:cpu_11:16.34
4.7.0-damn-strict:enp4s0f1_tx_bytes:0
4.7.0-damn-strict:SKT0_ipc:0.253333333333333
4.7.0-damn-strict:enp130s0f1_tx_bytes_phy:4712581704.33333
4.7.0-damn-strict:enp130s0f1_rx_bytes:6596168.66666667
4.7.0-damn-strict:LLC-load:583335405.333333
4.7.0-unsafe:enp130s0f0_rx_bytes:10244720.6666667
4.7.0-unsafe:enp4s0f1_tx_packets:0
4.7.0-unsafe:enp130s0f1_rx_bytes_phy:6877184
4.7.0-unsafe:cpu_14:20.9166666666667
4.7.0-unsafe:cpu_5:26.7966666666667
4.7.0-unsafe:SKT0_l2hit:0.23
4.7.0-unsafe:instructions:19538631176.6667
4.7.0-unsafe:enp4s0f1_rx_packets_phy:0
4.7.0-unsafe:cpu_4:24.8366666666667
4.7.0-unsafe:TOTAL_l3miss:925000000
4.7.0-unsafe:SKT0_l2mpi:0.0633333333333333
4.7.0-unsafe:SKT0_l2miss:534666666.666667
4.7.0-unsafe:SKT1_l2mpi:0.0466666666666667
4.7.0-unsafe:Write:12588.4333333333
4.7.0-unsafe:cpu_19:12.42
4.7.0-unsafe:SKT0_l3miss:464000000
4.7.0-unsafe:enp4s0f0_tx_bytes_phy:0
4.7.0-unsafe:cpu_25:15.3566666666667
4.7.0-unsafe:cpu_27:14.38
4.7.0-unsafe:SKT1_l3miss:460000000
4.7.0-unsafe:cpu_18:13.3966666666667
4.7.0-unsafe:cpu_16:17.32
4.7.0-unsafe:cpu_12:18.6266666666667
4.7.0-unsafe:enp4s0f1_tx_packets_phy:0
4.7.0-unsafe:LLC-load-misses:304958361.666667
4.7.0-unsafe:TOTAL_l2miss:1082000000
4.7.0-unsafe:Total_rx_bytes_phy:17741266
4.7.0-unsafe:16384:87380
4.7.0-unsafe:cpu_1:29.41
4.7.0-unsafe:cpu_9:21.8933333333333
4.7.0-unsafe:SKT0_l3hit:0.13
4.7.0-unsafe:Total_tx_bytes_phy:11917188427.6667
4.7.0-unsafe:cpu_2:27.45
4.7.0-unsafe:Total_rx_packets:253484.333333333
4.7.0-unsafe:TOTAL_l2hit:0.24
4.7.0-unsafe:Total_rx_bytes:16730022.6666667
4.7.0-unsafe:cpu_total:19.3166666666667
4.7.0-unsafe:cpu_6:22.8766666666667
4.7.0-unsafe:cpu_17:19.61
4.7.0-unsafe:SKT0_l3mpi:0.0566666666666667
4.7.0-unsafe:enp4s0f0_rx_packets:0
4.7.0-unsafe:enp130s0f0_rx_packets:155222.666666667
4.7.0-unsafe:enp4s0f1_rx_bytes:0
4.7.0-unsafe:enp130s0f1_rx_packets:98261.6666666667
4.7.0-unsafe:SKT1_l2hit:0.253333333333333
4.7.0-unsafe:cpu_20:12.7466666666667
4.7.0-unsafe:LLC-store:999425578
4.7.0-unsafe:enp4s0f0_tx_packets:0
4.7.0-unsafe:TOTAL_l3mpi:0.0433333333333333
4.7.0-unsafe:cpu_22:19.28
4.7.0-unsafe:cpu_15:17.9733333333333
4.7.0-unsafe:Total_tx_bytes:11912504970.6667
4.7.0-unsafe:Total_tx_packets_phy:1321489
4.7.0-unsafe:cycles:70222155383.3333
4.7.0-unsafe:cpu_3:27.1233333333333
4.7.0-unsafe:TOTAL_l2mpi:0.05
4.7.0-unsafe:enp4s0f1_rx_packets:0
4.7.0-unsafe:enp130s0f0_tx_packets_phy:802474.666666667
4.7.0-unsafe:TOTAL_l3hit:0.143333333333333
4.7.0-unsafe:cache-references:2794537525.33333
4.7.0-unsafe:enp4s0f0_tx_packets_phy:0
4.7.0-unsafe:enp4s0f1_tx_bytes_phy:0
4.7.0-unsafe:Total_tx_packets:188792.666666667
4.7.0-unsafe:SKT1_l3mpi:0.0366666666666667
4.7.0-unsafe:enp4s0f0_rx_packets_phy:0
4.7.0-unsafe:enp130s0f1_tx_packets_phy:519014.333333333
4.7.0-unsafe:enp130s0f1_rx_packets_phy:98245
4.7.0-unsafe:enp4s0f1_rx_bytes_phy:0
4.7.0-unsafe:cpu_0:22.8766666666667
4.7.0-unsafe:Total_rx_packets_phy:253446
4.7.0-unsafe:enp4s0f0_rx_bytes_phy:0
4.7.0-unsafe:cpu_23:16.9933333333333
4.7.0-unsafe:enp130s0f0_rx_packets_phy:155201
4.7.0-unsafe:cpu_24:14.7033333333333
4.7.0-unsafe:Memory:40111.2066666667
4.7.0-unsafe:LLC-store-misses:145102894
4.7.0-unsafe:enp130s0f1_tx_bytes:4678380977.33333
4.7.0-unsafe:SKT1_l3hit:0.156666666666667
4.7.0-unsafe:cpu_13:19.9366666666667
4.7.0-unsafe:SKT1_ipc:0.32
4.7.0-unsafe:Read:27522.7733333333
4.7.0-unsafe:enp130s0f0_tx_bytes:7234123993.33333
4.7.0-unsafe:cpu_21:16.67
4.7.0-unsafe:cpu_8:16.3433333333333
4.7.0-unsafe:enp4s0f0_rx_bytes:0
4.7.0-unsafe:enp130s0f0_tx_packets:114648.333333333
4.7.0-unsafe:TOTAL_ipc:0.286666666666667
4.7.0-unsafe:enp130s0f0_tx_bytes_phy:7236714080.33333
4.7.0-unsafe:enp130s0f0_rx_bytes_phy:10864082
4.7.0-unsafe:cpu_10:21.24
4.7.0-unsafe:cpu_26:8.49333333333333
4.7.0-unsafe:enp4s0f0_tx_bytes:0
4.7.0-unsafe:cpu_7:18.3033333333333
4.7.0-unsafe:enp130s0f1_tx_packets:74144.3333333333
4.7.0-unsafe:SKT1_l2miss:546666666.666667
4.7.0-unsafe:cpu_11:23.2033333333333
4.7.0-unsafe:cache-misses:896309445
4.7.0-unsafe:SKT0_ipc:0.25
4.7.0-unsafe:enp130s0f1_tx_bytes_phy:4680474347.33333
4.7.0-unsafe:enp4s0f1_tx_bytes:0
4.7.0-unsafe:LLC-load:668815652.666667
4.7.0-unsafe:enp130s0f1_rx_bytes:6485302
