4.7.0-copy-plus-strict:Total_tx_bytes:10392426.2
4.7.0-copy-plus-strict:cpu_19:0.196
4.7.0-copy-plus-strict:TOTAL_l3miss:12000000
4.7.0-copy-plus-strict:Total_tx_packets_phy:173202.6
4.7.0-copy-plus-strict:cpu_7:0
4.7.0-copy-plus-strict:enp130s0f0_tx_bytes_phy:11085030.4
4.7.0-copy-plus-strict:enp130s0f0_rx_packets_phy:173204.2
4.7.0-copy-plus-strict:enp4s0f0_rx_bytes:0
4.7.0-copy-plus-strict:TOTAL_ipc:0.856
4.7.0-copy-plus-strict:enp4s0f0_tx_bytes:0
4.7.0-copy-plus-strict:TOTAL_l2miss:76000000
4.7.0-copy-plus-strict:cpu_22:0
4.7.0-copy-plus-strict:enp4s0f0_rx_packets_phy:0
4.7.0-copy-plus-strict:SKT1_l3miss:585600
4.7.0-copy-plus-strict:SKT0_l2hit:0.746
4.7.0-copy-plus-strict:Total_rx_packets:173208.6
4.7.0-copy-plus-strict:enp4s0f0_tx_queue_stopped:0
4.7.0-copy-plus-strict:enp130s0f0_rx_bytes:10392531.4
4.7.0-copy-plus-strict:enp130s0f1_rx_packets:0
4.7.0-copy-plus-strict:enp130s0f0_tx_packets_phy:173202.6
4.7.0-copy-plus-strict:enp130s0f1_rx_bytes_phy:0
4.7.0-copy-plus-strict:cpu_13:0
4.7.0-copy-plus-strict:cpu_18:0
4.7.0-copy-plus-strict:enp4s0f1_tx_packets:0
4.7.0-copy-plus-strict:enp4s0f1_tx_packets_phy:0
4.7.0-copy-plus-strict:enp4s0f1_tx_queue_stopped:0
4.7.0-copy-plus-strict:enp130s0f0_tx_bytes:10392426.2
4.7.0-copy-plus-strict:enp130s0f1_tx_packets_phy:0
4.7.0-copy-plus-strict:enp130s0f1_rx_packets_phy:0
4.7.0-copy-plus-strict:enp4s0f0_rx_packets:0
4.7.0-copy-plus-strict:enp4s0f0_tx_bytes_phy:0
4.7.0-copy-plus-strict:cpu_0:0
4.7.0-copy-plus-strict:cpu_6:0
4.7.0-copy-plus-strict:enp130s0f1_tx_bytes_phy:0
4.7.0-copy-plus-strict:enp4s0f1_rx_bytes_phy:0
4.7.0-copy-plus-strict:enp130s0f1_rx_bytes:0
4.7.0-copy-plus-strict:Total_tx_queue_stopped:0
4.7.0-copy-plus-strict:cpu_20:0
4.7.0-copy-plus-strict:TOTAL_l3hit:0.834
4.7.0-copy-plus-strict:TOTAL_l2mpi:0.01
4.7.0-copy-plus-strict:SKT0_l3mpi:0
4.7.0-copy-plus-strict:enp130s0f0_tx_packets:173206.8
4.7.0-copy-plus-strict:cpu_1:0.196
4.7.0-copy-plus-strict:enp130s0f1_tx_queue_stopped:0
4.7.0-copy-plus-strict:cpu_11:0.196
4.7.0-copy-plus-strict:cpu_12:0
4.7.0-copy-plus-strict:Write:155.02
4.7.0-copy-plus-strict:enp4s0f0_tx_packets:0
4.7.0-copy-plus-strict:enp4s0f1_rx_bytes:0
4.7.0-copy-plus-strict:SKT1_l3hit:0.816
4.7.0-copy-plus-strict:SKT1_l2miss:3228000
4.7.0-copy-plus-strict:Read:240.654
4.7.0-copy-plus-strict:cpu_15:0.196
4.7.0-copy-plus-strict:cpu_27:0.784
4.7.0-copy-plus-strict:cpu_25:0
4.7.0-copy-plus-strict:TOTAL_l3mpi:0
4.7.0-copy-plus-strict:enp130s0f0_tx_queue_stopped:0
4.7.0-copy-plus-strict:enp130s0f1_tx_packets:0
4.7.0-copy-plus-strict:enp130s0f0_rx_bytes_phy:11085092.8
4.7.0-copy-plus-strict:cpu_2:99.216
4.7.0-copy-plus-strict:SKT0_l2mpi:0.01
4.7.0-copy-plus-strict:enp4s0f1_tx_bytes_phy:0
4.7.0-copy-plus-strict:Total_tx_packets:173206.8
4.7.0-copy-plus-strict:cpu_3:0
4.7.0-copy-plus-strict:enp4s0f1_rx_packets:0
4.7.0-copy-plus-strict:cpu_24:0
4.7.0-copy-plus-strict:cpu_14:0
4.7.0-copy-plus-strict:212992:212992
4.7.0-copy-plus-strict:Total_rx_packets_phy:173204.2
4.7.0-copy-plus-strict:enp130s0f0_rx_packets:173208.6
4.7.0-copy-plus-strict:cpu_21:0
4.7.0-copy-plus-strict:enp4s0f1_rx_packets_phy:0
4.7.0-copy-plus-strict:SKT0_l3miss:11400000
4.7.0-copy-plus-strict:enp130s0f1_tx_bytes:0
4.7.0-copy-plus-strict:Total_rx_bytes:10392531.4
4.7.0-copy-plus-strict:SKT0_l2miss:72800000
4.7.0-copy-plus-strict:enp4s0f0_tx_packets_phy:0
4.7.0-copy-plus-strict:TOTAL_l2hit:0.738
4.7.0-copy-plus-strict:SKT1_l2hit:0.118
4.7.0-copy-plus-strict:enp4s0f1_tx_bytes:0
4.7.0-copy-plus-strict:Memory:395.676
4.7.0-copy-plus-strict:cpu_16:0
4.7.0-copy-plus-strict:cpu_5:0
4.7.0-copy-plus-strict:enp4s0f0_rx_bytes_phy:0
4.7.0-copy-plus-strict:SKT0_ipc:0.868
4.7.0-copy-plus-strict:SKT1_ipc:0.388
4.7.0-copy-plus-strict:cpu_26:0
4.7.0-copy-plus-strict:SKT0_l3hit:0.834
4.7.0-copy-plus-strict:cpu_23:0
4.7.0-copy-plus-strict:cpu_total:3.244
4.7.0-copy-plus-strict:Total_rx_bytes_phy:11085092.8
4.7.0-copy-plus-strict:cpu_10:0
4.7.0-copy-plus-strict:SKT1_l3mpi:0
4.7.0-copy-plus-strict:cpu_4:0
4.7.0-copy-plus-strict:SKT1_l2mpi:0.02
4.7.0-copy-plus-strict:cpu_8:0
4.7.0-copy-plus-strict:Total_tx_bytes_phy:11085030.4
4.7.0-copy-plus-strict:cpu_9:0
4.7.0-copy-plus-strict:cpu_17:0
4.7.0-damn-strict:Total_rx_bytes:11237457.4
4.7.0-damn-strict:SKT0_l3miss:6376400
4.7.0-damn-strict:enp130s0f1_tx_bytes:0
4.7.0-damn-strict:SKT0_l2miss:66200000
4.7.0-damn-strict:enp4s0f0_tx_packets_phy:0
4.7.0-damn-strict:enp130s0f0_rx_packets:187290.4
4.7.0-damn-strict:enp4s0f1_rx_packets_phy:0
4.7.0-damn-strict:cpu_21:0
4.7.0-damn-strict:Memory:272.418
4.7.0-damn-strict:TOTAL_l2hit:0.744
4.7.0-damn-strict:SKT1_l2hit:0.11
4.7.0-damn-strict:enp4s0f1_tx_bytes:0
4.7.0-damn-strict:SKT0_ipc:0.898
4.7.0-damn-strict:SKT0_l3hit:0.906
4.7.0-damn-strict:SKT1_ipc:0.4
4.7.0-damn-strict:cpu_26:0
4.7.0-damn-strict:cpu_23:0
4.7.0-damn-strict:cpu_total:3.202
4.7.0-damn-strict:cpu_5:0.196
4.7.0-damn-strict:cpu_16:0
4.7.0-damn-strict:enp4s0f0_rx_bytes_phy:0
4.7.0-damn-strict:cpu_9:0
4.7.0-damn-strict:cpu_17:0
4.7.0-damn-strict:Total_rx_bytes_phy:11985228.4
4.7.0-damn-strict:cpu_10:0
4.7.0-damn-strict:SKT1_l3mpi:0
4.7.0-damn-strict:SKT1_l2mpi:0.02
4.7.0-damn-strict:cpu_4:0
4.7.0-damn-strict:cpu_8:0
4.7.0-damn-strict:Total_tx_bytes_phy:11985226.4
4.7.0-damn-strict:enp130s0f1_tx_queue_stopped:0
4.7.0-damn-strict:Total_tx_queue_stopped:0
4.7.0-damn-strict:cpu_20:0
4.7.0-damn-strict:TOTAL_l3hit:0.9
4.7.0-damn-strict:TOTAL_l2mpi:0
4.7.0-damn-strict:SKT0_l3mpi:0
4.7.0-damn-strict:cpu_1:0
4.7.0-damn-strict:enp130s0f0_tx_packets:187291.2
4.7.0-damn-strict:cpu_12:0
4.7.0-damn-strict:Write:80.964
4.7.0-damn-strict:enp4s0f0_tx_packets:0
4.7.0-damn-strict:cpu_11:0
4.7.0-damn-strict:cpu_27:1.764
4.7.0-damn-strict:cpu_25:0
4.7.0-damn-strict:SKT1_l3hit:0.824
4.7.0-damn-strict:enp4s0f1_rx_bytes:0
4.7.0-damn-strict:SKT1_l2miss:3622400
4.7.0-damn-strict:cpu_15:0
4.7.0-damn-strict:Read:191.452
4.7.0-damn-strict:Total_tx_packets:187291.2
4.7.0-damn-strict:cpu_24:0
4.7.0-damn-strict:enp4s0f1_rx_packets:0
4.7.0-damn-strict:cpu_3:0
4.7.0-damn-strict:cpu_14:0
4.7.0-damn-strict:Total_rx_packets_phy:187268.8
4.7.0-damn-strict:212992:212992
4.7.0-damn-strict:enp130s0f0_rx_bytes_phy:11985228.4
4.7.0-damn-strict:TOTAL_l3mpi:0
4.7.0-damn-strict:enp130s0f0_tx_queue_stopped:0
4.7.0-damn-strict:enp130s0f1_tx_packets:0
4.7.0-damn-strict:cpu_2:99.608
4.7.0-damn-strict:SKT0_l2mpi:0
4.7.0-damn-strict:enp4s0f1_tx_bytes_phy:0
4.7.0-damn-strict:enp130s0f0_tx_packets_phy:187269
4.7.0-damn-strict:enp130s0f1_rx_packets:0
4.7.0-damn-strict:SKT0_l2hit:0.752
4.7.0-damn-strict:Total_rx_packets:187290.4
4.7.0-damn-strict:enp4s0f0_tx_queue_stopped:0
4.7.0-damn-strict:enp130s0f0_rx_bytes:11237457.4
4.7.0-damn-strict:cpu_13:0
4.7.0-damn-strict:enp130s0f1_rx_bytes_phy:0
4.7.0-damn-strict:enp130s0f0_tx_bytes:11237492.2
4.7.0-damn-strict:enp130s0f1_tx_packets_phy:0
4.7.0-damn-strict:enp130s0f1_rx_packets_phy:0
4.7.0-damn-strict:enp4s0f0_tx_bytes_phy:0
4.7.0-damn-strict:enp4s0f0_rx_packets:0
4.7.0-damn-strict:enp4s0f1_tx_packets:0
4.7.0-damn-strict:cpu_18:0
4.7.0-damn-strict:enp4s0f1_tx_packets_phy:0
4.7.0-damn-strict:enp4s0f1_tx_queue_stopped:0
4.7.0-damn-strict:cpu_6:0
4.7.0-damn-strict:enp130s0f1_tx_bytes_phy:0
4.7.0-damn-strict:enp4s0f1_rx_bytes_phy:0
4.7.0-damn-strict:enp130s0f1_rx_bytes:0
4.7.0-damn-strict:cpu_0:0
4.7.0-damn-strict:TOTAL_l3miss:7005000
4.7.0-damn-strict:Total_tx_packets_phy:187269
4.7.0-damn-strict:cpu_19:0
4.7.0-damn-strict:Total_tx_bytes:11237492.2
4.7.0-damn-strict:enp130s0f0_tx_bytes_phy:11985226.4
4.7.0-damn-strict:enp130s0f0_rx_packets_phy:187268.8
4.7.0-damn-strict:cpu_7:0.196
4.7.0-damn-strict:TOTAL_ipc:0.882
4.7.0-damn-strict:TOTAL_l2miss:70000000
4.7.0-damn-strict:enp4s0f0_tx_bytes:0
4.7.0-damn-strict:enp4s0f0_rx_bytes:0
4.7.0-damn-strict:enp4s0f0_rx_packets_phy:0
4.7.0-damn-strict:SKT1_l3miss:628200
4.7.0-damn-strict:cpu_22:0
4.7.0-damn-unsafe:enp130s0f1_tx_queue_stopped:0
4.7.0-damn-unsafe:Total_tx_queue_stopped:0
4.7.0-damn-unsafe:TOTAL_l3hit:0.9
4.7.0-damn-unsafe:cpu_20:0
4.7.0-damn-unsafe:TOTAL_l2mpi:0
4.7.0-damn-unsafe:SKT0_l3mpi:0
4.7.0-damn-unsafe:enp130s0f0_tx_packets:188293.2
4.7.0-damn-unsafe:cpu_1:0
4.7.0-damn-unsafe:cpu_12:0
4.7.0-damn-unsafe:Write:82.67
4.7.0-damn-unsafe:enp4s0f0_tx_packets:0
4.7.0-damn-unsafe:cpu_11:0.196
4.7.0-damn-unsafe:cpu_27:1.372
4.7.0-damn-unsafe:cpu_25:0
4.7.0-damn-unsafe:enp4s0f1_rx_bytes:0
4.7.0-damn-unsafe:SKT1_l3hit:0.826
4.7.0-damn-unsafe:SKT1_l2miss:3513600
4.7.0-damn-unsafe:Read:136.398
4.7.0-damn-unsafe:cpu_15:0
4.7.0-damn-unsafe:Total_tx_packets:188293.2
4.7.0-damn-unsafe:enp4s0f1_rx_packets:0
4.7.0-damn-unsafe:cpu_24:0
4.7.0-damn-unsafe:cpu_3:0
4.7.0-damn-unsafe:cpu_14:0
4.7.0-damn-unsafe:212992:212992
4.7.0-damn-unsafe:Total_rx_packets_phy:188280.4
4.7.0-damn-unsafe:enp130s0f1_tx_packets:0
4.7.0-damn-unsafe:TOTAL_l3mpi:0
4.7.0-damn-unsafe:enp130s0f0_tx_queue_stopped:0
4.7.0-damn-unsafe:enp130s0f0_rx_bytes_phy:12049988.8
4.7.0-damn-unsafe:enp4s0f1_tx_bytes_phy:0
4.7.0-damn-unsafe:SKT0_l2mpi:0
4.7.0-damn-unsafe:cpu_2:98.824
4.7.0-damn-unsafe:SKT0_l3miss:6409400
4.7.0-damn-unsafe:Total_rx_bytes:11297857.4
4.7.0-damn-unsafe:enp130s0f1_tx_bytes:0
4.7.0-damn-unsafe:SKT0_l2miss:66000000
4.7.0-damn-unsafe:enp4s0f0_tx_packets_phy:0
4.7.0-damn-unsafe:enp130s0f0_rx_packets:188297
4.7.0-damn-unsafe:enp4s0f1_rx_packets_phy:0
4.7.0-damn-unsafe:cpu_21:0
4.7.0-damn-unsafe:Memory:219.068
4.7.0-damn-unsafe:TOTAL_l2hit:0.75
4.7.0-damn-unsafe:SKT1_l2hit:0.114
4.7.0-damn-unsafe:enp4s0f1_tx_bytes:0
4.7.0-damn-unsafe:SKT0_ipc:0.896
4.7.0-damn-unsafe:SKT1_ipc:0.344
4.7.0-damn-unsafe:cpu_26:0
4.7.0-damn-unsafe:SKT0_l3hit:0.902
4.7.0-damn-unsafe:cpu_23:0
4.7.0-damn-unsafe:cpu_total:3.22
4.7.0-damn-unsafe:cpu_16:0
4.7.0-damn-unsafe:cpu_5:0.392
4.7.0-damn-unsafe:enp4s0f0_rx_bytes_phy:0
4.7.0-damn-unsafe:cpu_9:0
4.7.0-damn-unsafe:cpu_17:0
4.7.0-damn-unsafe:Total_rx_bytes_phy:12049988.8
4.7.0-damn-unsafe:SKT1_l3mpi:0
4.7.0-damn-unsafe:cpu_10:0
4.7.0-damn-unsafe:SKT1_l2mpi:0.02
4.7.0-damn-unsafe:cpu_8:0
4.7.0-damn-unsafe:cpu_4:0
4.7.0-damn-unsafe:Total_tx_bytes_phy:12049914
4.7.0-damn-unsafe:TOTAL_l3miss:7016000
4.7.0-damn-unsafe:Total_tx_packets_phy:188279.2
4.7.0-damn-unsafe:Total_tx_bytes:11297635.6
4.7.0-damn-unsafe:cpu_19:0
4.7.0-damn-unsafe:enp130s0f0_tx_bytes_phy:12049914
4.7.0-damn-unsafe:enp130s0f0_rx_packets_phy:188280.4
4.7.0-damn-unsafe:cpu_7:0.392
4.7.0-damn-unsafe:TOTAL_ipc:0.884
4.7.0-damn-unsafe:enp4s0f0_tx_bytes:0
4.7.0-damn-unsafe:TOTAL_l2miss:69400000
4.7.0-damn-unsafe:enp4s0f0_rx_bytes:0
4.7.0-damn-unsafe:enp4s0f0_rx_packets_phy:0
4.7.0-damn-unsafe:SKT1_l3miss:606000
4.7.0-damn-unsafe:cpu_22:0
4.7.0-damn-unsafe:enp130s0f0_tx_packets_phy:188279.2
4.7.0-damn-unsafe:enp130s0f1_rx_packets:0
4.7.0-damn-unsafe:SKT0_l2hit:0.758
4.7.0-damn-unsafe:Total_rx_packets:188297
4.7.0-damn-unsafe:enp130s0f0_rx_bytes:11297857.4
4.7.0-damn-unsafe:enp4s0f0_tx_queue_stopped:0
4.7.0-damn-unsafe:cpu_13:0
4.7.0-damn-unsafe:enp130s0f1_rx_bytes_phy:0
4.7.0-damn-unsafe:enp130s0f0_tx_bytes:11297635.6
4.7.0-damn-unsafe:enp130s0f1_rx_packets_phy:0
4.7.0-damn-unsafe:enp130s0f1_tx_packets_phy:0
4.7.0-damn-unsafe:enp4s0f0_tx_bytes_phy:0
4.7.0-damn-unsafe:enp4s0f0_rx_packets:0
4.7.0-damn-unsafe:cpu_18:0
4.7.0-damn-unsafe:enp4s0f1_tx_packets:0
4.7.0-damn-unsafe:enp4s0f1_tx_packets_phy:0
4.7.0-damn-unsafe:enp4s0f1_tx_queue_stopped:0
4.7.0-damn-unsafe:cpu_6:0
4.7.0-damn-unsafe:enp130s0f1_tx_bytes_phy:0
4.7.0-damn-unsafe:enp4s0f1_rx_bytes_phy:0
4.7.0-damn-unsafe:enp130s0f1_rx_bytes:0
4.7.0-damn-unsafe:cpu_0:0
4.7.0-deff:SKT0_l3miss:5801000
4.7.0-deff:enp130s0f1_tx_bytes:0
4.7.0-deff:Total_rx_bytes:10118911.6
4.7.0-deff:SKT0_l2miss:74600000
4.7.0-deff:enp4s0f0_tx_packets_phy:0
4.7.0-deff:enp130s0f0_rx_packets:168647.8
4.7.0-deff:enp4s0f1_rx_packets_phy:0
4.7.0-deff:cpu_21:0
4.7.0-deff:Memory:234.532
4.7.0-deff:TOTAL_l2hit:0.736
4.7.0-deff:SKT1_l2hit:0.116
4.7.0-deff:enp4s0f1_tx_bytes:0
4.7.0-deff:SKT0_ipc:0.964
4.7.0-deff:SKT1_ipc:0.372
4.7.0-deff:cpu_26:0
4.7.0-deff:SKT0_l3hit:0.92
4.7.0-deff:cpu_23:0
4.7.0-deff:cpu_total:3.202
4.7.0-deff:cpu_5:0
4.7.0-deff:cpu_16:0
4.7.0-deff:enp4s0f0_rx_bytes_phy:0
4.7.0-deff:cpu_9:0.196
4.7.0-deff:cpu_17:0.196
4.7.0-deff:Total_rx_bytes_phy:10792982.6
4.7.0-deff:SKT1_l3mpi:0
4.7.0-deff:cpu_10:0
4.7.0-deff:cpu_8:0
4.7.0-deff:SKT1_l2mpi:0.02
4.7.0-deff:cpu_4:0
4.7.0-deff:Total_tx_bytes_phy:10793070
4.7.0-deff:enp130s0f1_tx_queue_stopped:0
4.7.0-deff:Total_tx_queue_stopped:0
4.7.0-deff:TOTAL_l3hit:0.92
4.7.0-deff:cpu_20:0
4.7.0-deff:TOTAL_l2mpi:0.004
4.7.0-deff:SKT0_l3mpi:0
4.7.0-deff:enp130s0f0_tx_packets:168642.6
4.7.0-deff:cpu_1:0
4.7.0-deff:cpu_12:0
4.7.0-deff:Write:74.186
4.7.0-deff:enp4s0f0_tx_packets:0
4.7.0-deff:cpu_11:0
4.7.0-deff:cpu_27:0
4.7.0-deff:cpu_25:0
4.7.0-deff:enp4s0f1_rx_bytes:0
4.7.0-deff:SKT1_l3hit:0.81
4.7.0-deff:SKT1_l2miss:2994200
4.7.0-deff:cpu_15:0
4.7.0-deff:Read:160.346
4.7.0-deff:Total_tx_packets:168642.6
4.7.0-deff:enp4s0f1_rx_packets:0
4.7.0-deff:cpu_24:0
4.7.0-deff:cpu_3:0.98
4.7.0-deff:cpu_14:0
4.7.0-deff:Total_rx_packets_phy:168639.2
4.7.0-deff:212992:212992
4.7.0-deff:enp130s0f0_rx_bytes_phy:10792982.6
4.7.0-deff:TOTAL_l3mpi:0
4.7.0-deff:enp130s0f0_tx_queue_stopped:0
4.7.0-deff:enp130s0f1_tx_packets:0
4.7.0-deff:SKT0_l2mpi:0.002
4.7.0-deff:enp4s0f1_tx_bytes_phy:0
4.7.0-deff:cpu_2:99.608
4.7.0-deff:enp130s0f1_rx_packets:0
4.7.0-deff:enp130s0f0_tx_packets_phy:168641.8
4.7.0-deff:SKT0_l2hit:0.742
4.7.0-deff:Total_rx_packets:168647.8
4.7.0-deff:enp4s0f0_tx_queue_stopped:0
4.7.0-deff:enp130s0f0_rx_bytes:10118911.6
4.7.0-deff:cpu_13:0
4.7.0-deff:enp130s0f1_rx_bytes_phy:0
4.7.0-deff:enp130s0f0_tx_bytes:10118573
4.7.0-deff:enp130s0f1_rx_packets_phy:0
4.7.0-deff:enp130s0f1_tx_packets_phy:0
4.7.0-deff:enp4s0f0_rx_packets:0
4.7.0-deff:enp4s0f0_tx_bytes_phy:0
4.7.0-deff:enp4s0f1_tx_packets:0
4.7.0-deff:cpu_18:0
4.7.0-deff:enp4s0f1_tx_packets_phy:0
4.7.0-deff:enp4s0f1_tx_queue_stopped:0
4.7.0-deff:cpu_6:0
4.7.0-deff:enp130s0f1_tx_bytes_phy:0
4.7.0-deff:enp4s0f1_rx_bytes_phy:0
4.7.0-deff:enp130s0f1_rx_bytes:0
4.7.0-deff:cpu_0:0
4.7.0-deff:TOTAL_l3miss:6367400
4.7.0-deff:Total_tx_packets_phy:168641.8
4.7.0-deff:cpu_19:0
4.7.0-deff:Total_tx_bytes:10118573
4.7.0-deff:enp130s0f0_tx_bytes_phy:10793070
4.7.0-deff:enp130s0f0_rx_packets_phy:168639.2
4.7.0-deff:cpu_7:0
4.7.0-deff:TOTAL_ipc:0.948
4.7.0-deff:enp4s0f0_tx_bytes:0
4.7.0-deff:TOTAL_l2miss:77800000
4.7.0-deff:enp4s0f0_rx_bytes:0
4.7.0-deff:enp4s0f0_rx_packets_phy:0
4.7.0-deff:SKT1_l3miss:565600
4.7.0-deff:cpu_22:0
4.7.0-strict:enp130s0f0_tx_bytes:8088285.2
4.7.0-strict:enp130s0f1_rx_packets_phy:0
4.7.0-strict:enp130s0f1_tx_packets_phy:0
4.7.0-strict:enp4s0f0_tx_bytes_phy:0
4.7.0-strict:enp4s0f0_rx_packets:0
4.7.0-strict:cpu_18:0
4.7.0-strict:enp4s0f1_tx_packets:0
4.7.0-strict:enp4s0f1_tx_packets_phy:0
4.7.0-strict:enp4s0f1_tx_queue_stopped:0
4.7.0-strict:cpu_6:0
4.7.0-strict:enp130s0f1_tx_bytes_phy:0
4.7.0-strict:enp4s0f1_rx_bytes_phy:0
4.7.0-strict:enp130s0f1_rx_bytes:0
4.7.0-strict:cpu_0:0
4.7.0-strict:enp130s0f1_rx_packets:0
4.7.0-strict:enp130s0f0_tx_packets_phy:134821.8
4.7.0-strict:SKT0_l2hit:0.76
4.7.0-strict:Total_rx_packets:134804.8
4.7.0-strict:enp4s0f0_tx_queue_stopped:0
4.7.0-strict:enp130s0f0_rx_bytes:8088308.6
4.7.0-strict:cpu_13:0
4.7.0-strict:enp130s0f1_rx_bytes_phy:0
4.7.0-strict:TOTAL_ipc:0.758
4.7.0-strict:TOTAL_l2miss:51000000
4.7.0-strict:enp4s0f0_tx_bytes:0
4.7.0-strict:enp4s0f0_rx_bytes:0
4.7.0-strict:enp4s0f0_rx_packets_phy:0
4.7.0-strict:SKT1_l3miss:434800
4.7.0-strict:cpu_22:0
4.7.0-strict:TOTAL_l3miss:7561600
4.7.0-strict:Total_tx_packets_phy:134821.8
4.7.0-strict:Total_tx_bytes:8088285.2
4.7.0-strict:cpu_19:0
4.7.0-strict:enp130s0f0_tx_bytes_phy:8628600
4.7.0-strict:enp130s0f0_rx_packets_phy:134820.6
4.7.0-strict:cpu_7:0.196
4.7.0-strict:SKT0_ipc:0.768
4.7.0-strict:SKT1_ipc:0.294
4.7.0-strict:SKT0_l3hit:0.858
4.7.0-strict:cpu_26:0
4.7.0-strict:cpu_23:0
4.7.0-strict:cpu_total:3.208
4.7.0-strict:cpu_16:0
4.7.0-strict:cpu_5:0.392
4.7.0-strict:enp4s0f0_rx_bytes_phy:0
4.7.0-strict:cpu_9:0
4.7.0-strict:cpu_17:0
4.7.0-strict:Total_rx_bytes_phy:8628537.6
4.7.0-strict:SKT1_l3mpi:0
4.7.0-strict:cpu_10:0
4.7.0-strict:SKT1_l2mpi:0.02
4.7.0-strict:cpu_8:0
4.7.0-strict:cpu_4:0
4.7.0-strict:Total_tx_bytes_phy:8628600
4.7.0-strict:Total_rx_bytes:8088308.6
4.7.0-strict:SKT0_l3miss:7126200
4.7.0-strict:enp130s0f1_tx_bytes:0
4.7.0-strict:enp4s0f0_tx_packets_phy:0
4.7.0-strict:SKT0_l2miss:49400000
4.7.0-strict:enp130s0f0_rx_packets:134804.8
4.7.0-strict:enp4s0f1_rx_packets_phy:0
4.7.0-strict:cpu_21:0.588
4.7.0-strict:Memory:308.324
4.7.0-strict:TOTAL_l2hit:0.75
4.7.0-strict:SKT1_l2hit:0.136
4.7.0-strict:enp4s0f1_tx_bytes:0
4.7.0-strict:cpu_27:0.392
4.7.0-strict:cpu_25:0
4.7.0-strict:enp4s0f1_rx_bytes:0
4.7.0-strict:SKT1_l3hit:0.756
4.7.0-strict:SKT1_l2miss:1787400
4.7.0-strict:cpu_15:0
4.7.0-strict:Read:228.416
4.7.0-strict:Total_tx_packets:134804.4
4.7.0-strict:cpu_24:0
4.7.0-strict:enp4s0f1_rx_packets:0
4.7.0-strict:cpu_3:0
4.7.0-strict:cpu_14:0
4.7.0-strict:Total_rx_packets_phy:134820.6
4.7.0-strict:212992:212992
4.7.0-strict:enp130s0f1_tx_packets:0
4.7.0-strict:TOTAL_l3mpi:0
4.7.0-strict:enp130s0f0_tx_queue_stopped:0
4.7.0-strict:enp130s0f0_rx_bytes_phy:8628537.6
4.7.0-strict:enp4s0f1_tx_bytes_phy:0
4.7.0-strict:SKT0_l2mpi:0
4.7.0-strict:cpu_2:99.804
4.7.0-strict:enp130s0f1_tx_queue_stopped:0
4.7.0-strict:Total_tx_queue_stopped:0
4.7.0-strict:TOTAL_l3hit:0.852
4.7.0-strict:cpu_20:0
4.7.0-strict:TOTAL_l2mpi:0
4.7.0-strict:SKT0_l3mpi:0
4.7.0-strict:enp130s0f0_tx_packets:134804.4
4.7.0-strict:cpu_1:0
4.7.0-strict:cpu_12:0
4.7.0-strict:Write:79.908
4.7.0-strict:enp4s0f0_tx_packets:0
4.7.0-strict:cpu_11:0
4.7.0-unsafe:enp4s0f0_rx_bytes_phy:0
4.7.0-unsafe:cpu_16:0
4.7.0-unsafe:cpu_5:0
4.7.0-unsafe:cpu_total:3.208
4.7.0-unsafe:cpu_23:0.196
4.7.0-unsafe:SKT0_l3hit:0.902
4.7.0-unsafe:SKT1_ipc:0.446
4.7.0-unsafe:cpu_26:0
4.7.0-unsafe:SKT0_ipc:0.908
4.7.0-unsafe:Total_tx_bytes_phy:12313823.4
4.7.0-unsafe:cpu_8:0
4.7.0-unsafe:SKT1_l2mpi:0.02
4.7.0-unsafe:cpu_4:0
4.7.0-unsafe:SKT1_l3mpi:0
4.7.0-unsafe:cpu_10:0
4.7.0-unsafe:Total_rx_bytes_phy:12314060.2
4.7.0-unsafe:cpu_17:1.568
4.7.0-unsafe:cpu_9:0
4.7.0-unsafe:enp4s0f1_rx_packets_phy:0
4.7.0-unsafe:cpu_21:0
4.7.0-unsafe:enp130s0f0_rx_packets:192415.4
4.7.0-unsafe:SKT0_l2miss:65800000
4.7.0-unsafe:enp4s0f0_tx_packets_phy:0
4.7.0-unsafe:SKT0_l3miss:6578000
4.7.0-unsafe:enp130s0f1_tx_bytes:0
4.7.0-unsafe:Total_rx_bytes:11544957
4.7.0-unsafe:enp4s0f1_tx_bytes:0
4.7.0-unsafe:SKT1_l2hit:0.12
4.7.0-unsafe:TOTAL_l2hit:0.756
4.7.0-unsafe:Memory:220.34
4.7.0-unsafe:cpu_15:0
4.7.0-unsafe:Read:137.608
4.7.0-unsafe:SKT1_l2miss:3429000
4.7.0-unsafe:enp4s0f1_rx_bytes:0
4.7.0-unsafe:SKT1_l3hit:0.812
4.7.0-unsafe:cpu_25:0
4.7.0-unsafe:cpu_27:0
4.7.0-unsafe:SKT0_l2mpi:0
4.7.0-unsafe:enp4s0f1_tx_bytes_phy:0
4.7.0-unsafe:cpu_2:99.02
4.7.0-unsafe:enp130s0f0_rx_bytes_phy:12314060.2
4.7.0-unsafe:TOTAL_l3mpi:0
4.7.0-unsafe:enp130s0f1_tx_packets:0
4.7.0-unsafe:enp130s0f0_tx_queue_stopped:0
4.7.0-unsafe:212992:212992
4.7.0-unsafe:Total_rx_packets_phy:192407
4.7.0-unsafe:cpu_14:0
4.7.0-unsafe:enp4s0f1_rx_packets:0
4.7.0-unsafe:cpu_3:0
4.7.0-unsafe:cpu_24:0
4.7.0-unsafe:Total_tx_packets:192417.6
4.7.0-unsafe:cpu_1:0.196
4.7.0-unsafe:TOTAL_l2mpi:0.002
4.7.0-unsafe:SKT0_l3mpi:0
4.7.0-unsafe:enp130s0f0_tx_packets:192417.6
4.7.0-unsafe:cpu_20:0
4.7.0-unsafe:TOTAL_l3hit:0.894
4.7.0-unsafe:Total_tx_queue_stopped:0
4.7.0-unsafe:enp130s0f1_tx_queue_stopped:0
4.7.0-unsafe:cpu_11:0
4.7.0-unsafe:enp4s0f0_tx_packets:0
4.7.0-unsafe:Write:82.734
4.7.0-unsafe:cpu_12:0
4.7.0-unsafe:enp4s0f1_tx_queue_stopped:0
4.7.0-unsafe:enp4s0f1_tx_packets_phy:0
4.7.0-unsafe:enp4s0f1_tx_packets:0
4.7.0-unsafe:cpu_18:0
4.7.0-unsafe:enp4s0f0_tx_bytes_phy:0
4.7.0-unsafe:enp4s0f0_rx_packets:0
4.7.0-unsafe:enp130s0f1_tx_packets_phy:0
4.7.0-unsafe:enp130s0f1_rx_packets_phy:0
4.7.0-unsafe:enp130s0f0_tx_bytes:11545097.2
4.7.0-unsafe:cpu_0:0
4.7.0-unsafe:enp130s0f1_rx_bytes:0
4.7.0-unsafe:enp4s0f1_rx_bytes_phy:0
4.7.0-unsafe:enp130s0f1_tx_bytes_phy:0
4.7.0-unsafe:cpu_6:0
4.7.0-unsafe:enp4s0f0_tx_queue_stopped:0
4.7.0-unsafe:enp130s0f0_rx_bytes:11544957
4.7.0-unsafe:Total_rx_packets:192415.4
4.7.0-unsafe:SKT0_l2hit:0.764
4.7.0-unsafe:enp130s0f0_tx_packets_phy:192403.6
4.7.0-unsafe:enp130s0f1_rx_packets:0
4.7.0-unsafe:enp130s0f1_rx_bytes_phy:0
4.7.0-unsafe:cpu_13:0
4.7.0-unsafe:enp4s0f0_rx_bytes:0
4.7.0-unsafe:TOTAL_l2miss:69200000
4.7.0-unsafe:enp4s0f0_tx_bytes:0
4.7.0-unsafe:TOTAL_ipc:0.896
4.7.0-unsafe:cpu_22:0
4.7.0-unsafe:SKT1_l3miss:640600
4.7.0-unsafe:enp4s0f0_rx_packets_phy:0
4.7.0-unsafe:Total_tx_bytes:11545097.2
4.7.0-unsafe:cpu_19:0
4.7.0-unsafe:Total_tx_packets_phy:192403.6
4.7.0-unsafe:TOTAL_l3miss:7218800
4.7.0-unsafe:cpu_7:0
4.7.0-unsafe:enp130s0f0_rx_packets_phy:192407
4.7.0-unsafe:enp130s0f0_tx_bytes_phy:12313823.4
