4.7.0-copy-plus-hp-strict:cpu_total:76.058
4.7.0-copy-plus-hp-strict:enp130s0f0_tx_packets:0
4.7.0-copy-plus-hp-strict:SKT0_l2hit:0.528
4.7.0-copy-plus-hp-strict:enp4s0f1_tx_bytes_phy:94206240.8
4.7.0-copy-plus-hp-strict:SKT1_l3mpi:0
4.7.0-copy-plus-hp-strict:Write:2136.271
4.7.0-copy-plus-hp-strict:cpu_14:65.129
4.7.0-copy-plus-hp-strict:cache-references:4100358174.3
4.7.0-copy-plus-hp-strict:SKT0_l3hit:0.692
4.7.0-copy-plus-hp-strict:TOTAL_l3miss:502017500
4.7.0-copy-plus-hp-strict:enp4s0f1_tx_bytes:88316543.5
4.7.0-copy-plus-hp-strict:instructions:186713977251.4
4.7.0-copy-plus-hp-strict:cpu_22:84.36
4.7.0-copy-plus-hp-strict:cpu_11:86.816
4.7.0-copy-plus-hp-strict:cpu_27:69.26
4.7.0-copy-plus-hp-strict:enp130s0f0_rx_bytes:0
4.7.0-copy-plus-hp-strict:cpu_1:85.688
4.7.0-copy-plus-hp-strict:cpu_6:70.125
4.7.0-copy-plus-hp-strict:SKT1_ipc:0.677
4.7.0-copy-plus-hp-strict:enp4s0f0_rx_bytes:0
4.7.0-copy-plus-hp-strict:Total_rx_bytes:127985974.7
4.7.0-copy-plus-hp-strict:enp4s0f0_tx_queue_stopped:0
4.7.0-copy-plus-hp-strict:cycles:265953077759.7
4.7.0-copy-plus-hp-strict:SKT1_l3miss:242908900
4.7.0-copy-plus-hp-strict:cpu_12:73.435
4.7.0-copy-plus-hp-strict:enp130s0f0_rx_packets:0
4.7.0-copy-plus-hp-strict:SKT1_l2mpi:0.01
4.7.0-copy-plus-hp-strict:cpu_5:86.533
4.7.0-copy-plus-hp-strict:TOTAL_l2hit:0.545
4.7.0-copy-plus-hp-strict:cpu_0:44.822
4.7.0-copy-plus-hp-strict:LLC-store:768448444.2
4.7.0-copy-plus-hp-strict:SKT0_l3miss:258708500
4.7.0-copy-plus-hp-strict:TOTAL_l3mpi:0
4.7.0-copy-plus-hp-strict:enp130s0f1_rx_packets_phy:661212.4
4.7.0-copy-plus-hp-strict:cpu_25:75.274
4.7.0-copy-plus-hp-strict:cpu_3:85.593
4.7.0-copy-plus-hp-strict:Total_tx_bytes:127986046.1
4.7.0-copy-plus-hp-strict:cpu_19:70.045
4.7.0-copy-plus-hp-strict:enp4s0f1_rx_packets:1471938.9
4.7.0-copy-plus-hp-strict:enp130s0f1_rx_packets:661159.9
4.7.0-copy-plus-hp-strict:cpu_2:64.24
4.7.0-copy-plus-hp-strict:enp4s0f0_tx_bytes:0
4.7.0-copy-plus-hp-strict:cpu_26:77.738
4.7.0-copy-plus-hp-strict:TOTAL_l3hit:0.7
4.7.0-copy-plus-hp-strict:cpu_17:71.913
4.7.0-copy-plus-hp-strict:SKT0_l2mpi:0.01
4.7.0-copy-plus-hp-strict:enp130s0f0_tx_bytes:0
4.7.0-copy-plus-hp-strict:enp130s0f1_tx_packets:661157.9
4.7.0-copy-plus-hp-strict:enp4s0f1_rx_packets_phy:1471967.6
4.7.0-copy-plus-hp-strict:enp130s0f0_tx_queue_stopped:0
4.7.0-copy-plus-hp-strict:enp4s0f0_rx_packets:0
4.7.0-copy-plus-hp-strict:cpu_21:70.782
4.7.0-copy-plus-hp-strict:enp4s0f0_tx_packets:0
4.7.0-copy-plus-hp-strict:cpu_4:67.504
4.7.0-copy-plus-hp-strict:cpu_9:86.714
4.7.0-copy-plus-hp-strict:cpu_20:84.459
4.7.0-copy-plus-hp-strict:SKT1_l3hit:0.705
4.7.0-copy-plus-hp-strict:Total_rx_packets:2133098.8
4.7.0-copy-plus-hp-strict:Total_rx_packets_phy:2133180
4.7.0-copy-plus-hp-strict:enp4s0f0_rx_packets_phy:0
4.7.0-copy-plus-hp-strict:enp130s0f1_rx_bytes_phy:42317553.6
4.7.0-copy-plus-hp-strict:enp130s0f1_tx_packets_phy:661214.9
4.7.0-copy-plus-hp-strict:cpu_13:87
4.7.0-copy-plus-hp-strict:cache-misses:497323823.5
4.7.0-copy-plus-hp-strict:cpu_15:86.064
4.7.0-copy-plus-hp-strict:Total_tx_queue_stopped:0
4.7.0-copy-plus-hp-strict:enp130s0f1_tx_queue_stopped:0
4.7.0-copy-plus-hp-strict:enp4s0f1_tx_packets:1471942
4.7.0-copy-plus-hp-strict:enp4s0f1_rx_bytes_phy:94205946.3
4.7.0-copy-plus-hp-strict:cpu_18:73.235
4.7.0-copy-plus-hp-strict:enp130s0f1_rx_bytes:39669618.2
4.7.0-copy-plus-hp-strict:enp4s0f0_tx_bytes_phy:0
4.7.0-copy-plus-hp-strict:cpu_16:81.566
4.7.0-copy-plus-hp-strict:enp4s0f1_tx_queue_stopped:0
4.7.0-copy-plus-hp-strict:enp130s0f1_tx_bytes:39669502.6
4.7.0-copy-plus-hp-strict:enp4s0f1_rx_bytes:88316356.5
4.7.0-copy-plus-hp-strict:cpu_8:64.303
4.7.0-copy-plus-hp-strict:enp4s0f1_tx_packets_phy:1471971.8
4.7.0-copy-plus-hp-strict:LLC-load:1933893146.6
4.7.0-copy-plus-hp-strict:SKT0_ipc:0.672
4.7.0-copy-plus-hp-strict:Read:6548.856
4.7.0-copy-plus-hp-strict:Memory:8685.129
4.7.0-copy-plus-hp-strict:LLC-store-misses:134344521
4.7.0-copy-plus-hp-strict:SKT0_l3mpi:0
4.7.0-copy-plus-hp-strict:enp130s0f0_rx_bytes_phy:0
4.7.0-copy-plus-hp-strict:enp130s0f0_tx_packets_phy:0
4.7.0-copy-plus-hp-strict:SKT1_l2hit:0.561
4.7.0-copy-plus-hp-strict:TOTAL_ipc:0.675
4.7.0-copy-plus-hp-strict:enp4s0f0_tx_packets_phy:0
4.7.0-copy-plus-hp-strict:cpu_24:82.248
4.7.0-copy-plus-hp-strict:Total_tx_packets:2133099.9
4.7.0-copy-plus-hp-strict:TOTAL_l2miss:1619777900
4.7.0-copy-plus-hp-strict:212992:212992
4.7.0-copy-plus-hp-strict:TOTAL_l2mpi:0.01
4.7.0-copy-plus-hp-strict:cpu_7:86.349
4.7.0-copy-plus-hp-strict:Total_tx_bytes_phy:136524033.4
4.7.0-copy-plus-hp-strict:SKT1_l2miss:807937200
4.7.0-copy-plus-hp-strict:enp130s0f0_rx_packets_phy:0
4.7.0-copy-plus-hp-strict:Total_rx_bytes_phy:136523499.9
4.7.0-copy-plus-hp-strict:enp4s0f0_rx_bytes_phy:0
4.7.0-copy-plus-hp-strict:cpu_23:74.527
4.7.0-copy-plus-hp-strict:LLC-load-misses:312101797.6
4.7.0-copy-plus-hp-strict:cpu_10:74.169
4.7.0-copy-plus-hp-strict:enp130s0f0_tx_bytes_phy:0
4.7.0-copy-plus-hp-strict:Total_tx_packets_phy:2133186.7
4.7.0-copy-plus-hp-strict:SKT0_l2miss:811340600
4.7.0-copy-plus-hp-strict:enp130s0f1_tx_bytes_phy:42317792.6
4.7.0-damn-strict:LLC-store:785291434.5
4.7.0-damn-strict:SKT0_l3miss:219185100
4.7.0-damn-strict:cpu_0:61.914
4.7.0-damn-strict:TOTAL_l2hit:0.585
4.7.0-damn-strict:TOTAL_l3mpi:0
4.7.0-damn-strict:Total_tx_bytes:143573460.9
4.7.0-damn-strict:enp4s0f1_rx_packets:1664046.6
4.7.0-damn-strict:cpu_19:73.996
4.7.0-damn-strict:enp130s0f1_rx_packets:728819
4.7.0-damn-strict:cpu_25:64.992
4.7.0-damn-strict:cpu_3:94.462
4.7.0-damn-strict:enp130s0f1_rx_packets_phy:728848.5
4.7.0-damn-strict:enp4s0f0_tx_bytes:0
4.7.0-damn-strict:cpu_2:69.24
4.7.0-damn-strict:SKT1_l3mpi:0
4.7.0-damn-strict:enp4s0f1_tx_bytes_phy:106498887.4
4.7.0-damn-strict:Write:984.404
4.7.0-damn-strict:cpu_14:75.817
4.7.0-damn-strict:SKT0_l2hit:0.568
4.7.0-damn-strict:cpu_total:82.806
4.7.0-damn-strict:enp130s0f0_tx_packets:0
4.7.0-damn-strict:enp130s0f0_rx_bytes:0
4.7.0-damn-strict:cpu_27:86.609
4.7.0-damn-strict:cpu_22:91.568
4.7.0-damn-strict:cpu_11:94.651
4.7.0-damn-strict:TOTAL_l3miss:430417100
4.7.0-damn-strict:enp4s0f1_tx_bytes:99844202.9
4.7.0-damn-strict:SKT0_l3hit:0.735
4.7.0-damn-strict:instructions:205851663154.3
4.7.0-damn-strict:cache-references:4358989855.7
4.7.0-damn-strict:Total_rx_bytes:143571987.7
4.7.0-damn-strict:enp4s0f0_tx_queue_stopped:0
4.7.0-damn-strict:SKT1_l3miss:210932000
4.7.0-damn-strict:cycles:291695186530.2
4.7.0-damn-strict:SKT1_ipc:0.669
4.7.0-damn-strict:enp4s0f0_rx_bytes:0
4.7.0-damn-strict:cpu_1:94.283
4.7.0-damn-strict:cpu_6:75.902
4.7.0-damn-strict:cpu_5:94.362
4.7.0-damn-strict:cpu_12:74.879
4.7.0-damn-strict:SKT1_l2mpi:0.011
4.7.0-damn-strict:enp130s0f0_rx_packets:0
4.7.0-damn-strict:enp130s0f0_tx_packets_phy:0
4.7.0-damn-strict:enp130s0f0_rx_bytes_phy:0
4.7.0-damn-strict:LLC-store-misses:136290524.5
4.7.0-damn-strict:SKT0_l3mpi:0
4.7.0-damn-strict:Read:5990.776
4.7.0-damn-strict:Memory:6975.178
4.7.0-damn-strict:TOTAL_l2miss:1534400000
4.7.0-damn-strict:TOTAL_l2mpi:0.009
4.7.0-damn-strict:212992:212992
4.7.0-damn-strict:cpu_24:90.409
4.7.0-damn-strict:Total_tx_packets:2392889.8
4.7.0-damn-strict:enp4s0f0_tx_packets_phy:0
4.7.0-damn-strict:SKT1_l2hit:0.543
4.7.0-damn-strict:TOTAL_ipc:0.708
4.7.0-damn-strict:Total_rx_bytes_phy:153145287.2
4.7.0-damn-strict:enp4s0f0_rx_bytes_phy:0
4.7.0-damn-strict:Total_tx_bytes_phy:153145296
4.7.0-damn-strict:SKT1_l2miss:765157200
4.7.0-damn-strict:enp130s0f0_rx_packets_phy:0
4.7.0-damn-strict:cpu_7:96.896
4.7.0-damn-strict:Total_tx_packets_phy:2392894.7
4.7.0-damn-strict:enp130s0f1_tx_bytes_phy:46646408.6
4.7.0-damn-strict:SKT0_l2miss:768700000
4.7.0-damn-strict:enp130s0f0_tx_bytes_phy:0
4.7.0-damn-strict:cpu_10:70.963
4.7.0-damn-strict:cpu_23:76.513
4.7.0-damn-strict:LLC-load-misses:247857738.8
4.7.0-damn-strict:cpu_21:74.206
4.7.0-damn-strict:enp4s0f0_tx_packets:0
4.7.0-damn-strict:cpu_4:79.257
4.7.0-damn-strict:enp130s0f0_tx_bytes:0
4.7.0-damn-strict:enp130s0f1_tx_packets:728820.4
4.7.0-damn-strict:enp4s0f1_rx_packets_phy:1664045.5
4.7.0-damn-strict:enp130s0f0_tx_queue_stopped:0
4.7.0-damn-strict:enp4s0f0_rx_packets:0
4.7.0-damn-strict:cpu_17:74.054
4.7.0-damn-strict:SKT0_l2mpi:0.009
4.7.0-damn-strict:cpu_26:82.701
4.7.0-damn-strict:TOTAL_l3hit:0.741
4.7.0-damn-strict:enp4s0f0_rx_packets_phy:0
4.7.0-damn-strict:Total_rx_packets_phy:2392894
4.7.0-damn-strict:Total_rx_packets:2392865.6
4.7.0-damn-strict:cpu_9:96.891
4.7.0-damn-strict:cpu_20:84.955
4.7.0-damn-strict:SKT1_l3hit:0.732
4.7.0-damn-strict:enp4s0f1_tx_packets:1664069.4
4.7.0-damn-strict:enp4s0f1_rx_bytes_phy:106498948.8
4.7.0-damn-strict:Total_tx_queue_stopped:0
4.7.0-damn-strict:enp130s0f1_tx_queue_stopped:0
4.7.0-damn-strict:cpu_15:94.66
4.7.0-damn-strict:cache-misses:477251076.7
4.7.0-damn-strict:enp130s0f1_tx_packets_phy:728849.9
4.7.0-damn-strict:enp130s0f1_rx_bytes_phy:46646338.4
4.7.0-damn-strict:cpu_13:96.339
4.7.0-damn-strict:enp4s0f1_tx_packets_phy:1664044.8
4.7.0-damn-strict:enp4s0f1_rx_bytes:99842825.1
4.7.0-damn-strict:cpu_8:68.732
4.7.0-damn-strict:SKT0_ipc:0.71
4.7.0-damn-strict:LLC-load:1832033354.6
4.7.0-damn-strict:enp130s0f1_tx_bytes:43729258
4.7.0-damn-strict:enp4s0f0_tx_bytes_phy:0
4.7.0-damn-strict:cpu_16:89.12
4.7.0-damn-strict:enp4s0f1_tx_queue_stopped:0
4.7.0-damn-strict:cpu_18:90.023
4.7.0-damn-strict:enp130s0f1_rx_bytes:43729162.6
4.7.0-defer:enp130s0f1_rx_packets_phy:694367.2
4.7.0-defer:cpu_3:89.317
4.7.0-defer:cpu_25:76.454
4.7.0-defer:enp130s0f1_rx_packets:694182.6
4.7.0-defer:Total_tx_bytes:130907960.3
4.7.0-defer:enp4s0f1_rx_packets:1487643.1
4.7.0-defer:cpu_19:76.841
4.7.0-defer:cpu_2:68.443
4.7.0-defer:enp4s0f0_tx_bytes:0
4.7.0-defer:TOTAL_l2hit:0.607
4.7.0-defer:cpu_0:30.721
4.7.0-defer:SKT0_l3miss:182789700
4.7.0-defer:LLC-store:728576794.4
4.7.0-defer:TOTAL_l3mpi:0
4.7.0-defer:cpu_6:73.194
4.7.0-defer:cpu_1:90.08
4.7.0-defer:SKT1_ipc:0.707
4.7.0-defer:enp4s0f0_rx_bytes:0
4.7.0-defer:SKT1_l3miss:199734800
4.7.0-defer:cycles:267653770364.8
4.7.0-defer:Total_rx_bytes:130909608.3
4.7.0-defer:enp4s0f0_tx_queue_stopped:0
4.7.0-defer:enp130s0f0_rx_packets:0
4.7.0-defer:SKT1_l2mpi:0.011
4.7.0-defer:cpu_12:75.972
4.7.0-defer:cpu_5:89.797
4.7.0-defer:enp130s0f0_tx_packets:0
4.7.0-defer:cpu_total:79.801
4.7.0-defer:SKT0_l2hit:0.582
4.7.0-defer:cpu_14:65.704
4.7.0-defer:SKT1_l3mpi:0.001
4.7.0-defer:enp4s0f1_tx_bytes_phy:95229672.9
4.7.0-defer:Write:929.925
4.7.0-defer:cache-references:4005582143
4.7.0-defer:TOTAL_l3miss:382824600
4.7.0-defer:instructions:207082790906.5
4.7.0-defer:SKT0_l3hit:0.77
4.7.0-defer:enp4s0f1_tx_bytes:89257508
4.7.0-defer:cpu_11:88.664
4.7.0-defer:cpu_22:87.047
4.7.0-defer:cpu_27:77.138
4.7.0-defer:enp130s0f0_rx_bytes:0
4.7.0-defer:cpu_7:90.171
4.7.0-defer:enp130s0f0_rx_packets_phy:0
4.7.0-defer:Total_tx_bytes_phy:139668263.3
4.7.0-defer:SKT1_l2miss:786144900
4.7.0-defer:enp4s0f0_rx_bytes_phy:0
4.7.0-defer:Total_rx_bytes_phy:139669331.9
4.7.0-defer:LLC-load-misses:223235605.3
4.7.0-defer:cpu_23:82.899
4.7.0-defer:cpu_10:79.859
4.7.0-defer:enp130s0f0_tx_bytes_phy:0
4.7.0-defer:SKT0_l2miss:729700000
4.7.0-defer:enp130s0f1_tx_bytes_phy:44438590.4
4.7.0-defer:Total_tx_packets_phy:2182315.5
4.7.0-defer:Read:5072.264
4.7.0-defer:Memory:6002.189
4.7.0-defer:SKT0_l3mpi:0
4.7.0-defer:LLC-store-misses:115161317.7
4.7.0-defer:enp130s0f0_tx_packets_phy:0
4.7.0-defer:enp130s0f0_rx_bytes_phy:0
4.7.0-defer:TOTAL_ipc:0.78
4.7.0-defer:SKT1_l2hit:0.571
4.7.0-defer:enp4s0f0_tx_packets_phy:0
4.7.0-defer:Total_tx_packets:2181798.5
4.7.0-defer:cpu_24:83.369
4.7.0-defer:212992:212992
4.7.0-defer:TOTAL_l2mpi:0.009
4.7.0-defer:TOTAL_l2miss:1516400000
4.7.0-defer:cpu_13:88.376
4.7.0-defer:enp130s0f1_tx_packets_phy:694352.5
4.7.0-defer:enp130s0f1_rx_bytes_phy:44439529.9
4.7.0-defer:cache-misses:378385279
4.7.0-defer:cpu_15:90.261
4.7.0-defer:Total_tx_queue_stopped:0
4.7.0-defer:enp130s0f1_tx_queue_stopped:0
4.7.0-defer:enp4s0f1_rx_bytes_phy:95229802
4.7.0-defer:enp4s0f1_tx_packets:1487624.7
4.7.0-defer:enp130s0f1_rx_bytes:41650995
4.7.0-defer:cpu_18:83.066
4.7.0-defer:cpu_16:76.297
4.7.0-defer:enp4s0f1_tx_queue_stopped:0
4.7.0-defer:enp4s0f0_tx_bytes_phy:0
4.7.0-defer:enp130s0f1_tx_bytes:41650452.3
4.7.0-defer:SKT0_ipc:0.813
4.7.0-defer:LLC-load:1866552879.8
4.7.0-defer:enp4s0f1_rx_bytes:89258613.3
4.7.0-defer:enp4s0f1_tx_packets_phy:1487963
4.7.0-defer:cpu_8:79.494
4.7.0-defer:TOTAL_l3hit:0.767
4.7.0-defer:cpu_26:84.779
4.7.0-defer:SKT0_l2mpi:0.009
4.7.0-defer:cpu_17:76.195
4.7.0-defer:enp4s0f0_rx_packets:0
4.7.0-defer:enp130s0f0_tx_queue_stopped:0
4.7.0-defer:enp4s0f1_rx_packets_phy:1487965.6
4.7.0-defer:enp130s0f1_tx_packets:694173.8
4.7.0-defer:enp130s0f0_tx_bytes:0
4.7.0-defer:cpu_21:78.364
4.7.0-defer:enp4s0f0_tx_packets:0
4.7.0-defer:cpu_4:74.715
4.7.0-defer:cpu_20:87.243
4.7.0-defer:SKT1_l3hit:0.746
4.7.0-defer:cpu_9:89.418
4.7.0-defer:Total_rx_packets:2181825.7
4.7.0-defer:Total_rx_packets_phy:2182332.8
4.7.0-defer:enp4s0f0_rx_packets_phy:0
4.7.0-strict:cpu_5:85.954
4.7.0-strict:cpu_12:88.654
4.7.0-strict:SKT1_l2mpi:0.01
4.7.0-strict:enp130s0f0_rx_packets:0
4.7.0-strict:enp4s0f0_rx_bytes:0
4.7.0-strict:SKT1_ipc:0.591
4.7.0-strict:enp4s0f0_tx_queue_stopped:0
4.7.0-strict:Total_rx_bytes:52515628.4
4.7.0-strict:cycles:299695448036.5
4.7.0-strict:SKT1_l3miss:59800000
4.7.0-strict:cpu_1:82.373
4.7.0-strict:cpu_6:92.922
4.7.0-strict:cpu_11:90.467
4.7.0-strict:cpu_22:85.761
4.7.0-strict:cpu_27:89.708
4.7.0-strict:enp130s0f0_rx_bytes:0
4.7.0-strict:cache-references:1821333708.3
4.7.0-strict:instructions:131083505691.7
4.7.0-strict:TOTAL_l3miss:123200000
4.7.0-strict:SKT0_l3hit:0.685
4.7.0-strict:enp4s0f1_tx_bytes:24721288.2
4.7.0-strict:SKT1_l3mpi:0
4.7.0-strict:Write:527.63
4.7.0-strict:enp4s0f1_tx_bytes_phy:26565520.6
4.7.0-strict:cpu_14:85.534
4.7.0-strict:cpu_total:88.226
4.7.0-strict:enp130s0f0_tx_packets:0
4.7.0-strict:SKT0_l2hit:0.604
4.7.0-strict:cpu_2:93.803
4.7.0-strict:enp4s0f0_tx_bytes:0
4.7.0-strict:cpu_25:90.185
4.7.0-strict:cpu_3:85.337
4.7.0-strict:Total_tx_bytes:52515227.6
4.7.0-strict:enp4s0f1_rx_packets:412009.6
4.7.0-strict:cpu_19:85.445
4.7.0-strict:enp130s0f1_rx_packets:463215
4.7.0-strict:enp130s0f1_rx_packets_phy:461731.6
4.7.0-strict:TOTAL_l3mpi:0
4.7.0-strict:cpu_0:63.714
4.7.0-strict:LLC-store:426495907.3
4.7.0-strict:SKT0_l3miss:63100000
4.7.0-strict:TOTAL_l2hit:0.599
4.7.0-strict:enp130s0f1_tx_bytes:27793939.4
4.7.0-strict:cpu_8:90.253
4.7.0-strict:enp4s0f1_rx_bytes:24721344.8
4.7.0-strict:enp4s0f1_tx_packets_phy:415074.8
4.7.0-strict:SKT0_ipc:0.594
4.7.0-strict:LLC-load:786246800.1
4.7.0-strict:cpu_18:89.613
4.7.0-strict:enp130s0f1_rx_bytes:27794283.6
4.7.0-strict:enp4s0f0_tx_bytes_phy:0
4.7.0-strict:enp4s0f1_tx_queue_stopped:548.1
4.7.0-strict:cpu_16:90.935
4.7.0-strict:enp130s0f1_tx_queue_stopped:687.1
4.7.0-strict:Total_tx_queue_stopped:1235.2
4.7.0-strict:cpu_15:93.081
4.7.0-strict:enp4s0f1_tx_packets:412009.6
4.7.0-strict:enp4s0f1_rx_bytes_phy:26565168
4.7.0-strict:enp130s0f1_tx_packets_phy:461733.6
4.7.0-strict:enp130s0f1_rx_bytes_phy:29552228.7
4.7.0-strict:cpu_13:89.887
4.7.0-strict:cache-misses:203817590.6
4.7.0-strict:Total_rx_packets_phy:876800
4.7.0-strict:enp4s0f0_rx_packets_phy:0
4.7.0-strict:cpu_9:95.244
4.7.0-strict:cpu_20:96.622
4.7.0-strict:SKT1_l3hit:0.689
4.7.0-strict:Total_rx_packets:875224.6
4.7.0-strict:enp130s0f0_tx_bytes:0
4.7.0-strict:enp130s0f1_tx_packets:463210.2
4.7.0-strict:enp130s0f0_tx_queue_stopped:0
4.7.0-strict:enp4s0f1_rx_packets_phy:415068.4
4.7.0-strict:enp4s0f0_rx_packets:0
4.7.0-strict:cpu_4:90.584
4.7.0-strict:enp4s0f0_tx_packets:0
4.7.0-strict:cpu_21:79.596
4.7.0-strict:cpu_26:82.672
4.7.0-strict:TOTAL_l3hit:0.695
4.7.0-strict:cpu_17:85.329
4.7.0-strict:SKT0_l2mpi:0.009
4.7.0-strict:enp130s0f0_tx_bytes_phy:0
4.7.0-strict:Total_tx_packets_phy:876808.4
4.7.0-strict:enp130s0f1_tx_bytes_phy:29552284
4.7.0-strict:SKT0_l2miss:215400000
4.7.0-strict:cpu_23:95.365
4.7.0-strict:LLC-load-misses:103222224.9
4.7.0-strict:cpu_10:92.024
4.7.0-strict:Total_rx_bytes_phy:56117396.7
4.7.0-strict:enp4s0f0_rx_bytes_phy:0
4.7.0-strict:cpu_7:89.844
4.7.0-strict:Total_tx_bytes_phy:56117804.6
4.7.0-strict:SKT1_l2miss:193100000
4.7.0-strict:enp130s0f0_rx_packets_phy:0
4.7.0-strict:cpu_24:89.37
4.7.0-strict:Total_tx_packets:875219.8
4.7.0-strict:TOTAL_l2miss:408700000
4.7.0-strict:212992:212992
4.7.0-strict:TOTAL_l2mpi:0.01
4.7.0-strict:SKT1_l2hit:0.582
4.7.0-strict:TOTAL_ipc:0.594
4.7.0-strict:enp4s0f0_tx_packets_phy:0
4.7.0-strict:enp130s0f0_tx_packets_phy:0
4.7.0-strict:enp130s0f0_rx_bytes_phy:0
4.7.0-strict:Memory:3238.605
4.7.0-strict:Read:2710.976
4.7.0-strict:LLC-store-misses:56772786.9
4.7.0-strict:SKT0_l3mpi:0
4.7.0-unsafe:enp4s0f0_tx_bytes_phy:0
4.7.0-unsafe:cpu_16:85.432
4.7.0-unsafe:enp4s0f1_tx_queue_stopped:0
4.7.0-unsafe:cpu_18:83.273
4.7.0-unsafe:enp130s0f1_rx_bytes:43578181.4
4.7.0-unsafe:cpu_8:76.886
4.7.0-unsafe:enp4s0f1_rx_bytes:100024983.4
4.7.0-unsafe:enp4s0f1_tx_packets_phy:1667228.2
4.7.0-unsafe:SKT0_ipc:0.764
4.7.0-unsafe:LLC-load:1716060714.1
4.7.0-unsafe:enp130s0f1_tx_bytes:43578402.8
4.7.0-unsafe:cache-misses:415038252.1
4.7.0-unsafe:enp130s0f1_rx_bytes_phy:46479972.9
4.7.0-unsafe:enp130s0f1_tx_packets_phy:726254.1
4.7.0-unsafe:cpu_13:92.879
4.7.0-unsafe:enp4s0f1_tx_packets:1667074.6
4.7.0-unsafe:enp4s0f1_rx_bytes_phy:106702375.8
4.7.0-unsafe:Total_tx_queue_stopped:0
4.7.0-unsafe:enp130s0f1_tx_queue_stopped:0
4.7.0-unsafe:cpu_15:95.061
4.7.0-unsafe:Total_rx_packets:2393386.2
4.7.0-unsafe:cpu_9:94.123
4.7.0-unsafe:cpu_20:83.544
4.7.0-unsafe:SKT1_l3hit:0.735
4.7.0-unsafe:enp4s0f0_rx_packets_phy:0
4.7.0-unsafe:Total_rx_packets_phy:2393473.1
4.7.0-unsafe:cpu_17:72.739
4.7.0-unsafe:SKT0_l2mpi:0.009
4.7.0-unsafe:cpu_26:83.009
4.7.0-unsafe:TOTAL_l3hit:0.755
4.7.0-unsafe:enp4s0f0_tx_packets:0
4.7.0-unsafe:cpu_21:74.444
4.7.0-unsafe:cpu_4:57.763
4.7.0-unsafe:enp130s0f1_tx_packets:726306.3
4.7.0-unsafe:enp130s0f0_tx_bytes:0
4.7.0-unsafe:enp4s0f1_rx_packets_phy:1667223.9
4.7.0-unsafe:enp4s0f0_rx_packets:0
4.7.0-unsafe:enp130s0f0_tx_queue_stopped:0
4.7.0-unsafe:cpu_10:60.235
4.7.0-unsafe:cpu_23:72.27
4.7.0-unsafe:LLC-load-misses:222264050.8
4.7.0-unsafe:Total_tx_packets_phy:2393482.3
4.7.0-unsafe:enp130s0f1_tx_bytes_phy:46480170.1
4.7.0-unsafe:SKT0_l2miss:673300000
4.7.0-unsafe:enp130s0f0_tx_bytes_phy:0
4.7.0-unsafe:Total_tx_bytes_phy:153182837.8
4.7.0-unsafe:SKT1_l2miss:735495800
4.7.0-unsafe:enp130s0f0_rx_packets_phy:0
4.7.0-unsafe:cpu_7:95.437
4.7.0-unsafe:Total_rx_bytes_phy:153182348.7
4.7.0-unsafe:enp4s0f0_rx_bytes_phy:0
4.7.0-unsafe:enp4s0f0_tx_packets_phy:0
4.7.0-unsafe:SKT1_l2hit:0.58
4.7.0-unsafe:TOTAL_ipc:0.751
4.7.0-unsafe:TOTAL_l2miss:1409400000
4.7.0-unsafe:TOTAL_l2mpi:0.009
4.7.0-unsafe:212992:212992
4.7.0-unsafe:cpu_24:75.362
4.7.0-unsafe:Total_tx_packets:2393380.9
4.7.0-unsafe:LLC-store-misses:126148374.1
4.7.0-unsafe:SKT0_l3mpi:0
4.7.0-unsafe:Memory:5711.597
4.7.0-unsafe:Read:4747.36
4.7.0-unsafe:enp130s0f0_rx_bytes_phy:0
4.7.0-unsafe:enp130s0f0_tx_packets_phy:0
4.7.0-unsafe:cpu_12:57.756
4.7.0-unsafe:SKT1_l2mpi:0.011
4.7.0-unsafe:enp130s0f0_rx_packets:0
4.7.0-unsafe:cpu_5:93.929
4.7.0-unsafe:cpu_1:92.683
4.7.0-unsafe:cpu_6:81.93
4.7.0-unsafe:enp4s0f0_tx_queue_stopped:0
4.7.0-unsafe:Total_rx_bytes:143603164.8
4.7.0-unsafe:SKT1_l3miss:197823000
4.7.0-unsafe:cycles:273974540183.3
4.7.0-unsafe:SKT1_ipc:0.7
4.7.0-unsafe:enp4s0f0_rx_bytes:0
4.7.0-unsafe:SKT0_l3hit:0.755
4.7.0-unsafe:TOTAL_l3miss:377859900
4.7.0-unsafe:enp4s0f1_tx_bytes:100024509.4
4.7.0-unsafe:instructions:201344886507.9
4.7.0-unsafe:cache-references:4015376111
4.7.0-unsafe:cpu_27:69.787
4.7.0-unsafe:enp130s0f0_rx_bytes:0
4.7.0-unsafe:cpu_22:85.559
4.7.0-unsafe:cpu_11:94.492
4.7.0-unsafe:SKT0_l2hit:0.609
4.7.0-unsafe:cpu_total:77.669
4.7.0-unsafe:enp130s0f0_tx_packets:0
4.7.0-unsafe:Write:964.238
4.7.0-unsafe:SKT1_l3mpi:0
4.7.0-unsafe:enp4s0f1_tx_bytes_phy:106702667.7
4.7.0-unsafe:cpu_14:62.501
4.7.0-unsafe:enp4s0f0_tx_bytes:0
4.7.0-unsafe:cpu_2:66.323
4.7.0-unsafe:enp130s0f1_rx_packets_phy:726249.2
4.7.0-unsafe:cpu_19:72.714
4.7.0-unsafe:enp4s0f1_rx_packets:1667083.7
4.7.0-unsafe:Total_tx_bytes:143602912.2
4.7.0-unsafe:enp130s0f1_rx_packets:726302.5
4.7.0-unsafe:cpu_25:71.685
4.7.0-unsafe:cpu_3:94.295
4.7.0-unsafe:TOTAL_l3mpi:0
4.7.0-unsafe:TOTAL_l2hit:0.629
4.7.0-unsafe:LLC-store:729492808.2
4.7.0-unsafe:SKT0_l3miss:179936900
4.7.0-unsafe:cpu_0:28.984
