4.7.0-damnn-hp-strict:Memory:33325.164
4.7.0-damnn-hp-strict:Read:21035.201
4.7.0-damnn-hp-strict:enp4s0f0_tx_bytes:0
4.7.0-damnn-hp-strict:cpu_total:32.698
4.7.0-damnn-hp-strict:cycles:118650786871.3
4.7.0-damnn-hp-strict:enp130s0f1_tx_bytes_phy:4865423633.7
4.7.0-damnn-hp-strict:enp4s0f0_rx_packets_phy:0
4.7.0-damnn-hp-strict:LLC-load:1296476539.4
4.7.0-damnn-hp-strict:LLC-store-misses:129511307.8
4.7.0-damnn-hp-strict:SKT1_l2mpi:0.01
4.7.0-damnn-hp-strict:enp4s0f1_tx_packets:0
4.7.0-damnn-hp-strict:cpu_8:37.845
4.7.0-damnn-hp-strict:enp4s0f0_tx_queue_stopped:0
4.7.0-damnn-hp-strict:Total_tx_bytes_phy:12499296096.6
4.7.0-damnn-hp-strict:enp4s0f1_rx_bytes_phy:0
4.7.0-damnn-hp-strict:TOTAL_l3miss:967200000
4.7.0-damnn-hp-strict:instructions:118636553564.3
4.7.0-damnn-hp-strict:SKT1_l2miss:560700000
4.7.0-damnn-hp-strict:enp130s0f1_rx_bytes:4985432498.6
4.7.0-damnn-hp-strict:enp4s0f0_rx_packets:0
4.7.0-damnn-hp-strict:SKT0_l3miss:577400000
4.7.0-damnn-hp-strict:cpu_23:23.628
4.7.0-damnn-hp-strict:enp130s0f1_tx_bytes:4862991585
4.7.0-damnn-hp-strict:enp130s0f0_tx_queue_stopped:0
4.7.0-damnn-hp-strict:cpu_15:99.706
4.7.0-damnn-hp-strict:SKT0_l2miss:660800000
4.7.0-damnn-hp-strict:cpu_0:46.178
4.7.0-damnn-hp-strict:cpu_27:0.392
4.7.0-damnn-hp-strict:cpu_5:54.214
4.7.0-damnn-hp-strict:cpu_1:38.035
4.7.0-damnn-hp-strict:enp4s0f1_rx_packets:0
4.7.0-damnn-hp-strict:Total_tx_bytes:12472149691.3
4.7.0-damnn-hp-strict:TOTAL_l2mpi:0.01
4.7.0-damnn-hp-strict:cache-references:5208560774.1
4.7.0-damnn-hp-strict:SKT0_l3hit:0.128
4.7.0-damnn-hp-strict:70:212992
4.7.0-damnn-hp-strict:cpu_10:39.316
4.7.0-damnn-hp-strict:SKT1_l3mpi:0.01
4.7.0-damnn-hp-strict:Write:12289.965
4.7.0-damnn-hp-strict:enp130s0f0_tx_packets_phy:1267742.3
4.7.0-damnn-hp-strict:enp4s0f0_tx_bytes_phy:0
4.7.0-damnn-hp-strict:enp130s0f0_rx_packets:901796.7
4.7.0-damnn-hp-strict:SKT1_l2hit:0.3
4.7.0-damnn-hp-strict:cpu_14:15.592
4.7.0-damnn-hp-strict:enp4s0f0_tx_packets:0
4.7.0-damnn-hp-strict:enp130s0f0_rx_bytes_phy:7310963522.1
4.7.0-damnn-hp-strict:enp130s0f0_rx_packets_phy:902252.9
4.7.0-damnn-hp-strict:SKT0_l2mpi:0.01
4.7.0-damnn-hp-strict:enp4s0f1_rx_packets_phy:0
4.7.0-damnn-hp-strict:LLC-store:887012279.5
4.7.0-damnn-hp-strict:LLC-load-misses:450398242.7
4.7.0-damnn-hp-strict:cpu_12:35.492
4.7.0-damnn-hp-strict:cpu_18:61.472
4.7.0-damnn-hp-strict:enp130s0f1_tx_queue_stopped:0
4.7.0-damnn-hp-strict:SKT1_l3hit:0.305
4.7.0-damnn-hp-strict:Total_rx_bytes:12289079028.5
4.7.0-damnn-hp-strict:Total_tx_packets_phy:1868194.2
4.7.0-damnn-hp-strict:cpu_21:0.098
4.7.0-damnn-hp-strict:cpu_22:0
4.7.0-damnn-hp-strict:enp130s0f0_tx_packets:939517.6
4.7.0-damnn-hp-strict:enp130s0f0_tx_bytes:7609158106.3
4.7.0-damnn-hp-strict:cpu_13:77.744
4.7.0-damnn-hp-strict:TOTAL_l2miss:1221800000
4.7.0-damnn-hp-strict:Total_rx_packets_phy:1517825.6
4.7.0-damnn-hp-strict:cpu_25:0
4.7.0-damnn-hp-strict:enp4s0f1_tx_bytes_phy:0
4.7.0-damnn-hp-strict:enp130s0f1_rx_bytes_phy:4987989286.8
4.7.0-damnn-hp-strict:Total_tx_packets:1539960.1
4.7.0-damnn-hp-strict:cpu_11:26.275
4.7.0-damnn-hp-strict:64512:212992
4.7.0-damnn-hp-strict:TOTAL_l3mpi:0.01
4.7.0-damnn-hp-strict:cpu_6:33.531
4.7.0-damnn-hp-strict:cpu_17:64.117
4.7.0-damnn-hp-strict:cpu_2:46.08
4.7.0-damnn-hp-strict:SKT1_l3miss:389400000
4.7.0-damnn-hp-strict:enp4s0f1_tx_packets_phy:0
4.7.0-damnn-hp-strict:SKT0_l2hit:0.2
4.7.0-damnn-hp-strict:cpu_19:17.649
4.7.0-damnn-hp-strict:SKT1_ipc:1.038
4.7.0-damnn-hp-strict:enp130s0f1_tx_packets:600442.5
4.7.0-damnn-hp-strict:enp130s0f1_rx_packets_phy:615572.7
4.7.0-damnn-hp-strict:enp130s0f0_tx_bytes_phy:7633872462.9
4.7.0-damnn-hp-strict:enp130s0f1_tx_packets_phy:600451.9
4.7.0-damnn-hp-strict:SKT0_ipc:0.953
4.7.0-damnn-hp-strict:enp130s0f0_rx_bytes:7303646529.9
4.7.0-damnn-hp-strict:cpu_4:46.08
4.7.0-damnn-hp-strict:TOTAL_ipc:1.001
4.7.0-damnn-hp-strict:cpu_26:0
4.7.0-damnn-hp-strict:enp4s0f0_tx_packets_phy:0
4.7.0-damnn-hp-strict:Total_rx_bytes_phy:12298952808.9
4.7.0-damnn-hp-strict:cpu_20:0.196
4.7.0-damnn-hp-strict:cpu_9:37.357
4.7.0-damnn-hp-strict:cpu_24:0
4.7.0-damnn-hp-strict:enp4s0f0_rx_bytes_phy:0
4.7.0-damnn-hp-strict:TOTAL_l3hit:0.209
4.7.0-damnn-hp-strict:enp130s0f1_rx_packets:615560.8
4.7.0-damnn-hp-strict:enp4s0f1_tx_queue_stopped:0
4.7.0-damnn-hp-strict:enp4s0f1_tx_bytes:0
4.7.0-damnn-hp-strict:enp4s0f1_rx_bytes:0
4.7.0-damnn-hp-strict:cpu_3:34.31
4.7.0-damnn-hp-strict:SKT0_l3mpi:0.01
4.7.0-damnn-hp-strict:enp4s0f0_rx_bytes:0
4.7.0-damnn-hp-strict:Total_tx_queue_stopped:0
4.7.0-damnn-hp-strict:cpu_7:45.881
4.7.0-damnn-hp-strict:cpu_16:34.996
4.7.0-damnn-hp-strict:TOTAL_l2hit:0.251
4.7.0-damnn-hp-strict:cache-misses:970105213.4
4.7.0-damnn-hp-strict:Total_rx_packets:1517357.5
