4.7.0-copy-plus-hp-strict:cpu_26:51.789
4.7.0-copy-plus-hp-strict:TOTAL_l3hit:0.188
4.7.0-copy-plus-hp-strict:SKT0_l2mpi:0.07
4.7.0-copy-plus-hp-strict:cpu_17:7.919
4.7.0-copy-plus-hp-strict:enp130s0f0_tx_bytes:0
4.7.0-copy-plus-hp-strict:enp130s0f1_tx_packets:0
4.7.0-copy-plus-hp-strict:enp4s0f0_rx_packets:0
4.7.0-copy-plus-hp-strict:enp130s0f0_tx_queue_stopped:0
4.7.0-copy-plus-hp-strict:enp4s0f1_rx_packets_phy:306978.8
4.7.0-copy-plus-hp-strict:enp4s0f0_tx_packets:0
4.7.0-copy-plus-hp-strict:cpu_4:72.913
4.7.0-copy-plus-hp-strict:cpu_21:9.106
4.7.0-copy-plus-hp-strict:cpu_9:20.309
4.7.0-copy-plus-hp-strict:SKT1_l3hit:0.145
4.7.0-copy-plus-hp-strict:cpu_20:51.672
4.7.0-copy-plus-hp-strict:Total_rx_packets:305184
4.7.0-copy-plus-hp-strict:Total_rx_packets_phy:306978.8
4.7.0-copy-plus-hp-strict:enp4s0f0_rx_packets_phy:0
4.7.0-copy-plus-hp-strict:enp130s0f1_tx_packets_phy:0
4.7.0-copy-plus-hp-strict:enp130s0f1_rx_bytes_phy:0
4.7.0-copy-plus-hp-strict:cpu_13:16.832
4.7.0-copy-plus-hp-strict:cache-misses:1444554730.3
4.7.0-copy-plus-hp-strict:Total_tx_queue_stopped:0
4.7.0-copy-plus-hp-strict:enp130s0f1_tx_queue_stopped:0
4.7.0-copy-plus-hp-strict:cpu_15:24.977
4.7.0-copy-plus-hp-strict:enp4s0f1_tx_packets:185716.9
4.7.0-copy-plus-hp-strict:enp4s0f1_rx_bytes_phy:21682065.6
4.7.0-copy-plus-hp-strict:cpu_18:47.352
4.7.0-copy-plus-hp-strict:enp130s0f1_rx_bytes:0
4.7.0-copy-plus-hp-strict:enp4s0f0_tx_bytes_phy:0
4.7.0-copy-plus-hp-strict:enp4s0f1_tx_queue_stopped:0
4.7.0-copy-plus-hp-strict:cpu_16:52.687
4.7.0-copy-plus-hp-strict:enp130s0f1_tx_bytes:0
4.7.0-copy-plus-hp-strict:enp4s0f1_rx_bytes:20346137.1
4.7.0-copy-plus-hp-strict:enp4s0f1_tx_packets_phy:1297905.7
4.7.0-copy-plus-hp-strict:cpu_8:52.831
4.7.0-copy-plus-hp-strict:LLC-load:1235586299.9
4.7.0-copy-plus-hp-strict:SKT0_ipc:0.219
4.7.0-copy-plus-hp-strict:Read:27095.351
4.7.0-copy-plus-hp-strict:Memory:50727.776
4.7.0-copy-plus-hp-strict:LLC-store-misses:159180969.8
4.7.0-copy-plus-hp-strict:SKT0_l3mpi:0.055
4.7.0-copy-plus-hp-strict:enp130s0f0_rx_bytes_phy:0
4.7.0-copy-plus-hp-strict:enp130s0f0_tx_packets_phy:0
4.7.0-copy-plus-hp-strict:SKT1_l2hit:0.234
4.7.0-copy-plus-hp-strict:TOTAL_ipc:0.183
4.7.0-copy-plus-hp-strict:enp4s0f0_tx_packets_phy:0
4.7.0-copy-plus-hp-strict:cpu_24:57.675
4.7.0-copy-plus-hp-strict:Total_tx_packets:185716.9
4.7.0-copy-plus-hp-strict:TOTAL_l2miss:1864900000
4.7.0-copy-plus-hp-strict:TOTAL_l2mpi:0.083
4.7.0-copy-plus-hp-strict:cpu_7:32.414
4.7.0-copy-plus-hp-strict:Total_tx_bytes_phy:11704063328.7
4.7.0-copy-plus-hp-strict:SKT1_l2miss:551100000
4.7.0-copy-plus-hp-strict:enp130s0f0_rx_packets_phy:0
4.7.0-copy-plus-hp-strict:Total_rx_bytes_phy:21682065.6
4.7.0-copy-plus-hp-strict:enp4s0f0_rx_bytes_phy:0
4.7.0-copy-plus-hp-strict:cpu_23:16.85
4.7.0-copy-plus-hp-strict:LLC-load-misses:605318294.6
4.7.0-copy-plus-hp-strict:cpu_10:38.349
4.7.0-copy-plus-hp-strict:enp130s0f0_tx_bytes_phy:0
4.7.0-copy-plus-hp-strict:Total_tx_packets_phy:1297905.7
4.7.0-copy-plus-hp-strict:SKT0_l2miss:1313400000
4.7.0-copy-plus-hp-strict:enp130s0f1_tx_bytes_phy:0
4.7.0-copy-plus-hp-strict:cpu_total:33.023
4.7.0-copy-plus-hp-strict:enp130s0f0_tx_packets:0
4.7.0-copy-plus-hp-strict:SKT0_l2hit:0.291
4.7.0-copy-plus-hp-strict:enp4s0f1_tx_bytes_phy:11704063328.7
4.7.0-copy-plus-hp-strict:SKT1_l3mpi:0.151
4.7.0-copy-plus-hp-strict:Write:23632.428
4.7.0-copy-plus-hp-strict:cpu_14:44.03
4.7.0-copy-plus-hp-strict:cache-references:5053858179
4.7.0-copy-plus-hp-strict:enp4s0f1_tx_bytes:11696744544.5
4.7.0-copy-plus-hp-strict:TOTAL_l3miss:1513000000
4.7.0-copy-plus-hp-strict:SKT0_l3hit:0.208
4.7.0-copy-plus-hp-strict:instructions:21561525805.1
4.7.0-copy-plus-hp-strict:cpu_22:50.467
4.7.0-copy-plus-hp-strict:cpu_11:18.495
4.7.0-copy-plus-hp-strict:cpu_27:13.033
4.7.0-copy-plus-hp-strict:enp130s0f0_rx_bytes:0
4.7.0-copy-plus-hp-strict:cpu_1:21.986
4.7.0-copy-plus-hp-strict:cpu_6:46.458
4.7.0-copy-plus-hp-strict:enp4s0f0_rx_bytes:0
4.7.0-copy-plus-hp-strict:SKT1_ipc:0.093
4.7.0-copy-plus-hp-strict:enp4s0f0_tx_queue_stopped:0
4.7.0-copy-plus-hp-strict:Total_rx_bytes:20346137.1
4.7.0-copy-plus-hp-strict:SKT1_l3miss:471500000
4.7.0-copy-plus-hp-strict:cycles:116866543795.8
4.7.0-copy-plus-hp-strict:cpu_12:50.317
4.7.0-copy-plus-hp-strict:SKT1_l2mpi:0.176
4.7.0-copy-plus-hp-strict:enp130s0f0_rx_packets:0
4.7.0-copy-plus-hp-strict:cpu_5:19.268
4.7.0-copy-plus-hp-strict:TOTAL_l2hit:0.276
4.7.0-copy-plus-hp-strict:cpu_0:10.454
4.7.0-copy-plus-hp-strict:LLC-store:1888358256.3
4.7.0-copy-plus-hp-strict:SKT0_l3miss:1040900000
4.7.0-copy-plus-hp-strict:TOTAL_l3mpi:0.07
4.7.0-copy-plus-hp-strict:enp130s0f1_rx_packets_phy:0
4.7.0-copy-plus-hp-strict:cpu_25:15.124
4.7.0-copy-plus-hp-strict:cpu_3:25.774
4.7.0-copy-plus-hp-strict:cpu_19:5.997
4.7.0-copy-plus-hp-strict:enp4s0f1_rx_packets:305184
4.7.0-copy-plus-hp-strict:Total_tx_bytes:11696744544.5
4.7.0-copy-plus-hp-strict:enp130s0f1_rx_packets:0
4.7.0-copy-plus-hp-strict:cpu_2:49.257
4.7.0-copy-plus-hp-strict:16384:87380
4.7.0-copy-plus-hp-strict:enp4s0f0_tx_bytes:0
4.7.0-damn-strict:SKT0_l2hit:0.371
4.7.0-damn-strict:cpu_total:17.192
4.7.0-damn-strict:enp130s0f0_tx_packets:0
4.7.0-damn-strict:enp4s0f1_tx_bytes_phy:11354041354.7
4.7.0-damn-strict:SKT1_l3mpi:0.148
4.7.0-damn-strict:Write:11620.591
4.7.0-damn-strict:cpu_14:17.808
4.7.0-damn-strict:TOTAL_l3miss:515100000
4.7.0-damn-strict:SKT0_l3hit:0.269
4.7.0-damn-strict:instructions:17778382632.2
4.7.0-damn-strict:enp4s0f1_tx_bytes:11348543962.8
4.7.0-damn-strict:cache-references:2449196120
4.7.0-damn-strict:enp130s0f0_rx_bytes:0
4.7.0-damn-strict:cpu_27:9.353
4.7.0-damn-strict:cpu_11:17.127
4.7.0-damn-strict:cpu_22:20.742
4.7.0-damn-strict:cpu_1:15.672
4.7.0-damn-strict:cpu_6:19.389
4.7.0-damn-strict:Total_rx_bytes:21836991.8
4.7.0-damn-strict:enp4s0f0_tx_queue_stopped:0
4.7.0-damn-strict:SKT1_l3miss:284300000
4.7.0-damn-strict:cycles:61099419709.7
4.7.0-damn-strict:enp4s0f0_rx_bytes:0
4.7.0-damn-strict:SKT1_ipc:0.07
4.7.0-damn-strict:cpu_12:19.087
4.7.0-damn-strict:SKT1_l2mpi:0.175
4.7.0-damn-strict:enp130s0f0_rx_packets:0
4.7.0-damn-strict:cpu_5:11.815
4.7.0-damn-strict:TOTAL_l2hit:0.331
4.7.0-damn-strict:LLC-store:933418604.7
4.7.0-damn-strict:SKT0_l3miss:230300000
4.7.0-damn-strict:cpu_0:14.398
4.7.0-damn-strict:TOTAL_l3mpi:0.03
4.7.0-damn-strict:enp130s0f1_rx_packets_phy:0
4.7.0-damn-strict:cpu_19:12.193
4.7.0-damn-strict:enp4s0f1_rx_packets:327306.2
4.7.0-damn-strict:Total_tx_bytes:11348543962.8
4.7.0-damn-strict:enp130s0f1_rx_packets:0
4.7.0-damn-strict:cpu_25:14.009
4.7.0-damn-strict:cpu_3:18.58
4.7.0-damn-strict:enp4s0f0_tx_bytes:0
4.7.0-damn-strict:cpu_2:23.048
4.7.0-damn-strict:16384:87380
4.7.0-damn-strict:cpu_17:12.663
4.7.0-damn-strict:SKT0_l2mpi:0.02
4.7.0-damn-strict:cpu_26:22.308
4.7.0-damn-strict:TOTAL_l3hit:0.213
4.7.0-damn-strict:cpu_21:13.752
4.7.0-damn-strict:enp4s0f0_tx_packets:0
4.7.0-damn-strict:cpu_4:16.634
4.7.0-damn-strict:enp130s0f1_tx_packets:0
4.7.0-damn-strict:enp130s0f0_tx_bytes:0
4.7.0-damn-strict:enp4s0f1_rx_packets_phy:328703.7
4.7.0-damn-strict:enp130s0f0_tx_queue_stopped:0
4.7.0-damn-strict:enp4s0f0_rx_packets:0
4.7.0-damn-strict:Total_rx_packets:327306.2
4.7.0-damn-strict:cpu_9:19.554
4.7.0-damn-strict:SKT1_l3hit:0.159
4.7.0-damn-strict:cpu_20:18.493
4.7.0-damn-strict:enp4s0f0_rx_packets_phy:0
4.7.0-damn-strict:Total_rx_packets_phy:328703.7
4.7.0-damn-strict:cache-misses:496584852.9
4.7.0-damn-strict:enp130s0f1_tx_packets_phy:0
4.7.0-damn-strict:enp130s0f1_rx_bytes_phy:0
4.7.0-damn-strict:cpu_13:19.375
4.7.0-damn-strict:enp4s0f1_tx_packets:180493.3
4.7.0-damn-strict:enp4s0f1_rx_bytes_phy:23235629
4.7.0-damn-strict:Total_tx_queue_stopped:0
4.7.0-damn-strict:cpu_15:18.095
4.7.0-damn-strict:enp130s0f1_tx_queue_stopped:0
4.7.0-damn-strict:enp4s0f0_tx_bytes_phy:0
4.7.0-damn-strict:enp4s0f1_tx_queue_stopped:0
4.7.0-damn-strict:cpu_16:21.418
4.7.0-damn-strict:cpu_18:19.765
4.7.0-damn-strict:enp130s0f1_rx_bytes:0
4.7.0-damn-strict:enp4s0f1_tx_packets_phy:1259048.7
4.7.0-damn-strict:cpu_8:21.036
4.7.0-damn-strict:enp4s0f1_rx_bytes:21836991.8
4.7.0-damn-strict:LLC-load:481900722.7
4.7.0-damn-strict:SKT0_ipc:0.46
4.7.0-damn-strict:enp130s0f1_tx_bytes:0
4.7.0-damn-strict:LLC-store-misses:143163757.2
4.7.0-damn-strict:SKT0_l3mpi:0.012
4.7.0-damn-strict:Memory:31637.643
4.7.0-damn-strict:Read:20017.05
4.7.0-damn-strict:enp130s0f0_tx_packets_phy:0
4.7.0-damn-strict:enp130s0f0_rx_bytes_phy:0
4.7.0-damn-strict:enp4s0f0_tx_packets_phy:0
4.7.0-damn-strict:SKT1_l2hit:0.288
4.7.0-damn-strict:TOTAL_ipc:0.291
4.7.0-damn-strict:TOTAL_l2miss:653500000
4.7.0-damn-strict:TOTAL_l2mpi:0.04
4.7.0-damn-strict:cpu_24:19.376
4.7.0-damn-strict:Total_tx_packets:180493.3
4.7.0-damn-strict:Total_tx_bytes_phy:11354041354.7
4.7.0-damn-strict:SKT1_l2miss:337800000
4.7.0-damn-strict:enp130s0f0_rx_packets_phy:0
4.7.0-damn-strict:cpu_7:16.448
4.7.0-damn-strict:Total_rx_bytes_phy:23235629
4.7.0-damn-strict:enp4s0f0_rx_bytes_phy:0
4.7.0-damn-strict:cpu_10:20.173
4.7.0-damn-strict:cpu_23:8.554
4.7.0-damn-strict:LLC-load-misses:145364966.8
4.7.0-damn-strict:Total_tx_packets_phy:1259048.7
4.7.0-damn-strict:enp130s0f1_tx_bytes_phy:0
4.7.0-damn-strict:SKT0_l2miss:315400000
4.7.0-damn-strict:enp130s0f0_tx_bytes_phy:0
4.7.0-defer:cpu_7:19.618
4.7.0-defer:Total_tx_bytes_phy:11450545046.1
4.7.0-defer:SKT1_l2miss:444000000
4.7.0-defer:enp130s0f0_rx_packets_phy:0
4.7.0-defer:Total_rx_bytes_phy:23275049.4
4.7.0-defer:enp4s0f0_rx_bytes_phy:0
4.7.0-defer:cpu_23:11.657
4.7.0-defer:LLC-load-misses:236447266.4
4.7.0-defer:cpu_10:23.713
4.7.0-defer:enp130s0f0_tx_bytes_phy:0
4.7.0-defer:Total_tx_packets_phy:1269745.8
4.7.0-defer:SKT0_l2miss:451000000
4.7.0-defer:enp130s0f1_tx_bytes_phy:0
4.7.0-defer:Read:23119.868
4.7.0-defer:Memory:34691.179
4.7.0-defer:LLC-store-misses:135702284.8
4.7.0-defer:SKT0_l3mpi:0.01
4.7.0-defer:enp130s0f0_tx_packets_phy:0
4.7.0-defer:enp130s0f0_rx_bytes_phy:0
4.7.0-defer:SKT1_l2hit:0.222
4.7.0-defer:TOTAL_ipc:0.379
4.7.0-defer:enp4s0f0_tx_packets_phy:0
4.7.0-defer:cpu_24:25.37
4.7.0-defer:Total_tx_packets:181446.7
4.7.0-defer:TOTAL_l2miss:895200000
4.7.0-defer:TOTAL_l2mpi:0.03
4.7.0-defer:enp130s0f1_tx_packets_phy:0
4.7.0-defer:enp130s0f1_rx_bytes_phy:0
4.7.0-defer:cpu_13:17.983
4.7.0-defer:cache-misses:703800084.7
4.7.0-defer:Total_tx_queue_stopped:0
4.7.0-defer:cpu_15:14.68
4.7.0-defer:enp130s0f1_tx_queue_stopped:0
4.7.0-defer:enp4s0f1_tx_packets:181446.7
4.7.0-defer:enp4s0f1_rx_bytes_phy:23275049.4
4.7.0-defer:cpu_18:25.462
4.7.0-defer:enp130s0f1_rx_bytes:0
4.7.0-defer:enp4s0f0_tx_bytes_phy:0
4.7.0-defer:enp4s0f1_tx_queue_stopped:0
4.7.0-defer:cpu_16:22.932
4.7.0-defer:enp130s0f1_tx_bytes:0
4.7.0-defer:enp4s0f1_rx_bytes:21735051
4.7.0-defer:enp4s0f1_tx_packets_phy:1269745.8
4.7.0-defer:cpu_8:21.777
4.7.0-defer:SKT0_ipc:0.55
4.7.0-defer:LLC-load:599874043.2
4.7.0-defer:cpu_26:25.069
4.7.0-defer:TOTAL_l3hit:0.177
4.7.0-defer:SKT0_l2mpi:0.02
4.7.0-defer:cpu_17:10.311
4.7.0-defer:enp130s0f1_tx_packets:0
4.7.0-defer:enp130s0f0_tx_bytes:0
4.7.0-defer:enp130s0f0_tx_queue_stopped:0
4.7.0-defer:enp4s0f1_rx_packets_phy:330809.6
4.7.0-defer:enp4s0f0_rx_packets:0
4.7.0-defer:cpu_4:28.681
4.7.0-defer:enp4s0f0_tx_packets:0
4.7.0-defer:cpu_21:10.789
4.7.0-defer:cpu_9:20.7
4.7.0-defer:SKT1_l3hit:0.129
4.7.0-defer:cpu_20:25.76
4.7.0-defer:Total_rx_packets:327198
4.7.0-defer:Total_rx_packets_phy:330809.6
4.7.0-defer:enp4s0f0_rx_packets_phy:0
4.7.0-defer:enp130s0f1_rx_packets_phy:0
4.7.0-defer:cpu_25:9.035
4.7.0-defer:cpu_3:19.039
4.7.0-defer:Total_tx_bytes:11445351580.8
4.7.0-defer:enp4s0f1_rx_packets:327198
4.7.0-defer:cpu_19:6.024
4.7.0-defer:enp130s0f1_rx_packets:0
4.7.0-defer:cpu_2:21.963
4.7.0-defer:16384:87380
4.7.0-defer:enp4s0f0_tx_bytes:0
4.7.0-defer:TOTAL_l2hit:0.288
4.7.0-defer:cpu_0:14.863
4.7.0-defer:LLC-store:960138376.8
4.7.0-defer:SKT0_l3miss:348800000
4.7.0-defer:TOTAL_l3mpi:0.028
4.7.0-defer:cpu_1:20.895
4.7.0-defer:cpu_6:28.573
4.7.0-defer:SKT1_ipc:0.099
4.7.0-defer:enp4s0f0_rx_bytes:0
4.7.0-defer:enp4s0f0_tx_queue_stopped:0
4.7.0-defer:Total_rx_bytes:21735051
4.7.0-defer:cycles:71741093564.9
4.7.0-defer:SKT1_l3miss:387200000
4.7.0-defer:cpu_12:29.148
4.7.0-defer:SKT1_l2mpi:0.165
4.7.0-defer:enp130s0f0_rx_packets:0
4.7.0-defer:cpu_5:19.825
4.7.0-defer:cpu_total:19.935
4.7.0-defer:enp130s0f0_tx_packets:0
4.7.0-defer:SKT0_l2hit:0.346
4.7.0-defer:SKT1_l3mpi:0.144
4.7.0-defer:enp4s0f1_tx_bytes_phy:11450545046.1
4.7.0-defer:Write:11571.311
4.7.0-defer:cpu_14:28.276
4.7.0-defer:cache-references:2670359592.4
4.7.0-defer:SKT0_l3hit:0.226
4.7.0-defer:TOTAL_l3miss:736300000
4.7.0-defer:instructions:27153917867.1
4.7.0-defer:enp4s0f1_tx_bytes:11445351580.8
4.7.0-defer:cpu_22:25.652
4.7.0-defer:cpu_11:19.245
4.7.0-defer:enp130s0f0_rx_bytes:0
4.7.0-defer:cpu_27:11.753
4.7.0-strict:enp130s0f1_tx_bytes:0
4.7.0-strict:enp4s0f1_rx_bytes:17050182.5
4.7.0-strict:enp4s0f1_tx_packets_phy:1173721.7
4.7.0-strict:cpu_8:71.13
4.7.0-strict:LLC-load:554078882.3
4.7.0-strict:SKT0_ipc:0.336
4.7.0-strict:cpu_18:63.716
4.7.0-strict:enp130s0f1_rx_bytes:0
4.7.0-strict:enp4s0f0_tx_bytes_phy:0
4.7.0-strict:enp4s0f1_tx_queue_stopped:102.6
4.7.0-strict:cpu_16:72.614
4.7.0-strict:cpu_15:12.9
4.7.0-strict:Total_tx_queue_stopped:102.6
4.7.0-strict:enp130s0f1_tx_queue_stopped:0
4.7.0-strict:enp4s0f1_tx_packets:168083.7
4.7.0-strict:enp4s0f1_rx_bytes_phy:18083809.1
4.7.0-strict:enp130s0f1_rx_bytes_phy:0
4.7.0-strict:enp130s0f1_tx_packets_phy:0
4.7.0-strict:cpu_13:10.944
4.7.0-strict:cache-misses:507614569
4.7.0-strict:Total_rx_packets_phy:255214.1
4.7.0-strict:enp4s0f0_rx_packets_phy:0
4.7.0-strict:cpu_9:7.651
4.7.0-strict:SKT1_l3hit:0.178
4.7.0-strict:cpu_20:60.804
4.7.0-strict:Total_rx_packets:254998.3
4.7.0-strict:enp130s0f1_tx_packets:0
4.7.0-strict:enp130s0f0_tx_bytes:0
4.7.0-strict:enp130s0f0_tx_queue_stopped:0
4.7.0-strict:enp4s0f0_rx_packets:0
4.7.0-strict:enp4s0f1_rx_packets_phy:255214.1
4.7.0-strict:cpu_21:8.434
4.7.0-strict:enp4s0f0_tx_packets:0
4.7.0-strict:cpu_4:68.519
4.7.0-strict:cpu_26:53.814
4.7.0-strict:TOTAL_l3hit:0.294
4.7.0-strict:cpu_17:8.23
4.7.0-strict:SKT0_l2mpi:0.011
4.7.0-strict:enp130s0f0_tx_bytes_phy:0
4.7.0-strict:Total_tx_packets_phy:1173721.7
4.7.0-strict:enp130s0f1_tx_bytes_phy:0
4.7.0-strict:SKT0_l2miss:463900000
4.7.0-strict:cpu_23:9.108
4.7.0-strict:LLC-load-misses:172451466.2
4.7.0-strict:cpu_10:83.814
4.7.0-strict:Total_rx_bytes_phy:18083809.1
4.7.0-strict:enp4s0f0_rx_bytes_phy:0
4.7.0-strict:cpu_7:13.379
4.7.0-strict:Total_tx_bytes_phy:10583819497.2
4.7.0-strict:SKT1_l2miss:226900000
4.7.0-strict:enp130s0f0_rx_packets_phy:0
4.7.0-strict:cpu_24:60.036
4.7.0-strict:Total_tx_packets:168083.7
4.7.0-strict:TOTAL_l2miss:691200000
4.7.0-strict:TOTAL_l2mpi:0.02
4.7.0-strict:SKT1_l2hit:0.324
4.7.0-strict:TOTAL_ipc:0.309
4.7.0-strict:enp4s0f0_tx_packets_phy:0
4.7.0-strict:enp130s0f0_tx_packets_phy:0
4.7.0-strict:enp130s0f0_rx_bytes_phy:0
4.7.0-strict:Memory:24470.693
4.7.0-strict:Read:16380.648
4.7.0-strict:LLC-store-misses:91206851.6
4.7.0-strict:SKT0_l3mpi:0.01
4.7.0-strict:cpu_5:7.461
4.7.0-strict:cpu_12:81.567
4.7.0-strict:enp130s0f0_rx_packets:0
4.7.0-strict:SKT1_l2mpi:0.107
4.7.0-strict:SKT1_ipc:0.138
4.7.0-strict:enp4s0f0_rx_bytes:0
4.7.0-strict:Total_rx_bytes:17050182.5
4.7.0-strict:enp4s0f0_tx_queue_stopped:0
4.7.0-strict:SKT1_l3miss:186700000
4.7.0-strict:cycles:122111961021
4.7.0-strict:cpu_1:9.402
4.7.0-strict:cpu_6:83.133
4.7.0-strict:cpu_11:7.463
4.7.0-strict:cpu_22:44.365
4.7.0-strict:enp130s0f0_rx_bytes:0
4.7.0-strict:cpu_27:7.163
4.7.0-strict:cache-references:2609433090.7
4.7.0-strict:TOTAL_l3miss:488100000
4.7.0-strict:enp4s0f1_tx_bytes:10579734205.8
4.7.0-strict:SKT0_l3hit:0.352
4.7.0-strict:instructions:37447670003.8
4.7.0-strict:SKT1_l3mpi:0.089
4.7.0-strict:enp4s0f1_tx_bytes_phy:10583819497.2
4.7.0-strict:Write:8090.043
4.7.0-strict:cpu_14:66.603
4.7.0-strict:cpu_total:36.04
4.7.0-strict:enp130s0f0_tx_packets:0
4.7.0-strict:SKT0_l2hit:0.351
4.7.0-strict:cpu_2:61.219
4.7.0-strict:16384:87380
4.7.0-strict:enp4s0f0_tx_bytes:0
4.7.0-strict:cpu_25:8.434
4.7.0-strict:cpu_3:9.682
4.7.0-strict:Total_tx_bytes:10579734205.8
4.7.0-strict:cpu_19:7.27
4.7.0-strict:enp4s0f1_rx_packets:254998.3
4.7.0-strict:enp130s0f1_rx_packets:0
4.7.0-strict:enp130s0f1_rx_packets_phy:0
4.7.0-strict:TOTAL_l3mpi:0.01
4.7.0-strict:cpu_0:10.859
4.7.0-strict:LLC-store:953286984.9
4.7.0-strict:SKT0_l3miss:300800000
4.7.0-strict:TOTAL_l2hit:0.341
4.7.0-unsafe:Total_tx_bytes_phy:11525401597.4
4.7.0-unsafe:SKT1_l2miss:465800000
4.7.0-unsafe:enp130s0f0_rx_packets_phy:0
4.7.0-unsafe:cpu_7:14.439
4.7.0-unsafe:Total_rx_bytes_phy:24212005.9
4.7.0-unsafe:enp4s0f0_rx_bytes_phy:0
4.7.0-unsafe:cpu_10:18.604
4.7.0-unsafe:cpu_23:13.427
4.7.0-unsafe:LLC-load-misses:229604160
4.7.0-unsafe:Total_tx_packets_phy:1278044.3
4.7.0-unsafe:SKT0_l2miss:412700000
4.7.0-unsafe:enp130s0f1_tx_bytes_phy:0
4.7.0-unsafe:enp130s0f0_tx_bytes_phy:0
4.7.0-unsafe:LLC-store-misses:132650817.8
4.7.0-unsafe:SKT0_l3mpi:0.02
4.7.0-unsafe:Memory:34333.01
4.7.0-unsafe:Read:22902.462
4.7.0-unsafe:enp130s0f0_tx_packets_phy:0
4.7.0-unsafe:enp130s0f0_rx_bytes_phy:0
4.7.0-unsafe:enp4s0f0_tx_packets_phy:0
4.7.0-unsafe:SKT1_l2hit:0.213
4.7.0-unsafe:TOTAL_ipc:0.296
4.7.0-unsafe:TOTAL_l2miss:878800000
4.7.0-unsafe:TOTAL_l2mpi:0.045
4.7.0-unsafe:cpu_24:19.782
4.7.0-unsafe:Total_tx_packets:182761.5
4.7.0-unsafe:cache-misses:692977536.1
4.7.0-unsafe:enp130s0f1_rx_bytes_phy:0
4.7.0-unsafe:enp130s0f1_tx_packets_phy:0
4.7.0-unsafe:cpu_13:15.669
4.7.0-unsafe:enp4s0f1_tx_packets:182761.5
4.7.0-unsafe:enp4s0f1_rx_bytes_phy:24212005.9
4.7.0-unsafe:Total_tx_queue_stopped:0
4.7.0-unsafe:enp130s0f1_tx_queue_stopped:0
4.7.0-unsafe:cpu_15:19.186
4.7.0-unsafe:enp4s0f0_tx_bytes_phy:0
4.7.0-unsafe:enp4s0f1_tx_queue_stopped:0
4.7.0-unsafe:cpu_16:19.092
4.7.0-unsafe:cpu_18:22.906
4.7.0-unsafe:enp130s0f1_rx_bytes:0
4.7.0-unsafe:enp4s0f1_rx_bytes:22631055.6
4.7.0-unsafe:enp4s0f1_tx_packets_phy:1278044.3
4.7.0-unsafe:cpu_8:24.57
4.7.0-unsafe:SKT0_ipc:0.446
4.7.0-unsafe:LLC-load:573141044.4
4.7.0-unsafe:enp130s0f1_tx_bytes:0
4.7.0-unsafe:SKT0_l2mpi:0.024
4.7.0-unsafe:cpu_17:9.761
4.7.0-unsafe:cpu_26:24.555
4.7.0-unsafe:TOTAL_l3hit:0.162
4.7.0-unsafe:cpu_21:11.49
4.7.0-unsafe:enp4s0f0_tx_packets:0
4.7.0-unsafe:cpu_4:17.258
4.7.0-unsafe:enp130s0f0_tx_bytes:0
4.7.0-unsafe:enp130s0f1_tx_packets:0
4.7.0-unsafe:enp130s0f0_tx_queue_stopped:0
4.7.0-unsafe:enp4s0f1_rx_packets_phy:344161.3
4.7.0-unsafe:enp4s0f0_rx_packets:0
4.7.0-unsafe:Total_rx_packets:340759.2
4.7.0-unsafe:cpu_9:19.689
4.7.0-unsafe:SKT1_l3hit:0.123
4.7.0-unsafe:cpu_20:25.733
4.7.0-unsafe:enp4s0f0_rx_packets_phy:0
4.7.0-unsafe:Total_rx_packets_phy:344161.3
4.7.0-unsafe:enp130s0f1_rx_packets_phy:0
4.7.0-unsafe:enp4s0f1_rx_packets:340759.2
4.7.0-unsafe:cpu_19:8.764
4.7.0-unsafe:Total_tx_bytes:11519806679.7
4.7.0-unsafe:enp130s0f1_rx_packets:0
4.7.0-unsafe:cpu_25:6.926
4.7.0-unsafe:cpu_3:18.808
4.7.0-unsafe:enp4s0f0_tx_bytes:0
4.7.0-unsafe:cpu_2:20.859
4.7.0-unsafe:16384:87380
4.7.0-unsafe:TOTAL_l2hit:0.268
4.7.0-unsafe:LLC-store:950434842
4.7.0-unsafe:SKT0_l3miss:326500000
4.7.0-unsafe:cpu_0:15.315
4.7.0-unsafe:TOTAL_l3mpi:0.04
4.7.0-unsafe:cpu_1:14.996
4.7.0-unsafe:cpu_6:18.986
4.7.0-unsafe:Total_rx_bytes:22631055.6
4.7.0-unsafe:enp4s0f0_tx_queue_stopped:0
4.7.0-unsafe:cycles:64673584063.9
4.7.0-unsafe:SKT1_l3miss:408300000
4.7.0-unsafe:SKT1_ipc:0.092
4.7.0-unsafe:enp4s0f0_rx_bytes:0
4.7.0-unsafe:cpu_12:23.402
4.7.0-unsafe:SKT1_l2mpi:0.175
4.7.0-unsafe:enp130s0f0_rx_packets:0
4.7.0-unsafe:cpu_5:15.966
4.7.0-unsafe:SKT0_l2hit:0.32
4.7.0-unsafe:cpu_total:17.603
4.7.0-unsafe:enp130s0f0_tx_packets:0
4.7.0-unsafe:Write:11430.548
4.7.0-unsafe:SKT1_l3mpi:0.152
4.7.0-unsafe:enp4s0f1_tx_bytes_phy:11525401597.4
4.7.0-unsafe:cpu_14:22.915
4.7.0-unsafe:instructions:19478435064.8
4.7.0-unsafe:TOTAL_l3miss:735500000
4.7.0-unsafe:SKT0_l3hit:0.209
4.7.0-unsafe:enp4s0f1_tx_bytes:11519806679.7
4.7.0-unsafe:cache-references:2621059329
4.7.0-unsafe:enp130s0f0_rx_bytes:0
4.7.0-unsafe:cpu_27:12.09
4.7.0-unsafe:cpu_22:21.442
4.7.0-unsafe:cpu_11:16.842
