4.7.0-copy-plus-strict:cpu_20:10.94
4.7.0-copy-plus-strict:instructions:23660403237.6
4.7.0-copy-plus-strict:SKT0_l2miss:554800000
4.7.0-copy-plus-strict:SKT1_l3mpi:0.03
4.7.0-copy-plus-strict:cpu_24:10.174
4.7.0-copy-plus-strict:cpu_8:28.784
4.7.0-copy-plus-strict:TOTAL_ipc:0.3
4.7.0-copy-plus-strict:cpu_12:25.042
4.7.0-copy-plus-strict:cpu_22:9.776
4.7.0-copy-plus-strict:cpu_17:11.738
4.7.0-copy-plus-strict:Memory:31178.9
4.7.0-copy-plus-strict:cache-references:3874074129.2
4.7.0-copy-plus-strict:cpu_11:30.356
4.7.0-copy-plus-strict:enp130s0f0_tx_bytes_phy:7364078
4.7.0-copy-plus-strict:enp4s0f1_tx_bytes_phy:0
4.7.0-copy-plus-strict:SKT1_l3miss:389200000
4.7.0-copy-plus-strict:Read:13123.314
4.7.0-copy-plus-strict:Total_rx_packets:418519.2
4.7.0-copy-plus-strict:TOTAL_l2miss:1173800000
4.7.0-copy-plus-strict:TOTAL_l3hit:0.298
4.7.0-copy-plus-strict:enp4s0f1_tx_packets:0
4.7.0-copy-plus-strict:cpu_0:31.506
4.7.0-copy-plus-strict:enp130s0f0_tx_packets_phy:84998.4
4.7.0-copy-plus-strict:SKT1_l2mpi:0.048
4.7.0-copy-plus-strict:SKT0_ipc:0.3
4.7.0-copy-plus-strict:enp130s0f0_rx_bytes_phy:4068573250.4
4.7.0-copy-plus-strict:enp130s0f1_rx_packets:328481.6
4.7.0-copy-plus-strict:enp4s0f1_rx_bytes:0
4.7.0-copy-plus-strict:enp130s0f0_rx_bytes:3890940727.8
4.7.0-copy-plus-strict:enp4s0f1_rx_packets:0
4.7.0-copy-plus-strict:enp130s0f1_rx_packets_phy:553143.2
4.7.0-copy-plus-strict:cpu_4:24.448
4.7.0-copy-plus-strict:enp4s0f1_tx_bytes:0
4.7.0-copy-plus-strict:cpu_26:9.778
4.7.0-copy-plus-strict:cache-misses:827436203.2
4.7.0-copy-plus-strict:TOTAL_l3miss:821000000
4.7.0-copy-plus-strict:enp130s0f1_tx_packets_phy:202966.6
4.7.0-copy-plus-strict:TOTAL_l2hit:0.42
4.7.0-copy-plus-strict:cycles:78310794443.2
4.7.0-copy-plus-strict:Total_tx_packets_phy:287965
4.7.0-copy-plus-strict:LLC-load:964663593.6
4.7.0-copy-plus-strict:enp4s0f0_tx_queue_stopped:0
4.7.0-copy-plus-strict:Total_rx_bytes_phy:9056823400.6
4.7.0-copy-plus-strict:cpu_19:17.428
4.7.0-copy-plus-strict:cpu_27:25.66
4.7.0-copy-plus-strict:cpu_5:28.562
4.7.0-copy-plus-strict:enp4s0f0_rx_bytes_phy:0
4.7.0-copy-plus-strict:Total_rx_packets_phy:1004521.6
4.7.0-copy-plus-strict:TOTAL_l3mpi:0.036
4.7.0-copy-plus-strict:SKT1_ipc:0.302
4.7.0-copy-plus-strict:enp4s0f0_rx_packets_phy:0
4.7.0-copy-plus-strict:LLC-store:1395002048.6
4.7.0-copy-plus-strict:Total_tx_queue_stopped:0
4.7.0-copy-plus-strict:enp130s0f1_tx_packets:202951.8
4.7.0-copy-plus-strict:LLC-store-misses:59315807
4.7.0-copy-plus-strict:enp130s0f1_rx_bytes_phy:4988250150.2
4.7.0-copy-plus-strict:enp130s0f1_tx_bytes:13769527.4
4.7.0-copy-plus-strict:enp130s0f1_tx_bytes_phy:14582585.6
4.7.0-copy-plus-strict:enp4s0f0_tx_bytes_phy:0
4.7.0-copy-plus-strict:Total_tx_packets:287957.8
4.7.0-copy-plus-strict:Total_tx_bytes:20793901.8
4.7.0-copy-plus-strict:cpu_6:17.764
4.7.0-copy-plus-strict:cpu_9:34.814
4.7.0-copy-plus-strict:enp130s0f0_tx_packets:85006
4.7.0-copy-plus-strict:cpu_14:10.764
4.7.0-copy-plus-strict:SKT1_l2hit:0.47
4.7.0-copy-plus-strict:16384:87380
4.7.0-copy-plus-strict:enp4s0f0_rx_bytes:0
4.7.0-copy-plus-strict:cpu_7:27.77
4.7.0-copy-plus-strict:SKT0_l2mpi:0.054
4.7.0-copy-plus-strict:enp130s0f1_rx_bytes:4970195868.8
4.7.0-copy-plus-strict:Total_rx_bytes:8861136596.6
4.7.0-copy-plus-strict:enp4s0f1_tx_queue_stopped:0
4.7.0-copy-plus-strict:cpu_13:30.536
4.7.0-copy-plus-strict:enp4s0f1_rx_bytes_phy:0
4.7.0-copy-plus-strict:cpu_2:35.61
4.7.0-copy-plus-strict:SKT0_l3miss:431600000
4.7.0-copy-plus-strict:enp4s0f0_rx_packets:0
4.7.0-copy-plus-strict:enp4s0f0_tx_packets:0
4.7.0-copy-plus-strict:cpu_15:27.614
4.7.0-copy-plus-strict:SKT0_l3mpi:0.042
4.7.0-copy-plus-strict:cpu_21:17.022
4.7.0-copy-plus-strict:enp4s0f1_tx_packets_phy:0
4.7.0-copy-plus-strict:cpu_18:11.152
4.7.0-copy-plus-strict:SKT0_l2hit:0.348
4.7.0-copy-plus-strict:enp130s0f0_tx_queue_stopped:0
4.7.0-copy-plus-strict:enp130s0f1_tx_queue_stopped:0
4.7.0-copy-plus-strict:Total_tx_bytes_phy:21946663.6
4.7.0-copy-plus-strict:cpu_16:8.61
4.7.0-copy-plus-strict:enp4s0f0_tx_bytes:0
4.7.0-copy-plus-strict:enp130s0f0_tx_bytes:7024374.4
4.7.0-copy-plus-strict:enp130s0f0_rx_packets_phy:451378.4
4.7.0-copy-plus-strict:enp4s0f1_rx_packets_phy:0
4.7.0-copy-plus-strict:cpu_23:22.336
4.7.0-copy-plus-strict:cpu_10:36.422
4.7.0-copy-plus-strict:cpu_25:21.936
4.7.0-copy-plus-strict:cpu_3:38.566
4.7.0-copy-plus-strict:TOTAL_l2mpi:0.05
4.7.0-copy-plus-strict:Write:18055.584
4.7.0-copy-plus-strict:SKT1_l2miss:618200000
4.7.0-copy-plus-strict:SKT0_l3hit:0.22
4.7.0-copy-plus-strict:cpu_1:34.17
4.7.0-copy-plus-strict:enp130s0f0_rx_packets:90037.6
4.7.0-copy-plus-strict:LLC-load-misses:395619557.4
4.7.0-copy-plus-strict:enp4s0f0_tx_packets_phy:0
4.7.0-copy-plus-strict:cpu_total:22.81
4.7.0-copy-plus-strict:SKT1_l3hit:0.37
4.7.0-damn-strict:cpu_20:7.84
4.7.0-damn-strict:instructions:19139098768.8
4.7.0-damn-strict:TOTAL_ipc:0.452
4.7.0-damn-strict:cpu_24:12.156
4.7.0-damn-strict:SKT1_l3mpi:0.018
4.7.0-damn-strict:SKT0_l2miss:349000000
4.7.0-damn-strict:cpu_8:15.886
4.7.0-damn-strict:cpu_12:19.608
4.7.0-damn-strict:cpu_22:7.84
4.7.0-damn-strict:cpu_17:9.412
4.7.0-damn-strict:Memory:15931.834
4.7.0-damn-strict:cpu_11:15.49
4.7.0-damn-strict:cache-references:1945154418.8
4.7.0-damn-strict:enp130s0f0_tx_bytes_phy:4909219.8
4.7.0-damn-strict:TOTAL_l3hit:0.226
4.7.0-damn-strict:enp4s0f1_tx_packets:0
4.7.0-damn-strict:TOTAL_l2miss:598200000
4.7.0-damn-strict:SKT1_l3miss:173200000
4.7.0-damn-strict:Read:7432.022
4.7.0-damn-strict:Total_rx_packets:443855.4
4.7.0-damn-strict:enp4s0f1_tx_bytes_phy:0
4.7.0-damn-strict:cpu_0:18.826
4.7.0-damn-strict:enp130s0f0_tx_packets_phy:59278.2
4.7.0-damn-strict:SKT0_ipc:0.42
4.7.0-damn-strict:SKT1_l2mpi:0.022
4.7.0-damn-strict:enp130s0f0_rx_bytes_phy:3443956801.4
4.7.0-damn-strict:enp130s0f1_rx_packets:365183.2
4.7.0-damn-strict:enp4s0f1_rx_bytes:0
4.7.0-damn-strict:enp130s0f0_rx_bytes:3316679338.6
4.7.0-damn-strict:enp4s0f1_rx_packets:0
4.7.0-damn-strict:cpu_4:12.35
4.7.0-damn-strict:enp130s0f1_rx_packets_phy:553140
4.7.0-damn-strict:cache-misses:463098231.2
4.7.0-damn-strict:enp4s0f1_tx_bytes:0
4.7.0-damn-strict:cpu_26:9.606
4.7.0-damn-strict:enp130s0f1_tx_packets_phy:189220.4
4.7.0-damn-strict:TOTAL_l3miss:463600000
4.7.0-damn-strict:LLC-load:553384348.6
4.7.0-damn-strict:TOTAL_l2hit:0.326
4.7.0-damn-strict:cycles:43824438685.8
4.7.0-damn-strict:Total_tx_packets_phy:248498.6
4.7.0-damn-strict:Total_rx_bytes_phy:8432177905.6
4.7.0-damn-strict:enp4s0f0_tx_queue_stopped:0
4.7.0-damn-strict:cpu_19:8.82
4.7.0-damn-strict:cpu_5:17.258
4.7.0-damn-strict:cpu_27:13.528
4.7.0-damn-strict:enp4s0f0_rx_bytes_phy:0
4.7.0-damn-strict:Total_rx_packets_phy:935543
4.7.0-damn-strict:TOTAL_l3mpi:0.02
4.7.0-damn-strict:SKT1_ipc:0.486
4.7.0-damn-strict:LLC-store:639837459.8
4.7.0-damn-strict:enp4s0f0_rx_packets_phy:0
4.7.0-damn-strict:Total_tx_queue_stopped:0
4.7.0-damn-strict:enp130s0f1_tx_packets:189224.2
4.7.0-damn-strict:LLC-store-misses:21899313.8
4.7.0-damn-strict:enp130s0f1_rx_bytes_phy:4988221104.2
4.7.0-damn-strict:enp130s0f1_tx_bytes:12804705.2
4.7.0-damn-strict:enp130s0f1_tx_bytes_phy:13561342.6
4.7.0-damn-strict:enp4s0f0_tx_bytes_phy:0
4.7.0-damn-strict:cpu_6:13.92
4.7.0-damn-strict:Total_tx_bytes:17475691.8
4.7.0-damn-strict:Total_tx_packets:248479.2
4.7.0-damn-strict:enp130s0f0_tx_packets:59255
4.7.0-damn-strict:cpu_9:13.532
4.7.0-damn-strict:cpu_14:10.39
4.7.0-damn-strict:SKT1_l2hit:0.4
4.7.0-damn-strict:16384:87380
4.7.0-damn-strict:enp4s0f0_rx_bytes:0
4.7.0-damn-strict:cpu_7:13.138
4.7.0-damn-strict:enp130s0f1_rx_bytes:4973036425.4
4.7.0-damn-strict:SKT0_l2mpi:0.038
4.7.0-damn-strict:enp4s0f1_tx_queue_stopped:0
4.7.0-damn-strict:Total_rx_bytes:8289715764
4.7.0-damn-strict:cpu_13:10
4.7.0-damn-strict:enp4s0f1_rx_bytes_phy:0
4.7.0-damn-strict:cpu_2:16.08
4.7.0-damn-strict:SKT0_l3miss:290000000
4.7.0-damn-strict:enp4s0f0_tx_packets:0
4.7.0-damn-strict:cpu_15:7.448
4.7.0-damn-strict:enp4s0f0_rx_packets:0
4.7.0-damn-strict:enp4s0f1_tx_packets_phy:0
4.7.0-damn-strict:cpu_21:9.606
4.7.0-damn-strict:SKT0_l3mpi:0.03
4.7.0-damn-strict:enp130s0f1_tx_queue_stopped:0
4.7.0-damn-strict:enp130s0f0_tx_queue_stopped:0
4.7.0-damn-strict:SKT0_l2hit:0.262
4.7.0-damn-strict:cpu_18:10
4.7.0-damn-strict:cpu_16:9.214
4.7.0-damn-strict:Total_tx_bytes_phy:18470562.4
4.7.0-damn-strict:enp130s0f0_tx_bytes:4670986.6
4.7.0-damn-strict:enp4s0f0_tx_bytes:0
4.7.0-damn-strict:enp130s0f0_rx_packets_phy:382403
4.7.0-damn-strict:cpu_23:9.996
4.7.0-damn-strict:enp4s0f1_rx_packets_phy:0
4.7.0-damn-strict:cpu_10:12.156
4.7.0-damn-strict:cpu_25:11.958
4.7.0-damn-strict:cpu_3:16.67
4.7.0-damn-strict:TOTAL_l2mpi:0.03
4.7.0-damn-strict:SKT1_l2miss:248600000
4.7.0-damn-strict:Write:8499.81
4.7.0-damn-strict:SKT0_l3hit:0.168
4.7.0-damn-strict:LLC-load-misses:282225589.2
4.7.0-damn-strict:enp4s0f0_tx_packets_phy:0
4.7.0-damn-strict:cpu_1:17.062
4.7.0-damn-strict:enp130s0f0_rx_packets:78672.2
4.7.0-damn-strict:SKT1_l3hit:0.304
4.7.0-damn-strict:cpu_total:12.534
4.7.0-deff:instructions:25616198202
4.7.0-deff:cpu_20:8.232
4.7.0-deff:cpu_12:12.354
4.7.0-deff:cpu_22:8.626
4.7.0-deff:TOTAL_ipc:0.496
4.7.0-deff:SKT0_l2miss:383000000
4.7.0-deff:SKT1_l3mpi:0.01
4.7.0-deff:cpu_24:9.802
4.7.0-deff:cpu_8:16.864
4.7.0-deff:cache-references:2119178224.8
4.7.0-deff:cpu_11:14.314
4.7.0-deff:enp130s0f0_tx_bytes_phy:5278541.6
4.7.0-deff:cpu_17:11.958
4.7.0-deff:Memory:17052.572
4.7.0-deff:enp130s0f0_tx_packets_phy:64092.8
4.7.0-deff:SKT0_ipc:0.414
4.7.0-deff:SKT1_l2mpi:0.02
4.7.0-deff:enp4s0f1_tx_packets:0
4.7.0-deff:TOTAL_l3hit:0.232
4.7.0-deff:TOTAL_l2miss:657000000
4.7.0-deff:Total_rx_packets:454058.6
4.7.0-deff:SKT1_l3miss:186200000
4.7.0-deff:Read:7975.652
4.7.0-deff:enp4s0f1_tx_bytes_phy:0
4.7.0-deff:cpu_0:23.53
4.7.0-deff:enp130s0f0_rx_bytes:3798775487.8
4.7.0-deff:enp130s0f1_rx_packets:369003
4.7.0-deff:enp130s0f0_rx_bytes_phy:3933110549.2
4.7.0-deff:enp4s0f1_rx_bytes:0
4.7.0-deff:cache-misses:511003862.6
4.7.0-deff:cpu_26:9.998
4.7.0-deff:enp4s0f1_tx_bytes:0
4.7.0-deff:enp130s0f1_tx_packets_phy:188276.8
4.7.0-deff:TOTAL_l3miss:503800000
4.7.0-deff:enp4s0f1_rx_packets:0
4.7.0-deff:cpu_4:18.43
4.7.0-deff:enp130s0f1_rx_packets_phy:553232.8
4.7.0-deff:cpu_19:12.154
4.7.0-deff:cpu_5:18.236
4.7.0-deff:cpu_27:11.96
4.7.0-deff:LLC-load:598775835.4
4.7.0-deff:TOTAL_l2hit:0.346
4.7.0-deff:cycles:52220926146.6
4.7.0-deff:Total_tx_packets_phy:252369.6
4.7.0-deff:Total_rx_bytes_phy:8922168290
4.7.0-deff:enp4s0f0_tx_queue_stopped:0
4.7.0-deff:LLC-store:681708203.2
4.7.0-deff:enp4s0f0_rx_packets_phy:0
4.7.0-deff:Total_tx_queue_stopped:0
4.7.0-deff:Total_rx_packets_phy:989777.8
4.7.0-deff:enp4s0f0_rx_bytes_phy:0
4.7.0-deff:SKT1_ipc:0.57
4.7.0-deff:TOTAL_l3mpi:0.02
4.7.0-deff:enp130s0f1_tx_bytes_phy:13510706
4.7.0-deff:enp4s0f0_tx_bytes_phy:0
4.7.0-deff:enp130s0f1_rx_bytes_phy:4989057740.8
4.7.0-deff:LLC-store-misses:23432275.8
4.7.0-deff:enp130s0f1_tx_bytes:12756897
4.7.0-deff:enp130s0f1_tx_packets:188267.2
4.7.0-deff:cpu_14:12.744
4.7.0-deff:SKT1_l2hit:0.438
4.7.0-deff:enp4s0f0_rx_bytes:0
4.7.0-deff:16384:87380
4.7.0-deff:cpu_6:24.902
4.7.0-deff:Total_tx_bytes:17777853.4
4.7.0-deff:Total_tx_packets:252339.4
4.7.0-deff:cpu_9:22.744
4.7.0-deff:enp130s0f0_tx_packets:64072.2
4.7.0-deff:cpu_7:19.806
4.7.0-deff:enp4s0f1_rx_bytes_phy:0
4.7.0-deff:cpu_13:19.216
4.7.0-deff:cpu_2:17.45
4.7.0-deff:SKT0_l2mpi:0.038
4.7.0-deff:enp130s0f1_rx_bytes:4974440644.8
4.7.0-deff:enp4s0f1_tx_queue_stopped:0
4.7.0-deff:Total_rx_bytes:8773216132.6
4.7.0-deff:enp4s0f1_tx_packets_phy:0
4.7.0-deff:SKT0_l3mpi:0.03
4.7.0-deff:cpu_21:12.158
4.7.0-deff:enp130s0f1_tx_queue_stopped:0
4.7.0-deff:enp130s0f0_tx_queue_stopped:0
4.7.0-deff:cpu_18:9.802
4.7.0-deff:SKT0_l2hit:0.258
4.7.0-deff:SKT0_l3miss:317400000
4.7.0-deff:enp4s0f0_tx_packets:0
4.7.0-deff:cpu_15:17.256
4.7.0-deff:enp4s0f0_rx_packets:0
4.7.0-deff:cpu_16:8.624
4.7.0-deff:Total_tx_bytes_phy:18789247.6
4.7.0-deff:enp130s0f0_tx_bytes:5020956.4
4.7.0-deff:enp4s0f0_tx_bytes:0
4.7.0-deff:cpu_10:13.92
4.7.0-deff:cpu_25:9.8
4.7.0-deff:cpu_3:19.412
4.7.0-deff:enp130s0f0_rx_packets_phy:436545
4.7.0-deff:cpu_23:12.548
4.7.0-deff:enp4s0f1_rx_packets_phy:0
4.7.0-deff:LLC-load-misses:300458560
4.7.0-deff:enp4s0f0_tx_packets_phy:0
4.7.0-deff:enp130s0f0_rx_packets:85055.6
4.7.0-deff:cpu_1:21.374
4.7.0-deff:SKT1_l3hit:0.32
4.7.0-deff:cpu_total:14.968
4.7.0-deff:TOTAL_l2mpi:0.028
4.7.0-deff:SKT1_l2miss:273800000
4.7.0-deff:Write:9076.918
4.7.0-deff:SKT0_l3hit:0.17
4.7.0-strict:cpu_19:51.156
4.7.0-strict:cpu_27:45.086
4.7.0-strict:cpu_5:38.28
4.7.0-strict:TOTAL_l2hit:0.296
4.7.0-strict:Total_tx_packets_phy:266444.6
4.7.0-strict:cycles:133905680192.8
4.7.0-strict:LLC-load:680286422.8
4.7.0-strict:enp4s0f0_tx_queue_stopped:0
4.7.0-strict:Total_rx_bytes_phy:8797234126.6
4.7.0-strict:enp4s0f0_rx_packets_phy:0
4.7.0-strict:LLC-store:716962129.4
4.7.0-strict:Total_tx_queue_stopped:7.6
4.7.0-strict:Total_rx_packets_phy:975709
4.7.0-strict:enp4s0f0_rx_bytes_phy:0
4.7.0-strict:SKT1_ipc:0.338
4.7.0-strict:TOTAL_l3mpi:0.01
4.7.0-strict:enp130s0f0_rx_bytes:3494376574.6
4.7.0-strict:enp130s0f0_rx_bytes_phy:3808276734.8
4.7.0-strict:enp130s0f1_rx_packets:313946.4
4.7.0-strict:enp4s0f1_rx_bytes:0
4.7.0-strict:enp4s0f1_tx_bytes:0
4.7.0-strict:cpu_26:8.406
4.7.0-strict:cache-misses:596265288.6
4.7.0-strict:TOTAL_l3miss:610200000
4.7.0-strict:enp130s0f1_tx_packets_phy:173309.6
4.7.0-strict:enp4s0f1_rx_packets:0
4.7.0-strict:enp130s0f1_rx_packets_phy:553230.6
4.7.0-strict:cpu_4:26.14
4.7.0-strict:cpu_11:56.978
4.7.0-strict:cache-references:2177139198
4.7.0-strict:enp130s0f0_tx_bytes_phy:8516011.8
4.7.0-strict:cpu_17:43.874
4.7.0-strict:Memory:18800.482
4.7.0-strict:enp130s0f0_tx_packets_phy:93135
4.7.0-strict:SKT1_l2mpi:0.01
4.7.0-strict:SKT0_ipc:0.33
4.7.0-strict:SKT1_l3miss:274600000
4.7.0-strict:Total_rx_packets:410133.2
4.7.0-strict:Read:9634.56
4.7.0-strict:enp4s0f1_tx_bytes_phy:0
4.7.0-strict:TOTAL_l3hit:0.226
4.7.0-strict:enp4s0f1_tx_packets:0
4.7.0-strict:TOTAL_l2miss:789600000
4.7.0-strict:cpu_0:77.494
4.7.0-strict:instructions:44985019238.2
4.7.0-strict:cpu_20:9.588
4.7.0-strict:cpu_12:20.332
4.7.0-strict:cpu_22:10.952
4.7.0-strict:SKT1_l3mpi:0.01
4.7.0-strict:cpu_24:10.77
4.7.0-strict:SKT0_l2miss:406200000
4.7.0-strict:cpu_8:59.826
4.7.0-strict:TOTAL_ipc:0.336
4.7.0-strict:cpu_10:33.832
4.7.0-strict:cpu_3:61.032
4.7.0-strict:cpu_25:31.146
4.7.0-strict:enp130s0f0_rx_packets_phy:422478.4
4.7.0-strict:enp4s0f1_rx_packets_phy:0
4.7.0-strict:cpu_23:56.184
4.7.0-strict:cpu_1:57.058
4.7.0-strict:enp130s0f0_rx_packets:96186.8
4.7.0-strict:LLC-load-misses:360881826.8
4.7.0-strict:enp4s0f0_tx_packets_phy:0
4.7.0-strict:cpu_total:38.87
4.7.0-strict:SKT1_l3hit:0.282
4.7.0-strict:TOTAL_l2mpi:0.02
4.7.0-strict:Write:9165.924
4.7.0-strict:SKT1_l2miss:383000000
4.7.0-strict:SKT0_l3hit:0.176
4.7.0-strict:SKT0_l3mpi:0.018
4.7.0-strict:cpu_21:26.054
4.7.0-strict:enp4s0f1_tx_packets_phy:0
4.7.0-strict:cpu_18:14.68
4.7.0-strict:SKT0_l2hit:0.268
4.7.0-strict:enp130s0f1_tx_queue_stopped:0
4.7.0-strict:enp130s0f0_tx_queue_stopped:7.6
4.7.0-strict:SKT0_l3miss:335400000
4.7.0-strict:enp4s0f0_rx_packets:0
4.7.0-strict:enp4s0f0_tx_packets:0
4.7.0-strict:cpu_15:31.71
4.7.0-strict:cpu_16:13.506
4.7.0-strict:Total_tx_bytes_phy:21159602.2
4.7.0-strict:enp4s0f0_tx_bytes:0
4.7.0-strict:enp130s0f0_tx_bytes:8141523.2
4.7.0-strict:cpu_7:61.592
4.7.0-strict:cpu_13:59.952
4.7.0-strict:enp4s0f1_rx_bytes_phy:0
4.7.0-strict:cpu_2:40.408
4.7.0-strict:enp130s0f1_rx_bytes:4970031834.8
4.7.0-strict:SKT0_l2mpi:0.024
4.7.0-strict:Total_rx_bytes:8464408409.4
4.7.0-strict:enp4s0f1_tx_queue_stopped:0
4.7.0-strict:enp130s0f1_tx_bytes_phy:12643590.4
4.7.0-strict:enp4s0f0_tx_bytes_phy:0
4.7.0-strict:LLC-store-misses:40382455
4.7.0-strict:enp130s0f1_tx_packets:173314
4.7.0-strict:enp130s0f1_tx_bytes:11950759.6
4.7.0-strict:enp130s0f1_rx_bytes_phy:4988957391.8
4.7.0-strict:cpu_14:16.61
4.7.0-strict:16384:87380
4.7.0-strict:SKT1_l2hit:0.326
4.7.0-strict:enp4s0f0_rx_bytes:0
4.7.0-strict:Total_tx_packets:266419
4.7.0-strict:cpu_6:72.748
4.7.0-strict:Total_tx_bytes:20092282.8
4.7.0-strict:enp130s0f0_tx_packets:93105
4.7.0-strict:cpu_9:52.964
4.7.0-unsafe:cpu_7:13.726
4.7.0-unsafe:SKT0_l2mpi:0.048
4.7.0-unsafe:enp130s0f1_rx_bytes:4974900056
4.7.0-unsafe:enp4s0f1_tx_queue_stopped:0
4.7.0-unsafe:Total_rx_bytes:8772451598.2
4.7.0-unsafe:cpu_13:12.94
4.7.0-unsafe:enp4s0f1_rx_bytes_phy:0
4.7.0-unsafe:cpu_2:13.334
4.7.0-unsafe:LLC-store-misses:22302777.2
4.7.0-unsafe:enp130s0f1_tx_packets:188763.4
4.7.0-unsafe:enp130s0f1_rx_bytes_phy:4989825298.2
4.7.0-unsafe:enp130s0f1_tx_bytes:12786579.6
4.7.0-unsafe:enp130s0f1_tx_bytes_phy:13543805
4.7.0-unsafe:enp4s0f0_tx_bytes_phy:0
4.7.0-unsafe:cpu_6:17.258
4.7.0-unsafe:Total_tx_bytes:17876935.2
4.7.0-unsafe:Total_tx_packets:254090.2
4.7.0-unsafe:cpu_9:13.924
4.7.0-unsafe:enp130s0f0_tx_packets:65326.8
4.7.0-unsafe:cpu_14:11.372
4.7.0-unsafe:enp4s0f0_rx_bytes:0
4.7.0-unsafe:SKT1_l2hit:0.408
4.7.0-unsafe:16384:87380
4.7.0-unsafe:enp130s0f0_rx_packets_phy:434713.4
4.7.0-unsafe:cpu_23:15.492
4.7.0-unsafe:enp4s0f1_rx_packets_phy:0
4.7.0-unsafe:cpu_10:12.942
4.7.0-unsafe:cpu_25:11.566
4.7.0-unsafe:cpu_3:11.372
4.7.0-unsafe:TOTAL_l2mpi:0.03
4.7.0-unsafe:SKT1_l2miss:268600000
4.7.0-unsafe:Write:9274.454
4.7.0-unsafe:SKT0_l3hit:0.152
4.7.0-unsafe:LLC-load-misses:312427019.8
4.7.0-unsafe:enp4s0f0_tx_packets_phy:0
4.7.0-unsafe:cpu_1:18.826
4.7.0-unsafe:enp130s0f0_rx_packets:90763.4
4.7.0-unsafe:cpu_total:12.916
4.7.0-unsafe:SKT1_l3hit:0.292
4.7.0-unsafe:SKT0_l3miss:319600000
4.7.0-unsafe:cpu_15:11.764
4.7.0-unsafe:enp4s0f0_tx_packets:0
4.7.0-unsafe:enp4s0f0_rx_packets:0
4.7.0-unsafe:enp4s0f1_tx_packets_phy:0
4.7.0-unsafe:cpu_21:9.998
4.7.0-unsafe:SKT0_l3mpi:0.04
4.7.0-unsafe:enp130s0f0_tx_queue_stopped:0
4.7.0-unsafe:enp130s0f1_tx_queue_stopped:0
4.7.0-unsafe:SKT0_l2hit:0.252
4.7.0-unsafe:cpu_18:7.252
4.7.0-unsafe:cpu_16:9.212
4.7.0-unsafe:Total_tx_bytes_phy:18887521.4
4.7.0-unsafe:enp130s0f0_tx_bytes:5090355.6
4.7.0-unsafe:enp4s0f0_tx_bytes:0
4.7.0-unsafe:cpu_17:9.802
4.7.0-unsafe:Memory:17095.022
4.7.0-unsafe:cpu_11:15.884
4.7.0-unsafe:cache-references:2106454295.4
4.7.0-unsafe:enp130s0f0_tx_bytes_phy:5343716.4
4.7.0-unsafe:TOTAL_l3hit:0.208
4.7.0-unsafe:TOTAL_l2miss:646000000
4.7.0-unsafe:enp4s0f1_tx_packets:0
4.7.0-unsafe:SKT1_l3miss:190200000
4.7.0-unsafe:Read:7820.57
4.7.0-unsafe:Total_rx_packets:454809.6
4.7.0-unsafe:enp4s0f1_tx_bytes_phy:0
4.7.0-unsafe:cpu_0:14.51
4.7.0-unsafe:enp130s0f0_tx_packets_phy:65237.6
4.7.0-unsafe:SKT0_ipc:0.362
4.7.0-unsafe:SKT1_l2mpi:0.022
4.7.0-unsafe:cpu_20:9.802
4.7.0-unsafe:instructions:19653248202.2
4.7.0-unsafe:TOTAL_ipc:0.422
4.7.0-unsafe:SKT0_l2miss:377400000
4.7.0-unsafe:SKT1_l3mpi:0.018
4.7.0-unsafe:cpu_8:18.238
4.7.0-unsafe:cpu_24:8.036
4.7.0-unsafe:cpu_12:15.688
4.7.0-unsafe:cpu_22:9.214
4.7.0-unsafe:LLC-load:596441663.8
4.7.0-unsafe:cycles:46869009692.8
4.7.0-unsafe:TOTAL_l2hit:0.326
4.7.0-unsafe:Total_tx_packets_phy:254028.4
4.7.0-unsafe:Total_rx_bytes_phy:8906097233.6
4.7.0-unsafe:enp4s0f0_tx_queue_stopped:0
4.7.0-unsafe:cpu_19:13.334
4.7.0-unsafe:cpu_5:15.884
4.7.0-unsafe:cpu_27:18.43
4.7.0-unsafe:Total_rx_packets_phy:988031.6
4.7.0-unsafe:enp4s0f0_rx_bytes_phy:0
4.7.0-unsafe:TOTAL_l3mpi:0.03
4.7.0-unsafe:SKT1_ipc:0.478
4.7.0-unsafe:LLC-store:682002500.4
4.7.0-unsafe:enp4s0f0_rx_packets_phy:0
4.7.0-unsafe:Total_tx_queue_stopped:0
4.7.0-unsafe:enp130s0f1_rx_packets:364046.2
4.7.0-unsafe:enp130s0f0_rx_bytes_phy:3916271935.4
4.7.0-unsafe:enp4s0f1_rx_bytes:0
4.7.0-unsafe:enp130s0f0_rx_bytes:3797551542.2
4.7.0-unsafe:enp4s0f1_rx_packets:0
4.7.0-unsafe:cpu_4:12.156
4.7.0-unsafe:enp130s0f1_rx_packets_phy:553318.2
4.7.0-unsafe:cache-misses:521597531.4
4.7.0-unsafe:enp4s0f1_tx_bytes:0
4.7.0-unsafe:cpu_26:9.018
4.7.0-unsafe:enp130s0f1_tx_packets_phy:188790.8
4.7.0-unsafe:TOTAL_l3miss:510200000
