4.7.0-damn-ne-unsafe:enp130s0f1_rx_packets_phy:613186.4:741.986650823315
4.7.0-damn-ne-unsafe:enp130s0f0_tx_bytes_phy:5090665837.725:62579567.3916545
4.7.0-damn-ne-unsafe:enp4s0f1_tx_packets_phy:628592.8:7730.70795335071
4.7.0-damn-ne-unsafe:cpu_8:30.08625:25.821811099098
4.7.0-damn-ne-unsafe:enp4s0f0_rx_packets:613117.125:740.171810713567
4.7.0-damn-ne-unsafe:cpu_7:38.58325:23.6131848114036
4.7.0-damn-ne-unsafe:Total_rx_bytes:22274222094.05:256999837.838092
4.7.0-damn-ne-unsafe:cpu_24:51.51425:11.1377329128284
4.7.0-damn-ne-unsafe:enp130s0f0_tx_bytes:5088062553.525:62544194.141598
4.7.0-damn-ne-unsafe:enp4s0f1_tx_bytes_phy:5090151367.3:62219701.3798255
4.7.0-damn-ne-unsafe:cache-references:6142873562.35:206544226.512605
4.7.0-damn-ne-unsafe:enp4s0f1_tx_packets:628179.15:7679.8186129296
4.7.0-damn-ne-unsafe:SKT1_l2hit:0.42025:0.023290287675338
4.7.0-damn-ne-unsafe:cpu_total:43.33725:1.48857144185289
4.7.0-damn-ne-unsafe:TOTAL_l2hit:0.39775:0.0183694719575713
4.7.0-damn-ne-unsafe:Total_tx_bytes_phy:20043702626.9:122143173.930514
4.7.0-damn-ne-unsafe:cpu_10:19.3235:6.16889193858994
4.7.0-damn-ne-unsafe:TOTAL_ipc:0.95875:0.0228240552926074
4.7.0-damn-ne-unsafe:Total_tx_bytes:20033782867.85:122138109.466228
4.7.0-damn-ne-unsafe:enp130s0f1_tx_bytes:4926725966.825:4144074.28307471
4.7.0-damn-ne-unsafe:Total_tx_packets_phy:2474054.15:15130.6880536709
4.7.0-damn-ne-unsafe:enp130s0f0_rx_packets_phy:1092932.25:12514.1849969345
4.7.0-damn-ne-unsafe:Total_rx_packets:2750242.825:31723.3442191137
4.7.0-damn-ne-unsafe:SKT1_ipc:0.94025:0.0282389358864671
4.7.0-damn-ne-unsafe:enp130s0f1_tx_queue_stopped:0:0
4.7.0-damn-ne-unsafe:cpu_25:77.56625:16.5765427166674
4.7.0-damn-ne-unsafe:cpu_18:46.2985:3.77903529356369
4.7.0-damn-ne-unsafe:SKT0_l3miss:213400000:30354406.599372
4.7.0-damn-ne-unsafe:cpu_11:38.7985:21.6860323192141
4.7.0-damn-ne-unsafe:cpu_14:18.6055:7.74873504192781
4.7.0-damn-ne-unsafe:cpu_6:37.95375:36.3855809138387
4.7.0-damn-ne-unsafe:enp130s0f1_tx_packets_phy:608294.95:505.499305142945
4.7.0-damn-ne-unsafe:enp4s0f0_tx_bytes_phy:4933880624.075:3996209.13457003
4.7.0-damn-ne-unsafe:Total_tx_queue_stopped:0:0
4.7.0-damn-ne-unsafe:enp130s0f0_rx_bytes:6171559309.425:128991752.062545
4.7.0-damn-ne-unsafe:cpu_3:23.76525:6.52106815924355
4.7.0-damn-ne-unsafe:enp130s0f1_rx_bytes_phy:4968653056.65:6014068.56823352
4.7.0-damn-ne-unsafe:enp130s0f1_tx_packets:608312.4:511.430190739655
4.7.0-damn-ne-unsafe:Write:18380.427:380.087213953587
4.7.0-damn-ne-unsafe:cpu_22:52.745:5.85274422813777
4.7.0-damn-ne-unsafe:SKT0_l3mpi:0:0
4.7.0-damn-ne-unsafe:cpu_4:21.7565:18.9991599222176
4.7.0-damn-ne-unsafe:SKT1_l2miss:526425000:43047582.6847455
4.7.0-damn-ne-unsafe:enp4s0f0_tx_queue_stopped:0:0
4.7.0-damn-ne-unsafe:cpu_13:27.054:6.99778493524915
4.7.0-damn-ne-unsafe:SKT0_ipc:0.98125:0.0214694550466471
4.7.0-damn-ne-unsafe:enp4s0f1_tx_bytes:5087626909.55:62198939.6255714
4.7.0-damn-ne-unsafe:LLC-store:1153045216.45:30553216.6512494
4.7.0-damn-ne-unsafe:cpu_27:71.02775:9.91389340458631
4.7.0-damn-ne-unsafe:enp130s0f0_rx_packets:762015.7:15920.1072125787
4.7.0-damn-ne-unsafe:TOTAL_l2miss:955975000:68844566.7790858
4.7.0-damn-ne-unsafe:SKT1_l2mpi:0.00925:0.00263391343821318
4.7.0-damn-ne-unsafe:TOTAL_l3miss:456650000:63105289.0017944
4.7.0-damn-ne-unsafe:Total_rx_packets_phy:3418915.175:24077.3208340209
4.7.0-damn-ne-unsafe:enp4s0f0_rx_bytes:4965639858.075:5995817.66753656
4.7.0-damn-ne-unsafe:enp130s0f1_tx_bytes_phy:4929004797.8:4094636.64159151
4.7.0-damn-ne-unsafe:Total_rx_bytes_phy:22365962708.85:103508595.518735
4.7.0-damn-ne-unsafe:enp4s0f1_rx_packets:761921.35:15879.7980033595
4.7.0-damn-ne-unsafe:LLC-load:1517619231.15:50751214.2076108
4.7.0-damn-ne-unsafe:enp130s0f0_tx_queue_stopped:0:0
4.7.0-damn-ne-unsafe:enp4s0f1_tx_queue_stopped:0:0
4.7.0-damn-ne-unsafe:enp4s0f0_rx_packets_phy:613135.7:746.596684964513
4.7.0-damn-ne-unsafe:SKT0_l2mpi:0.00975000000000001:0.0015612494995996
4.7.0-damn-ne-unsafe:TOTAL_l3mpi:0:0
4.7.0-damn-ne-unsafe:SKT1_l3miss:242825000:38883728.9235485
4.7.0-damn-ne-unsafe:cpu_9:29.30675:16.4081558054981
4.7.0-damn-ne-unsafe:cpu_26:59.185:23.2889179654187
4.7.0-damn-ne-unsafe:enp4s0f0_tx_bytes:4931367437.95:3901965.84088658
4.7.0-damn-ne-unsafe:Read:15459.9175:845.212013739009
4.7.0-damn-ne-unsafe:SKT0_l2miss:429100000:41590143.0629903
4.7.0-damn-ne-unsafe:Total_tx_packets:2473610.3:15080.8501686742
4.7.0-damn-ne-unsafe:cpu_21:71.948:20.9543184332013
4.7.0-damn-ne-unsafe:cpu_17:64.768:8.28336984566064
4.7.0-damn-ne-unsafe:cpu_20:56.02875:8.41814622927756
4.7.0-damn-ne-unsafe:cpu_1:40.94075:27.9508203267364
4.7.0-damn-ne-unsafe:cpu_12:18.57925:7.57842410646831
4.7.0-damn-ne-unsafe:cpu_23:76.5145:27.3405526599226
4.7.0-damn-ne-unsafe:cycles:169573793756.8:8206274994.63775
4.7.0-damn-ne-unsafe:SKT0_l3hit:0.505:0.035213633723318
4.7.0-damn-ne-unsafe:SKT1_l3mpi:0:0
4.7.0-damn-ne-unsafe:enp4s0f0_tx_packets:608885.7:481.800176421719
4.7.0-damn-ne-unsafe:cpu_0:8.86025:2.10138702706094
4.7.0-damn-ne-unsafe:enp4s0f0_rx_bytes_phy:4968217608.475:6038975.40220684
4.7.0-damn-ne-unsafe:LLC-store-misses:91305284.05:9754621.43887758
4.7.0-damn-ne-unsafe:enp130s0f0_tx_packets_phy:628253.525:7721.09110808667
4.7.0-damn-ne-unsafe:enp130s0f0_rx_bytes_phy:6214806149.4:50702343.0824905
4.7.0-damn-ne-unsafe:enp4s0f1_rx_bytes_phy:6214285894.325:50789398.7129633
4.7.0-damn-ne-unsafe:enp4s0f0_tx_packets_phy:608912.875:491.439069849966
4.7.0-damn-ne-unsafe:enp130s0f1_rx_packets:613188.65:756.005110763148
4.7.0-damn-ne-unsafe:cpu_15:31.20075:20.1314945281641
4.7.0-damn-ne-unsafe:LLC-load-misses:206176881.075:29644354.6821276
4.7.0-damn-ne-unsafe:enp4s0f1_rx_bytes:6170802669.4:128629860.649913
4.7.0-damn-ne-unsafe:cpu_2:48.7065:29.2252196356161
4.7.0-damn-ne-unsafe:enp130s0f1_rx_bytes:4966220257.15:6122235.0050725
4.7.0-damn-ne-unsafe:SKT1_l3hit:0.54125:0.0417245431371034
4.7.0-damn-ne-unsafe:instructions:162814121219.65:4326506784.2088
4.7.0-damn-ne-unsafe:enp4s0f1_rx_packets_phy:1099660.825:11454.9043075172
4.7.0-damn-ne-unsafe:cpu_5:39.26775:27.0963559807864
4.7.0-damn-ne-unsafe:cpu_19:67.7355:9.86554508124108
4.7.0-damn-ne-unsafe:TOTAL_l3hit:0.5245:0.0368069286955595
4.7.0-damn-ne-unsafe:cpu_16:45.06925:3.58686101452231
4.7.0-damn-ne-unsafe:TOTAL_l2mpi:0.00975000000000001:0.0015612494995996
4.7.0-damn-ne-unsafe:enp130s0f0_tx_packets:628233.05:7722.20655625709
4.7.0-damn-ne-unsafe:cache-misses:444573972.95:57278148.2661209
4.7.0-damn-ne-unsafe:Memory:33840.34475:1122.18928093256
4.7.0-damn-ne-unsafe:SKT0_l2hit:0.36575:0.0217815862599582
4.7.0-unsafe:enp130s0f0_tx_queue_stopped:0:0
4.7.0-unsafe:enp4s0f1_tx_queue_stopped:0:0
4.7.0-unsafe:enp4s0f1_rx_packets:756763.475:17308.3194995752
4.7.0-unsafe:LLC-load:1685076284.3:175140565.938879
4.7.0-unsafe:enp130s0f1_tx_bytes_phy:4162909631.95:219098648.847165
4.7.0-unsafe:Total_rx_bytes_phy:22465709439.95:104657126.785318
4.7.0-unsafe:SKT1_l3miss:573825000:94132854.9179297
4.7.0-unsafe:cpu_9:42.18925:15.8278579390106
4.7.0-unsafe:SKT0_l2mpi:0.01:5.20417042793042e-18
4.7.0-unsafe:TOTAL_l3mpi:0.00975000000000001:0.0015612494995996
4.7.0-unsafe:enp4s0f0_rx_packets_phy:612670.25:2584.93906843082
4.7.0-unsafe:SKT0_l2miss:809675000:96615575.2195266
4.7.0-unsafe:Read:24564.82325:3164.0098036403
4.7.0-unsafe:cpu_26:100:0
4.7.0-unsafe:enp4s0f0_tx_bytes:4476989167.475:228898372.500816
4.7.0-unsafe:enp4s0f0_tx_packets:552782.5:28262.5763139173
4.7.0-unsafe:cycles:247912932707.65:18190785589.7944
4.7.0-unsafe:SKT0_l3hit:0.2945:0.0294066319050652
4.7.0-unsafe:SKT1_l3mpi:0.00975000000000001:0.0015612494995996
4.7.0-unsafe:cpu_12:50.195:17.8418290822438
4.7.0-unsafe:cpu_23:99.97575:0.151441201461161
4.7.0-unsafe:Total_tx_packets:2138707.325:112731.142818076
4.7.0-unsafe:cpu_21:100:0
4.7.0-unsafe:cpu_20:100:0
4.7.0-unsafe:cpu_1:50.51925:20.0686098655961
4.7.0-unsafe:cpu_17:100:0
4.7.0-unsafe:cpu_15:51.20875:10.1094490916914
4.7.0-unsafe:enp130s0f1_rx_packets:611186.1:2702.72705614163
4.7.0-unsafe:enp4s0f1_rx_bytes_phy:6265554337:49468623.4344966
4.7.0-unsafe:enp130s0f0_rx_bytes_phy:6266822803.45:53760169.656586
4.7.0-unsafe:enp4s0f0_tx_packets_phy:552789.7:28244.9006089595
4.7.0-unsafe:enp130s0f0_tx_packets_phy:540729.325:29483.2354087772
4.7.0-unsafe:enp4s0f0_rx_bytes_phy:4964473086.9:20949376.8229492
4.7.0-unsafe:cpu_0:24.60625:7.69774599720594
4.7.0-unsafe:LLC-store-misses:129057914.625:8437464.43889274
4.7.0-unsafe:SKT1_l3hit:0.2985:0.031666228067138
4.7.0-unsafe:instructions:149043057830.075:7187655242.1861
4.7.0-unsafe:enp130s0f1_rx_bytes:4949994592.75:21918289.167163
4.7.0-unsafe:cpu_2:54.2365:22.041453848374
4.7.0-unsafe:enp4s0f1_rx_bytes:6128941825.525:140384998.008295
4.7.0-unsafe:LLC-load-misses:578084125.2:114686312.582941
4.7.0-unsafe:cpu_19:100:0
4.7.0-unsafe:TOTAL_l3hit:0.2975:0.028613807855649
4.7.0-unsafe:cpu_16:100:0
4.7.0-unsafe:cpu_5:54.791:22.3269689837201
4.7.0-unsafe:enp4s0f1_rx_packets_phy:868680.9:42596.6038827041
4.7.0-unsafe:SKT0_l2hit:0.2495:0.0104761634198785
4.7.0-unsafe:Memory:48173.10225:3353.10713900741
4.7.0-unsafe:TOTAL_l2mpi:0.01:5.20417042793042e-18
4.7.0-unsafe:cache-misses:1123213016.1:179601802.300905
4.7.0-unsafe:enp130s0f0_tx_packets:540721.85:29619.0472310893
4.7.0-unsafe:cpu_8:49.06475:14.6740803779147
4.7.0-unsafe:enp4s0f1_tx_packets_phy:532908:34470.8780973157
4.7.0-unsafe:enp130s0f0_tx_bytes_phy:4381282669.225:239315563.297002
4.7.0-unsafe:enp130s0f1_rx_packets_phy:613211.75:644.125288666731
4.7.0-unsafe:cpu_24:100:0
4.7.0-unsafe:enp130s0f0_tx_bytes:4379309452.325:239885554.685741
4.7.0-unsafe:cache-references:6879010862.7:599566006.53136
4.7.0-unsafe:enp4s0f1_tx_bytes_phy:4306450005.25:281509866.481159
4.7.0-unsafe:cpu_7:46.57475:10.444940877645
4.7.0-unsafe:enp4s0f0_rx_packets:609711.575:2948.25451655297
4.7.0-unsafe:Total_rx_bytes:22225731221.475:168880756.935594
4.7.0-unsafe:cpu_10:57.47875:24.8464613363251
4.7.0-unsafe:TOTAL_l2hit:0.2495:0.0102347447452294
4.7.0-unsafe:Total_tx_bytes_phy:17329651774.9:912937822.144674
4.7.0-unsafe:enp4s0f1_tx_packets:531490.475:34717.9165604645
4.7.0-unsafe:cpu_total:72.43825:5.52976486276767
4.7.0-unsafe:SKT1_l2hit:0.25175:0.0124272885216366
4.7.0-unsafe:Total_tx_packets_phy:2140177.075:112219.851582148
4.7.0-unsafe:enp130s0f0_rx_packets_phy:884220.55:45698.6013997967
4.7.0-unsafe:Total_rx_packets:2744266.525:20831.5821098489
4.7.0-unsafe:enp130s0f1_tx_bytes:4160561086.7:219024966.105754
4.7.0-unsafe:Total_tx_bytes:17321404383.775:913011689.15296
4.7.0-unsafe:TOTAL_ipc:0.60125:0.021585585468085
4.7.0-unsafe:cpu_11:56.113:25.5803313309269
4.7.0-unsafe:cpu_14:54.72775:19.3690237863838
4.7.0-unsafe:cpu_6:86.0875:18.4693853105619
4.7.0-unsafe:SKT0_l3miss:573100000:83771057.0543311
4.7.0-unsafe:cpu_25:100:0
4.7.0-unsafe:enp130s0f1_tx_queue_stopped:0:0
4.7.0-unsafe:cpu_18:100:0
4.7.0-unsafe:SKT1_ipc:0.607:0.029
4.7.0-unsafe:Write:23608.28:252.487199576533
4.7.0-unsafe:enp130s0f0_rx_bytes:6208738925.125:93766654.7613964
4.7.0-unsafe:enp130s0f1_rx_bytes_phy:4968859212.6:5218946.86503768
4.7.0-unsafe:cpu_3:59.55725:25.8746146819136
4.7.0-unsafe:enp130s0f1_tx_packets:513712.5:27043.3751397639
4.7.0-unsafe:Total_tx_queue_stopped:0:0
4.7.0-unsafe:enp130s0f1_tx_packets_phy:513750.05:27037.8332831516
4.7.0-unsafe:enp4s0f0_tx_bytes_phy:4479009468.475:228856040.750163
4.7.0-unsafe:cpu_4:45.78175:13.8135845976886
4.7.0-unsafe:cpu_13:44.9915:14.603762280659
4.7.0-unsafe:SKT1_l2miss:814200000:100158424.508376
4.7.0-unsafe:enp4s0f0_tx_queue_stopped:0:0
4.7.0-unsafe:cpu_22:100:0
4.7.0-unsafe:SKT0_l3mpi:0.00975000000000001:0.0015612494995996
4.7.0-unsafe:SKT1_l2mpi:0.01025:0.0015612494995996
4.7.0-unsafe:TOTAL_l2miss:1624350000:188876619.781274
4.7.0-unsafe:TOTAL_l3miss:1147375000:171083121.245201
4.7.0-unsafe:enp4s0f0_rx_bytes:4938055878.075:23884083.5914983
4.7.0-unsafe:Total_rx_packets_phy:2978783.45:82779.8859243446
4.7.0-unsafe:LLC-store:1555893629.1:170392789.183615
4.7.0-unsafe:enp4s0f1_tx_bytes:4304544677.275:281181008.900374
4.7.0-unsafe:enp130s0f0_rx_packets:766605.375:11577.0932657716
4.7.0-unsafe:cpu_27:100:0
4.7.0-unsafe:SKT0_ipc:0.59475:0.0208551552379741
