4.7.0-damn-strict_128:cpu_1:50
4.7.0-damn-strict_128:enp4s0f1_tx_packets_phy:0
4.7.0-damn-strict_128:cpu_2:35.29
4.7.0-damn-strict_128:cpu_13:50
4.7.0-damn-strict_128:enp4s0f0_tx_bytes_phy:0
4.7.0-damn-strict_128:enp4s0f0_rx_packets:0
4.7.0-damn-strict_128:cpu_19:49.02
4.7.0-damn-strict_128:enp130s0f0_rx_bytes_phy:4676985114.5
4.7.0-damn-strict_128:enp4s0f1_tx_bytes:0
4.7.0-damn-strict_128:enp130s0f0_rx_packets_phy:3238448.5
4.7.0-damn-strict_128:cache-misses:1495217320.5
4.7.0-damn-strict_128:cpu_21:55.39
4.7.0-damn-strict_128:enp4s0f0_rx_bytes:0
4.7.0-damn-strict_128:Total_tx_packets:794840.5
4.7.0-damn-strict_128:cpu_11:40.69
4.7.0-damn-strict_128:cpu_9:39.215
4.7.0-damn-strict_128:cycles:151096699582.5
4.7.0-damn-strict_128:enp4s0f0_tx_packets_phy:0
4.7.0-damn-strict_128:Write:20468.215
4.7.0-damn-strict_128:enp130s0f0_tx_packets:437394
4.7.0-damn-strict_128:cpu_18:27.45
4.7.0-damn-strict_128:cpu_10:33.82
4.7.0-damn-strict_128:enp4s0f1_tx_bytes_phy:0
4.7.0-damn-strict_128:cpu_25:62.255
4.7.0-damn-strict_128:enp130s0f1_rx_bytes:4459440492
4.7.0-damn-strict_128:enp130s0f1_tx_bytes:4705025749
4.7.0-damn-strict_128:cache-references:4815055507.5
4.7.0-damn-strict_128:LLC-store-misses:177624401
4.7.0-damn-strict_128:LLC-load:1361879286.5
4.7.0-damn-strict_128:enp130s0f1_rx_bytes_phy:4606087059.5
4.7.0-damn-strict_128:enp130s0f0_rx_bytes:4546003527.5
4.7.0-damn-strict_128:enp130s0f1_tx_packets_phy:3405526
4.7.0-damn-strict_128:enp4s0f0_tx_bytes:0
4.7.0-damn-strict_128:LLC-store:1521352933
4.7.0-damn-strict_128:cpu_14:40.685
4.7.0-damn-strict_128:cpu_26:29.41
4.7.0-damn-strict_128:cpu_20:24.02
4.7.0-damn-strict_128:enp130s0f0_tx_bytes_phy:5282405373
4.7.0-damn-strict_128:enp130s0f1_tx_bytes_phy:4719983397
4.7.0-damn-strict_128:enp130s0f1_rx_packets_phy:3147793.5
4.7.0-damn-strict_128:16384:87380
4.7.0-damn-strict_128:Total_rx_packets:2563579
4.7.0-damn-strict_128:Memory:54354.105
4.7.0-damn-strict_128:cpu_17:45.095
4.7.0-damn-strict_128:Read:33885.89
4.7.0-damn-strict_128:Total_tx_bytes_phy:10002388770
4.7.0-damn-strict_128:cpu_6:30.39
4.7.0-damn-strict_128:cpu_7:44.605
4.7.0-damn-strict_128:LLC-load-misses:697941969
4.7.0-damn-strict_128:enp130s0f0_rx_packets:1447043
4.7.0-damn-strict_128:cpu_24:30.88
4.7.0-damn-strict_128:cpu_16:37.745
4.7.0-damn-strict_128:enp4s0f1_rx_packets_phy:0
4.7.0-damn-strict_128:cpu_15:46.08
4.7.0-damn-strict_128:enp4s0f0_tx_packets:0
4.7.0-damn-strict_128:Total_rx_packets_phy:6386242
4.7.0-damn-strict_128:enp4s0f0_rx_bytes_phy:0
4.7.0-damn-strict_128:cpu_3:55.88
4.7.0-damn-strict_128:cpu_23:47.55
4.7.0-damn-strict_128:cpu_5:44.61
4.7.0-damn-strict_128:enp4s0f0_rx_packets_phy:0
4.7.0-damn-strict_128:Total_rx_bytes:9005444019.5
4.7.0-damn-strict_128:enp130s0f1_tx_packets:357446.5
4.7.0-damn-strict_128:enp130s0f1_rx_packets:1116536
4.7.0-damn-strict_128:Total_rx_bytes_phy:9283072174
4.7.0-damn-strict_128:Total_tx_bytes:9942297864
4.7.0-damn-strict_128:instructions:63528879358.5
4.7.0-damn-strict_128:cpu_12:32.845
4.7.0-damn-strict_128:cpu_total:40.285
4.7.0-damn-strict_128:cpu_22:29.9
4.7.0-damn-strict_128:enp130s0f0_tx_bytes:5237272115
4.7.0-damn-strict_128:enp4s0f1_rx_packets:0
4.7.0-damn-strict_128:Total_tx_packets_phy:7676769.5
4.7.0-damn-strict_128:enp4s0f1_rx_bytes_phy:0
4.7.0-damn-strict_128:enp130s0f0_tx_packets_phy:4271243.5
4.7.0-damn-strict_128:cpu_8:34.315
4.7.0-damn-strict_128:cpu_27:50.49
4.7.0-damn-strict_128:enp4s0f1_rx_bytes:0
4.7.0-damn-strict_128:cpu_4:28.92
4.7.0-damn-strict_128:enp4s0f1_tx_packets:0
4.7.0-damn-strict_128:cpu_0:30.39
4.7.0-damn-strict_16:enp130s0f1_rx_bytes:4396562477
4.7.0-damn-strict_16:cpu_25:43.42
4.7.0-damn-strict_16:cache-references:4741928813.5
4.7.0-damn-strict_16:enp130s0f1_tx_bytes:4672375718
4.7.0-damn-strict_16:enp4s0f0_tx_bytes:0
4.7.0-damn-strict_16:cpu_14:31.255
4.7.0-damn-strict_16:LLC-store:1515892244.5
4.7.0-damn-strict_16:LLC-store-misses:174952559.5
4.7.0-damn-strict_16:LLC-load:1352068291.5
4.7.0-damn-strict_16:enp130s0f1_tx_packets_phy:3400305
4.7.0-damn-strict_16:enp130s0f0_rx_bytes:4479425219
4.7.0-damn-strict_16:enp130s0f1_rx_bytes_phy:4529573077
4.7.0-damn-strict_16:enp130s0f0_tx_bytes_phy:5182920684.5
4.7.0-damn-strict_16:enp130s0f1_tx_bytes_phy:4687622164.5
4.7.0-damn-strict_16:cpu_26:27.31
4.7.0-damn-strict_16:cpu_20:24.88
4.7.0-damn-strict_16:cpu_13:48.715
4.7.0-damn-strict_16:enp4s0f0_rx_packets:0
4.7.0-damn-strict_16:enp4s0f0_tx_bytes_phy:0
4.7.0-damn-strict_16:cpu_1:39.98
4.7.0-damn-strict_16:enp4s0f1_tx_packets_phy:0
4.7.0-damn-strict_16:cpu_2:29.72
4.7.0-damn-strict_16:enp4s0f1_tx_bytes:0
4.7.0-damn-strict_16:enp130s0f0_rx_packets_phy:3203491.5
4.7.0-damn-strict_16:cache-misses:1462106479
4.7.0-damn-strict_16:enp130s0f0_rx_bytes_phy:4618978185.5
4.7.0-damn-strict_16:cpu_19:46.31
4.7.0-damn-strict_16:cpu_11:40.98
4.7.0-damn-strict_16:cycles:146419181273.5
4.7.0-damn-strict_16:cpu_9:44.915
4.7.0-damn-strict_16:enp4s0f0_rx_bytes:0
4.7.0-damn-strict_16:cpu_21:53.14
4.7.0-damn-strict_16:Total_tx_packets:784418.5
4.7.0-damn-strict_16:enp4s0f1_tx_bytes_phy:0
4.7.0-damn-strict_16:Write:20470.9
4.7.0-damn-strict_16:enp130s0f0_tx_packets:415441
4.7.0-damn-strict_16:enp4s0f0_tx_packets_phy:0
4.7.0-damn-strict_16:cpu_18:33.67
4.7.0-damn-strict_16:cpu_10:29.76
4.7.0-damn-strict_16:cpu_3:59.995
4.7.0-damn-strict_16:cpu_5:61.565
4.7.0-damn-strict_16:cpu_23:47.345
4.7.0-damn-strict_16:Total_rx_bytes:8875987696
4.7.0-damn-strict_16:enp4s0f0_rx_packets_phy:0
4.7.0-damn-strict_16:Total_rx_packets_phy:6323399.5
4.7.0-damn-strict_16:enp4s0f0_rx_bytes_phy:0
4.7.0-damn-strict_16:instructions:60559657419.5
4.7.0-damn-strict_16:cpu_12:29.775
4.7.0-damn-strict_16:cpu_total:40.485
4.7.0-damn-strict_16:enp130s0f1_tx_packets:368977.5
4.7.0-damn-strict_16:enp130s0f1_rx_packets:1292953.5
4.7.0-damn-strict_16:Total_rx_bytes_phy:9148551262.5
4.7.0-damn-strict_16:Total_tx_bytes:9809424405.5
4.7.0-damn-strict_16:enp4s0f1_rx_packets:0
4.7.0-damn-strict_16:cpu_22:41.44
4.7.0-damn-strict_16:enp130s0f0_tx_bytes:5137048687.5
4.7.0-damn-strict_16:cpu_4:27.32
4.7.0-damn-strict_16:enp4s0f1_tx_packets:0
4.7.0-damn-strict_16:cpu_0:26.37
4.7.0-damn-strict_16:Total_tx_packets_phy:7589120
4.7.0-damn-strict_16:enp4s0f1_rx_bytes_phy:0
4.7.0-damn-strict_16:cpu_8:40.965
4.7.0-damn-strict_16:enp130s0f0_tx_packets_phy:4188815
4.7.0-damn-strict_16:cpu_27:45.82
4.7.0-damn-strict_16:enp4s0f1_rx_bytes:0
4.7.0-damn-strict_16:Memory:54278.63
4.7.0-damn-strict_16:cpu_17:57.98
4.7.0-damn-strict_16:enp130s0f1_rx_packets_phy:3119908
4.7.0-damn-strict_16:Total_rx_packets:2589462.5
4.7.0-damn-strict_16:16384:87380
4.7.0-damn-strict_16:Total_tx_bytes_phy:9870542849
4.7.0-damn-strict_16:Read:33807.73
4.7.0-damn-strict_16:cpu_7:44.415
4.7.0-damn-strict_16:LLC-load-misses:684842005
4.7.0-damn-strict_16:cpu_6:37.12
4.7.0-damn-strict_16:enp4s0f1_rx_packets_phy:0
4.7.0-damn-strict_16:cpu_15:59.98
4.7.0-damn-strict_16:enp4s0f0_tx_packets:0
4.7.0-damn-strict_16:enp130s0f0_rx_packets:1296509
4.7.0-damn-strict_16:cpu_24:28.295
4.7.0-damn-strict_16:cpu_16:30.735
4.7.0-damn-strict_256:cpu_25:48.04
4.7.0-damn-strict_256:enp130s0f1_rx_bytes:4513735036
4.7.0-damn-strict_256:enp130s0f1_tx_bytes:4732288509
4.7.0-damn-strict_256:cache-references:4797502303.5
4.7.0-damn-strict_256:enp130s0f1_tx_packets_phy:3403800.5
4.7.0-damn-strict_256:enp130s0f0_rx_bytes:4612120531
4.7.0-damn-strict_256:enp130s0f1_rx_bytes_phy:4661256113
4.7.0-damn-strict_256:LLC-load:1315929049
4.7.0-damn-strict_256:LLC-store-misses:170724412.5
4.7.0-damn-strict_256:cpu_14:32.355
4.7.0-damn-strict_256:LLC-store:1555124353.5
4.7.0-damn-strict_256:enp4s0f0_tx_bytes:0
4.7.0-damn-strict_256:cpu_20:26.96
4.7.0-damn-strict_256:cpu_26:29.41
4.7.0-damn-strict_256:enp130s0f1_tx_bytes_phy:4747181225
4.7.0-damn-strict_256:enp130s0f0_tx_bytes_phy:5302066816.5
4.7.0-damn-strict_256:cpu_2:30.39
4.7.0-damn-strict_256:enp4s0f1_tx_packets_phy:0
4.7.0-damn-strict_256:cpu_1:54.415
4.7.0-damn-strict_256:enp4s0f0_rx_packets:0
4.7.0-damn-strict_256:enp4s0f0_tx_bytes_phy:0
4.7.0-damn-strict_256:cpu_13:60.785
4.7.0-damn-strict_256:enp130s0f0_rx_bytes_phy:4766107888
4.7.0-damn-strict_256:cpu_19:46.08
4.7.0-damn-strict_256:cache-misses:1414632637
4.7.0-damn-strict_256:enp130s0f0_rx_packets_phy:3281699.5
4.7.0-damn-strict_256:enp4s0f1_tx_bytes:0
4.7.0-damn-strict_256:Total_tx_packets:715921
4.7.0-damn-strict_256:enp4s0f0_rx_bytes:0
4.7.0-damn-strict_256:cpu_21:42.65
4.7.0-damn-strict_256:cpu_9:40.195
4.7.0-damn-strict_256:cycles:142339749732.5
4.7.0-damn-strict_256:cpu_11:44.115
4.7.0-damn-strict_256:cpu_10:32.84
4.7.0-damn-strict_256:cpu_18:27.45
4.7.0-damn-strict_256:enp130s0f0_tx_packets:374662.5
4.7.0-damn-strict_256:Write:20697.805
4.7.0-damn-strict_256:enp4s0f0_tx_packets_phy:0
4.7.0-damn-strict_256:enp4s0f1_tx_bytes_phy:0
4.7.0-damn-strict_256:enp4s0f0_rx_bytes_phy:0
4.7.0-damn-strict_256:Total_rx_packets_phy:6475741.5
4.7.0-damn-strict_256:Total_rx_bytes:9125855567
4.7.0-damn-strict_256:enp4s0f0_rx_packets_phy:0
4.7.0-damn-strict_256:cpu_5:47.06
4.7.0-damn-strict_256:cpu_23:54.905
4.7.0-damn-strict_256:cpu_3:45.585
4.7.0-damn-strict_256:Total_tx_bytes:9991438900
4.7.0-damn-strict_256:Total_rx_bytes_phy:9427364001
4.7.0-damn-strict_256:enp130s0f1_rx_packets:1156824.5
4.7.0-damn-strict_256:enp130s0f1_tx_packets:341258.5
4.7.0-damn-strict_256:cpu_total:38.57
4.7.0-damn-strict_256:cpu_12:26.96
4.7.0-damn-strict_256:instructions:57584050458
4.7.0-damn-strict_256:enp130s0f0_tx_bytes:5259150391
4.7.0-damn-strict_256:cpu_22:25
4.7.0-damn-strict_256:enp4s0f1_rx_packets:0
4.7.0-damn-strict_256:enp4s0f1_rx_bytes:0
4.7.0-damn-strict_256:enp130s0f0_tx_packets_phy:4219622
4.7.0-damn-strict_256:cpu_27:39.705
4.7.0-damn-strict_256:cpu_8:34.315
4.7.0-damn-strict_256:enp4s0f1_rx_bytes_phy:0
4.7.0-damn-strict_256:Total_tx_packets_phy:7623422.5
4.7.0-damn-strict_256:cpu_0:34.315
4.7.0-damn-strict_256:enp4s0f1_tx_packets:0
4.7.0-damn-strict_256:cpu_4:38.725
4.7.0-damn-strict_256:16384:87380
4.7.0-damn-strict_256:Total_rx_packets:2282495
4.7.0-damn-strict_256:enp130s0f1_rx_packets_phy:3194042
4.7.0-damn-strict_256:cpu_17:45.585
4.7.0-damn-strict_256:Memory:53228.63
4.7.0-damn-strict_256:Read:32530.825
4.7.0-damn-strict_256:Total_tx_bytes_phy:10049248041.5
4.7.0-damn-strict_256:cpu_6:26.96
4.7.0-damn-strict_256:LLC-load-misses:618582900.5
4.7.0-damn-strict_256:cpu_7:46.08
4.7.0-damn-strict_256:cpu_16:26.96
4.7.0-damn-strict_256:cpu_24:31.86
4.7.0-damn-strict_256:enp130s0f0_rx_packets:1125670.5
4.7.0-damn-strict_256:enp4s0f0_tx_packets:0
4.7.0-damn-strict_256:cpu_15:41.665
4.7.0-damn-strict_256:enp4s0f1_rx_packets_phy:0
4.7.0-damn-strict_32:LLC-store:1536858541
4.7.0-damn-strict_32:cpu_14:31.37
4.7.0-damn-strict_32:enp4s0f0_tx_bytes:0
4.7.0-damn-strict_32:LLC-load:1363206714
4.7.0-damn-strict_32:enp130s0f0_rx_bytes:4415082225.5
4.7.0-damn-strict_32:enp130s0f1_rx_bytes_phy:4536754972.5
4.7.0-damn-strict_32:enp130s0f1_tx_packets_phy:3383954.5
4.7.0-damn-strict_32:LLC-store-misses:175751158
4.7.0-damn-strict_32:enp130s0f1_tx_bytes_phy:4699084271.5
4.7.0-damn-strict_32:enp130s0f0_tx_bytes_phy:5248252445
4.7.0-damn-strict_32:cpu_26:24.51
4.7.0-damn-strict_32:cpu_20:27.45
4.7.0-damn-strict_32:enp130s0f1_rx_bytes:4396105949
4.7.0-damn-strict_32:cpu_25:43.135
4.7.0-damn-strict_32:cache-references:4787129753.5
4.7.0-damn-strict_32:enp130s0f1_tx_bytes:4683409658
4.7.0-damn-strict_32:cpu_11:48.53
4.7.0-damn-strict_32:cpu_9:60.78
4.7.0-damn-strict_32:cycles:148420243831
4.7.0-damn-strict_32:Total_tx_packets:748123
4.7.0-damn-strict_32:enp4s0f0_rx_bytes:0
4.7.0-damn-strict_32:cpu_21:46.57
4.7.0-damn-strict_32:enp4s0f1_tx_bytes_phy:0
4.7.0-damn-strict_32:cpu_18:25.98
4.7.0-damn-strict_32:cpu_10:34.805
4.7.0-damn-strict_32:Write:20626.03
4.7.0-damn-strict_32:enp130s0f0_tx_packets:403810
4.7.0-damn-strict_32:enp4s0f0_tx_packets_phy:0
4.7.0-damn-strict_32:enp4s0f0_tx_bytes_phy:0
4.7.0-damn-strict_32:enp4s0f0_rx_packets:0
4.7.0-damn-strict_32:cpu_13:47.06
4.7.0-damn-strict_32:cpu_2:28.43
4.7.0-damn-strict_32:cpu_1:54.905
4.7.0-damn-strict_32:enp4s0f1_tx_packets_phy:0
4.7.0-damn-strict_32:enp130s0f0_rx_packets_phy:3186258
4.7.0-damn-strict_32:cache-misses:1478258977
4.7.0-damn-strict_32:enp4s0f1_tx_bytes:0
4.7.0-damn-strict_32:cpu_19:50
4.7.0-damn-strict_32:enp130s0f0_rx_bytes_phy:4539489067
4.7.0-damn-strict_32:enp4s0f1_rx_packets:0
4.7.0-damn-strict_32:enp130s0f0_tx_bytes:5203609726
4.7.0-damn-strict_32:cpu_22:36.765
4.7.0-damn-strict_32:cpu_0:34.31
4.7.0-damn-strict_32:cpu_4:36.765
4.7.0-damn-strict_32:enp4s0f1_tx_packets:0
4.7.0-damn-strict_32:cpu_8:33.825
4.7.0-damn-strict_32:enp130s0f0_tx_packets_phy:4223697.5
4.7.0-damn-strict_32:cpu_27:38.725
4.7.0-damn-strict_32:enp4s0f1_rx_bytes:0
4.7.0-damn-strict_32:Total_tx_packets_phy:7607652
4.7.0-damn-strict_32:enp4s0f1_rx_bytes_phy:0
4.7.0-damn-strict_32:Total_rx_bytes:8811188174.5
4.7.0-damn-strict_32:enp4s0f0_rx_packets_phy:0
4.7.0-damn-strict_32:cpu_3:60.295
4.7.0-damn-strict_32:cpu_23:36.765
4.7.0-damn-strict_32:cpu_5:43.14
4.7.0-damn-strict_32:enp4s0f0_rx_bytes_phy:0
4.7.0-damn-strict_32:Total_rx_packets_phy:6293993
4.7.0-damn-strict_32:cpu_12:26.96
4.7.0-damn-strict_32:cpu_total:40.055
4.7.0-damn-strict_32:instructions:62206864094.5
4.7.0-damn-strict_32:enp130s0f1_rx_packets:1175647.5
4.7.0-damn-strict_32:Total_rx_bytes_phy:9076244039.5
4.7.0-damn-strict_32:Total_tx_bytes:9887019384
4.7.0-damn-strict_32:enp130s0f1_tx_packets:344313
4.7.0-damn-strict_32:LLC-load-misses:688915791
4.7.0-damn-strict_32:cpu_7:62.255
4.7.0-damn-strict_32:cpu_6:29.9
4.7.0-damn-strict_32:enp4s0f0_tx_packets:0
4.7.0-damn-strict_32:cpu_15:49.51
4.7.0-damn-strict_32:enp4s0f1_rx_packets_phy:0
4.7.0-damn-strict_32:cpu_16:24.02
4.7.0-damn-strict_32:enp130s0f0_rx_packets:1485079.5
4.7.0-damn-strict_32:cpu_24:38.725
4.7.0-damn-strict_32:cpu_17:48.04
4.7.0-damn-strict_32:Memory:54279.835
4.7.0-damn-strict_32:enp130s0f1_rx_packets_phy:3107735
4.7.0-damn-strict_32:16384:87380
4.7.0-damn-strict_32:Total_rx_packets:2660727
4.7.0-damn-strict_32:Total_tx_bytes_phy:9947336716.5
4.7.0-damn-strict_32:Read:33653.805
4.7.0-damn-strict_4:enp4s0f1_tx_bytes_phy:0
4.7.0-damn-strict_4:cpu_18:28.43
4.7.0-damn-strict_4:cpu_10:27.45
4.7.0-damn-strict_4:enp130s0f0_tx_packets:412654
4.7.0-damn-strict_4:Write:20834.765
4.7.0-damn-strict_4:enp4s0f0_tx_packets_phy:0
4.7.0-damn-strict_4:cpu_11:45.1
4.7.0-damn-strict_4:cpu_9:51.96
4.7.0-damn-strict_4:cycles:142315124115
4.7.0-damn-strict_4:Total_tx_packets:743429.5
4.7.0-damn-strict_4:cpu_21:81.865
4.7.0-damn-strict_4:enp4s0f0_rx_bytes:0
4.7.0-damn-strict_4:enp130s0f0_rx_packets_phy:3284220.5
4.7.0-damn-strict_4:cache-misses:1422659180
4.7.0-damn-strict_4:enp4s0f1_tx_bytes:0
4.7.0-damn-strict_4:cpu_19:44.12
4.7.0-damn-strict_4:enp130s0f0_rx_bytes_phy:4735005598.5
4.7.0-damn-strict_4:enp4s0f0_rx_packets:0
4.7.0-damn-strict_4:enp4s0f0_tx_bytes_phy:0
4.7.0-damn-strict_4:cpu_13:42.65
4.7.0-damn-strict_4:cpu_2:38.235
4.7.0-damn-strict_4:enp4s0f1_tx_packets_phy:0
4.7.0-damn-strict_4:cpu_1:43.135
4.7.0-damn-strict_4:enp130s0f1_tx_bytes_phy:4736222727
4.7.0-damn-strict_4:enp130s0f0_tx_bytes_phy:5331920511
4.7.0-damn-strict_4:cpu_26:28.43
4.7.0-damn-strict_4:cpu_20:23.53
4.7.0-damn-strict_4:cpu_14:40.69
4.7.0-damn-strict_4:LLC-store:1551106006.5
4.7.0-damn-strict_4:enp4s0f0_tx_bytes:0
4.7.0-damn-strict_4:LLC-load:1329582354
4.7.0-damn-strict_4:enp130s0f1_rx_bytes_phy:4655869409.5
4.7.0-damn-strict_4:enp130s0f1_tx_packets_phy:3387322
4.7.0-damn-strict_4:enp130s0f0_rx_bytes:4591279524
4.7.0-damn-strict_4:LLC-store-misses:175581145.5
4.7.0-damn-strict_4:cache-references:4793434288.5
4.7.0-damn-strict_4:enp130s0f1_tx_bytes:4721322691.5
4.7.0-damn-strict_4:enp130s0f1_rx_bytes:4504741160.5
4.7.0-damn-strict_4:cpu_25:46.565
4.7.0-damn-strict_4:enp4s0f0_tx_packets:0
4.7.0-damn-strict_4:cpu_15:50.49
4.7.0-damn-strict_4:enp4s0f1_rx_packets_phy:0
4.7.0-damn-strict_4:cpu_16:31.86
4.7.0-damn-strict_4:enp130s0f0_rx_packets:1300211.5
4.7.0-damn-strict_4:cpu_24:27.45
4.7.0-damn-strict_4:LLC-load-misses:649060823.5
4.7.0-damn-strict_4:cpu_7:50.49
4.7.0-damn-strict_4:cpu_6:30.88
4.7.0-damn-strict_4:Total_tx_bytes_phy:10068143238
4.7.0-damn-strict_4:Read:32699.185
4.7.0-damn-strict_4:cpu_17:46.57
4.7.0-damn-strict_4:Memory:53533.95
4.7.0-damn-strict_4:enp130s0f1_rx_packets_phy:3197655
4.7.0-damn-strict_4:16384:87380
4.7.0-damn-strict_4:Total_rx_packets:2397057.5
4.7.0-damn-strict_4:cpu_0:30.88
4.7.0-damn-strict_4:cpu_4:31.37
4.7.0-damn-strict_4:enp4s0f1_tx_packets:0
4.7.0-damn-strict_4:cpu_8:25.49
4.7.0-damn-strict_4:enp130s0f0_tx_packets_phy:4277249
4.7.0-damn-strict_4:cpu_27:50
4.7.0-damn-strict_4:enp4s0f1_rx_bytes:0
4.7.0-damn-strict_4:Total_tx_packets_phy:7664571
4.7.0-damn-strict_4:enp4s0f1_rx_bytes_phy:0
4.7.0-damn-strict_4:enp4s0f1_rx_packets:0
4.7.0-damn-strict_4:enp130s0f0_tx_bytes:5286987437.5
4.7.0-damn-strict_4:cpu_22:20.59
4.7.0-damn-strict_4:cpu_12:33.825
4.7.0-damn-strict_4:cpu_total:39.145
4.7.0-damn-strict_4:instructions:58041384079.5
4.7.0-damn-strict_4:enp130s0f1_rx_packets:1096846
4.7.0-damn-strict_4:Total_tx_bytes:10008310129
4.7.0-damn-strict_4:Total_rx_bytes_phy:9390875008
4.7.0-damn-strict_4:enp130s0f1_tx_packets:330775.5
4.7.0-damn-strict_4:enp4s0f0_rx_packets_phy:0
4.7.0-damn-strict_4:Total_rx_bytes:9096020684.5
4.7.0-damn-strict_4:cpu_3:36.275
4.7.0-damn-strict_4:cpu_23:44.605
4.7.0-damn-strict_4:cpu_5:44.12
4.7.0-damn-strict_4:enp4s0f0_rx_bytes_phy:0
4.7.0-damn-strict_4:Total_rx_packets_phy:6481875.5
4.7.0-damn-strict_512:cpu_17:71.075
4.7.0-damn-strict_512:Memory:53070.61
4.7.0-damn-strict_512:enp130s0f1_rx_packets_phy:3013830
4.7.0-damn-strict_512:16384:87380
4.7.0-damn-strict_512:Total_rx_packets:2516139.5
4.7.0-damn-strict_512:Total_tx_bytes_phy:10113506419.5
4.7.0-damn-strict_512:Read:32959.15
4.7.0-damn-strict_512:LLC-load-misses:674579595
4.7.0-damn-strict_512:cpu_7:39.215
4.7.0-damn-strict_512:cpu_6:35.295
4.7.0-damn-strict_512:enp4s0f0_tx_packets:0
4.7.0-damn-strict_512:cpu_15:85.295
4.7.0-damn-strict_512:enp4s0f1_rx_packets_phy:0
4.7.0-damn-strict_512:cpu_16:30.39
4.7.0-damn-strict_512:enp130s0f0_rx_packets:1418078.5
4.7.0-damn-strict_512:cpu_24:31.86
4.7.0-damn-strict_512:enp4s0f0_rx_packets_phy:0
4.7.0-damn-strict_512:Total_rx_bytes:8576218937.5
4.7.0-damn-strict_512:cpu_3:44.605
4.7.0-damn-strict_512:cpu_23:47.06
4.7.0-damn-strict_512:cpu_5:44.61
4.7.0-damn-strict_512:enp4s0f0_rx_bytes_phy:0
4.7.0-damn-strict_512:Total_rx_packets_phy:6100778
4.7.0-damn-strict_512:cpu_12:32.35
4.7.0-damn-strict_512:cpu_total:39.165
4.7.0-damn-strict_512:instructions:60020395142.5
4.7.0-damn-strict_512:enp130s0f1_rx_packets:1098061
4.7.0-damn-strict_512:Total_rx_bytes_phy:8837952701
4.7.0-damn-strict_512:Total_tx_bytes:10050359753
4.7.0-damn-strict_512:enp130s0f1_tx_packets:330423
4.7.0-damn-strict_512:enp4s0f1_rx_packets:0
4.7.0-damn-strict_512:enp130s0f0_tx_bytes:5300903499
4.7.0-damn-strict_512:cpu_22:23.04
4.7.0-damn-strict_512:cpu_0:25.49
4.7.0-damn-strict_512:cpu_4:43.135
4.7.0-damn-strict_512:enp4s0f1_tx_packets:0
4.7.0-damn-strict_512:cpu_8:28.92
4.7.0-damn-strict_512:enp130s0f0_tx_packets_phy:4292237
4.7.0-damn-strict_512:cpu_27:42.155
4.7.0-damn-strict_512:enp4s0f1_rx_bytes:0
4.7.0-damn-strict_512:Total_tx_packets_phy:7715946
4.7.0-damn-strict_512:enp4s0f1_rx_bytes_phy:0
4.7.0-damn-strict_512:enp4s0f0_tx_bytes_phy:0
4.7.0-damn-strict_512:enp4s0f0_rx_packets:0
4.7.0-damn-strict_512:cpu_13:47.06
4.7.0-damn-strict_512:cpu_2:28.92
4.7.0-damn-strict_512:enp4s0f1_tx_packets_phy:0
4.7.0-damn-strict_512:cpu_1:38.725
4.7.0-damn-strict_512:enp130s0f0_rx_packets_phy:3086948
4.7.0-damn-strict_512:cache-misses:1411289269.5
4.7.0-damn-strict_512:enp4s0f1_tx_bytes:0
4.7.0-damn-strict_512:cpu_19:42.155
4.7.0-damn-strict_512:enp130s0f0_rx_bytes_phy:4458347914
4.7.0-damn-strict_512:cpu_11:45.59
4.7.0-damn-strict_512:cpu_9:42.65
4.7.0-damn-strict_512:cycles:145380804013.5
4.7.0-damn-strict_512:Total_tx_packets:734386
4.7.0-damn-strict_512:cpu_21:46.075
4.7.0-damn-strict_512:enp4s0f0_rx_bytes:0
4.7.0-damn-strict_512:enp4s0f1_tx_bytes_phy:0
4.7.0-damn-strict_512:cpu_18:32.35
4.7.0-damn-strict_512:cpu_10:25
4.7.0-damn-strict_512:enp4s0f0_tx_packets_phy:0
4.7.0-damn-strict_512:Write:20111.45
4.7.0-damn-strict_512:enp130s0f0_tx_packets:403963
4.7.0-damn-strict_512:enp130s0f1_rx_bytes:4240883540.5
4.7.0-damn-strict_512:cpu_25:39.215
4.7.0-damn-strict_512:cache-references:4741404518.5
4.7.0-damn-strict_512:enp130s0f1_tx_bytes:4749456254
4.7.0-damn-strict_512:LLC-store:1528361167
4.7.0-damn-strict_512:cpu_14:32.845
4.7.0-damn-strict_512:enp4s0f0_tx_bytes:0
4.7.0-damn-strict_512:LLC-load:1334775569.5
4.7.0-damn-strict_512:enp130s0f1_rx_bytes_phy:4379604787
4.7.0-damn-strict_512:enp130s0f0_rx_bytes:4335335397
4.7.0-damn-strict_512:enp130s0f1_tx_packets_phy:3423709
4.7.0-damn-strict_512:LLC-store-misses:173883265.5
4.7.0-damn-strict_512:enp130s0f1_tx_bytes_phy:4766209784
4.7.0-damn-strict_512:enp130s0f0_tx_bytes_phy:5347296635.5
4.7.0-damn-strict_512:cpu_26:29.41
4.7.0-damn-strict_512:cpu_20:21.08
4.7.0-damn-strict_64:cpu_13:49.755
4.7.0-damn-strict_64:enp4s0f0_tx_bytes_phy:0
4.7.0-damn-strict_64:enp4s0f0_rx_packets:0
4.7.0-damn-strict_64:cpu_1:41.98
4.7.0-damn-strict_64:enp4s0f1_tx_packets_phy:0
4.7.0-damn-strict_64:cpu_2:26.32
4.7.0-damn-strict_64:enp4s0f1_tx_bytes:0
4.7.0-damn-strict_64:cache-misses:1434373543
4.7.0-damn-strict_64:enp130s0f0_rx_packets_phy:3185619
4.7.0-damn-strict_64:cpu_19:40.98
4.7.0-damn-strict_64:enp130s0f0_rx_bytes_phy:4574290539.5
4.7.0-damn-strict_64:cycles:145514530379.5
4.7.0-damn-strict_64:cpu_9:55.59
4.7.0-damn-strict_64:cpu_11:58.59
4.7.0-damn-strict_64:cpu_21:44.94
4.7.0-damn-strict_64:enp4s0f0_rx_bytes:0
4.7.0-damn-strict_64:Total_tx_packets:747310
4.7.0-damn-strict_64:enp4s0f1_tx_bytes_phy:0
4.7.0-damn-strict_64:Write:20452.09
4.7.0-damn-strict_64:enp4s0f0_tx_packets_phy:0
4.7.0-damn-strict_64:enp130s0f0_tx_packets:416834
4.7.0-damn-strict_64:cpu_10:33.685
4.7.0-damn-strict_64:cpu_18:27.32
4.7.0-damn-strict_64:enp130s0f1_rx_bytes:4381694911.5
4.7.0-damn-strict_64:cpu_25:50.715
4.7.0-damn-strict_64:cache-references:4788984289.5
4.7.0-damn-strict_64:enp130s0f1_tx_bytes:4689643700
4.7.0-damn-strict_64:enp4s0f0_tx_bytes:0
4.7.0-damn-strict_64:cpu_14:45.81
4.7.0-damn-strict_64:LLC-store:1544285190
4.7.0-damn-strict_64:LLC-store-misses:173887996
4.7.0-damn-strict_64:enp130s0f0_rx_bytes:4448619231.5
4.7.0-damn-strict_64:enp130s0f1_rx_bytes_phy:4531434566.5
4.7.0-damn-strict_64:enp130s0f1_tx_packets_phy:3375396
4.7.0-damn-strict_64:LLC-load:1340319005
4.7.0-damn-strict_64:enp130s0f0_tx_bytes_phy:5204931788
4.7.0-damn-strict_64:enp130s0f1_tx_bytes_phy:4705102273
4.7.0-damn-strict_64:cpu_20:26.315
4.7.0-damn-strict_64:cpu_26:24.88
4.7.0-damn-strict_64:Memory:53871.995
4.7.0-damn-strict_64:cpu_17:58.065
4.7.0-damn-strict_64:Total_rx_packets:2507330
4.7.0-damn-strict_64:16384:87380
4.7.0-damn-strict_64:enp130s0f1_rx_packets_phy:3108466.5
4.7.0-damn-strict_64:Total_tx_bytes_phy:9910034061
4.7.0-damn-strict_64:Read:33419.91
4.7.0-damn-strict_64:cpu_7:61.475
4.7.0-damn-strict_64:LLC-load-misses:663899274
4.7.0-damn-strict_64:cpu_6:28.29
4.7.0-damn-strict_64:enp4s0f1_rx_packets_phy:0
4.7.0-damn-strict_64:cpu_15:41.945
4.7.0-damn-strict_64:enp4s0f0_tx_packets:0
4.7.0-damn-strict_64:cpu_24:19.505
4.7.0-damn-strict_64:enp130s0f0_rx_packets:1469434.5
4.7.0-damn-strict_64:cpu_16:25.84
4.7.0-damn-strict_64:cpu_23:40.005
4.7.0-damn-strict_64:cpu_5:64.77
4.7.0-damn-strict_64:cpu_3:44.41
4.7.0-damn-strict_64:enp4s0f0_rx_packets_phy:0
4.7.0-damn-strict_64:Total_rx_bytes:8830314143
4.7.0-damn-strict_64:Total_rx_packets_phy:6294085.5
4.7.0-damn-strict_64:enp4s0f0_rx_bytes_phy:0
4.7.0-damn-strict_64:instructions:60150930874
4.7.0-damn-strict_64:cpu_total:39.51
4.7.0-damn-strict_64:cpu_12:35.105
4.7.0-damn-strict_64:enp130s0f1_tx_packets:330476
4.7.0-damn-strict_64:Total_tx_bytes:9849510521.5
4.7.0-damn-strict_64:Total_rx_bytes_phy:9105725106
4.7.0-damn-strict_64:enp130s0f1_rx_packets:1037895.5
4.7.0-damn-strict_64:enp4s0f1_rx_packets:0
4.7.0-damn-strict_64:cpu_22:29.25
4.7.0-damn-strict_64:enp130s0f0_tx_bytes:5159866821.5
4.7.0-damn-strict_64:enp4s0f1_tx_packets:0
4.7.0-damn-strict_64:cpu_4:33.595
4.7.0-damn-strict_64:cpu_0:20.99
4.7.0-damn-strict_64:enp4s0f1_rx_bytes_phy:0
4.7.0-damn-strict_64:Total_tx_packets_phy:7581890
4.7.0-damn-strict_64:enp4s0f1_rx_bytes:0
4.7.0-damn-strict_64:enp130s0f0_tx_packets_phy:4206494
4.7.0-damn-strict_64:cpu_8:25.88
4.7.0-damn-strict_64:cpu_27:50.75
