4.7.0-damnn-hp-strict:cpu_19:18.826
4.7.0-damnn-hp-strict:enp130s0f1_tx_packets:214603.6
4.7.0-damnn-hp-strict:SKT1_ipc:0.475
4.7.0-damnn-hp-strict:16384:87380
4.7.0-damnn-hp-strict:enp130s0f1_rx_packets_phy:553229
4.7.0-damnn-hp-strict:cpu_11:26.863
4.7.0-damnn-hp-strict:cpu_2:26.47
4.7.0-damnn-hp-strict:cpu_17:23.04
4.7.0-damnn-hp-strict:cpu_6:32.157
4.7.0-damnn-hp-strict:TOTAL_l3mpi:0.02
4.7.0-damnn-hp-strict:enp4s0f1_tx_packets_phy:0
4.7.0-damnn-hp-strict:SKT1_l3miss:367400000
4.7.0-damnn-hp-strict:SKT0_l2hit:0.342
4.7.0-damnn-hp-strict:cpu_13:30.393
4.7.0-damnn-hp-strict:Total_rx_packets_phy:1369282.8
4.7.0-damnn-hp-strict:cpu_25:23.138
4.7.0-damnn-hp-strict:TOTAL_l2miss:1241300000
4.7.0-damnn-hp-strict:Total_tx_packets:480528.5
4.7.0-damnn-hp-strict:enp130s0f1_rx_bytes_phy:4989030224.6
4.7.0-damnn-hp-strict:enp4s0f1_tx_bytes_phy:0
4.7.0-damnn-hp-strict:Total_tx_packets_phy:820302.9
4.7.0-damnn-hp-strict:cpu_22:16.864
4.7.0-damnn-hp-strict:cpu_21:23.825
4.7.0-damnn-hp-strict:enp130s0f0_tx_packets:265924.9
4.7.0-damnn-hp-strict:enp130s0f0_tx_bytes:17551071
4.7.0-damnn-hp-strict:Total_tx_queue_stopped:0
4.7.0-damnn-hp-strict:cpu_7:28.628
4.7.0-damnn-hp-strict:enp4s0f0_rx_bytes:0
4.7.0-damnn-hp-strict:SKT0_l3mpi:0.028
4.7.0-damnn-hp-strict:cpu_3:34.312
4.7.0-damnn-hp-strict:TOTAL_l2hit:0.39
4.7.0-damnn-hp-strict:cpu_16:19.609
4.7.0-damnn-hp-strict:cache-misses:845646149.2
4.7.0-damnn-hp-strict:Total_rx_packets:843402.7
4.7.0-damnn-hp-strict:TOTAL_l3hit:0.317
4.7.0-damnn-hp-strict:enp4s0f0_rx_bytes_phy:0
4.7.0-damnn-hp-strict:enp130s0f1_rx_packets:422205.2
4.7.0-damnn-hp-strict:enp4s0f1_rx_bytes:0
4.7.0-damnn-hp-strict:enp4s0f1_tx_queue_stopped:0
4.7.0-damnn-hp-strict:enp4s0f1_tx_bytes:0
4.7.0-damnn-hp-strict:Total_rx_bytes_phy:12348207265
4.7.0-damnn-hp-strict:TOTAL_ipc:0.443
4.7.0-damnn-hp-strict:enp4s0f0_tx_packets_phy:0
4.7.0-damnn-hp-strict:cpu_26:15.197
4.7.0-damnn-hp-strict:cpu_20:15.493
4.7.0-damnn-hp-strict:cpu_9:26.176
4.7.0-damnn-hp-strict:cpu_24:15.393
4.7.0-damnn-hp-strict:enp130s0f0_rx_bytes:7330278820
4.7.0-damnn-hp-strict:SKT0_ipc:0.407
4.7.0-damnn-hp-strict:enp130s0f0_tx_bytes_phy:40359142
4.7.0-damnn-hp-strict:enp130s0f1_tx_packets_phy:214619.7
4.7.0-damnn-hp-strict:cpu_4:24.804
4.7.0-damnn-hp-strict:cpu_0:33.333
4.7.0-damnn-hp-strict:SKT0_l2miss:649000000
4.7.0-damnn-hp-strict:cpu_27:18.923
4.7.0-damnn-hp-strict:cpu_1:25
4.7.0-damnn-hp-strict:cpu_5:29.804
4.7.0-damnn-hp-strict:Total_tx_bytes:31714941.8
4.7.0-damnn-hp-strict:enp4s0f1_rx_packets:0
4.7.0-damnn-hp-strict:SKT1_l2miss:591800000
4.7.0-damnn-hp-strict:instructions:40683195579.3
4.7.0-damnn-hp-strict:TOTAL_l3miss:849300000
4.7.0-damnn-hp-strict:enp130s0f1_rx_bytes:4978342158.6
4.7.0-damnn-hp-strict:enp4s0f0_rx_packets:0
4.7.0-damnn-hp-strict:cpu_23:20.296
4.7.0-damnn-hp-strict:enp130s0f1_tx_bytes:14163870.8
4.7.0-damnn-hp-strict:SKT0_l3miss:481200000
4.7.0-damnn-hp-strict:enp130s0f0_tx_queue_stopped:0
4.7.0-damnn-hp-strict:cpu_15:22.158
4.7.0-damnn-hp-strict:enp4s0f0_rx_packets_phy:0
4.7.0-damnn-hp-strict:enp130s0f1_tx_bytes_phy:15023460.8
4.7.0-damnn-hp-strict:LLC-load:982823791.8
4.7.0-damnn-hp-strict:LLC-store-misses:53381737.9
4.7.0-damnn-hp-strict:cpu_8:22.844
4.7.0-damnn-hp-strict:enp4s0f1_tx_packets:0
4.7.0-damnn-hp-strict:SKT1_l2mpi:0.027
4.7.0-damnn-hp-strict:enp4s0f1_rx_bytes_phy:0
4.7.0-damnn-hp-strict:Total_tx_bytes_phy:55382602.8
4.7.0-damnn-hp-strict:enp4s0f0_tx_queue_stopped:0
4.7.0-damnn-hp-strict:Memory:26336.813
4.7.0-damnn-hp-strict:Read:13362.554
4.7.0-damnn-hp-strict:enp4s0f0_tx_bytes:0
4.7.0-damnn-hp-strict:cpu_total:23.735
4.7.0-damnn-hp-strict:cycles:91682970221
4.7.0-damnn-hp-strict:cpu_18:17.842
4.7.0-damnn-hp-strict:enp130s0f1_tx_queue_stopped:0
4.7.0-damnn-hp-strict:Total_rx_bytes:12308620978.6
4.7.0-damnn-hp-strict:SKT1_l3hit:0.378
4.7.0-damnn-hp-strict:SKT0_l2mpi:0.038
4.7.0-damnn-hp-strict:enp4s0f1_rx_packets_phy:0
4.7.0-damnn-hp-strict:LLC-store:1027095113.8
4.7.0-damnn-hp-strict:cpu_12:23.922
4.7.0-damnn-hp-strict:LLC-load-misses:480079934
4.7.0-damnn-hp-strict:SKT1_l3mpi:0.018
4.7.0-damnn-hp-strict:Write:12974.259
4.7.0-damnn-hp-strict:enp4s0f0_tx_bytes_phy:0
4.7.0-damnn-hp-strict:enp130s0f0_tx_packets_phy:605683.2
4.7.0-damnn-hp-strict:enp4s0f0_tx_packets:0
4.7.0-damnn-hp-strict:SKT1_l2hit:0.436
4.7.0-damnn-hp-strict:cpu_14:16.767
4.7.0-damnn-hp-strict:enp130s0f0_rx_packets:421197.5
4.7.0-damnn-hp-strict:enp130s0f0_rx_bytes_phy:7359177040.4
4.7.0-damnn-hp-strict:enp130s0f0_rx_packets_phy:816053.8
4.7.0-damnn-hp-strict:cache-references:3320974397.8
4.7.0-damnn-hp-strict:TOTAL_l2mpi:0.03
4.7.0-damnn-hp-strict:SKT0_l3hit:0.259
4.7.0-damnn-hp-strict:cpu_10:32.058
