4.7.0-copy-plus-hp-strict:cpu_11:0
4.7.0-copy-plus-hp-strict:cpu_22:0
4.7.0-copy-plus-hp-strict:cpu_27:0
4.7.0-copy-plus-hp-strict:enp130s0f0_rx_bytes:0
4.7.0-copy-plus-hp-strict:cache-references:1913089900.6
4.7.0-copy-plus-hp-strict:SKT0_l3hit:0.86
4.7.0-copy-plus-hp-strict:TOTAL_l3miss:4695400
4.7.0-copy-plus-hp-strict:instructions:4913613371.5
4.7.0-copy-plus-hp-strict:enp4s0f1_tx_bytes:5337506082.4
4.7.0-copy-plus-hp-strict:cpu_14:0
4.7.0-copy-plus-hp-strict:Write:57.271
4.7.0-copy-plus-hp-strict:SKT1_l3mpi:0
4.7.0-copy-plus-hp-strict:enp4s0f1_tx_bytes_phy:5339912335.9
4.7.0-copy-plus-hp-strict:enp130s0f0_tx_packets:0
4.7.0-copy-plus-hp-strict:cpu_total:3.173
4.7.0-copy-plus-hp-strict:SKT0_l2hit:0.146
4.7.0-copy-plus-hp-strict:cpu_5:0.291
4.7.0-copy-plus-hp-strict:enp130s0f0_rx_packets:0
4.7.0-copy-plus-hp-strict:SKT1_l2mpi:0.03
4.7.0-copy-plus-hp-strict:cpu_12:0
4.7.0-copy-plus-hp-strict:enp4s0f0_rx_bytes:0
4.7.0-copy-plus-hp-strict:SKT1_ipc:0.304
4.7.0-copy-plus-hp-strict:SKT1_l3miss:4520900
4.7.0-copy-plus-hp-strict:cycles:16030910815.2
4.7.0-copy-plus-hp-strict:Total_rx_bytes:1384789.9
4.7.0-copy-plus-hp-strict:enp4s0f0_tx_queue_stopped:0
4.7.0-copy-plus-hp-strict:cpu_6:0
4.7.0-copy-plus-hp-strict:cpu_1:100
4.7.0-copy-plus-hp-strict:TOTAL_l3mpi:0
4.7.0-copy-plus-hp-strict:cpu_0:0.194
4.7.0-copy-plus-hp-strict:SKT0_l3miss:174200
4.7.0-copy-plus-hp-strict:LLC-store:834393801.1
4.7.0-copy-plus-hp-strict:TOTAL_l2hit:0.732
4.7.0-copy-plus-hp-strict:16384:87380
4.7.0-copy-plus-hp-strict:cpu_2:0.097
4.7.0-copy-plus-hp-strict:enp4s0f0_tx_bytes:0
4.7.0-copy-plus-hp-strict:cpu_3:0
4.7.0-copy-plus-hp-strict:cpu_25:0
4.7.0-copy-plus-hp-strict:enp130s0f1_rx_packets:0
4.7.0-copy-plus-hp-strict:Total_tx_bytes:5337506082.4
4.7.0-copy-plus-hp-strict:cpu_19:0
4.7.0-copy-plus-hp-strict:enp4s0f1_rx_packets:20699.3
4.7.0-copy-plus-hp-strict:enp130s0f1_rx_packets_phy:0
4.7.0-copy-plus-hp-strict:Total_rx_packets_phy:20700.3
4.7.0-copy-plus-hp-strict:enp4s0f0_rx_packets_phy:0
4.7.0-copy-plus-hp-strict:cpu_20:0
4.7.0-copy-plus-hp-strict:SKT1_l3hit:0.97
4.7.0-copy-plus-hp-strict:cpu_9:0
4.7.0-copy-plus-hp-strict:Total_rx_packets:20699.3
4.7.0-copy-plus-hp-strict:enp4s0f0_rx_packets:0
4.7.0-copy-plus-hp-strict:enp130s0f0_tx_queue_stopped:0
4.7.0-copy-plus-hp-strict:enp4s0f1_rx_packets_phy:20700.3
4.7.0-copy-plus-hp-strict:enp130s0f0_tx_bytes:0
4.7.0-copy-plus-hp-strict:enp130s0f1_tx_packets:0
4.7.0-copy-plus-hp-strict:enp4s0f0_tx_packets:0
4.7.0-copy-plus-hp-strict:cpu_4:0
4.7.0-copy-plus-hp-strict:cpu_21:0
4.7.0-copy-plus-hp-strict:TOTAL_l3hit:0.97
4.7.0-copy-plus-hp-strict:cpu_26:0.194
4.7.0-copy-plus-hp-strict:cpu_17:0
4.7.0-copy-plus-hp-strict:SKT0_l2mpi:0.02
4.7.0-copy-plus-hp-strict:enp130s0f1_tx_bytes:0
4.7.0-copy-plus-hp-strict:SKT0_ipc:0.39
4.7.0-copy-plus-hp-strict:LLC-load:279587853
4.7.0-copy-plus-hp-strict:enp4s0f1_rx_bytes:1384789.9
4.7.0-copy-plus-hp-strict:cpu_8:0
4.7.0-copy-plus-hp-strict:enp4s0f1_tx_packets_phy:593739
4.7.0-copy-plus-hp-strict:enp130s0f1_rx_bytes:0
4.7.0-copy-plus-hp-strict:cpu_18:0
4.7.0-copy-plus-hp-strict:cpu_16:0
4.7.0-copy-plus-hp-strict:enp4s0f1_tx_queue_stopped:0
4.7.0-copy-plus-hp-strict:enp4s0f0_tx_bytes_phy:0
4.7.0-copy-plus-hp-strict:Total_tx_queue_stopped:0
4.7.0-copy-plus-hp-strict:cpu_15:0
4.7.0-copy-plus-hp-strict:enp130s0f1_tx_queue_stopped:0
4.7.0-copy-plus-hp-strict:enp4s0f1_rx_bytes_phy:1467637.3
4.7.0-copy-plus-hp-strict:enp4s0f1_tx_packets:86288.6
4.7.0-copy-plus-hp-strict:cpu_13:0
4.7.0-copy-plus-hp-strict:enp130s0f1_rx_bytes_phy:0
4.7.0-copy-plus-hp-strict:enp130s0f1_tx_packets_phy:0
4.7.0-copy-plus-hp-strict:cache-misses:4708066.9
4.7.0-copy-plus-hp-strict:Total_tx_packets:86288.6
4.7.0-copy-plus-hp-strict:cpu_24:0.097
4.7.0-copy-plus-hp-strict:TOTAL_l2mpi:0.03
4.7.0-copy-plus-hp-strict:TOTAL_l2miss:164700000
4.7.0-copy-plus-hp-strict:TOTAL_ipc:0.306
4.7.0-copy-plus-hp-strict:SKT1_l2hit:0.733
4.7.0-copy-plus-hp-strict:enp4s0f0_tx_packets_phy:0
4.7.0-copy-plus-hp-strict:enp130s0f0_tx_packets_phy:0
4.7.0-copy-plus-hp-strict:enp130s0f0_rx_bytes_phy:0
4.7.0-copy-plus-hp-strict:Memory:5241.937
4.7.0-copy-plus-hp-strict:Read:5184.666
4.7.0-copy-plus-hp-strict:SKT0_l3mpi:0
4.7.0-copy-plus-hp-strict:LLC-store-misses:417788.4
4.7.0-copy-plus-hp-strict:enp130s0f0_tx_bytes_phy:0
4.7.0-copy-plus-hp-strict:SKT0_l2miss:1242700
4.7.0-copy-plus-hp-strict:enp130s0f1_tx_bytes_phy:0
4.7.0-copy-plus-hp-strict:Total_tx_packets_phy:593739
4.7.0-copy-plus-hp-strict:LLC-load-misses:2384028.8
4.7.0-copy-plus-hp-strict:cpu_23:0
4.7.0-copy-plus-hp-strict:cpu_10:0
4.7.0-copy-plus-hp-strict:enp4s0f0_rx_bytes_phy:0
4.7.0-copy-plus-hp-strict:Total_rx_bytes_phy:1467637.3
4.7.0-copy-plus-hp-strict:cpu_7:0.194
4.7.0-copy-plus-hp-strict:enp130s0f0_rx_packets_phy:0
4.7.0-copy-plus-hp-strict:Total_tx_bytes_phy:5339912335.9
4.7.0-copy-plus-hp-strict:SKT1_l2miss:163400000
4.7.0-damn-strict:SKT0_l3miss:2412300
4.7.0-damn-strict:LLC-store:629521096.8
4.7.0-damn-strict:cpu_0:0.193
4.7.0-damn-strict:TOTAL_l2hit:0.679
4.7.0-damn-strict:TOTAL_l3mpi:0.002
4.7.0-damn-strict:enp130s0f1_rx_packets:0
4.7.0-damn-strict:enp4s0f1_rx_packets:36181.9
4.7.0-damn-strict:Total_tx_bytes:7974313174.1
4.7.0-damn-strict:cpu_19:0
4.7.0-damn-strict:cpu_3:0
4.7.0-damn-strict:cpu_25:0.097
4.7.0-damn-strict:enp130s0f1_rx_packets_phy:0
4.7.0-damn-strict:enp4s0f0_tx_bytes:0
4.7.0-damn-strict:16384:87380
4.7.0-damn-strict:cpu_2:0.097
4.7.0-damn-strict:cpu_14:0.097
4.7.0-damn-strict:SKT1_l3mpi:0.002
4.7.0-damn-strict:enp4s0f1_tx_bytes_phy:7977428694.3
4.7.0-damn-strict:Write:710.505
4.7.0-damn-strict:SKT0_l2hit:0.187
4.7.0-damn-strict:enp130s0f0_tx_packets:0
4.7.0-damn-strict:cpu_total:3.445
4.7.0-damn-strict:cpu_27:0.484
4.7.0-damn-strict:enp130s0f0_rx_bytes:0
4.7.0-damn-strict:cpu_22:0.096
4.7.0-damn-strict:cpu_11:0
4.7.0-damn-strict:enp4s0f1_tx_bytes:7974313174.1
4.7.0-damn-strict:TOTAL_l3miss:23400000
4.7.0-damn-strict:SKT0_l3hit:0.732
4.7.0-damn-strict:instructions:5500790986.6
4.7.0-damn-strict:cache-references:1483866417.1
4.7.0-damn-strict:SKT1_l3miss:20900000
4.7.0-damn-strict:cycles:16230092796.6
4.7.0-damn-strict:enp4s0f0_tx_queue_stopped:0
4.7.0-damn-strict:Total_rx_bytes:2477250.2
4.7.0-damn-strict:enp4s0f0_rx_bytes:0
4.7.0-damn-strict:SKT1_ipc:0.323
4.7.0-damn-strict:cpu_6:0.096
4.7.0-damn-strict:cpu_1:99.904
4.7.0-damn-strict:cpu_5:0
4.7.0-damn-strict:SKT1_l2mpi:0.02
4.7.0-damn-strict:enp130s0f0_rx_packets:0
4.7.0-damn-strict:cpu_12:0.775
4.7.0-damn-strict:enp130s0f0_tx_packets_phy:0
4.7.0-damn-strict:enp130s0f0_rx_bytes_phy:0
4.7.0-damn-strict:SKT0_l3mpi:0.001
4.7.0-damn-strict:LLC-store-misses:8185748.8
4.7.0-damn-strict:Memory:8887.794
4.7.0-damn-strict:Read:8177.291
4.7.0-damn-strict:TOTAL_l2mpi:0.02
4.7.0-damn-strict:TOTAL_l2miss:119900000
4.7.0-damn-strict:Total_tx_packets:127653.5
4.7.0-damn-strict:cpu_24:0.193
4.7.0-damn-strict:enp4s0f0_tx_packets_phy:0
4.7.0-damn-strict:TOTAL_ipc:0.342
4.7.0-damn-strict:SKT1_l2hit:0.686
4.7.0-damn-strict:enp4s0f0_rx_bytes_phy:0
4.7.0-damn-strict:Total_rx_bytes_phy:2621712.1
4.7.0-damn-strict:enp130s0f0_rx_packets_phy:0
4.7.0-damn-strict:Total_tx_bytes_phy:7977428694.3
4.7.0-damn-strict:SKT1_l2miss:114900000
4.7.0-damn-strict:cpu_7:0
4.7.0-damn-strict:enp130s0f1_tx_bytes_phy:0
4.7.0-damn-strict:SKT0_l2miss:4723200
4.7.0-damn-strict:Total_tx_packets_phy:884902.1
4.7.0-damn-strict:enp130s0f0_tx_bytes_phy:0
4.7.0-damn-strict:cpu_10:2.226
4.7.0-damn-strict:LLC-load-misses:9780991
4.7.0-damn-strict:cpu_23:0
4.7.0-damn-strict:enp4s0f0_tx_packets:0
4.7.0-damn-strict:cpu_4:0.096
4.7.0-damn-strict:cpu_21:0
4.7.0-damn-strict:enp4s0f0_rx_packets:0
4.7.0-damn-strict:enp130s0f0_tx_queue_stopped:0
4.7.0-damn-strict:enp4s0f1_rx_packets_phy:36176.7
4.7.0-damn-strict:enp130s0f1_tx_packets:0
4.7.0-damn-strict:enp130s0f0_tx_bytes:0
4.7.0-damn-strict:cpu_17:0.096
4.7.0-damn-strict:SKT0_l2mpi:0.017
4.7.0-damn-strict:TOTAL_l3hit:0.802
4.7.0-damn-strict:cpu_26:0
4.7.0-damn-strict:enp4s0f0_rx_packets_phy:0
4.7.0-damn-strict:Total_rx_packets_phy:36176.7
4.7.0-damn-strict:Total_rx_packets:36181.9
4.7.0-damn-strict:SKT1_l3hit:0.814
4.7.0-damn-strict:cpu_20:0
4.7.0-damn-strict:cpu_9:0
4.7.0-damn-strict:enp4s0f1_rx_bytes_phy:2621712.1
4.7.0-damn-strict:enp4s0f1_tx_packets:127653.5
4.7.0-damn-strict:cpu_15:0
4.7.0-damn-strict:Total_tx_queue_stopped:0
4.7.0-damn-strict:enp130s0f1_tx_queue_stopped:0
4.7.0-damn-strict:cache-misses:23995842.4
4.7.0-damn-strict:cpu_13:0
4.7.0-damn-strict:enp130s0f1_rx_bytes_phy:0
4.7.0-damn-strict:enp130s0f1_tx_packets_phy:0
4.7.0-damn-strict:SKT0_ipc:0.486
4.7.0-damn-strict:LLC-load:230110308.9
4.7.0-damn-strict:enp4s0f1_tx_packets_phy:884902.1
4.7.0-damn-strict:cpu_8:2.319
4.7.0-damn-strict:enp4s0f1_rx_bytes:2477250.2
4.7.0-damn-strict:enp130s0f1_tx_bytes:0
4.7.0-damn-strict:enp4s0f1_tx_queue_stopped:0
4.7.0-damn-strict:cpu_16:0.096
4.7.0-damn-strict:enp4s0f0_tx_bytes_phy:0
4.7.0-damn-strict:enp130s0f1_rx_bytes:0
4.7.0-damn-strict:cpu_18:0.29
4.7.0-defer:enp4s0f1_tx_queue_stopped:0
4.7.0-defer:cpu_16:0
4.7.0-defer:enp4s0f0_tx_bytes_phy:0
4.7.0-defer:enp130s0f1_rx_bytes:0
4.7.0-defer:cpu_18:0.097
4.7.0-defer:LLC-load:238591866.6
4.7.0-defer:SKT0_ipc:0.413
4.7.0-defer:enp4s0f1_rx_bytes:1982005.1
4.7.0-defer:enp4s0f1_tx_packets_phy:851247.4
4.7.0-defer:cpu_8:0
4.7.0-defer:enp130s0f1_tx_bytes:0
4.7.0-defer:cache-misses:2654110.2
4.7.0-defer:cpu_13:0
4.7.0-defer:enp130s0f1_tx_packets_phy:0
4.7.0-defer:enp130s0f1_rx_bytes_phy:0
4.7.0-defer:enp4s0f1_rx_bytes_phy:2099100.5
4.7.0-defer:enp4s0f1_tx_packets:122035.9
4.7.0-defer:Total_tx_queue_stopped:0
4.7.0-defer:cpu_15:0
4.7.0-defer:enp130s0f1_tx_queue_stopped:0
4.7.0-defer:Total_rx_packets:29155.3
4.7.0-defer:cpu_20:0
4.7.0-defer:SKT1_l3hit:0.98
4.7.0-defer:cpu_9:0
4.7.0-defer:enp4s0f0_rx_packets_phy:0
4.7.0-defer:Total_rx_packets_phy:29162
4.7.0-defer:cpu_17:0
4.7.0-defer:SKT0_l2mpi:0.015
4.7.0-defer:TOTAL_l3hit:0.979
4.7.0-defer:cpu_26:0
4.7.0-defer:cpu_4:0
4.7.0-defer:enp4s0f0_tx_packets:0
4.7.0-defer:cpu_21:0
4.7.0-defer:enp4s0f1_rx_packets_phy:29162
4.7.0-defer:enp4s0f0_rx_packets:0
4.7.0-defer:enp130s0f0_tx_queue_stopped:0
4.7.0-defer:enp130s0f0_tx_bytes:0
4.7.0-defer:enp130s0f1_tx_packets:0
4.7.0-defer:cpu_10:0
4.7.0-defer:LLC-load-misses:1424871.7
4.7.0-defer:cpu_23:0
4.7.0-defer:SKT0_l2miss:1265300
4.7.0-defer:enp130s0f1_tx_bytes_phy:0
4.7.0-defer:Total_tx_packets_phy:851247.4
4.7.0-defer:enp130s0f0_tx_bytes_phy:0
4.7.0-defer:enp130s0f0_rx_packets_phy:0
4.7.0-defer:SKT1_l2miss:113600000
4.7.0-defer:Total_tx_bytes_phy:7673208931
4.7.0-defer:cpu_7:0
4.7.0-defer:enp4s0f0_rx_bytes_phy:0
4.7.0-defer:Total_rx_bytes_phy:2099100.5
4.7.0-defer:enp4s0f0_tx_packets_phy:0
4.7.0-defer:TOTAL_ipc:0.611
4.7.0-defer:SKT1_l2hit:0.701
4.7.0-defer:TOTAL_l2mpi:0.01
4.7.0-defer:TOTAL_l2miss:114600000
4.7.0-defer:Total_tx_packets:122035.9
4.7.0-defer:cpu_24:0.097
4.7.0-defer:SKT0_l3mpi:0
4.7.0-defer:LLC-store-misses:301438.9
4.7.0-defer:Read:7509.872
4.7.0-defer:Memory:7554.342
4.7.0-defer:enp130s0f0_tx_packets_phy:0
4.7.0-defer:enp130s0f0_rx_bytes_phy:0
4.7.0-defer:SKT1_l2mpi:0.01
4.7.0-defer:enp130s0f0_rx_packets:0
4.7.0-defer:cpu_12:0
4.7.0-defer:cpu_5:0.097
4.7.0-defer:cpu_6:0
4.7.0-defer:cpu_1:100
4.7.0-defer:SKT1_l3miss:2506700
4.7.0-defer:cycles:16105733332.7
4.7.0-defer:Total_rx_bytes:1982005.1
4.7.0-defer:enp4s0f0_tx_queue_stopped:0
4.7.0-defer:SKT1_ipc:0.614
4.7.0-defer:enp4s0f0_rx_bytes:0
4.7.0-defer:SKT0_l3hit:0.862
4.7.0-defer:TOTAL_l3miss:2682700
4.7.0-defer:enp4s0f1_tx_bytes:7670402104.8
4.7.0-defer:instructions:9815600673.5
4.7.0-defer:cache-references:1472003922.8
4.7.0-defer:enp130s0f0_rx_bytes:0
4.7.0-defer:cpu_27:0
4.7.0-defer:cpu_11:0
4.7.0-defer:cpu_22:0.097
4.7.0-defer:SKT0_l2hit:0.132
4.7.0-defer:enp130s0f0_tx_packets:0
4.7.0-defer:cpu_total:3.144
4.7.0-defer:cpu_14:0.097
4.7.0-defer:enp4s0f1_tx_bytes_phy:7673208931
4.7.0-defer:SKT1_l3mpi:0
4.7.0-defer:Write:44.47
4.7.0-defer:enp4s0f0_tx_bytes:0
4.7.0-defer:16384:87380
4.7.0-defer:cpu_2:0
4.7.0-defer:enp130s0f1_rx_packets_phy:0
4.7.0-defer:enp130s0f1_rx_packets:0
4.7.0-defer:enp4s0f1_rx_packets:29155.3
4.7.0-defer:Total_tx_bytes:7670402104.8
4.7.0-defer:cpu_19:0.097
4.7.0-defer:cpu_3:0
4.7.0-defer:cpu_25:0
4.7.0-defer:TOTAL_l3mpi:0
4.7.0-defer:TOTAL_l2hit:0.698
4.7.0-defer:SKT0_l3miss:175600
4.7.0-defer:LLC-store:607217075.8
4.7.0-defer:cpu_0:0.097
4.7.0-strict:enp4s0f0_rx_bytes_phy:0
4.7.0-strict:Total_rx_bytes_phy:1888497.2
4.7.0-strict:enp130s0f0_rx_packets_phy:0
4.7.0-strict:Total_tx_bytes_phy:5071896267.7
4.7.0-strict:SKT1_l2miss:68900000
4.7.0-strict:cpu_7:0
4.7.0-strict:SKT0_l2miss:1308700
4.7.0-strict:enp130s0f1_tx_bytes_phy:0
4.7.0-strict:Total_tx_packets_phy:563380.5
4.7.0-strict:enp130s0f0_tx_bytes_phy:0
4.7.0-strict:cpu_10:0
4.7.0-strict:LLC-load-misses:3523495.4
4.7.0-strict:cpu_23:0
4.7.0-strict:enp130s0f0_rx_bytes_phy:0
4.7.0-strict:enp130s0f0_tx_packets_phy:0
4.7.0-strict:SKT0_l3mpi:0
4.7.0-strict:LLC-store-misses:241582.3
4.7.0-strict:Memory:5146.565
4.7.0-strict:Read:5090.494
4.7.0-strict:TOTAL_l2mpi:0.01
4.7.0-strict:TOTAL_l2miss:70000000
4.7.0-strict:Total_tx_packets:81609.8
4.7.0-strict:cpu_24:0
4.7.0-strict:enp4s0f0_tx_packets_phy:0
4.7.0-strict:TOTAL_ipc:0.444
4.7.0-strict:SKT1_l2hit:0.748
4.7.0-strict:enp4s0f1_rx_bytes_phy:1888497.2
4.7.0-strict:enp4s0f1_tx_packets:81609.8
4.7.0-strict:Total_tx_queue_stopped:0
4.7.0-strict:cpu_15:0
4.7.0-strict:enp130s0f1_tx_queue_stopped:0
4.7.0-strict:cache-misses:4463471.9
4.7.0-strict:cpu_13:0
4.7.0-strict:enp130s0f1_rx_bytes_phy:0
4.7.0-strict:enp130s0f1_tx_packets_phy:0
4.7.0-strict:SKT0_ipc:0.367
4.7.0-strict:LLC-load:145019684
4.7.0-strict:enp4s0f1_tx_packets_phy:563380.5
4.7.0-strict:enp4s0f1_rx_bytes:1784772
4.7.0-strict:cpu_8:0
4.7.0-strict:enp130s0f1_tx_bytes:0
4.7.0-strict:cpu_16:0
4.7.0-strict:enp4s0f1_tx_queue_stopped:0
4.7.0-strict:enp4s0f0_tx_bytes_phy:0
4.7.0-strict:enp130s0f1_rx_bytes:0
4.7.0-strict:cpu_18:0
4.7.0-strict:cpu_4:0
4.7.0-strict:enp4s0f0_tx_packets:0
4.7.0-strict:cpu_21:0.097
4.7.0-strict:enp4s0f1_rx_packets_phy:26062.1
4.7.0-strict:enp130s0f0_tx_queue_stopped:0
4.7.0-strict:enp4s0f0_rx_packets:0
4.7.0-strict:enp130s0f0_tx_bytes:0
4.7.0-strict:enp130s0f1_tx_packets:0
4.7.0-strict:SKT0_l2mpi:0.02
4.7.0-strict:cpu_17:0
4.7.0-strict:TOTAL_l3hit:0.936
4.7.0-strict:cpu_26:0
4.7.0-strict:enp4s0f0_rx_packets_phy:0
4.7.0-strict:Total_rx_packets_phy:26062.1
4.7.0-strict:Total_rx_packets:26069.2
4.7.0-strict:cpu_20:0
4.7.0-strict:SKT1_l3hit:0.939
4.7.0-strict:cpu_9:0
4.7.0-strict:enp130s0f1_rx_packets:0
4.7.0-strict:cpu_19:0
4.7.0-strict:Total_tx_bytes:5069400603.5
4.7.0-strict:enp4s0f1_rx_packets:26069.2
4.7.0-strict:cpu_3:0
4.7.0-strict:cpu_25:0
4.7.0-strict:enp130s0f1_rx_packets_phy:0
4.7.0-strict:enp4s0f0_tx_bytes:0
4.7.0-strict:16384:87380
4.7.0-strict:cpu_2:0.097
4.7.0-strict:SKT0_l3miss:181600
4.7.0-strict:LLC-store:398046774.9
4.7.0-strict:cpu_0:0.097
4.7.0-strict:TOTAL_l2hit:0.744
4.7.0-strict:TOTAL_l3mpi:0
4.7.0-strict:SKT1_l3miss:4370600
4.7.0-strict:cycles:15685484557.2
4.7.0-strict:Total_rx_bytes:1784772
4.7.0-strict:enp4s0f0_tx_queue_stopped:0
4.7.0-strict:SKT1_ipc:0.445
4.7.0-strict:enp4s0f0_rx_bytes:0
4.7.0-strict:cpu_6:0
4.7.0-strict:cpu_1:100
4.7.0-strict:cpu_5:0.097
4.7.0-strict:enp130s0f0_rx_packets:0
4.7.0-strict:SKT1_l2mpi:0.01
4.7.0-strict:cpu_12:0
4.7.0-strict:cpu_14:0
4.7.0-strict:enp4s0f1_tx_bytes_phy:5071896267.7
4.7.0-strict:SKT1_l3mpi:0
4.7.0-strict:Write:56.071
4.7.0-strict:SKT0_l2hit:0.125
4.7.0-strict:enp130s0f0_tx_packets:0
4.7.0-strict:cpu_total:3.119
4.7.0-strict:enp130s0f0_rx_bytes:0
4.7.0-strict:cpu_27:0
4.7.0-strict:cpu_22:0.194
4.7.0-strict:cpu_11:0
4.7.0-strict:TOTAL_l3miss:4552700
4.7.0-strict:enp4s0f1_tx_bytes:5069400603.5
4.7.0-strict:SKT0_l3hit:0.859
4.7.0-strict:instructions:6965411551.1
4.7.0-strict:cache-references:962800954.6
4.7.0-unsafe:cpu_14:0
4.7.0-unsafe:SKT1_l3mpi:0
4.7.0-unsafe:enp4s0f1_tx_bytes_phy:8966104337.4
4.7.0-unsafe:Write:53.303
4.7.0-unsafe:SKT0_l2hit:0.144
4.7.0-unsafe:enp130s0f0_tx_packets:0
4.7.0-unsafe:cpu_total:3.157
4.7.0-unsafe:cpu_27:0
4.7.0-unsafe:enp130s0f0_rx_bytes:0
4.7.0-unsafe:cpu_11:0
4.7.0-unsafe:cpu_22:0
4.7.0-unsafe:instructions:7000538887.3
4.7.0-unsafe:TOTAL_l3miss:3261000
4.7.0-unsafe:SKT0_l3hit:0.846
4.7.0-unsafe:enp4s0f1_tx_bytes:8961669310.4
4.7.0-unsafe:cache-references:1694733685
4.7.0-unsafe:SKT1_l3miss:3073800
4.7.0-unsafe:cycles:15976365509.3
4.7.0-unsafe:Total_rx_bytes:2559547.7
4.7.0-unsafe:enp4s0f0_tx_queue_stopped:0
4.7.0-unsafe:SKT1_ipc:0.441
4.7.0-unsafe:enp4s0f0_rx_bytes:0
4.7.0-unsafe:cpu_6:0.097
4.7.0-unsafe:cpu_1:100
4.7.0-unsafe:cpu_5:0
4.7.0-unsafe:enp130s0f0_rx_packets:0
4.7.0-unsafe:SKT1_l2mpi:0.02
4.7.0-unsafe:cpu_12:0
4.7.0-unsafe:SKT0_l3miss:186700
4.7.0-unsafe:LLC-store:707390889.4
4.7.0-unsafe:cpu_0:0.291
4.7.0-unsafe:TOTAL_l2hit:0.705
4.7.0-unsafe:TOTAL_l3mpi:0
4.7.0-unsafe:enp130s0f1_rx_packets:0
4.7.0-unsafe:Total_tx_bytes:8961669310.4
4.7.0-unsafe:enp4s0f1_rx_packets:37110.4
4.7.0-unsafe:cpu_19:0
4.7.0-unsafe:cpu_3:0
4.7.0-unsafe:cpu_25:0.194
4.7.0-unsafe:enp130s0f1_rx_packets_phy:0
4.7.0-unsafe:enp4s0f0_tx_bytes:0
4.7.0-unsafe:16384:87380
4.7.0-unsafe:cpu_2:0
4.7.0-unsafe:enp4s0f0_tx_packets:0
4.7.0-unsafe:cpu_4:0
4.7.0-unsafe:cpu_21:0
4.7.0-unsafe:enp4s0f1_rx_packets_phy:37113.9
4.7.0-unsafe:enp130s0f0_tx_queue_stopped:0
4.7.0-unsafe:enp4s0f0_rx_packets:0
4.7.0-unsafe:enp130s0f1_tx_packets:0
4.7.0-unsafe:enp130s0f0_tx_bytes:0
4.7.0-unsafe:SKT0_l2mpi:0.019
4.7.0-unsafe:cpu_17:0
4.7.0-unsafe:TOTAL_l3hit:0.971
4.7.0-unsafe:cpu_26:0
4.7.0-unsafe:enp4s0f0_rx_packets_phy:0
4.7.0-unsafe:Total_rx_packets_phy:37113.9
4.7.0-unsafe:Total_rx_packets:37110.4
4.7.0-unsafe:cpu_20:0
4.7.0-unsafe:SKT1_l3hit:0.975
4.7.0-unsafe:cpu_9:0
4.7.0-unsafe:enp4s0f1_rx_bytes_phy:2708291
4.7.0-unsafe:enp4s0f1_tx_packets:142592
4.7.0-unsafe:Total_tx_queue_stopped:0
4.7.0-unsafe:cpu_15:0
4.7.0-unsafe:enp130s0f1_tx_queue_stopped:0
4.7.0-unsafe:cache-misses:3194019.2
4.7.0-unsafe:cpu_13:0
4.7.0-unsafe:enp130s0f1_tx_packets_phy:0
4.7.0-unsafe:enp130s0f1_rx_bytes_phy:0
4.7.0-unsafe:LLC-load:264053154.1
4.7.0-unsafe:SKT0_ipc:0.364
4.7.0-unsafe:enp4s0f1_tx_packets_phy:994546.1
4.7.0-unsafe:cpu_8:0
4.7.0-unsafe:enp4s0f1_rx_bytes:2559547.7
4.7.0-unsafe:enp130s0f1_tx_bytes:0
4.7.0-unsafe:cpu_16:0.097
4.7.0-unsafe:enp4s0f1_tx_queue_stopped:0
4.7.0-unsafe:enp4s0f0_tx_bytes_phy:0
4.7.0-unsafe:enp130s0f1_rx_bytes:0
4.7.0-unsafe:cpu_18:0
4.7.0-unsafe:enp130s0f0_tx_packets_phy:0
4.7.0-unsafe:enp130s0f0_rx_bytes_phy:0
4.7.0-unsafe:SKT0_l3mpi:0
4.7.0-unsafe:LLC-store-misses:395138.9
4.7.0-unsafe:Memory:8712.614
4.7.0-unsafe:Read:8659.31
4.7.0-unsafe:TOTAL_l2mpi:0.02
4.7.0-unsafe:TOTAL_l2miss:123700000
4.7.0-unsafe:Total_tx_packets:142592
4.7.0-unsafe:cpu_24:0.097
4.7.0-unsafe:enp4s0f0_tx_packets_phy:0
4.7.0-unsafe:TOTAL_ipc:0.439
4.7.0-unsafe:SKT1_l2hit:0.706
4.7.0-unsafe:enp4s0f0_rx_bytes_phy:0
4.7.0-unsafe:Total_rx_bytes_phy:2708291
4.7.0-unsafe:enp130s0f0_rx_packets_phy:0
4.7.0-unsafe:SKT1_l2miss:122500000
4.7.0-unsafe:Total_tx_bytes_phy:8966104337.4
4.7.0-unsafe:cpu_7:0
4.7.0-unsafe:SKT0_l2miss:1224300
4.7.0-unsafe:enp130s0f1_tx_bytes_phy:0
4.7.0-unsafe:Total_tx_packets_phy:994546.1
4.7.0-unsafe:enp130s0f0_tx_bytes_phy:0
4.7.0-unsafe:cpu_10:0
4.7.0-unsafe:LLC-load-misses:1590586.1
4.7.0-unsafe:cpu_23:0
