4.7.0-copy-plus-hp-strict:cpu_total:6.147
4.7.0-copy-plus-hp-strict:enp130s0f0_tx_packets:0
4.7.0-copy-plus-hp-strict:SKT0_l2hit:0.653
4.7.0-copy-plus-hp-strict:SKT1_l3mpi:0.01
4.7.0-copy-plus-hp-strict:enp4s0f1_tx_bytes_phy:12237783.8
4.7.0-copy-plus-hp-strict:Write:270.522
4.7.0-copy-plus-hp-strict:cpu_14:0.29
4.7.0-copy-plus-hp-strict:cache-references:212859362.1
4.7.0-copy-plus-hp-strict:SKT0_l3hit:0.397
4.7.0-copy-plus-hp-strict:TOTAL_l3miss:82000000
4.7.0-copy-plus-hp-strict:instructions:16686940534.7
4.7.0-copy-plus-hp-strict:enp4s0f1_tx_bytes:11472605
4.7.0-copy-plus-hp-strict:cpu_11:0.193
4.7.0-copy-plus-hp-strict:cpu_22:0
4.7.0-copy-plus-hp-strict:enp130s0f0_rx_bytes:0
4.7.0-copy-plus-hp-strict:cpu_27:0
4.7.0-copy-plus-hp-strict:cpu_1:82.152
4.7.0-copy-plus-hp-strict:cpu_6:0.096
4.7.0-copy-plus-hp-strict:enp4s0f0_rx_bytes:0
4.7.0-copy-plus-hp-strict:SKT1_ipc:0.486
4.7.0-copy-plus-hp-strict:Total_rx_bytes:11472552.9
4.7.0-copy-plus-hp-strict:enp4s0f0_tx_queue_stopped:0
4.7.0-copy-plus-hp-strict:SKT1_l3miss:44500000
4.7.0-copy-plus-hp-strict:cycles:29360641026.5
4.7.0-copy-plus-hp-strict:cpu_12:0
4.7.0-copy-plus-hp-strict:SKT1_l2mpi:0.01
4.7.0-copy-plus-hp-strict:enp130s0f0_rx_packets:0
4.7.0-copy-plus-hp-strict:cpu_5:0
4.7.0-copy-plus-hp-strict:TOTAL_l2hit:0.613
4.7.0-copy-plus-hp-strict:cpu_0:0
4.7.0-copy-plus-hp-strict:LLC-store:37983176.7
4.7.0-copy-plus-hp-strict:SKT0_l3miss:36900000
4.7.0-copy-plus-hp-strict:TOTAL_l3mpi:0
4.7.0-copy-plus-hp-strict:enp130s0f1_rx_packets_phy:0
4.7.0-copy-plus-hp-strict:cpu_25:0
4.7.0-copy-plus-hp-strict:cpu_3:0.29
4.7.0-copy-plus-hp-strict:Total_tx_bytes:11472605
4.7.0-copy-plus-hp-strict:cpu_19:0
4.7.0-copy-plus-hp-strict:enp4s0f1_rx_packets:191208.8
4.7.0-copy-plus-hp-strict:enp130s0f1_rx_packets:0
4.7.0-copy-plus-hp-strict:cpu_2:98.158
4.7.0-copy-plus-hp-strict:enp4s0f0_tx_bytes:0
4.7.0-copy-plus-hp-strict:cpu_26:0
4.7.0-copy-plus-hp-strict:TOTAL_l3hit:0.318
4.7.0-copy-plus-hp-strict:cpu_17:0
4.7.0-copy-plus-hp-strict:SKT0_l2mpi:0.01
4.7.0-copy-plus-hp-strict:enp130s0f0_tx_bytes:0
4.7.0-copy-plus-hp-strict:enp130s0f1_tx_packets:0
4.7.0-copy-plus-hp-strict:enp4s0f1_rx_packets_phy:191212.5
4.7.0-copy-plus-hp-strict:enp130s0f0_tx_queue_stopped:0
4.7.0-copy-plus-hp-strict:enp4s0f0_rx_packets:0
4.7.0-copy-plus-hp-strict:enp4s0f0_tx_packets:0
4.7.0-copy-plus-hp-strict:cpu_21:0.096
4.7.0-copy-plus-hp-strict:cpu_4:0.096
4.7.0-copy-plus-hp-strict:cpu_9:0.29
4.7.0-copy-plus-hp-strict:SKT1_l3hit:0.239
4.7.0-copy-plus-hp-strict:cpu_20:0
4.7.0-copy-plus-hp-strict:Total_rx_packets:191208.8
4.7.0-copy-plus-hp-strict:Total_rx_packets_phy:191212.5
4.7.0-copy-plus-hp-strict:enp4s0f0_rx_packets_phy:0
4.7.0-copy-plus-hp-strict:enp130s0f1_rx_bytes_phy:0
4.7.0-copy-plus-hp-strict:enp130s0f1_tx_packets_phy:0
4.7.0-copy-plus-hp-strict:cpu_13:0.096
4.7.0-copy-plus-hp-strict:cache-misses:82403002.8
4.7.0-copy-plus-hp-strict:Total_tx_queue_stopped:0
4.7.0-copy-plus-hp-strict:enp130s0f1_tx_queue_stopped:0
4.7.0-copy-plus-hp-strict:cpu_15:0
4.7.0-copy-plus-hp-strict:enp4s0f1_tx_packets:191209.6
4.7.0-copy-plus-hp-strict:enp4s0f1_rx_bytes_phy:12237629.9
4.7.0-copy-plus-hp-strict:cpu_18:0
4.7.0-copy-plus-hp-strict:enp130s0f1_rx_bytes:0
4.7.0-copy-plus-hp-strict:enp4s0f0_tx_bytes_phy:0
4.7.0-copy-plus-hp-strict:cpu_16:0.097
4.7.0-copy-plus-hp-strict:enp4s0f1_tx_queue_stopped:0
4.7.0-copy-plus-hp-strict:enp130s0f1_tx_bytes:0
4.7.0-copy-plus-hp-strict:enp4s0f1_rx_bytes:11472552.9
4.7.0-copy-plus-hp-strict:enp4s0f1_tx_packets_phy:191214.6
4.7.0-copy-plus-hp-strict:cpu_8:0.289
4.7.0-copy-plus-hp-strict:SKT0_ipc:0.642
4.7.0-copy-plus-hp-strict:LLC-load:113935815
4.7.0-copy-plus-hp-strict:Read:1034.572
4.7.0-copy-plus-hp-strict:Memory:1305.093
4.7.0-copy-plus-hp-strict:LLC-store-misses:21520554.2
4.7.0-copy-plus-hp-strict:SKT0_l3mpi:0
4.7.0-copy-plus-hp-strict:enp130s0f0_tx_packets_phy:0
4.7.0-copy-plus-hp-strict:enp130s0f0_rx_bytes_phy:0
4.7.0-copy-plus-hp-strict:SKT1_l2hit:0.559
4.7.0-copy-plus-hp-strict:TOTAL_ipc:0.569
4.7.0-copy-plus-hp-strict:enp4s0f0_tx_packets_phy:0
4.7.0-copy-plus-hp-strict:cpu_24:0
4.7.0-copy-plus-hp-strict:Total_tx_packets:191209.6
4.7.0-copy-plus-hp-strict:TOTAL_l2miss:120800000
4.7.0-copy-plus-hp-strict:212992:212992
4.7.0-copy-plus-hp-strict:TOTAL_l2mpi:0.01
4.7.0-copy-plus-hp-strict:cpu_7:0.29
4.7.0-copy-plus-hp-strict:Total_tx_bytes_phy:12237783.8
4.7.0-copy-plus-hp-strict:SKT1_l2miss:58300000
4.7.0-copy-plus-hp-strict:enp130s0f0_rx_packets_phy:0
4.7.0-copy-plus-hp-strict:Total_rx_bytes_phy:12237629.9
4.7.0-copy-plus-hp-strict:enp4s0f0_rx_bytes_phy:0
4.7.0-copy-plus-hp-strict:cpu_23:0.096
4.7.0-copy-plus-hp-strict:LLC-load-misses:52427397
4.7.0-copy-plus-hp-strict:cpu_10:0.096
4.7.0-copy-plus-hp-strict:enp130s0f0_tx_bytes_phy:0
4.7.0-copy-plus-hp-strict:Total_tx_packets_phy:191214.6
4.7.0-copy-plus-hp-strict:SKT0_l2miss:61900000
4.7.0-copy-plus-hp-strict:enp130s0f1_tx_bytes_phy:0
4.7.0-damn-strict:cpu_14:27.281
4.7.0-damn-strict:enp4s0f1_tx_bytes_phy:12217931.5
4.7.0-damn-strict:SKT1_l3mpi:0.001
4.7.0-damn-strict:Write:82.152
4.7.0-damn-strict:enp130s0f0_tx_packets:0
4.7.0-damn-strict:cpu_total:6.523
4.7.0-damn-strict:SKT0_l2hit:0.607
4.7.0-damn-strict:cpu_11:0.194
4.7.0-damn-strict:cpu_22:9.126
4.7.0-damn-strict:enp130s0f0_rx_bytes:0
4.7.0-damn-strict:cpu_27:0.097
4.7.0-damn-strict:cache-references:319959515.1
4.7.0-damn-strict:SKT0_l3hit:0.856
4.7.0-damn-strict:TOTAL_l3miss:26300000
4.7.0-damn-strict:instructions:17493613019.3
4.7.0-damn-strict:enp4s0f1_tx_bytes:11454721.3
4.7.0-damn-strict:enp4s0f0_rx_bytes:0
4.7.0-damn-strict:SKT1_ipc:0.518
4.7.0-damn-strict:cycles:26209283630.3
4.7.0-damn-strict:SKT1_l3miss:12898500
4.7.0-damn-strict:Total_rx_bytes:11454692.7
4.7.0-damn-strict:enp4s0f0_tx_queue_stopped:0
4.7.0-damn-strict:cpu_6:0.194
4.7.0-damn-strict:cpu_1:28.74
4.7.0-damn-strict:cpu_5:0
4.7.0-damn-strict:enp130s0f0_rx_packets:0
4.7.0-damn-strict:SKT1_l2mpi:0.01
4.7.0-damn-strict:cpu_12:3.787
4.7.0-damn-strict:cpu_0:0.485
4.7.0-damn-strict:SKT0_l3miss:12909700
4.7.0-damn-strict:LLC-store:72157464.8
4.7.0-damn-strict:TOTAL_l2hit:0.601
4.7.0-damn-strict:TOTAL_l3mpi:0
4.7.0-damn-strict:cpu_3:0
4.7.0-damn-strict:cpu_25:0
4.7.0-damn-strict:enp130s0f1_rx_packets:0
4.7.0-damn-strict:Total_tx_bytes:11454721.3
4.7.0-damn-strict:enp4s0f1_rx_packets:190911.3
4.7.0-damn-strict:cpu_19:0
4.7.0-damn-strict:enp130s0f1_rx_packets_phy:0
4.7.0-damn-strict:cpu_2:98.642
4.7.0-damn-strict:enp4s0f0_tx_bytes:0
4.7.0-damn-strict:enp4s0f1_rx_packets_phy:190904.6
4.7.0-damn-strict:enp130s0f0_tx_queue_stopped:0
4.7.0-damn-strict:enp4s0f0_rx_packets:0
4.7.0-damn-strict:enp130s0f1_tx_packets:0
4.7.0-damn-strict:enp130s0f0_tx_bytes:0
4.7.0-damn-strict:cpu_4:5.922
4.7.0-damn-strict:enp4s0f0_tx_packets:0
4.7.0-damn-strict:cpu_21:0
4.7.0-damn-strict:TOTAL_l3hit:0.76
4.7.0-damn-strict:cpu_26:0
4.7.0-damn-strict:cpu_17:0
4.7.0-damn-strict:SKT0_l2mpi:0.01
4.7.0-damn-strict:Total_rx_packets_phy:190904.6
4.7.0-damn-strict:enp4s0f0_rx_packets_phy:0
4.7.0-damn-strict:SKT1_l3hit:0.232
4.7.0-damn-strict:cpu_20:0
4.7.0-damn-strict:cpu_9:0
4.7.0-damn-strict:Total_rx_packets:190911.3
4.7.0-damn-strict:Total_tx_queue_stopped:0
4.7.0-damn-strict:cpu_15:0
4.7.0-damn-strict:enp130s0f1_tx_queue_stopped:0
4.7.0-damn-strict:enp4s0f1_rx_bytes_phy:12217919.6
4.7.0-damn-strict:enp4s0f1_tx_packets:190911.5
4.7.0-damn-strict:cpu_13:0
4.7.0-damn-strict:enp130s0f1_tx_packets_phy:0
4.7.0-damn-strict:enp130s0f1_rx_bytes_phy:0
4.7.0-damn-strict:cache-misses:26698787.9
4.7.0-damn-strict:enp130s0f1_tx_bytes:0
4.7.0-damn-strict:SKT0_ipc:0.712
4.7.0-damn-strict:LLC-load:136078498.6
4.7.0-damn-strict:cpu_8:8.351
4.7.0-damn-strict:enp4s0f1_rx_bytes:11454692.7
4.7.0-damn-strict:enp4s0f1_tx_packets_phy:190905
4.7.0-damn-strict:enp130s0f1_rx_bytes:0
4.7.0-damn-strict:cpu_18:0
4.7.0-damn-strict:cpu_16:0.291
4.7.0-damn-strict:enp4s0f1_tx_queue_stopped:0
4.7.0-damn-strict:enp4s0f0_tx_bytes_phy:0
4.7.0-damn-strict:enp130s0f0_rx_bytes_phy:0
4.7.0-damn-strict:enp130s0f0_tx_packets_phy:0
4.7.0-damn-strict:Read:387.053
4.7.0-damn-strict:Memory:469.205
4.7.0-damn-strict:SKT0_l3mpi:0
4.7.0-damn-strict:LLC-store-misses:6372141.9
4.7.0-damn-strict:Total_tx_packets:190911.5
4.7.0-damn-strict:cpu_24:0
4.7.0-damn-strict:212992:212992
4.7.0-damn-strict:TOTAL_l2mpi:0.01
4.7.0-damn-strict:TOTAL_l2miss:111800000
4.7.0-damn-strict:TOTAL_ipc:0.667
4.7.0-damn-strict:SKT1_l2hit:0.543
4.7.0-damn-strict:enp4s0f0_tx_packets_phy:0
4.7.0-damn-strict:enp4s0f0_rx_bytes_phy:0
4.7.0-damn-strict:Total_rx_bytes_phy:12217919.6
4.7.0-damn-strict:cpu_7:0.291
4.7.0-damn-strict:enp130s0f0_rx_packets_phy:0
4.7.0-damn-strict:Total_tx_bytes_phy:12217931.5
4.7.0-damn-strict:SKT1_l2miss:16840000
4.7.0-damn-strict:enp130s0f0_tx_bytes_phy:0
4.7.0-damn-strict:enp130s0f1_tx_bytes_phy:0
4.7.0-damn-strict:SKT0_l2miss:94400000
4.7.0-damn-strict:Total_tx_packets_phy:190905
4.7.0-damn-strict:LLC-load-misses:15966338.8
4.7.0-damn-strict:cpu_23:0
4.7.0-damn-strict:cpu_10:6.698
4.7.0-defer:enp4s0f0_tx_packets_phy:0
4.7.0-defer:SKT1_l2hit:0.589
4.7.0-defer:TOTAL_ipc:0.629
4.7.0-defer:TOTAL_l2miss:110300000
4.7.0-defer:TOTAL_l2mpi:0.01
4.7.0-defer:212992:212992
4.7.0-defer:cpu_24:0
4.7.0-defer:Total_tx_packets:182229.2
4.7.0-defer:LLC-store-misses:19721502.9
4.7.0-defer:SKT0_l3mpi:0
4.7.0-defer:Read:898.422
4.7.0-defer:Memory:1065.808
4.7.0-defer:enp130s0f0_rx_bytes_phy:0
4.7.0-defer:enp130s0f0_tx_packets_phy:0
4.7.0-defer:cpu_10:1.551
4.7.0-defer:cpu_23:0
4.7.0-defer:LLC-load-misses:44254461.3
4.7.0-defer:Total_tx_packets_phy:182225.3
4.7.0-defer:SKT0_l2miss:61900000
4.7.0-defer:enp130s0f1_tx_bytes_phy:0
4.7.0-defer:enp130s0f0_tx_bytes_phy:0
4.7.0-defer:SKT1_l2miss:48100000
4.7.0-defer:Total_tx_bytes_phy:11662445.2
4.7.0-defer:enp130s0f0_rx_packets_phy:0
4.7.0-defer:cpu_7:0.194
4.7.0-defer:Total_rx_bytes_phy:11662402.2
4.7.0-defer:enp4s0f0_rx_bytes_phy:0
4.7.0-defer:Total_rx_packets:182228.3
4.7.0-defer:cpu_9:0.097
4.7.0-defer:SKT1_l3hit:0.268
4.7.0-defer:cpu_20:0
4.7.0-defer:enp4s0f0_rx_packets_phy:0
4.7.0-defer:Total_rx_packets_phy:182224.9
4.7.0-defer:cpu_17:0.193
4.7.0-defer:SKT0_l2mpi:0.01
4.7.0-defer:cpu_26:0
4.7.0-defer:TOTAL_l3hit:0.351
4.7.0-defer:cpu_21:0
4.7.0-defer:enp4s0f0_tx_packets:0
4.7.0-defer:cpu_4:0
4.7.0-defer:enp130s0f1_tx_packets:0
4.7.0-defer:enp130s0f0_tx_bytes:0
4.7.0-defer:enp130s0f0_tx_queue_stopped:0
4.7.0-defer:enp4s0f0_rx_packets:0
4.7.0-defer:enp4s0f1_rx_packets_phy:182224.9
4.7.0-defer:enp4s0f0_tx_bytes_phy:0
4.7.0-defer:cpu_16:0
4.7.0-defer:enp4s0f1_tx_queue_stopped:0
4.7.0-defer:cpu_18:0
4.7.0-defer:enp130s0f1_rx_bytes:0
4.7.0-defer:enp4s0f1_tx_packets_phy:182225.3
4.7.0-defer:enp4s0f1_rx_bytes:10933721.9
4.7.0-defer:cpu_8:2.525
4.7.0-defer:SKT0_ipc:0.644
4.7.0-defer:LLC-load:106844681.9
4.7.0-defer:enp130s0f1_tx_bytes:0
4.7.0-defer:cache-misses:72039486.3
4.7.0-defer:enp130s0f1_tx_packets_phy:0
4.7.0-defer:enp130s0f1_rx_bytes_phy:0
4.7.0-defer:cpu_13:0
4.7.0-defer:enp4s0f1_tx_packets:182229.2
4.7.0-defer:enp4s0f1_rx_bytes_phy:11662402.2
4.7.0-defer:Total_tx_queue_stopped:0
4.7.0-defer:enp130s0f1_tx_queue_stopped:0
4.7.0-defer:cpu_15:0
4.7.0-defer:TOTAL_l3mpi:0
4.7.0-defer:TOTAL_l2hit:0.634
4.7.0-defer:LLC-store:33080727.6
4.7.0-defer:SKT0_l3miss:35800000
4.7.0-defer:cpu_0:0.193
4.7.0-defer:enp4s0f0_tx_bytes:0
4.7.0-defer:cpu_2:97.48
4.7.0-defer:enp130s0f1_rx_packets_phy:0
4.7.0-defer:enp4s0f1_rx_packets:182228.3
4.7.0-defer:cpu_19:0.097
4.7.0-defer:Total_tx_bytes:10933785.5
4.7.0-defer:enp130s0f1_rx_packets:0
4.7.0-defer:cpu_25:0.096
4.7.0-defer:cpu_3:0.29
4.7.0-defer:TOTAL_l3miss:71300000
4.7.0-defer:SKT0_l3hit:0.417
4.7.0-defer:enp4s0f1_tx_bytes:10933785.5
4.7.0-defer:instructions:18492077373.7
4.7.0-defer:cache-references:201841335
4.7.0-defer:cpu_27:0.097
4.7.0-defer:enp130s0f0_rx_bytes:0
4.7.0-defer:cpu_11:0
4.7.0-defer:cpu_22:0
4.7.0-defer:SKT0_l2hit:0.66
4.7.0-defer:cpu_total:6.308
4.7.0-defer:enp130s0f0_tx_packets:0
4.7.0-defer:enp4s0f1_tx_bytes_phy:11662445.2
4.7.0-defer:SKT1_l3mpi:0
4.7.0-defer:Write:167.385
4.7.0-defer:cpu_14:0.68
4.7.0-defer:cpu_12:0.775
4.7.0-defer:SKT1_l2mpi:0.01
4.7.0-defer:enp130s0f0_rx_packets:0
4.7.0-defer:cpu_5:0
4.7.0-defer:cpu_1:81.86
4.7.0-defer:cpu_6:0
4.7.0-defer:enp4s0f0_tx_queue_stopped:0
4.7.0-defer:Total_rx_bytes:10933721.9
4.7.0-defer:SKT1_l3miss:35000000
4.7.0-defer:cycles:29376784003.5
4.7.0-defer:enp4s0f0_rx_bytes:0
4.7.0-defer:SKT1_ipc:0.611
4.7.0-strict:TOTAL_l3mpi:0
4.7.0-strict:cpu_0:0.097
4.7.0-strict:SKT0_l3miss:34200000
4.7.0-strict:LLC-store:30392079.4
4.7.0-strict:TOTAL_l2hit:0.613
4.7.0-strict:cpu_2:90.387
4.7.0-strict:enp4s0f0_tx_bytes:0
4.7.0-strict:cpu_3:0.291
4.7.0-strict:cpu_25:0
4.7.0-strict:enp130s0f1_rx_packets:0
4.7.0-strict:Total_tx_bytes:10565447
4.7.0-strict:enp4s0f1_rx_packets:176090.1
4.7.0-strict:cpu_19:0
4.7.0-strict:enp130s0f1_rx_packets_phy:0
4.7.0-strict:cpu_22:0.097
4.7.0-strict:cpu_11:0
4.7.0-strict:cpu_27:0
4.7.0-strict:enp130s0f0_rx_bytes:0
4.7.0-strict:cache-references:191648316.6
4.7.0-strict:TOTAL_l3miss:70700000
4.7.0-strict:SKT0_l3hit:0.447
4.7.0-strict:enp4s0f1_tx_bytes:10565447
4.7.0-strict:instructions:17093605845.8
4.7.0-strict:cpu_14:0.097
4.7.0-strict:SKT1_l3mpi:0
4.7.0-strict:Write:178.607
4.7.0-strict:enp4s0f1_tx_bytes_phy:11269575.9
4.7.0-strict:enp130s0f0_tx_packets:0
4.7.0-strict:cpu_total:6.435
4.7.0-strict:SKT0_l2hit:0.623
4.7.0-strict:cpu_5:0.097
4.7.0-strict:enp130s0f0_rx_packets:0
4.7.0-strict:SKT1_l2mpi:0.01
4.7.0-strict:cpu_12:0
4.7.0-strict:SKT1_ipc:0.492
4.7.0-strict:enp4s0f0_rx_bytes:0
4.7.0-strict:cycles:30357622923.9
4.7.0-strict:SKT1_l3miss:36200000
4.7.0-strict:Total_rx_bytes:10565429.7
4.7.0-strict:enp4s0f0_tx_queue_stopped:0
4.7.0-strict:cpu_6:0
4.7.0-strict:cpu_1:100
4.7.0-strict:Total_tx_packets:176090.4
4.7.0-strict:cpu_24:0.194
4.7.0-strict:212992:212992
4.7.0-strict:TOTAL_l2mpi:0.01
4.7.0-strict:TOTAL_l2miss:107300000
4.7.0-strict:TOTAL_ipc:0.566
4.7.0-strict:SKT1_l2hit:0.595
4.7.0-strict:enp4s0f0_tx_packets_phy:0
4.7.0-strict:enp130s0f0_rx_bytes_phy:0
4.7.0-strict:enp130s0f0_tx_packets_phy:0
4.7.0-strict:Memory:1127.33
4.7.0-strict:Read:948.723
4.7.0-strict:SKT0_l3mpi:0
4.7.0-strict:LLC-store-misses:18973561.7
4.7.0-strict:enp130s0f0_tx_bytes_phy:0
4.7.0-strict:enp130s0f1_tx_bytes_phy:0
4.7.0-strict:SKT0_l2miss:62300000
4.7.0-strict:Total_tx_packets_phy:176086.7
4.7.0-strict:LLC-load-misses:44495381.7
4.7.0-strict:cpu_23:0
4.7.0-strict:cpu_10:0.097
4.7.0-strict:enp4s0f0_rx_bytes_phy:0
4.7.0-strict:Total_rx_bytes_phy:11269588.1
4.7.0-strict:cpu_7:0
4.7.0-strict:enp130s0f0_rx_packets_phy:0
4.7.0-strict:Total_tx_bytes_phy:11269575.9
4.7.0-strict:SKT1_l2miss:44700000
4.7.0-strict:Total_rx_packets_phy:176086.8
4.7.0-strict:enp4s0f0_rx_packets_phy:0
4.7.0-strict:cpu_20:0
4.7.0-strict:SKT1_l3hit:0.186
4.7.0-strict:cpu_9:0
4.7.0-strict:Total_rx_packets:176090.1
4.7.0-strict:enp130s0f0_tx_queue_stopped:0
4.7.0-strict:enp4s0f0_rx_packets:0
4.7.0-strict:enp4s0f1_rx_packets_phy:176086.8
4.7.0-strict:enp130s0f0_tx_bytes:0
4.7.0-strict:enp130s0f1_tx_packets:0
4.7.0-strict:cpu_4:0
4.7.0-strict:enp4s0f0_tx_packets:0
4.7.0-strict:cpu_21:0
4.7.0-strict:TOTAL_l3hit:0.338
4.7.0-strict:cpu_26:0
4.7.0-strict:SKT0_l2mpi:0.01
4.7.0-strict:cpu_17:0
4.7.0-strict:enp130s0f1_tx_bytes:0
4.7.0-strict:LLC-load:105227207.8
4.7.0-strict:SKT0_ipc:0.646
4.7.0-strict:enp4s0f1_rx_bytes:10565429.7
4.7.0-strict:enp4s0f1_tx_packets_phy:176086.7
4.7.0-strict:cpu_8:0
4.7.0-strict:enp130s0f1_rx_bytes:0
4.7.0-strict:cpu_18:0
4.7.0-strict:cpu_16:0.194
4.7.0-strict:enp4s0f1_tx_queue_stopped:0
4.7.0-strict:enp4s0f0_tx_bytes_phy:0
4.7.0-strict:Total_tx_queue_stopped:0
4.7.0-strict:cpu_15:0
4.7.0-strict:enp130s0f1_tx_queue_stopped:0
4.7.0-strict:enp4s0f1_rx_bytes_phy:11269588.1
4.7.0-strict:enp4s0f1_tx_packets:176090.4
4.7.0-strict:cpu_13:0
4.7.0-strict:enp130s0f1_rx_bytes_phy:0
4.7.0-strict:enp130s0f1_tx_packets_phy:0
4.7.0-strict:cache-misses:71373088.3
4.7.0-unsafe:cpu_20:0.096
4.7.0-unsafe:SKT1_l3hit:0.187
4.7.0-unsafe:cpu_9:0.096
4.7.0-unsafe:Total_rx_packets:188994.7
4.7.0-unsafe:Total_rx_packets_phy:188994
4.7.0-unsafe:enp4s0f0_rx_packets_phy:0
4.7.0-unsafe:TOTAL_l3hit:0.371
4.7.0-unsafe:cpu_26:0.096
4.7.0-unsafe:SKT0_l2mpi:0.01
4.7.0-unsafe:cpu_17:0.096
4.7.0-unsafe:enp4s0f0_rx_packets:0
4.7.0-unsafe:enp4s0f1_rx_packets_phy:188994
4.7.0-unsafe:enp130s0f0_tx_queue_stopped:0
4.7.0-unsafe:enp130s0f0_tx_bytes:0
4.7.0-unsafe:enp130s0f1_tx_packets:0
4.7.0-unsafe:enp4s0f0_tx_packets:0
4.7.0-unsafe:cpu_21:0
4.7.0-unsafe:cpu_4:0.096
4.7.0-unsafe:enp130s0f1_rx_bytes:0
4.7.0-unsafe:cpu_18:0.675
4.7.0-unsafe:cpu_16:0.965
4.7.0-unsafe:enp4s0f1_tx_queue_stopped:0
4.7.0-unsafe:enp4s0f0_tx_bytes_phy:0
4.7.0-unsafe:enp130s0f1_tx_bytes:0
4.7.0-unsafe:SKT0_ipc:0.652
4.7.0-unsafe:LLC-load:103435293.9
4.7.0-unsafe:enp4s0f1_tx_packets_phy:188996.3
4.7.0-unsafe:enp4s0f1_rx_bytes:11339714.8
4.7.0-unsafe:cpu_8:0.971
4.7.0-unsafe:cpu_13:0.192
4.7.0-unsafe:enp130s0f1_tx_packets_phy:0
4.7.0-unsafe:enp130s0f1_rx_bytes_phy:0
4.7.0-unsafe:cache-misses:68594256.1
4.7.0-unsafe:enp130s0f1_tx_queue_stopped:0
4.7.0-unsafe:Total_tx_queue_stopped:0
4.7.0-unsafe:cpu_15:0
4.7.0-unsafe:enp4s0f1_rx_bytes_phy:12095659.5
4.7.0-unsafe:enp4s0f1_tx_packets:188996.4
4.7.0-unsafe:TOTAL_ipc:0.581
4.7.0-unsafe:SKT1_l2hit:0.57
4.7.0-unsafe:enp4s0f0_tx_packets_phy:0
4.7.0-unsafe:Total_tx_packets:188996.4
4.7.0-unsafe:cpu_24:0
4.7.0-unsafe:212992:212992
4.7.0-unsafe:TOTAL_l2mpi:0.01
4.7.0-unsafe:TOTAL_l2miss:107400000
4.7.0-unsafe:Memory:1004.4
4.7.0-unsafe:Read:832.382
4.7.0-unsafe:SKT0_l3mpi:0
4.7.0-unsafe:LLC-store-misses:20040251.2
4.7.0-unsafe:enp130s0f0_rx_bytes_phy:0
4.7.0-unsafe:enp130s0f0_tx_packets_phy:0
4.7.0-unsafe:LLC-load-misses:40700016.8
4.7.0-unsafe:cpu_23:0.289
4.7.0-unsafe:cpu_10:1.932
4.7.0-unsafe:enp130s0f0_tx_bytes_phy:0
4.7.0-unsafe:enp130s0f1_tx_bytes_phy:0
4.7.0-unsafe:SKT0_l2miss:66500000
4.7.0-unsafe:Total_tx_packets_phy:188996.3
4.7.0-unsafe:cpu_7:0.386
4.7.0-unsafe:enp130s0f0_rx_packets_phy:0
4.7.0-unsafe:SKT1_l2miss:40400000
4.7.0-unsafe:Total_tx_bytes_phy:12095788.4
4.7.0-unsafe:enp4s0f0_rx_bytes_phy:0
4.7.0-unsafe:Total_rx_bytes_phy:12095659.5
4.7.0-unsafe:cache-references:202368233.5
4.7.0-unsafe:TOTAL_l3miss:67000000
4.7.0-unsafe:SKT0_l3hit:0.474
4.7.0-unsafe:enp4s0f1_tx_bytes:11339824.4
4.7.0-unsafe:instructions:16208326509.8
4.7.0-unsafe:cpu_11:0
4.7.0-unsafe:cpu_22:0.385
4.7.0-unsafe:cpu_27:0.385
4.7.0-unsafe:enp130s0f0_rx_bytes:0
4.7.0-unsafe:enp130s0f0_tx_packets:0
4.7.0-unsafe:cpu_total:6.042
4.7.0-unsafe:SKT0_l2hit:0.667
4.7.0-unsafe:cpu_14:0.289
4.7.0-unsafe:enp4s0f1_tx_bytes_phy:12095788.4
4.7.0-unsafe:SKT1_l3mpi:0.01
4.7.0-unsafe:Write:172.018
4.7.0-unsafe:enp130s0f0_rx_packets:0
4.7.0-unsafe:SKT1_l2mpi:0.01
4.7.0-unsafe:cpu_12:5.716
4.7.0-unsafe:cpu_5:0.097
4.7.0-unsafe:cpu_6:0.096
4.7.0-unsafe:cpu_1:66.108
4.7.0-unsafe:enp4s0f0_rx_bytes:0
4.7.0-unsafe:SKT1_ipc:0.48
4.7.0-unsafe:cycles:27963556621.7
4.7.0-unsafe:SKT1_l3miss:32600000
4.7.0-unsafe:enp4s0f0_tx_queue_stopped:0
4.7.0-unsafe:Total_rx_bytes:11339714.8
4.7.0-unsafe:TOTAL_l3mpi:0
4.7.0-unsafe:TOTAL_l2hit:0.634
4.7.0-unsafe:cpu_0:0.096
4.7.0-unsafe:SKT0_l3miss:34100000
4.7.0-unsafe:LLC-store:37153005.9
4.7.0-unsafe:cpu_2:98.257
4.7.0-unsafe:enp4s0f0_tx_bytes:0
4.7.0-unsafe:enp130s0f1_rx_packets_phy:0
4.7.0-unsafe:cpu_3:0
4.7.0-unsafe:cpu_25:0.096
4.7.0-unsafe:enp130s0f1_rx_packets:0
4.7.0-unsafe:cpu_19:0
4.7.0-unsafe:enp4s0f1_rx_packets:188994.7
4.7.0-unsafe:Total_tx_bytes:11339824.4
