4.7.0-damn-strict:cpu_16:13.1066666666667
4.7.0-damn-strict:16384:87380
4.7.0-damn-strict:TOTAL_l2miss:919000000
4.7.0-damn-strict:Total_rx_bytes_phy:10720933340
4.7.0-damn-strict:enp4s0f1_tx_packets_phy:0
4.7.0-damn-strict:LLC-load-misses:425812385
4.7.0-damn-strict:cpu_12:19.3566666666667
4.7.0-damn-strict:cpu_9:25.5866666666667
4.7.0-damn-strict:SKT0_l3hit:0.183333333333333
4.7.0-damn-strict:Total_tx_bytes_phy:59999286
4.7.0-damn-strict:cpu_1:19.0233333333333
4.7.0-damn-strict:Total_rx_packets:762363
4.7.0-damn-strict:TOTAL_l2hit:0.363333333333333
4.7.0-damn-strict:cpu_2:23.9166666666667
4.7.0-damn-strict:enp4s0f0_rx_packets:0
4.7.0-damn-strict:enp130s0f0_rx_packets:350864.666666667
4.7.0-damn-strict:SKT0_l3mpi:0.0266666666666667
4.7.0-damn-strict:cpu_17:15.71
4.7.0-damn-strict:cpu_6:22.2966666666667
4.7.0-damn-strict:Total_rx_bytes:10687785117.3333
4.7.0-damn-strict:cpu_total:19.36
4.7.0-damn-strict:SKT1_l2hit:0.406666666666667
4.7.0-damn-strict:enp130s0f1_rx_packets:411498.333333333
4.7.0-damn-strict:enp4s0f1_rx_bytes:0
4.7.0-damn-strict:cpu_20:15.4033333333333
4.7.0-damn-strict:LLC-store:883644220
4.7.0-damn-strict:cpu_15:18.6633333333333
4.7.0-damn-strict:TOTAL_l3mpi:0.02
4.7.0-damn-strict:cpu_22:11.1466666666667
4.7.0-damn-strict:enp4s0f0_tx_packets:0
4.7.0-damn-strict:enp4s0f1_tx_packets:0
4.7.0-damn-strict:enp130s0f0_rx_bytes:5714353110.66667
4.7.0-damn-strict:cpu_5:20.0166666666667
4.7.0-damn-strict:cpu_14:20
4.7.0-damn-strict:enp130s0f1_rx_bytes_phy:4985406612.66667
4.7.0-damn-strict:cpu_4:20.0033333333333
4.7.0-damn-strict:enp4s0f1_rx_packets_phy:0
4.7.0-damn-strict:instructions:33640610314
4.7.0-damn-strict:SKT0_l2hit:0.316666666666667
4.7.0-damn-strict:SKT0_l2mpi:0.03
4.7.0-damn-strict:SKT0_l2miss:498000000
4.7.0-damn-strict:TOTAL_l3miss:702000000
4.7.0-damn-strict:SKT1_l2mpi:0.0233333333333333
4.7.0-damn-strict:Write:11266.92
4.7.0-damn-strict:cpu_19:19.98
4.7.0-damn-strict:SKT0_l3miss:404666666.666667
4.7.0-damn-strict:cpu_25:15.3866666666667
4.7.0-damn-strict:enp4s0f0_tx_bytes_phy:0
4.7.0-damn-strict:cpu_18:15.0666666666667
4.7.0-damn-strict:cpu_27:20.9766666666667
4.7.0-damn-strict:SKT1_l3miss:297000000
4.7.0-damn-strict:enp130s0f0_tx_bytes:17109665.6666667
4.7.0-damn-strict:SKT1_ipc:0.483333333333333
4.7.0-damn-strict:SKT1_l3hit:0.293333333333333
4.7.0-damn-strict:Read:11412.24
4.7.0-damn-strict:cpu_13:20.98
4.7.0-damn-strict:enp130s0f1_tx_bytes:13578938
4.7.0-damn-strict:enp4s0f0_rx_bytes:0
4.7.0-damn-strict:cpu_8:25.2366666666667
4.7.0-damn-strict:cpu_21:20.3166666666667
4.7.0-damn-strict:enp130s0f0_tx_packets:251990.666666667
4.7.0-damn-strict:TOTAL_ipc:0.456666666666667
4.7.0-damn-strict:enp130s0f1_tx_packets:199372
4.7.0-damn-strict:cpu_7:13.7666666666667
4.7.0-damn-strict:enp4s0f0_tx_bytes:0
4.7.0-damn-strict:cpu_26:21.62
4.7.0-damn-strict:enp130s0f0_rx_bytes_phy:5735526727.33333
4.7.0-damn-strict:enp130s0f0_tx_bytes_phy:45604274.6666667
4.7.0-damn-strict:cpu_10:23.93
4.7.0-damn-strict:cache-misses:700717358
4.7.0-damn-strict:SKT1_l2miss:420666666.666667
4.7.0-damn-strict:cpu_11:24.2866666666667
4.7.0-damn-strict:enp4s0f1_tx_bytes:0
4.7.0-damn-strict:enp130s0f1_tx_bytes_phy:14395011.3333333
4.7.0-damn-strict:SKT0_ipc:0.423333333333333
4.7.0-damn-strict:enp130s0f1_rx_bytes:4973432006.66667
4.7.0-damn-strict:LLC-load:840028595
4.7.0-damn-strict:cycles:74590161999.6667
4.7.0-damn-strict:Total_tx_packets_phy:881125.666666667
4.7.0-damn-strict:Total_tx_bytes:30688603.6666667
4.7.0-damn-strict:enp4s0f1_rx_packets:0
4.7.0-damn-strict:TOTAL_l2mpi:0.03
4.7.0-damn-strict:cpu_3:22.6233333333333
4.7.0-damn-strict:cache-references:2778894795.66667
4.7.0-damn-strict:TOTAL_l3hit:0.233333333333333
4.7.0-damn-strict:enp130s0f0_tx_packets_phy:681466.333333333
4.7.0-damn-strict:enp130s0f1_tx_packets_phy:199659.333333333
4.7.0-damn-strict:SKT1_l3mpi:0.0133333333333333
4.7.0-damn-strict:enp4s0f0_rx_packets_phy:0
4.7.0-damn-strict:Total_tx_packets:451362.666666667
4.7.0-damn-strict:enp4s0f1_tx_bytes_phy:0
4.7.0-damn-strict:enp4s0f0_tx_packets_phy:0
4.7.0-damn-strict:enp4s0f1_rx_bytes_phy:0
4.7.0-damn-strict:enp130s0f1_rx_packets_phy:552827.666666667
4.7.0-damn-strict:cpu_0:24.2733333333333
4.7.0-damn-strict:cpu_23:15.7466666666667
4.7.0-damn-strict:enp4s0f0_rx_bytes_phy:0
4.7.0-damn-strict:Total_rx_packets_phy:1188835.66666667
4.7.0-damn-strict:Memory:22679.1533333333
4.7.0-damn-strict:LLC-store-misses:37935514
4.7.0-damn-strict:enp130s0f0_rx_packets_phy:636008
4.7.0-damn-strict:cpu_24:11.7966666666667
4.7.0-unsafe:SKT1_l3hit:0.306666666666667
4.7.0-unsafe:SKT1_ipc:0.48
4.7.0-unsafe:cpu_13:22.55
4.7.0-unsafe:Read:13342.3766666667
4.7.0-unsafe:enp130s0f1_tx_bytes:13921675.6666667
4.7.0-unsafe:enp130s0f0_tx_bytes:17958712.6666667
4.7.0-unsafe:cpu_8:33.66
4.7.0-unsafe:enp4s0f0_rx_bytes:0
4.7.0-unsafe:cpu_21:22.2233333333333
4.7.0-unsafe:enp130s0f0_tx_packets:265687
4.7.0-unsafe:TOTAL_ipc:0.433333333333333
4.7.0-unsafe:cpu_26:17.65
4.7.0-unsafe:cpu_10:32.6766666666667
4.7.0-unsafe:enp130s0f0_rx_bytes_phy:8681656800.33333
4.7.0-unsafe:enp130s0f0_tx_bytes_phy:35737242
4.7.0-unsafe:enp130s0f1_tx_packets:206309
4.7.0-unsafe:cpu_7:28.43
4.7.0-unsafe:enp4s0f0_tx_bytes:0
4.7.0-unsafe:SKT1_l2miss:457666666.666667
4.7.0-unsafe:cpu_11:34.3133333333333
4.7.0-unsafe:cache-misses:859168807.333333
4.7.0-unsafe:enp130s0f1_tx_bytes_phy:14749412.6666667
4.7.0-unsafe:SKT0_ipc:0.386666666666667
4.7.0-unsafe:enp4s0f1_tx_bytes:0
4.7.0-unsafe:LLC-load:1026057466.33333
4.7.0-unsafe:enp130s0f1_rx_bytes:4975941744.66667
4.7.0-unsafe:Total_tx_packets_phy:733217
4.7.0-unsafe:Total_tx_bytes:31880388.3333333
4.7.0-unsafe:cycles:86179993596.3333
4.7.0-unsafe:cpu_3:24.51
4.7.0-unsafe:enp4s0f1_rx_packets:0
4.7.0-unsafe:TOTAL_l2mpi:0.03
4.7.0-unsafe:enp130s0f0_tx_packets_phy:526873.666666667
4.7.0-unsafe:cache-references:3382095473
4.7.0-unsafe:TOTAL_l3hit:0.223333333333333
4.7.0-unsafe:Total_tx_packets:471996
4.7.0-unsafe:enp4s0f1_tx_bytes_phy:0
4.7.0-unsafe:enp4s0f0_tx_packets_phy:0
4.7.0-unsafe:enp130s0f1_tx_packets_phy:206343.333333333
4.7.0-unsafe:SKT1_l3mpi:0.0166666666666667
4.7.0-unsafe:enp4s0f0_rx_packets_phy:0
4.7.0-unsafe:enp130s0f1_rx_packets_phy:553198
4.7.0-unsafe:enp4s0f1_rx_bytes_phy:0
4.7.0-unsafe:cpu_0:36.9266666666667
4.7.0-unsafe:Total_rx_packets_phy:1515901.33333333
4.7.0-unsafe:cpu_23:20.9166666666667
4.7.0-unsafe:enp4s0f0_rx_bytes_phy:0
4.7.0-unsafe:cpu_24:19.61
4.7.0-unsafe:enp130s0f0_rx_packets_phy:962703.333333333
4.7.0-unsafe:Memory:27635.13
4.7.0-unsafe:LLC-store-misses:44986691
4.7.0-unsafe:cpu_16:14.71
4.7.0-unsafe:enp4s0f1_tx_packets_phy:0
4.7.0-unsafe:LLC-load-misses:524315207.333333
4.7.0-unsafe:cpu_12:21.2433333333333
4.7.0-unsafe:16384:87380
4.7.0-unsafe:Total_rx_bytes_phy:13670402257.6667
4.7.0-unsafe:TOTAL_l2miss:1108666666.66667
4.7.0-unsafe:cpu_1:33.0066666666667
4.7.0-unsafe:SKT0_l3hit:0.163333333333333
4.7.0-unsafe:Total_tx_bytes_phy:50486654.6666667
4.7.0-unsafe:cpu_9:22.55
4.7.0-unsafe:Total_rx_packets:885201.666666667
4.7.0-unsafe:TOTAL_l2hit:0.353333333333333
4.7.0-unsafe:cpu_2:29.7366666666667
4.7.0-unsafe:cpu_6:25.8166666666667
4.7.0-unsafe:Total_rx_bytes:13622589864.6667
4.7.0-unsafe:cpu_total:22.8133333333333
4.7.0-unsafe:enp4s0f0_rx_packets:0
4.7.0-unsafe:enp130s0f0_rx_packets:489288.666666667
4.7.0-unsafe:cpu_17:16.6666666666667
4.7.0-unsafe:SKT0_l3mpi:0.03
4.7.0-unsafe:enp4s0f1_rx_bytes:0
4.7.0-unsafe:SKT1_l2hit:0.42
4.7.0-unsafe:enp130s0f1_rx_packets:395913
4.7.0-unsafe:LLC-store:1112943203
4.7.0-unsafe:cpu_20:12.7466666666667
4.7.0-unsafe:enp4s0f0_tx_packets:0
4.7.0-unsafe:TOTAL_l3mpi:0.02
4.7.0-unsafe:cpu_22:17.32
4.7.0-unsafe:cpu_15:17.9733333333333
4.7.0-unsafe:enp130s0f0_rx_bytes:8646648120
4.7.0-unsafe:enp4s0f1_tx_packets:0
4.7.0-unsafe:cpu_14:21.5666666666667
4.7.0-unsafe:enp130s0f1_rx_bytes_phy:4988745457.33333
4.7.0-unsafe:cpu_5:30.0666666666667
4.7.0-unsafe:instructions:36973299093.3333
4.7.0-unsafe:enp4s0f1_rx_packets_phy:0
4.7.0-unsafe:SKT0_l2hit:0.296666666666667
4.7.0-unsafe:cpu_4:16.9966666666667
4.7.0-unsafe:SKT0_l2mpi:0.04
4.7.0-unsafe:SKT0_l2miss:650000000
4.7.0-unsafe:TOTAL_l3miss:861333333.333333
4.7.0-unsafe:Write:14292.75
4.7.0-unsafe:SKT1_l2mpi:0.0233333333333333
4.7.0-unsafe:cpu_19:11.4366666666667
4.7.0-unsafe:SKT0_l3miss:542333333.333333
4.7.0-unsafe:enp4s0f0_tx_bytes_phy:0
4.7.0-unsafe:cpu_25:15.36
4.7.0-unsafe:cpu_18:16.67
4.7.0-unsafe:cpu_27:20.59
4.7.0-unsafe:SKT1_l3miss:318666666.666667
