4.7.0-copy-plus-strict:cpu_total:3.404
4.7.0-copy-plus-strict:cpu_20:0
4.7.0-copy-plus-strict:cpu_21:0
4.7.0-copy-plus-strict:enp4s0f0_tx_packets:0
4.7.0-copy-plus-strict:cpu_13:0
4.7.0-copy-plus-strict:enp130s0f1_rx_bytes:0
4.7.0-copy-plus-strict:cache-misses:12558062.6
4.7.0-copy-plus-strict:cpu_12:0
4.7.0-copy-plus-strict:cache-references:216391526
4.7.0-copy-plus-strict:cpu_1:0
4.7.0-copy-plus-strict:enp4s0f1_tx_packets_phy:0
4.7.0-copy-plus-strict:cpu_15:1.372
4.7.0-copy-plus-strict:cpu_5:0
4.7.0-copy-plus-strict:cpu_24:0
4.7.0-copy-plus-strict:cpu_18:0
4.7.0-copy-plus-strict:LLC-load-misses:10247677.6
4.7.0-copy-plus-strict:enp130s0f0_tx_bytes:10414037.8
4.7.0-copy-plus-strict:cpu_17:0.784
4.7.0-copy-plus-strict:cpu_7:0
4.7.0-copy-plus-strict:cpu_4:0
4.7.0-copy-plus-strict:Total_rx_bytes_phy:11108095
4.7.0-copy-plus-strict:cpu_23:0
4.7.0-copy-plus-strict:cpu_9:0
4.7.0-copy-plus-strict:enp4s0f1_tx_packets:0
4.7.0-copy-plus-strict:instructions:15509152849
4.7.0-copy-plus-strict:enp130s0f1_tx_bytes_phy:0
4.7.0-copy-plus-strict:cpu_25:0
4.7.0-copy-plus-strict:Total_tx_bytes:10414037.8
4.7.0-copy-plus-strict:enp4s0f0_tx_packets_phy:0
4.7.0-copy-plus-strict:Total_rx_bytes:10414119.8
4.7.0-copy-plus-strict:LLC-store:23298786.4
4.7.0-copy-plus-strict:enp130s0f1_tx_bytes:0
4.7.0-copy-plus-strict:enp130s0f0_tx_packets:173567
4.7.0-copy-plus-strict:enp130s0f0_rx_bytes_phy:11108095
4.7.0-copy-plus-strict:Total_rx_packets:173568.2
4.7.0-copy-plus-strict:enp4s0f1_tx_bytes_phy:0
4.7.0-copy-plus-strict:enp4s0f0_tx_bytes:0
4.7.0-copy-plus-strict:enp130s0f1_tx_packets:0
4.7.0-copy-plus-strict:enp4s0f0_tx_bytes_phy:0
4.7.0-copy-plus-strict:cpu_11:0.588
4.7.0-copy-plus-strict:212992:212992
4.7.0-copy-plus-strict:enp130s0f1_tx_packets_phy:0
4.7.0-copy-plus-strict:enp130s0f0_rx_packets_phy:173563.4
4.7.0-copy-plus-strict:enp4s0f1_rx_packets_phy:0
4.7.0-copy-plus-strict:enp4s0f1_rx_bytes_phy:0
4.7.0-copy-plus-strict:cpu_8:0
4.7.0-copy-plus-strict:Total_tx_bytes_phy:11108007.4
4.7.0-copy-plus-strict:enp4s0f0_rx_packets_phy:0
4.7.0-copy-plus-strict:enp4s0f1_tx_bytes:0
4.7.0-copy-plus-strict:enp4s0f0_rx_bytes:0
4.7.0-copy-plus-strict:cycles:21393259568.4
4.7.0-copy-plus-strict:cpu_14:0
4.7.0-copy-plus-strict:cpu_2:100
4.7.0-copy-plus-strict:cpu_10:0
4.7.0-copy-plus-strict:enp4s0f0_rx_packets:0
4.7.0-copy-plus-strict:enp130s0f0_tx_packets_phy:173562.6
4.7.0-copy-plus-strict:enp130s0f0_tx_bytes_phy:11108007.4
4.7.0-copy-plus-strict:cpu_27:0
4.7.0-copy-plus-strict:Total_tx_packets:173567
4.7.0-copy-plus-strict:enp4s0f1_rx_packets:0
4.7.0-copy-plus-strict:enp130s0f1_rx_bytes_phy:0
4.7.0-copy-plus-strict:enp4s0f0_rx_bytes_phy:0
4.7.0-copy-plus-strict:cpu_22:0
4.7.0-copy-plus-strict:LLC-load:111486563.8
4.7.0-copy-plus-strict:enp130s0f1_rx_packets_phy:0
4.7.0-copy-plus-strict:cpu_19:0
4.7.0-copy-plus-strict:enp130s0f1_rx_packets:0
4.7.0-copy-plus-strict:enp130s0f0_rx_bytes:10414119.8
4.7.0-copy-plus-strict:cpu_26:0
4.7.0-copy-plus-strict:enp4s0f1_rx_bytes:0
4.7.0-copy-plus-strict:cpu_16:0
4.7.0-copy-plus-strict:cpu_6:0
4.7.0-copy-plus-strict:Total_rx_packets_phy:173563.4
4.7.0-copy-plus-strict:enp130s0f0_rx_packets:173568.2
4.7.0-copy-plus-strict:Total_tx_packets_phy:173562.6
4.7.0-copy-plus-strict:cpu_0:0
4.7.0-copy-plus-strict:cpu_3:0
4.7.0-copy-plus-strict:LLC-store-misses:439836
4.7.0-damn-strict:TOTAL_l2mpi:0
4.7.0-damn-strict:enp130s0f0_tx_bytes_phy:12228781.4
4.7.0-damn-strict:cpu_27:0
4.7.0-damn-strict:Total_tx_packets:191071.2
4.7.0-damn-strict:enp4s0f1_rx_packets:0
4.7.0-damn-strict:enp130s0f1_rx_bytes_phy:0
4.7.0-damn-strict:enp4s0f0_rx_bytes_phy:0
4.7.0-damn-strict:cpu_2:99.02
4.7.0-damn-strict:cpu_10:0
4.7.0-damn-strict:enp4s0f0_rx_packets:0
4.7.0-damn-strict:enp130s0f0_tx_packets_phy:191074.8
4.7.0-damn-strict:enp130s0f0_rx_packets_phy:191073.8
4.7.0-damn-strict:enp130s0f1_tx_packets_phy:0
4.7.0-damn-strict:enp4s0f1_rx_bytes_phy:0
4.7.0-damn-strict:enp4s0f1_rx_packets_phy:0
4.7.0-damn-strict:cpu_8:0
4.7.0-damn-strict:Total_tx_bytes_phy:12228781.4
4.7.0-damn-strict:enp4s0f0_rx_packets_phy:0
4.7.0-damn-strict:enp4s0f1_tx_bytes:0
4.7.0-damn-strict:TOTAL_ipc:0.882
4.7.0-damn-strict:cycles:16378385541.6
4.7.0-damn-strict:cpu_14:0
4.7.0-damn-strict:enp4s0f0_rx_bytes:0
4.7.0-damn-strict:TOTAL_l2miss:69600000
4.7.0-damn-strict:212992:212992
4.7.0-damn-strict:TOTAL_l3hit:0.896
4.7.0-damn-strict:Memory:266.83
4.7.0-damn-strict:cpu_0:0
4.7.0-damn-strict:cpu_3:0.392
4.7.0-damn-strict:SKT0_l3hit:0.9
4.7.0-damn-strict:LLC-store-misses:1178409.6
4.7.0-damn-strict:SKT1_ipc:0.346
4.7.0-damn-strict:enp130s0f0_rx_bytes:11464377.2
4.7.0-damn-strict:cpu_26:0
4.7.0-damn-strict:enp4s0f1_rx_bytes:0
4.7.0-damn-strict:cpu_16:0
4.7.0-damn-strict:cpu_6:0
4.7.0-damn-strict:SKT0_l2hit:0.746
4.7.0-damn-strict:Total_rx_packets_phy:191073.8
4.7.0-damn-strict:enp130s0f0_rx_packets:191072.4
4.7.0-damn-strict:Total_tx_packets_phy:191074.8
4.7.0-damn-strict:cpu_19:0
4.7.0-damn-strict:enp130s0f1_rx_packets:0
4.7.0-damn-strict:SKT0_l2mpi:0
4.7.0-damn-strict:cpu_22:0
4.7.0-damn-strict:TOTAL_l3mpi:0
4.7.0-damn-strict:LLC-load:99902682.4
4.7.0-damn-strict:enp130s0f1_rx_packets_phy:0
4.7.0-damn-strict:cpu_23:0
4.7.0-damn-strict:cpu_9:0.196
4.7.0-damn-strict:enp4s0f1_tx_packets:0
4.7.0-damn-strict:SKT1_l3mpi:0
4.7.0-damn-strict:instructions:14495143900.6
4.7.0-damn-strict:enp130s0f1_tx_bytes_phy:0
4.7.0-damn-strict:cpu_25:0
4.7.0-damn-strict:Total_tx_bytes:11464295.4
4.7.0-damn-strict:LLC-load-misses:4404434.4
4.7.0-damn-strict:SKT0_l2miss:65600000
4.7.0-damn-strict:cpu_7:0.196
4.7.0-damn-strict:enp130s0f0_tx_bytes:11464295.4
4.7.0-damn-strict:cpu_17:0
4.7.0-damn-strict:cpu_4:0
4.7.0-damn-strict:Total_rx_bytes_phy:12228756.2
4.7.0-damn-strict:SKT0_l3miss:6580600
4.7.0-damn-strict:cpu_12:0
4.7.0-damn-strict:cpu_1:1.176
4.7.0-damn-strict:cache-references:204802434.8
4.7.0-damn-strict:cpu_15:0
4.7.0-damn-strict:enp4s0f1_tx_packets_phy:0
4.7.0-damn-strict:TOTAL_l2hit:0.738
4.7.0-damn-strict:cpu_24:0
4.7.0-damn-strict:cpu_5:0
4.7.0-damn-strict:cpu_18:0
4.7.0-damn-strict:SKT1_l3hit:0.832
4.7.0-damn-strict:SKT1_l2hit:0.114
4.7.0-damn-strict:cpu_total:3.348
4.7.0-damn-strict:cpu_20:0
4.7.0-damn-strict:Write:81.918
4.7.0-damn-strict:cpu_21:0.196
4.7.0-damn-strict:enp4s0f0_tx_packets:0
4.7.0-damn-strict:cpu_13:0
4.7.0-damn-strict:cache-misses:7162730
4.7.0-damn-strict:Read:184.91
4.7.0-damn-strict:enp130s0f1_rx_bytes:0
4.7.0-damn-strict:SKT0_l3mpi:0
4.7.0-damn-strict:enp130s0f1_tx_packets:0
4.7.0-damn-strict:enp4s0f0_tx_bytes_phy:0
4.7.0-damn-strict:cpu_11:0
4.7.0-damn-strict:enp130s0f0_rx_bytes_phy:12228756.2
4.7.0-damn-strict:SKT1_l3miss:665600
4.7.0-damn-strict:Total_rx_packets:191072.4
4.7.0-damn-strict:enp4s0f1_tx_bytes_phy:0
4.7.0-damn-strict:enp4s0f0_tx_bytes:0
4.7.0-damn-strict:LLC-store:20858768.6
4.7.0-damn-strict:SKT1_l2mpi:0.02
4.7.0-damn-strict:enp130s0f1_tx_bytes:0
4.7.0-damn-strict:SKT0_ipc:0.9
4.7.0-damn-strict:TOTAL_l3miss:7246600
4.7.0-damn-strict:enp130s0f0_tx_packets:191071.2
4.7.0-damn-strict:SKT1_l2miss:4037400
4.7.0-damn-strict:enp4s0f0_tx_packets_phy:0
4.7.0-damn-strict:Total_rx_bytes:11464377.2
4.7.0-deff:enp4s0f1_rx_packets:0
4.7.0-deff:enp4s0f0_rx_bytes_phy:0
4.7.0-deff:enp130s0f1_rx_bytes_phy:0
4.7.0-deff:cpu_27:0.392
4.7.0-deff:TOTAL_l2mpi:0
4.7.0-deff:enp130s0f0_tx_bytes_phy:10839605.8
4.7.0-deff:Total_tx_packets:169378.4
4.7.0-deff:enp130s0f0_tx_packets_phy:169368
4.7.0-deff:enp4s0f0_rx_packets:0
4.7.0-deff:cpu_2:99.412
4.7.0-deff:cpu_10:0
4.7.0-deff:TOTAL_ipc:0.958
4.7.0-deff:enp4s0f1_tx_bytes:0
4.7.0-deff:enp4s0f0_rx_packets_phy:0
4.7.0-deff:TOTAL_l2miss:70600000
4.7.0-deff:cpu_14:0
4.7.0-deff:cycles:16436679984.8
4.7.0-deff:enp4s0f0_rx_bytes:0
4.7.0-deff:enp130s0f0_rx_packets_phy:169369.6
4.7.0-deff:enp130s0f1_tx_packets_phy:0
4.7.0-deff:Total_tx_bytes_phy:10839605.8
4.7.0-deff:cpu_8:0
4.7.0-deff:enp4s0f1_rx_packets_phy:0
4.7.0-deff:enp4s0f1_rx_bytes_phy:0
4.7.0-deff:TOTAL_l3hit:0.91
4.7.0-deff:Memory:238.382
4.7.0-deff:212992:212992
4.7.0-deff:LLC-store-misses:1203950.4
4.7.0-deff:cpu_0:0
4.7.0-deff:cpu_3:0.196
4.7.0-deff:SKT0_l3hit:0.912
4.7.0-deff:cpu_6:0
4.7.0-deff:SKT0_l2hit:0.752
4.7.0-deff:cpu_16:0
4.7.0-deff:enp4s0f1_rx_bytes:0
4.7.0-deff:Total_tx_packets_phy:169368
4.7.0-deff:Total_rx_packets_phy:169369.6
4.7.0-deff:enp130s0f0_rx_packets:169377
4.7.0-deff:enp130s0f0_rx_bytes:10162633.6
4.7.0-deff:SKT1_ipc:0.344
4.7.0-deff:cpu_26:0
4.7.0-deff:enp130s0f1_rx_packets:0
4.7.0-deff:SKT0_l2mpi:0
4.7.0-deff:cpu_19:0
4.7.0-deff:enp130s0f1_rx_packets_phy:0
4.7.0-deff:LLC-load:102682978
4.7.0-deff:TOTAL_l3mpi:0
4.7.0-deff:cpu_22:0
4.7.0-deff:cpu_25:1.176
4.7.0-deff:enp130s0f1_tx_bytes_phy:0
4.7.0-deff:instructions:15755807672.6
4.7.0-deff:SKT1_l3mpi:0
4.7.0-deff:enp4s0f1_tx_packets:0
4.7.0-deff:Total_tx_bytes:10162727.2
4.7.0-deff:cpu_23:0
4.7.0-deff:cpu_9:0
4.7.0-deff:enp130s0f0_tx_bytes:10162727.2
4.7.0-deff:cpu_17:0
4.7.0-deff:cpu_7:0
4.7.0-deff:Total_rx_bytes_phy:10839668.4
4.7.0-deff:cpu_4:0
4.7.0-deff:SKT0_l2miss:67600000
4.7.0-deff:LLC-load-misses:4062569.8
4.7.0-deff:cpu_24:0
4.7.0-deff:TOTAL_l2hit:0.744
4.7.0-deff:cpu_5:0
4.7.0-deff:enp4s0f1_tx_packets_phy:0
4.7.0-deff:cpu_15:0
4.7.0-deff:SKT1_l2hit:0.112
4.7.0-deff:SKT1_l3hit:0.82
4.7.0-deff:cpu_18:0
4.7.0-deff:SKT0_l3miss:5858000
4.7.0-deff:cpu_12:0
4.7.0-deff:cpu_1:0
4.7.0-deff:cache-references:206019246
4.7.0-deff:cpu_13:0
4.7.0-deff:enp4s0f0_tx_packets:0
4.7.0-deff:cache-misses:6411364.4
4.7.0-deff:Read:163.344
4.7.0-deff:enp130s0f1_rx_bytes:0
4.7.0-deff:Write:75.04
4.7.0-deff:cpu_21:0.588
4.7.0-deff:cpu_20:0
4.7.0-deff:cpu_total:3.412
4.7.0-deff:enp4s0f0_tx_bytes_phy:0
4.7.0-deff:cpu_11:0
4.7.0-deff:enp130s0f1_tx_packets:0
4.7.0-deff:SKT0_l3mpi:0
4.7.0-deff:enp4s0f0_tx_bytes:0
4.7.0-deff:SKT1_l3miss:589000
4.7.0-deff:Total_rx_packets:169377
4.7.0-deff:enp130s0f0_rx_bytes_phy:10839668.4
4.7.0-deff:enp4s0f1_tx_bytes_phy:0
4.7.0-deff:TOTAL_l3miss:6447400
4.7.0-deff:SKT0_ipc:0.978
4.7.0-deff:enp130s0f0_tx_packets:169378.4
4.7.0-deff:SKT1_l2mpi:0.02
4.7.0-deff:LLC-store:19730968.2
4.7.0-deff:enp130s0f1_tx_bytes:0
4.7.0-deff:Total_rx_bytes:10162633.6
4.7.0-deff:SKT1_l2miss:3287200
4.7.0-deff:enp4s0f0_tx_packets_phy:0
4.7.0-strict:enp4s0f0_rx_bytes:0
4.7.0-strict:cycles:16424080012.8
4.7.0-strict:cpu_14:0
4.7.0-strict:TOTAL_l2miss:53800000
4.7.0-strict:enp4s0f0_rx_packets_phy:0
4.7.0-strict:enp4s0f1_tx_bytes:0
4.7.0-strict:TOTAL_ipc:0.75
4.7.0-strict:enp4s0f1_rx_packets_phy:0
4.7.0-strict:enp4s0f1_rx_bytes_phy:0
4.7.0-strict:cpu_8:0
4.7.0-strict:Total_tx_bytes_phy:8488478.8
4.7.0-strict:enp130s0f1_tx_packets_phy:0
4.7.0-strict:enp130s0f0_rx_packets_phy:132632.2
4.7.0-strict:212992:212992
4.7.0-strict:TOTAL_l3hit:0.86
4.7.0-strict:Memory:307.94
4.7.0-strict:enp4s0f0_rx_bytes_phy:0
4.7.0-strict:enp130s0f1_rx_bytes_phy:0
4.7.0-strict:enp4s0f1_rx_packets:0
4.7.0-strict:Total_tx_packets:132634.4
4.7.0-strict:enp130s0f0_tx_bytes_phy:8488478.8
4.7.0-strict:TOTAL_l2mpi:0
4.7.0-strict:cpu_27:0
4.7.0-strict:enp130s0f0_tx_packets_phy:132631
4.7.0-strict:cpu_10:0
4.7.0-strict:cpu_2:99.804
4.7.0-strict:enp4s0f0_rx_packets:0
4.7.0-strict:SKT0_l2mpi:0
4.7.0-strict:enp130s0f1_rx_packets:0
4.7.0-strict:cpu_19:0.784
4.7.0-strict:LLC-load:77415657.4
4.7.0-strict:enp130s0f1_rx_packets_phy:0
4.7.0-strict:TOTAL_l3mpi:0
4.7.0-strict:cpu_22:0
4.7.0-strict:LLC-store-misses:951746.6
4.7.0-strict:SKT0_l3hit:0.862
4.7.0-strict:cpu_0:0
4.7.0-strict:cpu_3:0
4.7.0-strict:Total_rx_packets_phy:132632.2
4.7.0-strict:enp130s0f0_rx_packets:132632.2
4.7.0-strict:Total_tx_packets_phy:132631
4.7.0-strict:cpu_16:0
4.7.0-strict:enp4s0f1_rx_bytes:0
4.7.0-strict:cpu_6:0
4.7.0-strict:SKT0_l2hit:0.752
4.7.0-strict:cpu_26:0
4.7.0-strict:enp130s0f0_rx_bytes:7957972.4
4.7.0-strict:SKT1_ipc:0.272
4.7.0-strict:cpu_18:0
4.7.0-strict:SKT1_l2hit:0.146
4.7.0-strict:SKT1_l3hit:0.76
4.7.0-strict:enp4s0f1_tx_packets_phy:0
4.7.0-strict:cpu_15:0.588
4.7.0-strict:cpu_24:0
4.7.0-strict:TOTAL_l2hit:0.744
4.7.0-strict:cpu_5:0
4.7.0-strict:cpu_1:0
4.7.0-strict:cache-references:157536787.2
4.7.0-strict:SKT0_l3miss:7140600
4.7.0-strict:cpu_12:0
4.7.0-strict:Read:228.244
4.7.0-strict:enp130s0f1_rx_bytes:0
4.7.0-strict:cache-misses:7510396
4.7.0-strict:enp4s0f0_tx_packets:0
4.7.0-strict:cpu_13:0
4.7.0-strict:cpu_total:3.382
4.7.0-strict:cpu_20:0
4.7.0-strict:Write:79.694
4.7.0-strict:cpu_21:0.196
4.7.0-strict:Total_tx_bytes:7958100.8
4.7.0-strict:SKT1_l3mpi:0
4.7.0-strict:instructions:12330977491.2
4.7.0-strict:enp4s0f1_tx_packets:0
4.7.0-strict:cpu_25:0
4.7.0-strict:enp130s0f1_tx_bytes_phy:0
4.7.0-strict:cpu_9:0
4.7.0-strict:cpu_23:0.392
4.7.0-strict:cpu_4:0
4.7.0-strict:Total_rx_bytes_phy:8488491.4
4.7.0-strict:cpu_7:0
4.7.0-strict:enp130s0f0_tx_bytes:7958100.8
4.7.0-strict:cpu_17:0
4.7.0-strict:LLC-load-misses:5559218
4.7.0-strict:SKT0_l2miss:51600000
4.7.0-strict:enp130s0f0_tx_packets:132634.4
4.7.0-strict:SKT0_ipc:0.762
4.7.0-strict:TOTAL_l3miss:7595200
4.7.0-strict:enp130s0f1_tx_bytes:0
4.7.0-strict:LLC-store:15722722.4
4.7.0-strict:SKT1_l2mpi:0.018
4.7.0-strict:Total_rx_bytes:7957972.4
4.7.0-strict:enp4s0f0_tx_packets_phy:0
4.7.0-strict:SKT1_l2miss:1930400
4.7.0-strict:cpu_11:0
4.7.0-strict:enp4s0f0_tx_bytes_phy:0
4.7.0-strict:SKT0_l3mpi:0
4.7.0-strict:enp130s0f1_tx_packets:0
4.7.0-strict:enp4s0f0_tx_bytes:0
4.7.0-strict:enp4s0f1_tx_bytes_phy:0
4.7.0-strict:SKT1_l3miss:454000
4.7.0-strict:enp130s0f0_rx_bytes_phy:8488491.4
4.7.0-strict:Total_rx_packets:132632.2
4.7.0-unsafe:cpu_23:0
4.7.0-unsafe:cpu_9:0.196
4.7.0-unsafe:cpu_25:1.176
4.7.0-unsafe:enp130s0f1_tx_bytes_phy:0
4.7.0-unsafe:SKT1_l3mpi:0
4.7.0-unsafe:instructions:14631739078.6
4.7.0-unsafe:enp4s0f1_tx_packets:0
4.7.0-unsafe:Total_tx_bytes:11558888.4
4.7.0-unsafe:SKT0_l2miss:66200000
4.7.0-unsafe:LLC-load-misses:4569313.4
4.7.0-unsafe:cpu_7:0
4.7.0-unsafe:enp130s0f0_tx_bytes:11558888.4
4.7.0-unsafe:cpu_17:0
4.7.0-unsafe:Total_rx_bytes_phy:12328882
4.7.0-unsafe:cpu_4:0
4.7.0-unsafe:SKT0_l3miss:6636800
4.7.0-unsafe:cpu_12:0
4.7.0-unsafe:cpu_1:0.588
4.7.0-unsafe:cache-references:201884081.8
4.7.0-unsafe:cpu_24:0
4.7.0-unsafe:TOTAL_l2hit:0.752
4.7.0-unsafe:cpu_5:0.196
4.7.0-unsafe:cpu_15:0
4.7.0-unsafe:enp4s0f1_tx_packets_phy:0
4.7.0-unsafe:SKT1_l2hit:0.11
4.7.0-unsafe:SKT1_l3hit:0.822
4.7.0-unsafe:cpu_18:0
4.7.0-unsafe:Write:82.832
4.7.0-unsafe:cpu_21:0
4.7.0-unsafe:cpu_total:3.378
4.7.0-unsafe:cpu_20:0
4.7.0-unsafe:cpu_13:0
4.7.0-unsafe:enp4s0f0_tx_packets:0
4.7.0-unsafe:Read:138.42
4.7.0-unsafe:enp130s0f1_rx_bytes:0
4.7.0-unsafe:cache-misses:7226686.4
4.7.0-unsafe:enp130s0f1_tx_packets:0
4.7.0-unsafe:SKT0_l3mpi:0
4.7.0-unsafe:enp4s0f0_tx_bytes_phy:0
4.7.0-unsafe:cpu_11:0
4.7.0-unsafe:enp130s0f0_rx_bytes_phy:12328882
4.7.0-unsafe:SKT1_l3miss:672000
4.7.0-unsafe:Total_rx_packets:192647.8
4.7.0-unsafe:enp4s0f1_tx_bytes_phy:0
4.7.0-unsafe:enp4s0f0_tx_bytes:0
4.7.0-unsafe:SKT1_l2mpi:0.02
4.7.0-unsafe:LLC-store:18789097.8
4.7.0-unsafe:enp130s0f1_tx_bytes:0
4.7.0-unsafe:SKT0_ipc:0.906
4.7.0-unsafe:TOTAL_l3miss:7309200
4.7.0-unsafe:enp130s0f0_tx_packets:192647.6
4.7.0-unsafe:SKT1_l2miss:3793800
4.7.0-unsafe:enp4s0f0_tx_packets_phy:0
4.7.0-unsafe:Total_rx_bytes:11558900.2
4.7.0-unsafe:cpu_27:0
4.7.0-unsafe:TOTAL_l2mpi:0
4.7.0-unsafe:enp130s0f0_tx_bytes_phy:12328906.8
4.7.0-unsafe:Total_tx_packets:192647.6
4.7.0-unsafe:enp4s0f1_rx_packets:0
4.7.0-unsafe:enp4s0f0_rx_bytes_phy:0
4.7.0-unsafe:enp130s0f1_rx_bytes_phy:0
4.7.0-unsafe:enp4s0f0_rx_packets:0
4.7.0-unsafe:cpu_2:99.608
4.7.0-unsafe:cpu_10:0
4.7.0-unsafe:enp130s0f0_tx_packets_phy:192637.4
4.7.0-unsafe:enp130s0f1_tx_packets_phy:0
4.7.0-unsafe:enp130s0f0_rx_packets_phy:192637.6
4.7.0-unsafe:Total_tx_bytes_phy:12328906.8
4.7.0-unsafe:cpu_8:0
4.7.0-unsafe:enp4s0f1_rx_bytes_phy:0
4.7.0-unsafe:enp4s0f1_rx_packets_phy:0
4.7.0-unsafe:enp4s0f1_tx_bytes:0
4.7.0-unsafe:TOTAL_ipc:0.892
4.7.0-unsafe:enp4s0f0_rx_packets_phy:0
4.7.0-unsafe:TOTAL_l2miss:69600000
4.7.0-unsafe:enp4s0f0_rx_bytes:0
4.7.0-unsafe:cycles:16385875059.6
4.7.0-unsafe:cpu_14:0
4.7.0-unsafe:TOTAL_l3hit:0.898
4.7.0-unsafe:Memory:221.252
4.7.0-unsafe:212992:212992
4.7.0-unsafe:cpu_3:0.392
4.7.0-unsafe:cpu_0:0
4.7.0-unsafe:SKT0_l3hit:0.9
4.7.0-unsafe:LLC-store-misses:1356772.8
4.7.0-unsafe:enp130s0f0_rx_bytes:11558900.2
4.7.0-unsafe:SKT1_ipc:0.398
4.7.0-unsafe:cpu_26:0
4.7.0-unsafe:SKT0_l2hit:0.762
4.7.0-unsafe:cpu_6:0
4.7.0-unsafe:enp4s0f1_rx_bytes:0
4.7.0-unsafe:cpu_16:0
4.7.0-unsafe:Total_tx_packets_phy:192637.4
4.7.0-unsafe:enp130s0f0_rx_packets:192647.8
4.7.0-unsafe:Total_rx_packets_phy:192637.6
4.7.0-unsafe:cpu_19:0
4.7.0-unsafe:enp130s0f1_rx_packets:0
4.7.0-unsafe:SKT0_l2mpi:0
4.7.0-unsafe:cpu_22:0
4.7.0-unsafe:TOTAL_l3mpi:0
4.7.0-unsafe:enp130s0f1_rx_packets_phy:0
4.7.0-unsafe:LLC-load:102374755
4.8.0-unsafe:enp130s0f1_rx_packets_phy:0
4.8.0-unsafe:LLC-load:103111893.4
4.8.0-unsafe:cpu_22:0
4.8.0-unsafe:TOTAL_l3mpi:0
4.8.0-unsafe:SKT0_l2mpi:0
4.8.0-unsafe:enp130s0f1_rx_packets:0
4.8.0-unsafe:cpu_19:1.372
4.8.0-unsafe:Total_tx_packets_phy:193824.8
4.8.0-unsafe:enp130s0f0_rx_packets:193823.6
4.8.0-unsafe:Total_rx_packets_phy:193826.6
4.8.0-unsafe:SKT0_l2hit:0.762
4.8.0-unsafe:cpu_6:0
4.8.0-unsafe:enp4s0f1_rx_bytes:0
4.8.0-unsafe:cpu_16:0
4.8.0-unsafe:cpu_26:0
4.8.0-unsafe:SKT1_ipc:0.392
4.8.0-unsafe:enp130s0f0_rx_bytes:11629439.2
4.8.0-unsafe:LLC-store-misses:1368433.8
4.8.0-unsafe:SKT0_l3hit:0.902
4.8.0-unsafe:cpu_3:0
4.8.0-unsafe:cpu_0:0
4.8.0-unsafe:TOTAL_l3hit:0.9
4.8.0-unsafe:Memory:221.394
4.8.0-unsafe:212992:212992
4.8.0-unsafe:TOTAL_l2miss:71400000
4.8.0-unsafe:enp4s0f0_rx_bytes:0
4.8.0-unsafe:cycles:16423757089.6
4.8.0-unsafe:cpu_14:0
4.8.0-unsafe:enp4s0f1_tx_bytes:0
4.8.0-unsafe:TOTAL_ipc:0.898
4.8.0-unsafe:enp4s0f0_rx_packets_phy:0
4.8.0-unsafe:Total_tx_bytes_phy:12404822.8
4.8.0-unsafe:cpu_8:0
4.8.0-unsafe:enp4s0f1_rx_packets_phy:0
4.8.0-unsafe:enp4s0f1_rx_bytes_phy:0
4.8.0-unsafe:enp130s0f0_rx_packets_phy:193826.6
4.8.0-unsafe:enp130s0f1_tx_packets_phy:0
4.8.0-unsafe:enp130s0f0_tx_packets_phy:193824.8
4.8.0-unsafe:enp4s0f0_rx_packets:0
4.8.0-unsafe:cpu_10:0
4.8.0-unsafe:cpu_2:99.412
4.8.0-unsafe:enp130s0f1_rx_bytes_phy:0
4.8.0-unsafe:enp4s0f0_rx_bytes_phy:0
4.8.0-unsafe:enp4s0f1_rx_packets:0
4.8.0-unsafe:Total_tx_packets:193822.4
4.8.0-unsafe:cpu_27:0.196
4.8.0-unsafe:enp130s0f0_tx_bytes_phy:12404822.8
4.8.0-unsafe:TOTAL_l2mpi:0.002
4.8.0-unsafe:Total_rx_bytes:11629439.2
4.8.0-unsafe:enp4s0f0_tx_packets_phy:0
4.8.0-unsafe:SKT1_l2miss:3819800
4.8.0-unsafe:enp130s0f0_tx_packets:193822.4
4.8.0-unsafe:TOTAL_l3miss:7294400
4.8.0-unsafe:SKT0_ipc:0.914
4.8.0-unsafe:enp130s0f1_tx_bytes:0
4.8.0-unsafe:SKT1_l2mpi:0.02
4.8.0-unsafe:LLC-store:17644082.6
4.8.0-unsafe:enp4s0f0_tx_bytes:0
4.8.0-unsafe:enp4s0f1_tx_bytes_phy:0
4.8.0-unsafe:SKT1_l3miss:645800
4.8.0-unsafe:enp130s0f0_rx_bytes_phy:12404922.6
4.8.0-unsafe:Total_rx_packets:193823.6
4.8.0-unsafe:cpu_11:0
4.8.0-unsafe:enp4s0f0_tx_bytes_phy:0
4.8.0-unsafe:enp130s0f1_tx_packets:0
4.8.0-unsafe:SKT0_l3mpi:0
4.8.0-unsafe:enp130s0f1_rx_bytes:0
4.8.0-unsafe:Read:138.708
4.8.0-unsafe:cache-misses:7242737.4
4.8.0-unsafe:cpu_13:0
4.8.0-unsafe:enp4s0f0_tx_packets:0
4.8.0-unsafe:Write:82.684
4.8.0-unsafe:cpu_21:0.784
4.8.0-unsafe:cpu_20:0
4.8.0-unsafe:cpu_total:3.452
4.8.0-unsafe:SKT1_l3hit:0.832
4.8.0-unsafe:SKT1_l2hit:0.102
4.8.0-unsafe:cpu_18:0
4.8.0-unsafe:cpu_5:0
4.8.0-unsafe:TOTAL_l2hit:0.752
4.8.0-unsafe:cpu_24:0
4.8.0-unsafe:cpu_15:0
4.8.0-unsafe:enp4s0f1_tx_packets_phy:0
4.8.0-unsafe:cpu_1:0.196
4.8.0-unsafe:cache-references:200729240
4.8.0-unsafe:SKT0_l3miss:6648000
4.8.0-unsafe:cpu_12:0
4.8.0-unsafe:Total_rx_bytes_phy:12404922.6
4.8.0-unsafe:cpu_4:0
4.8.0-unsafe:enp130s0f0_tx_bytes:11629380.4
4.8.0-unsafe:cpu_7:0
4.8.0-unsafe:cpu_17:0
4.8.0-unsafe:SKT0_l2miss:67800000
4.8.0-unsafe:LLC-load-misses:4695104
4.8.0-unsafe:Total_tx_bytes:11629380.4
4.8.0-unsafe:enp130s0f1_tx_bytes_phy:0
4.8.0-unsafe:cpu_25:0.196
4.8.0-unsafe:SKT1_l3mpi:0
4.8.0-unsafe:instructions:14768780907.8
4.8.0-unsafe:enp4s0f1_tx_packets:0
4.8.0-unsafe:cpu_9:0
4.8.0-unsafe:cpu_23:0.196
