4.7.0-copy-plus-strict:Memory:67816.864
4.7.0-copy-plus-strict:enp4s0f1_tx_bytes:0
4.7.0-copy-plus-strict:SKT1_l2hit:0.33
4.7.0-copy-plus-strict:TOTAL_l2hit:0.3
4.7.0-copy-plus-strict:SKT0_l2miss:675800000
4.7.0-copy-plus-strict:enp4s0f0_tx_packets_phy:0
4.7.0-copy-plus-strict:SKT0_l3miss:584400000
4.7.0-copy-plus-strict:enp130s0f1_tx_bytes:4211001841.8
4.7.0-copy-plus-strict:Total_rx_bytes:6386067379.8
4.7.0-copy-plus-strict:cpu_21:88.406
4.7.0-copy-plus-strict:enp4s0f1_rx_packets_phy:0
4.7.0-copy-plus-strict:enp130s0f0_rx_packets:270005.4
4.7.0-copy-plus-strict:cpu_17:92.26
4.7.0-copy-plus-strict:cpu_9:90.11
4.7.0-copy-plus-strict:Total_tx_bytes_phy:8883328571.8
4.7.0-copy-plus-strict:cpu_8:15.85
4.7.0-copy-plus-strict:SKT1_l2mpi:0.074
4.7.0-copy-plus-strict:cpu_4:20.332
4.7.0-copy-plus-strict:cpu_10:19.72
4.7.0-copy-plus-strict:SKT1_l3mpi:0.05
4.7.0-copy-plus-strict:Total_rx_bytes_phy:6794539210.4
4.7.0-copy-plus-strict:cpu_total:55.696
4.7.0-copy-plus-strict:cpu_23:84.72
4.7.0-copy-plus-strict:SKT1_ipc:0.152
4.7.0-copy-plus-strict:cpu_26:23.782
4.7.0-copy-plus-strict:SKT0_l3hit:0.134
4.7.0-copy-plus-strict:SKT0_ipc:0.216
4.7.0-copy-plus-strict:enp4s0f0_rx_bytes_phy:0
4.7.0-copy-plus-strict:cpu_5:88.216
4.7.0-copy-plus-strict:cpu_16:25.382
4.7.0-copy-plus-strict:enp4s0f0_tx_packets:0
4.7.0-copy-plus-strict:Write:31658.75
4.7.0-copy-plus-strict:cpu_12:19.912
4.7.0-copy-plus-strict:cpu_11:88.972
4.7.0-copy-plus-strict:enp130s0f1_tx_queue_stopped:0
4.7.0-copy-plus-strict:SKT0_l3mpi:0.07
4.7.0-copy-plus-strict:TOTAL_l2mpi:0.08
4.7.0-copy-plus-strict:cpu_1:93.432
4.7.0-copy-plus-strict:enp130s0f0_tx_packets:168876.2
4.7.0-copy-plus-strict:cpu_20:25.928
4.7.0-copy-plus-strict:TOTAL_l3hit:0.252
4.7.0-copy-plus-strict:16384:87380
4.7.0-copy-plus-strict:Total_tx_queue_stopped:0
4.7.0-copy-plus-strict:Total_rx_packets_phy:1106552
4.7.0-copy-plus-strict:cpu_14:22.846
4.7.0-copy-plus-strict:enp4s0f1_rx_packets:0
4.7.0-copy-plus-strict:cpu_3:96.332
4.7.0-copy-plus-strict:cpu_24:24.724
4.7.0-copy-plus-strict:Total_tx_packets:316319.6
4.7.0-copy-plus-strict:SKT0_l2mpi:0.08
4.7.0-copy-plus-strict:cpu_2:22.598
4.7.0-copy-plus-strict:enp4s0f1_tx_bytes_phy:0
4.7.0-copy-plus-strict:TOTAL_l3mpi:0.06
4.7.0-copy-plus-strict:enp130s0f1_tx_packets:147443.4
4.7.0-copy-plus-strict:enp130s0f0_tx_queue_stopped:0
4.7.0-copy-plus-strict:enp130s0f0_rx_bytes_phy:3552056499.6
4.7.0-copy-plus-strict:cpu_25:86.086
4.7.0-copy-plus-strict:cpu_27:90.108
4.7.0-copy-plus-strict:Read:36158.114
4.7.0-copy-plus-strict:cpu_15:86.664
4.7.0-copy-plus-strict:SKT1_l2miss:1700000000
4.7.0-copy-plus-strict:SKT1_l3hit:0.294
4.7.0-copy-plus-strict:enp4s0f1_rx_bytes:0
4.7.0-copy-plus-strict:cpu_13:91.692
4.7.0-copy-plus-strict:enp130s0f1_rx_bytes_phy:3242482710.8
4.7.0-copy-plus-strict:enp130s0f1_rx_packets:262393
4.7.0-copy-plus-strict:enp130s0f0_tx_packets_phy:611598.2
4.7.0-copy-plus-strict:enp130s0f0_rx_bytes:3194229649.2
4.7.0-copy-plus-strict:enp4s0f0_tx_queue_stopped:0
4.7.0-copy-plus-strict:Total_rx_packets:532398.4
4.7.0-copy-plus-strict:SKT0_l2hit:0.22
4.7.0-copy-plus-strict:enp130s0f1_rx_bytes:3191837730.6
4.7.0-copy-plus-strict:enp130s0f1_tx_bytes_phy:4215831671.2
4.7.0-copy-plus-strict:enp4s0f1_rx_bytes_phy:0
4.7.0-copy-plus-strict:cpu_6:23.6
4.7.0-copy-plus-strict:cpu_0:22.048
4.7.0-copy-plus-strict:enp4s0f0_rx_packets:0
4.7.0-copy-plus-strict:enp4s0f0_tx_bytes_phy:0
4.7.0-copy-plus-strict:enp130s0f1_rx_packets_phy:528898.2
4.7.0-copy-plus-strict:enp130s0f1_tx_packets_phy:547630.6
4.7.0-copy-plus-strict:enp130s0f0_tx_bytes:4665487133
4.7.0-copy-plus-strict:enp4s0f1_tx_queue_stopped:0
4.7.0-copy-plus-strict:enp4s0f1_tx_packets_phy:0
4.7.0-copy-plus-strict:cpu_18:19.768
4.7.0-copy-plus-strict:enp4s0f1_tx_packets:0
4.7.0-copy-plus-strict:enp130s0f0_rx_packets_phy:577653.8
4.7.0-copy-plus-strict:enp130s0f0_tx_bytes_phy:4667496900.6
4.7.0-copy-plus-strict:cpu_7:89.126
4.7.0-copy-plus-strict:Total_tx_packets_phy:1159228.8
4.7.0-copy-plus-strict:TOTAL_l3miss:1781800000
4.7.0-copy-plus-strict:cpu_19:87.82
4.7.0-copy-plus-strict:Total_tx_bytes:8876488974.8
4.7.0-copy-plus-strict:SKT1_l3miss:1196800000
4.7.0-copy-plus-strict:enp4s0f0_rx_packets_phy:0
4.7.0-copy-plus-strict:cpu_22:19.13
4.7.0-copy-plus-strict:TOTAL_l2miss:2376200000
4.7.0-copy-plus-strict:enp4s0f0_tx_bytes:0
4.7.0-copy-plus-strict:TOTAL_ipc:0.164
4.7.0-copy-plus-strict:enp4s0f0_rx_bytes:0
4.7.0-damn-strict:cpu_14:20.198
4.7.0-damn-strict:Total_rx_packets_phy:1479366.6
4.7.0-damn-strict:Total_tx_packets:497773.4
4.7.0-damn-strict:cpu_3:39.61
4.7.0-damn-strict:enp4s0f1_rx_packets:0
4.7.0-damn-strict:cpu_24:26.666
4.7.0-damn-strict:SKT0_l2mpi:0.084
4.7.0-damn-strict:cpu_2:26.47
4.7.0-damn-strict:enp4s0f1_tx_bytes_phy:0
4.7.0-damn-strict:TOTAL_l3mpi:0.03
4.7.0-damn-strict:enp130s0f1_tx_packets:264631.8
4.7.0-damn-strict:enp130s0f0_rx_bytes_phy:4534424668.2
4.7.0-damn-strict:enp130s0f0_tx_queue_stopped:0
4.7.0-damn-strict:cpu_25:40.588
4.7.0-damn-strict:cpu_27:40
4.7.0-damn-strict:Read:32573.938
4.7.0-damn-strict:cpu_15:38.434
4.7.0-damn-strict:SKT1_l3hit:0.262
4.7.0-damn-strict:enp4s0f1_rx_bytes:0
4.7.0-damn-strict:SKT1_l2miss:813600000
4.7.0-damn-strict:enp4s0f0_tx_packets:0
4.7.0-damn-strict:cpu_12:25.294
4.7.0-damn-strict:Write:21222.278
4.7.0-damn-strict:cpu_11:43.334
4.7.0-damn-strict:enp130s0f1_tx_queue_stopped:0
4.7.0-damn-strict:TOTAL_l3hit:0.194
4.7.0-damn-strict:cpu_20:25.49
4.7.0-damn-strict:16384:87380
4.7.0-damn-strict:SKT0_l3mpi:0.074
4.7.0-damn-strict:TOTAL_l2mpi:0.04
4.7.0-damn-strict:cpu_1:42.746
4.7.0-damn-strict:enp130s0f0_tx_packets:233141.6
4.7.0-damn-strict:Total_tx_queue_stopped:0
4.7.0-damn-strict:cpu_17:39.02
4.7.0-damn-strict:cpu_9:41.178
4.7.0-damn-strict:SKT1_l2mpi:0.028
4.7.0-damn-strict:cpu_8:27.254
4.7.0-damn-strict:cpu_4:24.314
4.7.0-damn-strict:Total_tx_bytes_phy:10842842597.8
4.7.0-damn-strict:Total_rx_bytes_phy:9518405711
4.7.0-damn-strict:cpu_10:27.45
4.7.0-damn-strict:SKT1_l3mpi:0.02
4.7.0-damn-strict:cpu_23:42.354
4.7.0-damn-strict:cpu_total:32.928
4.7.0-damn-strict:SKT0_ipc:0.212
4.7.0-damn-strict:SKT1_ipc:0.404
4.7.0-damn-strict:cpu_26:23.334
4.7.0-damn-strict:SKT0_l3hit:0.122
4.7.0-damn-strict:enp4s0f0_rx_bytes_phy:0
4.7.0-damn-strict:cpu_5:42.94
4.7.0-damn-strict:cpu_16:27.256
4.7.0-damn-strict:Memory:53796.216
4.7.0-damn-strict:SKT1_l2hit:0.336
4.7.0-damn-strict:enp4s0f1_tx_bytes:0
4.7.0-damn-strict:TOTAL_l2hit:0.288
4.7.0-damn-strict:SKT0_l3miss:689200000
4.7.0-damn-strict:Total_rx_bytes:8994389355.8
4.7.0-damn-strict:enp130s0f1_tx_bytes:4760952636.6
4.7.0-damn-strict:enp4s0f0_tx_packets_phy:0
4.7.0-damn-strict:SKT0_l2miss:787200000
4.7.0-damn-strict:enp4s0f1_rx_packets_phy:0
4.7.0-damn-strict:cpu_21:42.746
4.7.0-damn-strict:enp130s0f0_rx_packets:366216.4
4.7.0-damn-strict:SKT1_l3miss:600800000
4.7.0-damn-strict:enp4s0f0_rx_packets_phy:0
4.7.0-damn-strict:cpu_22:26.666
4.7.0-damn-strict:TOTAL_l2miss:1601200000
4.7.0-damn-strict:enp4s0f0_tx_bytes:0
4.7.0-damn-strict:TOTAL_ipc:0.334
4.7.0-damn-strict:enp4s0f0_rx_bytes:0
4.7.0-damn-strict:enp130s0f0_rx_packets_phy:742727
4.7.0-damn-strict:enp130s0f0_tx_bytes_phy:6078877360.8
4.7.0-damn-strict:cpu_7:37.254
4.7.0-damn-strict:TOTAL_l3miss:1290200000
4.7.0-damn-strict:Total_tx_packets_phy:1525792.6
4.7.0-damn-strict:Total_tx_bytes:10836605587.8
4.7.0-damn-strict:cpu_19:40.39
4.7.0-damn-strict:enp4s0f1_rx_bytes_phy:0
4.7.0-damn-strict:enp130s0f1_tx_bytes_phy:4763965237
4.7.0-damn-strict:enp130s0f1_rx_bytes:4961023581.4
4.7.0-damn-strict:cpu_6:24.316
4.7.0-damn-strict:cpu_0:24.51
4.7.0-damn-strict:enp130s0f1_tx_packets_phy:716149
4.7.0-damn-strict:enp130s0f1_rx_packets_phy:736639.6
4.7.0-damn-strict:enp4s0f0_rx_packets:0
4.7.0-damn-strict:enp4s0f0_tx_bytes_phy:0
4.7.0-damn-strict:enp130s0f0_tx_bytes:6075652951.2
4.7.0-damn-strict:enp4s0f1_tx_queue_stopped:0
4.7.0-damn-strict:cpu_18:23.922
4.7.0-damn-strict:enp4s0f1_tx_packets:0
4.7.0-damn-strict:enp4s0f1_tx_packets_phy:0
4.7.0-damn-strict:cpu_13:38.626
4.7.0-damn-strict:enp130s0f1_rx_bytes_phy:4983981042.8
4.7.0-damn-strict:enp130s0f0_tx_packets_phy:809643.6
4.7.0-damn-strict:enp130s0f1_rx_packets:491102
4.7.0-damn-strict:enp130s0f0_rx_bytes:4033365774.4
4.7.0-damn-strict:enp4s0f0_tx_queue_stopped:0
4.7.0-damn-strict:SKT0_l2hit:0.228
4.7.0-damn-strict:Total_rx_packets:857318.4
4.7.0-damn-unsafe:cpu_18:18.826
4.7.0-damn-unsafe:enp4s0f1_tx_packets:0
4.7.0-damn-unsafe:enp4s0f1_tx_packets_phy:0
4.7.0-damn-unsafe:enp4s0f1_tx_queue_stopped:0
4.7.0-damn-unsafe:enp130s0f0_tx_bytes:6658929160.4
4.7.0-damn-unsafe:enp130s0f1_rx_packets_phy:728078.8
4.7.0-damn-unsafe:enp130s0f1_tx_packets_phy:720266.2
4.7.0-damn-unsafe:enp4s0f0_tx_bytes_phy:0
4.7.0-damn-unsafe:enp4s0f0_rx_packets:0
4.7.0-damn-unsafe:cpu_0:32.744
4.7.0-damn-unsafe:cpu_6:29.018
4.7.0-damn-unsafe:enp4s0f1_rx_bytes_phy:0
4.7.0-damn-unsafe:enp130s0f1_tx_bytes_phy:4758594196
4.7.0-damn-unsafe:enp130s0f1_rx_bytes:4964031778.4
4.7.0-damn-unsafe:SKT0_l2hit:0.218
4.7.0-damn-unsafe:Total_rx_packets:876742.4
4.7.0-damn-unsafe:enp4s0f0_tx_queue_stopped:0
4.7.0-damn-unsafe:enp130s0f0_rx_bytes:5049092710.6
4.7.0-damn-unsafe:enp130s0f0_tx_packets_phy:873042.4
4.7.0-damn-unsafe:enp130s0f1_rx_packets:486814.8
4.7.0-damn-unsafe:enp130s0f1_rx_bytes_phy:4984010770.8
4.7.0-damn-unsafe:cpu_13:42.746
4.7.0-damn-unsafe:enp4s0f0_rx_bytes:0
4.7.0-damn-unsafe:TOTAL_ipc:0.312
4.7.0-damn-unsafe:enp4s0f0_tx_bytes:0
4.7.0-damn-unsafe:TOTAL_l2miss:1678400000
4.7.0-damn-unsafe:cpu_22:30.98
4.7.0-damn-unsafe:enp4s0f0_rx_packets_phy:0
4.7.0-damn-unsafe:SKT1_l3miss:608600000
4.7.0-damn-unsafe:Total_tx_bytes:11414451105
4.7.0-damn-unsafe:cpu_19:42.354
4.7.0-damn-unsafe:TOTAL_l3miss:1353200000
4.7.0-damn-unsafe:Total_tx_packets_phy:1593308.6
4.7.0-damn-unsafe:cpu_7:42.158
4.7.0-damn-unsafe:enp130s0f0_tx_bytes_phy:6662942828.8
4.7.0-damn-unsafe:enp130s0f0_rx_packets_phy:849148.6
4.7.0-damn-unsafe:cpu_16:26.08
4.7.0-damn-unsafe:cpu_5:40.394
4.7.0-damn-unsafe:enp4s0f0_rx_bytes_phy:0
4.7.0-damn-unsafe:SKT0_ipc:0.174
4.7.0-damn-unsafe:SKT1_ipc:0.394
4.7.0-damn-unsafe:cpu_26:25.686
4.7.0-damn-unsafe:SKT0_l3hit:0.124
4.7.0-damn-unsafe:cpu_23:37.45
4.7.0-damn-unsafe:cpu_total:34.724
4.7.0-damn-unsafe:Total_rx_bytes_phy:10361276462.8
4.7.0-damn-unsafe:cpu_10:27.452
4.7.0-damn-unsafe:SKT1_l3mpi:0.02
4.7.0-damn-unsafe:cpu_8:27.648
4.7.0-damn-unsafe:SKT1_l2mpi:0.03
4.7.0-damn-unsafe:cpu_4:30.59
4.7.0-damn-unsafe:Total_tx_bytes_phy:11421537024.8
4.7.0-damn-unsafe:cpu_9:43.336
4.7.0-damn-unsafe:cpu_17:39.414
4.7.0-damn-unsafe:enp130s0f0_rx_packets:389927.6
4.7.0-damn-unsafe:enp4s0f1_rx_packets_phy:0
4.7.0-damn-unsafe:cpu_21:39.022
4.7.0-damn-unsafe:SKT0_l3miss:744200000
4.7.0-damn-unsafe:enp130s0f1_tx_bytes:4755521944.6
4.7.0-damn-unsafe:Total_rx_bytes:10013124489
4.7.0-damn-unsafe:SKT0_l2miss:851000000
4.7.0-damn-unsafe:enp4s0f0_tx_packets_phy:0
4.7.0-damn-unsafe:TOTAL_l2hit:0.28
4.7.0-damn-unsafe:SKT1_l2hit:0.336
4.7.0-damn-unsafe:enp4s0f1_tx_bytes:0
4.7.0-damn-unsafe:Memory:56920.554
4.7.0-damn-unsafe:enp4s0f1_rx_bytes:0
4.7.0-damn-unsafe:SKT1_l3hit:0.264
4.7.0-damn-unsafe:SKT1_l2miss:826800000
4.7.0-damn-unsafe:cpu_15:42.158
4.7.0-damn-unsafe:Read:33882.578
4.7.0-damn-unsafe:cpu_27:38.432
4.7.0-damn-unsafe:cpu_25:41.766
4.7.0-damn-unsafe:TOTAL_l3mpi:0.03
4.7.0-damn-unsafe:enp130s0f0_tx_queue_stopped:0
4.7.0-damn-unsafe:enp130s0f1_tx_packets:269281
4.7.0-damn-unsafe:enp130s0f0_rx_bytes_phy:5377265692
4.7.0-damn-unsafe:SKT0_l2mpi:0.104
4.7.0-damn-unsafe:cpu_2:27.254
4.7.0-damn-unsafe:enp4s0f1_tx_bytes_phy:0
4.7.0-damn-unsafe:Total_tx_packets:511489
4.7.0-damn-unsafe:enp4s0f1_rx_packets:0
4.7.0-damn-unsafe:cpu_3:42.94
4.7.0-damn-unsafe:cpu_24:23.138
4.7.0-damn-unsafe:cpu_14:28.432
4.7.0-damn-unsafe:Total_rx_packets_phy:1577227.4
4.7.0-damn-unsafe:Total_tx_queue_stopped:0
4.7.0-damn-unsafe:TOTAL_l3hit:0.196
4.7.0-damn-unsafe:16384:87380
4.7.0-damn-unsafe:cpu_20:24.512
4.7.0-damn-unsafe:TOTAL_l2mpi:0.04
4.7.0-damn-unsafe:SKT0_l3mpi:0.092
4.7.0-damn-unsafe:enp130s0f0_tx_packets:242208
4.7.0-damn-unsafe:cpu_1:50.196
4.7.0-damn-unsafe:enp130s0f1_tx_queue_stopped:0
4.7.0-damn-unsafe:cpu_11:45.096
4.7.0-damn-unsafe:cpu_12:31.764
4.7.0-damn-unsafe:Write:23037.974
4.7.0-damn-unsafe:enp4s0f0_tx_packets:0
4.7.0-deff:enp130s0f1_rx_packets_phy:731748.6
4.7.0-deff:enp130s0f1_tx_packets_phy:712925.4
4.7.0-deff:enp4s0f0_tx_bytes_phy:0
4.7.0-deff:enp4s0f0_rx_packets:0
4.7.0-deff:enp130s0f0_tx_bytes:6405438461.4
4.7.0-deff:enp4s0f1_tx_queue_stopped:0
4.7.0-deff:enp4s0f1_tx_packets:0
4.7.0-deff:cpu_18:23.334
4.7.0-deff:enp4s0f1_tx_packets_phy:0
4.7.0-deff:enp4s0f1_rx_bytes_phy:0
4.7.0-deff:enp130s0f1_tx_bytes_phy:4748068463.4
4.7.0-deff:enp130s0f1_rx_bytes:4962619255
4.7.0-deff:cpu_6:27.256
4.7.0-deff:cpu_0:27.842
4.7.0-deff:enp130s0f1_rx_packets:503624.2
4.7.0-deff:enp130s0f0_tx_packets_phy:839738.8
4.7.0-deff:enp130s0f0_rx_bytes:4231407280.8
4.7.0-deff:enp4s0f0_tx_queue_stopped:0
4.7.0-deff:SKT0_l2hit:0.216
4.7.0-deff:Total_rx_packets:869458.2
4.7.0-deff:cpu_13:62.746
4.7.0-deff:enp130s0f1_rx_bytes_phy:4983648232.2
4.7.0-deff:enp4s0f0_tx_bytes:0
4.7.0-deff:TOTAL_l2miss:1804600000
4.7.0-deff:TOTAL_ipc:0.41
4.7.0-deff:enp4s0f0_rx_bytes:0
4.7.0-deff:SKT1_l3miss:691600000
4.7.0-deff:enp4s0f0_rx_packets_phy:0
4.7.0-deff:cpu_22:27.648
4.7.0-deff:TOTAL_l3miss:1444000000
4.7.0-deff:Total_tx_packets_phy:1552664.2
4.7.0-deff:cpu_19:41.766
4.7.0-deff:Total_tx_bytes:11150589148
4.7.0-deff:enp130s0f0_rx_packets_phy:756267.4
4.7.0-deff:enp130s0f0_tx_bytes_phy:6408677935
4.7.0-deff:cpu_7:47.842
4.7.0-deff:cpu_23:43.724
4.7.0-deff:cpu_total:37.324
4.7.0-deff:SKT0_ipc:0.208
4.7.0-deff:SKT1_ipc:0.512
4.7.0-deff:cpu_26:24.706
4.7.0-deff:SKT0_l3hit:0.122
4.7.0-deff:enp4s0f0_rx_bytes_phy:0
4.7.0-deff:cpu_5:47.254
4.7.0-deff:cpu_16:20.59
4.7.0-deff:cpu_17:47.06
4.7.0-deff:cpu_9:50.982
4.7.0-deff:cpu_4:24.706
4.7.0-deff:SKT1_l2mpi:0.02
4.7.0-deff:cpu_8:19.806
4.7.0-deff:Total_tx_bytes_phy:11156746398.4
4.7.0-deff:Total_rx_bytes_phy:9626184625.8
4.7.0-deff:cpu_10:20.786
4.7.0-deff:SKT1_l3mpi:0.016
4.7.0-deff:Total_rx_bytes:9194026535.8
4.7.0-deff:SKT0_l3miss:752000000
4.7.0-deff:enp130s0f1_tx_bytes:4745150686.6
4.7.0-deff:SKT0_l2miss:857000000
4.7.0-deff:enp4s0f0_tx_packets_phy:0
4.7.0-deff:cpu_21:44.314
4.7.0-deff:enp4s0f1_rx_packets_phy:0
4.7.0-deff:enp130s0f0_rx_packets:365834
4.7.0-deff:Memory:57689.834
4.7.0-deff:SKT1_l2hit:0.334
4.7.0-deff:enp4s0f1_tx_bytes:0
4.7.0-deff:TOTAL_l2hit:0.282
4.7.0-deff:cpu_25:45.098
4.7.0-deff:cpu_27:51.962
4.7.0-deff:Read:35252.658
4.7.0-deff:cpu_15:49.216
4.7.0-deff:enp4s0f1_rx_bytes:0
4.7.0-deff:SKT1_l3hit:0.272
4.7.0-deff:SKT1_l2miss:947400000
4.7.0-deff:cpu_14:24.706
4.7.0-deff:Total_rx_packets_phy:1488016
4.7.0-deff:Total_tx_packets:495092.8
4.7.0-deff:cpu_3:62.158
4.7.0-deff:enp4s0f1_rx_packets:0
4.7.0-deff:cpu_24:29.608
4.7.0-deff:SKT0_l2mpi:0.09
4.7.0-deff:cpu_2:26.668
4.7.0-deff:enp4s0f1_tx_bytes_phy:0
4.7.0-deff:enp130s0f0_tx_queue_stopped:0
4.7.0-deff:TOTAL_l3mpi:0.03
4.7.0-deff:enp130s0f0_rx_bytes_phy:4642536393.6
4.7.0-deff:enp130s0f1_tx_packets:262934.4
4.7.0-deff:enp130s0f1_tx_queue_stopped:0
4.7.0-deff:cpu_20:24.902
4.7.0-deff:TOTAL_l3hit:0.198
4.7.0-deff:16384:87380
4.7.0-deff:SKT0_l3mpi:0.08
4.7.0-deff:TOTAL_l2mpi:0.03
4.7.0-deff:cpu_1:52.354
4.7.0-deff:enp130s0f0_tx_packets:232158.4
4.7.0-deff:Total_tx_queue_stopped:0
4.7.0-deff:enp4s0f0_tx_packets:0
4.7.0-deff:cpu_12:23.53
4.7.0-deff:Write:22437.176
4.7.0-deff:cpu_11:52.548
4.7.0-strict:enp130s0f0_tx_bytes:3035580984.4
4.7.0-strict:map:5.25
4.7.0-strict:enp4s0f0_tx_bytes_phy:0
4.7.0-strict:enp4s0f0_rx_packets:0
4.7.0-strict:enp130s0f1_tx_packets_phy:487475.6
4.7.0-strict:enp130s0f1_rx_packets_phy:533450.2
4.7.0-strict:enp4s0f1_tx_packets_phy:0
4.7.0-strict:cpu_18:22.406
4.7.0-strict:enp4s0f1_tx_packets:0
4.7.0-strict:enp4s0f1_tx_queue_stopped:0
4.7.0-strict:cpu_6:22.01
4.7.0-strict:enp130s0f1_rx_bytes:3956670562.8
4.7.0-strict:enp4s0f1_rx_bytes_phy:0
4.7.0-strict:enp130s0f1_tx_bytes_phy:3501146550.4
4.7.0-strict:cpu_0:24.526
4.7.0-strict:enp130s0f0_tx_packets_phy:400732.6
4.7.0-strict:enp130s0f1_rx_packets:216518.6
4.7.0-strict:Total_rx_packets:338361.8
4.7.0-strict:SKT0_l2hit:0.194
4.7.0-strict:enp4s0f0_tx_queue_stopped:0
4.7.0-strict:enp130s0f0_rx_bytes:2557934940.4
4.7.0-strict:cpu_13:98.85
4.7.0-strict:enp130s0f1_rx_bytes_phy:3998350670.8
4.7.0-strict:TOTAL_ipc:0.37
4.7.0-strict:TOTAL_l2miss:671200000
4.7.0-strict:enp4s0f0_tx_bytes:0
4.7.0-strict:enp4s0f0_rx_bytes:0
4.7.0-strict:enp4s0f0_rx_packets_phy:0
4.7.0-strict:SKT1_l3miss:166771800
4.7.0-strict:cpu_22:26.048
4.7.0-strict:Total_tx_packets_phy:888208.2
4.7.0-strict:TOTAL_l3miss:487586200
4.7.0-strict:Total_tx_bytes:6534133205.2
4.7.0-strict:cpu_19:88.83
4.7.0-strict:enp130s0f0_tx_bytes_phy:3044551321.2
4.7.0-strict:enp130s0f0_rx_packets_phy:363204.2
4.7.0-strict:cpu_7:98.64
4.7.0-strict:SKT1_ipc:0.37
4.7.0-strict:SKT0_l3hit:0.684
4.7.0-strict:cpu_26:20.262
4.7.0-strict:SKT0_ipc:0.408
4.7.0-strict:cpu_total:58.938
4.7.0-strict:cpu_23:93.082
4.7.0-strict:cpu_16:22.008
4.7.0-strict:cpu_5:88.802
4.7.0-strict:enp4s0f0_rx_bytes_phy:0
4.7.0-strict:cpu_9:100
4.7.0-strict:cpu_17:86.316
4.7.0-strict:cpu_10:18.888
4.7.0-strict:SKT1_l3mpi:0.004
4.7.0-strict:Total_rx_bytes_phy:6753742505.4
4.7.0-strict:Total_tx_bytes_phy:6545697871.6
4.7.0-strict:cpu_8:22.2
4.7.0-strict:SKT1_l2mpi:0.014
4.7.0-strict:cpu_4:21.822
4.7.0-strict:enp4s0f0_tx_packets_phy:0
4.7.0-strict:SKT0_l2miss:369826600
4.7.0-strict:Total_rx_bytes:6514605503.2
4.7.0-strict:SKT0_l3miss:320458400
4.7.0-strict:enp130s0f1_tx_bytes:3498552220.8
4.7.0-strict:enp130s0f0_rx_packets:121843.2
4.7.0-strict:enp4s0f1_rx_packets_phy:0
4.7.0-strict:cpu_21:99.418
4.7.0-strict:Memory:34535.012
4.7.0-strict:TOTAL_l2hit:0.526
4.7.0-strict:enp4s0f1_tx_bytes:0
4.7.0-strict:SKT1_l2hit:0.536
4.7.0-strict:cpu_27:92.622
4.7.0-strict:cpu_25:98.64
4.7.0-strict:SKT1_l2miss:301200000
4.7.0-strict:SKT1_l3hit:0.61
4.7.0-strict:enp4s0f1_rx_bytes:0
4.7.0-strict:Read:20967.284
4.7.0-strict:cpu_15:99.808
4.7.0-strict:enp4s0f1_rx_packets:0
4.7.0-strict:cpu_3:94.176
4.7.0-strict:cpu_24:23.366
4.7.0-strict:Total_tx_packets:268267.8
4.7.0-strict:Total_rx_packets_phy:896654.4
4.7.0-strict:cpu_14:22.944
4.7.0-strict:enp130s0f0_rx_bytes_phy:2755391834.6
4.7.0-strict:TOTAL_l3mpi:0.008
4.7.0-strict:enp130s0f0_tx_queue_stopped:17.2
4.7.0-strict:enp130s0f1_tx_packets:155985.8
4.7.0-strict:SKT0_l2mpi:0.03
4.7.0-strict:enp4s0f1_tx_bytes_phy:0
4.7.0-strict:cpu_2:23.936
4.7.0-strict:enp130s0f1_tx_queue_stopped:2.8
4.7.0-strict:Total_tx_queue_stopped:20
4.7.0-strict:TOTAL_l2mpi:0.016
4.7.0-strict:SKT0_l3mpi:0.014
4.7.0-strict:cpu_1:95.146
4.7.0-strict:enp130s0f0_tx_packets:112282
4.7.0-strict:16384:87380
4.7.0-strict:TOTAL_l3hit:0.582
4.7.0-strict:cpu_20:25.302
4.7.0-strict:Write:13567.726
4.7.0-strict:cpu_12:21.22
4.7.0-strict:enp4s0f0_tx_packets:0
4.7.0-strict:cpu_11:99.806
4.7.0-unsafe:cpu_11:46.472
4.7.0-unsafe:cpu_12:25.294
4.7.0-unsafe:Write:23266.118
4.7.0-unsafe:enp4s0f0_tx_packets:0
4.7.0-unsafe:Total_tx_queue_stopped:0
4.7.0-unsafe:TOTAL_l3hit:0.19
4.7.0-unsafe:cpu_20:27.058
4.7.0-unsafe:16384:87380
4.7.0-unsafe:TOTAL_l2mpi:0.04
4.7.0-unsafe:cpu_1:43.138
4.7.0-unsafe:SKT0_l3mpi:0.09
4.7.0-unsafe:enp130s0f0_tx_packets:249833
4.7.0-unsafe:enp130s0f1_tx_queue_stopped:0
4.7.0-unsafe:enp130s0f0_tx_queue_stopped:0
4.7.0-unsafe:TOTAL_l3mpi:0.036
4.7.0-unsafe:enp130s0f0_rx_bytes_phy:5545908244.2
4.7.0-unsafe:enp130s0f1_tx_packets:271650.2
4.7.0-unsafe:SKT0_l2mpi:0.102
4.7.0-unsafe:enp4s0f1_tx_bytes_phy:0
4.7.0-unsafe:cpu_2:26.08
4.7.0-unsafe:Total_tx_packets:521483.2
4.7.0-unsafe:enp4s0f1_rx_packets:0
4.7.0-unsafe:cpu_3:45.686
4.7.0-unsafe:cpu_24:22.942
4.7.0-unsafe:cpu_14:29.998
4.7.0-unsafe:Total_rx_packets_phy:1600774
4.7.0-unsafe:enp4s0f1_rx_bytes:0
4.7.0-unsafe:SKT1_l3hit:0.254
4.7.0-unsafe:SKT1_l2miss:913000000
4.7.0-unsafe:Read:35678.486
4.7.0-unsafe:cpu_15:49.804
4.7.0-unsafe:cpu_27:42.354
4.7.0-unsafe:cpu_25:40
4.7.0-unsafe:TOTAL_l2hit:0.27
4.7.0-unsafe:SKT1_l2hit:0.322
4.7.0-unsafe:enp4s0f1_tx_bytes:0
4.7.0-unsafe:Memory:58944.602
4.7.0-unsafe:enp130s0f0_rx_packets:393583.8
4.7.0-unsafe:enp4s0f1_rx_packets_phy:0
4.7.0-unsafe:cpu_21:43.334
4.7.0-unsafe:enp130s0f1_tx_bytes:4759870067
4.7.0-unsafe:SKT0_l3miss:775200000
4.7.0-unsafe:Total_rx_bytes:10161682562.4
4.7.0-unsafe:enp4s0f0_tx_packets_phy:0
4.7.0-unsafe:SKT0_l2miss:882000000
4.7.0-unsafe:Total_rx_bytes_phy:10528202577.6
4.7.0-unsafe:cpu_10:30
4.7.0-unsafe:SKT1_l3mpi:0.02
4.7.0-unsafe:cpu_4:27.65
4.7.0-unsafe:SKT1_l2mpi:0.03
4.7.0-unsafe:cpu_8:27.06
4.7.0-unsafe:Total_tx_bytes_phy:11655461856.2
4.7.0-unsafe:cpu_9:46.864
4.7.0-unsafe:cpu_17:41.766
4.7.0-unsafe:cpu_5:45.884
4.7.0-unsafe:cpu_16:24.51
4.7.0-unsafe:enp4s0f0_rx_bytes_phy:0
4.7.0-unsafe:SKT0_ipc:0.186
4.7.0-unsafe:SKT1_ipc:0.406
4.7.0-unsafe:SKT0_l3hit:0.12
4.7.0-unsafe:cpu_26:24.314
4.7.0-unsafe:cpu_23:38.04
4.7.0-unsafe:cpu_total:35.118
4.7.0-unsafe:cpu_7:47.06
4.7.0-unsafe:enp130s0f0_tx_bytes_phy:6892318289.2
4.7.0-unsafe:enp130s0f0_rx_packets_phy:866679.6
4.7.0-unsafe:Total_tx_bytes:11649011497.2
4.7.0-unsafe:cpu_19:39.022
4.7.0-unsafe:TOTAL_l3miss:1457600000
4.7.0-unsafe:Total_tx_packets_phy:1626051.6
4.7.0-unsafe:cpu_22:26.47
4.7.0-unsafe:enp4s0f0_rx_packets_phy:0
4.7.0-unsafe:SKT1_l3miss:681800000
4.7.0-unsafe:enp4s0f0_rx_bytes:0
4.7.0-unsafe:TOTAL_ipc:0.328
4.7.0-unsafe:TOTAL_l2miss:1795600000
4.7.0-unsafe:enp4s0f0_tx_bytes:0
4.7.0-unsafe:enp130s0f1_rx_bytes_phy:4982294333.4
4.7.0-unsafe:cpu_13:45.882
4.7.0-unsafe:SKT0_l2hit:0.21
4.7.0-unsafe:Total_rx_packets:895589.2
4.7.0-unsafe:enp130s0f0_rx_bytes:5199959371.8
4.7.0-unsafe:enp4s0f0_tx_queue_stopped:0
4.7.0-unsafe:enp130s0f0_tx_packets_phy:902979.4
4.7.0-unsafe:enp130s0f1_rx_packets:502005.4
4.7.0-unsafe:cpu_0:25.49
4.7.0-unsafe:cpu_6:25.686
4.7.0-unsafe:enp4s0f1_rx_bytes_phy:0
4.7.0-unsafe:enp130s0f1_tx_bytes_phy:4763143567
4.7.0-unsafe:enp130s0f1_rx_bytes:4961723190.6
4.7.0-unsafe:cpu_18:26.078
4.7.0-unsafe:enp4s0f1_tx_packets:0
4.7.0-unsafe:enp4s0f1_tx_packets_phy:0
4.7.0-unsafe:enp4s0f1_tx_queue_stopped:0
4.7.0-unsafe:enp130s0f0_tx_bytes:6889141430.2
4.7.0-unsafe:enp130s0f1_tx_packets_phy:723072.2
4.7.0-unsafe:enp130s0f1_rx_packets_phy:734094.4
4.7.0-unsafe:enp4s0f0_tx_bytes_phy:0
4.7.0-unsafe:enp4s0f0_rx_packets:0
