4.7.0-damn-strict:enp4s0f0_tx_packets_phy:0
4.7.0-damn-strict:enp4s0f1_tx_bytes_phy:0
4.7.0-damn-strict:Total_tx_packets:401829.333333333
4.7.0-damn-strict:enp4s0f0_rx_packets_phy:0
4.7.0-damn-strict:SKT1_l3mpi:0.01
4.7.0-damn-strict:enp130s0f1_tx_packets_phy:637027.666666667
4.7.0-damn-strict:enp130s0f0_tx_packets_phy:956407.333333333
4.7.0-damn-strict:TOTAL_l3hit:0.183333333333333
4.7.0-damn-strict:cache-references:4482679079.66667
4.7.0-damn-strict:cpu_3:3.26666666666667
4.7.0-damn-strict:TOTAL_l2mpi:0.05
4.7.0-damn-strict:enp4s0f1_rx_packets:0
4.7.0-damn-strict:Total_tx_bytes:9033492612.66667
4.7.0-damn-strict:Total_tx_packets_phy:1593435
4.7.0-damn-strict:cycles:111028498019.333
4.7.0-damn-strict:enp130s0f0_rx_packets_phy:622756.666666667
4.7.0-damn-strict:cpu_24:51.11
4.7.0-damn-strict:LLC-store-misses:137581080
4.7.0-damn-strict:Memory:50936.8133333333
4.7.0-damn-strict:Total_rx_packets_phy:1268903.33333333
4.7.0-damn-strict:enp4s0f0_rx_bytes_phy:0
4.7.0-damn-strict:cpu_23:1.96
4.7.0-damn-strict:cpu_0:64.48
4.7.0-damn-strict:enp130s0f1_rx_packets_phy:646146.666666667
4.7.0-damn-strict:enp4s0f1_rx_bytes_phy:0
4.7.0-damn-strict:TOTAL_ipc:0.273333333333333
4.7.0-damn-strict:enp130s0f0_tx_packets:179566.333333333
4.7.0-damn-strict:cpu_21:1.96
4.7.0-damn-strict:cpu_8:70.7033333333333
4.7.0-damn-strict:enp4s0f0_rx_bytes:0
4.7.0-damn-strict:enp130s0f1_tx_bytes:4330059565.33333
4.7.0-damn-strict:SKT1_l3hit:0.403333333333333
4.7.0-damn-strict:cpu_13:2.94
4.7.0-damn-strict:SKT1_ipc:0.68
4.7.0-damn-strict:Read:30991.2133333333
4.7.0-damn-strict:enp130s0f0_tx_bytes:4703433047.33333
4.7.0-damn-strict:LLC-load:1261764262
4.7.0-damn-strict:enp130s0f1_rx_bytes:4907123520
4.7.0-damn-strict:SKT0_ipc:0.24
4.7.0-damn-strict:enp130s0f1_tx_bytes_phy:4332737096
4.7.0-damn-strict:enp4s0f1_tx_bytes:0
4.7.0-damn-strict:SKT1_l2miss:52666666.6666667
4.7.0-damn-strict:cpu_11:2.60666666666667
4.7.0-damn-strict:cache-misses:1271092521
4.7.0-damn-strict:enp130s0f0_tx_bytes_phy:4727281060
4.7.0-damn-strict:enp130s0f0_rx_bytes_phy:4533109956.33333
4.7.0-damn-strict:cpu_10:59.6366666666667
4.7.0-damn-strict:cpu_26:55.03
4.7.0-damn-strict:enp4s0f0_tx_bytes:0
4.7.0-damn-strict:cpu_7:3.59
4.7.0-damn-strict:enp130s0f1_tx_packets:222263
4.7.0-damn-strict:TOTAL_l3miss:1297000000
4.7.0-damn-strict:SKT0_l2mpi:0.0666666666666667
4.7.0-damn-strict:SKT0_l2miss:1531666666.66667
4.7.0-damn-strict:SKT0_l2hit:0.23
4.7.0-damn-strict:instructions:30359980308.6667
4.7.0-damn-strict:enp4s0f1_rx_packets_phy:0
4.7.0-damn-strict:cpu_4:58.9133333333333
4.7.0-damn-strict:enp130s0f1_rx_bytes_phy:4927903695.66667
4.7.0-damn-strict:cpu_14:60.8733333333333
4.7.0-damn-strict:cpu_5:7.50666666666667
4.7.0-damn-strict:enp130s0f0_rx_bytes:4506952982.33333
4.7.0-damn-strict:enp4s0f1_tx_packets:0
4.7.0-damn-strict:SKT1_l3miss:32000000
4.7.0-damn-strict:cpu_27:7.82333333333333
4.7.0-damn-strict:cpu_18:56.64
4.7.0-damn-strict:enp4s0f0_tx_bytes_phy:0
4.7.0-damn-strict:cpu_25:4.9
4.7.0-damn-strict:SKT0_l3miss:1264000000
4.7.0-damn-strict:cpu_19:6.85666666666667
4.7.0-damn-strict:SKT1_l2mpi:0.01
4.7.0-damn-strict:Write:19945.6066666667
4.7.0-damn-strict:cpu_2:47.8933333333333
4.7.0-damn-strict:Total_rx_packets:623902.666666667
4.7.0-damn-strict:TOTAL_l2hit:0.23
4.7.0-damn-strict:cpu_1:0.976666666666667
4.7.0-damn-strict:SKT0_l3hit:0.176666666666667
4.7.0-damn-strict:Total_tx_bytes_phy:9060018156
4.7.0-damn-strict:cpu_9:3.59333333333333
4.7.0-damn-strict:cpu_12:60.58
4.7.0-damn-strict:LLC-load-misses:615204562.333333
4.7.0-damn-strict:enp4s0f1_tx_packets_phy:0
4.7.0-damn-strict:Total_rx_bytes_phy:9461013652
4.7.0-damn-strict:TOTAL_l2miss:1585000000
4.7.0-damn-strict:16384:87380
4.7.0-damn-strict:cpu_16:51.7566666666667
4.7.0-damn-strict:enp4s0f0_tx_packets:0
4.7.0-damn-strict:cpu_22:48.81
4.7.0-damn-strict:TOTAL_l3mpi:0.04
4.7.0-damn-strict:cpu_15:3.26333333333333
4.7.0-damn-strict:LLC-store:1510304658.33333
4.7.0-damn-strict:cpu_20:60.25
4.7.0-damn-strict:enp4s0f1_rx_bytes:0
4.7.0-damn-strict:enp130s0f1_rx_packets:364820.666666667
4.7.0-damn-strict:SKT1_l2hit:0.276666666666667
4.7.0-damn-strict:cpu_total:31.0566666666667
4.7.0-damn-strict:Total_rx_bytes:9414076502.33333
4.7.0-damn-strict:cpu_6:67.4333333333333
4.7.0-damn-strict:SKT0_l3mpi:0.0533333333333333
4.7.0-damn-strict:cpu_17:2.28666666666667
4.7.0-damn-strict:enp4s0f0_rx_packets:0
4.7.0-damn-strict:enp130s0f0_rx_packets:259082
4.7.0-unsafe:cpu_12:67.9633333333333
4.7.0-unsafe:LLC-load-misses:700507970
4.7.0-unsafe:enp4s0f1_tx_packets_phy:0
4.7.0-unsafe:TOTAL_l2miss:1770666666.66667
4.7.0-unsafe:Total_rx_bytes_phy:11474807629
4.7.0-unsafe:16384:87380
4.7.0-unsafe:cpu_16:70.8733333333333
4.7.0-unsafe:cpu_2:67.64
4.7.0-unsafe:TOTAL_l2hit:0.223333333333333
4.7.0-unsafe:Total_rx_packets:742751.666666667
4.7.0-unsafe:cpu_1:0.323333333333333
4.7.0-unsafe:SKT0_l3hit:0.18
4.7.0-unsafe:cpu_9:3.23666666666667
4.7.0-unsafe:Total_tx_bytes_phy:9587043517.66667
4.7.0-unsafe:enp4s0f1_rx_bytes:0
4.7.0-unsafe:SKT1_l2hit:0.256666666666667
4.7.0-unsafe:enp130s0f1_rx_packets:420265
4.7.0-unsafe:Total_rx_bytes:11419387434.3333
4.7.0-unsafe:cpu_total:35.2166666666667
4.7.0-unsafe:cpu_6:57.6033333333333
4.7.0-unsafe:SKT0_l3mpi:0.0533333333333333
4.7.0-unsafe:cpu_17:2.26333333333333
4.7.0-unsafe:enp130s0f0_rx_packets:322486.666666667
4.7.0-unsafe:enp4s0f0_rx_packets:0
4.7.0-unsafe:enp4s0f0_tx_packets:0
4.7.0-unsafe:cpu_22:58.9
4.7.0-unsafe:TOTAL_l3mpi:0.0466666666666667
4.7.0-unsafe:cpu_15:6.79666666666667
4.7.0-unsafe:cpu_20:58.2533333333333
4.7.0-unsafe:LLC-store:1694161642.66667
4.7.0-unsafe:enp130s0f1_rx_bytes_phy:4986107023
4.7.0-unsafe:cpu_14:60.8433333333333
4.7.0-unsafe:cpu_5:8.73666666666667
4.7.0-unsafe:enp130s0f0_rx_bytes:6451781149
4.7.0-unsafe:enp4s0f1_tx_packets:0
4.7.0-unsafe:TOTAL_l3miss:1442000000
4.7.0-unsafe:SKT0_l2miss:1720666666.66667
4.7.0-unsafe:SKT0_l2mpi:0.0633333333333333
4.7.0-unsafe:SKT0_l2hit:0.223333333333333
4.7.0-unsafe:enp4s0f1_rx_packets_phy:0
4.7.0-unsafe:instructions:32352006793.3333
4.7.0-unsafe:cpu_4:68.61
4.7.0-unsafe:SKT0_l3miss:1410333333.33333
4.7.0-unsafe:SKT1_l2mpi:0.01
4.7.0-unsafe:cpu_19:3.23666666666667
4.7.0-unsafe:Write:22451.7866666667
4.7.0-unsafe:cpu_27:3.88333333333333
4.7.0-unsafe:SKT1_l3miss:31000000
4.7.0-unsafe:cpu_18:67.96
4.7.0-unsafe:enp4s0f0_tx_bytes_phy:0
4.7.0-unsafe:cpu_25:4.53333333333333
4.7.0-unsafe:cpu_21:5.82666666666667
4.7.0-unsafe:enp4s0f0_rx_bytes:0
4.7.0-unsafe:cpu_8:68.61
4.7.0-unsafe:enp130s0f1_tx_bytes:4467121401
4.7.0-unsafe:cpu_13:1.29333333333333
4.7.0-unsafe:SKT1_l3hit:0.376666666666667
4.7.0-unsafe:SKT1_ipc:0.676666666666667
4.7.0-unsafe:Read:33849.0366666667
4.7.0-unsafe:enp130s0f0_tx_bytes:5101746685.66667
4.7.0-unsafe:TOTAL_ipc:0.266666666666667
4.7.0-unsafe:enp130s0f0_tx_packets:214603.666666667
4.7.0-unsafe:SKT1_l2miss:49666666.6666667
4.7.0-unsafe:cpu_11:5.5
4.7.0-unsafe:cache-misses:1442644933
4.7.0-unsafe:enp130s0f0_tx_bytes_phy:5117104528.33333
4.7.0-unsafe:cpu_10:70.8766666666667
4.7.0-unsafe:enp130s0f0_rx_bytes_phy:6488700606
4.7.0-unsafe:cpu_26:82.2033333333333
4.7.0-unsafe:enp4s0f0_tx_bytes:0
4.7.0-unsafe:cpu_7:2.58666666666667
4.7.0-unsafe:enp130s0f1_tx_packets:231964.333333333
4.7.0-unsafe:LLC-load:1430930911.33333
4.7.0-unsafe:enp130s0f1_rx_bytes:4967606285.33333
4.7.0-unsafe:SKT0_ipc:0.24
4.7.0-unsafe:enp130s0f1_tx_bytes_phy:4469938989.33333
4.7.0-unsafe:enp4s0f1_tx_bytes:0
4.7.0-unsafe:cpu_3:2.91333333333333
4.7.0-unsafe:TOTAL_l2mpi:0.0566666666666667
4.7.0-unsafe:enp4s0f1_rx_packets:0
4.7.0-unsafe:Total_tx_bytes:9568868086.66667
4.7.0-unsafe:Total_tx_packets_phy:1553376.66666667
4.7.0-unsafe:cycles:121028385997.667
4.7.0-unsafe:enp4s0f0_tx_packets_phy:0
4.7.0-unsafe:enp4s0f1_tx_bytes_phy:0
4.7.0-unsafe:Total_tx_packets:446568
4.7.0-unsafe:SKT1_l3mpi:0.01
4.7.0-unsafe:enp4s0f0_rx_packets_phy:0
4.7.0-unsafe:enp130s0f1_tx_packets_phy:655738.666666667
4.7.0-unsafe:enp130s0f0_tx_packets_phy:897638
4.7.0-unsafe:TOTAL_l3hit:0.186666666666667
4.7.0-unsafe:cache-references:5101353582.33333
4.7.0-unsafe:cpu_0:62.1333333333333
4.7.0-unsafe:enp130s0f1_rx_packets_phy:659800.333333333
4.7.0-unsafe:enp4s0f1_rx_bytes_phy:0
4.7.0-unsafe:enp130s0f0_rx_packets_phy:835753
4.7.0-unsafe:cpu_24:66.99
4.7.0-unsafe:LLC-store-misses:141578161.666667
4.7.0-unsafe:Memory:56300.8233333333
4.7.0-unsafe:Total_rx_packets_phy:1495553.33333333
4.7.0-unsafe:enp4s0f0_rx_bytes_phy:0
4.7.0-unsafe:cpu_23:6.14666666666667
